#
# There is insufficient memory for the Java Runtime Environment to continue.
# Native memory allocation (malloc) failed to allocate 131088 bytes for Chunk::new
# Possible reasons:
#   The system is out of physical RAM or swap space
#   The process is running with CompressedOops enabled, and the Java Heap may be blocking the growth of the native heap
# Possible solutions:
#   Reduce memory load on the system
#   Increase physical memory or swap space
#   Check if swap backing store is full
#   Decrease Java heap size (-Xmx/-Xms)
#   Decrease number of Java threads
#   Decrease Java thread stack sizes (-Xss)
#   Set larger code cache with -XX:ReservedCodeCacheSize=
#   JVM is running with Unscaled Compressed Oops mode in which the Java heap is
#     placed in the first 4GB address space. The Java Heap base address is the
#     maximum limit for the native heap growth. Please use -XX:HeapBaseMinAddress
#     to set the Java Heap base and to place the Java Heap above 4GB virtual address.
# This output file may be truncated or incomplete.
#
#  Out of Memory Error (./src/hotspot/share/memory/arena.cpp:197), pid=45164, tid=23096
#
# JRE version: OpenJDK Runtime Environment (11.0.8+10) (build 11.0.8+10-b944.6842174)
# Java VM: OpenJDK 64-Bit Server VM (11.0.8+10-b944.6842174, mixed mode, tiered, compressed oops, g1 gc, windows-amd64)
# No core dump will be written. Minidumps are not enabled by default on client versions of Windows
#

---------------  S U M M A R Y ------------

Command Line: --add-opens=java.base/java.util=ALL-UNNAMED --add-opens=java.base/java.lang=ALL-UNNAMED --add-opens=java.base/java.lang.invoke=ALL-UNNAMED --add-opens=java.base/java.util=ALL-UNNAMED --add-opens=java.prefs/java.util.prefs=ALL-UNNAMED --add-opens=java.prefs/java.util.prefs=ALL-UNNAMED --add-opens=java.base/java.nio.charset=ALL-UNNAMED --add-opens=java.base/java.net=ALL-UNNAMED --add-opens=java.base/java.util.concurrent.atomic=ALL-UNNAMED -Xmx2048m -Dfile.encoding=UTF-8 -Duser.country=IN -Duser.language=en -Duser.variant org.gradle.launcher.daemon.bootstrap.GradleDaemon 7.0.2

Host: Intel(R) Core(TM) i5-9300H CPU @ 2.40GHz, 8 cores, 7G,  Windows 10 , 64 bit Build 19041 (10.0.19041.1151)
Time: Tue Aug 31 16:46:40 2021 India Standard Time elapsed time: 19 seconds (0d 0h 0m 19s)

---------------  T H R E A D  ---------------

Current thread (0x0000020e527f4800):  JavaThread "C2 CompilerThread0" daemon [_thread_in_native, id=23096, stack(0x00000022c9000000,0x00000022c9100000)]


Current CompileTask:
C2:  19481 10104       4       jdk.internal.org.objectweb.asm.Frame::execute (2264 bytes)

Stack: [0x00000022c9000000,0x00000022c9100000]
Native frames: (J=compiled Java code, j=interpreted, Vv=VM code, C=native code)
V  [jvm.dll+0x5de50a]
V  [jvm.dll+0x7122f5]
V  [jvm.dll+0x71384d]
V  [jvm.dll+0x713f03]
V  [jvm.dll+0x23e728]
V  [jvm.dll+0xb899c]
V  [jvm.dll+0xb8e9c]
V  [jvm.dll+0xb8a98]
V  [jvm.dll+0x5be3b0]
V  [jvm.dll+0x1fde0e]
V  [jvm.dll+0x608ff4]
V  [jvm.dll+0x1f6794]
V  [jvm.dll+0x17f32c]
V  [jvm.dll+0x205047]
V  [jvm.dll+0x203891]
V  [jvm.dll+0x6dad3f]
V  [jvm.dll+0x6d3895]
V  [jvm.dll+0x5dd4a6]
C  [ucrtbase.dll+0x21bb2]
C  [KERNEL32.DLL+0x17034]
C  [ntdll.dll+0x52651]


---------------  P R O C E S S  ---------------

Threads class SMR info:
_java_thread_list=0x0000020e52f86340, length=64, elements={
0x0000020e37c5d800, 0x0000020e51f92000, 0x0000020e51f88000, 0x0000020e51f93800,
0x0000020e527f3800, 0x0000020e527f4800, 0x0000020e527f8800, 0x0000020e527fd000,
0x0000020e5296e800, 0x0000020e52981000, 0x0000020e53f57000, 0x0000020e542c2000,
0x0000020e52a6a000, 0x0000020e52d01800, 0x0000020e54c26800, 0x0000020e54a11000,
0x0000020e54a5f800, 0x0000020e54202800, 0x0000020e54caa000, 0x0000020e55ca5000,
0x0000020e5370f000, 0x0000020e53710000, 0x0000020e53710800, 0x0000020e53711800,
0x0000020e53712000, 0x0000020e53713000, 0x0000020e5370d800, 0x0000020e53714000,
0x0000020e5370e000, 0x0000020e54429800, 0x0000020e5442c000, 0x0000020e54428000,
0x0000020e5442a800, 0x0000020e5442d800, 0x0000020e54431000, 0x0000020e54430000,
0x0000020e54434000, 0x0000020e54431800, 0x0000020e54433800, 0x0000020e5442e800,
0x0000020e54432800, 0x0000020e5442f800, 0x0000020e54435000, 0x0000020e54436000,
0x0000020e5587b000, 0x0000020e55878800, 0x0000020e5587b800, 0x0000020e5587c800,
0x0000020e55879000, 0x0000020e5587e000, 0x0000020e55882000, 0x0000020e55880800,
0x0000020e55883000, 0x0000020e5587d000, 0x0000020e55884800, 0x0000020e55883800,
0x0000020e5587f000, 0x0000020e55885800, 0x0000020e5587f800, 0x0000020e55886000,
0x0000020e55887000, 0x0000020e57e7b800, 0x0000020e57e79800, 0x0000020e57e7c000
}

Java Threads: ( => current thread )
  0x0000020e37c5d800 JavaThread "main" [_thread_blocked, id=26928, stack(0x00000022c8500000,0x00000022c8600000)]
  0x0000020e51f92000 JavaThread "Reference Handler" daemon [_thread_blocked, id=28028, stack(0x00000022c8c00000,0x00000022c8d00000)]
  0x0000020e51f88000 JavaThread "Finalizer" daemon [_thread_blocked, id=29452, stack(0x00000022c8d00000,0x00000022c8e00000)]
  0x0000020e51f93800 JavaThread "Signal Dispatcher" daemon [_thread_blocked, id=17196, stack(0x00000022c8e00000,0x00000022c8f00000)]
  0x0000020e527f3800 JavaThread "Attach Listener" daemon [_thread_blocked, id=31400, stack(0x00000022c8f00000,0x00000022c9000000)]
=>0x0000020e527f4800 JavaThread "C2 CompilerThread0" daemon [_thread_in_native, id=23096, stack(0x00000022c9000000,0x00000022c9100000)]
  0x0000020e527f8800 JavaThread "C1 CompilerThread0" daemon [_thread_blocked, id=32288, stack(0x00000022c9100000,0x00000022c9200000)]
  0x0000020e527fd000 JavaThread "Sweeper thread" daemon [_thread_blocked, id=40784, stack(0x00000022c9200000,0x00000022c9300000)]
  0x0000020e5296e800 JavaThread "Common-Cleaner" daemon [_thread_blocked, id=41280, stack(0x00000022c9300000,0x00000022c9400000)]
  0x0000020e52981000 JavaThread "Service Thread" daemon [_thread_blocked, id=50424, stack(0x00000022c9400000,0x00000022c9500000)]
  0x0000020e53f57000 JavaThread "Daemon health stats" [_thread_blocked, id=29392, stack(0x00000022c9a00000,0x00000022c9b00000)]
  0x0000020e542c2000 JavaThread "Incoming local TCP Connector on port 56973" [_thread_in_native, id=36236, stack(0x00000022c9600000,0x00000022c9700000)]
  0x0000020e52a6a000 JavaThread "Daemon periodic checks" [_thread_blocked, id=43596, stack(0x00000022c9700000,0x00000022c9800000)]
  0x0000020e52d01800 JavaThread "Daemon" [_thread_blocked, id=35012, stack(0x00000022c9b00000,0x00000022c9c00000)]
  0x0000020e54c26800 JavaThread "Handler for socket connection from /127.0.0.1:56973 to /127.0.0.1:56974" [_thread_in_native, id=49896, stack(0x00000022c9c00000,0x00000022c9d00000)]
  0x0000020e54a11000 JavaThread "Cancel handler" [_thread_blocked, id=40980, stack(0x00000022c9d00000,0x00000022c9e00000)]
  0x0000020e54a5f800 JavaThread "Daemon worker" [_thread_blocked, id=24824, stack(0x00000022c9e00000,0x00000022c9f00000)]
  0x0000020e54202800 JavaThread "Asynchronous log dispatcher for DefaultDaemonConnection: socket connection from /127.0.0.1:56973 to /127.0.0.1:56974" [_thread_blocked, id=40792, stack(0x00000022c9f00000,0x00000022ca000000)]
  0x0000020e54caa000 JavaThread "Stdin handler" [_thread_blocked, id=48012, stack(0x00000022ca000000,0x00000022ca100000)]
  0x0000020e55ca5000 JavaThread "Daemon client event forwarder" [_thread_blocked, id=48328, stack(0x00000022ca100000,0x00000022ca200000)]
  0x0000020e5370f000 JavaThread "Cache worker for file hash cache (C:\Users\Dark Knight\.gradle\caches\7.0.2\fileHashes)" [_thread_blocked, id=28192, stack(0x00000022ca700000,0x00000022ca800000)]
  0x0000020e53710000 JavaThread "File lock request listener" [_thread_in_native, id=48072, stack(0x00000022ca800000,0x00000022ca900000)]
  0x0000020e53710800 JavaThread "Cache worker for journal cache (C:\Users\Dark Knight\.gradle\caches\journal-1)" [_thread_blocked, id=40048, stack(0x00000022caa00000,0x00000022cab00000)]
  0x0000020e53711800 JavaThread "Cache worker for file hash cache (C:\Android Projects\Udemy TUTORIAL\7MinuteWorkout2\.gradle\7.0.2\fileHashes)" [_thread_blocked, id=47016, stack(0x00000022cad00000,0x00000022cae00000)]
  0x0000020e53712000 JavaThread "File watcher server" daemon [_thread_in_native, id=11724, stack(0x00000022cae00000,0x00000022caf00000)]
  0x0000020e53713000 JavaThread "File watcher consumer" daemon [_thread_blocked, id=47948, stack(0x00000022caf00000,0x00000022cb000000)]
  0x0000020e5370d800 JavaThread "Cache worker for checksums cache (C:\Android Projects\Udemy TUTORIAL\7MinuteWorkout2\.gradle\checksums)" [_thread_blocked, id=42444, stack(0x00000022cb000000,0x00000022cb100000)]
  0x0000020e53714000 JavaThread "Cache worker for cache directory md-supplier (C:\Users\Dark Knight\.gradle\caches\7.0.2\md-supplier)" [_thread_blocked, id=45692, stack(0x00000022cb100000,0x00000022cb200000)]
  0x0000020e5370e000 JavaThread "Cache worker for cache directory md-rule (C:\Users\Dark Knight\.gradle\caches\7.0.2\md-rule)" [_thread_blocked, id=24244, stack(0x00000022cb200000,0x00000022cb300000)]
  0x0000020e54429800 JavaThread "Cache worker for execution history cache (C:\Users\Dark Knight\.gradle\caches\7.0.2\executionHistory)" [_thread_blocked, id=3724, stack(0x00000022cb300000,0x00000022cb400000)]
  0x0000020e5442c000 JavaThread "jar transforms" [_thread_blocked, id=2592, stack(0x00000022cb400000,0x00000022cb500000)]
  0x0000020e54428000 JavaThread "jar transforms Thread 2" [_thread_blocked, id=10752, stack(0x00000022cb500000,0x00000022cb600000)]
  0x0000020e5442a800 JavaThread "Cache worker for file content cache (C:\Users\Dark Knight\.gradle\caches\7.0.2\fileContent)" [_thread_blocked, id=25592, stack(0x00000022cb600000,0x00000022cb700000)]
  0x0000020e5442d800 JavaThread "Cache worker for dependencies-accessors (C:\Android Projects\Udemy TUTORIAL\7MinuteWorkout2\.gradle\7.0.2\dependencies-accessors)" [_thread_blocked, id=20452, stack(0x00000022cb700000,0x00000022cb800000)]
  0x0000020e54431000 JavaThread "jar transforms Thread 3" [_thread_blocked, id=43628, stack(0x00000022cb800000,0x00000022cb900000)]
  0x0000020e54430000 JavaThread "Cache worker for Build Output Cleanup Cache (C:\Android Projects\Udemy TUTORIAL\7MinuteWorkout2\.gradle\buildOutputCleanup)" [_thread_blocked, id=50796, stack(0x00000022cb900000,0x00000022cba00000)]
  0x0000020e54434000 JavaThread "Build operations" [_thread_blocked, id=35816, stack(0x00000022cba00000,0x00000022cbb00000)]
  0x0000020e54431800 JavaThread "Build operations Thread 2" [_thread_blocked, id=49140, stack(0x00000022cbb00000,0x00000022cbc00000)]
  0x0000020e54433800 JavaThread "Build operations Thread 3" [_thread_blocked, id=50268, stack(0x00000022cbc00000,0x00000022cbd00000)]
  0x0000020e5442e800 JavaThread "Build operations Thread 4" [_thread_blocked, id=46832, stack(0x00000022cbd00000,0x00000022cbe00000)]
  0x0000020e54432800 JavaThread "Build operations Thread 5" [_thread_blocked, id=49012, stack(0x00000022cbe00000,0x00000022cbf00000)]
  0x0000020e5442f800 JavaThread "Build operations Thread 6" [_thread_blocked, id=20508, stack(0x00000022cbf00000,0x00000022cc000000)]
  0x0000020e54435000 JavaThread "Build operations Thread 7" [_thread_blocked, id=50588, stack(0x00000022cc000000,0x00000022cc100000)]
  0x0000020e54436000 JavaThread "Build operations Thread 8" [_thread_blocked, id=49212, stack(0x00000022cc100000,0x00000022cc200000)]
  0x0000020e5587b000 JavaThread "jar transforms Thread 4" [_thread_blocked, id=45656, stack(0x00000022cc200000,0x00000022cc300000)]
  0x0000020e55878800 JavaThread "jar transforms Thread 5" [_thread_blocked, id=43176, stack(0x00000022cc300000,0x00000022cc400000)]
  0x0000020e5587b800 JavaThread "jar transforms Thread 6" [_thread_blocked, id=40364, stack(0x00000022cc400000,0x00000022cc500000)]
  0x0000020e5587c800 JavaThread "jar transforms Thread 7" [_thread_blocked, id=30696, stack(0x00000022cc500000,0x00000022cc600000)]
  0x0000020e55879000 JavaThread "jar transforms Thread 8" [_thread_blocked, id=32372, stack(0x00000022cc600000,0x00000022cc700000)]
  0x0000020e5587e000 JavaThread "Memory manager" [_thread_blocked, id=45128, stack(0x00000022cc700000,0x00000022cc800000)]
  0x0000020e55882000 JavaThread "build event listener" [_thread_blocked, id=39568, stack(0x00000022cc800000,0x00000022cc900000)]
  0x0000020e55880800 JavaThread "pool-3-thread-1" [_thread_blocked, id=27108, stack(0x00000022cc900000,0x00000022cca00000)]
  0x0000020e55883000 JavaThread "build event listener" [_thread_blocked, id=46408, stack(0x00000022cca00000,0x00000022ccb00000)]
  0x0000020e5587d000 JavaThread "Execution worker for ':'" [_thread_blocked, id=47024, stack(0x00000022ccb00000,0x00000022ccc00000)]
  0x0000020e55884800 JavaThread "Execution worker for ':' Thread 2" [_thread_blocked, id=44592, stack(0x00000022ccc00000,0x00000022ccd00000)]
  0x0000020e55883800 JavaThread "Execution worker for ':' Thread 3" [_thread_blocked, id=39772, stack(0x00000022ccd00000,0x00000022cce00000)]
  0x0000020e5587f000 JavaThread "Execution worker for ':' Thread 4" [_thread_blocked, id=37236, stack(0x00000022cce00000,0x00000022ccf00000)]
  0x0000020e55885800 JavaThread "Execution worker for ':' Thread 5" [_thread_blocked, id=13932, stack(0x00000022ccf00000,0x00000022cd000000)]
  0x0000020e5587f800 JavaThread "Execution worker for ':' Thread 6" [_thread_blocked, id=49368, stack(0x00000022cd000000,0x00000022cd100000)]
  0x0000020e55886000 JavaThread "Execution worker for ':' Thread 7" [_thread_blocked, id=47132, stack(0x00000022cd100000,0x00000022cd200000)]
  0x0000020e55887000 JavaThread "Cache worker for execution history cache (C:\Android Projects\Udemy TUTORIAL\7MinuteWorkout2\.gradle\7.0.2\executionHistory)" [_thread_blocked, id=43768, stack(0x00000022cd200000,0x00000022cd300000)]
  0x0000020e57e7b800 JavaThread "RMI Scheduler(0)" daemon [_thread_blocked, id=42688, stack(0x00000022cab00000,0x00000022cac00000)]
  0x0000020e57e79800 JavaThread "RMI RenewClean-[127.0.0.1:17533,org.jetbrains.kotlin.daemon.common.LoopbackNetworkInterface$ClientLoopbackSocketFactory@57323f47]" daemon [_thread_blocked, id=29680, stack(0x00000022cac00000,0x00000022cad00000)]
  0x0000020e57e7c000 JavaThread "RMI GC Daemon" daemon [_thread_blocked, id=48588, stack(0x00000022cd300000,0x00000022cd400000)]

Other Threads:
  0x0000020e527a7000 VMThread "VM Thread" [stack: 0x00000022c8b00000,0x00000022c8c00000] [id=9548]
  0x0000020e52982000 WatcherThread [stack: 0x00000022c9500000,0x00000022c9600000] [id=46292]
  0x0000020e37c75000 GCTaskThread "GC Thread#0" [stack: 0x00000022c8600000,0x00000022c8700000] [id=45312]
  0x0000020e53608800 GCTaskThread "GC Thread#1" [stack: 0x00000022c9800000,0x00000022c9900000] [id=36140]
  0x0000020e53a6a800 GCTaskThread "GC Thread#2" [stack: 0x00000022c9900000,0x00000022c9a00000] [id=36148]
  0x0000020e55cdd000 GCTaskThread "GC Thread#3" [stack: 0x00000022ca200000,0x00000022ca300000] [id=44900]
  0x0000020e54384800 GCTaskThread "GC Thread#4" [stack: 0x00000022ca300000,0x00000022ca400000] [id=25636]
  0x0000020e53c13000 GCTaskThread "GC Thread#5" [stack: 0x00000022ca400000,0x00000022ca500000] [id=24588]
  0x0000020e53b7a000 GCTaskThread "GC Thread#6" [stack: 0x00000022ca500000,0x00000022ca600000] [id=40932]
  0x0000020e5491b800 GCTaskThread "GC Thread#7" [stack: 0x00000022ca600000,0x00000022ca700000] [id=43408]
  0x0000020e37ca8800 ConcurrentGCThread "G1 Main Marker" [stack: 0x00000022c8700000,0x00000022c8800000] [id=22596]
  0x0000020e37ca9800 ConcurrentGCThread "G1 Conc#0" [stack: 0x00000022c8800000,0x00000022c8900000] [id=30104]
  0x0000020e52e78800 ConcurrentGCThread "G1 Conc#1" [stack: 0x00000022ca900000,0x00000022caa00000] [id=50444]
  0x0000020e37d3e000 ConcurrentGCThread "G1 Refine#0" [stack: 0x00000022c8900000,0x00000022c8a00000] [id=50508]
  0x0000020e51dd7800 ConcurrentGCThread "G1 Young RemSet Sampling" [stack: 0x00000022c8a00000,0x00000022c8b00000] [id=29672]

Threads with active compile tasks:
C2 CompilerThread0  19530 10104       4       jdk.internal.org.objectweb.asm.Frame::execute (2264 bytes)

VM state:not at safepoint (normal execution)

VM Mutex/Monitor currently owned by a thread: None

Heap address: 0x0000000080000000, size: 2048 MB, Compressed Oops mode: 32-bit
Narrow klass base: 0x0000000000000000, Narrow klass shift: 3
Compressed class space size: 1073741824 Address: 0x0000000100000000

Heap:
 garbage-first heap   total 157696K, used 77902K [0x0000000080000000, 0x0000000100000000)
  region size 1024K, 7 young (7168K), 6 survivors (6144K)
 Metaspace       used 91041K, capacity 93444K, committed 93696K, reserved 1138688K
  class space    used 11840K, capacity 12757K, committed 12800K, reserved 1048576K
Heap Regions: E=young(eden), S=young(survivor), O=old, HS=humongous(starts), HC=humongous(continues), CS=collection set, F=free, A=archive, TAMS=top-at-mark-start (previous, next)
|   0|0x0000000080000000, 0x0000000080100000, 0x0000000080100000|100%| O|  |TAMS 0x0000000080100000, 0x0000000080100000| Untracked 
|   1|0x0000000080100000, 0x0000000080200000, 0x0000000080200000|100%| O|  |TAMS 0x0000000080200000, 0x0000000080200000| Untracked 
|   2|0x0000000080200000, 0x0000000080300000, 0x0000000080300000|100%| O|  |TAMS 0x0000000080300000, 0x0000000080300000| Untracked 
|   3|0x0000000080300000, 0x0000000080400000, 0x0000000080400000|100%|HS|  |TAMS 0x0000000080400000, 0x0000000080400000| Complete 
|   4|0x0000000080400000, 0x0000000080500000, 0x0000000080500000|100%|HC|  |TAMS 0x0000000080500000, 0x0000000080500000| Complete 
|   5|0x0000000080500000, 0x0000000080600000, 0x0000000080600000|100%|HC|  |TAMS 0x0000000080600000, 0x0000000080600000| Complete 
|   6|0x0000000080600000, 0x0000000080700000, 0x0000000080700000|100%| O|  |TAMS 0x0000000080700000, 0x0000000080700000| Untracked 
|   7|0x0000000080700000, 0x0000000080800000, 0x0000000080800000|100%| O|  |TAMS 0x0000000080800000, 0x0000000080800000| Untracked 
|   8|0x0000000080800000, 0x0000000080900000, 0x0000000080900000|100%| O|  |TAMS 0x0000000080900000, 0x0000000080900000| Untracked 
|   9|0x0000000080900000, 0x0000000080a00000, 0x0000000080a00000|100%| O|  |TAMS 0x0000000080a00000, 0x0000000080a00000| Untracked 
|  10|0x0000000080a00000, 0x0000000080b00000, 0x0000000080b00000|100%| O|  |TAMS 0x0000000080b00000, 0x0000000080b00000| Untracked 
|  11|0x0000000080b00000, 0x0000000080c00000, 0x0000000080c00000|100%| O|  |TAMS 0x0000000080c00000, 0x0000000080c00000| Untracked 
|  12|0x0000000080c00000, 0x0000000080d00000, 0x0000000080d00000|100%| O|  |TAMS 0x0000000080d00000, 0x0000000080d00000| Untracked 
|  13|0x0000000080d00000, 0x0000000080e00000, 0x0000000080e00000|100%| O|  |TAMS 0x0000000080e00000, 0x0000000080e00000| Untracked 
|  14|0x0000000080e00000, 0x0000000080f00000, 0x0000000080f00000|100%| O|  |TAMS 0x0000000080f00000, 0x0000000080f00000| Untracked 
|  15|0x0000000080f00000, 0x0000000081000000, 0x0000000081000000|100%| O|  |TAMS 0x0000000081000000, 0x0000000081000000| Untracked 
|  16|0x0000000081000000, 0x0000000081100000, 0x0000000081100000|100%| O|  |TAMS 0x0000000081100000, 0x0000000081100000| Untracked 
|  17|0x0000000081100000, 0x0000000081200000, 0x0000000081200000|100%| O|  |TAMS 0x0000000081200000, 0x0000000081200000| Untracked 
|  18|0x0000000081200000, 0x0000000081300000, 0x0000000081300000|100%| O|  |TAMS 0x0000000081300000, 0x0000000081300000| Untracked 
|  19|0x0000000081300000, 0x0000000081400000, 0x0000000081400000|100%| O|  |TAMS 0x0000000081400000, 0x0000000081400000| Untracked 
|  20|0x0000000081400000, 0x0000000081500000, 0x0000000081500000|100%| O|  |TAMS 0x0000000081500000, 0x0000000081500000| Untracked 
|  21|0x0000000081500000, 0x0000000081600000, 0x0000000081600000|100%| O|  |TAMS 0x0000000081600000, 0x0000000081600000| Untracked 
|  22|0x0000000081600000, 0x0000000081700000, 0x0000000081700000|100%| O|  |TAMS 0x0000000081700000, 0x0000000081700000| Untracked 
|  23|0x0000000081700000, 0x0000000081800000, 0x0000000081800000|100%| O|  |TAMS 0x0000000081800000, 0x0000000081800000| Untracked 
|  24|0x0000000081800000, 0x0000000081900000, 0x0000000081900000|100%| O|  |TAMS 0x0000000081900000, 0x0000000081900000| Untracked 
|  25|0x0000000081900000, 0x0000000081a00000, 0x0000000081a00000|100%|HS|  |TAMS 0x0000000081a00000, 0x0000000081a00000| Complete 
|  26|0x0000000081a00000, 0x0000000081b00000, 0x0000000081b00000|100%|HS|  |TAMS 0x0000000081b00000, 0x0000000081b00000| Complete 
|  27|0x0000000081b00000, 0x0000000081c00000, 0x0000000081c00000|100%|HS|  |TAMS 0x0000000081c00000, 0x0000000081c00000| Complete 
|  28|0x0000000081c00000, 0x0000000081d00000, 0x0000000081d00000|100%|HC|  |TAMS 0x0000000081d00000, 0x0000000081d00000| Complete 
|  29|0x0000000081d00000, 0x0000000081e00000, 0x0000000081e00000|100%|HC|  |TAMS 0x0000000081e00000, 0x0000000081e00000| Complete 
|  30|0x0000000081e00000, 0x0000000081f00000, 0x0000000081f00000|100%|HS|  |TAMS 0x0000000081f00000, 0x0000000081f00000| Complete 
|  31|0x0000000081f00000, 0x0000000082000000, 0x0000000082000000|100%|HC|  |TAMS 0x0000000082000000, 0x0000000082000000| Complete 
|  32|0x0000000082000000, 0x0000000082100000, 0x0000000082100000|100%| O|  |TAMS 0x0000000082100000, 0x0000000082100000| Untracked 
|  33|0x0000000082100000, 0x0000000082200000, 0x0000000082200000|100%| O|  |TAMS 0x0000000082200000, 0x0000000082200000| Untracked 
|  34|0x0000000082200000, 0x0000000082300000, 0x0000000082300000|100%| O|  |TAMS 0x0000000082300000, 0x0000000082300000| Untracked 
|  35|0x0000000082300000, 0x0000000082400000, 0x0000000082400000|100%| O|  |TAMS 0x0000000082400000, 0x0000000082400000| Untracked 
|  36|0x0000000082400000, 0x0000000082500000, 0x0000000082500000|100%| O|  |TAMS 0x0000000082500000, 0x0000000082500000| Untracked 
|  37|0x0000000082500000, 0x0000000082600000, 0x0000000082600000|100%| O|  |TAMS 0x0000000082600000, 0x0000000082600000| Untracked 
|  38|0x0000000082600000, 0x0000000082700000, 0x0000000082700000|100%| O|  |TAMS 0x0000000082700000, 0x0000000082700000| Untracked 
|  39|0x0000000082700000, 0x0000000082800000, 0x0000000082800000|100%| O|  |TAMS 0x0000000082800000, 0x0000000082800000| Untracked 
|  40|0x0000000082800000, 0x0000000082900000, 0x0000000082900000|100%| O|  |TAMS 0x0000000082900000, 0x0000000082900000| Untracked 
|  41|0x0000000082900000, 0x0000000082a00000, 0x0000000082a00000|100%| O|  |TAMS 0x0000000082a00000, 0x0000000082a00000| Untracked 
|  42|0x0000000082a00000, 0x0000000082b00000, 0x0000000082b00000|100%| O|  |TAMS 0x0000000082b00000, 0x0000000082b00000| Untracked 
|  43|0x0000000082b00000, 0x0000000082c00000, 0x0000000082c00000|100%| O|  |TAMS 0x0000000082c00000, 0x0000000082c00000| Untracked 
|  44|0x0000000082c00000, 0x0000000082d00000, 0x0000000082d00000|100%| O|  |TAMS 0x0000000082d00000, 0x0000000082d00000| Untracked 
|  45|0x0000000082d00000, 0x0000000082e00000, 0x0000000082e00000|100%| O|  |TAMS 0x0000000082dd3e00, 0x0000000082e00000| Untracked 
|  46|0x0000000082e00000, 0x0000000082f00000, 0x0000000082f00000|100%| O|  |TAMS 0x0000000082e00000, 0x0000000082f00000| Untracked 
|  47|0x0000000082f00000, 0x0000000083000000, 0x0000000083000000|100%| O|  |TAMS 0x0000000082f00000, 0x0000000083000000| Untracked 
|  48|0x0000000083000000, 0x0000000083100000, 0x0000000083100000|100%| O|  |TAMS 0x0000000083000000, 0x0000000083100000| Untracked 
|  49|0x0000000083100000, 0x0000000083200000, 0x0000000083200000|100%| O|  |TAMS 0x0000000083100000, 0x0000000083200000| Untracked 
|  50|0x0000000083200000, 0x0000000083300000, 0x0000000083300000|100%| O|  |TAMS 0x0000000083200000, 0x0000000083300000| Untracked 
|  51|0x0000000083300000, 0x0000000083400000, 0x0000000083400000|100%| O|  |TAMS 0x0000000083300000, 0x0000000083400000| Untracked 
|  52|0x0000000083400000, 0x0000000083500000, 0x0000000083500000|100%| O|  |TAMS 0x0000000083400000, 0x0000000083500000| Untracked 
|  53|0x0000000083500000, 0x0000000083600000, 0x0000000083600000|100%| O|  |TAMS 0x0000000083500000, 0x0000000083600000| Untracked 
|  54|0x0000000083600000, 0x0000000083700000, 0x0000000083700000|100%| O|  |TAMS 0x0000000083600000, 0x0000000083700000| Untracked 
|  55|0x0000000083700000, 0x0000000083800000, 0x0000000083800000|100%| O|  |TAMS 0x0000000083700000, 0x0000000083800000| Untracked 
|  56|0x0000000083800000, 0x0000000083900000, 0x0000000083900000|100%| O|  |TAMS 0x0000000083800000, 0x0000000083900000| Untracked 
|  57|0x0000000083900000, 0x0000000083a00000, 0x0000000083a00000|100%| O|  |TAMS 0x0000000083900000, 0x0000000083a00000| Untracked 
|  58|0x0000000083a00000, 0x0000000083b00000, 0x0000000083b00000|100%| O|  |TAMS 0x0000000083a00000, 0x0000000083b00000| Untracked 
|  59|0x0000000083b00000, 0x0000000083c00000, 0x0000000083c00000|100%| O|  |TAMS 0x0000000083b00000, 0x0000000083c00000| Untracked 
|  60|0x0000000083c00000, 0x0000000083d00000, 0x0000000083d00000|100%| O|  |TAMS 0x0000000083c00000, 0x0000000083d00000| Untracked 
|  61|0x0000000083d00000, 0x0000000083e00000, 0x0000000083e00000|100%| O|  |TAMS 0x0000000083d00000, 0x0000000083e00000| Untracked 
|  62|0x0000000083e00000, 0x0000000083f00000, 0x0000000083f00000|100%| O|  |TAMS 0x0000000083e00000, 0x0000000083f00000| Untracked 
|  63|0x0000000083f00000, 0x0000000084000000, 0x0000000084000000|100%| O|  |TAMS 0x0000000083f00000, 0x0000000084000000| Untracked 
|  64|0x0000000084000000, 0x0000000084100000, 0x0000000084100000|100%| O|  |TAMS 0x0000000084000000, 0x0000000084100000| Untracked 
|  65|0x0000000084100000, 0x0000000084200000, 0x0000000084200000|100%| O|  |TAMS 0x0000000084100000, 0x0000000084200000| Untracked 
|  66|0x0000000084200000, 0x0000000084300000, 0x0000000084300000|100%| O|  |TAMS 0x0000000084200000, 0x0000000084300000| Untracked 
|  67|0x0000000084300000, 0x0000000084400000, 0x0000000084400000|100%| O|  |TAMS 0x0000000084300000, 0x0000000084400000| Untracked 
|  68|0x0000000084400000, 0x0000000084500000, 0x0000000084500000|100%| O|  |TAMS 0x0000000084400000, 0x0000000084500000| Untracked 
|  69|0x0000000084500000, 0x0000000084600000, 0x0000000084600000|100%| O|  |TAMS 0x0000000084500000, 0x0000000084600000| Untracked 
|  70|0x0000000084600000, 0x00000000846cb200, 0x0000000084700000| 79%| O|  |TAMS 0x0000000084600000, 0x00000000846cb200| Untracked 
|  71|0x0000000084700000, 0x0000000084700000, 0x0000000084800000|  0%| F|  |TAMS 0x0000000084700000, 0x0000000084700000| Untracked 
|  72|0x0000000084800000, 0x0000000084800000, 0x0000000084900000|  0%| F|  |TAMS 0x0000000084800000, 0x0000000084800000| Untracked 
|  73|0x0000000084900000, 0x0000000084900000, 0x0000000084a00000|  0%| F|  |TAMS 0x0000000084900000, 0x0000000084900000| Untracked 
|  74|0x0000000084a00000, 0x0000000084a00000, 0x0000000084b00000|  0%| F|  |TAMS 0x0000000084a00000, 0x0000000084a00000| Untracked 
|  75|0x0000000084b00000, 0x0000000084b00000, 0x0000000084c00000|  0%| F|  |TAMS 0x0000000084b00000, 0x0000000084b00000| Untracked 
|  76|0x0000000084c00000, 0x0000000084c00000, 0x0000000084d00000|  0%| F|  |TAMS 0x0000000084c00000, 0x0000000084c00000| Untracked 
|  77|0x0000000084d00000, 0x0000000084d00000, 0x0000000084e00000|  0%| F|  |TAMS 0x0000000084d00000, 0x0000000084d00000| Untracked 
|  78|0x0000000084e00000, 0x0000000084e00000, 0x0000000084f00000|  0%| F|  |TAMS 0x0000000084e00000, 0x0000000084e00000| Untracked 
|  79|0x0000000084f00000, 0x0000000084f00000, 0x0000000085000000|  0%| F|  |TAMS 0x0000000084f00000, 0x0000000084f00000| Untracked 
|  80|0x0000000085000000, 0x0000000085000000, 0x0000000085100000|  0%| F|  |TAMS 0x0000000085000000, 0x0000000085000000| Untracked 
|  81|0x0000000085100000, 0x0000000085100000, 0x0000000085200000|  0%| F|  |TAMS 0x0000000085100000, 0x0000000085100000| Untracked 
|  82|0x0000000085200000, 0x0000000085200000, 0x0000000085300000|  0%| F|  |TAMS 0x0000000085200000, 0x0000000085200000| Untracked 
|  83|0x0000000085300000, 0x0000000085300000, 0x0000000085400000|  0%| F|  |TAMS 0x0000000085300000, 0x0000000085300000| Untracked 
|  84|0x0000000085400000, 0x0000000085400000, 0x0000000085500000|  0%| F|  |TAMS 0x0000000085400000, 0x0000000085400000| Untracked 
|  85|0x0000000085500000, 0x0000000085500000, 0x0000000085600000|  0%| F|  |TAMS 0x0000000085500000, 0x0000000085500000| Untracked 
|  86|0x0000000085600000, 0x0000000085600000, 0x0000000085700000|  0%| F|  |TAMS 0x0000000085600000, 0x0000000085600000| Untracked 
|  87|0x0000000085700000, 0x0000000085700000, 0x0000000085800000|  0%| F|  |TAMS 0x0000000085700000, 0x0000000085700000| Untracked 
|  88|0x0000000085800000, 0x0000000085800000, 0x0000000085900000|  0%| F|  |TAMS 0x0000000085800000, 0x0000000085800000| Untracked 
|  89|0x0000000085900000, 0x0000000085900000, 0x0000000085a00000|  0%| F|  |TAMS 0x0000000085900000, 0x0000000085900000| Untracked 
|  90|0x0000000085a00000, 0x0000000085a00000, 0x0000000085b00000|  0%| F|  |TAMS 0x0000000085a00000, 0x0000000085a00000| Untracked 
|  91|0x0000000085b00000, 0x0000000085b00000, 0x0000000085c00000|  0%| F|  |TAMS 0x0000000085b00000, 0x0000000085b00000| Untracked 
|  92|0x0000000085c00000, 0x0000000085c00000, 0x0000000085d00000|  0%| F|  |TAMS 0x0000000085c00000, 0x0000000085c00000| Untracked 
|  93|0x0000000085d00000, 0x0000000085d00000, 0x0000000085e00000|  0%| F|  |TAMS 0x0000000085d00000, 0x0000000085d00000| Untracked 
|  94|0x0000000085e00000, 0x0000000085e00000, 0x0000000085f00000|  0%| F|  |TAMS 0x0000000085e00000, 0x0000000085e00000| Untracked 
|  95|0x0000000085f00000, 0x0000000085f00000, 0x0000000086000000|  0%| F|  |TAMS 0x0000000085f00000, 0x0000000085f00000| Untracked 
|  96|0x0000000086000000, 0x0000000086000000, 0x0000000086100000|  0%| F|  |TAMS 0x0000000086000000, 0x0000000086000000| Untracked 
|  97|0x0000000086100000, 0x0000000086100000, 0x0000000086200000|  0%| F|  |TAMS 0x0000000086100000, 0x0000000086100000| Untracked 
|  98|0x0000000086200000, 0x0000000086200000, 0x0000000086300000|  0%| F|  |TAMS 0x0000000086200000, 0x0000000086200000| Untracked 
|  99|0x0000000086300000, 0x0000000086300000, 0x0000000086400000|  0%| F|  |TAMS 0x0000000086300000, 0x0000000086300000| Untracked 
| 100|0x0000000086400000, 0x0000000086400000, 0x0000000086500000|  0%| F|  |TAMS 0x0000000086400000, 0x0000000086400000| Untracked 
| 101|0x0000000086500000, 0x0000000086500000, 0x0000000086600000|  0%| F|  |TAMS 0x0000000086500000, 0x0000000086500000| Untracked 
| 102|0x0000000086600000, 0x0000000086600000, 0x0000000086700000|  0%| F|  |TAMS 0x0000000086600000, 0x0000000086600000| Untracked 
| 103|0x0000000086700000, 0x0000000086700000, 0x0000000086800000|  0%| F|  |TAMS 0x0000000086700000, 0x0000000086700000| Untracked 
| 104|0x0000000086800000, 0x0000000086800000, 0x0000000086900000|  0%| F|  |TAMS 0x0000000086800000, 0x0000000086800000| Untracked 
| 105|0x0000000086900000, 0x0000000086900000, 0x0000000086a00000|  0%| F|  |TAMS 0x0000000086900000, 0x0000000086900000| Untracked 
| 106|0x0000000086a00000, 0x0000000086a00000, 0x0000000086b00000|  0%| F|  |TAMS 0x0000000086a00000, 0x0000000086a00000| Untracked 
| 107|0x0000000086b00000, 0x0000000086b00000, 0x0000000086c00000|  0%| F|  |TAMS 0x0000000086b00000, 0x0000000086b00000| Untracked 
| 108|0x0000000086c00000, 0x0000000086c00000, 0x0000000086d00000|  0%| F|  |TAMS 0x0000000086c00000, 0x0000000086c00000| Untracked 
| 109|0x0000000086d00000, 0x0000000086d00000, 0x0000000086e00000|  0%| F|  |TAMS 0x0000000086d00000, 0x0000000086d00000| Untracked 
| 110|0x0000000086e00000, 0x0000000086e00000, 0x0000000086f00000|  0%| F|  |TAMS 0x0000000086e00000, 0x0000000086e00000| Untracked 
| 111|0x0000000086f00000, 0x0000000086f00000, 0x0000000087000000|  0%| F|  |TAMS 0x0000000086f00000, 0x0000000086f00000| Untracked 
| 112|0x0000000087000000, 0x0000000087000000, 0x0000000087100000|  0%| F|  |TAMS 0x0000000087000000, 0x0000000087000000| Untracked 
| 113|0x0000000087100000, 0x0000000087100000, 0x0000000087200000|  0%| F|  |TAMS 0x0000000087100000, 0x0000000087100000| Untracked 
| 114|0x0000000087200000, 0x0000000087200000, 0x0000000087300000|  0%| F|  |TAMS 0x0000000087200000, 0x0000000087200000| Untracked 
| 115|0x0000000087300000, 0x0000000087300000, 0x0000000087400000|  0%| F|  |TAMS 0x0000000087300000, 0x0000000087300000| Untracked 
| 116|0x0000000087400000, 0x0000000087400000, 0x0000000087500000|  0%| F|  |TAMS 0x0000000087400000, 0x0000000087400000| Untracked 
| 117|0x0000000087500000, 0x0000000087500000, 0x0000000087600000|  0%| F|  |TAMS 0x0000000087500000, 0x0000000087500000| Untracked 
| 118|0x0000000087600000, 0x0000000087600000, 0x0000000087700000|  0%| F|  |TAMS 0x0000000087600000, 0x0000000087600000| Untracked 
| 119|0x0000000087700000, 0x0000000087700000, 0x0000000087800000|  0%| F|  |TAMS 0x0000000087700000, 0x0000000087700000| Untracked 
| 120|0x0000000087800000, 0x0000000087800000, 0x0000000087900000|  0%| F|  |TAMS 0x0000000087800000, 0x0000000087800000| Untracked 
| 121|0x0000000087900000, 0x0000000087900000, 0x0000000087a00000|  0%| F|  |TAMS 0x0000000087900000, 0x0000000087900000| Untracked 
| 122|0x0000000087a00000, 0x0000000087a00000, 0x0000000087b00000|  0%| F|  |TAMS 0x0000000087a00000, 0x0000000087a00000| Untracked 
| 123|0x0000000087b00000, 0x0000000087b486d0, 0x0000000087c00000| 28%| S|CS|TAMS 0x0000000087b00000, 0x0000000087b00000| Complete 
| 124|0x0000000087c00000, 0x0000000087d00000, 0x0000000087d00000|100%| S|CS|TAMS 0x0000000087c00000, 0x0000000087c00000| Complete 
| 125|0x0000000087d00000, 0x0000000087e00000, 0x0000000087e00000|100%| S|CS|TAMS 0x0000000087d00000, 0x0000000087d00000| Complete 
| 126|0x0000000087e00000, 0x0000000087f00000, 0x0000000087f00000|100%| S|CS|TAMS 0x0000000087e00000, 0x0000000087e00000| Complete 
| 127|0x0000000087f00000, 0x0000000088000000, 0x0000000088000000|100%| S|CS|TAMS 0x0000000087f00000, 0x0000000087f00000| Complete 
| 128|0x0000000088000000, 0x0000000088100000, 0x0000000088100000|100%| S|CS|TAMS 0x0000000088000000, 0x0000000088000000| Complete 
| 129|0x0000000088100000, 0x0000000088100000, 0x0000000088200000|  0%| F|  |TAMS 0x0000000088100000, 0x0000000088100000| Untracked 
| 130|0x0000000088200000, 0x0000000088200000, 0x0000000088300000|  0%| F|  |TAMS 0x0000000088200000, 0x0000000088200000| Untracked 
| 131|0x0000000088300000, 0x0000000088300000, 0x0000000088400000|  0%| F|  |TAMS 0x0000000088300000, 0x0000000088300000| Untracked 
| 132|0x0000000088400000, 0x0000000088400000, 0x0000000088500000|  0%| F|  |TAMS 0x0000000088400000, 0x0000000088400000| Untracked 
| 133|0x0000000088500000, 0x0000000088500000, 0x0000000088600000|  0%| F|  |TAMS 0x0000000088500000, 0x0000000088500000| Untracked 
| 134|0x0000000088600000, 0x0000000088600000, 0x0000000088700000|  0%| F|  |TAMS 0x0000000088600000, 0x0000000088600000| Untracked 
| 135|0x0000000088700000, 0x0000000088700000, 0x0000000088800000|  0%| F|  |TAMS 0x0000000088700000, 0x0000000088700000| Untracked 
| 136|0x0000000088800000, 0x0000000088800000, 0x0000000088900000|  0%| F|  |TAMS 0x0000000088800000, 0x0000000088800000| Untracked 
| 137|0x0000000088900000, 0x0000000088900000, 0x0000000088a00000|  0%| F|  |TAMS 0x0000000088900000, 0x0000000088900000| Untracked 
| 138|0x0000000088a00000, 0x0000000088a00000, 0x0000000088b00000|  0%| F|  |TAMS 0x0000000088a00000, 0x0000000088a00000| Untracked 
| 139|0x0000000088b00000, 0x0000000088b00000, 0x0000000088c00000|  0%| F|  |TAMS 0x0000000088b00000, 0x0000000088b00000| Untracked 
| 140|0x0000000088c00000, 0x0000000088c00000, 0x0000000088d00000|  0%| F|  |TAMS 0x0000000088c00000, 0x0000000088c00000| Untracked 
| 141|0x0000000088d00000, 0x0000000088d00000, 0x0000000088e00000|  0%| F|  |TAMS 0x0000000088d00000, 0x0000000088d00000| Untracked 
| 142|0x0000000088e00000, 0x0000000088e00000, 0x0000000088f00000|  0%| F|  |TAMS 0x0000000088e00000, 0x0000000088e00000| Untracked 
| 143|0x0000000088f00000, 0x0000000088f00000, 0x0000000089000000|  0%| F|  |TAMS 0x0000000088f00000, 0x0000000088f00000| Untracked 
| 144|0x0000000089000000, 0x0000000089000000, 0x0000000089100000|  0%| F|  |TAMS 0x0000000089000000, 0x0000000089000000| Untracked 
| 145|0x0000000089100000, 0x0000000089100000, 0x0000000089200000|  0%| F|  |TAMS 0x0000000089100000, 0x0000000089100000| Untracked 
| 146|0x0000000089200000, 0x0000000089200000, 0x0000000089300000|  0%| F|  |TAMS 0x0000000089200000, 0x0000000089200000| Untracked 
| 147|0x0000000089300000, 0x0000000089300000, 0x0000000089400000|  0%| F|  |TAMS 0x0000000089300000, 0x0000000089300000| Untracked 
| 148|0x0000000089400000, 0x0000000089400000, 0x0000000089500000|  0%| F|  |TAMS 0x0000000089400000, 0x0000000089400000| Untracked 
| 149|0x0000000089500000, 0x0000000089500000, 0x0000000089600000|  0%| F|  |TAMS 0x0000000089500000, 0x0000000089500000| Untracked 
| 150|0x0000000089600000, 0x0000000089600000, 0x0000000089700000|  0%| F|  |TAMS 0x0000000089600000, 0x0000000089600000| Untracked 
| 151|0x0000000089700000, 0x0000000089700000, 0x0000000089800000|  0%| F|  |TAMS 0x0000000089700000, 0x0000000089700000| Untracked 
| 152|0x0000000089800000, 0x0000000089800000, 0x0000000089900000|  0%| F|  |TAMS 0x0000000089800000, 0x0000000089800000| Untracked 
| 153|0x0000000089900000, 0x00000000899f4a50, 0x0000000089a00000| 95%| E|  |TAMS 0x0000000089900000, 0x0000000089900000| Complete 

Card table byte_map: [0x0000020e4ad10000,0x0000020e4b110000] _byte_map_base: 0x0000020e4a910000

Marking Bits (Prev, Next): (CMBitMap*) 0x0000020e37c9f878, (CMBitMap*) 0x0000020e37c9f8b0
 Prev Bits: [0x0000020e4b510000, 0x0000020e4d510000)
 Next Bits: [0x0000020e4d510000, 0x0000020e4f510000)

Polling page: 0x0000020e35c20000

Metaspace:

Usage:
  Non-class:     78.87 MB capacity,    77.39 MB ( 98%) used,     1.21 MB (  2%) free+waste,   264.81 KB ( <1%) overhead. 
      Class:     12.46 MB capacity,    11.57 MB ( 93%) used,   784.71 KB (  6%) free+waste,   121.50 KB ( <1%) overhead. 
       Both:     91.33 MB capacity,    88.97 MB ( 97%) used,     1.98 MB (  2%) free+waste,   386.31 KB ( <1%) overhead. 

Virtual space:
  Non-class space:       88.00 MB reserved,      79.00 MB ( 90%) committed 
      Class space:        1.00 GB reserved,      12.50 MB (  1%) committed 
             Both:        1.09 GB reserved,      91.50 MB (  8%) committed 

Chunk freelists:
   Non-Class:  10.00 KB
       Class:  9.00 KB
        Both:  19.00 KB

MaxMetaspaceSize: 17179869184.00 GB
CompressedClassSpaceSize: 1.00 GB

CodeHeap 'non-profiled nmethods': size=120000Kb used=6215Kb max_used=6215Kb free=113785Kb
 bounds [0x0000020e430b0000, 0x0000020e436d0000, 0x0000020e4a5e0000]
CodeHeap 'profiled nmethods': size=120000Kb used=20933Kb max_used=20933Kb free=99066Kb
 bounds [0x0000020e3bb80000, 0x0000020e3d000000, 0x0000020e430b0000]
CodeHeap 'non-nmethods': size=5760Kb used=2298Kb max_used=2337Kb free=3461Kb
 bounds [0x0000020e3b5e0000, 0x0000020e3b850000, 0x0000020e3bb80000]
 total_blobs=10779 nmethods=9866 adapters=824
 compilation: enabled
              stopped_count=0, restarted_count=0
 full_count=0

Compilation events (20 events):
Event: 19.466 Thread 0x0000020e527f4800 10104       4       jdk.internal.org.objectweb.asm.Frame::execute (2264 bytes)
Event: 19.466 Thread 0x0000020e527f8800 nmethod 10115 0x0000020e3cfe8790 code [0x0000020e3cfe89c0, 0x0000020e3cfe9028]
Event: 19.466 Thread 0x0000020e527f8800 10117       3       java.lang.invoke.ClassSpecializer::classBCName (33 bytes)
Event: 19.466 Thread 0x0000020e527f8800 nmethod 10117 0x0000020e3cfe9290 code [0x0000020e3cfe9440, 0x0000020e3cfe9568]
Event: 19.466 Thread 0x0000020e527f8800 10118       3       java.lang.invoke.ClassSpecializer::className (33 bytes)
Event: 19.467 Thread 0x0000020e527f8800 nmethod 10118 0x0000020e3cfe9610 code [0x0000020e3cfe97e0, 0x0000020e3cfe99c8]
Event: 19.467 Thread 0x0000020e527f8800 10121       3       java.lang.invoke.ClassSpecializer::classSig (94 bytes)
Event: 19.468 Thread 0x0000020e527f8800 nmethod 10121 0x0000020e3cfe9a90 code [0x0000020e3cfe9d00, 0x0000020e3cfea518]
Event: 19.468 Thread 0x0000020e527f8800 10123       3       java.util.List::of (66 bytes)
Event: 19.469 Thread 0x0000020e527f8800 nmethod 10123 0x0000020e3cfea810 code [0x0000020e3cfeaaa0, 0x0000020e3cfeb778]
Event: 19.469 Thread 0x0000020e527f8800 10125       3       java.lang.invoke.ClassSpecializer$Factory$1Var::nextIndex (18 bytes)
Event: 19.469 Thread 0x0000020e527f8800 nmethod 10125 0x0000020e3cfebc10 code [0x0000020e3cfebde0, 0x0000020e3cfec078]
Event: 19.469 Thread 0x0000020e527f8800 10126       3       java.lang.invoke.ClassSpecializer$Factory::typeLoadOp (90 bytes)
Event: 19.469 Thread 0x0000020e527f8800 nmethod 10126 0x0000020e3cfec190 code [0x0000020e3cfec400, 0x0000020e3cfecdf8]
Event: 19.470 Thread 0x0000020e527f8800 10130       3       java.lang.invoke.BoundMethodHandle$Specializer$Factory::chooseFieldName (25 bytes)
Event: 19.471 Thread 0x0000020e527f8800 nmethod 10130 0x0000020e3cfed110 code [0x0000020e3cfed400, 0x0000020e3cfee0d8]
Event: 19.471 Thread 0x0000020e527f8800 10131       3       java.lang.invoke.ClassSpecializer$Factory::chooseFieldName (32 bytes)
Event: 19.471 Thread 0x0000020e527f8800 nmethod 10131 0x0000020e3cfee610 code [0x0000020e3cfee8a0, 0x0000020e3cfef278]
Event: 19.471 Thread 0x0000020e527f8800 10132       3       java.lang.invoke.MethodHandles$Lookup::getDirectFieldCommon (67 bytes)
Event: 19.472 Thread 0x0000020e527f8800 nmethod 10132 0x0000020e3cfef690 code [0x0000020e3cfef8c0, 0x0000020e3cfefe68]

GC Heap History (20 events):
Event: 10.933 GC heap before
{Heap before GC invocations=11 (full 0):
 garbage-first heap   total 157696K, used 103424K [0x0000000080000000, 0x0000000100000000)
  region size 1024K, 70 young (71680K), 6 survivors (6144K)
 Metaspace       used 54861K, capacity 56384K, committed 56448K, reserved 1097728K
  class space    used 6953K, capacity 7523K, committed 7552K, reserved 1048576K
}
Event: 10.941 GC heap after
{Heap after GC invocations=12 (full 0):
 garbage-first heap   total 157696K, used 46416K [0x0000000080000000, 0x0000000100000000)
  region size 1024K, 9 young (9216K), 9 survivors (9216K)
 Metaspace       used 54861K, capacity 56384K, committed 56448K, reserved 1097728K
  class space    used 6953K, capacity 7523K, committed 7552K, reserved 1048576K
}
Event: 11.383 GC heap before
{Heap before GC invocations=12 (full 0):
 garbage-first heap   total 157696K, used 69968K [0x0000000080000000, 0x0000000100000000)
  region size 1024K, 33 young (33792K), 9 survivors (9216K)
 Metaspace       used 58537K, capacity 60008K, committed 60160K, reserved 1101824K
  class space    used 7415K, capacity 7958K, committed 8064K, reserved 1048576K
}
Event: 11.398 GC heap after
{Heap after GC invocations=13 (full 0):
 garbage-first heap   total 157696K, used 48975K [0x0000000080000000, 0x0000000100000000)
  region size 1024K, 2 young (2048K), 2 survivors (2048K)
 Metaspace       used 58537K, capacity 60008K, committed 60160K, reserved 1101824K
  class space    used 7415K, capacity 7958K, committed 8064K, reserved 1048576K
}
Event: 12.125 GC heap before
{Heap before GC invocations=14 (full 0):
 garbage-first heap   total 157696K, used 98127K [0x0000000080000000, 0x0000000100000000)
  region size 1024K, 50 young (51200K), 2 survivors (2048K)
 Metaspace       used 62925K, capacity 64519K, committed 64640K, reserved 1105920K
  class space    used 7962K, capacity 8575K, committed 8576K, reserved 1048576K
}
Event: 12.132 GC heap after
{Heap after GC invocations=15 (full 0):
 garbage-first heap   total 157696K, used 52409K [0x0000000080000000, 0x0000000100000000)
  region size 1024K, 6 young (6144K), 6 survivors (6144K)
 Metaspace       used 62925K, capacity 64519K, committed 64640K, reserved 1105920K
  class space    used 7962K, capacity 8575K, committed 8576K, reserved 1048576K
}
Event: 12.759 GC heap before
{Heap before GC invocations=16 (full 0):
 garbage-first heap   total 157696K, used 102585K [0x0000000080000000, 0x0000000100000000)
  region size 1024K, 55 young (56320K), 6 survivors (6144K)
 Metaspace       used 65014K, capacity 66655K, committed 66816K, reserved 1107968K
  class space    used 8203K, capacity 8855K, committed 8960K, reserved 1048576K
}
Event: 12.768 GC heap after
{Heap after GC invocations=17 (full 0):
 garbage-first heap   total 157696K, used 56587K [0x0000000080000000, 0x0000000100000000)
  region size 1024K, 5 young (5120K), 5 survivors (5120K)
 Metaspace       used 65014K, capacity 66655K, committed 66816K, reserved 1107968K
  class space    used 8203K, capacity 8855K, committed 8960K, reserved 1048576K
}
Event: 13.617 GC heap before
{Heap before GC invocations=17 (full 0):
 garbage-first heap   total 157696K, used 107787K [0x0000000080000000, 0x0000000100000000)
  region size 1024K, 55 young (56320K), 5 survivors (5120K)
 Metaspace       used 72005K, capacity 73659K, committed 73984K, reserved 1114112K
  class space    used 9246K, capacity 9861K, committed 9984K, reserved 1048576K
}
Event: 13.624 GC heap after
{Heap after GC invocations=18 (full 0):
 garbage-first heap   total 157696K, used 60098K [0x0000000080000000, 0x0000000100000000)
  region size 1024K, 4 young (4096K), 4 survivors (4096K)
 Metaspace       used 72005K, capacity 73659K, committed 73984K, reserved 1114112K
  class space    used 9246K, capacity 9861K, committed 9984K, reserved 1048576K
}
Event: 14.377 GC heap before
{Heap before GC invocations=18 (full 0):
 garbage-first heap   total 157696K, used 112322K [0x0000000080000000, 0x0000000100000000)
  region size 1024K, 55 young (56320K), 4 survivors (4096K)
 Metaspace       used 77062K, capacity 78803K, committed 79104K, reserved 1118208K
  class space    used 10000K, capacity 10705K, committed 10752K, reserved 1048576K
}
Event: 14.384 GC heap after
{Heap after GC invocations=19 (full 0):
 garbage-first heap   total 157696K, used 62161K [0x0000000080000000, 0x0000000100000000)
  region size 1024K, 6 young (6144K), 6 survivors (6144K)
 Metaspace       used 77062K, capacity 78803K, committed 79104K, reserved 1118208K
  class space    used 10000K, capacity 10705K, committed 10752K, reserved 1048576K
}
Event: 15.234 GC heap before
{Heap before GC invocations=19 (full 0):
 garbage-first heap   total 157696K, used 115409K [0x0000000080000000, 0x0000000100000000)
  region size 1024K, 59 young (60416K), 6 survivors (6144K)
 Metaspace       used 81786K, capacity 83827K, committed 84096K, reserved 1122304K
  class space    used 10620K, capacity 11346K, committed 11392K, reserved 1048576K
}
Event: 15.242 GC heap after
{Heap after GC invocations=20 (full 0):
 garbage-first heap   total 157696K, used 65995K [0x0000000080000000, 0x0000000100000000)
  region size 1024K, 7 young (7168K), 7 survivors (7168K)
 Metaspace       used 81786K, capacity 83827K, committed 84096K, reserved 1122304K
  class space    used 10620K, capacity 11346K, committed 11392K, reserved 1048576K
}
Event: 15.822 GC heap before
{Heap before GC invocations=20 (full 0):
 garbage-first heap   total 157696K, used 118219K [0x0000000080000000, 0x0000000100000000)
  region size 1024K, 59 young (60416K), 7 survivors (7168K)
 Metaspace       used 82616K, capacity 84901K, committed 85120K, reserved 1122304K
  class space    used 10723K, capacity 11565K, committed 11648K, reserved 1048576K
}
Event: 15.832 GC heap after
{Heap after GC invocations=21 (full 0):
 garbage-first heap   total 157696K, used 69658K [0x0000000080000000, 0x0000000100000000)
  region size 1024K, 8 young (8192K), 8 survivors (8192K)
 Metaspace       used 82616K, capacity 84901K, committed 85120K, reserved 1122304K
  class space    used 10723K, capacity 11565K, committed 11648K, reserved 1048576K
}
Event: 16.401 GC heap before
{Heap before GC invocations=21 (full 0):
 garbage-first heap   total 157696K, used 121882K [0x0000000080000000, 0x0000000100000000)
  region size 1024K, 60 young (61440K), 8 survivors (8192K)
 Metaspace       used 84483K, capacity 86704K, committed 86912K, reserved 1124352K
  class space    used 10952K, capacity 11803K, committed 11904K, reserved 1048576K
}
Event: 16.409 GC heap after
{Heap after GC invocations=22 (full 0):
 garbage-first heap   total 157696K, used 72698K [0x0000000080000000, 0x0000000100000000)
  region size 1024K, 7 young (7168K), 7 survivors (7168K)
 Metaspace       used 84483K, capacity 86704K, committed 86912K, reserved 1124352K
  class space    used 10952K, capacity 11803K, committed 11904K, reserved 1048576K
}
Event: 16.934 GC heap before
{Heap before GC invocations=22 (full 0):
 garbage-first heap   total 157696K, used 124922K [0x0000000080000000, 0x0000000100000000)
  region size 1024K, 58 young (59392K), 7 survivors (7168K)
 Metaspace       used 88300K, capacity 90504K, committed 90624K, reserved 1128448K
  class space    used 11411K, capacity 12258K, committed 12288K, reserved 1048576K
}
Event: 16.942 GC heap after
{Heap after GC invocations=23 (full 0):
 garbage-first heap   total 157696K, used 75642K [0x0000000080000000, 0x0000000100000000)
  region size 1024K, 7 young (7168K), 7 survivors (7168K)
 Metaspace       used 88300K, capacity 90504K, committed 90624K, reserved 1128448K
  class space    used 11411K, capacity 12258K, committed 12288K, reserved 1048576K
}

Deoptimization events (20 events):
Event: 19.343 Thread 0x0000020e55886000 Uncommon trap: trap_request=0xffffff4d fr.pc=0x0000020e432a3c3c relative=0x00000000000001fc
Event: 19.343 Thread 0x0000020e55886000 Uncommon trap: reason=unstable_if action=reinterpret pc=0x0000020e432a3c3c method=sun.net.www.ParseUtil.encodePath(Ljava/lang/String;Z)Ljava/lang/String; @ 1 c2
Event: 19.343 Thread 0x0000020e55886000 DEOPT PACKING pc=0x0000020e432a3c3c sp=0x00000022cd1f91f0
Event: 19.343 Thread 0x0000020e55886000 DEOPT UNPACKING pc=0x0000020e3b6074af sp=0x00000022cd1f91a8 mode 2
Event: 19.348 Thread 0x0000020e55886000 Uncommon trap: trap_request=0xffffffde fr.pc=0x0000020e431b7ea0 relative=0x00000000000004c0
Event: 19.348 Thread 0x0000020e55886000 Uncommon trap: reason=class_check action=maybe_recompile pc=0x0000020e431b7ea0 method=java.io.DataOutputStream.write(I)V @ 5 c2
Event: 19.348 Thread 0x0000020e55886000 DEOPT PACKING pc=0x0000020e431b7ea0 sp=0x00000022cd1f9660
Event: 19.348 Thread 0x0000020e55886000 DEOPT UNPACKING pc=0x0000020e3b6074af sp=0x00000022cd1f9648 mode 2
Event: 19.348 Thread 0x0000020e55886000 Uncommon trap: trap_request=0xffffffde fr.pc=0x0000020e431b7ea0 relative=0x00000000000004c0
Event: 19.348 Thread 0x0000020e55886000 Uncommon trap: reason=class_check action=maybe_recompile pc=0x0000020e431b7ea0 method=java.io.DataOutputStream.write(I)V @ 5 c2
Event: 19.348 Thread 0x0000020e55886000 DEOPT PACKING pc=0x0000020e431b7ea0 sp=0x00000022cd1f9660
Event: 19.348 Thread 0x0000020e55886000 DEOPT UNPACKING pc=0x0000020e3b6074af sp=0x00000022cd1f9648 mode 2
Event: 19.348 Thread 0x0000020e55886000 Uncommon trap: trap_request=0xffffffde fr.pc=0x0000020e431b7ea0 relative=0x00000000000004c0
Event: 19.348 Thread 0x0000020e55886000 Uncommon trap: reason=class_check action=maybe_recompile pc=0x0000020e431b7ea0 method=java.io.DataOutputStream.write(I)V @ 5 c2
Event: 19.348 Thread 0x0000020e55886000 DEOPT PACKING pc=0x0000020e431b7ea0 sp=0x00000022cd1f9660
Event: 19.348 Thread 0x0000020e55886000 DEOPT UNPACKING pc=0x0000020e3b6074af sp=0x00000022cd1f9648 mode 2
Event: 19.348 Thread 0x0000020e55886000 Uncommon trap: trap_request=0xffffffde fr.pc=0x0000020e431b7ea0 relative=0x00000000000004c0
Event: 19.348 Thread 0x0000020e55886000 Uncommon trap: reason=class_check action=maybe_recompile pc=0x0000020e431b7ea0 method=java.io.DataOutputStream.write(I)V @ 5 c2
Event: 19.348 Thread 0x0000020e55886000 DEOPT PACKING pc=0x0000020e431b7ea0 sp=0x00000022cd1f9660
Event: 19.348 Thread 0x0000020e55886000 DEOPT UNPACKING pc=0x0000020e3b6074af sp=0x00000022cd1f9648 mode 2

Classes redefined (0 events):
No events

Internal exceptions (20 events):
Event: 16.100 Thread 0x0000020e55886000 Exception <a 'java/lang/NoSuchMethodError'{0x0000000087f6eed8}: <clinit>> (0x0000000087f6eed8) thrown at [./src/hotspot/share/prims/jni.cpp, line 1362]
Event: 16.101 Thread 0x0000020e55886000 Exception <a 'java/lang/NoSuchMethodError'{0x0000000087f703b8}: <clinit>> (0x0000000087f703b8) thrown at [./src/hotspot/share/prims/jni.cpp, line 1362]
Event: 16.188 Thread 0x0000020e54432800 Implicit null exception at 0x0000020e43617eb3 to 0x0000020e43618a6c
Event: 16.952 Thread 0x0000020e55886000 Implicit null exception at 0x0000020e4367ddb3 to 0x0000020e4367dea0
Event: 17.010 Thread 0x0000020e55886000 Exception <a 'java/lang/NoSuchMethodError'{0x0000000089537bf0}: 'int java.lang.invoke.DirectMethodHandle$Holder.invokeSpecial(java.lang.Object, java.lang.Object, java.lang.Object, java.lang.Object, java.lang.Object)'> (0x0000000089537bf0) thrown at [./src/hotspot/share/interpreter/linkResolver.cpp, line 773]
Event: 17.491 Thread 0x0000020e55886000 Exception <a 'java/lang/NoSuchMethodError'{0x0000000088616f90}: 'void java.lang.invoke.DirectMethodHandle$Holder.invokeStatic(java.lang.Object, long)'> (0x0000000088616f90) thrown at [./src/hotspot/share/interpreter/linkResolver.cpp, line 773]
Event: 17.492 Thread 0x0000020e55886000 Exception <a 'java/lang/NoSuchMethodError'{0x000000008861cc48}: 'java.lang.Object java.lang.invoke.DirectMethodHandle$Holder.invokeStatic(java.lang.Object, long)'> (0x000000008861cc48) thrown at [./src/hotspot/share/interpreter/linkResolver.cpp, line 773]
Event: 17.494 Thread 0x0000020e55886000 Exception <a 'java/lang/NoSuchMethodError'{0x000000008862b7a8}: 'java.lang.Object java.lang.invoke.DirectMethodHandle$Holder.invokeStaticInit(java.lang.Object, java.lang.Object, long, java.lang.Object)'> (0x000000008862b7a8) thrown at [./src/hotspot/share/interpreter/linkResolver.cpp, line 773]
Event: 17.494 Thread 0x0000020e55886000 Exception <a 'java/lang/NoSuchMethodError'{0x0000000088632138}: 'java.lang.Object java.lang.invoke.DirectMethodHandle$Holder.invokeStatic(java.lang.Object, java.lang.Object, long)'> (0x0000000088632138) thrown at [./src/hotspot/share/interpreter/linkResolver.cpp, line 773]
Event: 17.495 Thread 0x0000020e55886000 Exception <a 'java/lang/NoSuchMethodError'{0x0000000088638ea8}: 'java.lang.Object java.lang.invoke.Invokers$Holder.linkToTargetMethod(java.lang.Object, long, java.lang.Object)'> (0x0000000088638ea8) thrown at [./src/hotspot/share/interpreter/linkResolver.cpp, line 773]
Event: 19.449 Thread 0x0000020e55886000 Exception <a 'java/lang/NoSuchMethodError'{0x000000008847d028}: <clinit>> (0x000000008847d028) thrown at [./src/hotspot/share/prims/jni.cpp, line 1362]
Event: 19.449 Thread 0x0000020e55886000 Exception <a 'java/lang/NoSuchMethodError'{0x000000008848edf0}: <clinit>> (0x000000008848edf0) thrown at [./src/hotspot/share/prims/jni.cpp, line 1362]
Event: 19.463 Thread 0x0000020e55886000 Exception <a 'java/lang/NoSuchMethodError'{0x000000008832ecf8}: 'java.lang.Object java.lang.invoke.DirectMethodHandle$Holder.invokeSpecial(java.lang.Object, java.lang.Object, int, int, java.lang.Object, int, java.lang.Object, java.lang.Object)'> (0x000000008832ecf8) thrown at [./src/hotspot/share/interpreter/linkResolver.cpp, line 773]
Event: 19.463 Thread 0x0000020e55886000 Exception <a 'java/lang/NoSuchMethodError'{0x0000000088333080}: 'java.lang.Object java.lang.invoke.DelegatingMethodHandle$Holder.reinvoke_L(java.lang.Object, int, int, java.lang.Object, int, java.lang.Object, java.lang.Object)'> (0x0000000088333080) thrown at [./src/hotspot/share/interpreter/linkResolver.cpp, line 773]
Event: 19.465 Thread 0x0000020e55886000 Exception <a 'java/lang/NoSuchMethodError'{0x000000008835e0e8}: 'java.lang.Object java.lang.invoke.DirectMethodHandle$Holder.invokeStatic(java.lang.Object, java.lang.Object, java.lang.Object, java.lang.Object, java.lang.Object, java.lang.Object, java.lang.Object, java.lang.Object, int)'> (0x000000008835e0e8) thrown at [./src/hotspot/share/interpreter/linkResolver.cpp, line 773]
Event: 19.467 Thread 0x0000020e55886000 Exception <a 'java/lang/NoSuchMethodError'{0x0000000088379388}: 'java.lang.Object java.lang.invoke.DirectMethodHandle$Holder.invokeStatic(java.lang.Object, java.lang.Object, java.lang.Object, java.lang.Object, java.lang.Object, java.lang.Object, java.lang.Object, java.lang.Object, int, int)'> (0x0000000088379388) thrown at [./src/hotspot/share/interpreter/linkResolver.cpp, line 773]
Event: 19.468 Thread 0x0000020e55886000 Exception <a 'java/lang/NoSuchMethodError'{0x0000000088395768}: 'java.lang.Object java.lang.invoke.DirectMethodHandle$Holder.invokeStatic(java.lang.Object, java.lang.Object, java.lang.Object, java.lang.Object, java.lang.Object, java.lang.Object, java.lang.Object, java.lang.Object, int, int, java.lang.Object)'> (0x0000000088395768) thrown at [./src/hotspot/share/interpreter/linkResolver.cpp, line 773]
Event: 19.469 Thread 0x0000020e55886000 Exception <a 'java/lang/NoSuchMethodError'{0x00000000883b2ce0}: 'java.lang.Object java.lang.invoke.DirectMethodHandle$Holder.invokeStatic(java.lang.Object, java.lang.Object, java.lang.Object, java.lang.Object, java.lang.Object, java.lang.Object, java.lang.Object, java.lang.Object, int, int, java.lang.Object, java.lang.Object)'> (0x00000000883b2ce0) thrown at [./src/hotspot/share/interpreter/linkResolver.cpp, line 773]
Event: 19.476 Thread 0x0000020e55886000 Exception <a 'java/lang/NoSuchMethodError'{0x00000000883e5920}: <clinit>> (0x00000000883e5920) thrown at [./src/hotspot/share/prims/jni.cpp, line 1362]
Event: 19.478 Thread 0x0000020e55886000 Exception <a 'java/lang/NoSuchMethodError'{0x000000008821f048}: <clinit>> (0x000000008821f048) thrown at [./src/hotspot/share/prims/jni.cpp, line 1362]

Events (20 events):
Event: 19.473 loading class sun/rmi/transport/GC$LatencyRequest done
Event: 19.473 loading class sun/rmi/transport/GC$Daemon
Event: 19.473 loading class sun/rmi/transport/GC$Daemon done
Event: 19.473 loading class sun/rmi/transport/GC$Daemon$1
Event: 19.473 loading class sun/rmi/transport/GC$Daemon$1 done
Event: 19.473 Thread 0x0000020e57e7c000 Thread added: 0x0000020e57e7c000
Event: 19.473 Executing VM operation: RevokeBias
Event: 19.473 Executing VM operation: RevokeBias done
Event: 19.473 loading class sun/rmi/transport/DGCClient$EndpointEntry$RefEntry
Event: 19.473 Executing VM operation: RevokeBias
Event: 19.473 loading class sun/rmi/transport/DGCClient$EndpointEntry$RefEntry done
Event: 19.474 Executing VM operation: RevokeBias done
Event: 19.474 loading class sun/rmi/transport/DGCClient$EndpointEntry$RefEntry$PhantomLiveRef
Event: 19.474 loading class sun/rmi/transport/DGCClient$EndpointEntry$RefEntry$PhantomLiveRef done
Event: 19.474 loading class java/rmi/dgc/Lease
Event: 19.474 loading class java/rmi/dgc/Lease done
Event: 19.476 loading class java/io/ObjectInputFilter$FilterInfo
Event: 19.476 loading class java/io/ObjectInputFilter$FilterInfo done
Event: 19.476 loading class java/io/ObjectInputFilter$Status
Event: 19.476 loading class java/io/ObjectInputFilter$Status done


Dynamic libraries:
0x00007ff7d9a10000 - 0x00007ff7d9a1a000 	C:\Users\Dark Knight\Desktop\Android Studio\jre\bin\java.exe
0x00007ffee3570000 - 0x00007ffee3765000 	C:\WINDOWS\SYSTEM32\ntdll.dll
0x00007ffee15f0000 - 0x00007ffee16ad000 	C:\WINDOWS\System32\KERNEL32.DLL
0x00007ffee12d0000 - 0x00007ffee1599000 	C:\WINDOWS\System32\KERNELBASE.dll
0x00007ffee0cd0000 - 0x00007ffee0dd0000 	C:\WINDOWS\System32\ucrtbase.dll
0x00007ffed8c00000 - 0x00007ffed8c19000 	C:\Users\Dark Knight\Desktop\Android Studio\jre\bin\jli.dll
0x00007ffeca0b0000 - 0x00007ffeca0c7000 	C:\Users\Dark Knight\Desktop\Android Studio\jre\bin\VCRUNTIME140.dll
0x00007ffee1f30000 - 0x00007ffee20d0000 	C:\WINDOWS\System32\USER32.dll
0x00007ffee0ca0000 - 0x00007ffee0cc2000 	C:\WINDOWS\System32\win32u.dll
0x00007ffee20d0000 - 0x00007ffee20fa000 	C:\WINDOWS\System32\GDI32.dll
0x00007ffecb000000 - 0x00007ffecb29a000 	C:\WINDOWS\WinSxS\amd64_microsoft.windows.common-controls_6595b64144ccf1df_6.0.19041.1110_none_60b5254171f9507e\COMCTL32.dll
0x00007ffee11c0000 - 0x00007ffee12cb000 	C:\WINDOWS\System32\gdi32full.dll
0x00007ffee32b0000 - 0x00007ffee334e000 	C:\WINDOWS\System32\msvcrt.dll
0x00007ffee0dd0000 - 0x00007ffee0e6d000 	C:\WINDOWS\System32\msvcp_win.dll
0x00007ffee23d0000 - 0x00007ffee2400000 	C:\WINDOWS\System32\IMM32.DLL
0x00007ffea31d0000 - 0x00007ffea326d000 	C:\Users\Dark Knight\Desktop\Android Studio\jre\bin\msvcp140.dll
0x00007ffe853a0000 - 0x00007ffe85e5c000 	C:\Users\Dark Knight\Desktop\Android Studio\jre\bin\server\jvm.dll
0x00007ffee1780000 - 0x00007ffee182c000 	C:\WINDOWS\System32\ADVAPI32.dll
0x00007ffee1830000 - 0x00007ffee18cb000 	C:\WINDOWS\System32\sechost.dll
0x00007ffee3350000 - 0x00007ffee347a000 	C:\WINDOWS\System32\RPCRT4.dll
0x00007ffee2d90000 - 0x00007ffee2d98000 	C:\WINDOWS\System32\PSAPI.DLL
0x00007ffed03f0000 - 0x00007ffed03f9000 	C:\WINDOWS\SYSTEM32\WSOCK32.dll
0x00007ffecb2b0000 - 0x00007ffecb2d7000 	C:\WINDOWS\SYSTEM32\WINMM.dll
0x00007ffed7fc0000 - 0x00007ffed7fca000 	C:\WINDOWS\SYSTEM32\VERSION.dll
0x00007ffee2360000 - 0x00007ffee23cb000 	C:\WINDOWS\System32\WS2_32.dll
0x00007ffedf530000 - 0x00007ffedf542000 	C:\WINDOWS\SYSTEM32\kernel.appcore.dll
0x00007ffeb0db0000 - 0x00007ffeb0dc1000 	C:\Users\Dark Knight\Desktop\Android Studio\jre\bin\verify.dll
0x00007ffedeab0000 - 0x00007ffedec94000 	C:\WINDOWS\SYSTEM32\DBGHELP.DLL
0x00007ffec9830000 - 0x00007ffec985c000 	C:\WINDOWS\SYSTEM32\dbgcore.DLL
0x00007ffee0f70000 - 0x00007ffee0ff3000 	C:\WINDOWS\System32\bcryptPrimitives.dll
0x00007ffea9f30000 - 0x00007ffea9f59000 	C:\Users\Dark Knight\Desktop\Android Studio\jre\bin\java.dll
0x00007ffed7f10000 - 0x00007ffed7f1b000 	C:\Users\Dark Knight\Desktop\Android Studio\jre\bin\jimage.dll
0x00007ffeb0a30000 - 0x00007ffeb0a48000 	C:\Users\Dark Knight\Desktop\Android Studio\jre\bin\zip.dll
0x00007ffee25f0000 - 0x00007ffee2d2f000 	C:\WINDOWS\System32\SHELL32.dll
0x00007ffeded90000 - 0x00007ffedf520000 	C:\WINDOWS\SYSTEM32\windows.storage.dll
0x00007ffee2da0000 - 0x00007ffee30f5000 	C:\WINDOWS\System32\combase.dll
0x00007ffee0700000 - 0x00007ffee072c000 	C:\WINDOWS\SYSTEM32\Wldp.dll
0x00007ffee1e80000 - 0x00007ffee1f2e000 	C:\WINDOWS\System32\SHCORE.dll
0x00007ffee2400000 - 0x00007ffee2455000 	C:\WINDOWS\System32\shlwapi.dll
0x00007ffee0be0000 - 0x00007ffee0bff000 	C:\WINDOWS\SYSTEM32\profapi.dll
0x00007ffeafe40000 - 0x00007ffeafe5a000 	C:\Users\Dark Knight\Desktop\Android Studio\jre\bin\net.dll
0x00007ffed5b40000 - 0x00007ffed5c48000 	C:\WINDOWS\SYSTEM32\WINHTTP.dll
0x00007ffee0460000 - 0x00007ffee04ca000 	C:\WINDOWS\system32\mswsock.dll
0x00007ffeafc50000 - 0x00007ffeafc64000 	C:\Users\Dark Knight\Desktop\Android Studio\jre\bin\nio.dll
0x00007ffeb8210000 - 0x00007ffeb8237000 	C:\Users\Dark Knight\.gradle\native\8bec1ad78214c89d9ad589b4d07fe93259594b29d510b10fafb7a158f7737e5d\windows-amd64\native-platform.dll
0x00007ffe9f780000 - 0x00007ffe9f8bd000 	C:\Users\Dark Knight\.gradle\native\53dbd7edfb1c66fb8903c78663c9afc45aea4f116125fa6feffd364cf09443e8\windows-amd64\native-platform-file-events.dll
0x00007ffed7d80000 - 0x00007ffed7d8a000 	C:\Users\Dark Knight\Desktop\Android Studio\jre\bin\management.dll
0x00007ffecf750000 - 0x00007ffecf75c000 	C:\Users\Dark Knight\Desktop\Android Studio\jre\bin\management_ext.dll
0x00007ffee0650000 - 0x00007ffee0668000 	C:\WINDOWS\SYSTEM32\CRYPTSP.dll
0x00007ffedfd70000 - 0x00007ffedfda4000 	C:\WINDOWS\system32\rsaenh.dll
0x00007ffee15a0000 - 0x00007ffee15c7000 	C:\WINDOWS\System32\bcrypt.dll
0x00007ffee0ba0000 - 0x00007ffee0bce000 	C:\WINDOWS\SYSTEM32\USERENV.dll
0x00007ffee0670000 - 0x00007ffee067c000 	C:\WINDOWS\SYSTEM32\CRYPTBASE.dll
0x00007ffee0100000 - 0x00007ffee013b000 	C:\WINDOWS\SYSTEM32\IPHLPAPI.DLL
0x00007ffee18d0000 - 0x00007ffee18d8000 	C:\WINDOWS\System32\NSI.dll
0x00007ffecfdf0000 - 0x00007ffecfe07000 	C:\WINDOWS\SYSTEM32\dhcpcsvc6.DLL
0x00007ffed0340000 - 0x00007ffed035d000 	C:\WINDOWS\SYSTEM32\dhcpcsvc.DLL
0x00007ffee0140000 - 0x00007ffee020c000 	C:\WINDOWS\SYSTEM32\DNSAPI.dll
0x00007ffeb6f70000 - 0x00007ffeb6f8e000 	C:\Users\Dark Knight\AppData\Local\Temp\native-platform18126381284672766383dir\native-platform.dll
0x00007ffed8ba0000 - 0x00007ffed8ba8000 	C:\Users\Dark Knight\Desktop\Android Studio\jre\bin\rmi.dll

dbghelp: loaded successfully - version: 4.0.5 - missing functions: none
symbol engine: initialized successfully - sym options: 0x614 - pdb path: .;C:\Users\Dark Knight\Desktop\Android Studio\jre\bin;C:\WINDOWS\SYSTEM32;C:\WINDOWS\WinSxS\amd64_microsoft.windows.common-controls_6595b64144ccf1df_6.0.19041.1110_none_60b5254171f9507e;C:\Users\Dark Knight\Desktop\Android Studio\jre\bin\server;C:\Users\Dark Knight\.gradle\native\8bec1ad78214c89d9ad589b4d07fe93259594b29d510b10fafb7a158f7737e5d\windows-amd64;C:\Users\Dark Knight\.gradle\native\53dbd7edfb1c66fb8903c78663c9afc45aea4f116125fa6feffd364cf09443e8\windows-amd64;C:\Users\Dark Knight\AppData\Local\Temp\native-platform18126381284672766383dir

VM Arguments:
jvm_args: --add-opens=java.base/java.util=ALL-UNNAMED --add-opens=java.base/java.lang=ALL-UNNAMED --add-opens=java.base/java.lang.invoke=ALL-UNNAMED --add-opens=java.base/java.util=ALL-UNNAMED --add-opens=java.prefs/java.util.prefs=ALL-UNNAMED --add-opens=java.prefs/java.util.prefs=ALL-UNNAMED --add-opens=java.base/java.nio.charset=ALL-UNNAMED --add-opens=java.base/java.net=ALL-UNNAMED --add-opens=java.base/java.util.concurrent.atomic=ALL-UNNAMED -Xmx2048m -Dfile.encoding=UTF-8 -Duser.country=IN -Duser.language=en -Duser.variant 
java_command: org.gradle.launcher.daemon.bootstrap.GradleDaemon 7.0.2
java_class_path (initial): C:\Users\Dark Knight\.gradle\wrapper\dists\gradle-7.0.2-bin\857tjihv64xamwrf0h14cai3r\gradle-7.0.2\lib\gradle-launcher-7.0.2.jar
Launcher Type: SUN_STANDARD

[Global flags]
     intx CICompilerCount                          = 4                                         {product} {ergonomic}
     uint ConcGCThreads                            = 2                                         {product} {ergonomic}
     uint G1ConcRefinementThreads                  = 8                                         {product} {ergonomic}
   size_t G1HeapRegionSize                         = 1048576                                   {product} {ergonomic}
    uintx GCDrainStackTargetSize                   = 64                                        {product} {ergonomic}
   size_t InitialHeapSize                          = 134217728                                 {product} {ergonomic}
   size_t MarkStackSize                            = 4194304                                   {product} {ergonomic}
   size_t MaxHeapSize                              = 2147483648                                {product} {command line}
   size_t MaxNewSize                               = 1287651328                                {product} {ergonomic}
   size_t MinHeapDeltaBytes                        = 1048576                                   {product} {ergonomic}
    uintx NonNMethodCodeHeapSize                   = 5836300                                {pd product} {ergonomic}
    uintx NonProfiledCodeHeapSize                  = 122910970                              {pd product} {ergonomic}
    uintx ProfiledCodeHeapSize                     = 122910970                              {pd product} {ergonomic}
    uintx ReservedCodeCacheSize                    = 251658240                              {pd product} {ergonomic}
     bool SegmentedCodeCache                       = true                                      {product} {ergonomic}
     bool UseCompressedClassPointers               = true                                 {lp64_product} {ergonomic}
     bool UseCompressedOops                        = true                                 {lp64_product} {ergonomic}
     bool UseG1GC                                  = true                                      {product} {ergonomic}
     bool UseLargePagesIndividualAllocation        = false                                  {pd product} {ergonomic}

Logging:
Log output configuration:
 #0: stdout all=warning uptime,level,tags
 #1: stderr all=off uptime,level,tags

Environment Variables:
PATH=C:\Windows\system32;C:\Windows;C:\Windows\System32\Wbem;C:\Windows\System32\WindowsPowerShell\v1.0\;C:\Windows\System32\OpenSSH\;C:\Program Files (x86)\NVIDIA Corporation\PhysX\Common;C:\Program Files\NVIDIA Corporation\NVIDIA NvDLISR;C:\WINDOWS\system32;C:\WINDOWS;C:\WINDOWS\System32\Wbem;C:\WINDOWS\System32\WindowsPowerShell\v1.0\;C:\WINDOWS\System32\OpenSSH\;C:\MinGW\bin;C:\Program Files\MEGA-X;C:\WINDOWS\system32;C:\WINDOWS;C:\WINDOWS\System32\Wbem;C:\WINDOWS\System32\WindowsPowerShell\v1.0\;C:\WINDOWS\System32\OpenSSH\;C:\Program Files\Git\cmd;C:\Users\Dark Knight\AppData\Local\Microsoft\WindowsApps;C:\Users\Dark Knight\AppData\Local\atom\bin;C:\MinGW\bin;C:\Program Files (x86)\Microsoft Visual Studio\2019\BuildTools\MSBuild\Current\Bin;C:\Users\Dark Knight\AppData\Local\Microsoft\WindowsApps
USERNAME=Dark Knight
OS=Windows_NT
PROCESSOR_IDENTIFIER=Intel64 Family 6 Model 158 Stepping 10, GenuineIntel



---------------  S Y S T E M  ---------------

OS: Windows 10 , 64 bit Build 19041 (10.0.19041.1151)
OS uptime: 18 days 4:00 hours

CPU:total 8 (initial active 8) (4 cores per cpu, 2 threads per core) family 6 model 158 stepping 10, cmov, cx8, fxsr, mmx, sse, sse2, sse3, ssse3, sse4.1, sse4.2, popcnt, avx, avx2, aes, clmul, erms, 3dnowpref, lzcnt, ht, tsc, tscinvbit, bmi1, bmi2, adx, fma

Memory: 4k page, system-wide physical 8072M (822M free)
TotalPageFile size 12168M (AvailPageFile size 0M)
current process WorkingSet (physical memory assigned to process): 401M, peak: 416M
current process commit charge ("private bytes"): 437M, peak: 453M

vm_info: OpenJDK 64-Bit Server VM (11.0.8+10-b944.6842174) for windows-amd64 JRE (11.0.8+10-b944.6842174), built on Sep 19 2020 01:11:42 by "builder" with MS VC++ 14.0 (VS2015)

END.
