#
# There is insufficient memory for the Java Runtime Environment to continue.
# Native memory allocation (malloc) failed to allocate 65776 bytes for Chunk::new
# Possible reasons:
#   The system is out of physical RAM or swap space
#   The process is running with CompressedOops enabled, and the Java Heap may be blocking the growth of the native heap
# Possible solutions:
#   Reduce memory load on the system
#   Increase physical memory or swap space
#   Check if swap backing store is full
#   Decrease Java heap size (-Xmx/-Xms)
#   Decrease number of Java threads
#   Decrease Java thread stack sizes (-Xss)
#   Set larger code cache with -XX:ReservedCodeCacheSize=
#   JVM is running with Unscaled Compressed Oops mode in which the Java heap is
#     placed in the first 4GB address space. The Java Heap base address is the
#     maximum limit for the native heap growth. Please use -XX:HeapBaseMinAddress
#     to set the Java Heap base and to place the Java Heap above 4GB virtual address.
# This output file may be truncated or incomplete.
#
#  Out of Memory Error (./src/hotspot/share/memory/arena.cpp:197), pid=44800, tid=24244
#
# JRE version: OpenJDK Runtime Environment (11.0.8+10) (build 11.0.8+10-b944.6842174)
# Java VM: OpenJDK 64-Bit Server VM (11.0.8+10-b944.6842174, mixed mode, tiered, compressed oops, g1 gc, windows-amd64)
# No core dump will be written. Minidumps are not enabled by default on client versions of Windows
#

---------------  S U M M A R Y ------------

Command Line: --add-opens=java.base/java.util=ALL-UNNAMED --add-opens=java.base/java.lang=ALL-UNNAMED --add-opens=java.base/java.lang.invoke=ALL-UNNAMED --add-opens=java.base/java.util=ALL-UNNAMED --add-opens=java.prefs/java.util.prefs=ALL-UNNAMED --add-opens=java.prefs/java.util.prefs=ALL-UNNAMED --add-opens=java.base/java.nio.charset=ALL-UNNAMED --add-opens=java.base/java.net=ALL-UNNAMED --add-opens=java.base/java.util.concurrent.atomic=ALL-UNNAMED -Xmx2048m -Dfile.encoding=UTF-8 -Duser.country=IN -Duser.language=en -Duser.variant org.gradle.launcher.daemon.bootstrap.GradleDaemon 7.0.2

Host: Intel(R) Core(TM) i5-9300H CPU @ 2.40GHz, 8 cores, 7G,  Windows 10 , 64 bit Build 19041 (10.0.19041.1151)
Time: Tue Aug 31 16:54:20 2021 India Standard Time elapsed time: 42 seconds (0d 0h 0m 42s)

---------------  T H R E A D  ---------------

Current thread (0x000001a4c685d800):  JavaThread "C2 CompilerThread0" daemon [_thread_in_native, id=24244, stack(0x0000005377e00000,0x0000005377f00000)]


Current CompileTask:
C2:  42283 10165       4       org.gradle.internal.snapshot.VfsRelativePath::of (14 bytes)

Stack: [0x0000005377e00000,0x0000005377f00000]
Native frames: (J=compiled Java code, j=interpreted, Vv=VM code, C=native code)
V  [jvm.dll+0x5de50a]
V  [jvm.dll+0x7122f5]
V  [jvm.dll+0x71384d]
V  [jvm.dll+0x713f03]
V  [jvm.dll+0x23e728]
V  [jvm.dll+0xb899c]
V  [jvm.dll+0xb8e9c]
V  [jvm.dll+0x35020b]
V  [jvm.dll+0x31dea3]
V  [jvm.dll+0x31d39a]
V  [jvm.dll+0x1f7702]
V  [jvm.dll+0x1f68d4]
V  [jvm.dll+0x17f32c]
V  [jvm.dll+0x205047]
V  [jvm.dll+0x203891]
V  [jvm.dll+0x6dad3f]
V  [jvm.dll+0x6d3895]
V  [jvm.dll+0x5dd4a6]
C  [ucrtbase.dll+0x21bb2]
C  [KERNEL32.DLL+0x17034]
C  [ntdll.dll+0x52651]


---------------  P R O C E S S  ---------------

Threads class SMR info:
_java_thread_list=0x000001a4ce900b50, length=67, elements={
0x000001a4abd4c800, 0x000001a4c6843800, 0x000001a4c684d000, 0x000001a4c6858800,
0x000001a4c685c800, 0x000001a4c685d800, 0x000001a4c6861800, 0x000001a4c686a800,
0x000001a4c731f800, 0x000001a4c7323000, 0x000001a4c8971800, 0x000001a4c771f800,
0x000001a4c920a000, 0x000001a4c8382800, 0x000001a4c8396000, 0x000001a4c8d1d000,
0x000001a4c8442000, 0x000001a4c899c000, 0x000001a4c9b8d000, 0x000001a4c9948800,
0x000001a4c9b81800, 0x000001a4c9b86000, 0x000001a4c9b86800, 0x000001a4c9b85000,
0x000001a4c9b81000, 0x000001a4c9b87800, 0x000001a4c9b82800, 0x000001a4c9b83800,
0x000001a4c9b84000, 0x000001a4c9c73800, 0x000001a4c9c78000, 0x000001a4c9c76800,
0x000001a4c9c77800, 0x000001a4c9c72800, 0x000001a4c9c75000, 0x000001a4c9c79000,
0x000001a4c9c76000, 0x000001a4c9c7b800, 0x000001a4c9c7d000, 0x000001a4c9c7e000,
0x000001a4c9c7a800, 0x000001a4c9c7a000, 0x000001a4c9c7f800, 0x000001a4c9c7f000,
0x000001a4c9c7c800, 0x000001a4c9c80800, 0x000001a4c9c81000, 0x000001a4ca42b800,
0x000001a4ca42f800, 0x000001a4ca42f000, 0x000001a4ca430800, 0x000001a4ca42a800,
0x000001a4ca433000, 0x000001a4ca431000, 0x000001a4ca432000, 0x000001a4ca42e000,
0x000001a4ca439800, 0x000001a4ca433800, 0x000001a4ca437000, 0x000001a4ca435800,
0x000001a4ca434800, 0x000001a4ca438800, 0x000001a4d2acb000, 0x000001a4d2ac5000,
0x000001a4d2acb800, 0x000001a4d2ac9000, 0x000001a4d2ac6000
}

Java Threads: ( => current thread )
  0x000001a4abd4c800 JavaThread "main" [_thread_blocked, id=50212, stack(0x0000005377300000,0x0000005377400000)]
  0x000001a4c6843800 JavaThread "Reference Handler" daemon [_thread_blocked, id=28080, stack(0x0000005377a00000,0x0000005377b00000)]
  0x000001a4c684d000 JavaThread "Finalizer" daemon [_thread_blocked, id=45352, stack(0x0000005377b00000,0x0000005377c00000)]
  0x000001a4c6858800 JavaThread "Signal Dispatcher" daemon [_thread_blocked, id=3452, stack(0x0000005377c00000,0x0000005377d00000)]
  0x000001a4c685c800 JavaThread "Attach Listener" daemon [_thread_blocked, id=3136, stack(0x0000005377d00000,0x0000005377e00000)]
=>0x000001a4c685d800 JavaThread "C2 CompilerThread0" daemon [_thread_in_native, id=24244, stack(0x0000005377e00000,0x0000005377f00000)]
  0x000001a4c6861800 JavaThread "C1 CompilerThread0" daemon [_thread_blocked, id=51156, stack(0x0000005377f00000,0x0000005378000000)]
  0x000001a4c686a800 JavaThread "Sweeper thread" daemon [_thread_blocked, id=48816, stack(0x0000005378000000,0x0000005378100000)]
  0x000001a4c731f800 JavaThread "Common-Cleaner" daemon [_thread_blocked, id=46160, stack(0x0000005378100000,0x0000005378200000)]
  0x000001a4c7323000 JavaThread "Service Thread" daemon [_thread_blocked, id=49780, stack(0x0000005378200000,0x0000005378300000)]
  0x000001a4c8971800 JavaThread "Daemon health stats" [_thread_blocked, id=47548, stack(0x0000005378800000,0x0000005378900000)]
  0x000001a4c771f800 JavaThread "Incoming local TCP Connector on port 59383" [_thread_in_native, id=38300, stack(0x0000005378400000,0x0000005378500000)]
  0x000001a4c920a000 JavaThread "Daemon periodic checks" [_thread_blocked, id=28028, stack(0x0000005378500000,0x0000005378600000)]
  0x000001a4c8382800 JavaThread "Daemon" [_thread_blocked, id=44100, stack(0x0000005378900000,0x0000005378a00000)]
  0x000001a4c8396000 JavaThread "Handler for socket connection from /127.0.0.1:59383 to /127.0.0.1:59384" [_thread_in_native, id=50800, stack(0x0000005378a00000,0x0000005378b00000)]
  0x000001a4c8d1d000 JavaThread "Cancel handler" [_thread_blocked, id=47820, stack(0x0000005378b00000,0x0000005378c00000)]
  0x000001a4c8442000 JavaThread "Daemon worker" [_thread_blocked, id=30248, stack(0x0000005378c00000,0x0000005378d00000)]
  0x000001a4c899c000 JavaThread "Asynchronous log dispatcher for DefaultDaemonConnection: socket connection from /127.0.0.1:59383 to /127.0.0.1:59384" [_thread_blocked, id=45916, stack(0x0000005378d00000,0x0000005378e00000)]
  0x000001a4c9b8d000 JavaThread "Stdin handler" [_thread_blocked, id=26300, stack(0x0000005378e00000,0x0000005378f00000)]
  0x000001a4c9948800 JavaThread "Daemon client event forwarder" [_thread_blocked, id=50272, stack(0x0000005378f00000,0x0000005379000000)]
  0x000001a4c9b81800 JavaThread "Cache worker for file hash cache (C:\Users\Dark Knight\.gradle\caches\7.0.2\fileHashes)" [_thread_blocked, id=44356, stack(0x0000005379500000,0x0000005379600000)]
  0x000001a4c9b86000 JavaThread "File lock request listener" [_thread_in_native, id=46000, stack(0x0000005379600000,0x0000005379700000)]
  0x000001a4c9b86800 JavaThread "Cache worker for journal cache (C:\Users\Dark Knight\.gradle\caches\journal-1)" [_thread_blocked, id=31216, stack(0x0000005379900000,0x0000005379a00000)]
  0x000001a4c9b85000 JavaThread "Cache worker for file hash cache (C:\Android Projects\Udemy TUTORIAL\7MinuteWorkout2\.gradle\7.0.2\fileHashes)" [_thread_blocked, id=29636, stack(0x0000005379a00000,0x0000005379b00000)]
  0x000001a4c9b81000 JavaThread "File watcher server" daemon [_thread_in_native, id=50128, stack(0x0000005379b00000,0x0000005379c00000)]
  0x000001a4c9b87800 JavaThread "File watcher consumer" daemon [_thread_blocked, id=45556, stack(0x0000005379c00000,0x0000005379d00000)]
  0x000001a4c9b82800 JavaThread "Cache worker for checksums cache (C:\Android Projects\Udemy TUTORIAL\7MinuteWorkout2\.gradle\checksums)" [_thread_blocked, id=45412, stack(0x0000005379d00000,0x0000005379e00000)]
  0x000001a4c9b83800 JavaThread "Cache worker for cache directory md-supplier (C:\Users\Dark Knight\.gradle\caches\7.0.2\md-supplier)" [_thread_blocked, id=50928, stack(0x0000005379e00000,0x0000005379f00000)]
  0x000001a4c9b84000 JavaThread "Cache worker for cache directory md-rule (C:\Users\Dark Knight\.gradle\caches\7.0.2\md-rule)" [_thread_blocked, id=42832, stack(0x0000005379f00000,0x000000537a000000)]
  0x000001a4c9c73800 JavaThread "Cache worker for execution history cache (C:\Users\Dark Knight\.gradle\caches\7.0.2\executionHistory)" [_thread_blocked, id=43876, stack(0x000000537a000000,0x000000537a100000)]
  0x000001a4c9c78000 JavaThread "jar transforms" [_thread_blocked, id=51020, stack(0x000000537a200000,0x000000537a300000)]
  0x000001a4c9c76800 JavaThread "jar transforms Thread 2" [_thread_blocked, id=3724, stack(0x000000537a300000,0x000000537a400000)]
  0x000001a4c9c77800 JavaThread "Cache worker for file content cache (C:\Users\Dark Knight\.gradle\caches\7.0.2\fileContent)" [_thread_blocked, id=40020, stack(0x000000537a400000,0x000000537a500000)]
  0x000001a4c9c72800 JavaThread "Cache worker for dependencies-accessors (C:\Android Projects\Udemy TUTORIAL\7MinuteWorkout2\.gradle\7.0.2\dependencies-accessors)" [_thread_blocked, id=47288, stack(0x000000537a500000,0x000000537a600000)]
  0x000001a4c9c75000 JavaThread "jar transforms Thread 3" [_thread_blocked, id=45164, stack(0x000000537a600000,0x000000537a700000)]
  0x000001a4c9c79000 JavaThread "Cache worker for Build Output Cleanup Cache (C:\Android Projects\Udemy TUTORIAL\7MinuteWorkout2\.gradle\buildOutputCleanup)" [_thread_in_vm, id=22980, stack(0x000000537a700000,0x000000537a800000)]
  0x000001a4c9c76000 JavaThread "Build operations" [_thread_blocked, id=21280, stack(0x000000537a800000,0x000000537a900000)]
  0x000001a4c9c7b800 JavaThread "Build operations Thread 2" [_thread_blocked, id=50888, stack(0x000000537a900000,0x000000537aa00000)]
  0x000001a4c9c7d000 JavaThread "Build operations Thread 3" [_thread_blocked, id=38560, stack(0x000000537aa00000,0x000000537ab00000)]
  0x000001a4c9c7e000 JavaThread "Build operations Thread 4" [_thread_blocked, id=42976, stack(0x000000537ab00000,0x000000537ac00000)]
  0x000001a4c9c7a800 JavaThread "Build operations Thread 5" [_thread_blocked, id=28752, stack(0x000000537ac00000,0x000000537ad00000)]
  0x000001a4c9c7a000 JavaThread "Build operations Thread 6" [_thread_blocked, id=45512, stack(0x000000537ad00000,0x000000537ae00000)]
  0x000001a4c9c7f800 JavaThread "Build operations Thread 7" [_thread_blocked, id=49032, stack(0x000000537ae00000,0x000000537af00000)]
  0x000001a4c9c7f000 JavaThread "Build operations Thread 8" [_thread_blocked, id=33780, stack(0x000000537af00000,0x000000537b000000)]
  0x000001a4c9c7c800 JavaThread "jar transforms Thread 4" [_thread_blocked, id=14212, stack(0x000000537b000000,0x000000537b100000)]
  0x000001a4c9c80800 JavaThread "jar transforms Thread 5" [_thread_blocked, id=42604, stack(0x000000537b100000,0x000000537b200000)]
  0x000001a4c9c81000 JavaThread "jar transforms Thread 6" [_thread_blocked, id=37836, stack(0x000000537b200000,0x000000537b300000)]
  0x000001a4ca42b800 JavaThread "jar transforms Thread 7" [_thread_blocked, id=17136, stack(0x000000537b300000,0x000000537b400000)]
  0x000001a4ca42f800 JavaThread "jar transforms Thread 8" [_thread_blocked, id=46032, stack(0x000000537b400000,0x000000537b500000)]
  0x000001a4ca42f000 JavaThread "Memory manager" [_thread_blocked, id=50112, stack(0x000000537b500000,0x000000537b600000)]
  0x000001a4ca430800 JavaThread "build event listener" [_thread_blocked, id=45072, stack(0x000000537b600000,0x000000537b700000)]
  0x000001a4ca42a800 JavaThread "pool-3-thread-1" [_thread_blocked, id=4308, stack(0x000000537b700000,0x000000537b800000)]
  0x000001a4ca433000 JavaThread "build event listener" [_thread_blocked, id=45316, stack(0x000000537b800000,0x000000537b900000)]
  0x000001a4ca431000 JavaThread "Execution worker for ':'" [_thread_blocked, id=21448, stack(0x000000537b900000,0x000000537ba00000)]
  0x000001a4ca432000 JavaThread "Execution worker for ':' Thread 2" [_thread_blocked, id=46828, stack(0x000000537ba00000,0x000000537bb00000)]
  0x000001a4ca42e000 JavaThread "Execution worker for ':' Thread 3" [_thread_blocked, id=39332, stack(0x000000537bb00000,0x000000537bc00000)]
  0x000001a4ca439800 JavaThread "Execution worker for ':' Thread 4" [_thread_blocked, id=4556, stack(0x000000537bc00000,0x000000537bd00000)]
  0x000001a4ca433800 JavaThread "Execution worker for ':' Thread 5" [_thread_blocked, id=29204, stack(0x000000537bd00000,0x000000537be00000)]
  0x000001a4ca437000 JavaThread "Execution worker for ':' Thread 6" [_thread_in_Java, id=28304, stack(0x000000537be00000,0x000000537bf00000)]
  0x000001a4ca435800 JavaThread "Execution worker for ':' Thread 7" [_thread_blocked, id=49816, stack(0x000000537bf00000,0x000000537c000000)]
  0x000001a4ca434800 JavaThread "Cache worker for execution history cache (C:\Android Projects\Udemy TUTORIAL\7MinuteWorkout2\.gradle\7.0.2\executionHistory)" [_thread_in_native, id=29680, stack(0x000000537c000000,0x000000537c100000)]
  0x000001a4ca438800 JavaThread "RMI Scheduler(0)" daemon [_thread_blocked, id=9632, stack(0x0000005379700000,0x0000005379800000)]
  0x000001a4d2acb000 JavaThread "RMI RenewClean-[127.0.0.1:17335,org.jetbrains.kotlin.daemon.common.LoopbackNetworkInterface$ClientLoopbackSocketFactory@189efb94]" daemon [_thread_blocked, id=16368, stack(0x000000537a100000,0x000000537a200000)]
  0x000001a4d2ac5000 JavaThread "RMI GC Daemon" daemon [_thread_blocked, id=48472, stack(0x000000537c100000,0x000000537c200000)]
  0x000001a4d2acb800 JavaThread "RMI TCP Accept-0" daemon [_thread_in_native, id=29868, stack(0x000000537c200000,0x000000537c300000)]
  0x000001a4d2ac9000 JavaThread "RMI Reaper" [_thread_blocked, id=49920, stack(0x000000537c300000,0x000000537c400000)]
  0x000001a4d2ac6000 JavaThread "RMI TCP Connection(idle)" daemon [_thread_blocked, id=37492, stack(0x000000537c400000,0x000000537c500000)]

Other Threads:
  0x000001a4c683f000 VMThread "VM Thread" [stack: 0x0000005377900000,0x0000005377a00000] [id=10416]
  0x000001a4c732d000 WatcherThread [stack: 0x0000005378300000,0x0000005378400000] [id=13660]
  0x000001a4abd64000 GCTaskThread "GC Thread#0" [stack: 0x0000005377400000,0x0000005377500000] [id=44992]
  0x000001a4c8238800 GCTaskThread "GC Thread#1" [stack: 0x0000005378600000,0x0000005378700000] [id=45364]
  0x000001a4c885a800 GCTaskThread "GC Thread#2" [stack: 0x0000005378700000,0x0000005378800000] [id=49164]
  0x000001a4c78c5800 GCTaskThread "GC Thread#3" [stack: 0x0000005379000000,0x0000005379100000] [id=45012]
  0x000001a4c9980000 GCTaskThread "GC Thread#4" [stack: 0x0000005379100000,0x0000005379200000] [id=36856]
  0x000001a4c9adf000 GCTaskThread "GC Thread#5" [stack: 0x0000005379200000,0x0000005379300000] [id=39848]
  0x000001a4c83d7800 GCTaskThread "GC Thread#6" [stack: 0x0000005379300000,0x0000005379400000] [id=3516]
  0x000001a4c93f6800 GCTaskThread "GC Thread#7" [stack: 0x0000005379400000,0x0000005379500000] [id=46192]
  0x000001a4abd95000 ConcurrentGCThread "G1 Main Marker" [stack: 0x0000005377500000,0x0000005377600000] [id=41728]
  0x000001a4abd97800 ConcurrentGCThread "G1 Conc#0" [stack: 0x0000005377600000,0x0000005377700000] [id=41672]
  0x000001a4ca1a0800 ConcurrentGCThread "G1 Conc#1" [stack: 0x0000005379800000,0x0000005379900000] [id=40312]
  0x000001a4abe29000 ConcurrentGCThread "G1 Refine#0" [stack: 0x0000005377700000,0x0000005377800000] [id=46096]
  0x000001a4c6690800 ConcurrentGCThread "G1 Young RemSet Sampling" [stack: 0x0000005377800000,0x0000005377900000] [id=35752]

Threads with active compile tasks:
C2 CompilerThread0  42353 10165       4       org.gradle.internal.snapshot.VfsRelativePath::of (14 bytes)
C1 CompilerThread0  42353 10172       3       org.gradle.internal.snapshot.impl.SnapshotSerializer::write (886 bytes)

VM state:not at safepoint (normal execution)

VM Mutex/Monitor currently owned by a thread: None

Heap address: 0x0000000080000000, size: 2048 MB, Compressed Oops mode: 32-bit
Narrow klass base: 0x0000000000000000, Narrow klass shift: 3
Compressed class space size: 1073741824 Address: 0x0000000100000000

Heap:
 garbage-first heap   total 189440K, used 99006K [0x0000000080000000, 0x0000000100000000)
  region size 1024K, 32 young (32768K), 8 survivors (8192K)
 Metaspace       used 91431K, capacity 93890K, committed 94028K, reserved 1130496K
  class space    used 11900K, capacity 12829K, committed 12876K, reserved 1048576K
Heap Regions: E=young(eden), S=young(survivor), O=old, HS=humongous(starts), HC=humongous(continues), CS=collection set, F=free, A=archive, TAMS=top-at-mark-start (previous, next)
|   0|0x0000000080000000, 0x0000000080100000, 0x0000000080100000|100%| O|  |TAMS 0x0000000080100000, 0x0000000080000000| Untracked 
|   1|0x0000000080100000, 0x0000000080200000, 0x0000000080200000|100%| O|  |TAMS 0x0000000080200000, 0x0000000080100000| Untracked 
|   2|0x0000000080200000, 0x0000000080300000, 0x0000000080300000|100%| O|  |TAMS 0x0000000080300000, 0x0000000080200000| Untracked 
|   3|0x0000000080300000, 0x0000000080400000, 0x0000000080400000|100%|HS|  |TAMS 0x0000000080400000, 0x0000000080300000| Complete 
|   4|0x0000000080400000, 0x0000000080500000, 0x0000000080500000|100%|HC|  |TAMS 0x0000000080500000, 0x0000000080400000| Complete 
|   5|0x0000000080500000, 0x0000000080600000, 0x0000000080600000|100%|HC|  |TAMS 0x0000000080600000, 0x0000000080500000| Complete 
|   6|0x0000000080600000, 0x0000000080700000, 0x0000000080700000|100%| O|  |TAMS 0x0000000080700000, 0x0000000080600000| Untracked 
|   7|0x0000000080700000, 0x0000000080800000, 0x0000000080800000|100%| O|  |TAMS 0x0000000080800000, 0x0000000080700000| Untracked 
|   8|0x0000000080800000, 0x0000000080900000, 0x0000000080900000|100%| O|  |TAMS 0x0000000080900000, 0x0000000080800000| Untracked 
|   9|0x0000000080900000, 0x0000000080a00000, 0x0000000080a00000|100%| O|  |TAMS 0x0000000080a00000, 0x0000000080900000| Untracked 
|  10|0x0000000080a00000, 0x0000000080b00000, 0x0000000080b00000|100%| O|  |TAMS 0x0000000080b00000, 0x0000000080a00000| Untracked 
|  11|0x0000000080b00000, 0x0000000080c00000, 0x0000000080c00000|100%| O|  |TAMS 0x0000000080c00000, 0x0000000080b00000| Untracked 
|  12|0x0000000080c00000, 0x0000000080d00000, 0x0000000080d00000|100%| O|  |TAMS 0x0000000080d00000, 0x0000000080c00000| Untracked 
|  13|0x0000000080d00000, 0x0000000080e00000, 0x0000000080e00000|100%| O|  |TAMS 0x0000000080e00000, 0x0000000080d00000| Untracked 
|  14|0x0000000080e00000, 0x0000000080f00000, 0x0000000080f00000|100%| O|  |TAMS 0x0000000080f00000, 0x0000000080e00000| Untracked 
|  15|0x0000000080f00000, 0x0000000081000000, 0x0000000081000000|100%| O|  |TAMS 0x0000000081000000, 0x0000000080f00000| Untracked 
|  16|0x0000000081000000, 0x0000000081100000, 0x0000000081100000|100%|HS|  |TAMS 0x0000000081100000, 0x0000000081000000| Complete 
|  17|0x0000000081100000, 0x0000000081200000, 0x0000000081200000|100%| O|  |TAMS 0x0000000081200000, 0x0000000081100000| Untracked 
|  18|0x0000000081200000, 0x0000000081300000, 0x0000000081300000|100%| O|  |TAMS 0x0000000081300000, 0x0000000081200000| Untracked 
|  19|0x0000000081300000, 0x0000000081400000, 0x0000000081400000|100%| O|  |TAMS 0x0000000081400000, 0x0000000081300000| Untracked 
|  20|0x0000000081400000, 0x0000000081500000, 0x0000000081500000|100%| O|  |TAMS 0x0000000081500000, 0x0000000081400000| Untracked 
|  21|0x0000000081500000, 0x0000000081600000, 0x0000000081600000|100%| O|  |TAMS 0x0000000081600000, 0x0000000081500000| Untracked 
|  22|0x0000000081600000, 0x0000000081700000, 0x0000000081700000|100%| O|  |TAMS 0x0000000081700000, 0x0000000081600000| Untracked 
|  23|0x0000000081700000, 0x0000000081800000, 0x0000000081800000|100%| O|  |TAMS 0x0000000081800000, 0x0000000081700000| Untracked 
|  24|0x0000000081800000, 0x0000000081900000, 0x0000000081900000|100%| O|  |TAMS 0x0000000081900000, 0x0000000081800000| Untracked 
|  25|0x0000000081900000, 0x0000000081a00000, 0x0000000081a00000|100%| O|  |TAMS 0x0000000081a00000, 0x0000000081900000| Untracked 
|  26|0x0000000081a00000, 0x0000000081b00000, 0x0000000081b00000|100%| O|  |TAMS 0x0000000081b00000, 0x0000000081a00000| Untracked 
|  27|0x0000000081b00000, 0x0000000081c00000, 0x0000000081c00000|100%|HS|  |TAMS 0x0000000081c00000, 0x0000000081b00000| Complete 
|  28|0x0000000081c00000, 0x0000000081d00000, 0x0000000081d00000|100%|HS|  |TAMS 0x0000000081d00000, 0x0000000081c00000| Complete 
|  29|0x0000000081d00000, 0x0000000081e00000, 0x0000000081e00000|100%|HC|  |TAMS 0x0000000081e00000, 0x0000000081d00000| Complete 
|  30|0x0000000081e00000, 0x0000000081f00000, 0x0000000081f00000|100%|HC|  |TAMS 0x0000000081f00000, 0x0000000081e00000| Complete 
|  31|0x0000000081f00000, 0x0000000082000000, 0x0000000082000000|100%|HS|  |TAMS 0x0000000082000000, 0x0000000081f00000| Complete 
|  32|0x0000000082000000, 0x0000000082100000, 0x0000000082100000|100%|HC|  |TAMS 0x0000000082100000, 0x0000000082000000| Complete 
|  33|0x0000000082100000, 0x0000000082200000, 0x0000000082200000|100%| O|  |TAMS 0x0000000082200000, 0x0000000082100000| Untracked 
|  34|0x0000000082200000, 0x0000000082300000, 0x0000000082300000|100%| O|  |TAMS 0x0000000082300000, 0x0000000082200000| Untracked 
|  35|0x0000000082300000, 0x0000000082400000, 0x0000000082400000|100%| O|  |TAMS 0x0000000082400000, 0x0000000082300000| Untracked 
|  36|0x0000000082400000, 0x0000000082500000, 0x0000000082500000|100%| O|  |TAMS 0x0000000082500000, 0x0000000082400000| Untracked 
|  37|0x0000000082500000, 0x0000000082600000, 0x0000000082600000|100%| O|  |TAMS 0x0000000082600000, 0x0000000082500000| Untracked 
|  38|0x0000000082600000, 0x0000000082700000, 0x0000000082700000|100%| O|  |TAMS 0x0000000082700000, 0x0000000082600000| Untracked 
|  39|0x0000000082700000, 0x0000000082800000, 0x0000000082800000|100%| O|  |TAMS 0x0000000082800000, 0x0000000082700000| Untracked 
|  40|0x0000000082800000, 0x0000000082900000, 0x0000000082900000|100%| O|  |TAMS 0x0000000082900000, 0x0000000082800000| Untracked 
|  41|0x0000000082900000, 0x0000000082a00000, 0x0000000082a00000|100%| O|  |TAMS 0x0000000082a00000, 0x0000000082900000| Untracked 
|  42|0x0000000082a00000, 0x0000000082b00000, 0x0000000082b00000|100%| O|  |TAMS 0x0000000082b00000, 0x0000000082a00000| Untracked 
|  43|0x0000000082b00000, 0x0000000082c00000, 0x0000000082c00000|100%| O|  |TAMS 0x0000000082bf4c00, 0x0000000082b00000| Untracked 
|  44|0x0000000082c00000, 0x0000000082d00000, 0x0000000082d00000|100%| O|  |TAMS 0x0000000082c00000, 0x0000000082c00000| Untracked 
|  45|0x0000000082d00000, 0x0000000082e00000, 0x0000000082e00000|100%| O|  |TAMS 0x0000000082d00000, 0x0000000082d00000| Untracked 
|  46|0x0000000082e00000, 0x0000000082f00000, 0x0000000082f00000|100%| O|  |TAMS 0x0000000082e00000, 0x0000000082e00000| Untracked 
|  47|0x0000000082f00000, 0x0000000083000000, 0x0000000083000000|100%| O|  |TAMS 0x0000000082f00000, 0x0000000082f00000| Untracked 
|  48|0x0000000083000000, 0x0000000083100000, 0x0000000083100000|100%| O|  |TAMS 0x0000000083000000, 0x0000000083000000| Untracked 
|  49|0x0000000083100000, 0x0000000083200000, 0x0000000083200000|100%| O|  |TAMS 0x0000000083100000, 0x0000000083100000| Untracked 
|  50|0x0000000083200000, 0x0000000083300000, 0x0000000083300000|100%| O|  |TAMS 0x0000000083200000, 0x0000000083200000| Untracked 
|  51|0x0000000083300000, 0x0000000083400000, 0x0000000083400000|100%| O|  |TAMS 0x0000000083300000, 0x0000000083300000| Untracked 
|  52|0x0000000083400000, 0x0000000083500000, 0x0000000083500000|100%| O|  |TAMS 0x0000000083400000, 0x0000000083400000| Untracked 
|  53|0x0000000083500000, 0x0000000083600000, 0x0000000083600000|100%| O|  |TAMS 0x0000000083500000, 0x0000000083500000| Untracked 
|  54|0x0000000083600000, 0x0000000083700000, 0x0000000083700000|100%| O|  |TAMS 0x0000000083600000, 0x0000000083600000| Untracked 
|  55|0x0000000083700000, 0x0000000083800000, 0x0000000083800000|100%| O|  |TAMS 0x0000000083700000, 0x0000000083700000| Untracked 
|  56|0x0000000083800000, 0x0000000083900000, 0x0000000083900000|100%| O|  |TAMS 0x0000000083800000, 0x0000000083800000| Untracked 
|  57|0x0000000083900000, 0x0000000083a00000, 0x0000000083a00000|100%| O|  |TAMS 0x0000000083900000, 0x0000000083900000| Untracked 
|  58|0x0000000083a00000, 0x0000000083b00000, 0x0000000083b00000|100%| O|  |TAMS 0x0000000083a00000, 0x0000000083a00000| Untracked 
|  59|0x0000000083b00000, 0x0000000083c00000, 0x0000000083c00000|100%| O|  |TAMS 0x0000000083b00000, 0x0000000083b00000| Untracked 
|  60|0x0000000083c00000, 0x0000000083d00000, 0x0000000083d00000|100%| O|  |TAMS 0x0000000083c00000, 0x0000000083c00000| Untracked 
|  61|0x0000000083d00000, 0x0000000083e00000, 0x0000000083e00000|100%| O|  |TAMS 0x0000000083d00000, 0x0000000083d00000| Untracked 
|  62|0x0000000083e00000, 0x0000000083f00000, 0x0000000083f00000|100%| O|  |TAMS 0x0000000083e00000, 0x0000000083e00000| Untracked 
|  63|0x0000000083f00000, 0x0000000084000000, 0x0000000084000000|100%| O|  |TAMS 0x0000000083f00000, 0x0000000083f00000| Untracked 
|  64|0x0000000084000000, 0x0000000084100000, 0x0000000084100000|100%| O|  |TAMS 0x0000000084000000, 0x0000000084000000| Untracked 
|  65|0x0000000084100000, 0x00000000841ca400, 0x0000000084200000| 79%| O|  |TAMS 0x0000000084100000, 0x0000000084100000| Untracked 
|  66|0x0000000084200000, 0x0000000084200000, 0x0000000084300000|  0%| F|  |TAMS 0x0000000084200000, 0x0000000084200000| Untracked 
|  67|0x0000000084300000, 0x0000000084300000, 0x0000000084400000|  0%| F|  |TAMS 0x0000000084300000, 0x0000000084300000| Untracked 
|  68|0x0000000084400000, 0x0000000084400000, 0x0000000084500000|  0%| F|  |TAMS 0x0000000084400000, 0x0000000084400000| Untracked 
|  69|0x0000000084500000, 0x0000000084500000, 0x0000000084600000|  0%| F|  |TAMS 0x0000000084500000, 0x0000000084500000| Untracked 
|  70|0x0000000084600000, 0x0000000084600000, 0x0000000084700000|  0%| F|  |TAMS 0x0000000084600000, 0x0000000084600000| Untracked 
|  71|0x0000000084700000, 0x0000000084700000, 0x0000000084800000|  0%| F|  |TAMS 0x0000000084700000, 0x0000000084700000| Untracked 
|  72|0x0000000084800000, 0x0000000084800000, 0x0000000084900000|  0%| F|  |TAMS 0x0000000084800000, 0x0000000084800000| Untracked 
|  73|0x0000000084900000, 0x0000000084900000, 0x0000000084a00000|  0%| F|  |TAMS 0x0000000084900000, 0x0000000084900000| Untracked 
|  74|0x0000000084a00000, 0x0000000084a00000, 0x0000000084b00000|  0%| F|  |TAMS 0x0000000084a00000, 0x0000000084a00000| Untracked 
|  75|0x0000000084b00000, 0x0000000084b00000, 0x0000000084c00000|  0%| F|  |TAMS 0x0000000084b00000, 0x0000000084b00000| Untracked 
|  76|0x0000000084c00000, 0x0000000084c00000, 0x0000000084d00000|  0%| F|  |TAMS 0x0000000084c00000, 0x0000000084c00000| Untracked 
|  77|0x0000000084d00000, 0x0000000084d00000, 0x0000000084e00000|  0%| F|  |TAMS 0x0000000084d00000, 0x0000000084d00000| Untracked 
|  78|0x0000000084e00000, 0x0000000084e00000, 0x0000000084f00000|  0%| F|  |TAMS 0x0000000084e00000, 0x0000000084e00000| Untracked 
|  79|0x0000000084f00000, 0x0000000084f00000, 0x0000000085000000|  0%| F|  |TAMS 0x0000000084f00000, 0x0000000084f00000| Untracked 
|  80|0x0000000085000000, 0x0000000085000000, 0x0000000085100000|  0%| F|  |TAMS 0x0000000085000000, 0x0000000085000000| Untracked 
|  81|0x0000000085100000, 0x0000000085100000, 0x0000000085200000|  0%| F|  |TAMS 0x0000000085100000, 0x0000000085100000| Untracked 
|  82|0x0000000085200000, 0x0000000085200000, 0x0000000085300000|  0%| F|  |TAMS 0x0000000085200000, 0x0000000085200000| Untracked 
|  83|0x0000000085300000, 0x0000000085300000, 0x0000000085400000|  0%| F|  |TAMS 0x0000000085300000, 0x0000000085300000| Untracked 
|  84|0x0000000085400000, 0x0000000085400000, 0x0000000085500000|  0%| F|  |TAMS 0x0000000085400000, 0x0000000085400000| Untracked 
|  85|0x0000000085500000, 0x0000000085500000, 0x0000000085600000|  0%| F|  |TAMS 0x0000000085500000, 0x0000000085500000| Untracked 
|  86|0x0000000085600000, 0x0000000085600000, 0x0000000085700000|  0%| F|  |TAMS 0x0000000085600000, 0x0000000085600000| Untracked 
|  87|0x0000000085700000, 0x0000000085700000, 0x0000000085800000|  0%| F|  |TAMS 0x0000000085700000, 0x0000000085700000| Untracked 
|  88|0x0000000085800000, 0x0000000085800000, 0x0000000085900000|  0%| F|  |TAMS 0x0000000085800000, 0x0000000085800000| Untracked 
|  89|0x0000000085900000, 0x0000000085900000, 0x0000000085a00000|  0%| F|  |TAMS 0x0000000085900000, 0x0000000085900000| Untracked 
|  90|0x0000000085a00000, 0x0000000085a00000, 0x0000000085b00000|  0%| F|  |TAMS 0x0000000085a00000, 0x0000000085a00000| Untracked 
|  91|0x0000000085b00000, 0x0000000085b00000, 0x0000000085c00000|  0%| F|  |TAMS 0x0000000085b00000, 0x0000000085b00000| Untracked 
|  92|0x0000000085c00000, 0x0000000085c00000, 0x0000000085d00000|  0%| F|  |TAMS 0x0000000085c00000, 0x0000000085c00000| Untracked 
|  93|0x0000000085d00000, 0x0000000085d00000, 0x0000000085e00000|  0%| F|  |TAMS 0x0000000085d00000, 0x0000000085d00000| Untracked 
|  94|0x0000000085e00000, 0x0000000085e00000, 0x0000000085f00000|  0%| F|  |TAMS 0x0000000085e00000, 0x0000000085e00000| Untracked 
|  95|0x0000000085f00000, 0x0000000085f00000, 0x0000000086000000|  0%| F|  |TAMS 0x0000000085f00000, 0x0000000085f00000| Untracked 
|  96|0x0000000086000000, 0x0000000086000000, 0x0000000086100000|  0%| F|  |TAMS 0x0000000086000000, 0x0000000086000000| Untracked 
|  97|0x0000000086100000, 0x0000000086100000, 0x0000000086200000|  0%| F|  |TAMS 0x0000000086100000, 0x0000000086100000| Untracked 
|  98|0x0000000086200000, 0x0000000086200000, 0x0000000086300000|  0%| F|  |TAMS 0x0000000086200000, 0x0000000086200000| Untracked 
|  99|0x0000000086300000, 0x0000000086300000, 0x0000000086400000|  0%| F|  |TAMS 0x0000000086300000, 0x0000000086300000| Untracked 
| 100|0x0000000086400000, 0x0000000086400000, 0x0000000086500000|  0%| F|  |TAMS 0x0000000086400000, 0x0000000086400000| Untracked 
| 101|0x0000000086500000, 0x0000000086500000, 0x0000000086600000|  0%| F|  |TAMS 0x0000000086500000, 0x0000000086500000| Untracked 
| 102|0x0000000086600000, 0x00000000866e5588, 0x0000000086700000| 89%| S|CS|TAMS 0x0000000086600000, 0x0000000086600000| Complete 
| 103|0x0000000086700000, 0x0000000086800000, 0x0000000086800000|100%| S|CS|TAMS 0x0000000086700000, 0x0000000086700000| Complete 
| 104|0x0000000086800000, 0x0000000086900000, 0x0000000086900000|100%| S|CS|TAMS 0x0000000086800000, 0x0000000086800000| Complete 
| 105|0x0000000086900000, 0x0000000086a00000, 0x0000000086a00000|100%| S|CS|TAMS 0x0000000086900000, 0x0000000086900000| Complete 
| 106|0x0000000086a00000, 0x0000000086b00000, 0x0000000086b00000|100%| S|CS|TAMS 0x0000000086a00000, 0x0000000086a00000| Complete 
| 107|0x0000000086b00000, 0x0000000086c00000, 0x0000000086c00000|100%| S|CS|TAMS 0x0000000086b00000, 0x0000000086b00000| Complete 
| 108|0x0000000086c00000, 0x0000000086d00000, 0x0000000086d00000|100%| S|CS|TAMS 0x0000000086c00000, 0x0000000086c00000| Complete 
| 109|0x0000000086d00000, 0x0000000086e00000, 0x0000000086e00000|100%| S|CS|TAMS 0x0000000086d00000, 0x0000000086d00000| Complete 
| 110|0x0000000086e00000, 0x0000000086e00000, 0x0000000086f00000|  0%| F|  |TAMS 0x0000000086e00000, 0x0000000086e00000| Untracked 
| 111|0x0000000086f00000, 0x0000000086f00000, 0x0000000087000000|  0%| F|  |TAMS 0x0000000086f00000, 0x0000000086f00000| Untracked 
| 112|0x0000000087000000, 0x0000000087000000, 0x0000000087100000|  0%| F|  |TAMS 0x0000000087000000, 0x0000000087000000| Untracked 
| 113|0x0000000087100000, 0x0000000087100000, 0x0000000087200000|  0%| F|  |TAMS 0x0000000087100000, 0x0000000087100000| Untracked 
| 114|0x0000000087200000, 0x0000000087200000, 0x0000000087300000|  0%| F|  |TAMS 0x0000000087200000, 0x0000000087200000| Untracked 
| 115|0x0000000087300000, 0x0000000087300000, 0x0000000087400000|  0%| F|  |TAMS 0x0000000087300000, 0x0000000087300000| Untracked 
| 116|0x0000000087400000, 0x0000000087400000, 0x0000000087500000|  0%| F|  |TAMS 0x0000000087400000, 0x0000000087400000| Untracked 
| 117|0x0000000087500000, 0x0000000087500000, 0x0000000087600000|  0%| F|  |TAMS 0x0000000087500000, 0x0000000087500000| Untracked 
| 118|0x0000000087600000, 0x0000000087600000, 0x0000000087700000|  0%| F|  |TAMS 0x0000000087600000, 0x0000000087600000| Untracked 
| 119|0x0000000087700000, 0x0000000087700000, 0x0000000087800000|  0%| F|  |TAMS 0x0000000087700000, 0x0000000087700000| Untracked 
| 120|0x0000000087800000, 0x0000000087800000, 0x0000000087900000|  0%| F|  |TAMS 0x0000000087800000, 0x0000000087800000| Untracked 
| 121|0x0000000087900000, 0x0000000087900000, 0x0000000087a00000|  0%| F|  |TAMS 0x0000000087900000, 0x0000000087900000| Untracked 
| 122|0x0000000087a00000, 0x0000000087a00000, 0x0000000087b00000|  0%| F|  |TAMS 0x0000000087a00000, 0x0000000087a00000| Untracked 
| 123|0x0000000087b00000, 0x0000000087b00000, 0x0000000087c00000|  0%| F|  |TAMS 0x0000000087b00000, 0x0000000087b00000| Untracked 
| 124|0x0000000087c00000, 0x0000000087c00000, 0x0000000087d00000|  0%| F|  |TAMS 0x0000000087c00000, 0x0000000087c00000| Untracked 
| 125|0x0000000087d00000, 0x0000000087d00000, 0x0000000087e00000|  0%| F|  |TAMS 0x0000000087d00000, 0x0000000087d00000| Untracked 
| 126|0x0000000087e00000, 0x0000000087e00000, 0x0000000087f00000|  0%| F|  |TAMS 0x0000000087e00000, 0x0000000087e00000| Untracked 
| 127|0x0000000087f00000, 0x0000000087f00000, 0x0000000088000000|  0%| F|  |TAMS 0x0000000087f00000, 0x0000000087f00000| Untracked 
| 128|0x0000000088000000, 0x0000000088000000, 0x0000000088100000|  0%| F|  |TAMS 0x0000000088000000, 0x0000000088000000| Untracked 
| 129|0x0000000088100000, 0x0000000088100000, 0x0000000088200000|  0%| F|  |TAMS 0x0000000088100000, 0x0000000088100000| Untracked 
| 130|0x0000000088200000, 0x0000000088200000, 0x0000000088300000|  0%| F|  |TAMS 0x0000000088200000, 0x0000000088200000| Untracked 
| 131|0x0000000088300000, 0x0000000088300000, 0x0000000088400000|  0%| F|  |TAMS 0x0000000088300000, 0x0000000088300000| Untracked 
| 132|0x0000000088400000, 0x0000000088400000, 0x0000000088500000|  0%| F|  |TAMS 0x0000000088400000, 0x0000000088400000| Untracked 
| 133|0x0000000088500000, 0x0000000088500000, 0x0000000088600000|  0%| F|  |TAMS 0x0000000088500000, 0x0000000088500000| Untracked 
| 134|0x0000000088600000, 0x0000000088600000, 0x0000000088700000|  0%| F|  |TAMS 0x0000000088600000, 0x0000000088600000| Untracked 
| 135|0x0000000088700000, 0x0000000088700000, 0x0000000088800000|  0%| F|  |TAMS 0x0000000088700000, 0x0000000088700000| Untracked 
| 136|0x0000000088800000, 0x0000000088800000, 0x0000000088900000|  0%| F|  |TAMS 0x0000000088800000, 0x0000000088800000| Untracked 
| 137|0x0000000088900000, 0x0000000088900000, 0x0000000088a00000|  0%| F|  |TAMS 0x0000000088900000, 0x0000000088900000| Untracked 
| 138|0x0000000088a00000, 0x0000000088a00000, 0x0000000088b00000|  0%| F|  |TAMS 0x0000000088a00000, 0x0000000088a00000| Untracked 
| 139|0x0000000088b00000, 0x0000000088b00000, 0x0000000088c00000|  0%| F|  |TAMS 0x0000000088b00000, 0x0000000088b00000| Untracked 
| 140|0x0000000088c00000, 0x0000000088c00000, 0x0000000088d00000|  0%| F|  |TAMS 0x0000000088c00000, 0x0000000088c00000| Untracked 
| 141|0x0000000088d00000, 0x0000000088d00000, 0x0000000088e00000|  0%| F|  |TAMS 0x0000000088d00000, 0x0000000088d00000| Untracked 
| 142|0x0000000088e00000, 0x0000000088e00000, 0x0000000088f00000|  0%| F|  |TAMS 0x0000000088e00000, 0x0000000088e00000| Untracked 
| 143|0x0000000088f00000, 0x0000000088f00000, 0x0000000089000000|  0%| F|  |TAMS 0x0000000088f00000, 0x0000000088f00000| Untracked 
| 144|0x0000000089000000, 0x0000000089000000, 0x0000000089100000|  0%| F|  |TAMS 0x0000000089000000, 0x0000000089000000| Untracked 
| 145|0x0000000089100000, 0x0000000089100000, 0x0000000089200000|  0%| F|  |TAMS 0x0000000089100000, 0x0000000089100000| Untracked 
| 146|0x0000000089200000, 0x0000000089200000, 0x0000000089300000|  0%| F|  |TAMS 0x0000000089200000, 0x0000000089200000| Untracked 
| 147|0x0000000089300000, 0x0000000089300000, 0x0000000089400000|  0%| F|  |TAMS 0x0000000089300000, 0x0000000089300000| Untracked 
| 148|0x0000000089400000, 0x0000000089400000, 0x0000000089500000|  0%| F|  |TAMS 0x0000000089400000, 0x0000000089400000| Untracked 
| 149|0x0000000089500000, 0x0000000089500000, 0x0000000089600000|  0%| F|  |TAMS 0x0000000089500000, 0x0000000089500000| Untracked 
| 150|0x0000000089600000, 0x0000000089600000, 0x0000000089700000|  0%| F|  |TAMS 0x0000000089600000, 0x0000000089600000| Untracked 
| 151|0x0000000089700000, 0x0000000089700000, 0x0000000089800000|  0%| F|  |TAMS 0x0000000089700000, 0x0000000089700000| Untracked 
| 152|0x0000000089800000, 0x0000000089800000, 0x0000000089900000|  0%| F|  |TAMS 0x0000000089800000, 0x0000000089800000| Untracked 
| 153|0x0000000089900000, 0x0000000089900000, 0x0000000089a00000|  0%| F|  |TAMS 0x0000000089900000, 0x0000000089900000| Untracked 
| 154|0x0000000089a00000, 0x0000000089a00000, 0x0000000089b00000|  0%| F|  |TAMS 0x0000000089a00000, 0x0000000089a00000| Untracked 
| 155|0x0000000089b00000, 0x0000000089b00000, 0x0000000089c00000|  0%| F|  |TAMS 0x0000000089b00000, 0x0000000089b00000| Untracked 
| 156|0x0000000089c00000, 0x0000000089c00000, 0x0000000089d00000|  0%| F|  |TAMS 0x0000000089c00000, 0x0000000089c00000| Untracked 
| 157|0x0000000089d00000, 0x0000000089d00000, 0x0000000089e00000|  0%| F|  |TAMS 0x0000000089d00000, 0x0000000089d00000| Untracked 
| 158|0x0000000089e00000, 0x0000000089e87a60, 0x0000000089f00000| 52%| E|  |TAMS 0x0000000089e00000, 0x0000000089e00000| Complete 
| 159|0x0000000089f00000, 0x000000008a000000, 0x000000008a000000|100%| E|CS|TAMS 0x0000000089f00000, 0x0000000089f00000| Complete 
| 160|0x000000008a000000, 0x000000008a100000, 0x000000008a100000|100%| E|CS|TAMS 0x000000008a000000, 0x000000008a000000| Complete 
| 161|0x000000008a100000, 0x000000008a200000, 0x000000008a200000|100%| E|CS|TAMS 0x000000008a100000, 0x000000008a100000| Complete 
| 162|0x000000008a200000, 0x000000008a300000, 0x000000008a300000|100%| E|CS|TAMS 0x000000008a200000, 0x000000008a200000| Complete 
| 163|0x000000008a300000, 0x000000008a400000, 0x000000008a400000|100%| E|CS|TAMS 0x000000008a300000, 0x000000008a300000| Complete 
| 164|0x000000008a400000, 0x000000008a500000, 0x000000008a500000|100%| E|CS|TAMS 0x000000008a400000, 0x000000008a400000| Complete 
| 165|0x000000008a500000, 0x000000008a600000, 0x000000008a600000|100%| E|CS|TAMS 0x000000008a500000, 0x000000008a500000| Complete 
| 166|0x000000008a600000, 0x000000008a700000, 0x000000008a700000|100%| E|CS|TAMS 0x000000008a600000, 0x000000008a600000| Complete 
| 167|0x000000008a700000, 0x000000008a800000, 0x000000008a800000|100%| E|CS|TAMS 0x000000008a700000, 0x000000008a700000| Complete 
| 168|0x000000008a800000, 0x000000008a900000, 0x000000008a900000|100%| E|CS|TAMS 0x000000008a800000, 0x000000008a800000| Complete 
| 169|0x000000008a900000, 0x000000008aa00000, 0x000000008aa00000|100%| E|CS|TAMS 0x000000008a900000, 0x000000008a900000| Complete 
| 170|0x000000008aa00000, 0x000000008ab00000, 0x000000008ab00000|100%| E|CS|TAMS 0x000000008aa00000, 0x000000008aa00000| Complete 
| 171|0x000000008ab00000, 0x000000008ac00000, 0x000000008ac00000|100%| E|CS|TAMS 0x000000008ab00000, 0x000000008ab00000| Complete 
| 172|0x000000008ac00000, 0x000000008ad00000, 0x000000008ad00000|100%| E|CS|TAMS 0x000000008ac00000, 0x000000008ac00000| Complete 
| 173|0x000000008ad00000, 0x000000008ae00000, 0x000000008ae00000|100%| E|CS|TAMS 0x000000008ad00000, 0x000000008ad00000| Complete 
| 174|0x000000008ae00000, 0x000000008af00000, 0x000000008af00000|100%| E|CS|TAMS 0x000000008ae00000, 0x000000008ae00000| Complete 
| 175|0x000000008af00000, 0x000000008b000000, 0x000000008b000000|100%| E|CS|TAMS 0x000000008af00000, 0x000000008af00000| Complete 
| 176|0x000000008b000000, 0x000000008b100000, 0x000000008b100000|100%| E|CS|TAMS 0x000000008b000000, 0x000000008b000000| Complete 
| 177|0x000000008b100000, 0x000000008b200000, 0x000000008b200000|100%| E|CS|TAMS 0x000000008b100000, 0x000000008b100000| Complete 
| 178|0x000000008b200000, 0x000000008b300000, 0x000000008b300000|100%| E|CS|TAMS 0x000000008b200000, 0x000000008b200000| Complete 
| 179|0x000000008b300000, 0x000000008b400000, 0x000000008b400000|100%| E|CS|TAMS 0x000000008b300000, 0x000000008b300000| Complete 
| 180|0x000000008b400000, 0x000000008b500000, 0x000000008b500000|100%| E|CS|TAMS 0x000000008b400000, 0x000000008b400000| Complete 
| 181|0x000000008b500000, 0x000000008b600000, 0x000000008b600000|100%| E|CS|TAMS 0x000000008b500000, 0x000000008b500000| Complete 
| 182|0x000000008b600000, 0x000000008b700000, 0x000000008b700000|100%| E|CS|TAMS 0x000000008b600000, 0x000000008b600000| Complete 
| 183|0x000000008b700000, 0x000000008b800000, 0x000000008b800000|100%| E|CS|TAMS 0x000000008b700000, 0x000000008b700000| Complete 
| 184|0x000000008b800000, 0x000000008b900000, 0x000000008b900000|100%| E|CS|TAMS 0x000000008b800000, 0x000000008b800000| Complete 

Card table byte_map: [0x000001a4bf560000,0x000001a4bf960000] _byte_map_base: 0x000001a4bf160000

Marking Bits (Prev, Next): (CMBitMap*) 0x000001a4abd8c488, (CMBitMap*) 0x000001a4abd8c4c0
 Prev Bits: [0x000001a4bfd60000, 0x000001a4c1d60000)
 Next Bits: [0x000001a4c1d60000, 0x000001a4c3d60000)

Polling page: 0x000001a4aa570000

Metaspace:

Usage:
  Non-class:     79.27 MB capacity,    77.73 MB ( 98%) used,     1.27 MB (  2%) free+waste,   271.13 KB ( <1%) overhead. 
      Class:     12.54 MB capacity,    11.63 MB ( 93%) used,   803.46 KB (  6%) free+waste,   124.63 KB ( <1%) overhead. 
       Both:     91.80 MB capacity,    89.37 MB ( 97%) used,     2.05 MB (  2%) free+waste,   395.75 KB ( <1%) overhead. 

Virtual space:
  Non-class space:       80.00 MB reserved,      79.50 MB (>99%) committed 
      Class space:        1.00 GB reserved,      12.57 MB (  1%) committed 
             Both:        1.08 GB reserved,      92.07 MB (  8%) committed 

Chunk freelists:
   Non-Class:  0 bytes
       Class:  0 bytes
        Both:  0 bytes

MaxMetaspaceSize: 17179869184.00 GB
CompressedClassSpaceSize: 1.00 GB

CodeHeap 'non-profiled nmethods': size=120000Kb used=6170Kb max_used=6170Kb free=113829Kb
 bounds [0x000001a4b71b0000, 0x000001a4b77c0000, 0x000001a4be6e0000]
CodeHeap 'profiled nmethods': size=120000Kb used=21000Kb max_used=21000Kb free=98999Kb
 bounds [0x000001a4afc80000, 0x000001a4b1110000, 0x000001a4b71b0000]
CodeHeap 'non-nmethods': size=5760Kb used=2305Kb max_used=2340Kb free=3454Kb
 bounds [0x000001a4af6e0000, 0x000001a4af950000, 0x000001a4afc80000]
 total_blobs=10809 nmethods=9892 adapters=828
 compilation: enabled
              stopped_count=0, restarted_count=0
 full_count=0

Compilation events (20 events):
Event: 38.839 Thread 0x000001a4c685d800 10155       4       java.nio.MappedByteBuffer::position (8 bytes)
Event: 38.840 Thread 0x000001a4c6861800 nmethod 10154 0x000001a4b10ec110 code [0x000001a4b10ec340, 0x000001a4b10ec918]
Event: 38.841 Thread 0x000001a4c685d800 nmethod 10155 0x000001a4b77b2c10 code [0x000001a4b77b2da0, 0x000001a4b77b2e78]
Event: 38.853 Thread 0x000001a4c6861800 10157   !   3       java.io.Writer::write (52 bytes)
Event: 38.853 Thread 0x000001a4c685d800 10156       4       java.lang.StringBuilder::append (10 bytes)
Event: 38.853 Thread 0x000001a4c6861800 nmethod 10157 0x000001a4b10ecb10 code [0x000001a4b10ecce0, 0x000001a4b10ed1c8]
Event: 38.853 Thread 0x000001a4c6861800 10158       3       org.apache.groovy.io.StringBuilderWriter::write (16 bytes)
Event: 38.854 Thread 0x000001a4c6861800 nmethod 10158 0x000001a4b10ed390 code [0x000001a4b10ed560, 0x000001a4b10ed728]
Event: 38.888 Thread 0x000001a4c685d800 nmethod 10156 0x000001a4b77b2f90 code [0x000001a4b77b3140, 0x000001a4b77b3928]
Event: 38.888 Thread 0x000001a4c685d800 10159       4       java.lang.AbstractStringBuilder::append (33 bytes)
Event: 38.919 Thread 0x000001a4c685d800 nmethod 10159 0x000001a4b77b3d10 code [0x000001a4b77b3ec0, 0x000001a4b77b46c8]
Event: 38.919 Thread 0x000001a4c685d800 10160   !   4       java.io.Writer::write (52 bytes)
Event: 38.953 Thread 0x000001a4c685d800 nmethod 10160 0x000001a4b77b4a90 code [0x000001a4b77b4c60, 0x000001a4b77b5788]
Event: 40.901 Thread 0x000001a4c685d800 10162       4       java.util.HashMap::<init> (8 bytes)
Event: 40.904 Thread 0x000001a4c685d800 nmethod 10162 0x000001a4b77b5c90 code [0x000001a4b77b5e20, 0x000001a4b77b5ed8]
Event: 42.168 Thread 0x000001a4c6861800 10163       3       org.gradle.internal.operations.DefaultBuildOperationListenerManager$ProgressShieldingBuildOperationListener::progress (25 bytes)
Event: 42.168 Thread 0x000001a4c6861800 nmethod 10163 0x000001a4b10ed810 code [0x000001a4b10ed9e0, 0x000001a4b10edcb8]
Event: 42.168 Thread 0x000001a4c6861800 10164       3       org.gradle.internal.serialize.kryo.KryoBackedEncoder::writeNullableString (9 bytes)
Event: 42.169 Thread 0x000001a4c6861800 nmethod 10164 0x000001a4b10ede10 code [0x000001a4b10edfc0, 0x000001a4b10ee108]
Event: 42.273 Thread 0x000001a4c685d800 10165       4       org.gradle.internal.snapshot.VfsRelativePath::of (14 bytes)

GC Heap History (20 events):
Event: 8.409 GC heap before
{Heap before GC invocations=9 (full 0):
 garbage-first heap   total 131072K, used 96643K [0x0000000080000000, 0x0000000100000000)
  region size 1024K, 63 young (64512K), 3 survivors (3072K)
 Metaspace       used 47875K, capacity 49188K, committed 49484K, reserved 1091584K
  class space    used 6125K, capacity 6615K, committed 6732K, reserved 1048576K
}
Event: 8.419 GC heap after
{Heap after GC invocations=10 (full 0):
 garbage-first heap   total 131072K, used 44943K [0x0000000080000000, 0x0000000100000000)
  region size 1024K, 8 young (8192K), 8 survivors (8192K)
 Metaspace       used 47875K, capacity 49188K, committed 49484K, reserved 1091584K
  class space    used 6125K, capacity 6615K, committed 6732K, reserved 1048576K
}
Event: 9.297 GC heap before
{Heap before GC invocations=10 (full 0):
 garbage-first heap   total 131072K, used 96143K [0x0000000080000000, 0x0000000100000000)
  region size 1024K, 58 young (59392K), 8 survivors (8192K)
 Metaspace       used 55271K, capacity 56674K, committed 56780K, reserved 1097728K
  class space    used 6998K, capacity 7557K, committed 7628K, reserved 1048576K
}
Event: 9.305 GC heap after
{Heap after GC invocations=11 (full 0):
 garbage-first heap   total 157696K, used 46830K [0x0000000080000000, 0x0000000100000000)
  region size 1024K, 2 young (2048K), 2 survivors (2048K)
 Metaspace       used 55271K, capacity 56674K, committed 56780K, reserved 1097728K
  class space    used 6998K, capacity 7557K, committed 7628K, reserved 1048576K
}
Event: 9.672 GC heap before
{Heap before GC invocations=11 (full 0):
 garbage-first heap   total 157696K, used 66286K [0x0000000080000000, 0x0000000100000000)
  region size 1024K, 22 young (22528K), 2 survivors (2048K)
 Metaspace       used 58729K, capacity 60157K, committed 60236K, reserved 1101824K
  class space    used 7444K, capacity 7988K, committed 8012K, reserved 1048576K
}
Event: 9.678 GC heap after
{Heap after GC invocations=12 (full 0):
 garbage-first heap   total 157696K, used 48312K [0x0000000080000000, 0x0000000100000000)
  region size 1024K, 4 young (4096K), 4 survivors (4096K)
 Metaspace       used 58729K, capacity 60157K, committed 60236K, reserved 1101824K
  class space    used 7444K, capacity 7988K, committed 8012K, reserved 1048576K
}
Event: 10.598 GC heap before
{Heap before GC invocations=13 (full 0):
 garbage-first heap   total 157696K, used 103608K [0x0000000080000000, 0x0000000100000000)
  region size 1024K, 58 young (59392K), 4 survivors (4096K)
 Metaspace       used 63717K, capacity 65252K, committed 65612K, reserved 1105920K
  class space    used 8059K, capacity 8651K, committed 8780K, reserved 1048576K
}
Event: 10.617 GC heap after
{Heap after GC invocations=14 (full 0):
 garbage-first heap   total 157696K, used 51995K [0x0000000080000000, 0x0000000100000000)
  region size 1024K, 7 young (7168K), 7 survivors (7168K)
 Metaspace       used 63717K, capacity 65252K, committed 65612K, reserved 1105920K
  class space    used 8059K, capacity 8651K, committed 8780K, reserved 1048576K
}
Event: 11.241 GC heap before
{Heap before GC invocations=15 (full 0):
 garbage-first heap   total 157696K, used 109339K [0x0000000080000000, 0x0000000100000000)
  region size 1024K, 63 young (64512K), 7 survivors (7168K)
 Metaspace       used 66586K, capacity 68252K, committed 68556K, reserved 1107968K
  class space    used 8416K, capacity 9048K, committed 9164K, reserved 1048576K
}
Event: 11.253 GC heap after
{Heap after GC invocations=16 (full 0):
 garbage-first heap   total 157696K, used 56172K [0x0000000080000000, 0x0000000100000000)
  region size 1024K, 8 young (8192K), 8 survivors (8192K)
 Metaspace       used 66586K, capacity 68252K, committed 68556K, reserved 1107968K
  class space    used 8416K, capacity 9048K, committed 9164K, reserved 1048576K
}
Event: 12.108 GC heap before
{Heap before GC invocations=16 (full 0):
 garbage-first heap   total 157696K, used 113516K [0x0000000080000000, 0x0000000100000000)
  region size 1024K, 64 young (65536K), 8 survivors (8192K)
 Metaspace       used 73472K, capacity 75177K, committed 75468K, reserved 1114112K
  class space    used 9475K, capacity 10127K, committed 10188K, reserved 1048576K
}
Event: 12.117 GC heap after
{Heap after GC invocations=17 (full 0):
 garbage-first heap   total 157696K, used 60372K [0x0000000080000000, 0x0000000100000000)
  region size 1024K, 8 young (8192K), 8 survivors (8192K)
 Metaspace       used 73472K, capacity 75177K, committed 75468K, reserved 1114112K
  class space    used 9475K, capacity 10127K, committed 10188K, reserved 1048576K
}
Event: 12.942 GC heap before
{Heap before GC invocations=17 (full 0):
 garbage-first heap   total 157696K, used 116692K [0x0000000080000000, 0x0000000100000000)
  region size 1024K, 63 young (64512K), 8 survivors (8192K)
 Metaspace       used 78516K, capacity 80392K, committed 80588K, reserved 1118208K
  class space    used 10194K, capacity 10887K, committed 10956K, reserved 1048576K
}
Event: 12.953 GC heap after
{Heap after GC invocations=18 (full 0):
 garbage-first heap   total 157696K, used 63954K [0x0000000080000000, 0x0000000100000000)
  region size 1024K, 8 young (8192K), 8 survivors (8192K)
 Metaspace       used 78516K, capacity 80392K, committed 80588K, reserved 1118208K
  class space    used 10194K, capacity 10887K, committed 10956K, reserved 1048576K
}
Event: 13.789 GC heap before
{Heap before GC invocations=18 (full 0):
 garbage-first heap   total 157696K, used 119250K [0x0000000080000000, 0x0000000100000000)
  region size 1024K, 63 young (64512K), 8 survivors (8192K)
 Metaspace       used 82228K, capacity 84373K, committed 84556K, reserved 1122304K
  class space    used 10701K, capacity 11507K, committed 11596K, reserved 1048576K
}
Event: 13.804 GC heap after
{Heap after GC invocations=19 (full 0):
 garbage-first heap   total 189440K, used 67675K [0x0000000080000000, 0x0000000100000000)
  region size 1024K, 8 young (8192K), 8 survivors (8192K)
 Metaspace       used 82228K, capacity 84373K, committed 84556K, reserved 1122304K
  class space    used 10701K, capacity 11507K, committed 11596K, reserved 1048576K
}
Event: 14.524 GC heap before
{Heap before GC invocations=19 (full 0):
 garbage-first heap   total 189440K, used 135259K [0x0000000080000000, 0x0000000100000000)
  region size 1024K, 75 young (76800K), 8 survivors (8192K)
 Metaspace       used 83714K, capacity 85905K, committed 85964K, reserved 1124352K
  class space    used 10838K, capacity 11666K, committed 11724K, reserved 1048576K
}
Event: 14.535 GC heap after
{Heap after GC invocations=20 (full 0):
 garbage-first heap   total 189440K, used 71839K [0x0000000080000000, 0x0000000100000000)
  region size 1024K, 8 young (8192K), 8 survivors (8192K)
 Metaspace       used 83714K, capacity 85905K, committed 85964K, reserved 1124352K
  class space    used 10838K, capacity 11666K, committed 11724K, reserved 1048576K
}
Event: 15.212 GC heap before
{Heap before GC invocations=20 (full 0):
 garbage-first heap   total 189440K, used 140447K [0x0000000080000000, 0x0000000100000000)
  region size 1024K, 75 young (76800K), 8 survivors (8192K)
 Metaspace       used 88538K, capacity 90731K, committed 90956K, reserved 1128448K
  class space    used 11447K, capacity 12291K, committed 12364K, reserved 1048576K
}
Event: 15.222 GC heap after
{Heap after GC invocations=21 (full 0):
 garbage-first heap   total 189440K, used 75454K [0x0000000080000000, 0x0000000100000000)
  region size 1024K, 8 young (8192K), 8 survivors (8192K)
 Metaspace       used 88538K, capacity 90731K, committed 90956K, reserved 1128448K
  class space    used 11447K, capacity 12291K, committed 12364K, reserved 1048576K
}

Deoptimization events (20 events):
Event: 29.701 Thread 0x000001a4ca437000 Uncommon trap: trap_request=0xffffffde fr.pc=0x000001a4b72b5cd8 relative=0x0000000000000f78
Event: 29.701 Thread 0x000001a4ca437000 Uncommon trap: reason=class_check action=maybe_recompile pc=0x000001a4b72b5cd8 method=java.io.DataOutputStream.write(I)V @ 5 c2
Event: 29.701 Thread 0x000001a4ca437000 DEOPT PACKING pc=0x000001a4b72b5cd8 sp=0x000000537bef9b80
Event: 29.701 Thread 0x000001a4ca437000 DEOPT UNPACKING pc=0x000001a4af7074af sp=0x000000537bef9b10 mode 2
Event: 29.925 Thread 0x000001a4ca437000 DEOPT PACKING pc=0x000001a4b077c9a8 sp=0x000000537bef9b40
Event: 29.925 Thread 0x000001a4ca437000 DEOPT UNPACKING pc=0x000001a4af7072ce sp=0x000000537bef8ff8 mode 0
Event: 30.004 Thread 0x000001a4d2ac6000 Uncommon trap: trap_request=0xffffffde fr.pc=0x000001a4b754037c relative=0x00000000000000bc
Event: 30.004 Thread 0x000001a4d2ac6000 Uncommon trap: reason=class_check action=maybe_recompile pc=0x000001a4b754037c method=java.lang.ThreadLocal.set(Ljava/lang/Object;)V @ 26 c2
Event: 30.004 Thread 0x000001a4d2ac6000 DEOPT PACKING pc=0x000001a4b754037c sp=0x000000537c4fd310
Event: 30.004 Thread 0x000001a4d2ac6000 DEOPT UNPACKING pc=0x000001a4af7074af sp=0x000000537c4fd2a0 mode 2
Event: 30.999 Thread 0x000001a4c9b87800 Uncommon trap: trap_request=0xffffff4d fr.pc=0x000001a4b76d8a60 relative=0x0000000000000260
Event: 30.999 Thread 0x000001a4c9b87800 Uncommon trap: reason=unstable_if action=reinterpret pc=0x000001a4b76d8a60 method=org.gradle.internal.file.DefaultFileHierarchySet$Node.isChildOfOrThis(Ljava/lang/String;I)Z @ 35 c2
Event: 30.999 Thread 0x000001a4c9b87800 DEOPT PACKING pc=0x000001a4b76d8a60 sp=0x0000005379cfecf0
Event: 30.999 Thread 0x000001a4c9b87800 DEOPT UNPACKING pc=0x000001a4af7074af sp=0x0000005379cfec78 mode 2
Event: 32.655 Thread 0x000001a4c899c000 Uncommon trap: trap_request=0xffffff4d fr.pc=0x000001a4b7419b2c relative=0x000000000000022c
Event: 32.655 Thread 0x000001a4c899c000 Uncommon trap: reason=unstable_if action=reinterpret pc=0x000001a4b7419b2c method=com.esotericsoftware.kryo.io.Output.writeString(Ljava/lang/CharSequence;)V @ 50 c2
Event: 32.655 Thread 0x000001a4c899c000 DEOPT PACKING pc=0x000001a4b7419b2c sp=0x0000005378dfea50
Event: 32.655 Thread 0x000001a4c899c000 DEOPT UNPACKING pc=0x000001a4af7074af sp=0x0000005378dfe9e0 mode 2
Event: 38.841 Thread 0x000001a4c9b87800 DEOPT PACKING pc=0x000001a4b10de4c4 sp=0x0000005379cfead0
Event: 38.841 Thread 0x000001a4c9b87800 DEOPT UNPACKING pc=0x000001a4af7072ce sp=0x0000005379cfe070 mode 0

Classes redefined (0 events):
No events

Internal exceptions (20 events):
Event: 29.848 Thread 0x000001a4ca437000 Exception <a 'java/lang/NoSuchMethodError'{0x000000008a883d08}: 'java.lang.Object java.lang.invoke.DirectMethodHandle$Holder.invokeStatic(java.lang.Object, java.lang.Object, java.lang.Object, java.lang.Object, java.lang.Object, java.lang.Object, java.lang.Object, java.lang.Object, int)'> (0x000000008a883d08) thrown at [./src/hotspot/share/interpreter/linkResolver.cpp, line 773]
Event: 29.849 Thread 0x000001a4ca437000 Exception <a 'java/lang/NoSuchMethodError'{0x000000008a89efa8}: 'java.lang.Object java.lang.invoke.DirectMethodHandle$Holder.invokeStatic(java.lang.Object, java.lang.Object, java.lang.Object, java.lang.Object, java.lang.Object, java.lang.Object, java.lang.Object, java.lang.Object, int, int)'> (0x000000008a89efa8) thrown at [./src/hotspot/share/interpreter/linkResolver.cpp, line 773]
Event: 29.850 Thread 0x000001a4ca437000 Exception <a 'java/lang/NoSuchMethodError'{0x000000008a8bb148}: 'java.lang.Object java.lang.invoke.DirectMethodHandle$Holder.invokeStatic(java.lang.Object, java.lang.Object, java.lang.Object, java.lang.Object, java.lang.Object, java.lang.Object, java.lang.Object, java.lang.Object, int, int, java.lang.Object)'> (0x000000008a8bb148) thrown at [./src/hotspot/share/interpreter/linkResolver.cpp, line 773]
Event: 29.851 Thread 0x000001a4ca437000 Exception <a 'java/lang/NoSuchMethodError'{0x000000008a8d86c0}: 'java.lang.Object java.lang.invoke.DirectMethodHandle$Holder.invokeStatic(java.lang.Object, java.lang.Object, java.lang.Object, java.lang.Object, java.lang.Object, java.lang.Object, java.lang.Object, java.lang.Object, int, int, java.lang.Object, java.lang.Object)'> (0x000000008a8d86c0) thrown at [./src/hotspot/share/interpreter/linkResolver.cpp, line 773]
Event: 29.861 Thread 0x000001a4ca437000 Exception <a 'java/lang/NoSuchMethodError'{0x000000008a70b7b8}: <clinit>> (0x000000008a70b7b8) thrown at [./src/hotspot/share/prims/jni.cpp, line 1362]
Event: 29.864 Thread 0x000001a4ca437000 Exception <a 'java/lang/NoSuchMethodError'{0x000000008a73df38}: <clinit>> (0x000000008a73df38) thrown at [./src/hotspot/share/prims/jni.cpp, line 1362]
Event: 29.874 Thread 0x000001a4d2acb000 Exception <a 'java/lang/InterruptedException'{0x000000008a794fc0}> (0x000000008a794fc0) thrown at [./src/hotspot/share/runtime/objectMonitor.cpp, line 1635]
Event: 29.875 Thread 0x000001a4d2acb000 Exception <a 'java/lang/NoSuchMethodError'{0x000000008a79cdd0}: 'java.lang.Object java.lang.invoke.DirectMethodHandle$Holder.invokeStatic(java.lang.Object, java.lang.Object, int, java.lang.Object, long)'> (0x000000008a79cdd0) thrown at [./src/hotspot/share/interpreter/linkResolver.cpp, line 773]
Event: 29.892 Thread 0x000001a4ca437000 Exception <a 'java/lang/NoSuchMethodError'{0x000000008a7abf20}: <clinit>> (0x000000008a7abf20) thrown at [./src/hotspot/share/prims/jni.cpp, line 1362]
Event: 29.893 Thread 0x000001a4ca437000 Exception <a 'java/lang/NoSuchMethodError'{0x000000008a7be008}: <clinit>> (0x000000008a7be008) thrown at [./src/hotspot/share/prims/jni.cpp, line 1362]
Event: 29.894 Thread 0x000001a4ca437000 Exception <a 'java/lang/NoSuchMethodError'{0x000000008a7cfdd8}: <clinit>> (0x000000008a7cfdd8) thrown at [./src/hotspot/share/prims/jni.cpp, line 1362]
Event: 29.901 Thread 0x000001a4ca437000 Exception <a 'java/lang/NoSuchMethodError'{0x000000008a7f4650}: <clinit>> (0x000000008a7f4650) thrown at [./src/hotspot/share/prims/jni.cpp, line 1362]
Event: 29.929 Thread 0x000001a4ca437000 Exception <a 'java/lang/NoSuchMethodError'{0x000000008a59c438}: <clinit>> (0x000000008a59c438) thrown at [./src/hotspot/share/prims/jni.cpp, line 1362]
Event: 30.000 Thread 0x000001a4d2ac6000 Exception <a 'java/lang/NoSuchMethodError'{0x000000008a343780}: 'java.lang.Object java.lang.invoke.DirectMethodHandle$Holder.invokeStatic(java.lang.Object, java.lang.Object, java.lang.Object, java.lang.Object, java.lang.Object, java.lang.Object, java.lang.Object, java.lang.Object, java.lang.Object, java.lang.Object, java.lang.Object, java.lang.Object, java.lang.Object, int)'> (0x000000008a343780) thrown at [./src/hotspot/share/interpreter/linkResolver.cpp, line 773]
Event: 30.001 Thread 0x000001a4d2ac6000 Exception <a 'java/lang/NoSuchMethodError'{0x000000008a34ffa8}: 'java.lang.Object java.lang.invoke.DirectMethodHandle$Holder.invokeStatic(java.lang.Object, java.lang.Object, java.lang.Object, java.lang.Object, java.lang.Object, java.lang.Object, java.lang.Object, java.lang.Object, java.lang.Object, java.lang.Object, java.lang.Object, java.lang.Object, java.lang.Object, int, int)'> (0x000000008a34ffa8) thrown at [./src/hotspot/share/interpreter/linkResolver.cpp, line 773]
Event: 32.638 Thread 0x000001a4d2ac6000 Exception <a 'sun/net/ConnectionResetException'{0x000000008a37ad28}: > (0x000000008a37ad28) thrown at [./src/hotspot/share/prims/jni.cpp, line 636]
Event: 32.638 Thread 0x000001a4ca437000 Exception <a 'sun/net/ConnectionResetException'{0x000000008a4ca838}: > (0x000000008a4ca838) thrown at [./src/hotspot/share/prims/jni.cpp, line 636]
Event: 34.681 Thread 0x000001a4ca437000 Exception <a 'java/net/ConnectException'{0x000000008a39a850}: Connection refused: connect> (0x000000008a39a850) thrown at [./src/hotspot/share/prims/jni.cpp, line 636]
Event: 36.747 Thread 0x000001a4ca437000 Exception <a 'java/net/ConnectException'{0x000000008a39bad0}: Connection refused: connect> (0x000000008a39bad0) thrown at [./src/hotspot/share/prims/jni.cpp, line 636]
Event: 38.822 Thread 0x000001a4ca437000 Exception <a 'java/net/ConnectException'{0x000000008a39cd50}: Connection refused: connect> (0x000000008a39cd50) thrown at [./src/hotspot/share/prims/jni.cpp, line 636]

Events (20 events):
Event: 38.860 loading class org/jetbrains/kotlin/cli/common/messages/XmlMessageRenderer done
Event: 38.861 loading class org/jetbrains/kotlin/cli/common/messages/MessageRenderer$1
Event: 38.861 loading class org/jetbrains/kotlin/cli/common/messages/MessageRenderer$1 done
Event: 38.862 loading class org/jetbrains/kotlin/cli/common/messages/PlainTextMessageRenderer
Event: 38.862 loading class org/jetbrains/kotlin/cli/common/messages/PlainTextMessageRenderer done
Event: 38.863 loading class org/jetbrains/kotlin/cli/common/PropertiesKt
Event: 38.863 loading class org/jetbrains/kotlin/cli/common/PropertiesKt done
Event: 38.864 loading class org/jetbrains/kotlin/cli/common/messages/MessageRenderer$2
Event: 38.864 loading class org/jetbrains/kotlin/cli/common/messages/MessageRenderer$2 done
Event: 38.865 loading class org/jetbrains/kotlin/cli/common/messages/MessageRenderer$3
Event: 38.865 loading class org/jetbrains/kotlin/cli/common/messages/MessageRenderer$3 done
Event: 38.866 loading class org/jetbrains/kotlin/cli/common/messages/MessageRenderer$4
Event: 38.866 loading class org/jetbrains/kotlin/cli/common/messages/MessageRenderer$4 done
Event: 38.874 loading class org/jetbrains/kotlin/compilerRunner/ReportUtilsKt$runToolInSeparateProcess$readErrThread$1
Event: 38.874 loading class org/jetbrains/kotlin/compilerRunner/ReportUtilsKt$runToolInSeparateProcess$readErrThread$1 done
Event: 38.875 Thread 0x000001a4d2ac6800 Thread added: 0x000001a4d2ac6800
Event: 38.875 loading class org/jetbrains/kotlin/compilerRunner/ReportUtilsKt$runToolInSeparateProcess$1
Event: 38.875 loading class org/jetbrains/kotlin/compilerRunner/ReportUtilsKt$runToolInSeparateProcess$1 done
Event: 38.877 loading class org/jetbrains/kotlin/compilerRunner/ReportUtilsKt$runToolInSeparateProcess$readErrThread$1$1
Event: 38.877 loading class org/jetbrains/kotlin/compilerRunner/ReportUtilsKt$runToolInSeparateProcess$readErrThread$1$1 done


Dynamic libraries:
0x00007ff7d9a10000 - 0x00007ff7d9a1a000 	C:\Users\Dark Knight\Desktop\Android Studio\jre\bin\java.exe
0x00007ffee3570000 - 0x00007ffee3765000 	C:\WINDOWS\SYSTEM32\ntdll.dll
0x00007ffee15f0000 - 0x00007ffee16ad000 	C:\WINDOWS\System32\KERNEL32.DLL
0x00007ffee12d0000 - 0x00007ffee1599000 	C:\WINDOWS\System32\KERNELBASE.dll
0x00007ffee0cd0000 - 0x00007ffee0dd0000 	C:\WINDOWS\System32\ucrtbase.dll
0x00007ffed8c00000 - 0x00007ffed8c19000 	C:\Users\Dark Knight\Desktop\Android Studio\jre\bin\jli.dll
0x00007ffed0b60000 - 0x00007ffed0b77000 	C:\Users\Dark Knight\Desktop\Android Studio\jre\bin\VCRUNTIME140.dll
0x00007ffee1f30000 - 0x00007ffee20d0000 	C:\WINDOWS\System32\USER32.dll
0x00007ffee0ca0000 - 0x00007ffee0cc2000 	C:\WINDOWS\System32\win32u.dll
0x00007ffee20d0000 - 0x00007ffee20fa000 	C:\WINDOWS\System32\GDI32.dll
0x00007ffecb000000 - 0x00007ffecb29a000 	C:\WINDOWS\WinSxS\amd64_microsoft.windows.common-controls_6595b64144ccf1df_6.0.19041.1110_none_60b5254171f9507e\COMCTL32.dll
0x00007ffee11c0000 - 0x00007ffee12cb000 	C:\WINDOWS\System32\gdi32full.dll
0x00007ffee32b0000 - 0x00007ffee334e000 	C:\WINDOWS\System32\msvcrt.dll
0x00007ffee0dd0000 - 0x00007ffee0e6d000 	C:\WINDOWS\System32\msvcp_win.dll
0x00007ffee23d0000 - 0x00007ffee2400000 	C:\WINDOWS\System32\IMM32.DLL
0x00007ffea31d0000 - 0x00007ffea326d000 	C:\Users\Dark Knight\Desktop\Android Studio\jre\bin\msvcp140.dll
0x00007ffe853a0000 - 0x00007ffe85e5c000 	C:\Users\Dark Knight\Desktop\Android Studio\jre\bin\server\jvm.dll
0x00007ffee1780000 - 0x00007ffee182c000 	C:\WINDOWS\System32\ADVAPI32.dll
0x00007ffee1830000 - 0x00007ffee18cb000 	C:\WINDOWS\System32\sechost.dll
0x00007ffee3350000 - 0x00007ffee347a000 	C:\WINDOWS\System32\RPCRT4.dll
0x00007ffee2d90000 - 0x00007ffee2d98000 	C:\WINDOWS\System32\PSAPI.DLL
0x00007ffed03f0000 - 0x00007ffed03f9000 	C:\WINDOWS\SYSTEM32\WSOCK32.dll
0x00007ffecb2b0000 - 0x00007ffecb2d7000 	C:\WINDOWS\SYSTEM32\WINMM.dll
0x00007ffed7fc0000 - 0x00007ffed7fca000 	C:\WINDOWS\SYSTEM32\VERSION.dll
0x00007ffee2360000 - 0x00007ffee23cb000 	C:\WINDOWS\System32\WS2_32.dll
0x00007ffedf530000 - 0x00007ffedf542000 	C:\WINDOWS\SYSTEM32\kernel.appcore.dll
0x00007ffeb0db0000 - 0x00007ffeb0dc1000 	C:\Users\Dark Knight\Desktop\Android Studio\jre\bin\verify.dll
0x00007ffedeab0000 - 0x00007ffedec94000 	C:\WINDOWS\SYSTEM32\DBGHELP.DLL
0x00007ffec9830000 - 0x00007ffec985c000 	C:\WINDOWS\SYSTEM32\dbgcore.DLL
0x00007ffee0f70000 - 0x00007ffee0ff3000 	C:\WINDOWS\System32\bcryptPrimitives.dll
0x00007ffea9f30000 - 0x00007ffea9f59000 	C:\Users\Dark Knight\Desktop\Android Studio\jre\bin\java.dll
0x00007ffed7f10000 - 0x00007ffed7f1b000 	C:\Users\Dark Knight\Desktop\Android Studio\jre\bin\jimage.dll
0x00007ffeb0a30000 - 0x00007ffeb0a48000 	C:\Users\Dark Knight\Desktop\Android Studio\jre\bin\zip.dll
0x00007ffee25f0000 - 0x00007ffee2d2f000 	C:\WINDOWS\System32\SHELL32.dll
0x00007ffeded90000 - 0x00007ffedf520000 	C:\WINDOWS\SYSTEM32\windows.storage.dll
0x00007ffee2da0000 - 0x00007ffee30f5000 	C:\WINDOWS\System32\combase.dll
0x00007ffee0700000 - 0x00007ffee072c000 	C:\WINDOWS\SYSTEM32\Wldp.dll
0x00007ffee1e80000 - 0x00007ffee1f2e000 	C:\WINDOWS\System32\SHCORE.dll
0x00007ffee2400000 - 0x00007ffee2455000 	C:\WINDOWS\System32\shlwapi.dll
0x00007ffee0be0000 - 0x00007ffee0bff000 	C:\WINDOWS\SYSTEM32\profapi.dll
0x00007ffeafe40000 - 0x00007ffeafe5a000 	C:\Users\Dark Knight\Desktop\Android Studio\jre\bin\net.dll
0x00007ffed5b40000 - 0x00007ffed5c48000 	C:\WINDOWS\SYSTEM32\WINHTTP.dll
0x00007ffee0460000 - 0x00007ffee04ca000 	C:\WINDOWS\system32\mswsock.dll
0x00007ffeafc50000 - 0x00007ffeafc64000 	C:\Users\Dark Knight\Desktop\Android Studio\jre\bin\nio.dll
0x00007ffec9710000 - 0x00007ffec9737000 	C:\Users\Dark Knight\.gradle\native\8bec1ad78214c89d9ad589b4d07fe93259594b29d510b10fafb7a158f7737e5d\windows-amd64\native-platform.dll
0x00007ffe9f5d0000 - 0x00007ffe9f70d000 	C:\Users\Dark Knight\.gradle\native\53dbd7edfb1c66fb8903c78663c9afc45aea4f116125fa6feffd364cf09443e8\windows-amd64\native-platform-file-events.dll
0x00007ffed7d80000 - 0x00007ffed7d8a000 	C:\Users\Dark Knight\Desktop\Android Studio\jre\bin\management.dll
0x00007ffecf750000 - 0x00007ffecf75c000 	C:\Users\Dark Knight\Desktop\Android Studio\jre\bin\management_ext.dll
0x00007ffee0650000 - 0x00007ffee0668000 	C:\WINDOWS\SYSTEM32\CRYPTSP.dll
0x00007ffedfd70000 - 0x00007ffedfda4000 	C:\WINDOWS\system32\rsaenh.dll
0x00007ffee15a0000 - 0x00007ffee15c7000 	C:\WINDOWS\System32\bcrypt.dll
0x00007ffee0ba0000 - 0x00007ffee0bce000 	C:\WINDOWS\SYSTEM32\USERENV.dll
0x00007ffee0670000 - 0x00007ffee067c000 	C:\WINDOWS\SYSTEM32\CRYPTBASE.dll
0x00007ffee0100000 - 0x00007ffee013b000 	C:\WINDOWS\SYSTEM32\IPHLPAPI.DLL
0x00007ffee18d0000 - 0x00007ffee18d8000 	C:\WINDOWS\System32\NSI.dll
0x00007ffecfdf0000 - 0x00007ffecfe07000 	C:\WINDOWS\SYSTEM32\dhcpcsvc6.DLL
0x00007ffed0340000 - 0x00007ffed035d000 	C:\WINDOWS\SYSTEM32\dhcpcsvc.DLL
0x00007ffee0140000 - 0x00007ffee020c000 	C:\WINDOWS\SYSTEM32\DNSAPI.dll
0x00007ffed9f60000 - 0x00007ffed9f7e000 	C:\Users\Dark Knight\AppData\Local\Temp\native-platform882816867825346942dir\native-platform.dll
0x00007ffed8ba0000 - 0x00007ffed8ba8000 	C:\Users\Dark Knight\Desktop\Android Studio\jre\bin\rmi.dll

dbghelp: loaded successfully - version: 4.0.5 - missing functions: none
symbol engine: initialized successfully - sym options: 0x614 - pdb path: .;C:\Users\Dark Knight\Desktop\Android Studio\jre\bin;C:\WINDOWS\SYSTEM32;C:\WINDOWS\WinSxS\amd64_microsoft.windows.common-controls_6595b64144ccf1df_6.0.19041.1110_none_60b5254171f9507e;C:\Users\Dark Knight\Desktop\Android Studio\jre\bin\server;C:\Users\Dark Knight\.gradle\native\8bec1ad78214c89d9ad589b4d07fe93259594b29d510b10fafb7a158f7737e5d\windows-amd64;C:\Users\Dark Knight\.gradle\native\53dbd7edfb1c66fb8903c78663c9afc45aea4f116125fa6feffd364cf09443e8\windows-amd64;C:\Users\Dark Knight\AppData\Local\Temp\native-platform882816867825346942dir

VM Arguments:
jvm_args: --add-opens=java.base/java.util=ALL-UNNAMED --add-opens=java.base/java.lang=ALL-UNNAMED --add-opens=java.base/java.lang.invoke=ALL-UNNAMED --add-opens=java.base/java.util=ALL-UNNAMED --add-opens=java.prefs/java.util.prefs=ALL-UNNAMED --add-opens=java.prefs/java.util.prefs=ALL-UNNAMED --add-opens=java.base/java.nio.charset=ALL-UNNAMED --add-opens=java.base/java.net=ALL-UNNAMED --add-opens=java.base/java.util.concurrent.atomic=ALL-UNNAMED -Xmx2048m -Dfile.encoding=UTF-8 -Duser.country=IN -Duser.language=en -Duser.variant 
java_command: org.gradle.launcher.daemon.bootstrap.GradleDaemon 7.0.2
java_class_path (initial): C:\Users\Dark Knight\.gradle\wrapper\dists\gradle-7.0.2-bin\857tjihv64xamwrf0h14cai3r\gradle-7.0.2\lib\gradle-launcher-7.0.2.jar
Launcher Type: SUN_STANDARD

[Global flags]
     intx CICompilerCount                          = 4                                         {product} {ergonomic}
     uint ConcGCThreads                            = 2                                         {product} {ergonomic}
     uint G1ConcRefinementThreads                  = 8                                         {product} {ergonomic}
   size_t G1HeapRegionSize                         = 1048576                                   {product} {ergonomic}
    uintx GCDrainStackTargetSize                   = 64                                        {product} {ergonomic}
   size_t InitialHeapSize                          = 134217728                                 {product} {ergonomic}
   size_t MarkStackSize                            = 4194304                                   {product} {ergonomic}
   size_t MaxHeapSize                              = 2147483648                                {product} {command line}
   size_t MaxNewSize                               = 1287651328                                {product} {ergonomic}
   size_t MinHeapDeltaBytes                        = 1048576                                   {product} {ergonomic}
    uintx NonNMethodCodeHeapSize                   = 5836300                                {pd product} {ergonomic}
    uintx NonProfiledCodeHeapSize                  = 122910970                              {pd product} {ergonomic}
    uintx ProfiledCodeHeapSize                     = 122910970                              {pd product} {ergonomic}
    uintx ReservedCodeCacheSize                    = 251658240                              {pd product} {ergonomic}
     bool SegmentedCodeCache                       = true                                      {product} {ergonomic}
     bool UseCompressedClassPointers               = true                                 {lp64_product} {ergonomic}
     bool UseCompressedOops                        = true                                 {lp64_product} {ergonomic}
     bool UseG1GC                                  = true                                      {product} {ergonomic}
     bool UseLargePagesIndividualAllocation        = false                                  {pd product} {ergonomic}

Logging:
Log output configuration:
 #0: stdout all=warning uptime,level,tags
 #1: stderr all=off uptime,level,tags

Environment Variables:
PATH=C:\Windows\system32;C:\Windows;C:\Windows\System32\Wbem;C:\Windows\System32\WindowsPowerShell\v1.0\;C:\Windows\System32\OpenSSH\;C:\Program Files (x86)\NVIDIA Corporation\PhysX\Common;C:\Program Files\NVIDIA Corporation\NVIDIA NvDLISR;C:\WINDOWS\system32;C:\WINDOWS;C:\WINDOWS\System32\Wbem;C:\WINDOWS\System32\WindowsPowerShell\v1.0\;C:\WINDOWS\System32\OpenSSH\;C:\MinGW\bin;C:\Program Files\MEGA-X;C:\WINDOWS\system32;C:\WINDOWS;C:\WINDOWS\System32\Wbem;C:\WINDOWS\System32\WindowsPowerShell\v1.0\;C:\WINDOWS\System32\OpenSSH\;C:\Program Files\Git\cmd;C:\Users\Dark Knight\AppData\Local\Microsoft\WindowsApps;C:\Users\Dark Knight\AppData\Local\atom\bin;C:\MinGW\bin;C:\Program Files (x86)\Microsoft Visual Studio\2019\BuildTools\MSBuild\Current\Bin;C:\Users\Dark Knight\AppData\Local\Microsoft\WindowsApps
USERNAME=Dark Knight
OS=Windows_NT
PROCESSOR_IDENTIFIER=Intel64 Family 6 Model 158 Stepping 10, GenuineIntel



---------------  S Y S T E M  ---------------

OS: Windows 10 , 64 bit Build 19041 (10.0.19041.1151)
OS uptime: 18 days 4:08 hours

CPU:total 8 (initial active 8) (4 cores per cpu, 2 threads per core) family 6 model 158 stepping 10, cmov, cx8, fxsr, mmx, sse, sse2, sse3, ssse3, sse4.1, sse4.2, popcnt, avx, avx2, aes, clmul, erms, 3dnowpref, lzcnt, ht, tsc, tscinvbit, bmi1, bmi2, adx, fma

Memory: 4k page, system-wide physical 8072M (1013M free)
TotalPageFile size 12168M (AvailPageFile size 298M)
current process WorkingSet (physical memory assigned to process): 412M, peak: 473M
current process commit charge ("private bytes"): 447M, peak: 509M

vm_info: OpenJDK 64-Bit Server VM (11.0.8+10-b944.6842174) for windows-amd64 JRE (11.0.8+10-b944.6842174), built on Sep 19 2020 01:11:42 by "builder" with MS VC++ 14.0 (VS2015)

END.
