#
# There is insufficient memory for the Java Runtime Environment to continue.
# Native memory allocation (mmap) failed to map 32505856 bytes for Failed to commit area from 0x0000000089a00000 to 0x000000008b900000 of length 32505856.
# Possible reasons:
#   The system is out of physical RAM or swap space
#   The process is running with CompressedOops enabled, and the Java Heap may be blocking the growth of the native heap
# Possible solutions:
#   Reduce memory load on the system
#   Increase physical memory or swap space
#   Check if swap backing store is full
#   Decrease Java heap size (-Xmx/-Xms)
#   Decrease number of Java threads
#   Decrease Java thread stack sizes (-Xss)
#   Set larger code cache with -XX:ReservedCodeCacheSize=
#   JVM is running with Unscaled Compressed Oops mode in which the Java heap is
#     placed in the first 4GB address space. The Java Heap base address is the
#     maximum limit for the native heap growth. Please use -XX:HeapBaseMinAddress
#     to set the Java Heap base and to place the Java Heap above 4GB virtual address.
# This output file may be truncated or incomplete.
#
#  Out of Memory Error (./src/hotspot/os/windows/os_windows.cpp:3303), pid=39480, tid=38928
#
# JRE version: OpenJDK Runtime Environment (11.0.8+10) (build 11.0.8+10-b944.6842174)
# Java VM: OpenJDK 64-Bit Server VM (11.0.8+10-b944.6842174, mixed mode, tiered, compressed oops, g1 gc, windows-amd64)
# No core dump will be written. Minidumps are not enabled by default on client versions of Windows
#

---------------  S U M M A R Y ------------

Command Line: --add-opens=java.base/java.util=ALL-UNNAMED --add-opens=java.base/java.lang=ALL-UNNAMED --add-opens=java.base/java.lang.invoke=ALL-UNNAMED --add-opens=java.base/java.util=ALL-UNNAMED --add-opens=java.prefs/java.util.prefs=ALL-UNNAMED --add-opens=java.prefs/java.util.prefs=ALL-UNNAMED --add-opens=java.base/java.nio.charset=ALL-UNNAMED --add-opens=java.base/java.net=ALL-UNNAMED --add-opens=java.base/java.util.concurrent.atomic=ALL-UNNAMED -Xmx2048m -Dfile.encoding=UTF-8 -Duser.country=IN -Duser.language=en -Duser.variant org.gradle.launcher.daemon.bootstrap.GradleDaemon 7.0.2

Host: Intel(R) Core(TM) i5-9300H CPU @ 2.40GHz, 8 cores, 7G,  Windows 10 , 64 bit Build 19041 (10.0.19041.1151)
Time: Mon Aug 30 12:57:11 2021 India Standard Time elapsed time: 13 seconds (0d 0h 0m 13s)

---------------  T H R E A D  ---------------

Current thread (0x0000027c7a6be800):  VMThread "VM Thread" [stack: 0x0000008b2da00000,0x0000008b2db00000] [id=38928]

Stack: [0x0000008b2da00000,0x0000008b2db00000]
[error occurred during error reporting (printing stack bounds), id 0xc0000005, EXCEPTION_ACCESS_VIOLATION (0xc0000005) at pc=0x0000027c00000dad]

Native frames: (J=compiled Java code, j=interpreted, Vv=VM code, C=native code)
V  [jvm.dll+0x5de50a]
V  [jvm.dll+0x7122f5]
V  [jvm.dll+0x71384d]
V  [jvm.dll+0x713e65]
V  [jvm.dll+0x713e1b]
V  [jvm.dll+0x5dd958]
V  [jvm.dll+0x5de0f8]
C  [ntdll.dll+0xa217f]
C  [ntdll.dll+0x51454]
C  [ntdll.dll+0xa0cae]
C  0x0000027c00000dad

VM_Operation (0x0000008b2fcfd890): G1CollectForAllocation, mode: safepoint, requested by thread 0x0000027c7e6d6000


---------------  P R O C E S S  ---------------

Threads class SMR info:
_java_thread_list=0x0000027c11676290, length=63, elements={
0x0000027c6f3d3800, 0x0000027c7a6c2800, 0x0000027c7a6c4000, 0x0000027c7a6db800,
0x0000027c7a6dc800, 0x0000027c7a6dd000, 0x0000027c7a6ed000, 0x0000027c7a6ee800,
0x0000027c7b18c800, 0x0000027c7b18d000, 0x0000027c7cb7d800, 0x0000027c7e338800,
0x0000027c7c915000, 0x0000027c7b3fd000, 0x0000027c7d269000, 0x0000027c7d451000,
0x0000027c7dd46800, 0x0000027c7c746000, 0x0000027c7d16c000, 0x0000027c7d5df800,
0x0000027c7e6d7000, 0x0000027c7e6d7800, 0x0000027c7e6d8800, 0x0000027c7d1b3000,
0x0000027c7e6d6000, 0x0000027c7e6d9800, 0x0000027c7e6da000, 0x0000027c7e6d4800,
0x0000027c7e6db000, 0x0000027c7e6d5800, 0x0000027c7da3f800, 0x0000027c7da42000,
0x0000027c7da3f000, 0x0000027c7da43000, 0x0000027c7da43800, 0x0000027c7da3e000,
0x0000027c7da45800, 0x0000027c7da4a000, 0x0000027c7da46000, 0x0000027c7da47800,
0x0000027c7da48800, 0x0000027c7da47000, 0x0000027c7da49800, 0x0000027c7da44800,
0x0000027c7da4b000, 0x0000027c7da4c000, 0x0000027c7c1c5800, 0x0000027c7c1c9800,
0x0000027c7c1cb000, 0x0000027c7c1cc000, 0x0000027c7c1ca000, 0x0000027c7d9ed800,
0x0000027c7c1cd800, 0x0000027c7c1c7800, 0x0000027c7c1ce800, 0x0000027c7c1c8800,
0x0000027c7c1d3000, 0x0000027c7c1d0800, 0x0000027c7c1d1800, 0x0000027c7c1d0000,
0x0000027c7c1cf000, 0x0000027c7c1d2800, 0x0000027c7c1d4000
}

Java Threads: ( => current thread )
  0x0000027c6f3d3800 JavaThread "main" [_thread_blocked, id=19536, stack(0x0000008b2d400000,0x0000008b2d500000)]
  0x0000027c7a6c2800 JavaThread "Reference Handler" daemon [_thread_blocked, id=41436, stack(0x0000008b2db00000,0x0000008b2dc00000)]
  0x0000027c7a6c4000 JavaThread "Finalizer" daemon [_thread_blocked, id=39072, stack(0x0000008b2dc00000,0x0000008b2dd00000)]
  0x0000027c7a6db800 JavaThread "Signal Dispatcher" daemon [_thread_blocked, id=36592, stack(0x0000008b2dd00000,0x0000008b2de00000)]
  0x0000027c7a6dc800 JavaThread "Attach Listener" daemon [_thread_blocked, id=45452, stack(0x0000008b2de00000,0x0000008b2df00000)]
  0x0000027c7a6dd000 JavaThread "C2 CompilerThread0" daemon [_thread_blocked, id=31008, stack(0x0000008b2df00000,0x0000008b2e000000)]
  0x0000027c7a6ed000 JavaThread "C1 CompilerThread0" daemon [_thread_blocked, id=38708, stack(0x0000008b2e000000,0x0000008b2e100000)]
  0x0000027c7a6ee800 JavaThread "Sweeper thread" daemon [_thread_blocked, id=6104, stack(0x0000008b2e100000,0x0000008b2e200000)]
  0x0000027c7b18c800 JavaThread "Common-Cleaner" daemon [_thread_blocked, id=38940, stack(0x0000008b2e200000,0x0000008b2e300000)]
  0x0000027c7b18d000 JavaThread "Service Thread" daemon [_thread_blocked, id=46268, stack(0x0000008b2e300000,0x0000008b2e400000)]
  0x0000027c7cb7d800 JavaThread "Daemon health stats" [_thread_blocked, id=18300, stack(0x0000008b2e900000,0x0000008b2ea00000)]
  0x0000027c7e338800 JavaThread "Incoming local TCP Connector on port 63758" [_thread_in_native, id=32416, stack(0x0000008b2e500000,0x0000008b2e600000)]
  0x0000027c7c915000 JavaThread "Daemon periodic checks" [_thread_blocked, id=42388, stack(0x0000008b2e600000,0x0000008b2e700000)]
  0x0000027c7b3fd000 JavaThread "Daemon" [_thread_blocked, id=45672, stack(0x0000008b2ea00000,0x0000008b2eb00000)]
  0x0000027c7d269000 JavaThread "Handler for socket connection from /127.0.0.1:63758 to /127.0.0.1:63759" [_thread_in_native, id=20872, stack(0x0000008b2eb00000,0x0000008b2ec00000)]
  0x0000027c7d451000 JavaThread "Cancel handler" [_thread_blocked, id=36236, stack(0x0000008b2ec00000,0x0000008b2ed00000)]
  0x0000027c7dd46800 JavaThread "Daemon worker" [_thread_blocked, id=47372, stack(0x0000008b2ed00000,0x0000008b2ee00000)]
  0x0000027c7c746000 JavaThread "Asynchronous log dispatcher for DefaultDaemonConnection: socket connection from /127.0.0.1:63758 to /127.0.0.1:63759" [_thread_blocked, id=46432, stack(0x0000008b2ee00000,0x0000008b2ef00000)]
  0x0000027c7d16c000 JavaThread "Stdin handler" [_thread_blocked, id=49124, stack(0x0000008b2ef00000,0x0000008b2f000000)]
  0x0000027c7d5df800 JavaThread "Daemon client event forwarder" [_thread_blocked, id=22096, stack(0x0000008b2f000000,0x0000008b2f100000)]
  0x0000027c7e6d7000 JavaThread "Cache worker for file hash cache (C:\Users\Dark Knight\.gradle\caches\7.0.2\fileHashes)" [_thread_blocked, id=26336, stack(0x0000008b2f600000,0x0000008b2f700000)]
  0x0000027c7e6d7800 JavaThread "File lock request listener" [_thread_in_native, id=46352, stack(0x0000008b2f700000,0x0000008b2f800000)]
  0x0000027c7e6d8800 JavaThread "Cache worker for journal cache (C:\Users\Dark Knight\.gradle\caches\journal-1)" [_thread_blocked, id=44800, stack(0x0000008b2f900000,0x0000008b2fa00000)]
  0x0000027c7d1b3000 JavaThread "C2 CompilerThread1" daemon [_thread_blocked, id=35920, stack(0x0000008b2fa00000,0x0000008b2fb00000)]
  0x0000027c7e6d6000 JavaThread "Cache worker for file hash cache (C:\Android Projects\Udemy TUTORIAL\7MinuteWorkout2\.gradle\7.0.2\fileHashes)" [_thread_blocked, id=45828, stack(0x0000008b2fc00000,0x0000008b2fd00000)]
  0x0000027c7e6d9800 JavaThread "File watcher server" daemon [_thread_blocked, id=47396, stack(0x0000008b2fd00000,0x0000008b2fe00000)]
  0x0000027c7e6da000 JavaThread "File watcher consumer" daemon [_thread_blocked, id=40096, stack(0x0000008b2fe00000,0x0000008b2ff00000)]
  0x0000027c7e6d4800 JavaThread "Cache worker for checksums cache (C:\Android Projects\Udemy TUTORIAL\7MinuteWorkout2\.gradle\checksums)" [_thread_blocked, id=46384, stack(0x0000008b2ff00000,0x0000008b30000000)]
  0x0000027c7e6db000 JavaThread "Cache worker for cache directory md-supplier (C:\Users\Dark Knight\.gradle\caches\7.0.2\md-supplier)" [_thread_blocked, id=10732, stack(0x0000008b30000000,0x0000008b30100000)]
  0x0000027c7e6d5800 JavaThread "Cache worker for cache directory md-rule (C:\Users\Dark Knight\.gradle\caches\7.0.2\md-rule)" [_thread_blocked, id=43688, stack(0x0000008b30100000,0x0000008b30200000)]
  0x0000027c7da3f800 JavaThread "Cache worker for execution history cache (C:\Users\Dark Knight\.gradle\caches\7.0.2\executionHistory)" [_thread_blocked, id=46544, stack(0x0000008b30200000,0x0000008b30300000)]
  0x0000027c7da42000 JavaThread "jar transforms" [_thread_blocked, id=41648, stack(0x0000008b30300000,0x0000008b30400000)]
  0x0000027c7da3f000 JavaThread "jar transforms Thread 2" [_thread_blocked, id=1500, stack(0x0000008b30400000,0x0000008b30500000)]
  0x0000027c7da43000 JavaThread "Cache worker for file content cache (C:\Users\Dark Knight\.gradle\caches\7.0.2\fileContent)" [_thread_blocked, id=25740, stack(0x0000008b30500000,0x0000008b30600000)]
  0x0000027c7da43800 JavaThread "Cache worker for dependencies-accessors (C:\Android Projects\Udemy TUTORIAL\7MinuteWorkout2\.gradle\7.0.2\dependencies-accessors)" [_thread_blocked, id=23504, stack(0x0000008b30600000,0x0000008b30700000)]
  0x0000027c7da3e000 JavaThread "jar transforms Thread 3" [_thread_blocked, id=45520, stack(0x0000008b30700000,0x0000008b30800000)]
  0x0000027c7da45800 JavaThread "Cache worker for Build Output Cleanup Cache (C:\Android Projects\Udemy TUTORIAL\7MinuteWorkout2\.gradle\buildOutputCleanup)" [_thread_blocked, id=36808, stack(0x0000008b30800000,0x0000008b30900000)]
  0x0000027c7da4a000 JavaThread "Build operations" [_thread_blocked, id=31628, stack(0x0000008b30900000,0x0000008b30a00000)]
  0x0000027c7da46000 JavaThread "Build operations Thread 2" [_thread_blocked, id=19108, stack(0x0000008b30a00000,0x0000008b30b00000)]
  0x0000027c7da47800 JavaThread "Build operations Thread 3" [_thread_blocked, id=36076, stack(0x0000008b30b00000,0x0000008b30c00000)]
  0x0000027c7da48800 JavaThread "Build operations Thread 4" [_thread_blocked, id=44980, stack(0x0000008b30c00000,0x0000008b30d00000)]
  0x0000027c7da47000 JavaThread "Build operations Thread 5" [_thread_blocked, id=38328, stack(0x0000008b30d00000,0x0000008b30e00000)]
  0x0000027c7da49800 JavaThread "Build operations Thread 6" [_thread_blocked, id=28872, stack(0x0000008b30e00000,0x0000008b30f00000)]
  0x0000027c7da44800 JavaThread "Build operations Thread 7" [_thread_blocked, id=45504, stack(0x0000008b30f00000,0x0000008b31000000)]
  0x0000027c7da4b000 JavaThread "Build operations Thread 8" [_thread_blocked, id=38260, stack(0x0000008b31000000,0x0000008b31100000)]
  0x0000027c7da4c000 JavaThread "jar transforms Thread 4" [_thread_blocked, id=13848, stack(0x0000008b31100000,0x0000008b31200000)]
  0x0000027c7c1c5800 JavaThread "jar transforms Thread 5" [_thread_blocked, id=27428, stack(0x0000008b31200000,0x0000008b31300000)]
  0x0000027c7c1c9800 JavaThread "jar transforms Thread 6" [_thread_blocked, id=37604, stack(0x0000008b31300000,0x0000008b31400000)]
  0x0000027c7c1cb000 JavaThread "jar transforms Thread 7" [_thread_blocked, id=40896, stack(0x0000008b31400000,0x0000008b31500000)]
  0x0000027c7c1cc000 JavaThread "jar transforms Thread 8" [_thread_blocked, id=48956, stack(0x0000008b31500000,0x0000008b31600000)]
  0x0000027c7c1ca000 JavaThread "Memory manager" [_thread_blocked, id=47460, stack(0x0000008b31600000,0x0000008b31700000)]
  0x0000027c7d9ed800 JavaThread "C2 CompilerThread2" daemon [_thread_blocked, id=10648, stack(0x0000008b2fb00000,0x0000008b2fc00000)]
  0x0000027c7c1cd800 JavaThread "build event listener" [_thread_blocked, id=30916, stack(0x0000008b31700000,0x0000008b31800000)]
  0x0000027c7c1c7800 JavaThread "pool-3-thread-1" [_thread_blocked, id=42444, stack(0x0000008b31800000,0x0000008b31900000)]
  0x0000027c7c1ce800 JavaThread "build event listener" [_thread_blocked, id=38180, stack(0x0000008b31900000,0x0000008b31a00000)]
  0x0000027c7c1c8800 JavaThread "Execution worker for ':'" [_thread_blocked, id=38452, stack(0x0000008b31a00000,0x0000008b31b00000)]
  0x0000027c7c1d3000 JavaThread "Execution worker for ':' Thread 2" [_thread_blocked, id=29952, stack(0x0000008b31b00000,0x0000008b31c00000)]
  0x0000027c7c1d0800 JavaThread "Execution worker for ':' Thread 3" [_thread_blocked, id=20460, stack(0x0000008b31c00000,0x0000008b31d00000)]
  0x0000027c7c1d1800 JavaThread "Execution worker for ':' Thread 4" [_thread_blocked, id=37476, stack(0x0000008b31d00000,0x0000008b31e00000)]
  0x0000027c7c1d0000 JavaThread "Execution worker for ':' Thread 5" [_thread_blocked, id=37052, stack(0x0000008b31e00000,0x0000008b31f00000)]
  0x0000027c7c1cf000 JavaThread "Execution worker for ':' Thread 6" [_thread_blocked, id=39632, stack(0x0000008b31f00000,0x0000008b32000000)]
  0x0000027c7c1d2800 JavaThread "Execution worker for ':' Thread 7" [_thread_blocked, id=36860, stack(0x0000008b32000000,0x0000008b32100000)]
  0x0000027c7c1d4000 JavaThread "Cache worker for execution history cache (C:\Android Projects\Udemy TUTORIAL\7MinuteWorkout2\.gradle\7.0.2\executionHistory)" [_thread_blocked, id=16980, stack(0x0000008b32100000,0x0000008b32200000)]

Other Threads:
=>0x0000027c7a6be800 VMThread "VM Thread" [stack: 0x0000008b2da00000,0x0000008b2db00000] [id=38928]
  0x0000027c7b19a800 WatcherThread [stack: 0x0000008b2e400000,0x0000008b2e500000] [id=24692]
  0x0000027c6f3e7000 GCTaskThread "GC Thread#0" [stack: 0x0000008b2d500000,0x0000008b2d600000] [id=37704]
  0x0000027c7c439800 GCTaskThread "GC Thread#1" [stack: 0x0000008b2e700000,0x0000008b2e800000] [id=28028]
  0x0000027c7bfaa800 GCTaskThread "GC Thread#2" [stack: 0x0000008b2e800000,0x0000008b2e900000] [id=1888]
  0x0000027c7e3eb000 GCTaskThread "GC Thread#3" [stack: 0x0000008b2f100000,0x0000008b2f200000] [id=29932]
  0x0000027c7ca71000 GCTaskThread "GC Thread#4" [stack: 0x0000008b2f200000,0x0000008b2f300000] [id=44220]
  0x0000027c7d020800 GCTaskThread "GC Thread#5" [stack: 0x0000008b2f300000,0x0000008b2f400000] [id=46400]
  0x0000027c7cbce800 GCTaskThread "GC Thread#6" [stack: 0x0000008b2f400000,0x0000008b2f500000] [id=48840]
  0x0000027c7caa5800 GCTaskThread "GC Thread#7" [stack: 0x0000008b2f500000,0x0000008b2f600000] [id=39616]
  0x0000027c6f418800 ConcurrentGCThread "G1 Main Marker" [stack: 0x0000008b2d600000,0x0000008b2d700000] [id=34924]
  0x0000027c6f41a000 ConcurrentGCThread "G1 Conc#0" [stack: 0x0000008b2d700000,0x0000008b2d800000] [id=29560]
  0x0000027c7d606800 ConcurrentGCThread "G1 Conc#1" [stack: 0x0000008b2f800000,0x0000008b2f900000] [id=44704]
  0x0000027c7a510800 ConcurrentGCThread "G1 Refine#0" [stack: 0x0000008b2d800000,0x0000008b2d900000] [id=35600]
  0x0000027c7a511800 ConcurrentGCThread "G1 Young RemSet Sampling" [stack: 0x0000008b2d900000,0x0000008b2da00000] [id=38460]

Threads with active compile tasks:
C2 CompilerThread0  13514 8476       4       com.google.common.collect.Ordering::natural (4 bytes)
C2 CompilerThread1  13514 8501       4       com.google.common.cache.LocalCache$Segment::drainRecencyQueue (45 bytes)
C2 CompilerThread2  13514 8520       4       org.gradle.cache.internal.btree.CachingBlockStore::read (56 bytes)

VM state:at safepoint (normal execution)

VM Mutex/Monitor currently owned by a thread:  ([mutex/lock_event])
[0x0000027c6f3d0b10] Threads_lock - owner thread: 0x0000027c7a6be800
[0x0000027c6f3d00f0] Heap_lock - owner thread: 0x0000027c7e6d6000

Heap address: 0x0000000080000000, size: 2048 MB, Compressed Oops mode: 32-bit
Narrow klass base: 0x0000000000000000, Narrow klass shift: 3
Compressed class space size: 1073741824 Address: 0x0000000100000000

Heap:
 garbage-first heap   total 189440K, used 69125K [0x0000000080000000, 0x0000000100000000)
  region size 1024K, 8 young (8192K), 8 survivors (8192K)
 Metaspace       used 82391K, capacity 84458K, committed 84480K, reserved 1122304K
  class space    used 10698K, capacity 11511K, committed 11520K, reserved 1048576K
Heap Regions: E=young(eden), S=young(survivor), O=old, HS=humongous(starts), HC=humongous(continues), CS=collection set, F=free, A=archive, TAMS=top-at-mark-start (previous, next)
|   0|0x0000000080000000, 0x0000000080100000, 0x0000000080100000|100%| O|  |TAMS 0x0000000080100000, 0x0000000080000000| Untracked 
|   1|0x0000000080100000, 0x0000000080200000, 0x0000000080200000|100%| O|  |TAMS 0x0000000080200000, 0x0000000080100000| Untracked 
|   2|0x0000000080200000, 0x0000000080300000, 0x0000000080300000|100%| O|  |TAMS 0x0000000080300000, 0x0000000080200000| Untracked 
|   3|0x0000000080300000, 0x0000000080400000, 0x0000000080400000|100%|HS|  |TAMS 0x0000000080400000, 0x0000000080300000| Complete 
|   4|0x0000000080400000, 0x0000000080500000, 0x0000000080500000|100%|HC|  |TAMS 0x0000000080500000, 0x0000000080400000| Complete 
|   5|0x0000000080500000, 0x0000000080600000, 0x0000000080600000|100%|HC|  |TAMS 0x0000000080600000, 0x0000000080500000| Complete 
|   6|0x0000000080600000, 0x0000000080700000, 0x0000000080700000|100%| O|  |TAMS 0x0000000080700000, 0x0000000080600000| Untracked 
|   7|0x0000000080700000, 0x0000000080800000, 0x0000000080800000|100%| O|  |TAMS 0x0000000080800000, 0x0000000080700000| Untracked 
|   8|0x0000000080800000, 0x0000000080900000, 0x0000000080900000|100%| O|  |TAMS 0x0000000080900000, 0x0000000080800000| Untracked 
|   9|0x0000000080900000, 0x0000000080a00000, 0x0000000080a00000|100%| O|  |TAMS 0x0000000080a00000, 0x0000000080900000| Untracked 
|  10|0x0000000080a00000, 0x0000000080b00000, 0x0000000080b00000|100%| O|  |TAMS 0x0000000080b00000, 0x0000000080a00000| Untracked 
|  11|0x0000000080b00000, 0x0000000080c00000, 0x0000000080c00000|100%| O|  |TAMS 0x0000000080c00000, 0x0000000080b00000| Untracked 
|  12|0x0000000080c00000, 0x0000000080d00000, 0x0000000080d00000|100%| O|  |TAMS 0x0000000080d00000, 0x0000000080c00000| Untracked 
|  13|0x0000000080d00000, 0x0000000080e00000, 0x0000000080e00000|100%| O|  |TAMS 0x0000000080e00000, 0x0000000080d00000| Untracked 
|  14|0x0000000080e00000, 0x0000000080f00000, 0x0000000080f00000|100%| O|  |TAMS 0x0000000080f00000, 0x0000000080e00000| Untracked 
|  15|0x0000000080f00000, 0x0000000081000000, 0x0000000081000000|100%| O|  |TAMS 0x0000000081000000, 0x0000000080f00000| Untracked 
|  16|0x0000000081000000, 0x0000000081100000, 0x0000000081100000|100%|HS|  |TAMS 0x0000000081100000, 0x0000000081000000| Complete 
|  17|0x0000000081100000, 0x0000000081200000, 0x0000000081200000|100%| O|  |TAMS 0x0000000081200000, 0x0000000081100000| Untracked 
|  18|0x0000000081200000, 0x0000000081300000, 0x0000000081300000|100%| O|  |TAMS 0x0000000081300000, 0x0000000081200000| Untracked 
|  19|0x0000000081300000, 0x0000000081400000, 0x0000000081400000|100%| O|  |TAMS 0x0000000081400000, 0x0000000081300000| Untracked 
|  20|0x0000000081400000, 0x0000000081500000, 0x0000000081500000|100%| O|  |TAMS 0x0000000081500000, 0x0000000081400000| Untracked 
|  21|0x0000000081500000, 0x0000000081600000, 0x0000000081600000|100%| O|  |TAMS 0x0000000081600000, 0x0000000081500000| Untracked 
|  22|0x0000000081600000, 0x0000000081700000, 0x0000000081700000|100%| O|  |TAMS 0x0000000081700000, 0x0000000081600000| Untracked 
|  23|0x0000000081700000, 0x0000000081800000, 0x0000000081800000|100%| O|  |TAMS 0x0000000081800000, 0x0000000081700000| Untracked 
|  24|0x0000000081800000, 0x0000000081900000, 0x0000000081900000|100%| O|  |TAMS 0x0000000081900000, 0x0000000081800000| Untracked 
|  25|0x0000000081900000, 0x0000000081a00000, 0x0000000081a00000|100%| O|  |TAMS 0x0000000081a00000, 0x0000000081900000| Untracked 
|  26|0x0000000081a00000, 0x0000000081b00000, 0x0000000081b00000|100%| O|  |TAMS 0x0000000081b00000, 0x0000000081a00000| Untracked 
|  27|0x0000000081b00000, 0x0000000081c00000, 0x0000000081c00000|100%|HS|  |TAMS 0x0000000081c00000, 0x0000000081b00000| Complete 
|  28|0x0000000081c00000, 0x0000000081d00000, 0x0000000081d00000|100%|HS|  |TAMS 0x0000000081d00000, 0x0000000081c00000| Complete 
|  29|0x0000000081d00000, 0x0000000081e00000, 0x0000000081e00000|100%|HC|  |TAMS 0x0000000081e00000, 0x0000000081d00000| Complete 
|  30|0x0000000081e00000, 0x0000000081f00000, 0x0000000081f00000|100%|HC|  |TAMS 0x0000000081f00000, 0x0000000081e00000| Complete 
|  31|0x0000000081f00000, 0x0000000082000000, 0x0000000082000000|100%|HS|  |TAMS 0x0000000082000000, 0x0000000081f00000| Complete 
|  32|0x0000000082000000, 0x0000000082100000, 0x0000000082100000|100%|HC|  |TAMS 0x0000000082100000, 0x0000000082000000| Complete 
|  33|0x0000000082100000, 0x0000000082200000, 0x0000000082200000|100%| O|  |TAMS 0x0000000082200000, 0x0000000082100000| Untracked 
|  34|0x0000000082200000, 0x0000000082300000, 0x0000000082300000|100%| O|  |TAMS 0x0000000082300000, 0x0000000082200000| Untracked 
|  35|0x0000000082300000, 0x0000000082400000, 0x0000000082400000|100%| O|  |TAMS 0x0000000082400000, 0x0000000082300000| Untracked 
|  36|0x0000000082400000, 0x0000000082500000, 0x0000000082500000|100%| O|  |TAMS 0x0000000082500000, 0x0000000082400000| Untracked 
|  37|0x0000000082500000, 0x0000000082600000, 0x0000000082600000|100%| O|  |TAMS 0x0000000082600000, 0x0000000082500000| Untracked 
|  38|0x0000000082600000, 0x0000000082700000, 0x0000000082700000|100%| O|  |TAMS 0x0000000082700000, 0x0000000082600000| Untracked 
|  39|0x0000000082700000, 0x0000000082800000, 0x0000000082800000|100%| O|  |TAMS 0x0000000082800000, 0x0000000082700000| Untracked 
|  40|0x0000000082800000, 0x0000000082900000, 0x0000000082900000|100%| O|  |TAMS 0x0000000082900000, 0x0000000082800000| Untracked 
|  41|0x0000000082900000, 0x0000000082a00000, 0x0000000082a00000|100%| O|  |TAMS 0x0000000082a00000, 0x0000000082900000| Untracked 
|  42|0x0000000082a00000, 0x0000000082b00000, 0x0000000082b00000|100%| O|  |TAMS 0x0000000082b00000, 0x0000000082a00000| Untracked 
|  43|0x0000000082b00000, 0x0000000082c00000, 0x0000000082c00000|100%| O|  |TAMS 0x0000000082c00000, 0x0000000082b00000| Untracked 
|  44|0x0000000082c00000, 0x0000000082d00000, 0x0000000082d00000|100%| O|  |TAMS 0x0000000082cd3e00, 0x0000000082c00000| Untracked 
|  45|0x0000000082d00000, 0x0000000082e00000, 0x0000000082e00000|100%| O|  |TAMS 0x0000000082d00000, 0x0000000082d00000| Untracked 
|  46|0x0000000082e00000, 0x0000000082f00000, 0x0000000082f00000|100%| O|  |TAMS 0x0000000082e00000, 0x0000000082e00000| Untracked 
|  47|0x0000000082f00000, 0x0000000083000000, 0x0000000083000000|100%| O|  |TAMS 0x0000000082f00000, 0x0000000082f00000| Untracked 
|  48|0x0000000083000000, 0x0000000083100000, 0x0000000083100000|100%| O|  |TAMS 0x0000000083000000, 0x0000000083000000| Untracked 
|  49|0x0000000083100000, 0x0000000083200000, 0x0000000083200000|100%| O|  |TAMS 0x0000000083100000, 0x0000000083100000| Untracked 
|  50|0x0000000083200000, 0x0000000083300000, 0x0000000083300000|100%| O|  |TAMS 0x0000000083200000, 0x0000000083200000| Untracked 
|  51|0x0000000083300000, 0x0000000083400000, 0x0000000083400000|100%| O|  |TAMS 0x0000000083300000, 0x0000000083300000| Untracked 
|  52|0x0000000083400000, 0x0000000083500000, 0x0000000083500000|100%| O|  |TAMS 0x0000000083400000, 0x0000000083400000| Untracked 
|  53|0x0000000083500000, 0x0000000083600000, 0x0000000083600000|100%| O|  |TAMS 0x0000000083500000, 0x0000000083500000| Untracked 
|  54|0x0000000083600000, 0x0000000083700000, 0x0000000083700000|100%| O|  |TAMS 0x0000000083600000, 0x0000000083600000| Untracked 
|  55|0x0000000083700000, 0x0000000083800000, 0x0000000083800000|100%| O|  |TAMS 0x0000000083700000, 0x0000000083700000| Untracked 
|  56|0x0000000083800000, 0x0000000083900000, 0x0000000083900000|100%| O|  |TAMS 0x0000000083800000, 0x0000000083800000| Untracked 
|  57|0x0000000083900000, 0x0000000083a00000, 0x0000000083a00000|100%| O|  |TAMS 0x0000000083900000, 0x0000000083900000| Untracked 
|  58|0x0000000083a00000, 0x0000000083b00000, 0x0000000083b00000|100%| O|  |TAMS 0x0000000083a00000, 0x0000000083a00000| Untracked 
|  59|0x0000000083b00000, 0x0000000083bfa400, 0x0000000083c00000| 97%| O|  |TAMS 0x0000000083b00000, 0x0000000083b00000| Untracked 
|  60|0x0000000083c00000, 0x0000000083c00000, 0x0000000083d00000|  0%| F|  |TAMS 0x0000000083c00000, 0x0000000083c00000| Untracked 
|  61|0x0000000083d00000, 0x0000000083d00000, 0x0000000083e00000|  0%| F|  |TAMS 0x0000000083d00000, 0x0000000083d00000| Untracked 
|  62|0x0000000083e00000, 0x0000000083e00000, 0x0000000083f00000|  0%| F|  |TAMS 0x0000000083e00000, 0x0000000083e00000| Untracked 
|  63|0x0000000083f00000, 0x0000000083f00000, 0x0000000084000000|  0%| F|  |TAMS 0x0000000083f00000, 0x0000000083f00000| Untracked 
|  64|0x0000000084000000, 0x0000000084000000, 0x0000000084100000|  0%| F|  |TAMS 0x0000000084000000, 0x0000000084000000| Untracked 
|  65|0x0000000084100000, 0x0000000084100000, 0x0000000084200000|  0%| F|  |TAMS 0x0000000084100000, 0x0000000084100000| Untracked 
|  66|0x0000000084200000, 0x0000000084200000, 0x0000000084300000|  0%| F|  |TAMS 0x0000000084200000, 0x0000000084200000| Untracked 
|  67|0x0000000084300000, 0x0000000084300000, 0x0000000084400000|  0%| F|  |TAMS 0x0000000084300000, 0x0000000084300000| Untracked 
|  68|0x0000000084400000, 0x0000000084400000, 0x0000000084500000|  0%| F|  |TAMS 0x0000000084400000, 0x0000000084400000| Untracked 
|  69|0x0000000084500000, 0x0000000084500000, 0x0000000084600000|  0%| F|  |TAMS 0x0000000084500000, 0x0000000084500000| Untracked 
|  70|0x0000000084600000, 0x0000000084600000, 0x0000000084700000|  0%| F|  |TAMS 0x0000000084600000, 0x0000000084600000| Untracked 
|  71|0x0000000084700000, 0x0000000084700000, 0x0000000084800000|  0%| F|  |TAMS 0x0000000084700000, 0x0000000084700000| Untracked 
|  72|0x0000000084800000, 0x0000000084800000, 0x0000000084900000|  0%| F|  |TAMS 0x0000000084800000, 0x0000000084800000| Untracked 
|  73|0x0000000084900000, 0x0000000084900000, 0x0000000084a00000|  0%| F|  |TAMS 0x0000000084900000, 0x0000000084900000| Untracked 
|  74|0x0000000084a00000, 0x0000000084a00000, 0x0000000084b00000|  0%| F|  |TAMS 0x0000000084a00000, 0x0000000084a00000| Untracked 
|  75|0x0000000084b00000, 0x0000000084b00000, 0x0000000084c00000|  0%| F|  |TAMS 0x0000000084b00000, 0x0000000084b00000| Untracked 
|  76|0x0000000084c00000, 0x0000000084c00000, 0x0000000084d00000|  0%| F|  |TAMS 0x0000000084c00000, 0x0000000084c00000| Untracked 
|  77|0x0000000084d00000, 0x0000000084d00000, 0x0000000084e00000|  0%| F|  |TAMS 0x0000000084d00000, 0x0000000084d00000| Untracked 
|  78|0x0000000084e00000, 0x0000000084e00000, 0x0000000084f00000|  0%| F|  |TAMS 0x0000000084e00000, 0x0000000084e00000| Untracked 
|  79|0x0000000084f00000, 0x0000000084f00000, 0x0000000085000000|  0%| F|  |TAMS 0x0000000084f00000, 0x0000000084f00000| Untracked 
|  80|0x0000000085000000, 0x0000000085000000, 0x0000000085100000|  0%| F|  |TAMS 0x0000000085000000, 0x0000000085000000| Untracked 
|  81|0x0000000085100000, 0x0000000085100000, 0x0000000085200000|  0%| F|  |TAMS 0x0000000085100000, 0x0000000085100000| Untracked 
|  82|0x0000000085200000, 0x0000000085200000, 0x0000000085300000|  0%| F|  |TAMS 0x0000000085200000, 0x0000000085200000| Untracked 
|  83|0x0000000085300000, 0x0000000085300000, 0x0000000085400000|  0%| F|  |TAMS 0x0000000085300000, 0x0000000085300000| Untracked 
|  84|0x0000000085400000, 0x0000000085487120, 0x0000000085500000| 52%| S|CS|TAMS 0x0000000085400000, 0x0000000085400000| Complete 
|  85|0x0000000085500000, 0x0000000085600000, 0x0000000085600000|100%| S|CS|TAMS 0x0000000085500000, 0x0000000085500000| Complete 
|  86|0x0000000085600000, 0x0000000085700000, 0x0000000085700000|100%| S|CS|TAMS 0x0000000085600000, 0x0000000085600000| Complete 
|  87|0x0000000085700000, 0x0000000085800000, 0x0000000085800000|100%| S|CS|TAMS 0x0000000085700000, 0x0000000085700000| Complete 
|  88|0x0000000085800000, 0x0000000085900000, 0x0000000085900000|100%| S|CS|TAMS 0x0000000085800000, 0x0000000085800000| Complete 
|  89|0x0000000085900000, 0x0000000085a00000, 0x0000000085a00000|100%| S|CS|TAMS 0x0000000085900000, 0x0000000085900000| Complete 
|  90|0x0000000085a00000, 0x0000000085a00000, 0x0000000085b00000|  0%| F|  |TAMS 0x0000000085a00000, 0x0000000085a00000| Untracked 
|  91|0x0000000085b00000, 0x0000000085b00000, 0x0000000085c00000|  0%| F|  |TAMS 0x0000000085b00000, 0x0000000085b00000| Untracked 
|  92|0x0000000085c00000, 0x0000000085c00000, 0x0000000085d00000|  0%| F|  |TAMS 0x0000000085c00000, 0x0000000085c00000| Untracked 
|  93|0x0000000085d00000, 0x0000000085d00000, 0x0000000085e00000|  0%| F|  |TAMS 0x0000000085d00000, 0x0000000085d00000| Untracked 
|  94|0x0000000085e00000, 0x0000000085f00000, 0x0000000085f00000|100%| S|CS|TAMS 0x0000000085e00000, 0x0000000085e00000| Complete 
|  95|0x0000000085f00000, 0x0000000085f00000, 0x0000000086000000|  0%| F|  |TAMS 0x0000000085f00000, 0x0000000085f00000| Untracked 
|  96|0x0000000086000000, 0x0000000086100000, 0x0000000086100000|100%| S|CS|TAMS 0x0000000086000000, 0x0000000086000000| Complete 
|  97|0x0000000086100000, 0x0000000086100000, 0x0000000086200000|  0%| F|  |TAMS 0x0000000086100000, 0x0000000086100000| Untracked 
|  98|0x0000000086200000, 0x0000000086200000, 0x0000000086300000|  0%| F|  |TAMS 0x0000000086200000, 0x0000000086200000| Untracked 
|  99|0x0000000086300000, 0x0000000086300000, 0x0000000086400000|  0%| F|  |TAMS 0x0000000086300000, 0x0000000086300000| Untracked 
| 100|0x0000000086400000, 0x0000000086400000, 0x0000000086500000|  0%| F|  |TAMS 0x0000000086400000, 0x0000000086400000| Untracked 
| 101|0x0000000086500000, 0x0000000086500000, 0x0000000086600000|  0%| F|  |TAMS 0x0000000086500000, 0x0000000086500000| Untracked 
| 102|0x0000000086600000, 0x0000000086600000, 0x0000000086700000|  0%| F|  |TAMS 0x0000000086600000, 0x0000000086600000| Untracked 
| 103|0x0000000086700000, 0x0000000086700000, 0x0000000086800000|  0%| F|  |TAMS 0x0000000086700000, 0x0000000086700000| Untracked 
| 104|0x0000000086800000, 0x0000000086800000, 0x0000000086900000|  0%| F|  |TAMS 0x0000000086800000, 0x0000000086800000| Untracked 
| 105|0x0000000086900000, 0x0000000086900000, 0x0000000086a00000|  0%| F|  |TAMS 0x0000000086900000, 0x0000000086900000| Untracked 
| 106|0x0000000086a00000, 0x0000000086a00000, 0x0000000086b00000|  0%| F|  |TAMS 0x0000000086a00000, 0x0000000086a00000| Untracked 
| 107|0x0000000086b00000, 0x0000000086b00000, 0x0000000086c00000|  0%| F|  |TAMS 0x0000000086b00000, 0x0000000086b00000| Untracked 
| 108|0x0000000086c00000, 0x0000000086c00000, 0x0000000086d00000|  0%| F|  |TAMS 0x0000000086c00000, 0x0000000086c00000| Untracked 
| 109|0x0000000086d00000, 0x0000000086d00000, 0x0000000086e00000|  0%| F|  |TAMS 0x0000000086d00000, 0x0000000086d00000| Untracked 
| 110|0x0000000086e00000, 0x0000000086e00000, 0x0000000086f00000|  0%| F|  |TAMS 0x0000000086e00000, 0x0000000086e00000| Untracked 
| 111|0x0000000086f00000, 0x0000000086f00000, 0x0000000087000000|  0%| F|  |TAMS 0x0000000086f00000, 0x0000000086f00000| Untracked 
| 112|0x0000000087000000, 0x0000000087000000, 0x0000000087100000|  0%| F|  |TAMS 0x0000000087000000, 0x0000000087000000| Untracked 
| 113|0x0000000087100000, 0x0000000087100000, 0x0000000087200000|  0%| F|  |TAMS 0x0000000087100000, 0x0000000087100000| Untracked 
| 114|0x0000000087200000, 0x0000000087200000, 0x0000000087300000|  0%| F|  |TAMS 0x0000000087200000, 0x0000000087200000| Untracked 
| 115|0x0000000087300000, 0x0000000087300000, 0x0000000087400000|  0%| F|  |TAMS 0x0000000087300000, 0x0000000087300000| Untracked 
| 116|0x0000000087400000, 0x0000000087400000, 0x0000000087500000|  0%| F|  |TAMS 0x0000000087400000, 0x0000000087400000| Untracked 
| 117|0x0000000087500000, 0x0000000087500000, 0x0000000087600000|  0%| F|  |TAMS 0x0000000087500000, 0x0000000087500000| Untracked 
| 118|0x0000000087600000, 0x0000000087600000, 0x0000000087700000|  0%| F|  |TAMS 0x0000000087600000, 0x0000000087600000| Untracked 
| 119|0x0000000087700000, 0x0000000087700000, 0x0000000087800000|  0%| F|  |TAMS 0x0000000087700000, 0x0000000087700000| Untracked 
| 120|0x0000000087800000, 0x0000000087800000, 0x0000000087900000|  0%| F|  |TAMS 0x0000000087800000, 0x0000000087800000| Untracked 
| 121|0x0000000087900000, 0x0000000087900000, 0x0000000087a00000|  0%| F|  |TAMS 0x0000000087900000, 0x0000000087900000| Untracked 
| 122|0x0000000087a00000, 0x0000000087a00000, 0x0000000087b00000|  0%| F|  |TAMS 0x0000000087a00000, 0x0000000087a00000| Untracked 
| 123|0x0000000087b00000, 0x0000000087b00000, 0x0000000087c00000|  0%| F|  |TAMS 0x0000000087b00000, 0x0000000087b00000| Untracked 
| 124|0x0000000087c00000, 0x0000000087c00000, 0x0000000087d00000|  0%| F|  |TAMS 0x0000000087c00000, 0x0000000087c00000| Untracked 
| 125|0x0000000087d00000, 0x0000000087d00000, 0x0000000087e00000|  0%| F|  |TAMS 0x0000000087d00000, 0x0000000087d00000| Untracked 
| 126|0x0000000087e00000, 0x0000000087e00000, 0x0000000087f00000|  0%| F|  |TAMS 0x0000000087e00000, 0x0000000087e00000| Untracked 
| 127|0x0000000087f00000, 0x0000000087f00000, 0x0000000088000000|  0%| F|  |TAMS 0x0000000087f00000, 0x0000000087f00000| Untracked 
| 128|0x0000000088000000, 0x0000000088000000, 0x0000000088100000|  0%| F|  |TAMS 0x0000000088000000, 0x0000000088000000| Untracked 
| 129|0x0000000088100000, 0x0000000088100000, 0x0000000088200000|  0%| F|  |TAMS 0x0000000088100000, 0x0000000088100000| Untracked 
| 130|0x0000000088200000, 0x0000000088200000, 0x0000000088300000|  0%| F|  |TAMS 0x0000000088200000, 0x0000000088200000| Untracked 
| 131|0x0000000088300000, 0x0000000088300000, 0x0000000088400000|  0%| F|  |TAMS 0x0000000088300000, 0x0000000088300000| Untracked 
| 132|0x0000000088400000, 0x0000000088400000, 0x0000000088500000|  0%| F|  |TAMS 0x0000000088400000, 0x0000000088400000| Untracked 
| 133|0x0000000088500000, 0x0000000088500000, 0x0000000088600000|  0%| F|  |TAMS 0x0000000088500000, 0x0000000088500000| Untracked 
| 134|0x0000000088600000, 0x0000000088600000, 0x0000000088700000|  0%| F|  |TAMS 0x0000000088600000, 0x0000000088600000| Untracked 
| 135|0x0000000088700000, 0x0000000088700000, 0x0000000088800000|  0%| F|  |TAMS 0x0000000088700000, 0x0000000088700000| Untracked 
| 136|0x0000000088800000, 0x0000000088800000, 0x0000000088900000|  0%| F|  |TAMS 0x0000000088800000, 0x0000000088800000| Untracked 
| 137|0x0000000088900000, 0x0000000088900000, 0x0000000088a00000|  0%| F|  |TAMS 0x0000000088900000, 0x0000000088900000| Untracked 
| 138|0x0000000088a00000, 0x0000000088a00000, 0x0000000088b00000|  0%| F|  |TAMS 0x0000000088a00000, 0x0000000088a00000| Untracked 
| 139|0x0000000088b00000, 0x0000000088b00000, 0x0000000088c00000|  0%| F|  |TAMS 0x0000000088b00000, 0x0000000088b00000| Untracked 
| 140|0x0000000088c00000, 0x0000000088c00000, 0x0000000088d00000|  0%| F|  |TAMS 0x0000000088c00000, 0x0000000088c00000| Untracked 
| 141|0x0000000088d00000, 0x0000000088d00000, 0x0000000088e00000|  0%| F|  |TAMS 0x0000000088d00000, 0x0000000088d00000| Untracked 
| 142|0x0000000088e00000, 0x0000000088e00000, 0x0000000088f00000|  0%| F|  |TAMS 0x0000000088e00000, 0x0000000088e00000| Untracked 
| 143|0x0000000088f00000, 0x0000000088f00000, 0x0000000089000000|  0%| F|  |TAMS 0x0000000088f00000, 0x0000000088f00000| Untracked 
| 144|0x0000000089000000, 0x0000000089000000, 0x0000000089100000|  0%| F|  |TAMS 0x0000000089000000, 0x0000000089000000| Untracked 
| 145|0x0000000089100000, 0x0000000089100000, 0x0000000089200000|  0%| F|  |TAMS 0x0000000089100000, 0x0000000089100000| Untracked 
| 146|0x0000000089200000, 0x0000000089200000, 0x0000000089300000|  0%| F|  |TAMS 0x0000000089200000, 0x0000000089200000| Untracked 
| 147|0x0000000089300000, 0x0000000089300000, 0x0000000089400000|  0%| F|  |TAMS 0x0000000089300000, 0x0000000089300000| Untracked 
| 148|0x0000000089400000, 0x0000000089400000, 0x0000000089500000|  0%| F|  |TAMS 0x0000000089400000, 0x0000000089400000| Untracked 
| 149|0x0000000089500000, 0x0000000089500000, 0x0000000089600000|  0%| F|  |TAMS 0x0000000089500000, 0x0000000089500000| Untracked 
| 150|0x0000000089600000, 0x0000000089600000, 0x0000000089700000|  0%| F|  |TAMS 0x0000000089600000, 0x0000000089600000| Untracked 
| 151|0x0000000089700000, 0x0000000089700000, 0x0000000089800000|  0%| F|  |TAMS 0x0000000089700000, 0x0000000089700000| Untracked 
| 152|0x0000000089800000, 0x0000000089800000, 0x0000000089900000|  0%| F|  |TAMS 0x0000000089800000, 0x0000000089800000| Untracked 
| 153|0x0000000089900000, 0x0000000089900000, 0x0000000089a00000|  0%| F|  |TAMS 0x0000000089900000, 0x0000000089900000| Untracked 

Card table byte_map: [0x0000027c73480000,0x0000027c73880000] _byte_map_base: 0x0000027c73080000

Marking Bits (Prev, Next): (CMBitMap*) 0x0000027c6f40fe88, (CMBitMap*) 0x0000027c6f40fec0
 Prev Bits: [0x0000027c73c80000, 0x0000027c75c80000)
 Next Bits: [0x0000027c75c80000, 0x0000027c77c80000)

Polling page: 0x0000027c6ebb0000

Metaspace:

Usage:
  Non-class:     71.24 MB capacity,    70.01 MB ( 98%) used,  1021.56 KB (  1%) free+waste,   232.06 KB ( <1%) overhead. 
      Class:     11.24 MB capacity,    10.45 MB ( 93%) used,   705.07 KB (  6%) free+waste,   107.44 KB ( <1%) overhead. 
       Both:     82.48 MB capacity,    80.46 MB ( 98%) used,     1.69 MB (  2%) free+waste,   339.50 KB ( <1%) overhead. 

Virtual space:
  Non-class space:       72.00 MB reserved,      71.25 MB ( 99%) committed 
      Class space:        1.00 GB reserved,      11.25 MB (  1%) committed 
             Both:        1.07 GB reserved,      82.50 MB (  8%) committed 

Chunk freelists:
   Non-Class:  13.00 KB
       Class:  9.00 KB
        Both:  22.00 KB

MaxMetaspaceSize: 17179869184.00 GB
CompressedClassSpaceSize: 1.00 GB

CodeHeap 'non-profiled nmethods': size=120000Kb used=5374Kb max_used=5374Kb free=114625Kb
 bounds [0x0000027c07ad0000, 0x0000027c08010000, 0x0000027c0f000000]
CodeHeap 'profiled nmethods': size=120000Kb used=17310Kb max_used=17310Kb free=102689Kb
 bounds [0x0000027c005a0000, 0x0000027c01690000, 0x0000027c07ad0000]
CodeHeap 'non-nmethods': size=5760Kb used=2263Kb max_used=2314Kb free=3496Kb
 bounds [0x0000027c00000000, 0x0000027c00270000, 0x0000027c005a0000]
 total_blobs=9122 nmethods=8260 adapters=773
 compilation: enabled
              stopped_count=0, restarted_count=0
 full_count=0

Compilation events (20 events):
Event: 13.415 Thread 0x0000027c7a6ed000 8519       3       org.gradle.internal.snapshot.EmptyChildMap::getInstance (4 bytes)
Event: 13.415 Thread 0x0000027c7a6ed000 nmethod 8519 0x0000027c0168a290 code [0x0000027c0168a440, 0x0000027c0168a538]
Event: 13.423 Thread 0x0000027c7d9ed800 nmethod 8419 0x0000027c0800a810 code [0x0000027c0800ab00, 0x0000027c0800bec0]
Event: 13.423 Thread 0x0000027c7a6dd000 nmethod 8458 0x0000027c0800cf90 code [0x0000027c0800d140, 0x0000027c0800dda8]
Event: 13.423 Thread 0x0000027c7a6dd000 8511       4       java.util.AbstractQueue::add (20 bytes)
Event: 13.423 Thread 0x0000027c7d9ed800 8500       4       sun.security.provider.ByteArrayAccess::i2bLittle4 (111 bytes)
Event: 13.424 Thread 0x0000027c7a6dd000 nmethod 8511 0x0000027c0800df90 code [0x0000027c0800e120, 0x0000027c0800e1b8]
Event: 13.424 Thread 0x0000027c7a6dd000 8459       4       java.nio.ByteBuffer::clear (7 bytes)
Event: 13.424 Thread 0x0000027c7d9ed800 nmethod 8500 0x0000027c0800e290 code [0x0000027c0800e420, 0x0000027c0800e4b8]
Event: 13.424 Thread 0x0000027c7d9ed800 8450       4       com.google.common.cache.LocalCache$AccessQueue::offer (9 bytes)
Event: 13.424 Thread 0x0000027c7a6dd000 nmethod 8459 0x0000027c0800e590 code [0x0000027c0800e720, 0x0000027c0800e798]
Event: 13.424 Thread 0x0000027c7a6dd000 8451       4       com.google.common.cache.LocalCache$AccessQueue::offer (38 bytes)
Event: 13.427 Thread 0x0000027c7a6ed000 8521       3       com.google.common.cache.LocalCache$StrongAccessEntry::<init> (29 bytes)
Event: 13.427 Thread 0x0000027c7d9ed800 nmethod 8450 0x0000027c0800e810 code [0x0000027c0800e9c0, 0x0000027c0800ecd8]
Event: 13.427 Thread 0x0000027c7d9ed800 8520       4       org.gradle.cache.internal.btree.CachingBlockStore::read (56 bytes)
Event: 13.427 Thread 0x0000027c7a6dd000 nmethod 8451 0x0000027c0800ef10 code [0x0000027c0800f0c0, 0x0000027c0800f3d8]
Event: 13.427 Thread 0x0000027c7a6dd000 8455       4       java.nio.ByteBuffer::position (6 bytes)
Event: 13.427 Thread 0x0000027c7a6ed000 nmethod 8521 0x0000027c0168a610 code [0x0000027c0168a800, 0x0000027c0168ad58]
Event: 13.428 Thread 0x0000027c7a6dd000 nmethod 8455 0x0000027c0800f610 code [0x0000027c0800f7a0, 0x0000027c0800f878]
Event: 13.428 Thread 0x0000027c7a6dd000 8476       4       com.google.common.collect.Ordering::natural (4 bytes)

GC Heap History (20 events):
Event: 5.940 GC heap after
{Heap after GC invocations=6 (full 0):
 garbage-first heap   total 131072K, used 22752K [0x0000000080000000, 0x0000000100000000)
  region size 1024K, 7 young (7168K), 7 survivors (7168K)
 Metaspace       used 34933K, capacity 35750K, committed 35840K, reserved 1081344K
  class space    used 4530K, capacity 4832K, committed 4864K, reserved 1048576K
}
Event: 6.667 GC heap before
{Heap before GC invocations=7 (full 0):
 garbage-first heap   total 131072K, used 86240K [0x0000000080000000, 0x0000000100000000)
  region size 1024K, 67 young (68608K), 7 survivors (7168K)
 Metaspace       used 39449K, capacity 40379K, committed 40576K, reserved 1085440K
  class space    used 5039K, capacity 5389K, committed 5504K, reserved 1048576K
}
Event: 6.676 GC heap after
{Heap after GC invocations=8 (full 0):
 garbage-first heap   total 131072K, used 27360K [0x0000000080000000, 0x0000000100000000)
  region size 1024K, 9 young (9216K), 9 survivors (9216K)
 Metaspace       used 39449K, capacity 40379K, committed 40576K, reserved 1085440K
  class space    used 5039K, capacity 5389K, committed 5504K, reserved 1048576K
}
Event: 7.363 GC heap before
{Heap before GC invocations=8 (full 0):
 garbage-first heap   total 131072K, used 87776K [0x0000000080000000, 0x0000000100000000)
  region size 1024K, 68 young (69632K), 9 survivors (9216K)
 Metaspace       used 44681K, capacity 45824K, committed 45952K, reserved 1089536K
  class space    used 5743K, capacity 6177K, committed 6272K, reserved 1048576K
}
Event: 7.375 GC heap after
{Heap after GC invocations=9 (full 0):
 garbage-first heap   total 131072K, used 29738K [0x0000000080000000, 0x0000000100000000)
  region size 1024K, 4 young (4096K), 4 survivors (4096K)
 Metaspace       used 44681K, capacity 45824K, committed 45952K, reserved 1089536K
  class space    used 5743K, capacity 6177K, committed 6272K, reserved 1048576K
}
Event: 8.300 GC heap before
{Heap before GC invocations=9 (full 0):
 garbage-first heap   total 131072K, used 98346K [0x0000000080000000, 0x0000000100000000)
  region size 1024K, 65 young (66560K), 4 survivors (4096K)
 Metaspace       used 48022K, capacity 49299K, committed 49408K, reserved 1091584K
  class space    used 6149K, capacity 6653K, committed 6656K, reserved 1048576K
}
Event: 8.308 GC heap after
{Heap after GC invocations=10 (full 0):
 garbage-first heap   total 157696K, used 45509K [0x0000000080000000, 0x0000000100000000)
  region size 1024K, 9 young (9216K), 9 survivors (9216K)
 Metaspace       used 48022K, capacity 49299K, committed 49408K, reserved 1091584K
  class space    used 6149K, capacity 6653K, committed 6656K, reserved 1048576K
}
Event: 9.286 GC heap before
{Heap before GC invocations=10 (full 0):
 garbage-first heap   total 157696K, used 112069K [0x0000000080000000, 0x0000000100000000)
  region size 1024K, 74 young (75776K), 9 survivors (9216K)
 Metaspace       used 57872K, capacity 59352K, committed 59648K, reserved 1101824K
  class space    used 7350K, capacity 7891K, committed 7936K, reserved 1048576K
}
Event: 9.295 GC heap after
{Heap after GC invocations=11 (full 0):
 garbage-first heap   total 157696K, used 48686K [0x0000000080000000, 0x0000000100000000)
  region size 1024K, 3 young (3072K), 3 survivors (3072K)
 Metaspace       used 57872K, capacity 59352K, committed 59648K, reserved 1101824K
  class space    used 7350K, capacity 7891K, committed 7936K, reserved 1048576K
}
Event: 9.349 GC heap before
{Heap before GC invocations=11 (full 0):
 garbage-first heap   total 157696K, used 51758K [0x0000000080000000, 0x0000000100000000)
  region size 1024K, 7 young (7168K), 3 survivors (3072K)
 Metaspace       used 58521K, capacity 60010K, committed 60160K, reserved 1101824K
  class space    used 7412K, capacity 7960K, committed 8064K, reserved 1048576K
}
Event: 9.355 GC heap after
{Heap after GC invocations=12 (full 0):
 garbage-first heap   total 157696K, used 49179K [0x0000000080000000, 0x0000000100000000)
  region size 1024K, 4 young (4096K), 4 survivors (4096K)
 Metaspace       used 58521K, capacity 60010K, committed 60160K, reserved 1101824K
  class space    used 7412K, capacity 7960K, committed 8064K, reserved 1048576K
}
Event: 10.210 GC heap before
{Heap before GC invocations=13 (full 0):
 garbage-first heap   total 157696K, used 110619K [0x0000000080000000, 0x0000000100000000)
  region size 1024K, 64 young (65536K), 4 survivors (4096K)
 Metaspace       used 64092K, capacity 65622K, committed 65792K, reserved 1105920K
  class space    used 8097K, capacity 8685K, committed 8704K, reserved 1048576K
}
Event: 10.230 GC heap after
{Heap after GC invocations=14 (full 0):
 garbage-first heap   total 157696K, used 52926K [0x0000000080000000, 0x0000000100000000)
  region size 1024K, 7 young (7168K), 7 survivors (7168K)
 Metaspace       used 64092K, capacity 65622K, committed 65792K, reserved 1105920K
  class space    used 8097K, capacity 8685K, committed 8704K, reserved 1048576K
}
Event: 10.956 GC heap before
{Heap before GC invocations=15 (full 0):
 garbage-first heap   total 157696K, used 114366K [0x0000000080000000, 0x0000000100000000)
  region size 1024K, 67 young (68608K), 7 survivors (7168K)
 Metaspace       used 67972K, capacity 69544K, committed 69760K, reserved 1110016K
  class space    used 8675K, capacity 9308K, committed 9344K, reserved 1048576K
}
Event: 10.967 GC heap after
{Heap after GC invocations=16 (full 0):
 garbage-first heap   total 157696K, used 57657K [0x0000000080000000, 0x0000000100000000)
  region size 1024K, 9 young (9216K), 9 survivors (9216K)
 Metaspace       used 67972K, capacity 69544K, committed 69760K, reserved 1110016K
  class space    used 8675K, capacity 9308K, committed 9344K, reserved 1048576K
}
Event: 11.867 GC heap before
{Heap before GC invocations=16 (full 0):
 garbage-first heap   total 157696K, used 118073K [0x0000000080000000, 0x0000000100000000)
  region size 1024K, 68 young (69632K), 9 survivors (9216K)
 Metaspace       used 74954K, capacity 76712K, committed 76928K, reserved 1116160K
  class space    used 9686K, capacity 10362K, committed 10368K, reserved 1048576K
}
Event: 11.881 GC heap after
{Heap after GC invocations=17 (full 0):
 garbage-first heap   total 157696K, used 61450K [0x0000000080000000, 0x0000000100000000)
  region size 1024K, 9 young (9216K), 9 survivors (9216K)
 Metaspace       used 74954K, capacity 76712K, committed 76928K, reserved 1116160K
  class space    used 9686K, capacity 10362K, committed 10368K, reserved 1048576K
}
Event: 12.749 GC heap before
{Heap before GC invocations=17 (full 0):
 garbage-first heap   total 157696K, used 120842K [0x0000000080000000, 0x0000000100000000)
  region size 1024K, 67 young (68608K), 9 survivors (9216K)
 Metaspace       used 80658K, capacity 82549K, committed 82688K, reserved 1120256K
  class space    used 10440K, capacity 11144K, committed 11264K, reserved 1048576K
}
Event: 12.760 GC heap after
{Heap after GC invocations=18 (full 0):
 garbage-first heap   total 157696K, used 65307K [0x0000000080000000, 0x0000000100000000)
  region size 1024K, 8 young (8192K), 8 survivors (8192K)
 Metaspace       used 80658K, capacity 82549K, committed 82688K, reserved 1120256K
  class space    used 10440K, capacity 11144K, committed 11264K, reserved 1048576K
}
Event: 13.429 GC heap before
{Heap before GC invocations=18 (full 0):
 garbage-first heap   total 157696K, used 122651K [0x0000000080000000, 0x0000000100000000)
  region size 1024K, 65 young (66560K), 8 survivors (8192K)
 Metaspace       used 82391K, capacity 84458K, committed 84480K, reserved 1122304K
  class space    used 10698K, capacity 11511K, committed 11520K, reserved 1048576K
}

Deoptimization events (20 events):
Event: 13.354 Thread 0x0000027c7dd46800 Uncommon trap: trap_request=0xffffffc6 fr.pc=0x0000027c07ff0e68 relative=0x0000000000000568
Event: 13.354 Thread 0x0000027c7dd46800 Uncommon trap: reason=bimorphic_or_optimized_type_check action=maybe_recompile pc=0x0000027c07ff0e68 method=java.util.Arrays.binarySearch0([Ljava/lang/Object;IILjava/lang/Object;Ljava/util/Comparator;)I @ 48 c2
Event: 13.354 Thread 0x0000027c7dd46800 DEOPT PACKING pc=0x0000027c07ff0e68 sp=0x0000008b2edf9640
Event: 13.355 Thread 0x0000027c7dd46800 DEOPT UNPACKING pc=0x0000027c000274af sp=0x0000008b2edf95c0 mode 2
Event: 13.355 Thread 0x0000027c7dd46800 Uncommon trap: trap_request=0xffffffc6 fr.pc=0x0000027c07ff0e68 relative=0x0000000000000568
Event: 13.355 Thread 0x0000027c7dd46800 Uncommon trap: reason=bimorphic_or_optimized_type_check action=maybe_recompile pc=0x0000027c07ff0e68 method=java.util.Arrays.binarySearch0([Ljava/lang/Object;IILjava/lang/Object;Ljava/util/Comparator;)I @ 48 c2
Event: 13.355 Thread 0x0000027c7dd46800 DEOPT PACKING pc=0x0000027c07ff0e68 sp=0x0000008b2edf9640
Event: 13.355 Thread 0x0000027c7dd46800 DEOPT UNPACKING pc=0x0000027c000274af sp=0x0000008b2edf95c0 mode 2
Event: 13.355 Thread 0x0000027c7dd46800 Uncommon trap: trap_request=0xffffffc6 fr.pc=0x0000027c07ff0e68 relative=0x0000000000000568
Event: 13.355 Thread 0x0000027c7dd46800 Uncommon trap: reason=bimorphic_or_optimized_type_check action=maybe_recompile pc=0x0000027c07ff0e68 method=java.util.Arrays.binarySearch0([Ljava/lang/Object;IILjava/lang/Object;Ljava/util/Comparator;)I @ 48 c2
Event: 13.355 Thread 0x0000027c7dd46800 DEOPT PACKING pc=0x0000027c07ff0e68 sp=0x0000008b2edf9640
Event: 13.355 Thread 0x0000027c7dd46800 DEOPT UNPACKING pc=0x0000027c000274af sp=0x0000008b2edf95c0 mode 2
Event: 13.357 Thread 0x0000027c7dd46800 Uncommon trap: trap_request=0xffffff4d fr.pc=0x0000027c07fd637c relative=0x00000000000001fc
Event: 13.357 Thread 0x0000027c7dd46800 Uncommon trap: reason=unstable_if action=reinterpret pc=0x0000027c07fd637c method=org.gradle.internal.file.DefaultFileHierarchySet$Node.isChildOfOrThis(Ljava/lang/String;I)Z @ 72 c2
Event: 13.357 Thread 0x0000027c7dd46800 DEOPT PACKING pc=0x0000027c07fd637c sp=0x0000008b2edf9ef0
Event: 13.357 Thread 0x0000027c7dd46800 DEOPT UNPACKING pc=0x0000027c000274af sp=0x0000008b2edf9e78 mode 2
Event: 13.365 Thread 0x0000027c7c1d4000 Uncommon trap: trap_request=0xffffffc6 fr.pc=0x0000027c07ff0e68 relative=0x0000000000000568
Event: 13.365 Thread 0x0000027c7c1d4000 Uncommon trap: reason=bimorphic_or_optimized_type_check action=maybe_recompile pc=0x0000027c07ff0e68 method=java.util.Arrays.binarySearch0([Ljava/lang/Object;IILjava/lang/Object;Ljava/util/Comparator;)I @ 48 c2
Event: 13.365 Thread 0x0000027c7c1d4000 DEOPT PACKING pc=0x0000027c07ff0e68 sp=0x0000008b321fdce0
Event: 13.365 Thread 0x0000027c7c1d4000 DEOPT UNPACKING pc=0x0000027c000274af sp=0x0000008b321fdc60 mode 2

Classes redefined (0 events):
No events

Internal exceptions (20 events):
Event: 12.543 Thread 0x0000027c7dd46800 Exception <a 'java/lang/NoSuchMethodError'{0x0000000086cc7230}: <clinit>> (0x0000000086cc7230) thrown at [./src/hotspot/share/prims/jni.cpp, line 1362]
Event: 12.549 Thread 0x0000027c7dd46800 Exception <a 'java/lang/NoSuchMethodError'{0x0000000086cf9338}: <clinit>> (0x0000000086cf9338) thrown at [./src/hotspot/share/prims/jni.cpp, line 1362]
Event: 12.608 Thread 0x0000027c7dd46800 Exception <a 'sun/nio/fs/WindowsException'{0x000000008681c4f0}> (0x000000008681c4f0) thrown at [./src/hotspot/share/prims/jni.cpp, line 615]
Event: 12.703 Thread 0x0000027c7d5df800 Exception <a 'java/lang/NoSuchMethodError'{0x0000000086487cf8}: <clinit>> (0x0000000086487cf8) thrown at [./src/hotspot/share/prims/jni.cpp, line 1362]
Event: 12.703 Thread 0x0000027c7d5df800 Exception <a 'java/lang/NoSuchMethodError'{0x00000000864923b0}: <clinit>> (0x00000000864923b0) thrown at [./src/hotspot/share/prims/jni.cpp, line 1362]
Event: 12.707 Thread 0x0000027c7d5df800 Exception <a 'java/lang/NoSuchMethodError'{0x00000000863078d8}: <clinit>> (0x00000000863078d8) thrown at [./src/hotspot/share/prims/jni.cpp, line 1362]
Event: 12.709 Thread 0x0000027c7d5df800 Exception <a 'java/lang/NoSuchMethodError'{0x0000000086319850}: <clinit>> (0x0000000086319850) thrown at [./src/hotspot/share/prims/jni.cpp, line 1362]
Event: 12.709 Thread 0x0000027c7d5df800 Exception <a 'java/lang/NoSuchMethodError'{0x000000008631ad70}: <clinit>> (0x000000008631ad70) thrown at [./src/hotspot/share/prims/jni.cpp, line 1362]
Event: 12.728 Thread 0x0000027c7c1cd800 Exception <a 'java/lang/NoSuchMethodError'{0x0000000086160c88}: <clinit>> (0x0000000086160c88) thrown at [./src/hotspot/share/prims/jni.cpp, line 1362]
Event: 12.732 Thread 0x0000027c7c1cd800 Exception <a 'java/lang/NoSuchMethodError'{0x0000000086179f28}: <clinit>> (0x0000000086179f28) thrown at [./src/hotspot/share/prims/jni.cpp, line 1362]
Event: 12.775 Thread 0x0000027c7d5df800 Exception <a 'java/lang/NoSuchMethodError'{0x0000000089871040}: <clinit>> (0x0000000089871040) thrown at [./src/hotspot/share/prims/jni.cpp, line 1362]
Event: 12.806 Thread 0x0000027c7dd46800 Exception <a 'java/lang/NoSuchMethodError'{0x00000000897f0f88}: 'java.lang.Object java.lang.invoke.Invokers$Holder.linkToTargetMethod(java.lang.Object, java.lang.Object, java.lang.Object, int, java.lang.Object, java.lang.Object)'> (0x00000000897f0f88) thrown at [./src/hotspot/share/interpreter/linkResolver.cpp, line 773]
Event: 12.816 Thread 0x0000027c7dd46800 Exception <a 'java/lang/IncompatibleClassChangeError'{0x000000008965b518}: Found class java.lang.Object, but interface was expected> (0x000000008965b518) thrown at [./src/hotspot/share/interpreter/linkResolver.cpp, line 839]
Event: 12.841 Thread 0x0000027c7dd46800 Exception <a 'java/lang/NoSuchMethodError'{0x00000000894523c8}: 'int java.lang.invoke.DirectMethodHandle$Holder.invokeStaticInit(java.lang.Object, java.lang.Object, java.lang.Object, java.lang.Object, java.lang.Object)'> (0x00000000894523c8) thrown at [./src/hotspot/share/interpreter/linkResolver.cpp, line 773]
Event: 13.029 Thread 0x0000027c7da47000 Exception <a 'java/lang/NoSuchMethodError'{0x00000000888e8260}: 'java.lang.Object java.lang.invoke.DirectMethodHandle$Holder.invokeSpecialIFC(java.lang.Object, java.lang.Object, java.lang.Object)'> (0x00000000888e8260) thrown at [./src/hotspot/share/interpreter/linkResolver.cpp, line 773]
Event: 13.029 Thread 0x0000027c7da48800 Exception <a 'java/lang/NoSuchMethodError'{0x00000000888d79f0}: 'java.lang.Object java.lang.invoke.DirectMethodHandle$Holder.invokeSpecialIFC(java.lang.Object, java.lang.Object, java.lang.Object)'> (0x00000000888d79f0) thrown at [./src/hotspot/share/interpreter/linkResolver.cpp, line 773]
Event: 13.029 Thread 0x0000027c7da47800 Exception <a 'java/lang/NoSuchMethodError'{0x00000000887029b0}: 'java.lang.Object java.lang.invoke.DirectMethodHandle$Holder.invokeSpecialIFC(java.lang.Object, java.lang.Object, java.lang.Object)'> (0x00000000887029b0) thrown at [./src/hotspot/share/interpreter/linkResolver.cpp, line 773]
Event: 13.029 Thread 0x0000027c7da4a000 Exception <a 'java/lang/NoSuchMethodError'{0x00000000888f8770}: 'java.lang.Object java.lang.invoke.DirectMethodHandle$Holder.invokeSpecialIFC(java.lang.Object, java.lang.Object, java.lang.Object)'> (0x00000000888f8770) thrown at [./src/hotspot/share/interpreter/linkResolver.cpp, line 773]
Event: 13.221 Thread 0x0000027c7da48800 Exception <a 'java/lang/NoSuchMethodError'{0x00000000874de6e8}: 'void java.lang.invoke.DirectMethodHandle$Holder.invokeVirtual(java.lang.Object, java.lang.Object)'> (0x00000000874de6e8) thrown at [./src/hotspot/share/interpreter/linkResolver.cpp, line 773]
Event: 13.221 Thread 0x0000027c7da47000 Exception <a 'java/lang/NoSuchMethodError'{0x00000000875fe670}: 'void java.lang.invoke.DirectMethodHandle$Holder.invokeVirtual(java.lang.Object, java.lang.Object)'> (0x00000000875fe670) thrown at [./src/hotspot/share/interpreter/linkResolver.cpp, line 773]

Events (20 events):
Event: 13.371 loading class java/util/stream/SortedOps$SizedRefSortingSink done
Event: 13.380 Executing VM operation: RevokeBias
Event: 13.381 Executing VM operation: RevokeBias done
Event: 13.389 Executing VM operation: RevokeBias
Event: 13.389 Executing VM operation: RevokeBias done
Event: 13.393 Executing VM operation: RevokeBias
Event: 13.394 Executing VM operation: RevokeBias done
Event: 13.395 Executing VM operation: RevokeBias
Event: 13.395 Executing VM operation: RevokeBias done
Event: 13.405 Executing VM operation: RevokeBias
Event: 13.405 Executing VM operation: RevokeBias done
Event: 13.406 Executing VM operation: RevokeBias
Event: 13.407 Executing VM operation: RevokeBias done
Event: 13.414 loading class org/gradle/execution/plan/ValuedVfsHierarchy$ValueVisitor
Event: 13.414 loading class org/gradle/execution/plan/ValuedVfsHierarchy$ValueVisitor done
Event: 13.415 loading class org/gradle/execution/plan/ValuedVfsHierarchy$ValueVisitor
Event: 13.415 loading class org/gradle/execution/plan/ValuedVfsHierarchy$ValueVisitor done
Event: 13.415 loading class org/gradle/execution/plan/ValuedVfsHierarchy
Event: 13.415 loading class org/gradle/execution/plan/ValuedVfsHierarchy done
Event: 13.428 Executing VM operation: G1CollectForAllocation


Dynamic libraries:
0x00007ff61e4e0000 - 0x00007ff61e4ea000 	C:\Users\Dark Knight\Desktop\Android Studio\jre\bin\java.exe
0x00007ffee3570000 - 0x00007ffee3765000 	C:\WINDOWS\SYSTEM32\ntdll.dll
0x00007ffee15f0000 - 0x00007ffee16ad000 	C:\WINDOWS\System32\KERNEL32.DLL
0x00007ffee12d0000 - 0x00007ffee1599000 	C:\WINDOWS\System32\KERNELBASE.dll
0x00007ffee0cd0000 - 0x00007ffee0dd0000 	C:\WINDOWS\System32\ucrtbase.dll
0x00007ffebbaa0000 - 0x00007ffebbab9000 	C:\Users\Dark Knight\Desktop\Android Studio\jre\bin\jli.dll
0x00007ffec8f70000 - 0x00007ffec8f87000 	C:\Users\Dark Knight\Desktop\Android Studio\jre\bin\VCRUNTIME140.dll
0x00007ffee1f30000 - 0x00007ffee20d0000 	C:\WINDOWS\System32\USER32.dll
0x00007ffee0ca0000 - 0x00007ffee0cc2000 	C:\WINDOWS\System32\win32u.dll
0x00007ffee20d0000 - 0x00007ffee20fa000 	C:\WINDOWS\System32\GDI32.dll
0x00007ffecb000000 - 0x00007ffecb29a000 	C:\WINDOWS\WinSxS\amd64_microsoft.windows.common-controls_6595b64144ccf1df_6.0.19041.1110_none_60b5254171f9507e\COMCTL32.dll
0x00007ffee11c0000 - 0x00007ffee12cb000 	C:\WINDOWS\System32\gdi32full.dll
0x00007ffee32b0000 - 0x00007ffee334e000 	C:\WINDOWS\System32\msvcrt.dll
0x00007ffee0dd0000 - 0x00007ffee0e6d000 	C:\WINDOWS\System32\msvcp_win.dll
0x00007ffee23d0000 - 0x00007ffee2400000 	C:\WINDOWS\System32\IMM32.DLL
0x00007ffea9a60000 - 0x00007ffea9afd000 	C:\Users\Dark Knight\Desktop\Android Studio\jre\bin\msvcp140.dll
0x00007ffe83f00000 - 0x00007ffe849bc000 	C:\Users\Dark Knight\Desktop\Android Studio\jre\bin\server\jvm.dll
0x00007ffee1780000 - 0x00007ffee182c000 	C:\WINDOWS\System32\ADVAPI32.dll
0x00007ffee1830000 - 0x00007ffee18cb000 	C:\WINDOWS\System32\sechost.dll
0x00007ffee3350000 - 0x00007ffee347a000 	C:\WINDOWS\System32\RPCRT4.dll
0x00007ffee2d90000 - 0x00007ffee2d98000 	C:\WINDOWS\System32\PSAPI.DLL
0x00007ffecdba0000 - 0x00007ffecdba9000 	C:\WINDOWS\SYSTEM32\WSOCK32.dll
0x00007ffed7fc0000 - 0x00007ffed7fca000 	C:\WINDOWS\SYSTEM32\VERSION.dll
0x00007ffee2360000 - 0x00007ffee23cb000 	C:\WINDOWS\System32\WS2_32.dll
0x00007ffecb2b0000 - 0x00007ffecb2d7000 	C:\WINDOWS\SYSTEM32\WINMM.dll
0x00007ffedf530000 - 0x00007ffedf542000 	C:\WINDOWS\SYSTEM32\kernel.appcore.dll
0x00007ffeafc50000 - 0x00007ffeafc61000 	C:\Users\Dark Knight\Desktop\Android Studio\jre\bin\verify.dll
0x00007ffedeab0000 - 0x00007ffedec94000 	C:\WINDOWS\SYSTEM32\DBGHELP.DLL
0x00007ffec9830000 - 0x00007ffec985c000 	C:\WINDOWS\SYSTEM32\dbgcore.DLL
0x00007ffee0f70000 - 0x00007ffee0ff3000 	C:\WINDOWS\System32\bcryptPrimitives.dll
0x00007ffe9f600000 - 0x00007ffe9f629000 	C:\Users\Dark Knight\Desktop\Android Studio\jre\bin\java.dll
0x00007ffec2780000 - 0x00007ffec278b000 	C:\Users\Dark Knight\Desktop\Android Studio\jre\bin\jimage.dll
0x00007ffeaf7a0000 - 0x00007ffeaf7b8000 	C:\Users\Dark Knight\Desktop\Android Studio\jre\bin\zip.dll
0x00007ffee25f0000 - 0x00007ffee2d2f000 	C:\WINDOWS\System32\SHELL32.dll
0x00007ffeded90000 - 0x00007ffedf520000 	C:\WINDOWS\SYSTEM32\windows.storage.dll
0x00007ffee2da0000 - 0x00007ffee30f5000 	C:\WINDOWS\System32\combase.dll
0x00007ffee0700000 - 0x00007ffee072c000 	C:\WINDOWS\SYSTEM32\Wldp.dll
0x00007ffee1e80000 - 0x00007ffee1f2e000 	C:\WINDOWS\System32\SHCORE.dll
0x00007ffee2400000 - 0x00007ffee2455000 	C:\WINDOWS\System32\shlwapi.dll
0x00007ffee0be0000 - 0x00007ffee0bff000 	C:\WINDOWS\SYSTEM32\profapi.dll
0x00007ffed8280000 - 0x00007ffed829a000 	C:\Users\Dark Knight\Desktop\Android Studio\jre\bin\net.dll
0x00007ffed5b40000 - 0x00007ffed5c48000 	C:\WINDOWS\SYSTEM32\WINHTTP.dll
0x00007ffee0460000 - 0x00007ffee04ca000 	C:\WINDOWS\system32\mswsock.dll
0x00007ffed8260000 - 0x00007ffed8274000 	C:\Users\Dark Knight\Desktop\Android Studio\jre\bin\nio.dll
0x00007ffeba130000 - 0x00007ffeba157000 	C:\Users\Dark Knight\.gradle\native\8bec1ad78214c89d9ad589b4d07fe93259594b29d510b10fafb7a158f7737e5d\windows-amd64\native-platform.dll
0x00007ffea9dc0000 - 0x00007ffea9efd000 	C:\Users\Dark Knight\.gradle\native\53dbd7edfb1c66fb8903c78663c9afc45aea4f116125fa6feffd364cf09443e8\windows-amd64\native-platform-file-events.dll
0x00007ffedc030000 - 0x00007ffedc03a000 	C:\Users\Dark Knight\Desktop\Android Studio\jre\bin\management.dll
0x00007ffed8250000 - 0x00007ffed825c000 	C:\Users\Dark Knight\Desktop\Android Studio\jre\bin\management_ext.dll
0x00007ffee0650000 - 0x00007ffee0668000 	C:\WINDOWS\SYSTEM32\CRYPTSP.dll
0x00007ffedfd70000 - 0x00007ffedfda4000 	C:\WINDOWS\system32\rsaenh.dll
0x00007ffee15a0000 - 0x00007ffee15c7000 	C:\WINDOWS\System32\bcrypt.dll
0x00007ffee0ba0000 - 0x00007ffee0bce000 	C:\WINDOWS\SYSTEM32\USERENV.dll
0x00007ffee0670000 - 0x00007ffee067c000 	C:\WINDOWS\SYSTEM32\CRYPTBASE.dll
0x00007ffee0100000 - 0x00007ffee013b000 	C:\WINDOWS\SYSTEM32\IPHLPAPI.DLL
0x00007ffee18d0000 - 0x00007ffee18d8000 	C:\WINDOWS\System32\NSI.dll
0x00007ffecfdf0000 - 0x00007ffecfe07000 	C:\WINDOWS\SYSTEM32\dhcpcsvc6.DLL
0x00007ffed0340000 - 0x00007ffed035d000 	C:\WINDOWS\SYSTEM32\dhcpcsvc.DLL
0x00007ffee0140000 - 0x00007ffee020c000 	C:\WINDOWS\SYSTEM32\DNSAPI.dll

dbghelp: loaded successfully - version: 4.0.5 - missing functions: none
symbol engine: initialized successfully - sym options: 0x614 - pdb path: .;C:\Users\Dark Knight\Desktop\Android Studio\jre\bin;C:\WINDOWS\SYSTEM32;C:\WINDOWS\WinSxS\amd64_microsoft.windows.common-controls_6595b64144ccf1df_6.0.19041.1110_none_60b5254171f9507e;C:\Users\Dark Knight\Desktop\Android Studio\jre\bin\server;C:\Users\Dark Knight\.gradle\native\8bec1ad78214c89d9ad589b4d07fe93259594b29d510b10fafb7a158f7737e5d\windows-amd64;C:\Users\Dark Knight\.gradle\native\53dbd7edfb1c66fb8903c78663c9afc45aea4f116125fa6feffd364cf09443e8\windows-amd64

VM Arguments:
jvm_args: --add-opens=java.base/java.util=ALL-UNNAMED --add-opens=java.base/java.lang=ALL-UNNAMED --add-opens=java.base/java.lang.invoke=ALL-UNNAMED --add-opens=java.base/java.util=ALL-UNNAMED --add-opens=java.prefs/java.util.prefs=ALL-UNNAMED --add-opens=java.prefs/java.util.prefs=ALL-UNNAMED --add-opens=java.base/java.nio.charset=ALL-UNNAMED --add-opens=java.base/java.net=ALL-UNNAMED --add-opens=java.base/java.util.concurrent.atomic=ALL-UNNAMED -Xmx2048m -Dfile.encoding=UTF-8 -Duser.country=IN -Duser.language=en -Duser.variant 
java_command: org.gradle.launcher.daemon.bootstrap.GradleDaemon 7.0.2
java_class_path (initial): C:\Users\Dark Knight\.gradle\wrapper\dists\gradle-7.0.2-bin\857tjihv64xamwrf0h14cai3r\gradle-7.0.2\lib\gradle-launcher-7.0.2.jar
Launcher Type: SUN_STANDARD

[Global flags]
     intx CICompilerCount                          = 4                                         {product} {ergonomic}
     uint ConcGCThreads                            = 2                                         {product} {ergonomic}
     uint G1ConcRefinementThreads                  = 8                                         {product} {ergonomic}
   size_t G1HeapRegionSize                         = 1048576                                   {product} {ergonomic}
    uintx GCDrainStackTargetSize                   = 64                                        {product} {ergonomic}
   size_t InitialHeapSize                          = 134217728                                 {product} {ergonomic}
   size_t MarkStackSize                            = 4194304                                   {product} {ergonomic}
   size_t MaxHeapSize                              = 2147483648                                {product} {command line}
   size_t MaxNewSize                               = 1287651328                                {product} {ergonomic}
   size_t MinHeapDeltaBytes                        = 1048576                                   {product} {ergonomic}
    uintx NonNMethodCodeHeapSize                   = 5836300                                {pd product} {ergonomic}
    uintx NonProfiledCodeHeapSize                  = 122910970                              {pd product} {ergonomic}
    uintx ProfiledCodeHeapSize                     = 122910970                              {pd product} {ergonomic}
    uintx ReservedCodeCacheSize                    = 251658240                              {pd product} {ergonomic}
     bool SegmentedCodeCache                       = true                                      {product} {ergonomic}
     bool UseCompressedClassPointers               = true                                 {lp64_product} {ergonomic}
     bool UseCompressedOops                        = true                                 {lp64_product} {ergonomic}
     bool UseG1GC                                  = true                                      {product} {ergonomic}
     bool UseLargePagesIndividualAllocation        = false                                  {pd product} {ergonomic}

Logging:
Log output configuration:
 #0: stdout all=warning uptime,level,tags
 #1: stderr all=off uptime,level,tags

Environment Variables:
PATH=C:\Windows\system32;C:\Windows;C:\Windows\System32\Wbem;C:\Windows\System32\WindowsPowerShell\v1.0\;C:\Windows\System32\OpenSSH\;C:\Program Files (x86)\NVIDIA Corporation\PhysX\Common;C:\Program Files\NVIDIA Corporation\NVIDIA NvDLISR;C:\WINDOWS\system32;C:\WINDOWS;C:\WINDOWS\System32\Wbem;C:\WINDOWS\System32\WindowsPowerShell\v1.0\;C:\WINDOWS\System32\OpenSSH\;C:\MinGW\bin;C:\Program Files\MEGA-X;C:\WINDOWS\system32;C:\WINDOWS;C:\WINDOWS\System32\Wbem;C:\WINDOWS\System32\WindowsPowerShell\v1.0\;C:\WINDOWS\System32\OpenSSH\;C:\Program Files\Git\cmd;C:\Users\Dark Knight\AppData\Local\Microsoft\WindowsApps;C:\Users\Dark Knight\AppData\Local\atom\bin;C:\MinGW\bin;C:\Program Files (x86)\Microsoft Visual Studio\2019\BuildTools\MSBuild\Current\Bin;C:\Users\Dark Knight\AppData\Local\Microsoft\WindowsApps
USERNAME=Dark Knight
OS=Windows_NT
PROCESSOR_IDENTIFIER=Intel64 Family 6 Model 158 Stepping 10, GenuineIntel



---------------  S Y S T E M  ---------------

OS: Windows 10 , 64 bit Build 19041 (10.0.19041.1151)
OS uptime: 17 days 0:11 hours

CPU:total 8 (initial active 8) (4 cores per cpu, 2 threads per core) family 6 model 158 stepping 10, cmov, cx8, fxsr, mmx, sse, sse2, sse3, ssse3, sse4.1, sse4.2, popcnt, avx, avx2, aes, clmul, erms, 3dnowpref, lzcnt, ht, tsc, tscinvbit, bmi1, bmi2, adx, fma

Memory: 4k page, system-wide physical 8072M (904M free)
TotalPageFile size 12168M (AvailPageFile size 18M)
current process WorkingSet (physical memory assigned to process): 411M, peak: 412M
current process commit charge ("private bytes"): 447M, peak: 478M

vm_info: OpenJDK 64-Bit Server VM (11.0.8+10-b944.6842174) for windows-amd64 JRE (11.0.8+10-b944.6842174), built on Sep 19 2020 01:11:42 by "builder" with MS VC++ 14.0 (VS2015)

END.
