#
# There is insufficient memory for the Java Runtime Environment to continue.
# Native memory allocation (mmap) failed to map 162529280 bytes for Failed to commit area from 0x0000000092e00000 to 0x000000009c900000 of length 162529280.
# Possible reasons:
#   The system is out of physical RAM or swap space
#   The process is running with CompressedOops enabled, and the Java Heap may be blocking the growth of the native heap
# Possible solutions:
#   Reduce memory load on the system
#   Increase physical memory or swap space
#   Check if swap backing store is full
#   Decrease Java heap size (-Xmx/-Xms)
#   Decrease number of Java threads
#   Decrease Java thread stack sizes (-Xss)
#   Set larger code cache with -XX:ReservedCodeCacheSize=
#   JVM is running with Unscaled Compressed Oops mode in which the Java heap is
#     placed in the first 4GB address space. The Java Heap base address is the
#     maximum limit for the native heap growth. Please use -XX:HeapBaseMinAddress
#     to set the Java Heap base and to place the Java Heap above 4GB virtual address.
# This output file may be truncated or incomplete.
#
#  Out of Memory Error (./src/hotspot/os/windows/os_windows.cpp:3303), pid=29576, tid=50148
#
# JRE version: OpenJDK Runtime Environment (11.0.8+10) (build 11.0.8+10-b944.6842174)
# Java VM: OpenJDK 64-Bit Server VM (11.0.8+10-b944.6842174, mixed mode, tiered, compressed oops, g1 gc, windows-amd64)
# No core dump will be written. Minidumps are not enabled by default on client versions of Windows
#

---------------  S U M M A R Y ------------

Command Line: --add-opens=java.base/java.util=ALL-UNNAMED --add-opens=java.base/java.lang=ALL-UNNAMED --add-opens=java.base/java.lang.invoke=ALL-UNNAMED --add-opens=java.base/java.util=ALL-UNNAMED --add-opens=java.prefs/java.util.prefs=ALL-UNNAMED --add-opens=java.prefs/java.util.prefs=ALL-UNNAMED --add-opens=java.base/java.nio.charset=ALL-UNNAMED --add-opens=java.base/java.net=ALL-UNNAMED --add-opens=java.base/java.util.concurrent.atomic=ALL-UNNAMED -Xmx2048m -Dfile.encoding=UTF-8 -Duser.country=IN -Duser.language=en -Duser.variant org.gradle.launcher.daemon.bootstrap.GradleDaemon 7.0.2

Host: Intel(R) Core(TM) i5-9300H CPU @ 2.40GHz, 8 cores, 7G,  Windows 10 , 64 bit Build 19041 (10.0.19041.1151)
Time: Tue Aug 31 11:00:01 2021 India Standard Time elapsed time: 17 seconds (0d 0h 0m 17s)

---------------  T H R E A D  ---------------

Current thread (0x00000223b3c91800):  VMThread "VM Thread" [stack: 0x000000a71fe00000,0x000000a71ff00000] [id=50148]

Stack: [0x000000a71fe00000,0x000000a71ff00000]
[error occurred during error reporting (printing stack bounds), id 0xc0000005, EXCEPTION_ACCESS_VIOLATION (0xc0000005) at pc=0x000002239cb60dad]

Native frames: (J=compiled Java code, j=interpreted, Vv=VM code, C=native code)
V  [jvm.dll+0x5de50a]
V  [jvm.dll+0x7122f5]
V  [jvm.dll+0x71384d]
V  [jvm.dll+0x713e65]
V  [jvm.dll+0x713e1b]
V  [jvm.dll+0x5dd958]
V  [jvm.dll+0x5de0f8]
C  [ntdll.dll+0xa217f]
C  [ntdll.dll+0x51454]
C  [ntdll.dll+0xa0cae]
C  0x000002239cb60dad

VM_Operation (0x000000a7231f8600): G1CollectForAllocation, mode: safepoint, requested by thread 0x00000223b4c68000


---------------  P R O C E S S  ---------------

Threads class SMR info:
_java_thread_list=0x00000223b9c452d0, length=64, elements={
0x0000022397a1c800, 0x00000223b3c95000, 0x00000223b3c9e800, 0x00000223b3cad800,
0x00000223b3cae800, 0x00000223b3caf800, 0x00000223b3cb3800, 0x00000223b3cb4800,
0x00000223b4762000, 0x00000223b477e000, 0x00000223b7aa3000, 0x00000223b7ac4000,
0x00000223b6767800, 0x00000223b485f000, 0x00000223b50be000, 0x00000223b5c34000,
0x00000223b5de0000, 0x00000223b6ad7000, 0x00000223b65f2800, 0x00000223b671c000,
0x00000223b6896800, 0x00000223b6893000, 0x00000223b6897000, 0x00000223b6898000,
0x00000223b6892000, 0x00000223b6899000, 0x00000223b6894000, 0x00000223b6894800,
0x00000223b6895800, 0x00000223b4c5f000, 0x00000223b4c5c800, 0x00000223b4c61000,
0x00000223b4c61800, 0x00000223b4c5d800, 0x00000223b4c64000, 0x00000223b4c5e800,
0x00000223b4c6a000, 0x00000223b4c6a800, 0x00000223b4c65000, 0x00000223b4c67800,
0x00000223b4c68000, 0x00000223b4c69000, 0x00000223b4c6b800, 0x00000223b4c65800,
0x00000223b4c66800, 0x00000223b717d800, 0x00000223b7181000, 0x00000223b7183800,
0x00000223b7184000, 0x00000223b717e800, 0x00000223b7185000, 0x00000223b717f800,
0x00000223b7186000, 0x00000223b7180000, 0x00000223b7186800, 0x00000223b7187800,
0x00000223b7181800, 0x00000223b7189000, 0x00000223b718c800, 0x00000223b7188800,
0x00000223b718a000, 0x00000223bd5b1800, 0x00000223b718a800, 0x00000223b70fb800
}

Java Threads: ( => current thread )
  0x0000022397a1c800 JavaThread "main" [_thread_blocked, id=27876, stack(0x000000a71f800000,0x000000a71f900000)]
  0x00000223b3c95000 JavaThread "Reference Handler" daemon [_thread_blocked, id=47096, stack(0x000000a71ff00000,0x000000a720000000)]
  0x00000223b3c9e800 JavaThread "Finalizer" daemon [_thread_blocked, id=44096, stack(0x000000a720000000,0x000000a720100000)]
  0x00000223b3cad800 JavaThread "Signal Dispatcher" daemon [_thread_blocked, id=37896, stack(0x000000a720100000,0x000000a720200000)]
  0x00000223b3cae800 JavaThread "Attach Listener" daemon [_thread_blocked, id=46972, stack(0x000000a720200000,0x000000a720300000)]
  0x00000223b3caf800 JavaThread "C2 CompilerThread0" daemon [_thread_blocked, id=39252, stack(0x000000a720300000,0x000000a720400000)]
  0x00000223b3cb3800 JavaThread "C1 CompilerThread0" daemon [_thread_blocked, id=44840, stack(0x000000a720400000,0x000000a720500000)]
  0x00000223b3cb4800 JavaThread "Sweeper thread" daemon [_thread_blocked, id=41636, stack(0x000000a720500000,0x000000a720600000)]
  0x00000223b4762000 JavaThread "Common-Cleaner" daemon [_thread_blocked, id=34652, stack(0x000000a720600000,0x000000a720700000)]
  0x00000223b477e000 JavaThread "Service Thread" daemon [_thread_blocked, id=33512, stack(0x000000a720700000,0x000000a720800000)]
  0x00000223b7aa3000 JavaThread "Daemon health stats" [_thread_blocked, id=48152, stack(0x000000a720d00000,0x000000a720e00000)]
  0x00000223b7ac4000 JavaThread "Incoming local TCP Connector on port 52196" [_thread_in_native, id=45140, stack(0x000000a720900000,0x000000a720a00000)]
  0x00000223b6767800 JavaThread "Daemon periodic checks" [_thread_blocked, id=44200, stack(0x000000a720a00000,0x000000a720b00000)]
  0x00000223b485f000 JavaThread "Daemon" [_thread_blocked, id=45588, stack(0x000000a720e00000,0x000000a720f00000)]
  0x00000223b50be000 JavaThread "Handler for socket connection from /127.0.0.1:52196 to /127.0.0.1:52197" [_thread_in_native, id=45000, stack(0x000000a720f00000,0x000000a721000000)]
  0x00000223b5c34000 JavaThread "Cancel handler" [_thread_blocked, id=30728, stack(0x000000a721000000,0x000000a721100000)]
  0x00000223b5de0000 JavaThread "Daemon worker" [_thread_blocked, id=29744, stack(0x000000a721100000,0x000000a721200000)]
  0x00000223b6ad7000 JavaThread "Asynchronous log dispatcher for DefaultDaemonConnection: socket connection from /127.0.0.1:52196 to /127.0.0.1:52197" [_thread_blocked, id=47612, stack(0x000000a721200000,0x000000a721300000)]
  0x00000223b65f2800 JavaThread "Stdin handler" [_thread_blocked, id=49216, stack(0x000000a721300000,0x000000a721400000)]
  0x00000223b671c000 JavaThread "Daemon client event forwarder" [_thread_blocked, id=43416, stack(0x000000a721400000,0x000000a721500000)]
  0x00000223b6896800 JavaThread "Cache worker for file hash cache (C:\Users\Dark Knight\.gradle\caches\7.0.2\fileHashes)" [_thread_blocked, id=30836, stack(0x000000a721a00000,0x000000a721b00000)]
  0x00000223b6893000 JavaThread "File lock request listener" [_thread_in_native, id=48576, stack(0x000000a721b00000,0x000000a721c00000)]
  0x00000223b6897000 JavaThread "Cache worker for journal cache (C:\Users\Dark Knight\.gradle\caches\journal-1)" [_thread_blocked, id=40420, stack(0x000000a721d00000,0x000000a721e00000)]
  0x00000223b6898000 JavaThread "Cache worker for file hash cache (C:\Android Projects\Udemy TUTORIAL\7MinuteWorkout2\.gradle\7.0.2\fileHashes)" [_thread_blocked, id=11824, stack(0x000000a722000000,0x000000a722100000)]
  0x00000223b6892000 JavaThread "File watcher server" daemon [_thread_blocked, id=21472, stack(0x000000a722100000,0x000000a722200000)]
  0x00000223b6899000 JavaThread "File watcher consumer" daemon [_thread_blocked, id=25168, stack(0x000000a722200000,0x000000a722300000)]
  0x00000223b6894000 JavaThread "Cache worker for checksums cache (C:\Android Projects\Udemy TUTORIAL\7MinuteWorkout2\.gradle\checksums)" [_thread_blocked, id=14344, stack(0x000000a722300000,0x000000a722400000)]
  0x00000223b6894800 JavaThread "Cache worker for cache directory md-supplier (C:\Users\Dark Knight\.gradle\caches\7.0.2\md-supplier)" [_thread_blocked, id=41720, stack(0x000000a722400000,0x000000a722500000)]
  0x00000223b6895800 JavaThread "Cache worker for cache directory md-rule (C:\Users\Dark Knight\.gradle\caches\7.0.2\md-rule)" [_thread_blocked, id=46516, stack(0x000000a721f00000,0x000000a722000000)]
  0x00000223b4c5f000 JavaThread "Cache worker for execution history cache (C:\Users\Dark Knight\.gradle\caches\7.0.2\executionHistory)" [_thread_blocked, id=29196, stack(0x000000a722500000,0x000000a722600000)]
  0x00000223b4c5c800 JavaThread "jar transforms" [_thread_blocked, id=49592, stack(0x000000a722700000,0x000000a722800000)]
  0x00000223b4c61000 JavaThread "jar transforms Thread 2" [_thread_blocked, id=31012, stack(0x000000a722800000,0x000000a722900000)]
  0x00000223b4c61800 JavaThread "Cache worker for file content cache (C:\Users\Dark Knight\.gradle\caches\7.0.2\fileContent)" [_thread_blocked, id=29656, stack(0x000000a722900000,0x000000a722a00000)]
  0x00000223b4c5d800 JavaThread "Cache worker for dependencies-accessors (C:\Android Projects\Udemy TUTORIAL\7MinuteWorkout2\.gradle\7.0.2\dependencies-accessors)" [_thread_blocked, id=34776, stack(0x000000a722a00000,0x000000a722b00000)]
  0x00000223b4c64000 JavaThread "jar transforms Thread 3" [_thread_blocked, id=28016, stack(0x000000a722b00000,0x000000a722c00000)]
  0x00000223b4c5e800 JavaThread "Cache worker for Build Output Cleanup Cache (C:\Android Projects\Udemy TUTORIAL\7MinuteWorkout2\.gradle\buildOutputCleanup)" [_thread_blocked, id=44564, stack(0x000000a722c00000,0x000000a722d00000)]
  0x00000223b4c6a000 JavaThread "Build operations" [_thread_blocked, id=39296, stack(0x000000a722d00000,0x000000a722e00000)]
  0x00000223b4c6a800 JavaThread "Build operations Thread 2" [_thread_blocked, id=35116, stack(0x000000a722e00000,0x000000a722f00000)]
  0x00000223b4c65000 JavaThread "Build operations Thread 3" [_thread_blocked, id=46100, stack(0x000000a722f00000,0x000000a723000000)]
  0x00000223b4c67800 JavaThread "Build operations Thread 4" [_thread_blocked, id=46448, stack(0x000000a723000000,0x000000a723100000)]
  0x00000223b4c68000 JavaThread "Build operations Thread 5" [_thread_blocked, id=39228, stack(0x000000a723100000,0x000000a723200000)]
  0x00000223b4c69000 JavaThread "Build operations Thread 6" [_thread_blocked, id=36960, stack(0x000000a723200000,0x000000a723300000)]
  0x00000223b4c6b800 JavaThread "Build operations Thread 7" [_thread_blocked, id=40552, stack(0x000000a723300000,0x000000a723400000)]
  0x00000223b4c65800 JavaThread "Build operations Thread 8" [_thread_blocked, id=38836, stack(0x000000a723400000,0x000000a723500000)]
  0x00000223b4c66800 JavaThread "jar transforms Thread 4" [_thread_blocked, id=48852, stack(0x000000a723500000,0x000000a723600000)]
  0x00000223b717d800 JavaThread "jar transforms Thread 5" [_thread_blocked, id=26152, stack(0x000000a723600000,0x000000a723700000)]
  0x00000223b7181000 JavaThread "jar transforms Thread 6" [_thread_blocked, id=46748, stack(0x000000a723700000,0x000000a723800000)]
  0x00000223b7183800 JavaThread "jar transforms Thread 7" [_thread_blocked, id=43792, stack(0x000000a723800000,0x000000a723900000)]
  0x00000223b7184000 JavaThread "jar transforms Thread 8" [_thread_blocked, id=48708, stack(0x000000a723900000,0x000000a723a00000)]
  0x00000223b717e800 JavaThread "Memory manager" [_thread_blocked, id=45596, stack(0x000000a723a00000,0x000000a723b00000)]
  0x00000223b7185000 JavaThread "build event listener" [_thread_blocked, id=49844, stack(0x000000a723b00000,0x000000a723c00000)]
  0x00000223b717f800 JavaThread "pool-3-thread-1" [_thread_blocked, id=46692, stack(0x000000a723c00000,0x000000a723d00000)]
  0x00000223b7186000 JavaThread "build event listener" [_thread_blocked, id=44148, stack(0x000000a723d00000,0x000000a723e00000)]
  0x00000223b7180000 JavaThread "Execution worker for ':'" [_thread_blocked, id=35692, stack(0x000000a723e00000,0x000000a723f00000)]
  0x00000223b7186800 JavaThread "Execution worker for ':' Thread 2" [_thread_blocked, id=43872, stack(0x000000a723f00000,0x000000a724000000)]
  0x00000223b7187800 JavaThread "Execution worker for ':' Thread 3" [_thread_blocked, id=41568, stack(0x000000a724000000,0x000000a724100000)]
  0x00000223b7181800 JavaThread "Execution worker for ':' Thread 4" [_thread_blocked, id=36980, stack(0x000000a724100000,0x000000a724200000)]
  0x00000223b7189000 JavaThread "Execution worker for ':' Thread 5" [_thread_blocked, id=18652, stack(0x000000a724200000,0x000000a724300000)]
  0x00000223b718c800 JavaThread "Execution worker for ':' Thread 6" [_thread_blocked, id=46144, stack(0x000000a724300000,0x000000a724400000)]
  0x00000223b7188800 JavaThread "Execution worker for ':' Thread 7" [_thread_blocked, id=49120, stack(0x000000a724400000,0x000000a724500000)]
  0x00000223b718a000 JavaThread "Cache worker for execution history cache (C:\Android Projects\Udemy TUTORIAL\7MinuteWorkout2\.gradle\7.0.2\executionHistory)" [_thread_blocked, id=48472, stack(0x000000a724500000,0x000000a724600000)]
  0x00000223bd5b1800 JavaThread "C2 CompilerThread1" daemon [_thread_in_native, id=6380, stack(0x000000a721e00000,0x000000a721f00000)]
  0x00000223b718a800 JavaThread "WorkerExecutor Queue" [_thread_blocked, id=16536, stack(0x000000a722600000,0x000000a722700000)]
  0x00000223b70fb800 JavaThread "C2 CompilerThread2" daemon [_thread_in_native, id=5464, stack(0x000000a724600000,0x000000a724700000)]

Other Threads:
=>0x00000223b3c91800 VMThread "VM Thread" [stack: 0x000000a71fe00000,0x000000a71ff00000] [id=50148]
  0x00000223b4783000 WatcherThread [stack: 0x000000a720800000,0x000000a720900000] [id=48036]
  0x0000022397a35800 GCTaskThread "GC Thread#0" [stack: 0x000000a71f900000,0x000000a71fa00000] [id=34200]
  0x00000223b5b9b000 GCTaskThread "GC Thread#1" [stack: 0x000000a720b00000,0x000000a720c00000] [id=19508]
  0x00000223b58a2000 GCTaskThread "GC Thread#2" [stack: 0x000000a720c00000,0x000000a720d00000] [id=39316]
  0x00000223b6071000 GCTaskThread "GC Thread#3" [stack: 0x000000a721500000,0x000000a721600000] [id=39488]
  0x00000223b4b94800 GCTaskThread "GC Thread#4" [stack: 0x000000a721600000,0x000000a721700000] [id=44384]
  0x00000223b57a8800 GCTaskThread "GC Thread#5" [stack: 0x000000a721700000,0x000000a721800000] [id=48216]
  0x00000223b5ff0800 GCTaskThread "GC Thread#6" [stack: 0x000000a721800000,0x000000a721900000] [id=47860]
  0x00000223b5ff1800 GCTaskThread "GC Thread#7" [stack: 0x000000a721900000,0x000000a721a00000] [id=49100]
  0x0000022397a67800 ConcurrentGCThread "G1 Main Marker" [stack: 0x000000a71fa00000,0x000000a71fb00000] [id=42420]
  0x0000022397a69000 ConcurrentGCThread "G1 Conc#0" [stack: 0x000000a71fb00000,0x000000a71fc00000] [id=31372]
  0x00000223b68b8000 ConcurrentGCThread "G1 Conc#1" [stack: 0x000000a721c00000,0x000000a721d00000] [id=49744]
  0x00000223b3ae0800 ConcurrentGCThread "G1 Refine#0" [stack: 0x000000a71fc00000,0x000000a71fd00000] [id=46032]
  0x00000223c5e1b800 ConcurrentGCThread "G1 Refine#1" [stack: 0x000000a724700000,0x000000a724800000] [id=47632]
  0x00000223c5ff8800 ConcurrentGCThread "G1 Refine#2" [stack: 0x000000a724800000,0x000000a724900000] [id=49716]
  0x00000223b3ae1800 ConcurrentGCThread "G1 Young RemSet Sampling" [stack: 0x000000a71fd00000,0x000000a71fe00000] [id=37700]

Threads with active compile tasks:
C2 CompilerThread0  17691 11920       4       com.android.tools.r8.v.b.Z0::a (455 bytes)
C1 CompilerThread0  17691 11984       3       com.android.tools.r8.ir.regalloc.a::a (4001 bytes)
C2 CompilerThread1  17692 11911       4       com.android.tools.r8.v.b.X::E (324 bytes)
C2 CompilerThread2  17692 10001       4       com.android.tools.r8.C.a.a.f::a (4333 bytes)

VM state:at safepoint (normal execution)

VM Mutex/Monitor currently owned by a thread:  ([mutex/lock_event])
[0x0000022397a18ea0] Threads_lock - owner thread: 0x00000223b3c91800
[0x0000022397a18ab0] Heap_lock - owner thread: 0x00000223b4c68000

Heap address: 0x0000000080000000, size: 2048 MB, Compressed Oops mode: 32-bit
Narrow klass base: 0x0000000000000000, Narrow klass shift: 3
Compressed class space size: 1073741824 Address: 0x0000000100000000

Heap:
 garbage-first heap   total 467968K, used 172111K [0x0000000080000000, 0x0000000100000000)
  region size 1024K, 7 young (7168K), 7 survivors (7168K)
 Metaspace       used 97624K, capacity 100090K, committed 100428K, reserved 1136640K
  class space    used 12726K, capacity 13671K, committed 13900K, reserved 1048576K
Heap Regions: E=young(eden), S=young(survivor), O=old, HS=humongous(starts), HC=humongous(continues), CS=collection set, F=free, A=archive, TAMS=top-at-mark-start (previous, next)
|   0|0x0000000080000000, 0x0000000080100000, 0x0000000080100000|100%| O|  |TAMS 0x0000000080100000, 0x0000000080000000| Untracked 
|   1|0x0000000080100000, 0x0000000080200000, 0x0000000080200000|100%| O|  |TAMS 0x0000000080200000, 0x0000000080100000| Untracked 
|   2|0x0000000080200000, 0x0000000080300000, 0x0000000080300000|100%| O|  |TAMS 0x0000000080300000, 0x0000000080200000| Untracked 
|   3|0x0000000080300000, 0x0000000080400000, 0x0000000080400000|100%|HS|  |TAMS 0x0000000080400000, 0x0000000080300000| Complete 
|   4|0x0000000080400000, 0x0000000080500000, 0x0000000080500000|100%|HC|  |TAMS 0x0000000080500000, 0x0000000080400000| Complete 
|   5|0x0000000080500000, 0x0000000080600000, 0x0000000080600000|100%|HC|  |TAMS 0x0000000080600000, 0x0000000080500000| Complete 
|   6|0x0000000080600000, 0x0000000080700000, 0x0000000080700000|100%| O|  |TAMS 0x0000000080700000, 0x0000000080600000| Untracked 
|   7|0x0000000080700000, 0x0000000080800000, 0x0000000080800000|100%| O|  |TAMS 0x0000000080800000, 0x0000000080700000| Untracked 
|   8|0x0000000080800000, 0x0000000080900000, 0x0000000080900000|100%| O|  |TAMS 0x0000000080900000, 0x0000000080800000| Untracked 
|   9|0x0000000080900000, 0x0000000080a00000, 0x0000000080a00000|100%| O|  |TAMS 0x0000000080a00000, 0x0000000080900000| Untracked 
|  10|0x0000000080a00000, 0x0000000080b00000, 0x0000000080b00000|100%| O|  |TAMS 0x0000000080b00000, 0x0000000080a00000| Untracked 
|  11|0x0000000080b00000, 0x0000000080c00000, 0x0000000080c00000|100%| O|  |TAMS 0x0000000080c00000, 0x0000000080b00000| Untracked 
|  12|0x0000000080c00000, 0x0000000080d00000, 0x0000000080d00000|100%| O|  |TAMS 0x0000000080d00000, 0x0000000080c00000| Untracked 
|  13|0x0000000080d00000, 0x0000000080e00000, 0x0000000080e00000|100%| O|  |TAMS 0x0000000080e00000, 0x0000000080d00000| Untracked 
|  14|0x0000000080e00000, 0x0000000080f00000, 0x0000000080f00000|100%| O|  |TAMS 0x0000000080f00000, 0x0000000080e00000| Untracked 
|  15|0x0000000080f00000, 0x0000000081000000, 0x0000000081000000|100%| O|  |TAMS 0x0000000081000000, 0x0000000080f00000| Untracked 
|  16|0x0000000081000000, 0x0000000081100000, 0x0000000081100000|100%|HS|  |TAMS 0x0000000081100000, 0x0000000081000000| Complete 
|  17|0x0000000081100000, 0x0000000081200000, 0x0000000081200000|100%| O|  |TAMS 0x0000000081200000, 0x0000000081100000| Untracked 
|  18|0x0000000081200000, 0x0000000081300000, 0x0000000081300000|100%| O|  |TAMS 0x0000000081300000, 0x0000000081200000| Untracked 
|  19|0x0000000081300000, 0x0000000081400000, 0x0000000081400000|100%| O|  |TAMS 0x0000000081400000, 0x0000000081300000| Untracked 
|  20|0x0000000081400000, 0x0000000081500000, 0x0000000081500000|100%| O|  |TAMS 0x0000000081500000, 0x0000000081400000| Untracked 
|  21|0x0000000081500000, 0x0000000081600000, 0x0000000081600000|100%| O|  |TAMS 0x0000000081600000, 0x0000000081500000| Untracked 
|  22|0x0000000081600000, 0x0000000081700000, 0x0000000081700000|100%| O|  |TAMS 0x0000000081700000, 0x0000000081600000| Untracked 
|  23|0x0000000081700000, 0x0000000081800000, 0x0000000081800000|100%| O|  |TAMS 0x0000000081800000, 0x0000000081700000| Untracked 
|  24|0x0000000081800000, 0x0000000081900000, 0x0000000081900000|100%| O|  |TAMS 0x0000000081900000, 0x0000000081800000| Untracked 
|  25|0x0000000081900000, 0x0000000081a00000, 0x0000000081a00000|100%| O|  |TAMS 0x0000000081a00000, 0x0000000081900000| Untracked 
|  26|0x0000000081a00000, 0x0000000081b00000, 0x0000000081b00000|100%| O|  |TAMS 0x0000000081b00000, 0x0000000081a00000| Untracked 
|  27|0x0000000081b00000, 0x0000000081c00000, 0x0000000081c00000|100%|HS|  |TAMS 0x0000000081c00000, 0x0000000081b00000| Complete 
|  28|0x0000000081c00000, 0x0000000081d00000, 0x0000000081d00000|100%|HS|  |TAMS 0x0000000081d00000, 0x0000000081c00000| Complete 
|  29|0x0000000081d00000, 0x0000000081e00000, 0x0000000081e00000|100%|HC|  |TAMS 0x0000000081e00000, 0x0000000081d00000| Complete 
|  30|0x0000000081e00000, 0x0000000081f00000, 0x0000000081f00000|100%|HC|  |TAMS 0x0000000081f00000, 0x0000000081e00000| Complete 
|  31|0x0000000081f00000, 0x0000000082000000, 0x0000000082000000|100%|HS|  |TAMS 0x0000000082000000, 0x0000000081f00000| Complete 
|  32|0x0000000082000000, 0x0000000082100000, 0x0000000082100000|100%|HC|  |TAMS 0x0000000082100000, 0x0000000082000000| Complete 
|  33|0x0000000082100000, 0x0000000082200000, 0x0000000082200000|100%| O|  |TAMS 0x0000000082200000, 0x0000000082100000| Untracked 
|  34|0x0000000082200000, 0x0000000082300000, 0x0000000082300000|100%| O|  |TAMS 0x0000000082300000, 0x0000000082200000| Untracked 
|  35|0x0000000082300000, 0x0000000082400000, 0x0000000082400000|100%| O|  |TAMS 0x0000000082400000, 0x0000000082300000| Untracked 
|  36|0x0000000082400000, 0x0000000082500000, 0x0000000082500000|100%| O|  |TAMS 0x0000000082500000, 0x0000000082400000| Untracked 
|  37|0x0000000082500000, 0x0000000082600000, 0x0000000082600000|100%| O|  |TAMS 0x0000000082600000, 0x0000000082500000| Untracked 
|  38|0x0000000082600000, 0x0000000082700000, 0x0000000082700000|100%| O|  |TAMS 0x0000000082700000, 0x0000000082600000| Untracked 
|  39|0x0000000082700000, 0x0000000082800000, 0x0000000082800000|100%| O|  |TAMS 0x0000000082800000, 0x0000000082700000| Untracked 
|  40|0x0000000082800000, 0x0000000082900000, 0x0000000082900000|100%| O|  |TAMS 0x0000000082900000, 0x0000000082800000| Untracked 
|  41|0x0000000082900000, 0x0000000082a00000, 0x0000000082a00000|100%| O|  |TAMS 0x0000000082a00000, 0x0000000082900000| Untracked 
|  42|0x0000000082a00000, 0x0000000082b00000, 0x0000000082b00000|100%| O|  |TAMS 0x0000000082b00000, 0x0000000082a00000| Untracked 
|  43|0x0000000082b00000, 0x0000000082c00000, 0x0000000082c00000|100%| O|  |TAMS 0x0000000082c00000, 0x0000000082b00000| Untracked 
|  44|0x0000000082c00000, 0x0000000082d00000, 0x0000000082d00000|100%| O|  |TAMS 0x0000000082d00000, 0x0000000082c00000| Untracked 
|  45|0x0000000082d00000, 0x0000000082e00000, 0x0000000082e00000|100%| O|  |TAMS 0x0000000082e00000, 0x0000000082d00000| Untracked 
|  46|0x0000000082e00000, 0x0000000082f00000, 0x0000000082f00000|100%| O|  |TAMS 0x0000000082f00000, 0x0000000082e00000| Untracked 
|  47|0x0000000082f00000, 0x0000000083000000, 0x0000000083000000|100%| O|  |TAMS 0x0000000083000000, 0x0000000082f00000| Untracked 
|  48|0x0000000083000000, 0x0000000083100000, 0x0000000083100000|100%| O|  |TAMS 0x0000000083100000, 0x0000000083000000| Untracked 
|  49|0x0000000083100000, 0x0000000083200000, 0x0000000083200000|100%| O|  |TAMS 0x0000000083200000, 0x0000000083100000| Untracked 
|  50|0x0000000083200000, 0x0000000083300000, 0x0000000083300000|100%| O|  |TAMS 0x0000000083300000, 0x0000000083200000| Untracked 
|  51|0x0000000083300000, 0x0000000083400000, 0x0000000083400000|100%| O|  |TAMS 0x0000000083400000, 0x0000000083300000| Untracked 
|  52|0x0000000083400000, 0x0000000083500000, 0x0000000083500000|100%| O|  |TAMS 0x0000000083500000, 0x0000000083400000| Untracked 
|  53|0x0000000083500000, 0x0000000083600000, 0x0000000083600000|100%| O|  |TAMS 0x0000000083600000, 0x0000000083500000| Untracked 
|  54|0x0000000083600000, 0x0000000083700000, 0x0000000083700000|100%| O|  |TAMS 0x0000000083700000, 0x0000000083600000| Untracked 
|  55|0x0000000083700000, 0x0000000083800000, 0x0000000083800000|100%| O|  |TAMS 0x0000000083800000, 0x0000000083700000| Untracked 
|  56|0x0000000083800000, 0x0000000083900000, 0x0000000083900000|100%| O|  |TAMS 0x0000000083900000, 0x0000000083800000| Untracked 
|  57|0x0000000083900000, 0x0000000083a00000, 0x0000000083a00000|100%| O|  |TAMS 0x0000000083a00000, 0x0000000083900000| Untracked 
|  58|0x0000000083a00000, 0x0000000083b00000, 0x0000000083b00000|100%| O|  |TAMS 0x0000000083b00000, 0x0000000083a00000| Untracked 
|  59|0x0000000083b00000, 0x0000000083c00000, 0x0000000083c00000|100%| O|  |TAMS 0x0000000083c00000, 0x0000000083b00000| Untracked 
|  60|0x0000000083c00000, 0x0000000083d00000, 0x0000000083d00000|100%| O|  |TAMS 0x0000000083d00000, 0x0000000083c00000| Untracked 
|  61|0x0000000083d00000, 0x0000000083e00000, 0x0000000083e00000|100%| O|  |TAMS 0x0000000083e00000, 0x0000000083d00000| Untracked 
|  62|0x0000000083e00000, 0x0000000083f00000, 0x0000000083f00000|100%| O|  |TAMS 0x0000000083f00000, 0x0000000083e00000| Untracked 
|  63|0x0000000083f00000, 0x0000000084000000, 0x0000000084000000|100%| O|  |TAMS 0x0000000084000000, 0x0000000083f00000| Untracked 
|  64|0x0000000084000000, 0x0000000084100000, 0x0000000084100000|100%| O|  |TAMS 0x0000000084100000, 0x0000000084000000| Untracked 
|  65|0x0000000084100000, 0x0000000084200000, 0x0000000084200000|100%| O|  |TAMS 0x0000000084200000, 0x0000000084100000| Untracked 
|  66|0x0000000084200000, 0x0000000084300000, 0x0000000084300000|100%|HS|  |TAMS 0x0000000084300000, 0x0000000084200000| Complete 
|  67|0x0000000084300000, 0x0000000084400000, 0x0000000084400000|100%| O|  |TAMS 0x0000000084400000, 0x0000000084300000| Untracked 
|  68|0x0000000084400000, 0x0000000084500000, 0x0000000084500000|100%| O|  |TAMS 0x0000000084500000, 0x0000000084400000| Untracked 
|  69|0x0000000084500000, 0x0000000084600000, 0x0000000084600000|100%|HS|  |TAMS 0x0000000084600000, 0x0000000084500000| Complete 
|  70|0x0000000084600000, 0x0000000084700000, 0x0000000084700000|100%|HC|  |TAMS 0x0000000084700000, 0x0000000084600000| Complete 
|  71|0x0000000084700000, 0x0000000084800000, 0x0000000084800000|100%| O|  |TAMS 0x0000000084800000, 0x0000000084700000| Untracked 
|  72|0x0000000084800000, 0x0000000084900000, 0x0000000084900000|100%| O|  |TAMS 0x0000000084900000, 0x0000000084800000| Untracked 
|  73|0x0000000084900000, 0x0000000084a00000, 0x0000000084a00000|100%| O|  |TAMS 0x0000000084a00000, 0x0000000084900000| Untracked 
|  74|0x0000000084a00000, 0x0000000084b00000, 0x0000000084b00000|100%| O|  |TAMS 0x0000000084b00000, 0x0000000084a00000| Untracked 
|  75|0x0000000084b00000, 0x0000000084c00000, 0x0000000084c00000|100%| O|  |TAMS 0x0000000084c00000, 0x0000000084b00000| Untracked 
|  76|0x0000000084c00000, 0x0000000084d00000, 0x0000000084d00000|100%| O|  |TAMS 0x0000000084d00000, 0x0000000084c00000| Untracked 
|  77|0x0000000084d00000, 0x0000000084e00000, 0x0000000084e00000|100%| O|  |TAMS 0x0000000084e00000, 0x0000000084d00000| Untracked 
|  78|0x0000000084e00000, 0x0000000084f00000, 0x0000000084f00000|100%| O|  |TAMS 0x0000000084f00000, 0x0000000084e00000| Untracked 
|  79|0x0000000084f00000, 0x0000000085000000, 0x0000000085000000|100%| O|  |TAMS 0x0000000085000000, 0x0000000084f00000| Untracked 
|  80|0x0000000085000000, 0x0000000085100000, 0x0000000085100000|100%| O|  |TAMS 0x0000000085100000, 0x0000000085000000| Untracked 
|  81|0x0000000085100000, 0x0000000085200000, 0x0000000085200000|100%| O|  |TAMS 0x0000000085200000, 0x0000000085100000| Untracked 
|  82|0x0000000085200000, 0x0000000085300000, 0x0000000085300000|100%| O|  |TAMS 0x0000000085300000, 0x0000000085200000| Untracked 
|  83|0x0000000085300000, 0x0000000085400000, 0x0000000085400000|100%| O|  |TAMS 0x0000000085400000, 0x0000000085300000| Untracked 
|  84|0x0000000085400000, 0x0000000085500000, 0x0000000085500000|100%| O|  |TAMS 0x0000000085500000, 0x0000000085400000| Untracked 
|  85|0x0000000085500000, 0x0000000085600000, 0x0000000085600000|100%| O|  |TAMS 0x0000000085600000, 0x0000000085500000| Untracked 
|  86|0x0000000085600000, 0x0000000085700000, 0x0000000085700000|100%| O|  |TAMS 0x0000000085700000, 0x0000000085600000| Untracked 
|  87|0x0000000085700000, 0x0000000085800000, 0x0000000085800000|100%| O|  |TAMS 0x0000000085800000, 0x0000000085700000| Untracked 
|  88|0x0000000085800000, 0x0000000085900000, 0x0000000085900000|100%| O|  |TAMS 0x0000000085900000, 0x0000000085800000| Untracked 
|  89|0x0000000085900000, 0x0000000085a00000, 0x0000000085a00000|100%| O|  |TAMS 0x0000000085a00000, 0x0000000085900000| Untracked 
|  90|0x0000000085a00000, 0x0000000085b00000, 0x0000000085b00000|100%| O|  |TAMS 0x0000000085b00000, 0x0000000085a00000| Untracked 
|  91|0x0000000085b00000, 0x0000000085c00000, 0x0000000085c00000|100%| O|  |TAMS 0x0000000085c00000, 0x0000000085b00000| Untracked 
|  92|0x0000000085c00000, 0x0000000085d00000, 0x0000000085d00000|100%| O|  |TAMS 0x0000000085d00000, 0x0000000085c00000| Untracked 
|  93|0x0000000085d00000, 0x0000000085e00000, 0x0000000085e00000|100%| O|  |TAMS 0x0000000085e00000, 0x0000000085d00000| Untracked 
|  94|0x0000000085e00000, 0x0000000085f00000, 0x0000000085f00000|100%| O|  |TAMS 0x0000000085f00000, 0x0000000085e00000| Untracked 
|  95|0x0000000085f00000, 0x0000000086000000, 0x0000000086000000|100%| O|  |TAMS 0x0000000086000000, 0x0000000085f00000| Untracked 
|  96|0x0000000086000000, 0x0000000086100000, 0x0000000086100000|100%| O|  |TAMS 0x0000000086100000, 0x0000000086000000| Untracked 
|  97|0x0000000086100000, 0x0000000086200000, 0x0000000086200000|100%| O|  |TAMS 0x0000000086200000, 0x0000000086100000| Untracked 
|  98|0x0000000086200000, 0x0000000086300000, 0x0000000086300000|100%| O|  |TAMS 0x0000000086300000, 0x0000000086200000| Untracked 
|  99|0x0000000086300000, 0x0000000086400000, 0x0000000086400000|100%| O|  |TAMS 0x0000000086400000, 0x0000000086300000| Untracked 
| 100|0x0000000086400000, 0x0000000086500000, 0x0000000086500000|100%| O|  |TAMS 0x0000000086500000, 0x0000000086400000| Untracked 
| 101|0x0000000086500000, 0x0000000086600000, 0x0000000086600000|100%| O|  |TAMS 0x0000000086600000, 0x0000000086500000| Untracked 
| 102|0x0000000086600000, 0x0000000086700000, 0x0000000086700000|100%| O|  |TAMS 0x0000000086700000, 0x0000000086600000| Untracked 
| 103|0x0000000086700000, 0x0000000086800000, 0x0000000086800000|100%| O|  |TAMS 0x0000000086800000, 0x0000000086700000| Untracked 
| 104|0x0000000086800000, 0x0000000086900000, 0x0000000086900000|100%| O|  |TAMS 0x0000000086900000, 0x0000000086800000| Untracked 
| 105|0x0000000086900000, 0x0000000086a00000, 0x0000000086a00000|100%| O|  |TAMS 0x0000000086a00000, 0x0000000086900000| Untracked 
| 106|0x0000000086a00000, 0x0000000086b00000, 0x0000000086b00000|100%| O|  |TAMS 0x0000000086b00000, 0x0000000086a00000| Untracked 
| 107|0x0000000086b00000, 0x0000000086c00000, 0x0000000086c00000|100%| O|  |TAMS 0x0000000086c00000, 0x0000000086b00000| Untracked 
| 108|0x0000000086c00000, 0x0000000086d00000, 0x0000000086d00000|100%| O|  |TAMS 0x0000000086d00000, 0x0000000086c00000| Untracked 
| 109|0x0000000086d00000, 0x0000000086e00000, 0x0000000086e00000|100%| O|  |TAMS 0x0000000086e00000, 0x0000000086d00000| Untracked 
| 110|0x0000000086e00000, 0x0000000086f00000, 0x0000000086f00000|100%| O|  |TAMS 0x0000000086f00000, 0x0000000086e00000| Untracked 
| 111|0x0000000086f00000, 0x0000000087000000, 0x0000000087000000|100%| O|  |TAMS 0x0000000087000000, 0x0000000086f00000| Untracked 
| 112|0x0000000087000000, 0x0000000087100000, 0x0000000087100000|100%| O|  |TAMS 0x0000000087100000, 0x0000000087000000| Untracked 
| 113|0x0000000087100000, 0x0000000087200000, 0x0000000087200000|100%| O|  |TAMS 0x0000000087200000, 0x0000000087100000| Untracked 
| 114|0x0000000087200000, 0x0000000087300000, 0x0000000087300000|100%| O|  |TAMS 0x0000000087300000, 0x0000000087200000| Untracked 
| 115|0x0000000087300000, 0x0000000087400000, 0x0000000087400000|100%| O|  |TAMS 0x0000000087400000, 0x0000000087300000| Untracked 
| 116|0x0000000087400000, 0x0000000087500000, 0x0000000087500000|100%| O|  |TAMS 0x0000000087500000, 0x0000000087400000| Untracked 
| 117|0x0000000087500000, 0x0000000087600000, 0x0000000087600000|100%| O|  |TAMS 0x0000000087600000, 0x0000000087500000| Untracked 
| 118|0x0000000087600000, 0x0000000087700000, 0x0000000087700000|100%| O|  |TAMS 0x0000000087700000, 0x0000000087600000| Untracked 
| 119|0x0000000087700000, 0x0000000087800000, 0x0000000087800000|100%| O|  |TAMS 0x0000000087800000, 0x0000000087700000| Untracked 
| 120|0x0000000087800000, 0x0000000087900000, 0x0000000087900000|100%| O|  |TAMS 0x0000000087900000, 0x0000000087800000| Untracked 
| 121|0x0000000087900000, 0x0000000087a00000, 0x0000000087a00000|100%| O|  |TAMS 0x0000000087a00000, 0x0000000087900000| Untracked 
| 122|0x0000000087a00000, 0x0000000087b00000, 0x0000000087b00000|100%| O|  |TAMS 0x0000000087b00000, 0x0000000087a00000| Untracked 
| 123|0x0000000087b00000, 0x0000000087c00000, 0x0000000087c00000|100%| O|  |TAMS 0x0000000087c00000, 0x0000000087b00000| Untracked 
| 124|0x0000000087c00000, 0x0000000087d00000, 0x0000000087d00000|100%| O|  |TAMS 0x0000000087d00000, 0x0000000087c00000| Untracked 
| 125|0x0000000087d00000, 0x0000000087e00000, 0x0000000087e00000|100%| O|  |TAMS 0x0000000087e00000, 0x0000000087d00000| Untracked 
| 126|0x0000000087e00000, 0x0000000087f00000, 0x0000000087f00000|100%| O|  |TAMS 0x0000000087f00000, 0x0000000087e00000| Untracked 
| 127|0x0000000087f00000, 0x0000000088000000, 0x0000000088000000|100%| O|  |TAMS 0x0000000088000000, 0x0000000087f00000| Untracked 
| 128|0x0000000088000000, 0x0000000088100000, 0x0000000088100000|100%| O|  |TAMS 0x0000000088100000, 0x0000000088000000| Untracked 
| 129|0x0000000088100000, 0x0000000088200000, 0x0000000088200000|100%| O|  |TAMS 0x0000000088200000, 0x0000000088100000| Untracked 
| 130|0x0000000088200000, 0x0000000088300000, 0x0000000088300000|100%| O|  |TAMS 0x0000000088300000, 0x0000000088200000| Untracked 
| 131|0x0000000088300000, 0x0000000088400000, 0x0000000088400000|100%| O|  |TAMS 0x0000000088400000, 0x0000000088300000| Untracked 
| 132|0x0000000088400000, 0x0000000088500000, 0x0000000088500000|100%| O|  |TAMS 0x0000000088500000, 0x0000000088400000| Untracked 
| 133|0x0000000088500000, 0x0000000088600000, 0x0000000088600000|100%| O|  |TAMS 0x0000000088600000, 0x0000000088500000| Untracked 
| 134|0x0000000088600000, 0x0000000088700000, 0x0000000088700000|100%| O|  |TAMS 0x0000000088700000, 0x0000000088600000| Untracked 
| 135|0x0000000088700000, 0x0000000088800000, 0x0000000088800000|100%| O|  |TAMS 0x0000000088800000, 0x0000000088700000| Untracked 
| 136|0x0000000088800000, 0x0000000088900000, 0x0000000088900000|100%| O|  |TAMS 0x0000000088900000, 0x0000000088800000| Untracked 
| 137|0x0000000088900000, 0x0000000088a00000, 0x0000000088a00000|100%| O|  |TAMS 0x0000000088a00000, 0x0000000088900000| Untracked 
| 138|0x0000000088a00000, 0x0000000088b00000, 0x0000000088b00000|100%| O|  |TAMS 0x0000000088b00000, 0x0000000088a00000| Untracked 
| 139|0x0000000088b00000, 0x0000000088c00000, 0x0000000088c00000|100%| O|  |TAMS 0x0000000088c00000, 0x0000000088b00000| Untracked 
| 140|0x0000000088c00000, 0x0000000088d00000, 0x0000000088d00000|100%| O|  |TAMS 0x0000000088d00000, 0x0000000088c00000| Untracked 
| 141|0x0000000088d00000, 0x0000000088e00000, 0x0000000088e00000|100%| O|  |TAMS 0x0000000088e00000, 0x0000000088d00000| Untracked 
| 142|0x0000000088e00000, 0x0000000088f00000, 0x0000000088f00000|100%| O|  |TAMS 0x0000000088f00000, 0x0000000088e00000| Untracked 
| 143|0x0000000088f00000, 0x0000000089000000, 0x0000000089000000|100%| O|  |TAMS 0x0000000089000000, 0x0000000088f00000| Untracked 
| 144|0x0000000089000000, 0x0000000089100000, 0x0000000089100000|100%| O|  |TAMS 0x0000000089100000, 0x0000000089000000| Untracked 
| 145|0x0000000089100000, 0x0000000089200000, 0x0000000089200000|100%| O|  |TAMS 0x0000000089200000, 0x0000000089100000| Untracked 
| 146|0x0000000089200000, 0x0000000089300000, 0x0000000089300000|100%| O|  |TAMS 0x0000000089300000, 0x0000000089200000| Untracked 
| 147|0x0000000089300000, 0x0000000089400000, 0x0000000089400000|100%| O|  |TAMS 0x0000000089400000, 0x0000000089300000| Untracked 
| 148|0x0000000089400000, 0x0000000089500000, 0x0000000089500000|100%| O|  |TAMS 0x0000000089500000, 0x0000000089400000| Untracked 
| 149|0x0000000089500000, 0x0000000089600000, 0x0000000089600000|100%| O|  |TAMS 0x0000000089600000, 0x0000000089500000| Untracked 
| 150|0x0000000089600000, 0x0000000089700000, 0x0000000089700000|100%| O|  |TAMS 0x0000000089700000, 0x0000000089600000| Untracked 
| 151|0x0000000089700000, 0x0000000089800000, 0x0000000089800000|100%| O|  |TAMS 0x0000000089800000, 0x0000000089700000| Untracked 
| 152|0x0000000089800000, 0x0000000089900000, 0x0000000089900000|100%| O|  |TAMS 0x0000000089900000, 0x0000000089800000| Untracked 
| 153|0x0000000089900000, 0x0000000089a00000, 0x0000000089a00000|100%| O|  |TAMS 0x0000000089a00000, 0x0000000089900000| Untracked 
| 154|0x0000000089a00000, 0x0000000089b00000, 0x0000000089b00000|100%| O|  |TAMS 0x0000000089b00000, 0x0000000089a00000| Untracked 
| 155|0x0000000089b00000, 0x0000000089c00000, 0x0000000089c00000|100%| O|  |TAMS 0x0000000089b08600, 0x0000000089b00000| Untracked 
| 156|0x0000000089c00000, 0x0000000089d00000, 0x0000000089d00000|100%| O|  |TAMS 0x0000000089c00000, 0x0000000089c00000| Untracked 
| 157|0x0000000089d00000, 0x0000000089e00000, 0x0000000089e00000|100%| O|  |TAMS 0x0000000089d00000, 0x0000000089d00000| Untracked 
| 158|0x0000000089e00000, 0x0000000089f00000, 0x0000000089f00000|100%| O|  |TAMS 0x0000000089e00000, 0x0000000089e00000| Untracked 
| 159|0x0000000089f00000, 0x000000008a000000, 0x000000008a000000|100%| O|  |TAMS 0x0000000089f00000, 0x0000000089f00000| Untracked 
| 160|0x000000008a000000, 0x000000008a100000, 0x000000008a100000|100%| O|  |TAMS 0x000000008a000000, 0x000000008a000000| Untracked 
| 161|0x000000008a100000, 0x000000008a12dc00, 0x000000008a200000| 17%| O|  |TAMS 0x000000008a100000, 0x000000008a100000| Untracked 
| 162|0x000000008a200000, 0x000000008a200000, 0x000000008a300000|  0%| F|  |TAMS 0x000000008a200000, 0x000000008a200000| Untracked 
| 163|0x000000008a300000, 0x000000008a300000, 0x000000008a400000|  0%| F|  |TAMS 0x000000008a300000, 0x000000008a300000| Untracked 
| 164|0x000000008a400000, 0x000000008a400000, 0x000000008a500000|  0%| F|  |TAMS 0x000000008a400000, 0x000000008a400000| Untracked 
| 165|0x000000008a500000, 0x000000008a500000, 0x000000008a600000|  0%| F|  |TAMS 0x000000008a500000, 0x000000008a500000| Untracked 
| 166|0x000000008a600000, 0x000000008a600000, 0x000000008a700000|  0%| F|  |TAMS 0x000000008a600000, 0x000000008a600000| Untracked 
| 167|0x000000008a700000, 0x000000008a700000, 0x000000008a800000|  0%| F|  |TAMS 0x000000008a700000, 0x000000008a700000| Untracked 
| 168|0x000000008a800000, 0x000000008a800000, 0x000000008a900000|  0%| F|  |TAMS 0x000000008a800000, 0x000000008a800000| Untracked 
| 169|0x000000008a900000, 0x000000008a900000, 0x000000008aa00000|  0%| F|  |TAMS 0x000000008a900000, 0x000000008a900000| Untracked 
| 170|0x000000008aa00000, 0x000000008aa00000, 0x000000008ab00000|  0%| F|  |TAMS 0x000000008aa00000, 0x000000008aa00000| Untracked 
| 171|0x000000008ab00000, 0x000000008ab00000, 0x000000008ac00000|  0%| F|  |TAMS 0x000000008ab00000, 0x000000008ab00000| Untracked 
| 172|0x000000008ac00000, 0x000000008ac00000, 0x000000008ad00000|  0%| F|  |TAMS 0x000000008ac00000, 0x000000008ac00000| Untracked 
| 173|0x000000008ad00000, 0x000000008ad00000, 0x000000008ae00000|  0%| F|  |TAMS 0x000000008ad00000, 0x000000008ad00000| Untracked 
| 174|0x000000008ae00000, 0x000000008ae00000, 0x000000008af00000|  0%| F|  |TAMS 0x000000008ae00000, 0x000000008ae00000| Untracked 
| 175|0x000000008af00000, 0x000000008af00000, 0x000000008b000000|  0%| F|  |TAMS 0x000000008af00000, 0x000000008af00000| Untracked 
| 176|0x000000008b000000, 0x000000008b000000, 0x000000008b100000|  0%| F|  |TAMS 0x000000008b000000, 0x000000008b000000| Untracked 
| 177|0x000000008b100000, 0x000000008b100000, 0x000000008b200000|  0%| F|  |TAMS 0x000000008b100000, 0x000000008b100000| Untracked 
| 178|0x000000008b200000, 0x000000008b200000, 0x000000008b300000|  0%| F|  |TAMS 0x000000008b200000, 0x000000008b200000| Untracked 
| 179|0x000000008b300000, 0x000000008b300000, 0x000000008b400000|  0%| F|  |TAMS 0x000000008b300000, 0x000000008b300000| Untracked 
| 180|0x000000008b400000, 0x000000008b400000, 0x000000008b500000|  0%| F|  |TAMS 0x000000008b400000, 0x000000008b400000| Untracked 
| 181|0x000000008b500000, 0x000000008b500000, 0x000000008b600000|  0%| F|  |TAMS 0x000000008b500000, 0x000000008b500000| Untracked 
| 182|0x000000008b600000, 0x000000008b600000, 0x000000008b700000|  0%| F|  |TAMS 0x000000008b600000, 0x000000008b600000| Untracked 
| 183|0x000000008b700000, 0x000000008b700000, 0x000000008b800000|  0%| F|  |TAMS 0x000000008b700000, 0x000000008b700000| Untracked 
| 184|0x000000008b800000, 0x000000008b800000, 0x000000008b900000|  0%| F|  |TAMS 0x000000008b800000, 0x000000008b800000| Untracked 
| 185|0x000000008b900000, 0x000000008b900000, 0x000000008ba00000|  0%| F|  |TAMS 0x000000008b900000, 0x000000008b900000| Untracked 
| 186|0x000000008ba00000, 0x000000008ba00000, 0x000000008bb00000|  0%| F|  |TAMS 0x000000008ba00000, 0x000000008ba00000| Untracked 
| 187|0x000000008bb00000, 0x000000008bb00000, 0x000000008bc00000|  0%| F|  |TAMS 0x000000008bb00000, 0x000000008bb00000| Untracked 
| 188|0x000000008bc00000, 0x000000008bc00000, 0x000000008bd00000|  0%| F|  |TAMS 0x000000008bc00000, 0x000000008bc00000| Untracked 
| 189|0x000000008bd00000, 0x000000008bd00000, 0x000000008be00000|  0%| F|  |TAMS 0x000000008bd00000, 0x000000008bd00000| Untracked 
| 190|0x000000008be00000, 0x000000008be00000, 0x000000008bf00000|  0%| F|  |TAMS 0x000000008be00000, 0x000000008be00000| Untracked 
| 191|0x000000008bf00000, 0x000000008bf00000, 0x000000008c000000|  0%| F|  |TAMS 0x000000008bf00000, 0x000000008bf00000| Untracked 
| 192|0x000000008c000000, 0x000000008c000000, 0x000000008c100000|  0%| F|  |TAMS 0x000000008c000000, 0x000000008c000000| Untracked 
| 193|0x000000008c100000, 0x000000008c100000, 0x000000008c200000|  0%| F|  |TAMS 0x000000008c100000, 0x000000008c100000| Untracked 
| 194|0x000000008c200000, 0x000000008c200000, 0x000000008c300000|  0%| F|  |TAMS 0x000000008c200000, 0x000000008c200000| Untracked 
| 195|0x000000008c300000, 0x000000008c300000, 0x000000008c400000|  0%| F|  |TAMS 0x000000008c300000, 0x000000008c300000| Untracked 
| 196|0x000000008c400000, 0x000000008c400000, 0x000000008c500000|  0%| F|  |TAMS 0x000000008c400000, 0x000000008c400000| Untracked 
| 197|0x000000008c500000, 0x000000008c500000, 0x000000008c600000|  0%| F|  |TAMS 0x000000008c500000, 0x000000008c500000| Untracked 
| 198|0x000000008c600000, 0x000000008c600000, 0x000000008c700000|  0%| F|  |TAMS 0x000000008c600000, 0x000000008c600000| Untracked 
| 199|0x000000008c700000, 0x000000008c700000, 0x000000008c800000|  0%| F|  |TAMS 0x000000008c700000, 0x000000008c700000| Untracked 
| 200|0x000000008c800000, 0x000000008c800000, 0x000000008c900000|  0%| F|  |TAMS 0x000000008c800000, 0x000000008c800000| Untracked 
| 201|0x000000008c900000, 0x000000008c900000, 0x000000008ca00000|  0%| F|  |TAMS 0x000000008c900000, 0x000000008c900000| Untracked 
| 202|0x000000008ca00000, 0x000000008ca00000, 0x000000008cb00000|  0%| F|  |TAMS 0x000000008ca00000, 0x000000008ca00000| Untracked 
| 203|0x000000008cb00000, 0x000000008cb00000, 0x000000008cc00000|  0%| F|  |TAMS 0x000000008cb00000, 0x000000008cb00000| Untracked 
| 204|0x000000008cc00000, 0x000000008cc00000, 0x000000008cd00000|  0%| F|  |TAMS 0x000000008cc00000, 0x000000008cc00000| Untracked 
| 205|0x000000008cd00000, 0x000000008cd00000, 0x000000008ce00000|  0%| F|  |TAMS 0x000000008cd00000, 0x000000008cd00000| Untracked 
| 206|0x000000008ce00000, 0x000000008ce00000, 0x000000008cf00000|  0%| F|  |TAMS 0x000000008ce00000, 0x000000008ce00000| Untracked 
| 207|0x000000008cf00000, 0x000000008cf00000, 0x000000008d000000|  0%| F|  |TAMS 0x000000008cf00000, 0x000000008cf00000| Untracked 
| 208|0x000000008d000000, 0x000000008d000000, 0x000000008d100000|  0%| F|  |TAMS 0x000000008d000000, 0x000000008d000000| Untracked 
| 209|0x000000008d100000, 0x000000008d100000, 0x000000008d200000|  0%| F|  |TAMS 0x000000008d100000, 0x000000008d100000| Untracked 
| 210|0x000000008d200000, 0x000000008d200000, 0x000000008d300000|  0%| F|  |TAMS 0x000000008d200000, 0x000000008d200000| Untracked 
| 211|0x000000008d300000, 0x000000008d300000, 0x000000008d400000|  0%| F|  |TAMS 0x000000008d300000, 0x000000008d300000| Untracked 
| 212|0x000000008d400000, 0x000000008d400000, 0x000000008d500000|  0%| F|  |TAMS 0x000000008d400000, 0x000000008d400000| Untracked 
| 213|0x000000008d500000, 0x000000008d500000, 0x000000008d600000|  0%| F|  |TAMS 0x000000008d500000, 0x000000008d500000| Untracked 
| 214|0x000000008d600000, 0x000000008d600000, 0x000000008d700000|  0%| F|  |TAMS 0x000000008d600000, 0x000000008d600000| Untracked 
| 215|0x000000008d700000, 0x000000008d700000, 0x000000008d800000|  0%| F|  |TAMS 0x000000008d700000, 0x000000008d700000| Untracked 
| 216|0x000000008d800000, 0x000000008d800000, 0x000000008d900000|  0%| F|  |TAMS 0x000000008d800000, 0x000000008d800000| Untracked 
| 217|0x000000008d900000, 0x000000008d900000, 0x000000008da00000|  0%| F|  |TAMS 0x000000008d900000, 0x000000008d900000| Untracked 
| 218|0x000000008da00000, 0x000000008da00000, 0x000000008db00000|  0%| F|  |TAMS 0x000000008da00000, 0x000000008da00000| Untracked 
| 219|0x000000008db00000, 0x000000008db00000, 0x000000008dc00000|  0%| F|  |TAMS 0x000000008db00000, 0x000000008db00000| Untracked 
| 220|0x000000008dc00000, 0x000000008dc00000, 0x000000008dd00000|  0%| F|  |TAMS 0x000000008dc00000, 0x000000008dc00000| Untracked 
| 221|0x000000008dd00000, 0x000000008dd00000, 0x000000008de00000|  0%| F|  |TAMS 0x000000008dd00000, 0x000000008dd00000| Untracked 
| 222|0x000000008de00000, 0x000000008de00000, 0x000000008df00000|  0%| F|  |TAMS 0x000000008de00000, 0x000000008de00000| Untracked 
| 223|0x000000008df00000, 0x000000008df00000, 0x000000008e000000|  0%| F|  |TAMS 0x000000008df00000, 0x000000008df00000| Untracked 
| 224|0x000000008e000000, 0x000000008e000000, 0x000000008e100000|  0%| F|  |TAMS 0x000000008e000000, 0x000000008e000000| Untracked 
| 225|0x000000008e100000, 0x000000008e100000, 0x000000008e200000|  0%| F|  |TAMS 0x000000008e100000, 0x000000008e100000| Untracked 
| 226|0x000000008e200000, 0x000000008e2e61f0, 0x000000008e300000| 89%| S|CS|TAMS 0x000000008e200000, 0x000000008e200000| Complete 
| 227|0x000000008e300000, 0x000000008e400000, 0x000000008e400000|100%| S|CS|TAMS 0x000000008e300000, 0x000000008e300000| Complete 
| 228|0x000000008e400000, 0x000000008e400000, 0x000000008e500000|  0%| F|  |TAMS 0x000000008e400000, 0x000000008e400000| Untracked 
| 229|0x000000008e500000, 0x000000008e500000, 0x000000008e600000|  0%| F|  |TAMS 0x000000008e500000, 0x000000008e500000| Untracked 
| 230|0x000000008e600000, 0x000000008e600000, 0x000000008e700000|  0%| F|  |TAMS 0x000000008e600000, 0x000000008e600000| Untracked 
| 231|0x000000008e700000, 0x000000008e700000, 0x000000008e800000|  0%| F|  |TAMS 0x000000008e700000, 0x000000008e700000| Untracked 
| 232|0x000000008e800000, 0x000000008e900000, 0x000000008e900000|100%| S|CS|TAMS 0x000000008e800000, 0x000000008e800000| Complete 
| 233|0x000000008e900000, 0x000000008ea00000, 0x000000008ea00000|100%| S|CS|TAMS 0x000000008e900000, 0x000000008e900000| Complete 
| 234|0x000000008ea00000, 0x000000008eb00000, 0x000000008eb00000|100%| S|CS|TAMS 0x000000008ea00000, 0x000000008ea00000| Complete 
| 235|0x000000008eb00000, 0x000000008ec00000, 0x000000008ec00000|100%| S|CS|TAMS 0x000000008eb00000, 0x000000008eb00000| Complete 
| 236|0x000000008ec00000, 0x000000008ed00000, 0x000000008ed00000|100%| S|CS|TAMS 0x000000008ec00000, 0x000000008ec00000| Complete 
| 237|0x000000008ed00000, 0x000000008ed00000, 0x000000008ee00000|  0%| F|  |TAMS 0x000000008ed00000, 0x000000008ed00000| Untracked 
| 238|0x000000008ee00000, 0x000000008ee00000, 0x000000008ef00000|  0%| F|  |TAMS 0x000000008ee00000, 0x000000008ee00000| Untracked 
| 239|0x000000008ef00000, 0x000000008ef00000, 0x000000008f000000|  0%| F|  |TAMS 0x000000008ef00000, 0x000000008ef00000| Untracked 
| 240|0x000000008f000000, 0x000000008f000000, 0x000000008f100000|  0%| F|  |TAMS 0x000000008f000000, 0x000000008f000000| Untracked 
| 241|0x000000008f100000, 0x000000008f100000, 0x000000008f200000|  0%| F|  |TAMS 0x000000008f100000, 0x000000008f100000| Untracked 
| 242|0x000000008f200000, 0x000000008f200000, 0x000000008f300000|  0%| F|  |TAMS 0x000000008f200000, 0x000000008f200000| Untracked 
| 243|0x000000008f300000, 0x000000008f300000, 0x000000008f400000|  0%| F|  |TAMS 0x000000008f300000, 0x000000008f300000| Untracked 
| 244|0x000000008f400000, 0x000000008f400000, 0x000000008f500000|  0%| F|  |TAMS 0x000000008f400000, 0x000000008f400000| Untracked 
| 245|0x000000008f500000, 0x000000008f500000, 0x000000008f600000|  0%| F|  |TAMS 0x000000008f500000, 0x000000008f500000| Untracked 
| 246|0x000000008f600000, 0x000000008f600000, 0x000000008f700000|  0%| F|  |TAMS 0x000000008f600000, 0x000000008f600000| Untracked 
| 247|0x000000008f700000, 0x000000008f700000, 0x000000008f800000|  0%| F|  |TAMS 0x000000008f700000, 0x000000008f700000| Untracked 
| 248|0x000000008f800000, 0x000000008f800000, 0x000000008f900000|  0%| F|  |TAMS 0x000000008f800000, 0x000000008f800000| Untracked 
| 249|0x000000008f900000, 0x000000008f900000, 0x000000008fa00000|  0%| F|  |TAMS 0x000000008f900000, 0x000000008f900000| Untracked 
| 250|0x000000008fa00000, 0x000000008fa00000, 0x000000008fb00000|  0%| F|  |TAMS 0x000000008fa00000, 0x000000008fa00000| Untracked 
| 251|0x000000008fb00000, 0x000000008fb00000, 0x000000008fc00000|  0%| F|  |TAMS 0x000000008fb00000, 0x000000008fb00000| Untracked 
| 252|0x000000008fc00000, 0x000000008fc00000, 0x000000008fd00000|  0%| F|  |TAMS 0x000000008fc00000, 0x000000008fc00000| Untracked 
| 253|0x000000008fd00000, 0x000000008fd00000, 0x000000008fe00000|  0%| F|  |TAMS 0x000000008fd00000, 0x000000008fd00000| Untracked 
| 254|0x000000008fe00000, 0x000000008fe00000, 0x000000008ff00000|  0%| F|  |TAMS 0x000000008fe00000, 0x000000008fe00000| Untracked 
| 255|0x000000008ff00000, 0x000000008ff00000, 0x0000000090000000|  0%| F|  |TAMS 0x000000008ff00000, 0x000000008ff00000| Untracked 
| 256|0x0000000090000000, 0x0000000090000000, 0x0000000090100000|  0%| F|  |TAMS 0x0000000090000000, 0x0000000090000000| Untracked 
| 257|0x0000000090100000, 0x0000000090100000, 0x0000000090200000|  0%| F|  |TAMS 0x0000000090100000, 0x0000000090100000| Untracked 
| 258|0x0000000090200000, 0x0000000090200000, 0x0000000090300000|  0%| F|  |TAMS 0x0000000090200000, 0x0000000090200000| Untracked 
| 259|0x0000000090300000, 0x0000000090300000, 0x0000000090400000|  0%| F|  |TAMS 0x0000000090300000, 0x0000000090300000| Untracked 
| 260|0x0000000090400000, 0x0000000090400000, 0x0000000090500000|  0%| F|  |TAMS 0x0000000090400000, 0x0000000090400000| Untracked 
| 261|0x0000000090500000, 0x0000000090500000, 0x0000000090600000|  0%| F|  |TAMS 0x0000000090500000, 0x0000000090500000| Untracked 
| 262|0x0000000090600000, 0x0000000090600000, 0x0000000090700000|  0%| F|  |TAMS 0x0000000090600000, 0x0000000090600000| Untracked 
| 263|0x0000000090700000, 0x0000000090700000, 0x0000000090800000|  0%| F|  |TAMS 0x0000000090700000, 0x0000000090700000| Untracked 
| 264|0x0000000090800000, 0x0000000090800000, 0x0000000090900000|  0%| F|  |TAMS 0x0000000090800000, 0x0000000090800000| Untracked 
| 265|0x0000000090900000, 0x0000000090900000, 0x0000000090a00000|  0%| F|  |TAMS 0x0000000090900000, 0x0000000090900000| Untracked 
| 266|0x0000000090a00000, 0x0000000090a00000, 0x0000000090b00000|  0%| F|  |TAMS 0x0000000090a00000, 0x0000000090a00000| Untracked 
| 267|0x0000000090b00000, 0x0000000090b00000, 0x0000000090c00000|  0%| F|  |TAMS 0x0000000090b00000, 0x0000000090b00000| Untracked 
| 268|0x0000000090c00000, 0x0000000090c00000, 0x0000000090d00000|  0%| F|  |TAMS 0x0000000090c00000, 0x0000000090c00000| Untracked 
| 269|0x0000000090d00000, 0x0000000090d00000, 0x0000000090e00000|  0%| F|  |TAMS 0x0000000090d00000, 0x0000000090d00000| Untracked 
| 270|0x0000000090e00000, 0x0000000090e00000, 0x0000000090f00000|  0%| F|  |TAMS 0x0000000090e00000, 0x0000000090e00000| Untracked 
| 271|0x0000000090f00000, 0x0000000090f00000, 0x0000000091000000|  0%| F|  |TAMS 0x0000000090f00000, 0x0000000090f00000| Untracked 
| 272|0x0000000091000000, 0x0000000091000000, 0x0000000091100000|  0%| F|  |TAMS 0x0000000091000000, 0x0000000091000000| Untracked 
| 273|0x0000000091100000, 0x0000000091100000, 0x0000000091200000|  0%| F|  |TAMS 0x0000000091100000, 0x0000000091100000| Untracked 
| 274|0x0000000091200000, 0x0000000091200000, 0x0000000091300000|  0%| F|  |TAMS 0x0000000091200000, 0x0000000091200000| Untracked 
| 275|0x0000000091300000, 0x0000000091300000, 0x0000000091400000|  0%| F|  |TAMS 0x0000000091300000, 0x0000000091300000| Untracked 
| 276|0x0000000091400000, 0x0000000091400000, 0x0000000091500000|  0%| F|  |TAMS 0x0000000091400000, 0x0000000091400000| Untracked 
| 277|0x0000000091500000, 0x0000000091500000, 0x0000000091600000|  0%| F|  |TAMS 0x0000000091500000, 0x0000000091500000| Untracked 
| 278|0x0000000091600000, 0x0000000091600000, 0x0000000091700000|  0%| F|  |TAMS 0x0000000091600000, 0x0000000091600000| Untracked 
| 279|0x0000000091700000, 0x0000000091700000, 0x0000000091800000|  0%| F|  |TAMS 0x0000000091700000, 0x0000000091700000| Untracked 
| 280|0x0000000091800000, 0x0000000091800000, 0x0000000091900000|  0%| F|  |TAMS 0x0000000091800000, 0x0000000091800000| Untracked 
| 281|0x0000000091900000, 0x0000000091900000, 0x0000000091a00000|  0%| F|  |TAMS 0x0000000091900000, 0x0000000091900000| Untracked 
| 282|0x0000000091a00000, 0x0000000091a00000, 0x0000000091b00000|  0%| F|  |TAMS 0x0000000091a00000, 0x0000000091a00000| Untracked 
| 283|0x0000000091b00000, 0x0000000091b00000, 0x0000000091c00000|  0%| F|  |TAMS 0x0000000091b00000, 0x0000000091b00000| Untracked 
| 284|0x0000000091c00000, 0x0000000091c00000, 0x0000000091d00000|  0%| F|  |TAMS 0x0000000091c00000, 0x0000000091c00000| Untracked 
| 285|0x0000000091d00000, 0x0000000091d00000, 0x0000000091e00000|  0%| F|  |TAMS 0x0000000091d00000, 0x0000000091d00000| Untracked 
| 286|0x0000000091e00000, 0x0000000091e00000, 0x0000000091f00000|  0%| F|  |TAMS 0x0000000091e00000, 0x0000000091e00000| Untracked 
| 287|0x0000000091f00000, 0x0000000091f00000, 0x0000000092000000|  0%| F|  |TAMS 0x0000000091f00000, 0x0000000091f00000| Untracked 
| 288|0x0000000092000000, 0x0000000092000000, 0x0000000092100000|  0%| F|  |TAMS 0x0000000092000000, 0x0000000092000000| Untracked 
| 289|0x0000000092100000, 0x0000000092100000, 0x0000000092200000|  0%| F|  |TAMS 0x0000000092100000, 0x0000000092100000| Untracked 
| 290|0x0000000092200000, 0x0000000092200000, 0x0000000092300000|  0%| F|  |TAMS 0x0000000092200000, 0x0000000092200000| Untracked 
| 291|0x0000000092300000, 0x0000000092300000, 0x0000000092400000|  0%| F|  |TAMS 0x0000000092300000, 0x0000000092300000| Untracked 
| 292|0x0000000092400000, 0x0000000092400000, 0x0000000092500000|  0%| F|  |TAMS 0x0000000092400000, 0x0000000092400000| Untracked 
| 293|0x0000000092500000, 0x0000000092500000, 0x0000000092600000|  0%| F|  |TAMS 0x0000000092500000, 0x0000000092500000| Untracked 
| 294|0x0000000092600000, 0x0000000092600000, 0x0000000092700000|  0%| F|  |TAMS 0x0000000092600000, 0x0000000092600000| Untracked 
| 295|0x0000000092700000, 0x0000000092700000, 0x0000000092800000|  0%| F|  |TAMS 0x0000000092700000, 0x0000000092700000| Untracked 
| 296|0x0000000092800000, 0x0000000092800000, 0x0000000092900000|  0%| F|  |TAMS 0x0000000092800000, 0x0000000092800000| Untracked 
| 297|0x0000000092900000, 0x0000000092900000, 0x0000000092a00000|  0%| F|  |TAMS 0x0000000092900000, 0x0000000092900000| Untracked 
| 298|0x0000000092a00000, 0x0000000092a00000, 0x0000000092b00000|  0%| F|  |TAMS 0x0000000092a00000, 0x0000000092a00000| Untracked 
| 299|0x0000000092b00000, 0x0000000092b00000, 0x0000000092c00000|  0%| F|  |TAMS 0x0000000092b00000, 0x0000000092b00000| Untracked 
| 300|0x0000000092c00000, 0x0000000092c00000, 0x0000000092d00000|  0%| F|  |TAMS 0x0000000092c00000, 0x0000000092c00000| Untracked 
| 301|0x0000000092d00000, 0x0000000092d00000, 0x0000000092e00000|  0%| F|  |TAMS 0x0000000092d00000, 0x0000000092d00000| Untracked 

Card table byte_map: [0x00000223ac9c0000,0x00000223acdc0000] _byte_map_base: 0x00000223ac5c0000

Marking Bits (Prev, Next): (CMBitMap*) 0x0000022397a5e968, (CMBitMap*) 0x0000022397a5e9a0
 Prev Bits: [0x00000223ad1c0000, 0x00000223af1c0000)
 Next Bits: [0x00000223af1c0000, 0x00000223b11c0000)

Polling page: 0x00000223978b0000

Metaspace:

Usage:
  Non-class:     84.39 MB capacity,    82.91 MB ( 98%) used,     1.20 MB (  1%) free+waste,   289.94 KB ( <1%) overhead. 
      Class:     13.35 MB capacity,    12.43 MB ( 93%) used,   810.60 KB (  6%) free+waste,   133.94 KB ( <1%) overhead. 
       Both:     97.74 MB capacity,    95.34 MB ( 98%) used,     1.99 MB (  2%) free+waste,   423.88 KB ( <1%) overhead. 

Virtual space:
  Non-class space:       86.00 MB reserved,      84.50 MB ( 98%) committed 
      Class space:        1.00 GB reserved,      13.57 MB (  1%) committed 
             Both:        1.08 GB reserved,      98.07 MB (  9%) committed 

Chunk freelists:
   Non-Class:  109.00 KB
       Class:  121.00 KB
        Both:  230.00 KB

MaxMetaspaceSize: 17179869184.00 GB
CompressedClassSpaceSize: 1.00 GB

CodeHeap 'non-profiled nmethods': size=120000Kb used=6838Kb max_used=6838Kb free=113161Kb
 bounds [0x00000223a4630000, 0x00000223a4ce0000, 0x00000223abb60000]
CodeHeap 'profiled nmethods': size=120000Kb used=26014Kb max_used=26014Kb free=93985Kb
 bounds [0x000002239d100000, 0x000002239ea70000, 0x00000223a4630000]
CodeHeap 'non-nmethods': size=5760Kb used=2292Kb max_used=2344Kb free=3467Kb
 bounds [0x000002239cb60000, 0x000002239cdd0000, 0x000002239d100000]
 total_blobs=12372 nmethods=11473 adapters=809
 compilation: enabled
              stopped_count=0, restarted_count=0
 full_count=0

Compilation events (20 events):
Event: 17.500 Thread 0x00000223bd5b1800 nmethod 11916 0x00000223a4cd9b90 code [0x00000223a4cd9da0, 0x00000223a4cda520]
Event: 17.500 Thread 0x00000223bd5b1800 11911       4       com.android.tools.r8.v.b.X::E (324 bytes)
Event: 17.531 Thread 0x00000223b3cb3800 nmethod 11917% 0x000002239e9f6010 code [0x000002239e9f8120, 0x000002239ea0e1c8]
Event: 17.538 Thread 0x00000223b3cb3800 11933 %     3       java.util.Collection::removeIf @ 14 (51 bytes)
Event: 17.539 Thread 0x00000223b3cb3800 nmethod 11933% 0x000002239ea15710 code [0x000002239ea15940, 0x000002239ea16138]
Event: 17.539 Thread 0x00000223b3cb3800 11929 %     3       com.android.tools.r8.ir.regalloc.a::a @ 1542 (1824 bytes)
Event: 17.577 Thread 0x00000223b3cb3800 nmethod 11929% 0x000002239ea16390 code [0x000002239ea17a00, 0x000002239ea28308]
Event: 17.577 Thread 0x00000223b3cb3800 11943       3       java.util.Collection::removeIf (51 bytes)
Event: 17.578 Thread 0x00000223b3cb3800 nmethod 11943 0x000002239ea2d890 code [0x000002239ea2dac0, 0x000002239ea2e238]
Event: 17.578 Thread 0x00000223b3cb3800 11926       3       com.android.tools.r8.ir.optimize.q::a (471 bytes)
Event: 17.582 Thread 0x00000223b3cb3800 nmethod 11926 0x000002239ea2e490 code [0x000002239ea2ea60, 0x000002239ea324c8]
Event: 17.582 Thread 0x00000223b3cb3800 11959 %     3       com.android.tools.r8.ir.regalloc.a::a @ 2126 (4001 bytes)
Event: 17.617 Thread 0x00000223b3caf800 nmethod 11896 0x00000223a4cdab10 code [0x00000223a4cdace0, 0x00000223a4cdd518]
Event: 17.617 Thread 0x00000223b3caf800 11920       4       com.android.tools.r8.v.b.Z0::a (455 bytes)
Event: 17.629 Thread 0x00000223b3cb3800 nmethod 11959% 0x000002239ea33390 code [0x000002239ea354a0, 0x000002239ea4b588]
Event: 17.630 Thread 0x00000223b3cb3800 11951       3       com.android.tools.r8.graph.J::a (47 bytes)
Event: 17.630 Thread 0x00000223b3cb3800 nmethod 11951 0x000002239ea52b10 code [0x000002239ea52d00, 0x000002239ea53218]
Event: 17.630 Thread 0x00000223b3cb3800 11961 %     3       com.android.tools.r8.ir.regalloc.a::a @ 1616 (1824 bytes)
Event: 17.654 Thread 0x00000223b3cb3800 nmethod 11961% 0x000002239ea53410 code [0x000002239ea54a80, 0x000002239ea65368]
Event: 17.654 Thread 0x00000223b3cb3800 11984       3       com.android.tools.r8.ir.regalloc.a::a (4001 bytes)

GC Heap History (20 events):
Event: 15.331 GC heap after
{Heap after GC invocations=22 (full 0):
 garbage-first heap   total 189440K, used 109887K [0x0000000080000000, 0x0000000100000000)
  region size 1024K, 8 young (8192K), 8 survivors (8192K)
 Metaspace       used 90680K, capacity 93118K, committed 93260K, reserved 1130496K
  class space    used 11830K, capacity 12769K, committed 12876K, reserved 1048576K
}
Event: 15.510 GC heap before
{Heap before GC invocations=22 (full 0):
 garbage-first heap   total 189440K, used 148799K [0x0000000080000000, 0x0000000100000000)
  region size 1024K, 47 young (48128K), 8 survivors (8192K)
 Metaspace       used 91055K, capacity 93359K, committed 93772K, reserved 1130496K
  class space    used 11845K, capacity 12735K, committed 12876K, reserved 1048576K
}
Event: 15.532 GC heap after
{Heap after GC invocations=23 (full 0):
 garbage-first heap   total 189440K, used 121067K [0x0000000080000000, 0x0000000100000000)
  region size 1024K, 6 young (6144K), 6 survivors (6144K)
 Metaspace       used 91055K, capacity 93359K, committed 93772K, reserved 1130496K
  class space    used 11845K, capacity 12735K, committed 12876K, reserved 1048576K
}
Event: 15.647 GC heap before
{Heap before GC invocations=24 (full 0):
 garbage-first heap   total 189440K, used 150763K [0x0000000080000000, 0x0000000100000000)
  region size 1024K, 36 young (36864K), 6 survivors (6144K)
 Metaspace       used 91704K, capacity 94041K, committed 94668K, reserved 1130496K
  class space    used 11926K, capacity 12831K, committed 13004K, reserved 1048576K
}
Event: 15.664 GC heap after
{Heap after GC invocations=25 (full 0):
 garbage-first heap   total 227328K, used 129887K [0x0000000080000000, 0x0000000100000000)
  region size 1024K, 5 young (5120K), 5 survivors (5120K)
 Metaspace       used 91704K, capacity 94041K, committed 94668K, reserved 1130496K
  class space    used 11926K, capacity 12831K, committed 13004K, reserved 1048576K
}
Event: 15.766 GC heap before
{Heap before GC invocations=25 (full 0):
 garbage-first heap   total 227328K, used 169823K [0x0000000080000000, 0x0000000100000000)
  region size 1024K, 45 young (46080K), 5 survivors (5120K)
 Metaspace       used 92498K, capacity 94881K, committed 95308K, reserved 1132544K
  class space    used 12057K, capacity 13005K, committed 13132K, reserved 1048576K
}
Event: 15.784 GC heap after
{Heap after GC invocations=26 (full 0):
 garbage-first heap   total 227328K, used 139141K [0x0000000080000000, 0x0000000100000000)
  region size 1024K, 6 young (6144K), 6 survivors (6144K)
 Metaspace       used 92498K, capacity 94881K, committed 95308K, reserved 1132544K
  class space    used 12057K, capacity 13005K, committed 13132K, reserved 1048576K
}
Event: 16.000 GC heap before
{Heap before GC invocations=26 (full 0):
 garbage-first heap   total 227328K, used 176005K [0x0000000080000000, 0x0000000100000000)
  region size 1024K, 43 young (44032K), 6 survivors (6144K)
 Metaspace       used 93035K, capacity 95588K, committed 95692K, reserved 1132544K
  class space    used 12165K, capacity 13181K, committed 13260K, reserved 1048576K
}
Event: 16.019 GC heap after
{Heap after GC invocations=27 (full 0):
 garbage-first heap   total 227328K, used 149240K [0x0000000080000000, 0x0000000100000000)
  region size 1024K, 6 young (6144K), 6 survivors (6144K)
 Metaspace       used 93035K, capacity 95588K, committed 95692K, reserved 1132544K
  class space    used 12165K, capacity 13181K, committed 13260K, reserved 1048576K
}
Event: 16.227 GC heap before
{Heap before GC invocations=28 (full 0):
 garbage-first heap   total 227328K, used 182008K [0x0000000080000000, 0x0000000100000000)
  region size 1024K, 39 young (39936K), 6 survivors (6144K)
 Metaspace       used 94574K, capacity 97003K, committed 97228K, reserved 1132544K
  class space    used 12396K, capacity 13374K, committed 13516K, reserved 1048576K
}
Event: 16.245 GC heap after
{Heap after GC invocations=29 (full 0):
 garbage-first heap   total 227328K, used 155055K [0x0000000080000000, 0x0000000100000000)
  region size 1024K, 5 young (5120K), 5 survivors (5120K)
 Metaspace       used 94574K, capacity 97003K, committed 97228K, reserved 1132544K
  class space    used 12396K, capacity 13374K, committed 13516K, reserved 1048576K
}
Event: 16.391 GC heap before
{Heap before GC invocations=29 (full 0):
 garbage-first heap   total 227328K, used 184751K [0x0000000080000000, 0x0000000100000000)
  region size 1024K, 35 young (35840K), 5 survivors (5120K)
 Metaspace       used 95656K, capacity 98121K, committed 98380K, reserved 1134592K
  class space    used 12578K, capacity 13577K, committed 13644K, reserved 1048576K
}
Event: 16.406 GC heap after
{Heap after GC invocations=30 (full 0):
 garbage-first heap   total 309248K, used 159473K [0x0000000080000000, 0x0000000100000000)
  region size 1024K, 4 young (4096K), 4 survivors (4096K)
 Metaspace       used 95656K, capacity 98121K, committed 98380K, reserved 1134592K
  class space    used 12578K, capacity 13577K, committed 13644K, reserved 1048576K
}
Event: 16.865 GC heap before
{Heap before GC invocations=31 (full 0):
 garbage-first heap   total 309248K, used 214769K [0x0000000080000000, 0x0000000100000000)
  region size 1024K, 58 young (59392K), 4 survivors (4096K)
 Metaspace       used 96825K, capacity 99298K, committed 99788K, reserved 1134592K
  class space    used 12652K, capacity 13628K, committed 13772K, reserved 1048576K
}
Event: 16.878 GC heap after
{Heap after GC invocations=32 (full 0):
 garbage-first heap   total 309248K, used 162282K [0x0000000080000000, 0x0000000100000000)
  region size 1024K, 7 young (7168K), 7 survivors (7168K)
 Metaspace       used 96825K, capacity 99298K, committed 99788K, reserved 1134592K
  class space    used 12652K, capacity 13628K, committed 13772K, reserved 1048576K
}
Event: 17.060 GC heap before
{Heap before GC invocations=32 (full 0):
 garbage-first heap   total 309248K, used 218602K [0x0000000080000000, 0x0000000100000000)
  region size 1024K, 63 young (64512K), 7 survivors (7168K)
 Metaspace       used 97406K, capacity 99897K, committed 100172K, reserved 1136640K
  class space    used 12743K, capacity 13722K, committed 13900K, reserved 1048576K
}
Event: 17.078 GC heap after
{Heap after GC invocations=33 (full 0):
 garbage-first heap   total 309248K, used 165921K [0x0000000080000000, 0x0000000100000000)
  region size 1024K, 7 young (7168K), 7 survivors (7168K)
 Metaspace       used 97406K, capacity 99897K, committed 100172K, reserved 1136640K
  class space    used 12743K, capacity 13722K, committed 13900K, reserved 1048576K
}
Event: 17.459 GC heap before
{Heap before GC invocations=33 (full 0):
 garbage-first heap   total 309248K, used 226337K [0x0000000080000000, 0x0000000100000000)
  region size 1024K, 66 young (67584K), 7 survivors (7168K)
 Metaspace       used 97588K, capacity 100090K, committed 100428K, reserved 1136640K
  class space    used 12717K, capacity 13671K, committed 13900K, reserved 1048576K
}
Event: 17.473 GC heap after
{Heap after GC invocations=34 (full 0):
 garbage-first heap   total 309248K, used 169085K [0x0000000080000000, 0x0000000100000000)
  region size 1024K, 8 young (8192K), 8 survivors (8192K)
 Metaspace       used 97588K, capacity 100090K, committed 100428K, reserved 1136640K
  class space    used 12717K, capacity 13671K, committed 13900K, reserved 1048576K
}
Event: 17.655 GC heap before
{Heap before GC invocations=35 (full 0):
 garbage-first heap   total 309248K, used 230525K [0x0000000080000000, 0x0000000100000000)
  region size 1024K, 69 young (70656K), 8 survivors (8192K)
 Metaspace       used 97624K, capacity 100090K, committed 100428K, reserved 1136640K
  class space    used 12726K, capacity 13671K, committed 13900K, reserved 1048576K
}

Deoptimization events (20 events):
Event: 17.425 Thread 0x00000223b4c6a800 DEOPT PACKING pc=0x00000223a4cc8500 sp=0x000000a722ef9990
Event: 17.425 Thread 0x00000223b4c6a800 DEOPT UNPACKING pc=0x000002239cb874af sp=0x000000a722ef9918 mode 2
Event: 17.425 Thread 0x00000223b4c6a800 Uncommon trap: trap_request=0xffffffde fr.pc=0x00000223a4cc8500 relative=0x0000000000000060
Event: 17.425 Thread 0x00000223b4c6a800 Uncommon trap: reason=class_check action=maybe_recompile pc=0x00000223a4cc8500 method=com.android.tools.r8.s.a.a.a.B.test(Ljava/lang/Object;)Z @ 2 c2
Event: 17.425 Thread 0x00000223b4c6a800 DEOPT PACKING pc=0x00000223a4cc8500 sp=0x000000a722ef9a60
Event: 17.425 Thread 0x00000223b4c6a800 DEOPT UNPACKING pc=0x000002239cb874af sp=0x000000a722ef99e8 mode 2
Event: 17.436 Thread 0x00000223b4c6b800 DEOPT PACKING pc=0x000002239e8381ce sp=0x000000a7233f89d0
Event: 17.436 Thread 0x00000223b4c6b800 DEOPT UNPACKING pc=0x000002239cb872ce sp=0x000000a7233f7e60 mode 0
Event: 17.443 Thread 0x00000223b4c6a000 Uncommon trap: trap_request=0xfffffff4 fr.pc=0x00000223a4cd6c60 relative=0x0000000000000640
Event: 17.443 Thread 0x00000223b4c6a000 Uncommon trap: reason=null_check action=make_not_entrant pc=0x00000223a4cd6c60 method=com.android.tools.r8.graph.h0.a(Lcom/android/tools/r8/graph/r0;Lcom/android/tools/r8/v/a/t/l;Lcom/android/tools/r8/graph/j;)Lcom/android/tools/r8/v/a/t/o; @ 18 c2
Event: 17.443 Thread 0x00000223b4c6a000 DEOPT PACKING pc=0x00000223a4cd6c60 sp=0x000000a722df9340
Event: 17.443 Thread 0x00000223b4c6a000 DEOPT UNPACKING pc=0x000002239cb874af sp=0x000000a722df9238 mode 2
Event: 17.477 Thread 0x00000223b4c65000 DEOPT PACKING pc=0x000002239e7e437b sp=0x000000a722ff9330
Event: 17.477 Thread 0x00000223b4c65000 DEOPT UNPACKING pc=0x000002239cb872ce sp=0x000000a722ff88b8 mode 0
Event: 17.487 Thread 0x00000223b4c67800 DEOPT PACKING pc=0x000002239e7e9166 sp=0x000000a7230f9c80
Event: 17.487 Thread 0x00000223b4c67800 DEOPT UNPACKING pc=0x000002239cb872ce sp=0x000000a7230f91b8 mode 0
Event: 17.588 Thread 0x00000223b4c6b800 DEOPT PACKING pc=0x000002239e5986b4 sp=0x000000a7233f93f0
Event: 17.588 Thread 0x00000223b4c6b800 DEOPT UNPACKING pc=0x000002239cb872ce sp=0x000000a7233f8880 mode 0
Event: 17.638 Thread 0x00000223b4c6b800 DEOPT PACKING pc=0x000002239e8e25ea sp=0x000000a7233f90a0
Event: 17.638 Thread 0x00000223b4c6b800 DEOPT UNPACKING pc=0x000002239cb872ce sp=0x000000a7233f8860 mode 0

Classes redefined (0 events):
No events

Internal exceptions (20 events):
Event: 15.845 Thread 0x00000223b4c65000 Exception <a 'java/lang/NoSuchMethodError'{0x000000008d24c290}: 'void java.lang.invoke.DirectMethodHandle$Holder.invokeSpecial(java.lang.Object, java.lang.Object, int, java.lang.Object)'> (0x000000008d24c290) thrown at [./src/hotspot/share/interpreter/linkResolver.cpp, line 773]
Event: 15.846 Thread 0x00000223b4c6a800 Exception <a 'java/lang/NoSuchMethodError'{0x000000008d211cf0}: 'void java.lang.invoke.DirectMethodHandle$Holder.invokeSpecial(java.lang.Object, java.lang.Object, int, java.lang.Object)'> (0x000000008d211cf0) thrown at [./src/hotspot/share/interpreter/linkResolver.cpp, line 773]
Event: 15.867 Thread 0x00000223b4c6a800 Exception <a 'java/lang/NoSuchMethodError'{0x000000008cb60148}: 'int java.lang.invoke.DirectMethodHandle$Holder.invokeSpecial(java.lang.Object, java.lang.Object, java.lang.Object, java.lang.Object, java.lang.Object)'> (0x000000008cb60148) thrown at [./src/hotspot/share/interpreter/linkResolver.cpp, line 773]
Event: 15.867 Thread 0x00000223b4c69000 Exception <a 'java/lang/NoSuchMethodError'{0x000000008cacb040}: 'int java.lang.invoke.DirectMethodHandle$Holder.invokeSpecial(java.lang.Object, java.lang.Object, java.lang.Object, java.lang.Object, java.lang.Object)'> (0x000000008cacb040) thrown at [./src/hotspot/share/interpreter/linkResolver.cpp, line 773]
Event: 16.128 Thread 0x00000223b4c6a800 Exception <a 'java/lang/NoSuchMethodError'{0x000000008db5d5b8}: 'java.lang.Object java.lang.invoke.DirectMethodHandle$Holder.invokeVirtual(java.lang.Object, java.lang.Object, int, java.lang.Object)'> (0x000000008db5d5b8) thrown at [./src/hotspot/share/interpreter/linkResolver.cpp, line 773]
Event: 16.128 Thread 0x00000223b4c67800 Exception <a 'java/lang/NoSuchMethodError'{0x000000008db63350}: 'java.lang.Object java.lang.invoke.DirectMethodHandle$Holder.invokeVirtual(java.lang.Object, java.lang.Object, int, java.lang.Object)'> (0x000000008db63350) thrown at [./src/hotspot/share/interpreter/linkResolver.cpp, line 773]
Event: 16.159 Thread 0x00000223b4c6b800 Exception <a 'java/lang/NoSuchMethodError'{0x000000008dc1f990}: 'void java.lang.invoke.DirectMethodHandle$Holder.invokeVirtual(java.lang.Object, java.lang.Object, int, java.lang.Object)'> (0x000000008dc1f990) thrown at [./src/hotspot/share/interpreter/linkResolver.cpp, line 773]
Event: 16.219 Thread 0x00000223b4c69000 Exception <a 'java/lang/NoSuchMethodError'{0x000000008be5f0a8}: 'int java.lang.invoke.DirectMethodHandle$Holder.invokeSpecial(java.lang.Object, java.lang.Object, java.lang.Object, int, java.lang.Object)'> (0x000000008be5f0a8) thrown at [./src/hotspot/share/interpreter/linkResolver.cpp, line 773]
Event: 16.219 Thread 0x00000223b4c65800 Exception <a 'java/lang/NoSuchMethodError'{0x000000008bf3c970}: 'int java.lang.invoke.DirectMethodHandle$Holder.invokeSpecial(java.lang.Object, java.lang.Object, java.lang.Object, int, java.lang.Object)'> (0x000000008bf3c970) thrown at [./src/hotspot/share/interpreter/linkResolver.cpp, line 773]
Event: 16.330 Thread 0x00000223b4c67800 Exception <a 'java/lang/NoSuchMethodError'{0x000000008cbbfa10}: 'java.lang.Object java.lang.invoke.DirectMethodHandle$Holder.invokeInterface(java.lang.Object, java.lang.Object, int)'> (0x000000008cbbfa10) thrown at [./src/hotspot/share/interpreter/linkResolver.cpp, line 773]
Event: 16.551 Thread 0x00000223b4c65800 Exception <a 'java/lang/NoSuchMethodError'{0x0000000091cbc448}: 'void java.lang.invoke.DirectMethodHandle$Holder.invokeStatic(java.lang.Object, java.lang.Object, java.lang.Object, java.lang.Object, java.lang.Object, java.lang.Object, java.lang.Object, java.lang.Object, java.lang.Object, java.lang.Object, java.lang.Object)'> (0x0000000091cbc448) thrown at [./src/hotspot/share/interpreter/linkResolver.cpp, line 773]
Event: 16.552 Thread 0x00000223b4c65800 Exception <a 'java/lang/NoSuchMethodError'{0x0000000091cd78e8}: 'java.lang.Object java.lang.invoke.DirectMethodHandle$Holder.invokeSpecial(java.lang.Object, java.lang.Object, java.lang.Object, java.lang.Object, java.lang.Object, java.lang.Object, java.lang.Object, java.lang.Object, java.lang.Object, java.lang.Object)'> (0x0000000091cd78e8) thrown at [./src/hotspot/share/interpreter/linkResolver.cpp, line 773]
Event: 16.552 Thread 0x00000223b4c65800 Exception <a 'java/lang/NoSuchMethodError'{0x0000000091cdbf28}: 'java.lang.Object java.lang.invoke.Invokers$Holder.linkToTargetMethod(java.lang.Object, java.lang.Object, java.lang.Object, java.lang.Object, java.lang.Object, java.lang.Object, java.lang.Object, java.lang.Object, java.lang.Object)'> (0x0000000091cdbf28) thrown at [./src/hotspot/share/interpreter/linkResolver.cpp, line 773]
Event: 16.669 Thread 0x00000223b4c68000 Implicit null exception at 0x00000223a47ae96b to 0x00000223a47ae98c
Event: 16.922 Thread 0x00000223b4c65800 Exception <a 'java/lang/NoSuchMethodError'{0x0000000091f07b80}: 'void java.lang.invoke.DirectMethodHandle$Holder.invokeVirtual(java.lang.Object, java.lang.Object, int)'> (0x0000000091f07b80) thrown at [./src/hotspot/share/interpreter/linkResolver.cpp, line 773]
Event: 17.026 Thread 0x00000223b4c65800 Exception <a 'sun/nio/fs/WindowsException'{0x00000000900984c8}> (0x00000000900984c8) thrown at [./src/hotspot/share/prims/jni.cpp, line 615]
Event: 17.052 Thread 0x00000223b4c65800 Exception <a 'java/lang/NoSuchMethodError'{0x000000008f8ccc00}: 'void java.lang.invoke.DirectMethodHandle$Holder.invokeStatic(java.lang.Object, java.lang.Object, java.lang.Object, java.lang.Object, java.lang.Object, java.lang.Object, java.lang.Object)'> (0x000000008f8ccc00) thrown at [./src/hotspot/share/interpreter/linkResolver.cpp, line 773]
Event: 17.164 Thread 0x00000223b4c6b800 Exception <a 'java/lang/NoSuchMethodError'{0x000000009246c0d8}: 'int java.lang.invoke.DirectMethodHandle$Holder.invokeInterface(java.lang.Object, java.lang.Object, int)'> (0x000000009246c0d8) thrown at [./src/hotspot/share/interpreter/linkResolver.cpp, line 773]
Event: 17.443 Thread 0x00000223b4c6a000 Implicit null exception at 0x00000223a4cd6998 to 0x00000223a4cd6c44
Event: 17.444 Thread 0x00000223b4c65800 Exception <a 'sun/nio/fs/WindowsException'{0x000000008f50db20}> (0x000000008f50db20) thrown at [./src/hotspot/share/prims/jni.cpp, line 615]

Events (20 events):
Event: 17.601 loading class com/android/tools/r8/code/X2 done
Event: 17.602 loading class com/android/tools/r8/code/U2
Event: 17.602 loading class com/android/tools/r8/code/U2 done
Event: 17.603 loading class com/android/tools/r8/code/Z2
Event: 17.603 loading class com/android/tools/r8/code/Z2 done
Event: 17.603 loading class com/android/tools/r8/code/W2
Event: 17.603 loading class com/android/tools/r8/code/W2 done
Event: 17.604 loading class com/android/tools/r8/code/d3
Event: 17.604 loading class com/android/tools/r8/code/d3 done
Event: 17.604 loading class com/android/tools/r8/code/a3
Event: 17.604 loading class com/android/tools/r8/code/a3 done
Event: 17.604 loading class com/android/tools/r8/code/Y2
Event: 17.604 loading class com/android/tools/r8/code/Y2 done
Event: 17.605 loading class com/android/tools/r8/code/V2
Event: 17.605 loading class com/android/tools/r8/code/V2 done
Event: 17.605 loading class com/android/tools/r8/code/c3
Event: 17.605 loading class com/android/tools/r8/code/c3 done
Event: 17.605 loading class com/android/tools/r8/code/b3
Event: 17.605 loading class com/android/tools/r8/code/b3 done
Event: 17.654 Executing VM operation: G1CollectForAllocation


Dynamic libraries:
0x00007ff728850000 - 0x00007ff72885a000 	C:\Users\Dark Knight\Desktop\Android Studio\jre\bin\java.exe
0x00007ffee3570000 - 0x00007ffee3765000 	C:\WINDOWS\SYSTEM32\ntdll.dll
0x00007ffee15f0000 - 0x00007ffee16ad000 	C:\WINDOWS\System32\KERNEL32.DLL
0x00007ffee12d0000 - 0x00007ffee1599000 	C:\WINDOWS\System32\KERNELBASE.dll
0x00007ffee0cd0000 - 0x00007ffee0dd0000 	C:\WINDOWS\System32\ucrtbase.dll
0x00007ffed9f20000 - 0x00007ffed9f39000 	C:\Users\Dark Knight\Desktop\Android Studio\jre\bin\jli.dll
0x00007ffed9f00000 - 0x00007ffed9f17000 	C:\Users\Dark Knight\Desktop\Android Studio\jre\bin\VCRUNTIME140.dll
0x00007ffee1f30000 - 0x00007ffee20d0000 	C:\WINDOWS\System32\USER32.dll
0x00007ffee0ca0000 - 0x00007ffee0cc2000 	C:\WINDOWS\System32\win32u.dll
0x00007ffee20d0000 - 0x00007ffee20fa000 	C:\WINDOWS\System32\GDI32.dll
0x00007ffecb000000 - 0x00007ffecb29a000 	C:\WINDOWS\WinSxS\amd64_microsoft.windows.common-controls_6595b64144ccf1df_6.0.19041.1110_none_60b5254171f9507e\COMCTL32.dll
0x00007ffee11c0000 - 0x00007ffee12cb000 	C:\WINDOWS\System32\gdi32full.dll
0x00007ffee32b0000 - 0x00007ffee334e000 	C:\WINDOWS\System32\msvcrt.dll
0x00007ffee0dd0000 - 0x00007ffee0e6d000 	C:\WINDOWS\System32\msvcp_win.dll
0x00007ffee23d0000 - 0x00007ffee2400000 	C:\WINDOWS\System32\IMM32.DLL
0x00007ffecf2d0000 - 0x00007ffecf36d000 	C:\Users\Dark Knight\Desktop\Android Studio\jre\bin\msvcp140.dll
0x00007ffe82710000 - 0x00007ffe831cc000 	C:\Users\Dark Knight\Desktop\Android Studio\jre\bin\server\jvm.dll
0x00007ffee1780000 - 0x00007ffee182c000 	C:\WINDOWS\System32\ADVAPI32.dll
0x00007ffee1830000 - 0x00007ffee18cb000 	C:\WINDOWS\System32\sechost.dll
0x00007ffee3350000 - 0x00007ffee347a000 	C:\WINDOWS\System32\RPCRT4.dll
0x00007ffee2d90000 - 0x00007ffee2d98000 	C:\WINDOWS\System32\PSAPI.DLL
0x00007ffed8b70000 - 0x00007ffed8b79000 	C:\WINDOWS\SYSTEM32\WSOCK32.dll
0x00007ffed7fc0000 - 0x00007ffed7fca000 	C:\WINDOWS\SYSTEM32\VERSION.dll
0x00007ffecb2b0000 - 0x00007ffecb2d7000 	C:\WINDOWS\SYSTEM32\WINMM.dll
0x00007ffee2360000 - 0x00007ffee23cb000 	C:\WINDOWS\System32\WS2_32.dll
0x00007ffedf530000 - 0x00007ffedf542000 	C:\WINDOWS\SYSTEM32\kernel.appcore.dll
0x00007ffec9e60000 - 0x00007ffec9e71000 	C:\Users\Dark Knight\Desktop\Android Studio\jre\bin\verify.dll
0x00007ffedeab0000 - 0x00007ffedec94000 	C:\WINDOWS\SYSTEM32\DBGHELP.DLL
0x00007ffec9830000 - 0x00007ffec985c000 	C:\WINDOWS\SYSTEM32\dbgcore.DLL
0x00007ffee0f70000 - 0x00007ffee0ff3000 	C:\WINDOWS\System32\bcryptPrimitives.dll
0x00007ffeb99b0000 - 0x00007ffeb99d9000 	C:\Users\Dark Knight\Desktop\Android Studio\jre\bin\java.dll
0x00007ffed9240000 - 0x00007ffed924b000 	C:\Users\Dark Knight\Desktop\Android Studio\jre\bin\jimage.dll
0x00007ffeb9990000 - 0x00007ffeb99a8000 	C:\Users\Dark Knight\Desktop\Android Studio\jre\bin\zip.dll
0x00007ffee25f0000 - 0x00007ffee2d2f000 	C:\WINDOWS\System32\SHELL32.dll
0x00007ffeded90000 - 0x00007ffedf520000 	C:\WINDOWS\SYSTEM32\windows.storage.dll
0x00007ffee2da0000 - 0x00007ffee30f5000 	C:\WINDOWS\System32\combase.dll
0x00007ffee0700000 - 0x00007ffee072c000 	C:\WINDOWS\SYSTEM32\Wldp.dll
0x00007ffee1e80000 - 0x00007ffee1f2e000 	C:\WINDOWS\System32\SHCORE.dll
0x00007ffee2400000 - 0x00007ffee2455000 	C:\WINDOWS\System32\shlwapi.dll
0x00007ffee0be0000 - 0x00007ffee0bff000 	C:\WINDOWS\SYSTEM32\profapi.dll
0x00007ffeafe40000 - 0x00007ffeafe5a000 	C:\Users\Dark Knight\Desktop\Android Studio\jre\bin\net.dll
0x00007ffed5b40000 - 0x00007ffed5c48000 	C:\WINDOWS\SYSTEM32\WINHTTP.dll
0x00007ffee0460000 - 0x00007ffee04ca000 	C:\WINDOWS\system32\mswsock.dll
0x00007ffeafc50000 - 0x00007ffeafc64000 	C:\Users\Dark Knight\Desktop\Android Studio\jre\bin\nio.dll
0x00007ffedbf90000 - 0x00007ffedbfb7000 	C:\Users\Dark Knight\.gradle\native\8bec1ad78214c89d9ad589b4d07fe93259594b29d510b10fafb7a158f7737e5d\windows-amd64\native-platform.dll
0x00007ffed7bd0000 - 0x00007ffed7d0d000 	C:\Users\Dark Knight\.gradle\native\53dbd7edfb1c66fb8903c78663c9afc45aea4f116125fa6feffd364cf09443e8\windows-amd64\native-platform-file-events.dll
0x00007ffed81f0000 - 0x00007ffed81fa000 	C:\Users\Dark Knight\Desktop\Android Studio\jre\bin\management.dll
0x00007ffed0860000 - 0x00007ffed086c000 	C:\Users\Dark Knight\Desktop\Android Studio\jre\bin\management_ext.dll
0x00007ffee0650000 - 0x00007ffee0668000 	C:\WINDOWS\SYSTEM32\CRYPTSP.dll
0x00007ffedfd70000 - 0x00007ffedfda4000 	C:\WINDOWS\system32\rsaenh.dll
0x00007ffee15a0000 - 0x00007ffee15c7000 	C:\WINDOWS\System32\bcrypt.dll
0x00007ffee0ba0000 - 0x00007ffee0bce000 	C:\WINDOWS\SYSTEM32\USERENV.dll
0x00007ffee0670000 - 0x00007ffee067c000 	C:\WINDOWS\SYSTEM32\CRYPTBASE.dll
0x00007ffee0100000 - 0x00007ffee013b000 	C:\WINDOWS\SYSTEM32\IPHLPAPI.DLL
0x00007ffee18d0000 - 0x00007ffee18d8000 	C:\WINDOWS\System32\NSI.dll
0x00007ffecfdf0000 - 0x00007ffecfe07000 	C:\WINDOWS\SYSTEM32\dhcpcsvc6.DLL
0x00007ffed0340000 - 0x00007ffed035d000 	C:\WINDOWS\SYSTEM32\dhcpcsvc.DLL
0x00007ffee0140000 - 0x00007ffee020c000 	C:\WINDOWS\SYSTEM32\DNSAPI.dll

dbghelp: loaded successfully - version: 4.0.5 - missing functions: none
symbol engine: initialized successfully - sym options: 0x614 - pdb path: .;C:\Users\Dark Knight\Desktop\Android Studio\jre\bin;C:\WINDOWS\SYSTEM32;C:\WINDOWS\WinSxS\amd64_microsoft.windows.common-controls_6595b64144ccf1df_6.0.19041.1110_none_60b5254171f9507e;C:\Users\Dark Knight\Desktop\Android Studio\jre\bin\server;C:\Users\Dark Knight\.gradle\native\8bec1ad78214c89d9ad589b4d07fe93259594b29d510b10fafb7a158f7737e5d\windows-amd64;C:\Users\Dark Knight\.gradle\native\53dbd7edfb1c66fb8903c78663c9afc45aea4f116125fa6feffd364cf09443e8\windows-amd64

VM Arguments:
jvm_args: --add-opens=java.base/java.util=ALL-UNNAMED --add-opens=java.base/java.lang=ALL-UNNAMED --add-opens=java.base/java.lang.invoke=ALL-UNNAMED --add-opens=java.base/java.util=ALL-UNNAMED --add-opens=java.prefs/java.util.prefs=ALL-UNNAMED --add-opens=java.prefs/java.util.prefs=ALL-UNNAMED --add-opens=java.base/java.nio.charset=ALL-UNNAMED --add-opens=java.base/java.net=ALL-UNNAMED --add-opens=java.base/java.util.concurrent.atomic=ALL-UNNAMED -Xmx2048m -Dfile.encoding=UTF-8 -Duser.country=IN -Duser.language=en -Duser.variant 
java_command: org.gradle.launcher.daemon.bootstrap.GradleDaemon 7.0.2
java_class_path (initial): C:\Users\Dark Knight\.gradle\wrapper\dists\gradle-7.0.2-bin\857tjihv64xamwrf0h14cai3r\gradle-7.0.2\lib\gradle-launcher-7.0.2.jar
Launcher Type: SUN_STANDARD

[Global flags]
     intx CICompilerCount                          = 4                                         {product} {ergonomic}
     uint ConcGCThreads                            = 2                                         {product} {ergonomic}
     uint G1ConcRefinementThreads                  = 8                                         {product} {ergonomic}
   size_t G1HeapRegionSize                         = 1048576                                   {product} {ergonomic}
    uintx GCDrainStackTargetSize                   = 64                                        {product} {ergonomic}
   size_t InitialHeapSize                          = 134217728                                 {product} {ergonomic}
   size_t MarkStackSize                            = 4194304                                   {product} {ergonomic}
   size_t MaxHeapSize                              = 2147483648                                {product} {command line}
   size_t MaxNewSize                               = 1287651328                                {product} {ergonomic}
   size_t MinHeapDeltaBytes                        = 1048576                                   {product} {ergonomic}
    uintx NonNMethodCodeHeapSize                   = 5836300                                {pd product} {ergonomic}
    uintx NonProfiledCodeHeapSize                  = 122910970                              {pd product} {ergonomic}
    uintx ProfiledCodeHeapSize                     = 122910970                              {pd product} {ergonomic}
    uintx ReservedCodeCacheSize                    = 251658240                              {pd product} {ergonomic}
     bool SegmentedCodeCache                       = true                                      {product} {ergonomic}
     bool UseCompressedClassPointers               = true                                 {lp64_product} {ergonomic}
     bool UseCompressedOops                        = true                                 {lp64_product} {ergonomic}
     bool UseG1GC                                  = true                                      {product} {ergonomic}
     bool UseLargePagesIndividualAllocation        = false                                  {pd product} {ergonomic}

Logging:
Log output configuration:
 #0: stdout all=warning uptime,level,tags
 #1: stderr all=off uptime,level,tags

Environment Variables:
PATH=C:\Windows\system32;C:\Windows;C:\Windows\System32\Wbem;C:\Windows\System32\WindowsPowerShell\v1.0\;C:\Windows\System32\OpenSSH\;C:\Program Files (x86)\NVIDIA Corporation\PhysX\Common;C:\Program Files\NVIDIA Corporation\NVIDIA NvDLISR;C:\WINDOWS\system32;C:\WINDOWS;C:\WINDOWS\System32\Wbem;C:\WINDOWS\System32\WindowsPowerShell\v1.0\;C:\WINDOWS\System32\OpenSSH\;C:\MinGW\bin;C:\Program Files\MEGA-X;C:\WINDOWS\system32;C:\WINDOWS;C:\WINDOWS\System32\Wbem;C:\WINDOWS\System32\WindowsPowerShell\v1.0\;C:\WINDOWS\System32\OpenSSH\;C:\Program Files\Git\cmd;C:\Users\Dark Knight\AppData\Local\Microsoft\WindowsApps;C:\Users\Dark Knight\AppData\Local\atom\bin;C:\MinGW\bin;C:\Program Files (x86)\Microsoft Visual Studio\2019\BuildTools\MSBuild\Current\Bin;C:\Users\Dark Knight\AppData\Local\Microsoft\WindowsApps
USERNAME=Dark Knight
OS=Windows_NT
PROCESSOR_IDENTIFIER=Intel64 Family 6 Model 158 Stepping 10, GenuineIntel



---------------  S Y S T E M  ---------------

OS: Windows 10 , 64 bit Build 19041 (10.0.19041.1151)
OS uptime: 17 days 22:13 hours

CPU:total 8 (initial active 8) (4 cores per cpu, 2 threads per core) family 6 model 158 stepping 10, cmov, cx8, fxsr, mmx, sse, sse2, sse3, ssse3, sse4.1, sse4.2, popcnt, avx, avx2, aes, clmul, erms, 3dnowpref, lzcnt, ht, tsc, tscinvbit, bmi1, bmi2, adx, fma

Memory: 4k page, system-wide physical 8072M (964M free)
TotalPageFile size 12168M (AvailPageFile size 89M)
current process WorkingSet (physical memory assigned to process): 649M, peak: 649M
current process commit charge ("private bytes"): 726M, peak: 880M

vm_info: OpenJDK 64-Bit Server VM (11.0.8+10-b944.6842174) for windows-amd64 JRE (11.0.8+10-b944.6842174), built on Sep 19 2020 01:11:42 by "builder" with MS VC++ 14.0 (VS2015)

END.
