#
# There is insufficient memory for the Java Runtime Environment to continue.
# Native memory allocation (malloc) failed to allocate 332176 bytes for Chunk::new
# Possible reasons:
#   The system is out of physical RAM or swap space
#   The process is running with CompressedOops enabled, and the Java Heap may be blocking the growth of the native heap
# Possible solutions:
#   Reduce memory load on the system
#   Increase physical memory or swap space
#   Check if swap backing store is full
#   Decrease Java heap size (-Xmx/-Xms)
#   Decrease number of Java threads
#   Decrease Java thread stack sizes (-Xss)
#   Set larger code cache with -XX:ReservedCodeCacheSize=
#   JVM is running with Unscaled Compressed Oops mode in which the Java heap is
#     placed in the first 4GB address space. The Java Heap base address is the
#     maximum limit for the native heap growth. Please use -XX:HeapBaseMinAddress
#     to set the Java Heap base and to place the Java Heap above 4GB virtual address.
# This output file may be truncated or incomplete.
#
#  Out of Memory Error (./src/hotspot/share/memory/arena.cpp:197), pid=47572, tid=19516
#
# JRE version: OpenJDK Runtime Environment (11.0.8+10) (build 11.0.8+10-b944.6842174)
# Java VM: OpenJDK 64-Bit Server VM (11.0.8+10-b944.6842174, mixed mode, tiered, compressed oops, g1 gc, windows-amd64)
# No core dump will be written. Minidumps are not enabled by default on client versions of Windows
#

---------------  S U M M A R Y ------------

Command Line: org.jetbrains.kotlin.cli.jvm.K2JVMCompiler @C:\Android Projects\Udemy TUTORIAL\7MinuteWorkout2\app\build\20210831_1800462403032120887.compiler.options

Host: Intel(R) Core(TM) i5-9300H CPU @ 2.40GHz, 8 cores, 7G,  Windows 10 , 64 bit Build 19041 (10.0.19041.1151)
Time: Tue Aug 31 10:35:14 2021 India Standard Time elapsed time: 4 seconds (0d 0h 0m 4s)

---------------  T H R E A D  ---------------

Current thread (0x0000026afcf4c000):  JavaThread "C2 CompilerThread0" daemon [_thread_in_native, id=19516, stack(0x00000094dd500000,0x00000094dd600000)]


Current CompileTask:
C2:   4159 2443       4       java.io.DataOutputStream::writeUTF (435 bytes)

Stack: [0x00000094dd500000,0x00000094dd600000]
Native frames: (J=compiled Java code, j=interpreted, Vv=VM code, C=native code)
V  [jvm.dll+0x5de50a]
V  [jvm.dll+0x7122f5]
V  [jvm.dll+0x71384d]
V  [jvm.dll+0x713f03]
V  [jvm.dll+0x23e728]
V  [jvm.dll+0xb899c]
V  [jvm.dll+0xb8e9c]
V  [jvm.dll+0x35024d]
V  [jvm.dll+0x31dea3]
V  [jvm.dll+0x31d39a]
V  [jvm.dll+0x1f7702]
V  [jvm.dll+0x1f68d4]
V  [jvm.dll+0x17f32c]
V  [jvm.dll+0x205047]
V  [jvm.dll+0x203891]
V  [jvm.dll+0x6dad3f]
V  [jvm.dll+0x6d3895]
V  [jvm.dll+0x5dd4a6]
C  [ucrtbase.dll+0x21bb2]
C  [KERNEL32.DLL+0x17034]
C  [ntdll.dll+0x52651]


---------------  P R O C E S S  ---------------

Threads class SMR info:
_java_thread_list=0x0000026afef68460, length=11, elements={
0x0000026af0bdb000, 0x0000026afc5c9000, 0x0000026afc5d3800, 0x0000026afcf49000,
0x0000026afcf4a000, 0x0000026afcf4c000, 0x0000026afcf4d800, 0x0000026afc5ea000,
0x0000026afd093000, 0x0000026afd09a800, 0x0000026afd722000
}

Java Threads: ( => current thread )
  0x0000026af0bdb000 JavaThread "main" [_thread_in_vm, id=47072, stack(0x00000094dca00000,0x00000094dcb00000)]
  0x0000026afc5c9000 JavaThread "Reference Handler" daemon [_thread_blocked, id=44784, stack(0x00000094dd100000,0x00000094dd200000)]
  0x0000026afc5d3800 JavaThread "Finalizer" daemon [_thread_blocked, id=43856, stack(0x00000094dd200000,0x00000094dd300000)]
  0x0000026afcf49000 JavaThread "Signal Dispatcher" daemon [_thread_blocked, id=49188, stack(0x00000094dd300000,0x00000094dd400000)]
  0x0000026afcf4a000 JavaThread "Attach Listener" daemon [_thread_blocked, id=38048, stack(0x00000094dd400000,0x00000094dd500000)]
=>0x0000026afcf4c000 JavaThread "C2 CompilerThread0" daemon [_thread_in_native, id=19516, stack(0x00000094dd500000,0x00000094dd600000)]
  0x0000026afcf4d800 JavaThread "C1 CompilerThread0" daemon [_thread_blocked, id=31104, stack(0x00000094dd600000,0x00000094dd700000)]
  0x0000026afc5ea000 JavaThread "Sweeper thread" daemon [_thread_blocked, id=48656, stack(0x00000094dd700000,0x00000094dd800000)]
  0x0000026afd093000 JavaThread "Service Thread" daemon [_thread_blocked, id=45340, stack(0x00000094dd800000,0x00000094dd900000)]
  0x0000026afd09a800 JavaThread "Common-Cleaner" daemon [_thread_blocked, id=47248, stack(0x00000094dda00000,0x00000094ddb00000)]
  0x0000026afd722000 JavaThread "C2 CompilerThread1" daemon [_thread_in_native, id=46120, stack(0x00000094ddb00000,0x00000094ddc00000)]

Other Threads:
  0x0000026afc5c5000 VMThread "VM Thread" [stack: 0x00000094dd000000,0x00000094dd100000] [id=44932]
  0x0000026afd094000 WatcherThread [stack: 0x00000094dd900000,0x00000094dda00000] [id=28356]
  0x0000026af0bf3000 GCTaskThread "GC Thread#0" [stack: 0x00000094dcb00000,0x00000094dcc00000] [id=45912]
  0x0000026afd5b7800 GCTaskThread "GC Thread#1" [stack: 0x00000094ddc00000,0x00000094ddd00000] [id=35296]
  0x0000026afd5b8800 GCTaskThread "GC Thread#2" [stack: 0x00000094ddd00000,0x00000094dde00000] [id=23504]
  0x0000026af0c23000 ConcurrentGCThread "G1 Main Marker" [stack: 0x00000094dcc00000,0x00000094dcd00000] [id=38148]
  0x0000026af0c24800 ConcurrentGCThread "G1 Conc#0" [stack: 0x00000094dcd00000,0x00000094dce00000] [id=33332]
  0x0000026afd89e800 ConcurrentGCThread "G1 Conc#1" [stack: 0x00000094dde00000,0x00000094ddf00000] [id=37584]
  0x0000026af0cb6800 ConcurrentGCThread "G1 Refine#0" [stack: 0x00000094dce00000,0x00000094dcf00000] [id=43604]
  0x0000026afc411800 ConcurrentGCThread "G1 Young RemSet Sampling" [stack: 0x00000094dcf00000,0x00000094dd000000] [id=43156]

Threads with active compile tasks:
C2 CompilerThread0   4225 2443       4       java.io.DataOutputStream::writeUTF (435 bytes)
C2 CompilerThread1   4226 2460       4       java.util.HashMap::resize (356 bytes)

VM state:not at safepoint (normal execution)

VM Mutex/Monitor currently owned by a thread: None

Heap address: 0x0000000081c00000, size: 2020 MB, Compressed Oops mode: 32-bit
Narrow klass base: 0x0000000000000000, Narrow klass shift: 3
Compressed class space size: 1073741824 Address: 0x0000000100000000

Heap:
 garbage-first heap   total 131072K, used 40960K [0x0000000081c00000, 0x0000000100000000)
  region size 1024K, 18 young (18432K), 1 survivors (1024K)
 Metaspace       used 35344K, capacity 35865K, committed 36224K, reserved 1089536K
  class space    used 4171K, capacity 4364K, committed 4480K, reserved 1048576K
Heap Regions: E=young(eden), S=young(survivor), O=old, HS=humongous(starts), HC=humongous(continues), CS=collection set, F=free, A=archive, TAMS=top-at-mark-start (previous, next)
|   0|0x0000000081c00000, 0x0000000081d00000, 0x0000000081d00000|100%|HS|  |TAMS 0x0000000081d00000, 0x0000000081c00000| Complete 
|   1|0x0000000081d00000, 0x0000000081e00000, 0x0000000081e00000|100%|HC|  |TAMS 0x0000000081e00000, 0x0000000081d00000| Complete 
|   2|0x0000000081e00000, 0x0000000081f00000, 0x0000000081f00000|100%|HC|  |TAMS 0x0000000081f00000, 0x0000000081e00000| Complete 
|   3|0x0000000081f00000, 0x0000000082000000, 0x0000000082000000|100%|HS|  |TAMS 0x0000000082000000, 0x0000000081f00000| Complete 
|   4|0x0000000082000000, 0x0000000082100000, 0x0000000082100000|100%|HC|  |TAMS 0x0000000082100000, 0x0000000082000000| Complete 
|   5|0x0000000082100000, 0x0000000082200000, 0x0000000082200000|100%|HC|  |TAMS 0x0000000082200000, 0x0000000082100000| Complete 
|   6|0x0000000082200000, 0x0000000082300000, 0x0000000082300000|100%|HS|  |TAMS 0x0000000082300000, 0x0000000082200000| Complete 
|   7|0x0000000082300000, 0x0000000082400000, 0x0000000082400000|100%|HC|  |TAMS 0x0000000082400000, 0x0000000082300000| Complete 
|   8|0x0000000082400000, 0x0000000082500000, 0x0000000082500000|100%|HC|  |TAMS 0x0000000082500000, 0x0000000082400000| Complete 
|   9|0x0000000082500000, 0x0000000082600000, 0x0000000082600000|100%|HS|  |TAMS 0x0000000082600000, 0x0000000082500000| Complete 
|  10|0x0000000082600000, 0x0000000082700000, 0x0000000082700000|100%|HC|  |TAMS 0x0000000082700000, 0x0000000082600000| Complete 
|  11|0x0000000082700000, 0x0000000082800000, 0x0000000082800000|100%| O|  |TAMS 0x0000000082800000, 0x0000000082700000| Untracked 
|  12|0x0000000082800000, 0x0000000082900000, 0x0000000082900000|100%| O|  |TAMS 0x0000000082900000, 0x0000000082800000| Untracked 
|  13|0x0000000082900000, 0x0000000082a00000, 0x0000000082a00000|100%| O|  |TAMS 0x0000000082a00000, 0x0000000082900000| Untracked 
|  14|0x0000000082a00000, 0x0000000082b00000, 0x0000000082b00000|100%| O|  |TAMS 0x0000000082b00000, 0x0000000082a00000| Untracked 
|  15|0x0000000082b00000, 0x0000000082c00000, 0x0000000082c00000|100%| O|  |TAMS 0x0000000082c00000, 0x0000000082b00000| Untracked 
|  16|0x0000000082c00000, 0x0000000082d00000, 0x0000000082d00000|100%| O|  |TAMS 0x0000000082d00000, 0x0000000082c00000| Untracked 
|  17|0x0000000082d00000, 0x0000000082e00000, 0x0000000082e00000|100%| O|  |TAMS 0x0000000082e00000, 0x0000000082d00000| Untracked 
|  18|0x0000000082e00000, 0x0000000082f00000, 0x0000000082f00000|100%| O|  |TAMS 0x0000000082f00000, 0x0000000082e00000| Untracked 
|  19|0x0000000082f00000, 0x0000000083000000, 0x0000000083000000|100%| O|  |TAMS 0x0000000083000000, 0x0000000082f00000| Untracked 
|  20|0x0000000083000000, 0x0000000083100000, 0x0000000083100000|100%| O|  |TAMS 0x0000000083100000, 0x0000000083000000| Untracked 
|  21|0x0000000083100000, 0x0000000083200000, 0x0000000083200000|100%| O|  |TAMS 0x0000000083200000, 0x0000000083100000| Untracked 
|  22|0x0000000083200000, 0x0000000083300000, 0x0000000083300000|100%| O|  |TAMS 0x0000000083300000, 0x0000000083200000| Untracked 
|  23|0x0000000083300000, 0x0000000083300000, 0x0000000083400000|  0%| F|  |TAMS 0x0000000083300000, 0x0000000083300000| Untracked 
|  24|0x0000000083400000, 0x0000000083400000, 0x0000000083500000|  0%| F|  |TAMS 0x0000000083400000, 0x0000000083400000| Untracked 
|  25|0x0000000083500000, 0x0000000083500000, 0x0000000083600000|  0%| F|  |TAMS 0x0000000083500000, 0x0000000083500000| Untracked 
|  26|0x0000000083600000, 0x0000000083600000, 0x0000000083700000|  0%| F|  |TAMS 0x0000000083600000, 0x0000000083600000| Untracked 
|  27|0x0000000083700000, 0x0000000083700000, 0x0000000083800000|  0%| F|  |TAMS 0x0000000083700000, 0x0000000083700000| Untracked 
|  28|0x0000000083800000, 0x0000000083800000, 0x0000000083900000|  0%| F|  |TAMS 0x0000000083800000, 0x0000000083800000| Untracked 
|  29|0x0000000083900000, 0x0000000083900000, 0x0000000083a00000|  0%| F|  |TAMS 0x0000000083900000, 0x0000000083900000| Untracked 
|  30|0x0000000083a00000, 0x0000000083a00000, 0x0000000083b00000|  0%| F|  |TAMS 0x0000000083a00000, 0x0000000083a00000| Untracked 
|  31|0x0000000083b00000, 0x0000000083b00000, 0x0000000083c00000|  0%| F|  |TAMS 0x0000000083b00000, 0x0000000083b00000| Untracked 
|  32|0x0000000083c00000, 0x0000000083c00000, 0x0000000083d00000|  0%| F|  |TAMS 0x0000000083c00000, 0x0000000083c00000| Untracked 
|  33|0x0000000083d00000, 0x0000000083d00000, 0x0000000083e00000|  0%| F|  |TAMS 0x0000000083d00000, 0x0000000083d00000| Untracked 
|  34|0x0000000083e00000, 0x0000000083e00000, 0x0000000083f00000|  0%| F|  |TAMS 0x0000000083e00000, 0x0000000083e00000| Untracked 
|  35|0x0000000083f00000, 0x0000000083f00000, 0x0000000084000000|  0%| F|  |TAMS 0x0000000083f00000, 0x0000000083f00000| Untracked 
|  36|0x0000000084000000, 0x0000000084000000, 0x0000000084100000|  0%| F|  |TAMS 0x0000000084000000, 0x0000000084000000| Untracked 
|  37|0x0000000084100000, 0x0000000084100000, 0x0000000084200000|  0%| F|  |TAMS 0x0000000084100000, 0x0000000084100000| Untracked 
|  38|0x0000000084200000, 0x0000000084200000, 0x0000000084300000|  0%| F|  |TAMS 0x0000000084200000, 0x0000000084200000| Untracked 
|  39|0x0000000084300000, 0x0000000084300000, 0x0000000084400000|  0%| F|  |TAMS 0x0000000084300000, 0x0000000084300000| Untracked 
|  40|0x0000000084400000, 0x0000000084400000, 0x0000000084500000|  0%| F|  |TAMS 0x0000000084400000, 0x0000000084400000| Untracked 
|  41|0x0000000084500000, 0x0000000084500000, 0x0000000084600000|  0%| F|  |TAMS 0x0000000084500000, 0x0000000084500000| Untracked 
|  42|0x0000000084600000, 0x0000000084600000, 0x0000000084700000|  0%| F|  |TAMS 0x0000000084600000, 0x0000000084600000| Untracked 
|  43|0x0000000084700000, 0x0000000084700000, 0x0000000084800000|  0%| F|  |TAMS 0x0000000084700000, 0x0000000084700000| Untracked 
|  44|0x0000000084800000, 0x0000000084800000, 0x0000000084900000|  0%| F|  |TAMS 0x0000000084800000, 0x0000000084800000| Untracked 
|  45|0x0000000084900000, 0x0000000084900000, 0x0000000084a00000|  0%| F|  |TAMS 0x0000000084900000, 0x0000000084900000| Untracked 
|  46|0x0000000084a00000, 0x0000000084a00000, 0x0000000084b00000|  0%| F|  |TAMS 0x0000000084a00000, 0x0000000084a00000| Untracked 
|  47|0x0000000084b00000, 0x0000000084b00000, 0x0000000084c00000|  0%| F|  |TAMS 0x0000000084b00000, 0x0000000084b00000| Untracked 
|  48|0x0000000084c00000, 0x0000000084c00000, 0x0000000084d00000|  0%| F|  |TAMS 0x0000000084c00000, 0x0000000084c00000| Untracked 
|  49|0x0000000084d00000, 0x0000000084d00000, 0x0000000084e00000|  0%| F|  |TAMS 0x0000000084d00000, 0x0000000084d00000| Untracked 
|  50|0x0000000084e00000, 0x0000000084e00000, 0x0000000084f00000|  0%| F|  |TAMS 0x0000000084e00000, 0x0000000084e00000| Untracked 
|  51|0x0000000084f00000, 0x0000000084f00000, 0x0000000085000000|  0%| F|  |TAMS 0x0000000084f00000, 0x0000000084f00000| Untracked 
|  52|0x0000000085000000, 0x0000000085000000, 0x0000000085100000|  0%| F|  |TAMS 0x0000000085000000, 0x0000000085000000| Untracked 
|  53|0x0000000085100000, 0x0000000085100000, 0x0000000085200000|  0%| F|  |TAMS 0x0000000085100000, 0x0000000085100000| Untracked 
|  54|0x0000000085200000, 0x0000000085200000, 0x0000000085300000|  0%| F|  |TAMS 0x0000000085200000, 0x0000000085200000| Untracked 
|  55|0x0000000085300000, 0x0000000085300000, 0x0000000085400000|  0%| F|  |TAMS 0x0000000085300000, 0x0000000085300000| Untracked 
|  56|0x0000000085400000, 0x0000000085400000, 0x0000000085500000|  0%| F|  |TAMS 0x0000000085400000, 0x0000000085400000| Untracked 
|  57|0x0000000085500000, 0x0000000085500000, 0x0000000085600000|  0%| F|  |TAMS 0x0000000085500000, 0x0000000085500000| Untracked 
|  58|0x0000000085600000, 0x0000000085600000, 0x0000000085700000|  0%| F|  |TAMS 0x0000000085600000, 0x0000000085600000| Untracked 
|  59|0x0000000085700000, 0x0000000085700000, 0x0000000085800000|  0%| F|  |TAMS 0x0000000085700000, 0x0000000085700000| Untracked 
|  60|0x0000000085800000, 0x0000000085800000, 0x0000000085900000|  0%| F|  |TAMS 0x0000000085800000, 0x0000000085800000| Untracked 
|  61|0x0000000085900000, 0x0000000085900000, 0x0000000085a00000|  0%| F|  |TAMS 0x0000000085900000, 0x0000000085900000| Untracked 
|  62|0x0000000085a00000, 0x0000000085a00000, 0x0000000085b00000|  0%| F|  |TAMS 0x0000000085a00000, 0x0000000085a00000| Untracked 
|  63|0x0000000085b00000, 0x0000000085b00000, 0x0000000085c00000|  0%| F|  |TAMS 0x0000000085b00000, 0x0000000085b00000| Untracked 
|  64|0x0000000085c00000, 0x0000000085c00000, 0x0000000085d00000|  0%| F|  |TAMS 0x0000000085c00000, 0x0000000085c00000| Untracked 
|  65|0x0000000085d00000, 0x0000000085d00000, 0x0000000085e00000|  0%| F|  |TAMS 0x0000000085d00000, 0x0000000085d00000| Untracked 
|  66|0x0000000085e00000, 0x0000000085e00000, 0x0000000085f00000|  0%| F|  |TAMS 0x0000000085e00000, 0x0000000085e00000| Untracked 
|  67|0x0000000085f00000, 0x0000000085f00000, 0x0000000086000000|  0%| F|  |TAMS 0x0000000085f00000, 0x0000000085f00000| Untracked 
|  68|0x0000000086000000, 0x0000000086000000, 0x0000000086100000|  0%| F|  |TAMS 0x0000000086000000, 0x0000000086000000| Untracked 
|  69|0x0000000086100000, 0x0000000086100000, 0x0000000086200000|  0%| F|  |TAMS 0x0000000086100000, 0x0000000086100000| Untracked 
|  70|0x0000000086200000, 0x0000000086200000, 0x0000000086300000|  0%| F|  |TAMS 0x0000000086200000, 0x0000000086200000| Untracked 
|  71|0x0000000086300000, 0x0000000086300000, 0x0000000086400000|  0%| F|  |TAMS 0x0000000086300000, 0x0000000086300000| Untracked 
|  72|0x0000000086400000, 0x0000000086400000, 0x0000000086500000|  0%| F|  |TAMS 0x0000000086400000, 0x0000000086400000| Untracked 
|  73|0x0000000086500000, 0x0000000086500000, 0x0000000086600000|  0%| F|  |TAMS 0x0000000086500000, 0x0000000086500000| Untracked 
|  74|0x0000000086600000, 0x0000000086600000, 0x0000000086700000|  0%| F|  |TAMS 0x0000000086600000, 0x0000000086600000| Untracked 
|  75|0x0000000086700000, 0x0000000086700000, 0x0000000086800000|  0%| F|  |TAMS 0x0000000086700000, 0x0000000086700000| Untracked 
|  76|0x0000000086800000, 0x0000000086800000, 0x0000000086900000|  0%| F|  |TAMS 0x0000000086800000, 0x0000000086800000| Untracked 
|  77|0x0000000086900000, 0x0000000086900000, 0x0000000086a00000|  0%| F|  |TAMS 0x0000000086900000, 0x0000000086900000| Untracked 
|  78|0x0000000086a00000, 0x0000000086a00000, 0x0000000086b00000|  0%| F|  |TAMS 0x0000000086a00000, 0x0000000086a00000| Untracked 
|  79|0x0000000086b00000, 0x0000000086b00000, 0x0000000086c00000|  0%| F|  |TAMS 0x0000000086b00000, 0x0000000086b00000| Untracked 
|  80|0x0000000086c00000, 0x0000000086c00000, 0x0000000086d00000|  0%| F|  |TAMS 0x0000000086c00000, 0x0000000086c00000| Untracked 
|  81|0x0000000086d00000, 0x0000000086d00000, 0x0000000086e00000|  0%| F|  |TAMS 0x0000000086d00000, 0x0000000086d00000| Untracked 
|  82|0x0000000086e00000, 0x0000000086e00000, 0x0000000086f00000|  0%| F|  |TAMS 0x0000000086e00000, 0x0000000086e00000| Untracked 
|  83|0x0000000086f00000, 0x0000000086f00000, 0x0000000087000000|  0%| F|  |TAMS 0x0000000086f00000, 0x0000000086f00000| Untracked 
|  84|0x0000000087000000, 0x0000000087000000, 0x0000000087100000|  0%| F|  |TAMS 0x0000000087000000, 0x0000000087000000| Untracked 
|  85|0x0000000087100000, 0x0000000087100000, 0x0000000087200000|  0%| F|  |TAMS 0x0000000087100000, 0x0000000087100000| Untracked 
|  86|0x0000000087200000, 0x0000000087200000, 0x0000000087300000|  0%| F|  |TAMS 0x0000000087200000, 0x0000000087200000| Untracked 
|  87|0x0000000087300000, 0x0000000087300000, 0x0000000087400000|  0%| F|  |TAMS 0x0000000087300000, 0x0000000087300000| Untracked 
|  88|0x0000000087400000, 0x0000000087400000, 0x0000000087500000|  0%| F|  |TAMS 0x0000000087400000, 0x0000000087400000| Untracked 
|  89|0x0000000087500000, 0x0000000087500000, 0x0000000087600000|  0%| F|  |TAMS 0x0000000087500000, 0x0000000087500000| Untracked 
|  90|0x0000000087600000, 0x0000000087600000, 0x0000000087700000|  0%| F|  |TAMS 0x0000000087600000, 0x0000000087600000| Untracked 
|  91|0x0000000087700000, 0x0000000087700000, 0x0000000087800000|  0%| F|  |TAMS 0x0000000087700000, 0x0000000087700000| Untracked 
|  92|0x0000000087800000, 0x0000000087800000, 0x0000000087900000|  0%| F|  |TAMS 0x0000000087800000, 0x0000000087800000| Untracked 
|  93|0x0000000087900000, 0x0000000087900000, 0x0000000087a00000|  0%| F|  |TAMS 0x0000000087900000, 0x0000000087900000| Untracked 
|  94|0x0000000087a00000, 0x0000000087a00000, 0x0000000087b00000|  0%| F|  |TAMS 0x0000000087a00000, 0x0000000087a00000| Untracked 
|  95|0x0000000087b00000, 0x0000000087b00000, 0x0000000087c00000|  0%| F|  |TAMS 0x0000000087b00000, 0x0000000087b00000| Untracked 
|  96|0x0000000087c00000, 0x0000000087c00000, 0x0000000087d00000|  0%| F|  |TAMS 0x0000000087c00000, 0x0000000087c00000| Untracked 
|  97|0x0000000087d00000, 0x0000000087d00000, 0x0000000087e00000|  0%| F|  |TAMS 0x0000000087d00000, 0x0000000087d00000| Untracked 
|  98|0x0000000087e00000, 0x0000000087e00000, 0x0000000087f00000|  0%| F|  |TAMS 0x0000000087e00000, 0x0000000087e00000| Untracked 
|  99|0x0000000087f00000, 0x0000000087f00000, 0x0000000088000000|  0%| F|  |TAMS 0x0000000087f00000, 0x0000000087f00000| Untracked 
| 100|0x0000000088000000, 0x0000000088000000, 0x0000000088100000|  0%| F|  |TAMS 0x0000000088000000, 0x0000000088000000| Untracked 
| 101|0x0000000088100000, 0x0000000088100000, 0x0000000088200000|  0%| F|  |TAMS 0x0000000088100000, 0x0000000088100000| Untracked 
| 102|0x0000000088200000, 0x0000000088200000, 0x0000000088300000|  0%| F|  |TAMS 0x0000000088200000, 0x0000000088200000| Untracked 
| 103|0x0000000088300000, 0x0000000088300000, 0x0000000088400000|  0%| F|  |TAMS 0x0000000088300000, 0x0000000088300000| Untracked 
| 104|0x0000000088400000, 0x0000000088400000, 0x0000000088500000|  0%| F|  |TAMS 0x0000000088400000, 0x0000000088400000| Untracked 
| 105|0x0000000088500000, 0x0000000088500000, 0x0000000088600000|  0%| F|  |TAMS 0x0000000088500000, 0x0000000088500000| Untracked 
| 106|0x0000000088600000, 0x0000000088600000, 0x0000000088700000|  0%| F|  |TAMS 0x0000000088600000, 0x0000000088600000| Untracked 
| 107|0x0000000088700000, 0x0000000088700000, 0x0000000088800000|  0%| F|  |TAMS 0x0000000088700000, 0x0000000088700000| Untracked 
| 108|0x0000000088800000, 0x0000000088800000, 0x0000000088900000|  0%| F|  |TAMS 0x0000000088800000, 0x0000000088800000| Untracked 
| 109|0x0000000088900000, 0x00000000889856a8, 0x0000000088a00000| 52%| E|  |TAMS 0x0000000088900000, 0x0000000088900000| Complete 
| 110|0x0000000088a00000, 0x0000000088b00000, 0x0000000088b00000|100%| E|CS|TAMS 0x0000000088a00000, 0x0000000088a00000| Complete 
| 111|0x0000000088b00000, 0x0000000088c00000, 0x0000000088c00000|100%| E|CS|TAMS 0x0000000088b00000, 0x0000000088b00000| Complete 
| 112|0x0000000088c00000, 0x0000000088d00000, 0x0000000088d00000|100%| E|CS|TAMS 0x0000000088c00000, 0x0000000088c00000| Complete 
| 113|0x0000000088d00000, 0x0000000088e00000, 0x0000000088e00000|100%| E|CS|TAMS 0x0000000088d00000, 0x0000000088d00000| Complete 
| 114|0x0000000088e00000, 0x0000000088f00000, 0x0000000088f00000|100%| E|CS|TAMS 0x0000000088e00000, 0x0000000088e00000| Complete 
| 115|0x0000000088f00000, 0x0000000089000000, 0x0000000089000000|100%| E|CS|TAMS 0x0000000088f00000, 0x0000000088f00000| Complete 
| 116|0x0000000089000000, 0x0000000089100000, 0x0000000089100000|100%| E|CS|TAMS 0x0000000089000000, 0x0000000089000000| Complete 
| 117|0x0000000089100000, 0x0000000089200000, 0x0000000089200000|100%| E|CS|TAMS 0x0000000089100000, 0x0000000089100000| Complete 
| 118|0x0000000089200000, 0x0000000089300000, 0x0000000089300000|100%| E|CS|TAMS 0x0000000089200000, 0x0000000089200000| Complete 
| 119|0x0000000089300000, 0x0000000089400000, 0x0000000089400000|100%| E|CS|TAMS 0x0000000089300000, 0x0000000089300000| Complete 
| 120|0x0000000089400000, 0x0000000089500000, 0x0000000089500000|100%| E|CS|TAMS 0x0000000089400000, 0x0000000089400000| Complete 
| 121|0x0000000089500000, 0x0000000089600000, 0x0000000089600000|100%| E|CS|TAMS 0x0000000089500000, 0x0000000089500000| Complete 
| 122|0x0000000089600000, 0x0000000089700000, 0x0000000089700000|100%| E|CS|TAMS 0x0000000089600000, 0x0000000089600000| Complete 
| 123|0x0000000089700000, 0x0000000089800000, 0x0000000089800000|100%| E|CS|TAMS 0x0000000089700000, 0x0000000089700000| Complete 
| 124|0x0000000089800000, 0x0000000089900000, 0x0000000089900000|100%| E|CS|TAMS 0x0000000089800000, 0x0000000089800000| Complete 
| 125|0x0000000089900000, 0x0000000089a00000, 0x0000000089a00000|100%| E|CS|TAMS 0x0000000089900000, 0x0000000089900000| Complete 
| 126|0x0000000089a00000, 0x0000000089b00000, 0x0000000089b00000|100%| S|CS|TAMS 0x0000000089a00000, 0x0000000089a00000| Complete 
| 127|0x0000000089b00000, 0x0000000089c00000, 0x0000000089c00000|100%| E|CS|TAMS 0x0000000089b00000, 0x0000000089b00000| Complete 

Card table byte_map: [0x0000026af53c0000,0x0000026af57c0000] _byte_map_base: 0x0000026af4fb2000

Marking Bits (Prev, Next): (CMBitMap*) 0x0000026af0c1a3d8, (CMBitMap*) 0x0000026af0c1a410
 Prev Bits: [0x0000026af5bc0000, 0x0000026af7b50000)
 Next Bits: [0x0000026af7b50000, 0x0000026af9ae0000)

Polling page: 0x0000026aef3a0000

Metaspace:

Usage:
  Non-class:     30.76 MB capacity,    30.49 MB (>99%) used,   226.96 KB ( <1%) free+waste,    51.81 KB ( <1%) overhead. 
      Class:      4.26 MB capacity,     4.08 MB ( 96%) used,   163.81 KB (  4%) free+waste,    23.06 KB ( <1%) overhead. 
       Both:     35.02 MB capacity,    34.57 MB ( 99%) used,   390.77 KB (  1%) free+waste,    74.88 KB ( <1%) overhead. 

Virtual space:
  Non-class space:       40.00 MB reserved,      31.00 MB ( 78%) committed 
      Class space:        1.00 GB reserved,       4.38 MB ( <1%) committed 
             Both:        1.04 GB reserved,      35.38 MB (  3%) committed 

Chunk freelists:
   Non-Class:  51.00 KB
       Class:  20.00 KB
        Both:  71.00 KB

MaxMetaspaceSize: 17179869184.00 GB
CompressedClassSpaceSize: 1.00 GB

CodeHeap 'non-profiled nmethods': size=120000Kb used=924Kb max_used=924Kb free=119075Kb
 bounds [0x0000026a87ad0000, 0x0000026a87d40000, 0x0000026a8f000000]
CodeHeap 'profiled nmethods': size=120000Kb used=4567Kb max_used=4567Kb free=115432Kb
 bounds [0x0000026a805a0000, 0x0000026a80a20000, 0x0000026a87ad0000]
CodeHeap 'non-nmethods': size=5760Kb used=1172Kb max_used=1239Kb free=4587Kb
 bounds [0x0000026a80000000, 0x0000026a80270000, 0x0000026a805a0000]
 total_blobs=3005 nmethods=2486 adapters=430
 compilation: enabled
              stopped_count=0, restarted_count=0
 full_count=0

Compilation events (20 events):
Event: 4.144 Thread 0x0000026afcf4d800 nmethod 2457 0x0000026a809f9290 code [0x0000026a809f9440, 0x0000026a809f9598]
Event: 4.145 Thread 0x0000026afcf4d800 2450       3       java.lang.Class::getInterfaces (49 bytes)
Event: 4.146 Thread 0x0000026afcf4d800 nmethod 2450 0x0000026a809f9690 code [0x0000026a809f98a0, 0x0000026a809f9d38]
Event: 4.146 Thread 0x0000026afcf4d800 2462       3       java.lang.PublicMethods$MethodList::length (24 bytes)
Event: 4.146 Thread 0x0000026afcf4d800 nmethod 2462 0x0000026a809f9e90 code [0x0000026a809fa040, 0x0000026a809fa1f8]
Event: 4.146 Thread 0x0000026afcf4d800 2464       3       java.lang.PublicMethods::merge (81 bytes)
Event: 4.149 Thread 0x0000026afcf4d800 nmethod 2464 0x0000026a809fa310 code [0x0000026a809fa580, 0x0000026a809fb068]
Event: 4.149 Thread 0x0000026afcf4d800 2465       3       java.lang.PublicMethods$Key::<init> (24 bytes)
Event: 4.150 Thread 0x0000026afcf4d800 nmethod 2465 0x0000026a809fb490 code [0x0000026a809fb680, 0x0000026a809fbaf8]
Event: 4.150 Thread 0x0000026afcf4d800 2466       3       java.util.LinkedHashMap::values (25 bytes)
Event: 4.151 Thread 0x0000026afcf4d800 nmethod 2466 0x0000026a809fbc90 code [0x0000026a809fbe60, 0x0000026a809fc1d8]
Event: 4.151 Thread 0x0000026afcf4d800 2463       3       java.util.Collections$EmptySet::toArray (11 bytes)
Event: 4.152 Thread 0x0000026afcf4d800 nmethod 2463 0x0000026a809fc310 code [0x0000026a809fc4e0, 0x0000026a809fc7b8]
Event: 4.152 Thread 0x0000026afcf4d800 2467       3       java.lang.invoke.Invokers$Holder::linkToTargetMethod (9 bytes)
Event: 4.152 Thread 0x0000026afcf4d800 nmethod 2467 0x0000026a809fc890 code [0x0000026a809fca60, 0x0000026a809fcd78]
Event: 4.152 Thread 0x0000026afcf4d800 2468       3       kotlin.sequences.GeneratorSequence$iterator$1::next (55 bytes)
Event: 4.154 Thread 0x0000026afcf4d800 nmethod 2468 0x0000026a809fce90 code [0x0000026a809fd080, 0x0000026a809fd428]
Event: 4.154 Thread 0x0000026afcf4d800 2471       3       java.util.HashMap$HashIterator::<init> (79 bytes)
Event: 4.155 Thread 0x0000026afcf4d800 nmethod 2471 0x0000026a809fd590 code [0x0000026a809fd760, 0x0000026a809fdb78]
Event: 4.155 Thread 0x0000026afcf4d800 2470       3       java.lang.Class::getGenericInfo (52 bytes)

GC Heap History (8 events):
Event: 1.331 GC heap before
{Heap before GC invocations=0 (full 0):
 garbage-first heap   total 131072K, used 27648K [0x0000000081c00000, 0x0000000100000000)
  region size 1024K, 24 young (24576K), 0 survivors (0K)
 Metaspace       used 12310K, capacity 12405K, committed 12544K, reserved 1060864K
  class space    used 1155K, capacity 1174K, committed 1280K, reserved 1048576K
}
Event: 1.337 GC heap after
{Heap after GC invocations=1 (full 0):
 garbage-first heap   total 131072K, used 5642K [0x0000000081c00000, 0x0000000100000000)
  region size 1024K, 3 young (3072K), 3 survivors (3072K)
 Metaspace       used 12310K, capacity 12405K, committed 12544K, reserved 1060864K
  class space    used 1155K, capacity 1174K, committed 1280K, reserved 1048576K
}
Event: 2.461 GC heap before
{Heap before GC invocations=1 (full 0):
 garbage-first heap   total 131072K, used 42506K [0x0000000081c00000, 0x0000000100000000)
  region size 1024K, 40 young (40960K), 3 survivors (3072K)
 Metaspace       used 20964K, capacity 21201K, committed 21248K, reserved 1069056K
  class space    used 2214K, capacity 2297K, committed 2304K, reserved 1048576K
}
Event: 2.481 GC heap after
{Heap after GC invocations=2 (full 0):
 garbage-first heap   total 131072K, used 9543K [0x0000000081c00000, 0x0000000100000000)
  region size 1024K, 7 young (7168K), 7 survivors (7168K)
 Metaspace       used 20964K, capacity 21201K, committed 21248K, reserved 1069056K
  class space    used 2214K, capacity 2297K, committed 2304K, reserved 1048576K
}
Event: 3.638 GC heap before
{Heap before GC invocations=3 (full 0):
 garbage-first heap   total 131072K, used 66887K [0x0000000081c00000, 0x0000000100000000)
  region size 1024K, 55 young (56320K), 7 survivors (7168K)
 Metaspace       used 31746K, capacity 32222K, committed 32384K, reserved 1077248K
  class space    used 3778K, capacity 3939K, committed 3968K, reserved 1048576K
}
Event: 3.662 GC heap after
{Heap after GC invocations=4 (full 0):
 garbage-first heap   total 131072K, used 23511K [0x0000000081c00000, 0x0000000100000000)
  region size 1024K, 6 young (6144K), 6 survivors (6144K)
 Metaspace       used 31746K, capacity 32222K, committed 32384K, reserved 1077248K
  class space    used 3778K, capacity 3939K, committed 3968K, reserved 1048576K
}
Event: 3.672 GC heap before
{Heap before GC invocations=4 (full 0):
 garbage-first heap   total 131072K, used 23511K [0x0000000081c00000, 0x0000000100000000)
  region size 1024K, 7 young (7168K), 6 survivors (6144K)
 Metaspace       used 31910K, capacity 32382K, committed 32512K, reserved 1083392K
  class space    used 3788K, capacity 3971K, committed 4096K, reserved 1048576K
}
Event: 3.685 GC heap after
{Heap after GC invocations=5 (full 0):
 garbage-first heap   total 131072K, used 24576K [0x0000000081c00000, 0x0000000100000000)
  region size 1024K, 1 young (1024K), 1 survivors (1024K)
 Metaspace       used 31910K, capacity 32382K, committed 32512K, reserved 1083392K
  class space    used 3788K, capacity 3971K, committed 4096K, reserved 1048576K
}

Deoptimization events (20 events):
Event: 3.886 Thread 0x0000026af0bdb000 Uncommon trap: trap_request=0xffffffde fr.pc=0x0000026a87b83890 relative=0x0000000000000070
Event: 3.886 Thread 0x0000026af0bdb000 Uncommon trap: reason=class_check action=maybe_recompile pc=0x0000026a87b83890 method=java.util.AbstractList$Itr.hasNext()Z @ 8 c2
Event: 3.886 Thread 0x0000026af0bdb000 DEOPT PACKING pc=0x0000026a87b83890 sp=0x00000094dcafe240
Event: 3.886 Thread 0x0000026af0bdb000 DEOPT UNPACKING pc=0x0000026a800274af sp=0x00000094dcafe1d8 mode 2
Event: 3.886 Thread 0x0000026af0bdb000 Uncommon trap: trap_request=0xffffffde fr.pc=0x0000026a87b83890 relative=0x0000000000000070
Event: 3.886 Thread 0x0000026af0bdb000 Uncommon trap: reason=class_check action=maybe_recompile pc=0x0000026a87b83890 method=java.util.AbstractList$Itr.hasNext()Z @ 8 c2
Event: 3.886 Thread 0x0000026af0bdb000 DEOPT PACKING pc=0x0000026a87b83890 sp=0x00000094dcafe240
Event: 3.886 Thread 0x0000026af0bdb000 DEOPT UNPACKING pc=0x0000026a800274af sp=0x00000094dcafe1d8 mode 2
Event: 3.886 Thread 0x0000026af0bdb000 Uncommon trap: trap_request=0xffffffde fr.pc=0x0000026a87b83890 relative=0x0000000000000070
Event: 3.886 Thread 0x0000026af0bdb000 Uncommon trap: reason=class_check action=maybe_recompile pc=0x0000026a87b83890 method=java.util.AbstractList$Itr.hasNext()Z @ 8 c2
Event: 3.886 Thread 0x0000026af0bdb000 DEOPT PACKING pc=0x0000026a87b83890 sp=0x00000094dcafe240
Event: 3.886 Thread 0x0000026af0bdb000 DEOPT UNPACKING pc=0x0000026a800274af sp=0x00000094dcafe1d8 mode 2
Event: 3.887 Thread 0x0000026af0bdb000 Uncommon trap: trap_request=0xffffffde fr.pc=0x0000026a87b830f0 relative=0x0000000000000210
Event: 3.887 Thread 0x0000026af0bdb000 Uncommon trap: reason=class_check action=maybe_recompile pc=0x0000026a87b830f0 method=gnu.trove.TObjectHash.index(Ljava/lang/Object;)I @ 22 c2
Event: 3.887 Thread 0x0000026af0bdb000 DEOPT PACKING pc=0x0000026a87b830f0 sp=0x00000094dcafe190
Event: 3.887 Thread 0x0000026af0bdb000 DEOPT UNPACKING pc=0x0000026a800274af sp=0x00000094dcafe118 mode 2
Event: 4.122 Thread 0x0000026af0bdb000 Uncommon trap: trap_request=0xffffff4d fr.pc=0x0000026a87b027ec relative=0x000000000000068c
Event: 4.122 Thread 0x0000026af0bdb000 Uncommon trap: reason=unstable_if action=reinterpret pc=0x0000026a87b027ec method=java.util.concurrent.ConcurrentHashMap.get(Ljava/lang/Object;)Ljava/lang/Object; @ 76 c2
Event: 4.122 Thread 0x0000026af0bdb000 DEOPT PACKING pc=0x0000026a87b027ec sp=0x00000094dcafa3e0
Event: 4.122 Thread 0x0000026af0bdb000 DEOPT UNPACKING pc=0x0000026a800274af sp=0x00000094dcafa368 mode 2

Classes redefined (0 events):
No events

Internal exceptions (19 events):
Event: 2.050 Thread 0x0000026af0bdb000 Exception <a 'java/lang/NoSuchMethodError'{0x00000000886c0950}: 'int java.lang.invoke.DirectMethodHandle$Holder.invokeSpecialIFC(java.lang.Object, java.lang.Object, int)'> (0x00000000886c0950) thrown at [./src/hotspot/share/interpreter/linkResolver.cpp, line 773]
Event: 2.344 Thread 0x0000026af0bdb000 Exception <a 'java/lang/NoSuchMethodError'{0x0000000087911c78}: 'java.lang.Object java.lang.invoke.DirectMethodHandle$Holder.invokeStaticInit(java.lang.Object, int)'> (0x0000000087911c78) thrown at [./src/hotspot/share/interpreter/linkResolver.cpp, line 773]
Event: 2.375 Thread 0x0000026af0bdb000 Exception <a 'java/lang/NoSuchMethodError'{0x00000000878a0858}: 'long java.lang.invoke.DirectMethodHandle$Holder.invokeStatic(java.lang.Object)'> (0x00000000878a0858) thrown at [./src/hotspot/share/interpreter/linkResolver.cpp, line 773]
Event: 2.375 Thread 0x0000026af0bdb000 Exception <a 'java/lang/NoSuchMethodError'{0x00000000878a36b0}: 'long java.lang.invoke.DirectMethodHandle$Holder.invokeStaticInit(java.lang.Object)'> (0x00000000878a36b0) thrown at [./src/hotspot/share/interpreter/linkResolver.cpp, line 773]
Event: 2.451 Thread 0x0000026af0bdb000 Exception <a 'java/lang/NoSuchMethodError'{0x0000000087414148}: 'int java.lang.invoke.DirectMethodHandle$Holder.invokeStaticInit(java.lang.Object, java.lang.Object, java.lang.Object)'> (0x0000000087414148) thrown at [./src/hotspot/share/interpreter/linkResolver.cpp, line 773]
Event: 2.456 Thread 0x0000026af0bdb000 Exception <a 'java/lang/NoSuchMethodError'{0x000000008743fb08}: 'int java.lang.invoke.DirectMethodHandle$Holder.invokeStaticInit(java.lang.Object, java.lang.Object)'> (0x000000008743fb08) thrown at [./src/hotspot/share/interpreter/linkResolver.cpp, line 773]
Event: 2.721 Thread 0x0000026af0bdb000 Exception <a 'java/lang/NoSuchMethodError'{0x00000000892d0288}: 'java.lang.Object java.lang.invoke.DirectMethodHandle$Holder.invokeStatic(java.lang.Object, java.lang.Object, java.lang.Object, java.lang.Object, java.lang.Object, java.lang.Object, java.lang.Object, java.lang.Object, java.lang.Object, java.lang.Object, java.lang.Object, java.lang.Object, java.lang.Object, java.lang.Object, java.lang.Object)'> (0x00000000892d0288) thrown at [./src/hotspot/share/interpreter/linkResolver.cpp, line 773]
Event: 2.722 Thread 0x0000026af0bdb000 Exception <a 'java/lang/NoSuchMethodError'{0x00000000892de2c8}: 'java.lang.Object java.lang.invoke.DirectMethodHandle$Holder.invokeStatic(java.lang.Object, java.lang.Object, java.lang.Object, java.lang.Object, java.lang.Object, java.lang.Object, java.lang.Object, java.lang.Object, java.lang.Object, java.lang.Object, java.lang.Object, java.lang.Object, java.lang.Object, java.lang.Object, java.lang.Object, java.lang.Object)'> (0x00000000892de2c8) thrown at [./src/hotspot/share/interpreter/linkResolver.cpp, l
Event: 2.723 Thread 0x0000026af0bdb000 Exception <a 'java/lang/NoSuchMethodError'{0x00000000892ec1e0}: 'java.lang.Object java.lang.invoke.DirectMethodHandle$Holder.invokeSpecial(java.lang.Object, java.lang.Object, int, int, java.lang.Object, java.lang.Object, java.lang.Object)'> (0x00000000892ec1e0) thrown at [./src/hotspot/share/interpreter/linkResolver.cpp, line 773]
Event: 2.723 Thread 0x0000026af0bdb000 Exception <a 'java/lang/NoSuchMethodError'{0x00000000892efa18}: 'java.lang.Object java.lang.invoke.DelegatingMethodHandle$Holder.reinvoke_L(java.lang.Object, int, int, java.lang.Object, java.lang.Object, java.lang.Object)'> (0x00000000892efa18) thrown at [./src/hotspot/share/interpreter/linkResolver.cpp, line 773]
Event: 2.724 Thread 0x0000026af0bdb000 Exception <a 'java/lang/NoSuchMethodError'{0x00000000892f3da0}: 'java.lang.Object java.lang.invoke.DirectMethodHandle$Holder.invokeStatic(java.lang.Object, java.lang.Object, java.lang.Object, java.lang.Object, int)'> (0x00000000892f3da0) thrown at [./src/hotspot/share/interpreter/linkResolver.cpp, line 773]
Event: 2.771 Thread 0x0000026af0bdb000 Implicit null exception at 0x0000026a87b59e2c to 0x0000026a87b59fda
Event: 2.821 Thread 0x0000026af0bdb000 Exception <a 'java/lang/NoSuchMethodError'{0x0000000088c71f18}: 'void java.lang.invoke.DirectMethodHandle$Holder.invokeStatic(java.lang.Object, java.lang.Object, java.lang.Object, java.lang.Object)'> (0x0000000088c71f18) thrown at [./src/hotspot/share/interpreter/linkResolver.cpp, line 773]
Event: 2.859 Thread 0x0000026af0bdb000 Exception <a 'java/lang/NoSuchMethodError'{0x0000000088bc3258}: 'void java.lang.invoke.DirectMethodHandle$Holder.invokeSpecial(java.lang.Object, java.lang.Object)'> (0x0000000088bc3258) thrown at [./src/hotspot/share/interpreter/linkResolver.cpp, line 773]
Event: 2.926 Thread 0x0000026af0bdb000 Exception <a 'java/lang/NoSuchMethodError'{0x000000008886a258}: 'void java.lang.invoke.DirectMethodHandle$Holder.invokeStaticInit(java.lang.Object, java.lang.Object)'> (0x000000008886a258) thrown at [./src/hotspot/share/interpreter/linkResolver.cpp, line 773]
Event: 2.944 Thread 0x0000026af0bdb000 Exception <a 'java/lang/NoSuchMethodError'{0x00000000888a8bb8}: 'void java.lang.invoke.DirectMethodHandle$Holder.invokeInterface(java.lang.Object, java.lang.Object)'> (0x00000000888a8bb8) thrown at [./src/hotspot/share/interpreter/linkResolver.cpp, line 773]
Event: 3.132 Thread 0x0000026af0bdb000 Exception <a 'java/lang/NoSuchMethodError'{0x00000000883bed58}: 'void java.lang.invoke.DirectMethodHandle$Holder.invokeVirtual(java.lang.Object, java.lang.Object)'> (0x00000000883bed58) thrown at [./src/hotspot/share/interpreter/linkResolver.cpp, line 773]
Event: 3.143 Thread 0x0000026af0bdb000 Exception <a 'java/lang/NoSuchMethodError'{0x0000000088235988}: 'int java.lang.invoke.DirectMethodHandle$Holder.invokeVirtual(java.lang.Object, java.lang.Object)'> (0x0000000088235988) thrown at [./src/hotspot/share/interpreter/linkResolver.cpp, line 773]
Event: 3.850 Thread 0x0000026af0bdb000 Exception <a 'java/lang/NoSuchMethodError'{0x000000008920cc90}: 'java.lang.Object java.lang.invoke.DirectMethodHandle$Holder.invokeVirtual(java.lang.Object, java.lang.Object, java.lang.Object)'> (0x000000008920cc90) thrown at [./src/hotspot/share/interpreter/linkResolver.cpp, line 773]

Events (20 events):
Event: 4.120 loading class java/lang/WeakPairMap$Pair$Weak$1
Event: 4.120 loading class java/lang/WeakPairMap$Pair$Weak$1 done
Event: 4.124 loading class org/jetbrains/kotlin/container/CacheKt$getRegistrations$superClasses$1
Event: 4.124 loading class org/jetbrains/kotlin/container/CacheKt$getRegistrations$superClasses$1 done
Event: 4.125 loading class kotlin/sequences/SequencesKt__SequencesKt$generateSequence$2
Event: 4.125 loading class kotlin/sequences/SequencesKt__SequencesKt$generateSequence$2 done
Event: 4.125 loading class org/jetbrains/kotlin/container/DefaultImplementation
Event: 4.125 loading class org/jetbrains/kotlin/container/DefaultImplementation done
Event: 4.126 loading class org/jetbrains/kotlin/com/intellij/util/containers/ConcurrentWeakKeySoftValueHashMap$SoftValue
Event: 4.126 loading class org/jetbrains/kotlin/com/intellij/util/containers/ConcurrentWeakKeySoftValueHashMap$SoftValue done
Event: 4.127 loading class org/jetbrains/kotlin/com/intellij/util/containers/ConcurrentWeakKeySoftValueHashMap$WeakKey
Event: 4.127 loading class org/jetbrains/kotlin/com/intellij/util/containers/ConcurrentWeakKeySoftValueHashMap$WeakKey done
Event: 4.132 loading class org/jetbrains/kotlin/descriptors/annotations/AnnotationDescriptor
Event: 4.132 loading class org/jetbrains/kotlin/descriptors/annotations/AnnotationDescriptor done
Event: 4.132 loading class org/jetbrains/kotlin/types/model/AnnotationMarker
Event: 4.132 loading class org/jetbrains/kotlin/types/model/AnnotationMarker done
Event: 4.143 loading class org/jetbrains/kotlin/resolve/calls/model/ResolvedCall
Event: 4.143 loading class org/jetbrains/kotlin/resolve/calls/model/ResolvedCall done
Event: 4.143 loading class org/jetbrains/kotlin/resolve/calls/checkers/CallCheckerContext
Event: 4.143 loading class org/jetbrains/kotlin/resolve/calls/checkers/CallCheckerContext done


Dynamic libraries:
0x00007ff672ed0000 - 0x00007ff672eda000 	C:\Users\Dark Knight\Desktop\Android Studio\jre\bin\java.exe
0x00007ffee3570000 - 0x00007ffee3765000 	C:\WINDOWS\SYSTEM32\ntdll.dll
0x00007ffee15f0000 - 0x00007ffee16ad000 	C:\WINDOWS\System32\KERNEL32.DLL
0x00007ffee12d0000 - 0x00007ffee1599000 	C:\WINDOWS\System32\KERNELBASE.dll
0x00007ffee0cd0000 - 0x00007ffee0dd0000 	C:\WINDOWS\System32\ucrtbase.dll
0x00007ffed78b0000 - 0x00007ffed78c9000 	C:\Users\Dark Knight\Desktop\Android Studio\jre\bin\jli.dll
0x00007ffecdb10000 - 0x00007ffecdb27000 	C:\Users\Dark Knight\Desktop\Android Studio\jre\bin\VCRUNTIME140.dll
0x00007ffee1f30000 - 0x00007ffee20d0000 	C:\WINDOWS\System32\USER32.dll
0x00007ffee0ca0000 - 0x00007ffee0cc2000 	C:\WINDOWS\System32\win32u.dll
0x00007ffee20d0000 - 0x00007ffee20fa000 	C:\WINDOWS\System32\GDI32.dll
0x00007ffecb000000 - 0x00007ffecb29a000 	C:\WINDOWS\WinSxS\amd64_microsoft.windows.common-controls_6595b64144ccf1df_6.0.19041.1110_none_60b5254171f9507e\COMCTL32.dll
0x00007ffee11c0000 - 0x00007ffee12cb000 	C:\WINDOWS\System32\gdi32full.dll
0x00007ffee32b0000 - 0x00007ffee334e000 	C:\WINDOWS\System32\msvcrt.dll
0x00007ffee0dd0000 - 0x00007ffee0e6d000 	C:\WINDOWS\System32\msvcp_win.dll
0x00007ffee23d0000 - 0x00007ffee2400000 	C:\WINDOWS\System32\IMM32.DLL
0x00007ffec27f0000 - 0x00007ffec288d000 	C:\Users\Dark Knight\Desktop\Android Studio\jre\bin\msvcp140.dll
0x00007ffe838e0000 - 0x00007ffe8439c000 	C:\Users\Dark Knight\Desktop\Android Studio\jre\bin\server\jvm.dll
0x00007ffee1780000 - 0x00007ffee182c000 	C:\WINDOWS\System32\ADVAPI32.dll
0x00007ffee1830000 - 0x00007ffee18cb000 	C:\WINDOWS\System32\sechost.dll
0x00007ffee3350000 - 0x00007ffee347a000 	C:\WINDOWS\System32\RPCRT4.dll
0x00007ffee2d90000 - 0x00007ffee2d98000 	C:\WINDOWS\System32\PSAPI.DLL
0x00007ffec6fa0000 - 0x00007ffec6fa9000 	C:\WINDOWS\SYSTEM32\WSOCK32.dll
0x00007ffecb2b0000 - 0x00007ffecb2d7000 	C:\WINDOWS\SYSTEM32\WINMM.dll
0x00007ffed7fc0000 - 0x00007ffed7fca000 	C:\WINDOWS\SYSTEM32\VERSION.dll
0x00007ffee2360000 - 0x00007ffee23cb000 	C:\WINDOWS\System32\WS2_32.dll
0x00007ffedf530000 - 0x00007ffedf542000 	C:\WINDOWS\SYSTEM32\kernel.appcore.dll
0x00007ffed7ab0000 - 0x00007ffed7ac1000 	C:\Users\Dark Knight\Desktop\Android Studio\jre\bin\verify.dll
0x00007ffedeab0000 - 0x00007ffedec94000 	C:\WINDOWS\SYSTEM32\DBGHELP.DLL
0x00007ffec9830000 - 0x00007ffec985c000 	C:\WINDOWS\SYSTEM32\dbgcore.DLL
0x00007ffee0f70000 - 0x00007ffee0ff3000 	C:\WINDOWS\System32\bcryptPrimitives.dll
0x00007ffed1070000 - 0x00007ffed1099000 	C:\Users\Dark Knight\Desktop\Android Studio\jre\bin\java.dll
0x00007ffedc080000 - 0x00007ffedc08b000 	C:\Users\Dark Knight\Desktop\Android Studio\jre\bin\jimage.dll
0x00007ffed0f30000 - 0x00007ffed0f48000 	C:\Users\Dark Knight\Desktop\Android Studio\jre\bin\zip.dll
0x00007ffee25f0000 - 0x00007ffee2d2f000 	C:\WINDOWS\System32\SHELL32.dll
0x00007ffeded90000 - 0x00007ffedf520000 	C:\WINDOWS\SYSTEM32\windows.storage.dll
0x00007ffee2da0000 - 0x00007ffee30f5000 	C:\WINDOWS\System32\combase.dll
0x00007ffee0700000 - 0x00007ffee072c000 	C:\WINDOWS\SYSTEM32\Wldp.dll
0x00007ffee1e80000 - 0x00007ffee1f2e000 	C:\WINDOWS\System32\SHCORE.dll
0x00007ffee2400000 - 0x00007ffee2455000 	C:\WINDOWS\System32\shlwapi.dll
0x00007ffee0be0000 - 0x00007ffee0bff000 	C:\WINDOWS\SYSTEM32\profapi.dll
0x00007ffed0b80000 - 0x00007ffed0b9a000 	C:\Users\Dark Knight\Desktop\Android Studio\jre\bin\net.dll
0x00007ffed5b40000 - 0x00007ffed5c48000 	C:\WINDOWS\SYSTEM32\WINHTTP.dll
0x00007ffee0460000 - 0x00007ffee04ca000 	C:\WINDOWS\system32\mswsock.dll
0x00007ffed0b60000 - 0x00007ffed0b74000 	C:\Users\Dark Knight\Desktop\Android Studio\jre\bin\nio.dll

dbghelp: loaded successfully - version: 4.0.5 - missing functions: none
symbol engine: initialized successfully - sym options: 0x614 - pdb path: .;C:\Users\Dark Knight\Desktop\Android Studio\jre\bin;C:\WINDOWS\SYSTEM32;C:\WINDOWS\WinSxS\amd64_microsoft.windows.common-controls_6595b64144ccf1df_6.0.19041.1110_none_60b5254171f9507e;C:\Users\Dark Knight\Desktop\Android Studio\jre\bin\server

VM Arguments:
java_command: org.jetbrains.kotlin.cli.jvm.K2JVMCompiler @C:\Android Projects\Udemy TUTORIAL\7MinuteWorkout2\app\build\20210831_1800462403032120887.compiler.options
java_class_path (initial): C:\Users\Dark Knight\.gradle\caches\modules-2\files-2.1\org.jetbrains.kotlin\kotlin-compiler-embeddable\1.5.21\40ddbcae9ff100473f95370c2d589ba3fc48eed5\kotlin-compiler-embeddable-1.5.21.jar;C:\Users\Dark Knight\.gradle\caches\modules-2\files-2.1\org.jetbrains.kotlin\kotlin-reflect\1.5.21\802f1f39735ae1eb2b75714a40fa19bb2e687e96\kotlin-reflect-1.5.21.jar;C:\Users\Dark Knight\.gradle\caches\modules-2\files-2.1\org.jetbrains.kotlin\kotlin-stdlib\1.5.21\2f537cad7e9eeb9da73738c8812e1e4cf9b62e4e\kotlin-stdlib-1.5.21.jar;C:\Users\Dark Knight\.gradle\caches\modules-2\files-2.1\org.jetbrains.kotlin\kotlin-script-runtime\1.5.21\96d49e89873fde985750af354b6eabb60cfa999b\kotlin-script-runtime-1.5.21.jar;C:\Users\Dark Knight\.gradle\caches\modules-2\files-2.1\org.jetbrains.kotlin\kotlin-daemon-embeddable\1.5.21\17255809e66a940dfdf6289bccbdfb5a09f3145\kotlin-daemon-embeddable-1.5.21.jar;C:\Users\Dark Knight\.gradle\caches\modules-2\files-2.1\org.jetbrains.intellij.deps\trove4j\1.0.20181211\216c2e14b070f334479d800987affe4054cd563f\trove4j-1.0.20181211.jar;C:\Users\Dark Knight\.gradle\caches\modules-2\files-2.1\org.jetbrains\annotations\13.0\919f0dfe192fb4e063e7dacadee7f8bb9a2672a9\annotations-13.0.jar;C:\Users\Dark Knight\.gradle\caches\modules-2\files-2.1\org.jetbrains.kotlin\kotlin-stdlib-common\1.5.21\cc8bf3586fd2ebcf234058b9440bb406e62dfacb\kotlin-stdlib-common-1.5.21.jar
Launcher Type: SUN_STANDARD

[Global flags]
     intx CICompilerCount                          = 4                                         {product} {ergonomic}
     uint ConcGCThreads                            = 2                                         {product} {ergonomic}
     uint G1ConcRefinementThreads                  = 8                                         {product} {ergonomic}
   size_t G1HeapRegionSize                         = 1048576                                   {product} {ergonomic}
    uintx GCDrainStackTargetSize                   = 64                                        {product} {ergonomic}
   size_t InitialHeapSize                          = 134217728                                 {product} {ergonomic}
   size_t MarkStackSize                            = 4194304                                   {product} {ergonomic}
   size_t MaxHeapSize                              = 2118123520                                {product} {ergonomic}
   size_t MaxNewSize                               = 1270874112                                {product} {ergonomic}
   size_t MinHeapDeltaBytes                        = 1048576                                   {product} {ergonomic}
    uintx NonNMethodCodeHeapSize                   = 5836300                                {pd product} {ergonomic}
    uintx NonProfiledCodeHeapSize                  = 122910970                              {pd product} {ergonomic}
    uintx ProfiledCodeHeapSize                     = 122910970                              {pd product} {ergonomic}
    uintx ReservedCodeCacheSize                    = 251658240                              {pd product} {ergonomic}
     bool SegmentedCodeCache                       = true                                      {product} {ergonomic}
     bool UseCompressedClassPointers               = true                                 {lp64_product} {ergonomic}
     bool UseCompressedOops                        = true                                 {lp64_product} {ergonomic}
     bool UseG1GC                                  = true                                      {product} {ergonomic}
     bool UseLargePagesIndividualAllocation        = false                                  {pd product} {ergonomic}

Logging:
Log output configuration:
 #0: stdout all=warning uptime,level,tags
 #1: stderr all=off uptime,level,tags

Environment Variables:
PATH=C:\Windows\system32;C:\Windows;C:\Windows\System32\Wbem;C:\Windows\System32\WindowsPowerShell\v1.0\;C:\Windows\System32\OpenSSH\;C:\Program Files (x86)\NVIDIA Corporation\PhysX\Common;C:\Program Files\NVIDIA Corporation\NVIDIA NvDLISR;C:\WINDOWS\system32;C:\WINDOWS;C:\WINDOWS\System32\Wbem;C:\WINDOWS\System32\WindowsPowerShell\v1.0\;C:\WINDOWS\System32\OpenSSH\;C:\MinGW\bin;C:\Program Files\MEGA-X;C:\WINDOWS\system32;C:\WINDOWS;C:\WINDOWS\System32\Wbem;C:\WINDOWS\System32\WindowsPowerShell\v1.0\;C:\WINDOWS\System32\OpenSSH\;C:\Program Files\Git\cmd;C:\Users\Dark Knight\AppData\Local\Microsoft\WindowsApps;C:\Users\Dark Knight\AppData\Local\atom\bin;C:\MinGW\bin;C:\Program Files (x86)\Microsoft Visual Studio\2019\BuildTools\MSBuild\Current\Bin;C:\Users\Dark Knight\AppData\Local\Microsoft\WindowsApps
USERNAME=Dark Knight
OS=Windows_NT
PROCESSOR_IDENTIFIER=Intel64 Family 6 Model 158 Stepping 10, GenuineIntel



---------------  S Y S T E M  ---------------

OS: Windows 10 , 64 bit Build 19041 (10.0.19041.1151)
OS uptime: 17 days 21:49 hours

CPU:total 8 (initial active 8) (4 cores per cpu, 2 threads per core) family 6 model 158 stepping 10, cmov, cx8, fxsr, mmx, sse, sse2, sse3, ssse3, sse4.1, sse4.2, popcnt, avx, avx2, aes, clmul, erms, 3dnowpref, lzcnt, ht, tsc, tscinvbit, bmi1, bmi2, adx, fma

Memory: 4k page, system-wide physical 8072M (758M free)
TotalPageFile size 12168M (AvailPageFile size 0M)
current process WorkingSet (physical memory assigned to process): 206M, peak: 209M
current process commit charge ("private bytes"): 290M, peak: 294M

vm_info: OpenJDK 64-Bit Server VM (11.0.8+10-b944.6842174) for windows-amd64 JRE (11.0.8+10-b944.6842174), built on Sep 19 2020 01:11:42 by "builder" with MS VC++ 14.0 (VS2015)

END.
