#
# There is insufficient memory for the Java Runtime Environment to continue.
# Native memory allocation (malloc) failed to allocate 1570736 bytes for Chunk::new
# Possible reasons:
#   The system is out of physical RAM or swap space
#   The process is running with CompressedOops enabled, and the Java Heap may be blocking the growth of the native heap
# Possible solutions:
#   Reduce memory load on the system
#   Increase physical memory or swap space
#   Check if swap backing store is full
#   Decrease Java heap size (-Xmx/-Xms)
#   Decrease number of Java threads
#   Decrease Java thread stack sizes (-Xss)
#   Set larger code cache with -XX:ReservedCodeCacheSize=
#   JVM is running with Unscaled Compressed Oops mode in which the Java heap is
#     placed in the first 4GB address space. The Java Heap base address is the
#     maximum limit for the native heap growth. Please use -XX:HeapBaseMinAddress
#     to set the Java Heap base and to place the Java Heap above 4GB virtual address.
# This output file may be truncated or incomplete.
#
#  Out of Memory Error (./src/hotspot/share/memory/arena.cpp:197), pid=39568, tid=49688
#
# JRE version: OpenJDK Runtime Environment (11.0.8+10) (build 11.0.8+10-b944.6842174)
# Java VM: OpenJDK 64-Bit Server VM (11.0.8+10-b944.6842174, mixed mode, tiered, compressed oops, g1 gc, windows-amd64)
# No core dump will be written. Minidumps are not enabled by default on client versions of Windows
#

---------------  S U M M A R Y ------------

Command Line: --add-opens=java.base/java.util=ALL-UNNAMED --add-opens=java.base/java.lang=ALL-UNNAMED --add-opens=java.base/java.lang.invoke=ALL-UNNAMED --add-opens=java.base/java.util=ALL-UNNAMED --add-opens=java.prefs/java.util.prefs=ALL-UNNAMED --add-opens=java.prefs/java.util.prefs=ALL-UNNAMED --add-opens=java.base/java.nio.charset=ALL-UNNAMED --add-opens=java.base/java.net=ALL-UNNAMED --add-opens=java.base/java.util.concurrent.atomic=ALL-UNNAMED -Xmx2048m -Dfile.encoding=UTF-8 -Duser.country=IN -Duser.language=en -Duser.variant org.gradle.launcher.daemon.bootstrap.GradleDaemon 7.0.2

Host: Intel(R) Core(TM) i5-9300H CPU @ 2.40GHz, 8 cores, 7G,  Windows 10 , 64 bit Build 19041 (10.0.19041.1151)
Time: Mon Aug 30 21:27:36 2021 India Standard Time elapsed time: 5 seconds (0d 0h 0m 5s)

---------------  T H R E A D  ---------------

Current thread (0x0000023015dc6800):  JavaThread "C2 CompilerThread1" daemon [_thread_in_native, id=49688, stack(0x0000005628a00000,0x0000005628b00000)]


Current CompileTask:
C2:   5932 2223   !   4       java.net.URLClassLoader$1::run (63 bytes)

Stack: [0x0000005628a00000,0x0000005628b00000]
Native frames: (J=compiled Java code, j=interpreted, Vv=VM code, C=native code)
V  [jvm.dll+0x5de50a]
V  [jvm.dll+0x7122f5]
V  [jvm.dll+0x71384d]
V  [jvm.dll+0x713f03]
V  [jvm.dll+0x23e728]
V  [jvm.dll+0xb899c]
V  [jvm.dll+0xb8e9c]
V  [jvm.dll+0x35024d]
V  [jvm.dll+0x193ebc]
V  [jvm.dll+0x1f780e]
V  [jvm.dll+0x1f68d4]
V  [jvm.dll+0x17f32c]
V  [jvm.dll+0x205047]
V  [jvm.dll+0x203891]
V  [jvm.dll+0x6dad3f]
V  [jvm.dll+0x6d3895]
V  [jvm.dll+0x5dd4a6]
C  [ucrtbase.dll+0x21bb2]
C  [KERNEL32.DLL+0x17034]
C  [ntdll.dll+0x52651]


---------------  P R O C E S S  ---------------

Threads class SMR info:
_java_thread_list=0x0000023016516740, length=31, elements={
0x0000023078bd3800, 0x000002307fec7800, 0x000002307fed1000, 0x0000023013847800,
0x0000023013849000, 0x000002301384a000, 0x000002301384e000, 0x0000023013850000,
0x00000230139ae800, 0x00000230139da800, 0x00000230159ae800, 0x0000023013d5f800,
0x00000230158b1800, 0x00000230158b2800, 0x000002301535a800, 0x0000023015324800,
0x000002301659d000, 0x00000230158b0000, 0x0000023015aef800, 0x00000230160b6000,
0x0000023014ea0000, 0x0000023014ea1000, 0x0000023014ea5000, 0x0000023015dc6800,
0x0000023014e9f000, 0x0000023014ea1800, 0x0000023014ea4000, 0x0000023014ea5800,
0x0000023014ea2800, 0x0000023014ea3800, 0x0000023016ddc000
}

Java Threads: ( => current thread )
  0x0000023078bd3800 JavaThread "main" [_thread_blocked, id=42324, stack(0x0000005626400000,0x0000005626500000)]
  0x000002307fec7800 JavaThread "Reference Handler" daemon [_thread_blocked, id=48584, stack(0x0000005626b00000,0x0000005626c00000)]
  0x000002307fed1000 JavaThread "Finalizer" daemon [_thread_blocked, id=40276, stack(0x0000005626c00000,0x0000005626d00000)]
  0x0000023013847800 JavaThread "Signal Dispatcher" daemon [_thread_blocked, id=25064, stack(0x0000005626d00000,0x0000005626e00000)]
  0x0000023013849000 JavaThread "Attach Listener" daemon [_thread_blocked, id=49084, stack(0x0000005626e00000,0x0000005626f00000)]
  0x000002301384a000 JavaThread "C2 CompilerThread0" daemon [_thread_in_native, id=26900, stack(0x0000005626f00000,0x0000005627000000)]
  0x000002301384e000 JavaThread "C1 CompilerThread0" daemon [_thread_in_native, id=46108, stack(0x0000005627000000,0x0000005627100000)]
  0x0000023013850000 JavaThread "Sweeper thread" daemon [_thread_blocked, id=42196, stack(0x0000005627100000,0x0000005627200000)]
  0x00000230139ae800 JavaThread "Common-Cleaner" daemon [_thread_blocked, id=46992, stack(0x0000005627200000,0x0000005627300000)]
  0x00000230139da800 JavaThread "Service Thread" daemon [_thread_blocked, id=3728, stack(0x0000005627300000,0x0000005627400000)]
  0x00000230159ae800 JavaThread "Daemon health stats" [_thread_blocked, id=43932, stack(0x0000005627900000,0x0000005627a00000)]
  0x0000023013d5f800 JavaThread "Incoming local TCP Connector on port 64264" [_thread_in_native, id=39616, stack(0x0000005627500000,0x0000005627600000)]
  0x00000230158b1800 JavaThread "Daemon periodic checks" [_thread_blocked, id=28488, stack(0x0000005627600000,0x0000005627700000)]
  0x00000230158b2800 JavaThread "Daemon" [_thread_blocked, id=9632, stack(0x0000005627a00000,0x0000005627b00000)]
  0x000002301535a800 JavaThread "Handler for socket connection from /127.0.0.1:64264 to /127.0.0.1:64265" [_thread_in_native, id=23400, stack(0x0000005627b00000,0x0000005627c00000)]
  0x0000023015324800 JavaThread "Cancel handler" [_thread_blocked, id=30728, stack(0x0000005627c00000,0x0000005627d00000)]
  0x000002301659d000 JavaThread "Daemon worker" [_thread_blocked, id=38604, stack(0x0000005627d00000,0x0000005627e00000)]
  0x00000230158b0000 JavaThread "Asynchronous log dispatcher for DefaultDaemonConnection: socket connection from /127.0.0.1:64264 to /127.0.0.1:64265" [_thread_blocked, id=42284, stack(0x0000005627e00000,0x0000005627f00000)]
  0x0000023015aef800 JavaThread "Stdin handler" [_thread_blocked, id=49784, stack(0x0000005627f00000,0x0000005628000000)]
  0x00000230160b6000 JavaThread "Daemon client event forwarder" [_thread_blocked, id=25768, stack(0x0000005628000000,0x0000005628100000)]
  0x0000023014ea0000 JavaThread "Cache worker for file hash cache (C:\Users\Dark Knight\.gradle\caches\7.0.2\fileHashes)" [_thread_blocked, id=39812, stack(0x0000005628600000,0x0000005628700000)]
  0x0000023014ea1000 JavaThread "File lock request listener" [_thread_in_native, id=2752, stack(0x0000005628700000,0x0000005628800000)]
  0x0000023014ea5000 JavaThread "Cache worker for journal cache (C:\Users\Dark Knight\.gradle\caches\journal-1)" [_thread_blocked, id=7440, stack(0x0000005628900000,0x0000005628a00000)]
=>0x0000023015dc6800 JavaThread "C2 CompilerThread1" daemon [_thread_in_native, id=49688, stack(0x0000005628a00000,0x0000005628b00000)]
  0x0000023014e9f000 JavaThread "Cache worker for file hash cache (C:\Android Projects\Udemy TUTORIAL\7MinuteWorkout2\.gradle\7.0.2\fileHashes)" [_thread_blocked, id=50048, stack(0x0000005628b00000,0x0000005628c00000)]
  0x0000023014ea1800 JavaThread "File watcher server" daemon [_thread_in_native, id=20652, stack(0x0000005628c00000,0x0000005628d00000)]
  0x0000023014ea4000 JavaThread "File watcher consumer" daemon [_thread_blocked, id=43456, stack(0x0000005628d00000,0x0000005628e00000)]
  0x0000023014ea5800 JavaThread "Cache worker for checksums cache (C:\Android Projects\Udemy TUTORIAL\7MinuteWorkout2\.gradle\checksums)" [_thread_blocked, id=42232, stack(0x0000005628e00000,0x0000005628f00000)]
  0x0000023014ea2800 JavaThread "Cache worker for cache directory md-supplier (C:\Users\Dark Knight\.gradle\caches\7.0.2\md-supplier)" [_thread_blocked, id=47612, stack(0x0000005628f00000,0x0000005629000000)]
  0x0000023014ea3800 JavaThread "Cache worker for cache directory md-rule (C:\Users\Dark Knight\.gradle\caches\7.0.2\md-rule)" [_thread_blocked, id=40180, stack(0x0000005629000000,0x0000005629100000)]
  0x0000023016ddc000 JavaThread "C2 CompilerThread2" daemon [_thread_in_native, id=49940, stack(0x0000005629100000,0x0000005629200000)]

Other Threads:
  0x000002307fec4000 VMThread "VM Thread" [stack: 0x0000005626a00000,0x0000005626b00000] [id=10664]
  0x00000230139dc800 WatcherThread [stack: 0x0000005627400000,0x0000005627500000] [id=47392]
  0x0000023078be8000 GCTaskThread "GC Thread#0" [stack: 0x0000005626500000,0x0000005626600000] [id=47868]
  0x0000023013e34000 GCTaskThread "GC Thread#1" [stack: 0x0000005627700000,0x0000005627800000] [id=48396]
  0x0000023013dc5800 GCTaskThread "GC Thread#2" [stack: 0x0000005627800000,0x0000005627900000] [id=48224]
  0x0000023015784800 GCTaskThread "GC Thread#3" [stack: 0x0000005628100000,0x0000005628200000] [id=47956]
  0x0000023015f52000 GCTaskThread "GC Thread#4" [stack: 0x0000005628200000,0x0000005628300000] [id=42620]
  0x0000023015f55800 GCTaskThread "GC Thread#5" [stack: 0x0000005628300000,0x0000005628400000] [id=44988]
  0x0000023015f56000 GCTaskThread "GC Thread#6" [stack: 0x0000005628400000,0x0000005628500000] [id=18644]
  0x0000023015f56800 GCTaskThread "GC Thread#7" [stack: 0x0000005628500000,0x0000005628600000] [id=43760]
  0x0000023078c18000 ConcurrentGCThread "G1 Main Marker" [stack: 0x0000005626600000,0x0000005626700000] [id=42376]
  0x0000023078c19800 ConcurrentGCThread "G1 Conc#0" [stack: 0x0000005626700000,0x0000005626800000] [id=39912]
  0x0000023014e54800 ConcurrentGCThread "G1 Conc#1" [stack: 0x0000005628800000,0x0000005628900000] [id=13592]
  0x000002307fd10800 ConcurrentGCThread "G1 Refine#0" [stack: 0x0000005626800000,0x0000005626900000] [id=49748]
  0x000002307fd11800 ConcurrentGCThread "G1 Young RemSet Sampling" [stack: 0x0000005626900000,0x0000005626a00000] [id=47028]

Threads with active compile tasks:
C2 CompilerThread0   5972 2453       4       java.lang.ThreadLocal::getMap (5 bytes)
C1 CompilerThread0   5972 2452       3       org.objectweb.asm.MethodWriter::computeMethodInfoSize (571 bytes)
C2 CompilerThread1   5972 2223   !   4       java.net.URLClassLoader$1::run (63 bytes)
C2 CompilerThread2   5972 2444       4       java.lang.reflect.ProxyGenerator$ConstantPool::getIndirect (63 bytes)

VM state:not at safepoint (normal execution)

VM Mutex/Monitor currently owned by a thread: None

Heap address: 0x0000000080000000, size: 2048 MB, Compressed Oops mode: 32-bit
Narrow klass base: 0x0000000000000000, Narrow klass shift: 3
Compressed class space size: 1073741824 Address: 0x0000000100000000

Heap:
 garbage-first heap   total 131072K, used 32008K [0x0000000080000000, 0x0000000100000000)
  region size 1024K, 17 young (17408K), 3 survivors (3072K)
 Metaspace       used 28101K, capacity 28846K, committed 29184K, reserved 1075200K
  class space    used 3731K, capacity 3998K, committed 4096K, reserved 1048576K
Heap Regions: E=young(eden), S=young(survivor), O=old, HS=humongous(starts), HC=humongous(continues), CS=collection set, F=free, A=archive, TAMS=top-at-mark-start (previous, next)
|   0|0x0000000080000000, 0x0000000080100000, 0x0000000080100000|100%| O|  |TAMS 0x0000000080100000, 0x0000000080000000| Untracked 
|   1|0x0000000080100000, 0x0000000080200000, 0x0000000080200000|100%| O|  |TAMS 0x0000000080200000, 0x0000000080100000| Untracked 
|   2|0x0000000080200000, 0x0000000080300000, 0x0000000080300000|100%| O|  |TAMS 0x0000000080300000, 0x0000000080200000| Untracked 
|   3|0x0000000080300000, 0x0000000080400000, 0x0000000080400000|100%|HS|  |TAMS 0x0000000080400000, 0x0000000080300000| Complete 
|   4|0x0000000080400000, 0x0000000080500000, 0x0000000080500000|100%|HC|  |TAMS 0x0000000080500000, 0x0000000080400000| Complete 
|   5|0x0000000080500000, 0x0000000080600000, 0x0000000080600000|100%|HC|  |TAMS 0x0000000080600000, 0x0000000080500000| Complete 
|   6|0x0000000080600000, 0x0000000080700000, 0x0000000080700000|100%| O|  |TAMS 0x0000000080700000, 0x0000000080600000| Untracked 
|   7|0x0000000080700000, 0x0000000080800000, 0x0000000080800000|100%| O|  |TAMS 0x0000000080800000, 0x0000000080700000| Untracked 
|   8|0x0000000080800000, 0x0000000080900000, 0x0000000080900000|100%| O|  |TAMS 0x0000000080900000, 0x0000000080800000| Untracked 
|   9|0x0000000080900000, 0x0000000080a00000, 0x0000000080a00000|100%| O|  |TAMS 0x0000000080a00000, 0x0000000080900000| Untracked 
|  10|0x0000000080a00000, 0x0000000080b00000, 0x0000000080b00000|100%| O|  |TAMS 0x0000000080b00000, 0x0000000080a00000| Untracked 
|  11|0x0000000080b00000, 0x0000000080c00000, 0x0000000080c00000|100%| O|  |TAMS 0x0000000080c00000, 0x0000000080b00000| Untracked 
|  12|0x0000000080c00000, 0x0000000080d00000, 0x0000000080d00000|100%| O|  |TAMS 0x0000000080d00000, 0x0000000080c00000| Untracked 
|  13|0x0000000080d00000, 0x0000000080e00000, 0x0000000080e00000|100%| O|  |TAMS 0x0000000080e00000, 0x0000000080d00000| Untracked 
|  14|0x0000000080e00000, 0x0000000080f00000, 0x0000000080f00000|100%| O|  |TAMS 0x0000000080f00000, 0x0000000080e00000| Untracked 
|  15|0x0000000080f00000, 0x0000000080f6a400, 0x0000000081000000| 41%| O|  |TAMS 0x0000000080f6a400, 0x0000000080f00000| Untracked 
|  16|0x0000000081000000, 0x0000000081000000, 0x0000000081100000|  0%| F|  |TAMS 0x0000000081000000, 0x0000000081000000| Untracked 
|  17|0x0000000081100000, 0x0000000081100000, 0x0000000081200000|  0%| F|  |TAMS 0x0000000081100000, 0x0000000081100000| Untracked 
|  18|0x0000000081200000, 0x0000000081200000, 0x0000000081300000|  0%| F|  |TAMS 0x0000000081200000, 0x0000000081200000| Untracked 
|  19|0x0000000081300000, 0x0000000081300000, 0x0000000081400000|  0%| F|  |TAMS 0x0000000081300000, 0x0000000081300000| Untracked 
|  20|0x0000000081400000, 0x0000000081400000, 0x0000000081500000|  0%| F|  |TAMS 0x0000000081400000, 0x0000000081400000| Untracked 
|  21|0x0000000081500000, 0x0000000081500000, 0x0000000081600000|  0%| F|  |TAMS 0x0000000081500000, 0x0000000081500000| Untracked 
|  22|0x0000000081600000, 0x0000000081600000, 0x0000000081700000|  0%| F|  |TAMS 0x0000000081600000, 0x0000000081600000| Untracked 
|  23|0x0000000081700000, 0x0000000081700000, 0x0000000081800000|  0%| F|  |TAMS 0x0000000081700000, 0x0000000081700000| Untracked 
|  24|0x0000000081800000, 0x0000000081800000, 0x0000000081900000|  0%| F|  |TAMS 0x0000000081800000, 0x0000000081800000| Untracked 
|  25|0x0000000081900000, 0x0000000081900000, 0x0000000081a00000|  0%| F|  |TAMS 0x0000000081900000, 0x0000000081900000| Untracked 
|  26|0x0000000081a00000, 0x0000000081a00000, 0x0000000081b00000|  0%| F|  |TAMS 0x0000000081a00000, 0x0000000081a00000| Untracked 
|  27|0x0000000081b00000, 0x0000000081b00000, 0x0000000081c00000|  0%| F|  |TAMS 0x0000000081b00000, 0x0000000081b00000| Untracked 
|  28|0x0000000081c00000, 0x0000000081c00000, 0x0000000081d00000|  0%| F|  |TAMS 0x0000000081c00000, 0x0000000081c00000| Untracked 
|  29|0x0000000081d00000, 0x0000000081d00000, 0x0000000081e00000|  0%| F|  |TAMS 0x0000000081d00000, 0x0000000081d00000| Untracked 
|  30|0x0000000081e00000, 0x0000000081e00000, 0x0000000081f00000|  0%| F|  |TAMS 0x0000000081e00000, 0x0000000081e00000| Untracked 
|  31|0x0000000081f00000, 0x0000000081f00000, 0x0000000082000000|  0%| F|  |TAMS 0x0000000081f00000, 0x0000000081f00000| Untracked 
|  32|0x0000000082000000, 0x0000000082000000, 0x0000000082100000|  0%| F|  |TAMS 0x0000000082000000, 0x0000000082000000| Untracked 
|  33|0x0000000082100000, 0x0000000082100000, 0x0000000082200000|  0%| F|  |TAMS 0x0000000082100000, 0x0000000082100000| Untracked 
|  34|0x0000000082200000, 0x0000000082200000, 0x0000000082300000|  0%| F|  |TAMS 0x0000000082200000, 0x0000000082200000| Untracked 
|  35|0x0000000082300000, 0x0000000082300000, 0x0000000082400000|  0%| F|  |TAMS 0x0000000082300000, 0x0000000082300000| Untracked 
|  36|0x0000000082400000, 0x0000000082400000, 0x0000000082500000|  0%| F|  |TAMS 0x0000000082400000, 0x0000000082400000| Untracked 
|  37|0x0000000082500000, 0x0000000082500000, 0x0000000082600000|  0%| F|  |TAMS 0x0000000082500000, 0x0000000082500000| Untracked 
|  38|0x0000000082600000, 0x0000000082600000, 0x0000000082700000|  0%| F|  |TAMS 0x0000000082600000, 0x0000000082600000| Untracked 
|  39|0x0000000082700000, 0x0000000082700000, 0x0000000082800000|  0%| F|  |TAMS 0x0000000082700000, 0x0000000082700000| Untracked 
|  40|0x0000000082800000, 0x0000000082800000, 0x0000000082900000|  0%| F|  |TAMS 0x0000000082800000, 0x0000000082800000| Untracked 
|  41|0x0000000082900000, 0x0000000082900000, 0x0000000082a00000|  0%| F|  |TAMS 0x0000000082900000, 0x0000000082900000| Untracked 
|  42|0x0000000082a00000, 0x0000000082a00000, 0x0000000082b00000|  0%| F|  |TAMS 0x0000000082a00000, 0x0000000082a00000| Untracked 
|  43|0x0000000082b00000, 0x0000000082b00000, 0x0000000082c00000|  0%| F|  |TAMS 0x0000000082b00000, 0x0000000082b00000| Untracked 
|  44|0x0000000082c00000, 0x0000000082c00000, 0x0000000082d00000|  0%| F|  |TAMS 0x0000000082c00000, 0x0000000082c00000| Untracked 
|  45|0x0000000082d00000, 0x0000000082d00000, 0x0000000082e00000|  0%| F|  |TAMS 0x0000000082d00000, 0x0000000082d00000| Untracked 
|  46|0x0000000082e00000, 0x0000000082e00000, 0x0000000082f00000|  0%| F|  |TAMS 0x0000000082e00000, 0x0000000082e00000| Untracked 
|  47|0x0000000082f00000, 0x0000000082f00000, 0x0000000083000000|  0%| F|  |TAMS 0x0000000082f00000, 0x0000000082f00000| Untracked 
|  48|0x0000000083000000, 0x0000000083000000, 0x0000000083100000|  0%| F|  |TAMS 0x0000000083000000, 0x0000000083000000| Untracked 
|  49|0x0000000083100000, 0x0000000083100000, 0x0000000083200000|  0%| F|  |TAMS 0x0000000083100000, 0x0000000083100000| Untracked 
|  50|0x0000000083200000, 0x0000000083200000, 0x0000000083300000|  0%| F|  |TAMS 0x0000000083200000, 0x0000000083200000| Untracked 
|  51|0x0000000083300000, 0x0000000083300000, 0x0000000083400000|  0%| F|  |TAMS 0x0000000083300000, 0x0000000083300000| Untracked 
|  52|0x0000000083400000, 0x0000000083400000, 0x0000000083500000|  0%| F|  |TAMS 0x0000000083400000, 0x0000000083400000| Untracked 
|  53|0x0000000083500000, 0x0000000083500000, 0x0000000083600000|  0%| F|  |TAMS 0x0000000083500000, 0x0000000083500000| Untracked 
|  54|0x0000000083600000, 0x0000000083600000, 0x0000000083700000|  0%| F|  |TAMS 0x0000000083600000, 0x0000000083600000| Untracked 
|  55|0x0000000083700000, 0x0000000083700000, 0x0000000083800000|  0%| F|  |TAMS 0x0000000083700000, 0x0000000083700000| Untracked 
|  56|0x0000000083800000, 0x0000000083800000, 0x0000000083900000|  0%| F|  |TAMS 0x0000000083800000, 0x0000000083800000| Untracked 
|  57|0x0000000083900000, 0x0000000083900000, 0x0000000083a00000|  0%| F|  |TAMS 0x0000000083900000, 0x0000000083900000| Untracked 
|  58|0x0000000083a00000, 0x0000000083a00000, 0x0000000083b00000|  0%| F|  |TAMS 0x0000000083a00000, 0x0000000083a00000| Untracked 
|  59|0x0000000083b00000, 0x0000000083bd7d20, 0x0000000083c00000| 84%| S|CS|TAMS 0x0000000083b00000, 0x0000000083b00000| Complete 
|  60|0x0000000083c00000, 0x0000000083d00000, 0x0000000083d00000|100%| S|CS|TAMS 0x0000000083c00000, 0x0000000083c00000| Complete 
|  61|0x0000000083d00000, 0x0000000083e00000, 0x0000000083e00000|100%| S|CS|TAMS 0x0000000083d00000, 0x0000000083d00000| Complete 
|  62|0x0000000083e00000, 0x0000000083e00000, 0x0000000083f00000|  0%| F|  |TAMS 0x0000000083e00000, 0x0000000083e00000| Untracked 
|  63|0x0000000083f00000, 0x0000000083f00000, 0x0000000084000000|  0%| F|  |TAMS 0x0000000083f00000, 0x0000000083f00000| Untracked 
|  64|0x0000000084000000, 0x0000000084000000, 0x0000000084100000|  0%| F|  |TAMS 0x0000000084000000, 0x0000000084000000| Untracked 
|  65|0x0000000084100000, 0x0000000084100000, 0x0000000084200000|  0%| F|  |TAMS 0x0000000084100000, 0x0000000084100000| Untracked 
|  66|0x0000000084200000, 0x0000000084200000, 0x0000000084300000|  0%| F|  |TAMS 0x0000000084200000, 0x0000000084200000| Untracked 
|  67|0x0000000084300000, 0x0000000084300000, 0x0000000084400000|  0%| F|  |TAMS 0x0000000084300000, 0x0000000084300000| Untracked 
|  68|0x0000000084400000, 0x0000000084400000, 0x0000000084500000|  0%| F|  |TAMS 0x0000000084400000, 0x0000000084400000| Untracked 
|  69|0x0000000084500000, 0x0000000084500000, 0x0000000084600000|  0%| F|  |TAMS 0x0000000084500000, 0x0000000084500000| Untracked 
|  70|0x0000000084600000, 0x0000000084600000, 0x0000000084700000|  0%| F|  |TAMS 0x0000000084600000, 0x0000000084600000| Untracked 
|  71|0x0000000084700000, 0x0000000084700000, 0x0000000084800000|  0%| F|  |TAMS 0x0000000084700000, 0x0000000084700000| Untracked 
|  72|0x0000000084800000, 0x0000000084800000, 0x0000000084900000|  0%| F|  |TAMS 0x0000000084800000, 0x0000000084800000| Untracked 
|  73|0x0000000084900000, 0x0000000084900000, 0x0000000084a00000|  0%| F|  |TAMS 0x0000000084900000, 0x0000000084900000| Untracked 
|  74|0x0000000084a00000, 0x0000000084a00000, 0x0000000084b00000|  0%| F|  |TAMS 0x0000000084a00000, 0x0000000084a00000| Untracked 
|  75|0x0000000084b00000, 0x0000000084b00000, 0x0000000084c00000|  0%| F|  |TAMS 0x0000000084b00000, 0x0000000084b00000| Untracked 
|  76|0x0000000084c00000, 0x0000000084c00000, 0x0000000084d00000|  0%| F|  |TAMS 0x0000000084c00000, 0x0000000084c00000| Untracked 
|  77|0x0000000084d00000, 0x0000000084d00000, 0x0000000084e00000|  0%| F|  |TAMS 0x0000000084d00000, 0x0000000084d00000| Untracked 
|  78|0x0000000084e00000, 0x0000000084e00000, 0x0000000084f00000|  0%| F|  |TAMS 0x0000000084e00000, 0x0000000084e00000| Untracked 
|  79|0x0000000084f00000, 0x0000000084f00000, 0x0000000085000000|  0%| F|  |TAMS 0x0000000084f00000, 0x0000000084f00000| Untracked 
|  80|0x0000000085000000, 0x0000000085000000, 0x0000000085100000|  0%| F|  |TAMS 0x0000000085000000, 0x0000000085000000| Untracked 
|  81|0x0000000085100000, 0x0000000085100000, 0x0000000085200000|  0%| F|  |TAMS 0x0000000085100000, 0x0000000085100000| Untracked 
|  82|0x0000000085200000, 0x0000000085200000, 0x0000000085300000|  0%| F|  |TAMS 0x0000000085200000, 0x0000000085200000| Untracked 
|  83|0x0000000085300000, 0x0000000085300000, 0x0000000085400000|  0%| F|  |TAMS 0x0000000085300000, 0x0000000085300000| Untracked 
|  84|0x0000000085400000, 0x0000000085400000, 0x0000000085500000|  0%| F|  |TAMS 0x0000000085400000, 0x0000000085400000| Untracked 
|  85|0x0000000085500000, 0x0000000085500000, 0x0000000085600000|  0%| F|  |TAMS 0x0000000085500000, 0x0000000085500000| Untracked 
|  86|0x0000000085600000, 0x0000000085600000, 0x0000000085700000|  0%| F|  |TAMS 0x0000000085600000, 0x0000000085600000| Untracked 
|  87|0x0000000085700000, 0x0000000085700000, 0x0000000085800000|  0%| F|  |TAMS 0x0000000085700000, 0x0000000085700000| Untracked 
|  88|0x0000000085800000, 0x0000000085800000, 0x0000000085900000|  0%| F|  |TAMS 0x0000000085800000, 0x0000000085800000| Untracked 
|  89|0x0000000085900000, 0x0000000085900000, 0x0000000085a00000|  0%| F|  |TAMS 0x0000000085900000, 0x0000000085900000| Untracked 
|  90|0x0000000085a00000, 0x0000000085a00000, 0x0000000085b00000|  0%| F|  |TAMS 0x0000000085a00000, 0x0000000085a00000| Untracked 
|  91|0x0000000085b00000, 0x0000000085b00000, 0x0000000085c00000|  0%| F|  |TAMS 0x0000000085b00000, 0x0000000085b00000| Untracked 
|  92|0x0000000085c00000, 0x0000000085c00000, 0x0000000085d00000|  0%| F|  |TAMS 0x0000000085c00000, 0x0000000085c00000| Untracked 
|  93|0x0000000085d00000, 0x0000000085d00000, 0x0000000085e00000|  0%| F|  |TAMS 0x0000000085d00000, 0x0000000085d00000| Untracked 
|  94|0x0000000085e00000, 0x0000000085e00000, 0x0000000085f00000|  0%| F|  |TAMS 0x0000000085e00000, 0x0000000085e00000| Untracked 
|  95|0x0000000085f00000, 0x0000000085f00000, 0x0000000086000000|  0%| F|  |TAMS 0x0000000085f00000, 0x0000000085f00000| Untracked 
|  96|0x0000000086000000, 0x0000000086000000, 0x0000000086100000|  0%| F|  |TAMS 0x0000000086000000, 0x0000000086000000| Untracked 
|  97|0x0000000086100000, 0x0000000086100000, 0x0000000086200000|  0%| F|  |TAMS 0x0000000086100000, 0x0000000086100000| Untracked 
|  98|0x0000000086200000, 0x0000000086200000, 0x0000000086300000|  0%| F|  |TAMS 0x0000000086200000, 0x0000000086200000| Untracked 
|  99|0x0000000086300000, 0x0000000086300000, 0x0000000086400000|  0%| F|  |TAMS 0x0000000086300000, 0x0000000086300000| Untracked 
| 100|0x0000000086400000, 0x0000000086400000, 0x0000000086500000|  0%| F|  |TAMS 0x0000000086400000, 0x0000000086400000| Untracked 
| 101|0x0000000086500000, 0x0000000086500000, 0x0000000086600000|  0%| F|  |TAMS 0x0000000086500000, 0x0000000086500000| Untracked 
| 102|0x0000000086600000, 0x0000000086600000, 0x0000000086700000|  0%| F|  |TAMS 0x0000000086600000, 0x0000000086600000| Untracked 
| 103|0x0000000086700000, 0x0000000086700000, 0x0000000086800000|  0%| F|  |TAMS 0x0000000086700000, 0x0000000086700000| Untracked 
| 104|0x0000000086800000, 0x0000000086800000, 0x0000000086900000|  0%| F|  |TAMS 0x0000000086800000, 0x0000000086800000| Untracked 
| 105|0x0000000086900000, 0x0000000086900000, 0x0000000086a00000|  0%| F|  |TAMS 0x0000000086900000, 0x0000000086900000| Untracked 
| 106|0x0000000086a00000, 0x0000000086a00000, 0x0000000086b00000|  0%| F|  |TAMS 0x0000000086a00000, 0x0000000086a00000| Untracked 
| 107|0x0000000086b00000, 0x0000000086b00000, 0x0000000086c00000|  0%| F|  |TAMS 0x0000000086b00000, 0x0000000086b00000| Untracked 
| 108|0x0000000086c00000, 0x0000000086c00000, 0x0000000086d00000|  0%| F|  |TAMS 0x0000000086c00000, 0x0000000086c00000| Untracked 
| 109|0x0000000086d00000, 0x0000000086d00000, 0x0000000086e00000|  0%| F|  |TAMS 0x0000000086d00000, 0x0000000086d00000| Untracked 
| 110|0x0000000086e00000, 0x0000000086e00000, 0x0000000086f00000|  0%| F|  |TAMS 0x0000000086e00000, 0x0000000086e00000| Untracked 
| 111|0x0000000086f00000, 0x0000000086f00000, 0x0000000087000000|  0%| F|  |TAMS 0x0000000086f00000, 0x0000000086f00000| Untracked 
| 112|0x0000000087000000, 0x0000000087000000, 0x0000000087100000|  0%| F|  |TAMS 0x0000000087000000, 0x0000000087000000| Untracked 
| 113|0x0000000087100000, 0x0000000087100000, 0x0000000087200000|  0%| F|  |TAMS 0x0000000087100000, 0x0000000087100000| Untracked 
| 114|0x0000000087200000, 0x0000000087300000, 0x0000000087300000|100%| E|  |TAMS 0x0000000087200000, 0x0000000087200000| Complete 
| 115|0x0000000087300000, 0x0000000087400000, 0x0000000087400000|100%| E|CS|TAMS 0x0000000087300000, 0x0000000087300000| Complete 
| 116|0x0000000087400000, 0x0000000087500000, 0x0000000087500000|100%| E|CS|TAMS 0x0000000087400000, 0x0000000087400000| Complete 
| 117|0x0000000087500000, 0x0000000087600000, 0x0000000087600000|100%| E|CS|TAMS 0x0000000087500000, 0x0000000087500000| Complete 
| 118|0x0000000087600000, 0x0000000087700000, 0x0000000087700000|100%| E|CS|TAMS 0x0000000087600000, 0x0000000087600000| Complete 
| 119|0x0000000087700000, 0x0000000087800000, 0x0000000087800000|100%| E|CS|TAMS 0x0000000087700000, 0x0000000087700000| Complete 
| 120|0x0000000087800000, 0x0000000087900000, 0x0000000087900000|100%| E|CS|TAMS 0x0000000087800000, 0x0000000087800000| Complete 
| 121|0x0000000087900000, 0x0000000087a00000, 0x0000000087a00000|100%| E|CS|TAMS 0x0000000087900000, 0x0000000087900000| Complete 
| 122|0x0000000087a00000, 0x0000000087b00000, 0x0000000087b00000|100%| E|CS|TAMS 0x0000000087a00000, 0x0000000087a00000| Complete 
| 123|0x0000000087b00000, 0x0000000087c00000, 0x0000000087c00000|100%| E|CS|TAMS 0x0000000087b00000, 0x0000000087b00000| Complete 
| 124|0x0000000087c00000, 0x0000000087d00000, 0x0000000087d00000|100%| E|CS|TAMS 0x0000000087c00000, 0x0000000087c00000| Complete 
| 125|0x0000000087d00000, 0x0000000087e00000, 0x0000000087e00000|100%| E|CS|TAMS 0x0000000087d00000, 0x0000000087d00000| Complete 
| 126|0x0000000087e00000, 0x0000000087f00000, 0x0000000087f00000|100%| E|CS|TAMS 0x0000000087e00000, 0x0000000087e00000| Complete 
| 127|0x0000000087f00000, 0x0000000088000000, 0x0000000088000000|100%| E|CS|TAMS 0x0000000087f00000, 0x0000000087f00000| Complete 

Card table byte_map: [0x000002307cc80000,0x000002307d080000] _byte_map_base: 0x000002307c880000

Marking Bits (Prev, Next): (CMBitMap*) 0x0000023078c0f4d0, (CMBitMap*) 0x0000023078c0f498
 Prev Bits: [0x000002300f000000, 0x0000023011000000)
 Next Bits: [0x000002307d480000, 0x000002307f480000)

Polling page: 0x0000023076d80000

Metaspace:

Usage:
  Non-class:     24.27 MB capacity,    23.84 MB ( 98%) used,   380.68 KB (  2%) free+waste,    57.13 KB ( <1%) overhead. 
      Class:      3.90 MB capacity,     3.66 MB ( 94%) used,   225.77 KB (  6%) free+waste,    28.88 KB ( <1%) overhead. 
       Both:     28.17 MB capacity,    27.49 MB ( 98%) used,   606.45 KB (  2%) free+waste,    86.00 KB ( <1%) overhead. 

Virtual space:
  Non-class space:       26.00 MB reserved,      24.50 MB ( 94%) committed 
      Class space:        1.00 GB reserved,       4.00 MB ( <1%) committed 
             Both:        1.03 GB reserved,      28.50 MB (  3%) committed 

Chunk freelists:
   Non-Class:  48.00 KB
       Class:  2.00 KB
        Both:  50.00 KB

MaxMetaspaceSize: 17179869184.00 GB
CompressedClassSpaceSize: 1.00 GB

CodeHeap 'non-profiled nmethods': size=120000Kb used=1187Kb max_used=1187Kb free=118812Kb
 bounds [0x0000023007ad0000, 0x0000023007d40000, 0x000002300f000000]
CodeHeap 'profiled nmethods': size=120000Kb used=4801Kb max_used=4801Kb free=115198Kb
 bounds [0x00000230005a0000, 0x0000023000a60000, 0x0000023007ad0000]
CodeHeap 'non-nmethods': size=5760Kb used=1159Kb max_used=1197Kb free=4600Kb
 bounds [0x0000023000000000, 0x0000023000270000, 0x00000230005a0000]
 total_blobs=2765 nmethods=2261 adapters=415
 compilation: enabled
              stopped_count=0, restarted_count=0
 full_count=0

Compilation events (20 events):
Event: 5.912 Thread 0x000002301384e000 2407       1       com.google.common.collect.LinkedHashMultimap$ValueSet::size (5 bytes)
Event: 5.912 Thread 0x000002301384e000 nmethod 2407 0x0000023007be7290 code [0x0000023007be7440, 0x0000023007be74f8]
Event: 5.912 Thread 0x000002301384e000 2408       1       com.google.common.collect.LinkedHashMultimap$ValueSet::access$100 (5 bytes)
Event: 5.912 Thread 0x000002301384e000 nmethod 2408 0x0000023007be7590 code [0x0000023007be7740, 0x0000023007be77d8]
Event: 5.912 Thread 0x000002301384e000 2401       3       org.objectweb.asm.MethodWriter::visitFrameStart (55 bytes)
Event: 5.912 Thread 0x000002301384e000 nmethod 2401 0x0000023000a32190 code [0x0000023000a32360, 0x0000023000a32658]
Event: 5.913 Thread 0x000002301384e000 2402       3       org.objectweb.asm.MethodWriter::visitFrameEnd (53 bytes)
Event: 5.913 Thread 0x000002301384e000 nmethod 2402 0x0000023000a32790 code [0x0000023000a32980, 0x0000023000a32e48]
Event: 5.916 Thread 0x000002301384e000 2409       3       com.google.common.base.MoreObjects::firstNonNull (22 bytes)
Event: 5.916 Thread 0x000002301384e000 nmethod 2409 0x0000023000a32f90 code [0x0000023000a33160, 0x0000023000a33388]
Event: 5.924 Thread 0x000002301384e000 2410       3       java.lang.reflect.Constructor::copy (72 bytes)
Event: 5.925 Thread 0x000002301384e000 nmethod 2410 0x0000023000a33490 code [0x0000023000a33660, 0x0000023000a339f8]
Event: 5.925 Thread 0x000002301384e000 2411       3       java.io.WinNTFileSystem::resolve (275 bytes)
Event: 5.929 Thread 0x000002301384e000 nmethod 2411 0x0000023000a33b10 code [0x0000023000a34040, 0x0000023000a36cf8]
Event: 5.929 Thread 0x000002301384e000 2414       3       org.objectweb.asm.ByteVector::putByteArray (49 bytes)
Event: 5.929 Thread 0x000002301384e000 nmethod 2414 0x0000023000a37f10 code [0x0000023000a380e0, 0x0000023000a38398]
Event: 5.929 Thread 0x000002301384e000 2415       3       org.objectweb.asm.AnnotationWriter::putAnnotations (67 bytes)
Event: 5.930 Thread 0x000002301384e000 nmethod 2415 0x0000023000a38490 code [0x0000023000a386c0, 0x0000023000a38af8]
Event: 5.930 Thread 0x000002301384e000 2412       3       org.objectweb.asm.ClassWriter::visitMethod (57 bytes)
Event: 5.930 Thread 0x0000023016ddc000 2251       4       sun.reflect.generics.parser.SignatureParser::skipIdentifier (67 bytes)

GC Heap History (8 events):
Event: 1.312 GC heap before
{Heap before GC invocations=0 (full 0):
 garbage-first heap   total 131072K, used 29696K [0x0000000080000000, 0x0000000100000000)
  region size 1024K, 24 young (24576K), 0 survivors (0K)
 Metaspace       used 10180K, capacity 10347K, committed 10624K, reserved 1058816K
  class space    used 1063K, capacity 1109K, committed 1152K, reserved 1048576K
}
Event: 1.318 GC heap after
{Heap after GC invocations=1 (full 0):
 garbage-first heap   total 131072K, used 9450K [0x0000000080000000, 0x0000000100000000)
  region size 1024K, 3 young (3072K), 3 survivors (3072K)
 Metaspace       used 10180K, capacity 10347K, committed 10624K, reserved 1058816K
  class space    used 1063K, capacity 1109K, committed 1152K, reserved 1048576K
}
Event: 4.446 GC heap before
{Heap before GC invocations=1 (full 0):
 garbage-first heap   total 131072K, used 84202K [0x0000000080000000, 0x0000000100000000)
  region size 1024K, 76 young (77824K), 3 survivors (3072K)
 Metaspace       used 17703K, capacity 18108K, committed 18176K, reserved 1064960K
  class space    used 2086K, capacity 2238K, committed 2304K, reserved 1048576K
}
Event: 4.465 GC heap after
{Heap after GC invocations=2 (full 0):
 garbage-first heap   total 131072K, used 15951K [0x0000000080000000, 0x0000000100000000)
  region size 1024K, 10 young (10240K), 10 survivors (10240K)
 Metaspace       used 17703K, capacity 18108K, committed 18176K, reserved 1064960K
  class space    used 2086K, capacity 2238K, committed 2304K, reserved 1048576K
}
Event: 4.975 GC heap before
{Heap before GC invocations=2 (full 0):
 garbage-first heap   total 131072K, used 39503K [0x0000000080000000, 0x0000000100000000)
  region size 1024K, 34 young (34816K), 10 survivors (10240K)
 Metaspace       used 20653K, capacity 21140K, committed 21248K, reserved 1067008K
  class space    used 2520K, capacity 2722K, committed 2816K, reserved 1048576K
}
Event: 4.982 GC heap after
{Heap after GC invocations=3 (full 0):
 garbage-first heap   total 131072K, used 16900K [0x0000000080000000, 0x0000000100000000)
  region size 1024K, 2 young (2048K), 2 survivors (2048K)
 Metaspace       used 20653K, capacity 21140K, committed 21248K, reserved 1067008K
  class space    used 2520K, capacity 2722K, committed 2816K, reserved 1048576K
}
Event: 5.773 GC heap before
{Heap before GC invocations=4 (full 0):
 garbage-first heap   total 131072K, used 82436K [0x0000000080000000, 0x0000000100000000)
  region size 1024K, 66 young (67584K), 2 survivors (2048K)
 Metaspace       used 26692K, capacity 27349K, committed 27648K, reserved 1073152K
  class space    used 3518K, capacity 3757K, committed 3840K, reserved 1048576K
}
Event: 5.778 GC heap after
{Heap after GC invocations=5 (full 0):
 garbage-first heap   total 131072K, used 18696K [0x0000000080000000, 0x0000000100000000)
  region size 1024K, 3 young (3072K), 3 survivors (3072K)
 Metaspace       used 26692K, capacity 27349K, committed 27648K, reserved 1073152K
  class space    used 3518K, capacity 3757K, committed 3840K, reserved 1048576K
}

Deoptimization events (20 events):
Event: 5.566 Thread 0x000002301659d000 Uncommon trap: trap_request=0xffffffde fr.pc=0x0000023007bc25e0 relative=0x0000000000000320
Event: 5.566 Thread 0x000002301659d000 Uncommon trap: reason=class_check action=maybe_recompile pc=0x0000023007bc25e0 method=java.util.Collections$SetFromMap.remove(Ljava/lang/Object;)Z @ 5 c2
Event: 5.566 Thread 0x000002301659d000 DEOPT PACKING pc=0x0000023007bc25e0 sp=0x0000005627dfc7a0
Event: 5.566 Thread 0x000002301659d000 DEOPT UNPACKING pc=0x00000230000274af sp=0x0000005627dfc788 mode 2
Event: 5.566 Thread 0x000002301659d000 Uncommon trap: trap_request=0xffffffde fr.pc=0x0000023007bc25e0 relative=0x0000000000000320
Event: 5.566 Thread 0x000002301659d000 Uncommon trap: reason=class_check action=maybe_recompile pc=0x0000023007bc25e0 method=java.util.Collections$SetFromMap.remove(Ljava/lang/Object;)Z @ 5 c2
Event: 5.566 Thread 0x000002301659d000 DEOPT PACKING pc=0x0000023007bc25e0 sp=0x0000005627dfc720
Event: 5.566 Thread 0x000002301659d000 DEOPT UNPACKING pc=0x00000230000274af sp=0x0000005627dfc708 mode 2
Event: 5.593 Thread 0x000002301659d000 Uncommon trap: trap_request=0xffffff4d fr.pc=0x0000023007b68c68 relative=0x00000000000012e8
Event: 5.593 Thread 0x000002301659d000 Uncommon trap: reason=unstable_if action=reinterpret pc=0x0000023007b68c68 method=java.net.URI.quote(Ljava/lang/String;JJ)Ljava/lang/String; @ 58 c2
Event: 5.593 Thread 0x000002301659d000 DEOPT PACKING pc=0x0000023007b68c68 sp=0x0000005627dfb2d0
Event: 5.593 Thread 0x000002301659d000 DEOPT UNPACKING pc=0x00000230000274af sp=0x0000005627dfb2b8 mode 2
Event: 5.834 Thread 0x000002301659d000 Uncommon trap: trap_request=0xffffff4d fr.pc=0x0000023007bd3a4c relative=0x000000000000020c
Event: 5.834 Thread 0x000002301659d000 Uncommon trap: reason=unstable_if action=reinterpret pc=0x0000023007bd3a4c method=java.util.HashMap.hash(Ljava/lang/Object;)I @ 1 c2
Event: 5.834 Thread 0x000002301659d000 DEOPT PACKING pc=0x0000023007bd3a4c sp=0x0000005627df9520
Event: 5.834 Thread 0x000002301659d000 DEOPT UNPACKING pc=0x00000230000274af sp=0x0000005627df9458 mode 2
Event: 5.834 Thread 0x000002301659d000 Uncommon trap: trap_request=0xffffff4d fr.pc=0x0000023007af6c2c relative=0x000000000000008c
Event: 5.834 Thread 0x000002301659d000 Uncommon trap: reason=unstable_if action=reinterpret pc=0x0000023007af6c2c method=java.util.HashMap.hash(Ljava/lang/Object;)I @ 1 c2
Event: 5.834 Thread 0x000002301659d000 DEOPT PACKING pc=0x0000023007af6c2c sp=0x0000005627df92a0
Event: 5.834 Thread 0x000002301659d000 DEOPT UNPACKING pc=0x00000230000274af sp=0x0000005627df9238 mode 2

Classes redefined (0 events):
No events

Internal exceptions (20 events):
Event: 4.999 Thread 0x000002301659d000 Exception <a 'java/lang/NoSuchMethodError'{0x0000000087e94280}: 'void java.lang.invoke.DirectMethodHandle$Holder.invokeStatic(java.lang.Object, java.lang.Object, java.lang.Object, java.lang.Object, java.lang.Object)'> (0x0000000087e94280) thrown at [./src/hotspot/share/interpreter/linkResolver.cpp, line 773]
Event: 5.063 Thread 0x000002301659d000 Exception <a 'java/lang/NoSuchMethodError'{0x0000000087944a08}: 'void java.lang.invoke.DirectMethodHandle$Holder.invokeSpecial(java.lang.Object, java.lang.Object)'> (0x0000000087944a08) thrown at [./src/hotspot/share/interpreter/linkResolver.cpp, line 773]
Event: 5.100 Thread 0x000002301659d000 Exception <a 'java/lang/NoSuchMethodError'{0x000000008777bc70}: 'java.lang.Object java.lang.invoke.DirectMethodHandle$Holder.invokeSpecial(java.lang.Object, java.lang.Object, java.lang.Object, java.lang.Object, java.lang.Object, java.lang.Object, java.lang.Object, java.lang.Object, java.lang.Object)'> (0x000000008777bc70) thrown at [./src/hotspot/share/interpreter/linkResolver.cpp, line 773]
Event: 5.184 Thread 0x000002301659d000 Exception <a 'java/lang/NoSuchMethodError'{0x0000000086d1d0c0}: 'java.lang.Object java.lang.invoke.DirectMethodHandle$Holder.invokeVirtual(java.lang.Object, java.lang.Object, java.lang.Object, java.lang.Object)'> (0x0000000086d1d0c0) thrown at [./src/hotspot/share/interpreter/linkResolver.cpp, line 773]
Event: 5.206 Thread 0x000002301659d000 Exception <a 'java/lang/NoSuchMethodError'{0x0000000086be7a40}: 'java.lang.Object java.lang.invoke.Invokers$Holder.invoker(java.lang.Object, java.lang.Object, java.lang.Object, java.lang.Object, java.lang.Object)'> (0x0000000086be7a40) thrown at [./src/hotspot/share/interpreter/linkResolver.cpp, line 773]
Event: 5.287 Thread 0x000002301659d000 Exception <a 'java/lang/NoSuchMethodError'{0x0000000086439fd8}: 'void java.lang.invoke.DirectMethodHandle$Holder.invokeSpecial(java.lang.Object, java.lang.Object, java.lang.Object, java.lang.Object, java.lang.Object, java.lang.Object)'> (0x0000000086439fd8) thrown at [./src/hotspot/share/interpreter/linkResolver.cpp, line 773]
Event: 5.297 Thread 0x000002301659d000 Exception <a 'java/lang/NoSuchMethodError'{0x000000008649fe68}: 'void java.lang.invoke.DirectMethodHandle$Holder.invokeSpecial(java.lang.Object, java.lang.Object, java.lang.Object, java.lang.Object, java.lang.Object, java.lang.Object, java.lang.Object)'> (0x000000008649fe68) thrown at [./src/hotspot/share/interpreter/linkResolver.cpp, line 773]
Event: 5.297 Thread 0x000002301659d000 Exception <a 'java/lang/NoSuchMethodError'{0x00000000864a80b0}: 'java.lang.Object java.lang.invoke.Invokers$Holder.linkToTargetMethod(java.lang.Object, java.lang.Object, java.lang.Object, java.lang.Object, java.lang.Object, java.lang.Object)'> (0x00000000864a80b0) thrown at [./src/hotspot/share/interpreter/linkResolver.cpp, line 773]
Event: 5.463 Thread 0x000002301659d000 Exception <a 'java/lang/NoSuchMethodError'{0x0000000085625840}: 'void java.lang.invoke.DirectMethodHandle$Holder.invokeStaticInit(java.lang.Object, java.lang.Object)'> (0x0000000085625840) thrown at [./src/hotspot/share/interpreter/linkResolver.cpp, line 773]
Event: 5.558 Thread 0x000002301659d000 Exception <a 'java/lang/NoSuchMethodError'{0x000000008503d360}: 'void java.lang.invoke.DirectMethodHandle$Holder.invokeStatic(java.lang.Object, java.lang.Object, java.lang.Object, java.lang.Object)'> (0x000000008503d360) thrown at [./src/hotspot/share/interpreter/linkResolver.cpp, line 773]
Event: 5.561 Thread 0x000002301659d000 Exception <a 'java/lang/NoSuchMethodError'{0x0000000084f03218}: 'int java.lang.invoke.DirectMethodHandle$Holder.invokeInterface(java.lang.Object, java.lang.Object)'> (0x0000000084f03218) thrown at [./src/hotspot/share/interpreter/linkResolver.cpp, line 773]
Event: 5.705 Thread 0x000002301659d000 Exception <a 'java/lang/NoSuchMethodError'{0x00000000844512b0}: 'java.lang.Object java.lang.invoke.DirectMethodHandle$Holder.invokeSpecialIFC(java.lang.Object, java.lang.Object, java.lang.Object, java.lang.Object)'> (0x00000000844512b0) thrown at [./src/hotspot/share/interpreter/linkResolver.cpp, line 773]
Event: 5.715 Thread 0x000002301659d000 Exception <a 'java/lang/NoSuchMethodError'{0x0000000084335f98}: 'java.lang.Object java.lang.invoke.DirectMethodHandle$Holder.invokeSpecial(java.lang.Object, java.lang.Object, java.lang.Object, java.lang.Object, java.lang.Object, java.lang.Object, java.lang.Object, java.lang.Object, java.lang.Object, java.lang.Object, java.lang.Object, java.lang.Object, java.lang.Object)'> (0x0000000084335f98) thrown at [./src/hotspot/share/interpreter/linkResolver.cpp, line 773]
Event: 5.716 Thread 0x000002301659d000 Exception <a 'java/lang/NoSuchMethodError'{0x0000000084347220}: 'java.lang.Object java.lang.invoke.DirectMethodHandle$Holder.invokeSpecial(java.lang.Object, java.lang.Object, java.lang.Object, java.lang.Object, java.lang.Object, java.lang.Object, java.lang.Object, java.lang.Object, java.lang.Object, java.lang.Object, java.lang.Object, java.lang.Object)'> (0x0000000084347220) thrown at [./src/hotspot/share/interpreter/linkResolver.cpp, line 773]
Event: 5.717 Thread 0x000002301659d000 Exception <a 'java/lang/NoSuchMethodError'{0x000000008434c590}: 'java.lang.Object java.lang.invoke.Invokers$Holder.linkToTargetMethod(java.lang.Object, java.lang.Object, java.lang.Object, java.lang.Object, java.lang.Object, java.lang.Object, java.lang.Object, java.lang.Object, java.lang.Object, java.lang.Object, java.lang.Object)'> (0x000000008434c590) thrown at [./src/hotspot/share/interpreter/linkResolver.cpp, line 773]
Event: 5.729 Thread 0x000002301659d000 Exception <a 'java/lang/NoSuchMethodError'{0x0000000084299088}: 'java.lang.Object java.lang.invoke.DirectMethodHandle$Holder.invokeSpecial(java.lang.Object, java.lang.Object, java.lang.Object, java.lang.Object, java.lang.Object, java.lang.Object, java.lang.Object, java.lang.Object, java.lang.Object, java.lang.Object, java.lang.Object, java.lang.Object, java.lang.Object, java.lang.Object)'> (0x0000000084299088) thrown at [./src/hotspot/share/interpreter/linkResolver.cpp, line 773]
Event: 5.730 Thread 0x000002301659d000 Exception <a 'java/lang/NoSuchMethodError'{0x00000000842aa680}: 'java.lang.Object java.lang.invoke.Invokers$Holder.linkToTargetMethod(java.lang.Object, java.lang.Object, java.lang.Object, java.lang.Object, java.lang.Object, java.lang.Object, java.lang.Object, java.lang.Object, java.lang.Object, java.lang.Object, java.lang.Object, java.lang.Object)'> (0x00000000842aa680) thrown at [./src/hotspot/share/interpreter/linkResolver.cpp, line 773]
Event: 5.736 Thread 0x000002301659d000 Exception <a 'java/lang/NoSuchMethodError'{0x000000008413fd70}: 'java.lang.Object java.lang.invoke.DirectMethodHandle$Holder.invokeStaticInit(java.lang.Object, java.lang.Object, java.lang.Object, java.lang.Object)'> (0x000000008413fd70) thrown at [./src/hotspot/share/interpreter/linkResolver.cpp, line 773]
Event: 5.834 Thread 0x000002301659d000 Implicit null exception at 0x0000023007bd3875 to 0x0000023007bd3a3c
Event: 5.834 Thread 0x000002301659d000 Implicit null exception at 0x0000023007af6baf to 0x0000023007af6c1d

Events (20 events):
Event: 5.922 loading class org/gradle/internal/component/external/model/maven/RealisedMavenModuleResolveMetadataSerializationHelper
Event: 5.922 loading class org/gradle/internal/component/external/model/maven/RealisedMavenModuleResolveMetadataSerializationHelper done
Event: 5.923 loading class org/gradle/api/internal/artifacts/configurations/dynamicversion/CachePolicy
Event: 5.923 loading class org/gradle/api/internal/artifacts/configurations/dynamicversion/CachePolicy done
Event: 5.923 loading class org/gradle/util/BuildCommencedTimeProvider
Event: 5.923 loading class org/gradle/util/BuildCommencedTimeProvider done
Event: 5.923 loading class org/gradle/util/BuildCommencedTimeProvider
Event: 5.923 loading class org/gradle/util/BuildCommencedTimeProvider done
Event: 5.924 loading class org/gradle/internal/component/external/model/ModuleComponentResolveMetadata
Event: 5.924 loading class org/gradle/internal/component/external/model/ModuleComponentResolveMetadata done
Event: 5.924 loading class org/gradle/internal/component/external/model/ModuleComponentResolveMetadata
Event: 5.924 loading class org/gradle/internal/component/external/model/ModuleComponentResolveMetadata done
Event: 5.924 loading class org/gradle/api/Transformer
Event: 5.924 loading class org/gradle/api/Transformer done
Event: 5.926 Thread 0x0000023014ea3800 Thread added: 0x0000023014ea3800
Event: 5.928 loading class org/gradle/api/attributes/Category
Event: 5.928 loading class org/gradle/api/attributes/Category done
Event: 5.930 loading class org/gradle/api/internal/artifacts/ComponentMetadataProcessor
Event: 5.930 loading class org/gradle/api/internal/artifacts/ComponentMetadataProcessor done
Event: 5.930 Thread 0x0000023016ddc000 Thread added: 0x0000023016ddc000


Dynamic libraries:
0x00007ff74fa00000 - 0x00007ff74fa0a000 	C:\Users\Dark Knight\Desktop\Android Studio\jre\bin\java.exe
0x00007ffee3570000 - 0x00007ffee3765000 	C:\WINDOWS\SYSTEM32\ntdll.dll
0x00007ffee15f0000 - 0x00007ffee16ad000 	C:\WINDOWS\System32\KERNEL32.DLL
0x00007ffee12d0000 - 0x00007ffee1599000 	C:\WINDOWS\System32\KERNELBASE.dll
0x00007ffee0cd0000 - 0x00007ffee0dd0000 	C:\WINDOWS\System32\ucrtbase.dll
0x00007ffeda1a0000 - 0x00007ffeda1b9000 	C:\Users\Dark Knight\Desktop\Android Studio\jre\bin\jli.dll
0x00007ffeda180000 - 0x00007ffeda197000 	C:\Users\Dark Knight\Desktop\Android Studio\jre\bin\VCRUNTIME140.dll
0x00007ffee1f30000 - 0x00007ffee20d0000 	C:\WINDOWS\System32\USER32.dll
0x00007ffee0ca0000 - 0x00007ffee0cc2000 	C:\WINDOWS\System32\win32u.dll
0x00007ffee20d0000 - 0x00007ffee20fa000 	C:\WINDOWS\System32\GDI32.dll
0x00007ffecb000000 - 0x00007ffecb29a000 	C:\WINDOWS\WinSxS\amd64_microsoft.windows.common-controls_6595b64144ccf1df_6.0.19041.1110_none_60b5254171f9507e\COMCTL32.dll
0x00007ffee11c0000 - 0x00007ffee12cb000 	C:\WINDOWS\System32\gdi32full.dll
0x00007ffee32b0000 - 0x00007ffee334e000 	C:\WINDOWS\System32\msvcrt.dll
0x00007ffee0dd0000 - 0x00007ffee0e6d000 	C:\WINDOWS\System32\msvcp_win.dll
0x00007ffee23d0000 - 0x00007ffee2400000 	C:\WINDOWS\System32\IMM32.DLL
0x00007ffeaf940000 - 0x00007ffeaf9dd000 	C:\Users\Dark Knight\Desktop\Android Studio\jre\bin\msvcp140.dll
0x00007ffe93330000 - 0x00007ffe93dec000 	C:\Users\Dark Knight\Desktop\Android Studio\jre\bin\server\jvm.dll
0x00007ffee1780000 - 0x00007ffee182c000 	C:\WINDOWS\System32\ADVAPI32.dll
0x00007ffee1830000 - 0x00007ffee18cb000 	C:\WINDOWS\System32\sechost.dll
0x00007ffee3350000 - 0x00007ffee347a000 	C:\WINDOWS\System32\RPCRT4.dll
0x00007ffee2d90000 - 0x00007ffee2d98000 	C:\WINDOWS\System32\PSAPI.DLL
0x00007ffedc050000 - 0x00007ffedc059000 	C:\WINDOWS\SYSTEM32\WSOCK32.dll
0x00007ffed7fc0000 - 0x00007ffed7fca000 	C:\WINDOWS\SYSTEM32\VERSION.dll
0x00007ffee2360000 - 0x00007ffee23cb000 	C:\WINDOWS\System32\WS2_32.dll
0x00007ffecb2b0000 - 0x00007ffecb2d7000 	C:\WINDOWS\SYSTEM32\WINMM.dll
0x00007ffedf530000 - 0x00007ffedf542000 	C:\WINDOWS\SYSTEM32\kernel.appcore.dll
0x00007ffedbf70000 - 0x00007ffedbf81000 	C:\Users\Dark Knight\Desktop\Android Studio\jre\bin\verify.dll
0x00007ffedeab0000 - 0x00007ffedec94000 	C:\WINDOWS\SYSTEM32\DBGHELP.DLL
0x00007ffec9830000 - 0x00007ffec985c000 	C:\WINDOWS\SYSTEM32\dbgcore.DLL
0x00007ffee0f70000 - 0x00007ffee0ff3000 	C:\WINDOWS\System32\bcryptPrimitives.dll
0x00007ffed7c80000 - 0x00007ffed7ca9000 	C:\Users\Dark Knight\Desktop\Android Studio\jre\bin\java.dll
0x00007ffedc030000 - 0x00007ffedc03b000 	C:\Users\Dark Knight\Desktop\Android Studio\jre\bin\jimage.dll
0x00007ffeda130000 - 0x00007ffeda148000 	C:\Users\Dark Knight\Desktop\Android Studio\jre\bin\zip.dll
0x00007ffee25f0000 - 0x00007ffee2d2f000 	C:\WINDOWS\System32\SHELL32.dll
0x00007ffeded90000 - 0x00007ffedf520000 	C:\WINDOWS\SYSTEM32\windows.storage.dll
0x00007ffee2da0000 - 0x00007ffee30f5000 	C:\WINDOWS\System32\combase.dll
0x00007ffee0700000 - 0x00007ffee072c000 	C:\WINDOWS\SYSTEM32\Wldp.dll
0x00007ffee1e80000 - 0x00007ffee1f2e000 	C:\WINDOWS\System32\SHCORE.dll
0x00007ffee2400000 - 0x00007ffee2455000 	C:\WINDOWS\System32\shlwapi.dll
0x00007ffee0be0000 - 0x00007ffee0bff000 	C:\WINDOWS\SYSTEM32\profapi.dll
0x00007ffed8c00000 - 0x00007ffed8c1a000 	C:\Users\Dark Knight\Desktop\Android Studio\jre\bin\net.dll
0x00007ffed5b40000 - 0x00007ffed5c48000 	C:\WINDOWS\SYSTEM32\WINHTTP.dll
0x00007ffee0460000 - 0x00007ffee04ca000 	C:\WINDOWS\system32\mswsock.dll
0x00007ffed8ac0000 - 0x00007ffed8ad4000 	C:\Users\Dark Knight\Desktop\Android Studio\jre\bin\nio.dll
0x00007ffed7bc0000 - 0x00007ffed7be7000 	C:\Users\Dark Knight\.gradle\native\8bec1ad78214c89d9ad589b4d07fe93259594b29d510b10fafb7a158f7737e5d\windows-amd64\native-platform.dll
0x00007ffea0b70000 - 0x00007ffea0cad000 	C:\Users\Dark Knight\.gradle\native\53dbd7edfb1c66fb8903c78663c9afc45aea4f116125fa6feffd364cf09443e8\windows-amd64\native-platform-file-events.dll
0x00007ffed9ff0000 - 0x00007ffed9ffa000 	C:\Users\Dark Knight\Desktop\Android Studio\jre\bin\management.dll
0x00007ffed9cd0000 - 0x00007ffed9cdc000 	C:\Users\Dark Knight\Desktop\Android Studio\jre\bin\management_ext.dll
0x00007ffee0650000 - 0x00007ffee0668000 	C:\WINDOWS\SYSTEM32\CRYPTSP.dll
0x00007ffedfd70000 - 0x00007ffedfda4000 	C:\WINDOWS\system32\rsaenh.dll
0x00007ffee15a0000 - 0x00007ffee15c7000 	C:\WINDOWS\System32\bcrypt.dll
0x00007ffee0ba0000 - 0x00007ffee0bce000 	C:\WINDOWS\SYSTEM32\USERENV.dll
0x00007ffee0670000 - 0x00007ffee067c000 	C:\WINDOWS\SYSTEM32\CRYPTBASE.dll
0x00007ffee0100000 - 0x00007ffee013b000 	C:\WINDOWS\SYSTEM32\IPHLPAPI.DLL
0x00007ffee18d0000 - 0x00007ffee18d8000 	C:\WINDOWS\System32\NSI.dll
0x00007ffecfdf0000 - 0x00007ffecfe07000 	C:\WINDOWS\SYSTEM32\dhcpcsvc6.DLL
0x00007ffed0340000 - 0x00007ffed035d000 	C:\WINDOWS\SYSTEM32\dhcpcsvc.DLL
0x00007ffee0140000 - 0x00007ffee020c000 	C:\WINDOWS\SYSTEM32\DNSAPI.dll

dbghelp: loaded successfully - version: 4.0.5 - missing functions: none
symbol engine: initialized successfully - sym options: 0x614 - pdb path: .;C:\Users\Dark Knight\Desktop\Android Studio\jre\bin;C:\WINDOWS\SYSTEM32;C:\WINDOWS\WinSxS\amd64_microsoft.windows.common-controls_6595b64144ccf1df_6.0.19041.1110_none_60b5254171f9507e;C:\Users\Dark Knight\Desktop\Android Studio\jre\bin\server;C:\Users\Dark Knight\.gradle\native\8bec1ad78214c89d9ad589b4d07fe93259594b29d510b10fafb7a158f7737e5d\windows-amd64;C:\Users\Dark Knight\.gradle\native\53dbd7edfb1c66fb8903c78663c9afc45aea4f116125fa6feffd364cf09443e8\windows-amd64

VM Arguments:
jvm_args: --add-opens=java.base/java.util=ALL-UNNAMED --add-opens=java.base/java.lang=ALL-UNNAMED --add-opens=java.base/java.lang.invoke=ALL-UNNAMED --add-opens=java.base/java.util=ALL-UNNAMED --add-opens=java.prefs/java.util.prefs=ALL-UNNAMED --add-opens=java.prefs/java.util.prefs=ALL-UNNAMED --add-opens=java.base/java.nio.charset=ALL-UNNAMED --add-opens=java.base/java.net=ALL-UNNAMED --add-opens=java.base/java.util.concurrent.atomic=ALL-UNNAMED -Xmx2048m -Dfile.encoding=UTF-8 -Duser.country=IN -Duser.language=en -Duser.variant 
java_command: org.gradle.launcher.daemon.bootstrap.GradleDaemon 7.0.2
java_class_path (initial): C:\Users\Dark Knight\.gradle\wrapper\dists\gradle-7.0.2-bin\857tjihv64xamwrf0h14cai3r\gradle-7.0.2\lib\gradle-launcher-7.0.2.jar
Launcher Type: SUN_STANDARD

[Global flags]
     intx CICompilerCount                          = 4                                         {product} {ergonomic}
     uint ConcGCThreads                            = 2                                         {product} {ergonomic}
     uint G1ConcRefinementThreads                  = 8                                         {product} {ergonomic}
   size_t G1HeapRegionSize                         = 1048576                                   {product} {ergonomic}
    uintx GCDrainStackTargetSize                   = 64                                        {product} {ergonomic}
   size_t InitialHeapSize                          = 134217728                                 {product} {ergonomic}
   size_t MarkStackSize                            = 4194304                                   {product} {ergonomic}
   size_t MaxHeapSize                              = 2147483648                                {product} {command line}
   size_t MaxNewSize                               = 1287651328                                {product} {ergonomic}
   size_t MinHeapDeltaBytes                        = 1048576                                   {product} {ergonomic}
    uintx NonNMethodCodeHeapSize                   = 5836300                                {pd product} {ergonomic}
    uintx NonProfiledCodeHeapSize                  = 122910970                              {pd product} {ergonomic}
    uintx ProfiledCodeHeapSize                     = 122910970                              {pd product} {ergonomic}
    uintx ReservedCodeCacheSize                    = 251658240                              {pd product} {ergonomic}
     bool SegmentedCodeCache                       = true                                      {product} {ergonomic}
     bool UseCompressedClassPointers               = true                                 {lp64_product} {ergonomic}
     bool UseCompressedOops                        = true                                 {lp64_product} {ergonomic}
     bool UseG1GC                                  = true                                      {product} {ergonomic}
     bool UseLargePagesIndividualAllocation        = false                                  {pd product} {ergonomic}

Logging:
Log output configuration:
 #0: stdout all=warning uptime,level,tags
 #1: stderr all=off uptime,level,tags

Environment Variables:
PATH=C:\Windows\system32;C:\Windows;C:\Windows\System32\Wbem;C:\Windows\System32\WindowsPowerShell\v1.0\;C:\Windows\System32\OpenSSH\;C:\Program Files (x86)\NVIDIA Corporation\PhysX\Common;C:\Program Files\NVIDIA Corporation\NVIDIA NvDLISR;C:\WINDOWS\system32;C:\WINDOWS;C:\WINDOWS\System32\Wbem;C:\WINDOWS\System32\WindowsPowerShell\v1.0\;C:\WINDOWS\System32\OpenSSH\;C:\MinGW\bin;C:\Program Files\MEGA-X;C:\WINDOWS\system32;C:\WINDOWS;C:\WINDOWS\System32\Wbem;C:\WINDOWS\System32\WindowsPowerShell\v1.0\;C:\WINDOWS\System32\OpenSSH\;C:\Program Files\Git\cmd;C:\Users\Dark Knight\AppData\Local\Microsoft\WindowsApps;C:\Users\Dark Knight\AppData\Local\atom\bin;C:\MinGW\bin;C:\Program Files (x86)\Microsoft Visual Studio\2019\BuildTools\MSBuild\Current\Bin;C:\Users\Dark Knight\AppData\Local\Microsoft\WindowsApps
USERNAME=Dark Knight
OS=Windows_NT
PROCESSOR_IDENTIFIER=Intel64 Family 6 Model 158 Stepping 10, GenuineIntel



---------------  S Y S T E M  ---------------

OS: Windows 10 , 64 bit Build 19041 (10.0.19041.1151)
OS uptime: 17 days 8:41 hours

CPU:total 8 (initial active 8) (4 cores per cpu, 2 threads per core) family 6 model 158 stepping 10, cmov, cx8, fxsr, mmx, sse, sse2, sse3, ssse3, sse4.1, sse4.2, popcnt, avx, avx2, aes, clmul, erms, 3dnowpref, lzcnt, ht, tsc, tscinvbit, bmi1, bmi2, adx, fma

Memory: 4k page, system-wide physical 8072M (883M free)
TotalPageFile size 12168M (AvailPageFile size 10M)
current process WorkingSet (physical memory assigned to process): 230M, peak: 238M
current process commit charge ("private bytes"): 300M, peak: 307M

vm_info: OpenJDK 64-Bit Server VM (11.0.8+10-b944.6842174) for windows-amd64 JRE (11.0.8+10-b944.6842174), built on Sep 19 2020 01:11:42 by "builder" with MS VC++ 14.0 (VS2015)

END.
