#
# There is insufficient memory for the Java Runtime Environment to continue.
# Native memory allocation (malloc) failed to allocate 1518736 bytes for Chunk::new
# Possible reasons:
#   The system is out of physical RAM or swap space
#   The process is running with CompressedOops enabled, and the Java Heap may be blocking the growth of the native heap
# Possible solutions:
#   Reduce memory load on the system
#   Increase physical memory or swap space
#   Check if swap backing store is full
#   Decrease Java heap size (-Xmx/-Xms)
#   Decrease number of Java threads
#   Decrease Java thread stack sizes (-Xss)
#   Set larger code cache with -XX:ReservedCodeCacheSize=
#   JVM is running with Unscaled Compressed Oops mode in which the Java heap is
#     placed in the first 4GB address space. The Java Heap base address is the
#     maximum limit for the native heap growth. Please use -XX:HeapBaseMinAddress
#     to set the Java Heap base and to place the Java Heap above 4GB virtual address.
# This output file may be truncated or incomplete.
#
#  Out of Memory Error (./src/hotspot/share/memory/arena.cpp:197), pid=15684, tid=50128
#
# JRE version: OpenJDK Runtime Environment (11.0.8+10) (build 11.0.8+10-b944.6842174)
# Java VM: OpenJDK 64-Bit Server VM (11.0.8+10-b944.6842174, mixed mode, tiered, compressed oops, g1 gc, windows-amd64)
# No core dump will be written. Minidumps are not enabled by default on client versions of Windows
#

---------------  S U M M A R Y ------------

Command Line: --add-opens=java.base/java.util=ALL-UNNAMED --add-opens=java.base/java.lang=ALL-UNNAMED --add-opens=java.base/java.lang.invoke=ALL-UNNAMED --add-opens=java.base/java.util=ALL-UNNAMED --add-opens=java.prefs/java.util.prefs=ALL-UNNAMED --add-opens=java.prefs/java.util.prefs=ALL-UNNAMED --add-opens=java.base/java.nio.charset=ALL-UNNAMED --add-opens=java.base/java.net=ALL-UNNAMED --add-opens=java.base/java.util.concurrent.atomic=ALL-UNNAMED -Xmx2048m -Dfile.encoding=UTF-8 -Duser.country=IN -Duser.language=en -Duser.variant org.gradle.launcher.daemon.bootstrap.GradleDaemon 7.0.2

Host: Intel(R) Core(TM) i5-9300H CPU @ 2.40GHz, 8 cores, 7G,  Windows 10 , 64 bit Build 19041 (10.0.19041.1151)
Time: Wed Sep  1 19:50:55 2021 India Standard Time elapsed time: 253 seconds (0d 0h 4m 13s)

---------------  T H R E A D  ---------------

Current thread (0x0000028f0e729800):  JavaThread "C2 CompilerThread1" daemon [_thread_in_native, id=50128, stack(0x000000e75f300000,0x000000e75f400000)]


Current CompileTask:
C2: 253804 16007       4       org.gradle.internal.component.model.ComponentAttributeMatcher::match (259 bytes)

Stack: [0x000000e75f300000,0x000000e75f400000]
Native frames: (J=compiled Java code, j=interpreted, Vv=VM code, C=native code)
V  [jvm.dll+0x5de50a]
V  [jvm.dll+0x7122f5]
V  [jvm.dll+0x71384d]
V  [jvm.dll+0x713f03]
V  [jvm.dll+0x23e728]
V  [jvm.dll+0xb899c]
V  [jvm.dll+0xb8e9c]
V  [jvm.dll+0x35024d]
V  [jvm.dll+0x193cbc]
V  [jvm.dll+0x1f780e]
V  [jvm.dll+0x1f68d4]
V  [jvm.dll+0x17f32c]
V  [jvm.dll+0x205047]
V  [jvm.dll+0x203891]
V  [jvm.dll+0x6dad3f]
V  [jvm.dll+0x6d3895]
V  [jvm.dll+0x5dd4a6]
C  [ucrtbase.dll+0x21bb2]
C  [KERNEL32.DLL+0x17034]
C  [ntdll.dll+0x52651]


---------------  P R O C E S S  ---------------

Threads class SMR info:
_java_thread_list=0x0000028f0e48b940, length=78, elements={
0x0000028f6b4be000, 0x0000028f0600c800, 0x0000028f06016000, 0x0000028f06067800,
0x0000028f06068800, 0x0000028f06069800, 0x0000028f0606d800, 0x0000028f06072000,
0x0000028f061bd000, 0x0000028f061de800, 0x0000028f079e9800, 0x0000028f07323000,
0x0000028f08b19000, 0x0000028f095d2000, 0x0000028f095d2800, 0x0000028f095d1000,
0x0000028f095d3800, 0x0000028f095d0000, 0x0000028f070f3000, 0x0000028f070f1800,
0x0000028f070f2000, 0x0000028f070f4000, 0x0000028f070f4800, 0x0000028f07100000,
0x0000028f070fe800, 0x0000028f070ff000, 0x0000028f0a9d2800, 0x0000028f0a9d0000,
0x0000028f0a9d3000, 0x0000028f0a9d1800, 0x0000028f0a9d6800, 0x0000028f0a9dd000,
0x0000028f0e728000, 0x0000028f0e72d000, 0x0000028f0a9d7000, 0x0000028f070fc800,
0x0000028f095d4800, 0x0000028f095d5000, 0x0000028f095d6000, 0x0000028f07531000,
0x0000028f07532800, 0x0000028f07534000, 0x0000028f0e728800, 0x0000028f07537800,
0x0000028f07531800, 0x0000028f0a9d4000, 0x0000028f0a9ce800, 0x0000028f0a9d5000,
0x0000028f0a9cf000, 0x0000028f0a9d5800, 0x0000028f0a9d0800, 0x0000028f0a9dc000,
0x0000028f0a9d8000, 0x0000028f0a9d9000, 0x0000028f0a9d9800, 0x0000028f0a9da800,
0x0000028f0e729800, 0x0000028f0e72b000, 0x0000028f0e72a800, 0x0000028f0e72c000,
0x0000028f0e726800, 0x0000028f0e727000, 0x0000028f0e731000, 0x0000028f0e730000,
0x0000028f0e731800, 0x0000028f0e732800, 0x0000028f0e733800, 0x0000028f0e72d800,
0x0000028f0e72f800, 0x0000028f0e734000, 0x0000028f0e72e800, 0x0000028f0e735000,
0x0000028f0752f800, 0x0000028f07535000, 0x0000028f07533800, 0x0000028f07536000,
0x0000028f07530000, 0x0000028f07539000
}

Java Threads: ( => current thread )
  0x0000028f6b4be000 JavaThread "main" [_thread_blocked, id=37468, stack(0x000000e75c800000,0x000000e75c900000)]
  0x0000028f0600c800 JavaThread "Reference Handler" daemon [_thread_blocked, id=25836, stack(0x000000e75cf00000,0x000000e75d000000)]
  0x0000028f06016000 JavaThread "Finalizer" daemon [_thread_blocked, id=53292, stack(0x000000e75d000000,0x000000e75d100000)]
  0x0000028f06067800 JavaThread "Signal Dispatcher" daemon [_thread_blocked, id=47684, stack(0x000000e75d100000,0x000000e75d200000)]
  0x0000028f06068800 JavaThread "Attach Listener" daemon [_thread_blocked, id=53432, stack(0x000000e75d200000,0x000000e75d300000)]
  0x0000028f06069800 JavaThread "C2 CompilerThread0" daemon [_thread_blocked, id=51536, stack(0x000000e75d300000,0x000000e75d400000)]
  0x0000028f0606d800 JavaThread "C1 CompilerThread0" daemon [_thread_blocked, id=30904, stack(0x000000e75d400000,0x000000e75d500000)]
  0x0000028f06072000 JavaThread "Sweeper thread" daemon [_thread_blocked, id=48292, stack(0x000000e75d500000,0x000000e75d600000)]
  0x0000028f061bd000 JavaThread "Common-Cleaner" daemon [_thread_blocked, id=40856, stack(0x000000e75d600000,0x000000e75d700000)]
  0x0000028f061de800 JavaThread "Service Thread" daemon [_thread_blocked, id=50344, stack(0x000000e75d700000,0x000000e75d800000)]
  0x0000028f079e9800 JavaThread "Daemon health stats" [_thread_blocked, id=43536, stack(0x000000e75dd00000,0x000000e75de00000)]
  0x0000028f07323000 JavaThread "Incoming local TCP Connector on port 62197" [_thread_in_native, id=52112, stack(0x000000e75d900000,0x000000e75da00000)]
  0x0000028f08b19000 JavaThread "Daemon periodic checks" [_thread_blocked, id=49992, stack(0x000000e75dc00000,0x000000e75dd00000)]
  0x0000028f095d2000 JavaThread "Cache worker for file hash cache (C:\Users\Dark Knight\.gradle\caches\7.0.2\fileHashes)" [_thread_blocked, id=30728, stack(0x000000e75eb00000,0x000000e75ec00000)]
  0x0000028f095d2800 JavaThread "File lock request listener" [_thread_in_native, id=52984, stack(0x000000e75ec00000,0x000000e75ed00000)]
  0x0000028f095d1000 JavaThread "Cache worker for journal cache (C:\Users\Dark Knight\.gradle\caches\journal-1)" [_thread_blocked, id=47404, stack(0x000000e75ee00000,0x000000e75ef00000)]
  0x0000028f095d3800 JavaThread "File watcher server" daemon [_thread_in_native, id=44148, stack(0x000000e75f000000,0x000000e75f100000)]
  0x0000028f095d0000 JavaThread "File watcher consumer" daemon [_thread_blocked, id=37936, stack(0x000000e75f100000,0x000000e75f200000)]
  0x0000028f070f3000 JavaThread "Cache worker for execution history cache (C:\Users\Dark Knight\.gradle\caches\7.0.2\executionHistory)" [_thread_blocked, id=39200, stack(0x000000e75f500000,0x000000e75f600000)]
  0x0000028f070f1800 JavaThread "jar transforms" [_thread_blocked, id=52264, stack(0x000000e75f700000,0x000000e75f800000)]
  0x0000028f070f2000 JavaThread "jar transforms Thread 2" [_thread_blocked, id=55000, stack(0x000000e75f800000,0x000000e75f900000)]
  0x0000028f070f4000 JavaThread "Cache worker for file content cache (C:\Users\Dark Knight\.gradle\caches\7.0.2\fileContent)" [_thread_blocked, id=50496, stack(0x000000e75f900000,0x000000e75fa00000)]
  0x0000028f070f4800 JavaThread "jar transforms Thread 3" [_thread_blocked, id=53032, stack(0x000000e75fb00000,0x000000e75fc00000)]
  0x0000028f07100000 JavaThread "jar transforms Thread 4" [_thread_blocked, id=53380, stack(0x000000e760500000,0x000000e760600000)]
  0x0000028f070fe800 JavaThread "jar transforms Thread 5" [_thread_blocked, id=49812, stack(0x000000e760600000,0x000000e760700000)]
  0x0000028f070ff000 JavaThread "jar transforms Thread 6" [_thread_blocked, id=55120, stack(0x000000e760700000,0x000000e760800000)]
  0x0000028f0a9d2800 JavaThread "jar transforms Thread 7" [_thread_blocked, id=50468, stack(0x000000e760800000,0x000000e760900000)]
  0x0000028f0a9d0000 JavaThread "jar transforms Thread 8" [_thread_blocked, id=47920, stack(0x000000e760900000,0x000000e760a00000)]
  0x0000028f0a9d3000 JavaThread "Memory manager" [_thread_blocked, id=48324, stack(0x000000e760a00000,0x000000e760b00000)]
  0x0000028f0a9d1800 JavaThread "pool-3-thread-1" [_thread_blocked, id=3956, stack(0x000000e760c00000,0x000000e760d00000)]
  0x0000028f0a9d6800 JavaThread "ForkJoinPool.commonPool-worker-3" daemon [_thread_blocked, id=55216, stack(0x000000e761700000,0x000000e761800000)]
  0x0000028f0a9dd000 JavaThread "ForkJoinPool.commonPool-worker-5" daemon [_thread_blocked, id=47056, stack(0x000000e761800000,0x000000e761900000)]
  0x0000028f0e728000 JavaThread "ForkJoinPool.commonPool-worker-9" daemon [_thread_blocked, id=44160, stack(0x000000e761a00000,0x000000e761b00000)]
  0x0000028f0e72d000 JavaThread "ForkJoinPool.commonPool-worker-15" daemon [_thread_blocked, id=49504, stack(0x000000e761d00000,0x000000e761e00000)]
  0x0000028f0a9d7000 JavaThread "pool-7-thread-1" [_thread_blocked, id=42740, stack(0x000000e760b00000,0x000000e760c00000)]
  0x0000028f070fc800 JavaThread "RMI Scheduler(0)" daemon [_thread_blocked, id=54860, stack(0x000000e761600000,0x000000e761700000)]
  0x0000028f095d4800 JavaThread "RMI GC Daemon" daemon [_thread_blocked, id=51484, stack(0x000000e761e00000,0x000000e761f00000)]
  0x0000028f095d5000 JavaThread "RMI TCP Accept-0" daemon [_thread_in_native, id=39956, stack(0x000000e761f00000,0x000000e762000000)]
  0x0000028f095d6000 JavaThread "RMI Reaper" [_thread_blocked, id=16816, stack(0x000000e762000000,0x000000e762100000)]
  0x0000028f07531000 JavaThread "ForkJoinPool.commonPool-worker-1" daemon [_thread_blocked, id=33388, stack(0x000000e761900000,0x000000e761a00000)]
  0x0000028f07532800 JavaThread "Daemon Thread 3" [_thread_blocked, id=52556, stack(0x000000e75c500000,0x000000e75c600000)]
  0x0000028f07534000 JavaThread "Daemon worker Thread 3" [_thread_in_Java, id=47564, stack(0x000000e75de00000,0x000000e75df00000)]
  0x0000028f0e728800 JavaThread "pool-11-thread-1" [_thread_blocked, id=47252, stack(0x000000e760300000,0x000000e760400000)]
  0x0000028f07537800 JavaThread "pool-15-thread-1" [_thread_blocked, id=31844, stack(0x000000e760400000,0x000000e760500000)]
  0x0000028f07531800 JavaThread "pool-19-thread-1" [_thread_blocked, id=10416, stack(0x000000e760d00000,0x000000e760e00000)]
  0x0000028f0a9d4000 JavaThread "Handler for socket connection from /127.0.0.1:62197 to /127.0.0.1:62578" [_thread_in_native, id=27868, stack(0x000000e75c600000,0x000000e75c700000)]
  0x0000028f0a9ce800 JavaThread "Cancel handler" [_thread_blocked, id=48492, stack(0x000000e75c700000,0x000000e75c800000)]
  0x0000028f0a9d5000 JavaThread "Asynchronous log dispatcher for DefaultDaemonConnection: socket connection from /127.0.0.1:62197 to /127.0.0.1:62578" [_thread_blocked, id=45884, stack(0x000000e75df00000,0x000000e75e000000)]
  0x0000028f0a9cf000 JavaThread "Stdin handler" [_thread_blocked, id=26856, stack(0x000000e75e000000,0x000000e75e100000)]
  0x0000028f0a9d5800 JavaThread "Daemon client event forwarder" [_thread_in_Java, id=49632, stack(0x000000e75e100000,0x000000e75e200000)]
  0x0000028f0a9d0800 JavaThread "Cache worker for file hash cache (C:\Android Projects\Udemy TUTORIAL\7MinuteWorkout2\.gradle\7.0.2\fileHashes)" [_thread_blocked, id=52036, stack(0x000000e75e200000,0x000000e75e300000)]
  0x0000028f0a9dc000 JavaThread "Cache worker for checksums cache (C:\Android Projects\Udemy TUTORIAL\7MinuteWorkout2\.gradle\checksums)" [_thread_blocked, id=38864, stack(0x000000e75e300000,0x000000e75e400000)]
  0x0000028f0a9d8000 JavaThread "Cache worker for cache directory md-supplier (C:\Users\Dark Knight\.gradle\caches\7.0.2\md-supplier)" [_thread_blocked, id=53944, stack(0x000000e75e400000,0x000000e75e500000)]
  0x0000028f0a9d9000 JavaThread "Cache worker for cache directory md-rule (C:\Users\Dark Knight\.gradle\caches\7.0.2\md-rule)" [_thread_blocked, id=15508, stack(0x000000e75e500000,0x000000e75e600000)]
  0x0000028f0a9d9800 JavaThread "Cache worker for dependencies-accessors (C:\Android Projects\Udemy TUTORIAL\7MinuteWorkout2\.gradle\7.0.2\dependencies-accessors)" [_thread_blocked, id=49924, stack(0x000000e75ef00000,0x000000e75f000000)]
  0x0000028f0a9da800 JavaThread "Cache worker for Build Output Cleanup Cache (C:\Android Projects\Udemy TUTORIAL\7MinuteWorkout2\.gradle\buildOutputCleanup)" [_thread_blocked, id=48004, stack(0x000000e75f200000,0x000000e75f300000)]
=>0x0000028f0e729800 JavaThread "C2 CompilerThread1" daemon [_thread_in_native, id=50128, stack(0x000000e75f300000,0x000000e75f400000)]
  0x0000028f0e72b000 JavaThread "Build operations" [_thread_blocked, id=47244, stack(0x000000e75f400000,0x000000e75f500000)]
  0x0000028f0e72a800 JavaThread "Build operations Thread 2" [_thread_blocked, id=48436, stack(0x000000e75f600000,0x000000e75f700000)]
  0x0000028f0e72c000 JavaThread "Build operations Thread 3" [_thread_blocked, id=43548, stack(0x000000e75fa00000,0x000000e75fb00000)]
  0x0000028f0e726800 JavaThread "Build operations Thread 4" [_thread_blocked, id=44016, stack(0x000000e75fc00000,0x000000e75fd00000)]
  0x0000028f0e727000 JavaThread "Build operations Thread 5" [_thread_blocked, id=50768, stack(0x000000e75fd00000,0x000000e75fe00000)]
  0x0000028f0e731000 JavaThread "Build operations Thread 6" [_thread_blocked, id=52320, stack(0x000000e75fe00000,0x000000e75ff00000)]
  0x0000028f0e730000 JavaThread "Build operations Thread 7" [_thread_blocked, id=25740, stack(0x000000e75ff00000,0x000000e760000000)]
  0x0000028f0e731800 JavaThread "Build operations Thread 8" [_thread_blocked, id=3136, stack(0x000000e760000000,0x000000e760100000)]
  0x0000028f0e732800 JavaThread "C2 CompilerThread2" daemon [_thread_in_native, id=54364, stack(0x000000e760100000,0x000000e760200000)]
  0x0000028f0e733800 JavaThread "build event listener" [_thread_blocked, id=38772, stack(0x000000e760200000,0x000000e760300000)]
  0x0000028f0e72d800 JavaThread "pool-23-thread-1" [_thread_blocked, id=52472, stack(0x000000e760e00000,0x000000e760f00000)]
  0x0000028f0e72f800 JavaThread "build event listener" [_thread_blocked, id=55088, stack(0x000000e760f00000,0x000000e761000000)]
  0x0000028f0e734000 JavaThread "Execution worker for ':'" [_thread_blocked, id=47512, stack(0x000000e761000000,0x000000e761100000)]
  0x0000028f0e72e800 JavaThread "Execution worker for ':' Thread 2" [_thread_blocked, id=46116, stack(0x000000e761100000,0x000000e761200000)]
  0x0000028f0e735000 JavaThread "Execution worker for ':' Thread 3" [_thread_blocked, id=23908, stack(0x000000e761200000,0x000000e761300000)]
  0x0000028f0752f800 JavaThread "Execution worker for ':' Thread 4" [_thread_blocked, id=54236, stack(0x000000e761300000,0x000000e761400000)]
  0x0000028f07535000 JavaThread "Execution worker for ':' Thread 5" [_thread_blocked, id=48192, stack(0x000000e761400000,0x000000e761500000)]
  0x0000028f07533800 JavaThread "Execution worker for ':' Thread 6" [_thread_blocked, id=43736, stack(0x000000e761500000,0x000000e761600000)]
  0x0000028f07536000 JavaThread "Execution worker for ':' Thread 7" [_thread_blocked, id=41012, stack(0x000000e761b00000,0x000000e761c00000)]
  0x0000028f07530000 JavaThread "Cache worker for execution history cache (C:\Android Projects\Udemy TUTORIAL\7MinuteWorkout2\.gradle\7.0.2\executionHistory)" [_thread_blocked, id=46776, stack(0x000000e761c00000,0x000000e761d00000)]
  0x0000028f07539000 JavaThread "WorkerExecutor Queue" [_thread_blocked, id=42468, stack(0x000000e762100000,0x000000e762200000)]

Other Threads:
  0x0000028f06005800 VMThread "VM Thread" [stack: 0x000000e75ce00000,0x000000e75cf00000] [id=36784]
  0x0000028f061df800 WatcherThread [stack: 0x000000e75d800000,0x000000e75d900000] [id=52728]
  0x0000028f6b4d6800 GCTaskThread "GC Thread#0" [stack: 0x000000e75c900000,0x000000e75ca00000] [id=10696]
  0x0000028f073f8000 GCTaskThread "GC Thread#1" [stack: 0x000000e75da00000,0x000000e75db00000] [id=53208]
  0x0000028f0729b800 GCTaskThread "GC Thread#2" [stack: 0x000000e75db00000,0x000000e75dc00000] [id=42924]
  0x0000028f08679800 GCTaskThread "GC Thread#3" [stack: 0x000000e75e600000,0x000000e75e700000] [id=53808]
  0x0000028f095df800 GCTaskThread "GC Thread#4" [stack: 0x000000e75e700000,0x000000e75e800000] [id=52300]
  0x0000028f09414000 GCTaskThread "GC Thread#5" [stack: 0x000000e75e800000,0x000000e75e900000] [id=55268]
  0x0000028f06373800 GCTaskThread "GC Thread#6" [stack: 0x000000e75e900000,0x000000e75ea00000] [id=30900]
  0x0000028f093c4800 GCTaskThread "GC Thread#7" [stack: 0x000000e75ea00000,0x000000e75eb00000] [id=35624]
  0x0000028f6b508800 ConcurrentGCThread "G1 Main Marker" [stack: 0x000000e75ca00000,0x000000e75cb00000] [id=31020]
  0x0000028f6b50a000 ConcurrentGCThread "G1 Conc#0" [stack: 0x000000e75cb00000,0x000000e75cc00000] [id=812]
  0x0000028f08d87000 ConcurrentGCThread "G1 Conc#1" [stack: 0x000000e75ed00000,0x000000e75ee00000] [id=49188]
  0x0000028f6b59d800 ConcurrentGCThread "G1 Refine#0" [stack: 0x000000e75cc00000,0x000000e75cd00000] [id=35368]
  0x0000028f7f624800 ConcurrentGCThread "G1 Young RemSet Sampling" [stack: 0x000000e75cd00000,0x000000e75ce00000] [id=51096]

Threads with active compile tasks:
C2 CompilerThread0 253875 16285       4       org.gradle.api.internal.artifacts.transform.AttributeMatchingVariantSelector::doSelect (469 bytes)
C2 CompilerThread1 253875 16007       4       org.gradle.internal.component.model.ComponentAttributeMatcher::match (259 bytes)
C2 CompilerThread2 253875 16284 %     4       org.gradle.api.internal.artifacts.transform.ConsumerProvidedVariantFinder::findProducersFor @ 51 (343 bytes)

VM state:not at safepoint (normal execution)

VM Mutex/Monitor currently owned by a thread: None

Heap address: 0x0000000080000000, size: 2048 MB, Compressed Oops mode: 32-bit
Narrow klass base: 0x0000000000000000, Narrow klass shift: 3
Compressed class space size: 1073741824 Address: 0x0000000100000000

Heap:
 garbage-first heap   total 189440K, used 110173K [0x0000000080000000, 0x0000000100000000)
  region size 1024K, 16 young (16384K), 6 survivors (6144K)
 Metaspace       used 112489K, capacity 115617K, committed 115780K, reserved 1148928K
  class space    used 14321K, capacity 15511K, committed 15512K, reserved 1048576K
Heap Regions: E=young(eden), S=young(survivor), O=old, HS=humongous(starts), HC=humongous(continues), CS=collection set, F=free, A=archive, TAMS=top-at-mark-start (previous, next)
|   0|0x0000000080000000, 0x0000000080100000, 0x0000000080100000|100%| O|  |TAMS 0x0000000080100000, 0x0000000080000000| Updating 
|   1|0x0000000080100000, 0x0000000080200000, 0x0000000080200000|100%| O|  |TAMS 0x0000000080200000, 0x0000000080100000| Updating 
|   2|0x0000000080200000, 0x0000000080300000, 0x0000000080300000|100%| O|  |TAMS 0x0000000080300000, 0x0000000080200000| Updating 
|   3|0x0000000080300000, 0x0000000080400000, 0x0000000080400000|100%|HS|  |TAMS 0x0000000080400000, 0x0000000080300000| Complete 
|   4|0x0000000080400000, 0x0000000080500000, 0x0000000080500000|100%|HC|  |TAMS 0x0000000080500000, 0x0000000080400000| Complete 
|   5|0x0000000080500000, 0x0000000080600000, 0x0000000080600000|100%|HC|  |TAMS 0x0000000080600000, 0x0000000080500000| Complete 
|   6|0x0000000080600000, 0x0000000080700000, 0x0000000080700000|100%| O|  |TAMS 0x0000000080700000, 0x0000000080600000| Updating 
|   7|0x0000000080700000, 0x0000000080800000, 0x0000000080800000|100%| O|  |TAMS 0x0000000080800000, 0x0000000080700000| Updating 
|   8|0x0000000080800000, 0x0000000080900000, 0x0000000080900000|100%| O|  |TAMS 0x0000000080900000, 0x0000000080800000| Updating 
|   9|0x0000000080900000, 0x0000000080a00000, 0x0000000080a00000|100%| O|  |TAMS 0x0000000080a00000, 0x0000000080900000| Updating 
|  10|0x0000000080a00000, 0x0000000080b00000, 0x0000000080b00000|100%| O|  |TAMS 0x0000000080b00000, 0x0000000080a00000| Updating 
|  11|0x0000000080b00000, 0x0000000080c00000, 0x0000000080c00000|100%| O|  |TAMS 0x0000000080c00000, 0x0000000080b00000| Updating 
|  12|0x0000000080c00000, 0x0000000080d00000, 0x0000000080d00000|100%| O|  |TAMS 0x0000000080d00000, 0x0000000080c00000| Updating 
|  13|0x0000000080d00000, 0x0000000080e00000, 0x0000000080e00000|100%| O|  |TAMS 0x0000000080e00000, 0x0000000080d00000| Updating 
|  14|0x0000000080e00000, 0x0000000080f00000, 0x0000000080f00000|100%| O|  |TAMS 0x0000000080f00000, 0x0000000080e00000| Updating 
|  15|0x0000000080f00000, 0x0000000081000000, 0x0000000081000000|100%| O|  |TAMS 0x0000000081000000, 0x0000000080f00000| Updating 
|  16|0x0000000081000000, 0x0000000081100000, 0x0000000081100000|100%|HS|  |TAMS 0x0000000081100000, 0x0000000081000000| Complete 
|  17|0x0000000081100000, 0x0000000081200000, 0x0000000081200000|100%| O|  |TAMS 0x0000000081200000, 0x0000000081100000| Updating 
|  18|0x0000000081200000, 0x0000000081300000, 0x0000000081300000|100%| O|  |TAMS 0x0000000081300000, 0x0000000081200000| Updating 
|  19|0x0000000081300000, 0x0000000081400000, 0x0000000081400000|100%| O|  |TAMS 0x0000000081400000, 0x0000000081300000| Updating 
|  20|0x0000000081400000, 0x0000000081500000, 0x0000000081500000|100%| O|  |TAMS 0x0000000081500000, 0x0000000081400000| Updating 
|  21|0x0000000081500000, 0x0000000081600000, 0x0000000081600000|100%| O|  |TAMS 0x0000000081600000, 0x0000000081500000| Updating 
|  22|0x0000000081600000, 0x0000000081700000, 0x0000000081700000|100%| O|  |TAMS 0x0000000081700000, 0x0000000081600000| Updating 
|  23|0x0000000081700000, 0x0000000081800000, 0x0000000081800000|100%|HS|  |TAMS 0x0000000081800000, 0x0000000081700000| Complete 
|  24|0x0000000081800000, 0x0000000081900000, 0x0000000081900000|100%|HS|  |TAMS 0x0000000081900000, 0x0000000081800000| Complete 
|  25|0x0000000081900000, 0x0000000081a00000, 0x0000000081a00000|100%|HC|  |TAMS 0x0000000081a00000, 0x0000000081900000| Complete 
|  26|0x0000000081a00000, 0x0000000081b00000, 0x0000000081b00000|100%|HC|  |TAMS 0x0000000081b00000, 0x0000000081a00000| Complete 
|  27|0x0000000081b00000, 0x0000000081c00000, 0x0000000081c00000|100%|HS|  |TAMS 0x0000000081c00000, 0x0000000081b00000| Complete 
|  28|0x0000000081c00000, 0x0000000081d00000, 0x0000000081d00000|100%|HC|  |TAMS 0x0000000081d00000, 0x0000000081c00000| Complete 
|  29|0x0000000081d00000, 0x0000000081e00000, 0x0000000081e00000|100%| O|  |TAMS 0x0000000081e00000, 0x0000000081d00000| Updating 
|  30|0x0000000081e00000, 0x0000000081f00000, 0x0000000081f00000|100%| O|  |TAMS 0x0000000081f00000, 0x0000000081e00000| Updating 
|  31|0x0000000081f00000, 0x0000000082000000, 0x0000000082000000|100%| O|  |TAMS 0x0000000082000000, 0x0000000081f00000| Updating 
|  32|0x0000000082000000, 0x0000000082100000, 0x0000000082100000|100%| O|  |TAMS 0x0000000082100000, 0x0000000082000000| Updating 
|  33|0x0000000082100000, 0x0000000082200000, 0x0000000082200000|100%| O|  |TAMS 0x0000000082200000, 0x0000000082100000| Updating 
|  34|0x0000000082200000, 0x0000000082300000, 0x0000000082300000|100%| O|  |TAMS 0x0000000082300000, 0x0000000082200000| Updating 
|  35|0x0000000082300000, 0x0000000082400000, 0x0000000082400000|100%| O|  |TAMS 0x0000000082400000, 0x0000000082300000| Updating 
|  36|0x0000000082400000, 0x0000000082500000, 0x0000000082500000|100%| O|  |TAMS 0x0000000082500000, 0x0000000082400000| Updating 
|  37|0x0000000082500000, 0x0000000082600000, 0x0000000082600000|100%| O|  |TAMS 0x0000000082600000, 0x0000000082500000| Updating 
|  38|0x0000000082600000, 0x0000000082700000, 0x0000000082700000|100%| O|  |TAMS 0x0000000082700000, 0x0000000082600000| Updating 
|  39|0x0000000082700000, 0x0000000082800000, 0x0000000082800000|100%| O|  |TAMS 0x0000000082800000, 0x0000000082700000| Updating 
|  40|0x0000000082800000, 0x0000000082900000, 0x0000000082900000|100%| O|  |TAMS 0x0000000082900000, 0x0000000082800000| Updating 
|  41|0x0000000082900000, 0x0000000082a00000, 0x0000000082a00000|100%| O|  |TAMS 0x0000000082a00000, 0x0000000082900000| Updating 
|  42|0x0000000082a00000, 0x0000000082b00000, 0x0000000082b00000|100%| O|  |TAMS 0x0000000082b00000, 0x0000000082a00000| Updating 
|  43|0x0000000082b00000, 0x0000000082c00000, 0x0000000082c00000|100%| O|  |TAMS 0x0000000082c00000, 0x0000000082b00000| Updating 
|  44|0x0000000082c00000, 0x0000000082d00000, 0x0000000082d00000|100%| O|  |TAMS 0x0000000082d00000, 0x0000000082c00000| Updating 
|  45|0x0000000082d00000, 0x0000000082e00000, 0x0000000082e00000|100%| O|  |TAMS 0x0000000082e00000, 0x0000000082d00000| Updating 
|  46|0x0000000082e00000, 0x0000000082f00000, 0x0000000082f00000|100%| O|  |TAMS 0x0000000082f00000, 0x0000000082e00000| Updating 
|  47|0x0000000082f00000, 0x0000000083000000, 0x0000000083000000|100%| O|  |TAMS 0x0000000083000000, 0x0000000082f00000| Updating 
|  48|0x0000000083000000, 0x0000000083100000, 0x0000000083100000|100%| O|  |TAMS 0x0000000083100000, 0x0000000083000000| Updating 
|  49|0x0000000083100000, 0x0000000083200000, 0x0000000083200000|100%| O|  |TAMS 0x0000000083200000, 0x0000000083100000| Updating 
|  50|0x0000000083200000, 0x0000000083300000, 0x0000000083300000|100%| O|  |TAMS 0x0000000083300000, 0x0000000083200000| Updating 
|  51|0x0000000083300000, 0x0000000083400000, 0x0000000083400000|100%| O|  |TAMS 0x0000000083400000, 0x0000000083300000| Updating 
|  52|0x0000000083400000, 0x0000000083500000, 0x0000000083500000|100%| O|  |TAMS 0x0000000083500000, 0x0000000083400000| Updating 
|  53|0x0000000083500000, 0x0000000083600000, 0x0000000083600000|100%| O|  |TAMS 0x0000000083600000, 0x0000000083500000| Updating 
|  54|0x0000000083600000, 0x0000000083700000, 0x0000000083700000|100%| O|  |TAMS 0x0000000083700000, 0x0000000083600000| Updating 
|  55|0x0000000083700000, 0x0000000083800000, 0x0000000083800000|100%| O|  |TAMS 0x0000000083800000, 0x0000000083700000| Updating 
|  56|0x0000000083800000, 0x0000000083900000, 0x0000000083900000|100%| O|  |TAMS 0x0000000083900000, 0x0000000083800000| Updating 
|  57|0x0000000083900000, 0x0000000083a00000, 0x0000000083a00000|100%| O|  |TAMS 0x0000000083a00000, 0x0000000083900000| Updating 
|  58|0x0000000083a00000, 0x0000000083b00000, 0x0000000083b00000|100%| O|  |TAMS 0x0000000083b00000, 0x0000000083a00000| Updating 
|  59|0x0000000083b00000, 0x0000000083c00000, 0x0000000083c00000|100%| O|  |TAMS 0x0000000083c00000, 0x0000000083b00000| Updating 
|  60|0x0000000083c00000, 0x0000000083d00000, 0x0000000083d00000|100%| O|  |TAMS 0x0000000083d00000, 0x0000000083c00000| Updating 
|  61|0x0000000083d00000, 0x0000000083e00000, 0x0000000083e00000|100%| O|  |TAMS 0x0000000083e00000, 0x0000000083d00000| Updating 
|  62|0x0000000083e00000, 0x0000000083f00000, 0x0000000083f00000|100%| O|  |TAMS 0x0000000083f00000, 0x0000000083e00000| Updating 
|  63|0x0000000083f00000, 0x0000000084000000, 0x0000000084000000|100%| O|  |TAMS 0x0000000084000000, 0x0000000083f00000| Updating 
|  64|0x0000000084000000, 0x0000000084100000, 0x0000000084100000|100%| O|  |TAMS 0x0000000084100000, 0x0000000084000000| Updating 
|  65|0x0000000084100000, 0x0000000084200000, 0x0000000084200000|100%| O|  |TAMS 0x0000000084200000, 0x0000000084100000| Updating 
|  66|0x0000000084200000, 0x0000000084300000, 0x0000000084300000|100%| O|  |TAMS 0x0000000084300000, 0x0000000084200000| Updating 
|  67|0x0000000084300000, 0x0000000084400000, 0x0000000084400000|100%| O|  |TAMS 0x0000000084400000, 0x0000000084300000| Updating 
|  68|0x0000000084400000, 0x0000000084500000, 0x0000000084500000|100%| O|  |TAMS 0x0000000084500000, 0x0000000084400000| Updating 
|  69|0x0000000084500000, 0x0000000084600000, 0x0000000084600000|100%| O|  |TAMS 0x0000000084600000, 0x0000000084500000| Updating 
|  70|0x0000000084600000, 0x0000000084600000, 0x0000000084700000|  0%| F|  |TAMS 0x0000000084600000, 0x0000000084600000| Untracked 
|  71|0x0000000084700000, 0x0000000084700000, 0x0000000084800000|  0%| F|  |TAMS 0x0000000084700000, 0x0000000084700000| Untracked 
|  72|0x0000000084800000, 0x0000000084800000, 0x0000000084900000|  0%| F|  |TAMS 0x0000000084800000, 0x0000000084800000| Untracked 
|  73|0x0000000084900000, 0x0000000084900000, 0x0000000084a00000|  0%| F|  |TAMS 0x0000000084900000, 0x0000000084900000| Untracked 
|  74|0x0000000084a00000, 0x0000000084a00000, 0x0000000084b00000|  0%| F|  |TAMS 0x0000000084a00000, 0x0000000084a00000| Untracked 
|  75|0x0000000084b00000, 0x0000000084b00000, 0x0000000084c00000|  0%| F|  |TAMS 0x0000000084b00000, 0x0000000084b00000| Untracked 
|  76|0x0000000084c00000, 0x0000000084d00000, 0x0000000084d00000|100%| O|  |TAMS 0x0000000084d00000, 0x0000000084c00000| Updating 
|  77|0x0000000084d00000, 0x0000000084e00000, 0x0000000084e00000|100%| O|  |TAMS 0x0000000084e00000, 0x0000000084d00000| Updating 
|  78|0x0000000084e00000, 0x0000000084f00000, 0x0000000084f00000|100%| O|  |TAMS 0x0000000084f00000, 0x0000000084e00000| Updating 
|  79|0x0000000084f00000, 0x0000000084f00000, 0x0000000085000000|  0%| F|  |TAMS 0x0000000084f00000, 0x0000000084f00000| Untracked 
|  80|0x0000000085000000, 0x0000000085000000, 0x0000000085100000|  0%| F|  |TAMS 0x0000000085000000, 0x0000000085000000| Untracked 
|  81|0x0000000085100000, 0x0000000085100000, 0x0000000085200000|  0%| F|  |TAMS 0x0000000085100000, 0x0000000085100000| Untracked 
|  82|0x0000000085200000, 0x0000000085300000, 0x0000000085300000|100%| O|  |TAMS 0x0000000085300000, 0x0000000085200000| Updating 
|  83|0x0000000085300000, 0x0000000085300000, 0x0000000085400000|  0%| F|  |TAMS 0x0000000085300000, 0x0000000085300000| Untracked 
|  84|0x0000000085400000, 0x0000000085500000, 0x0000000085500000|100%| O|  |TAMS 0x0000000085500000, 0x0000000085400000| Updating 
|  85|0x0000000085500000, 0x0000000085600000, 0x0000000085600000|100%| O|  |TAMS 0x0000000085600000, 0x0000000085500000| Updating 
|  86|0x0000000085600000, 0x0000000085700000, 0x0000000085700000|100%| O|  |TAMS 0x0000000085700000, 0x0000000085600000| Updating 
|  87|0x0000000085700000, 0x0000000085800000, 0x0000000085800000|100%| O|  |TAMS 0x0000000085800000, 0x0000000085700000| Updating 
|  88|0x0000000085800000, 0x0000000085900000, 0x0000000085900000|100%| O|  |TAMS 0x0000000085900000, 0x0000000085800000| Updating 
|  89|0x0000000085900000, 0x0000000085a00000, 0x0000000085a00000|100%| O|  |TAMS 0x0000000085a00000, 0x0000000085900000| Updating 
|  90|0x0000000085a00000, 0x0000000085b00000, 0x0000000085b00000|100%| O|  |TAMS 0x0000000085b00000, 0x0000000085a00000| Updating 
|  91|0x0000000085b00000, 0x0000000085c00000, 0x0000000085c00000|100%| O|  |TAMS 0x0000000085c00000, 0x0000000085b00000| Updating 
|  92|0x0000000085c00000, 0x0000000085d00000, 0x0000000085d00000|100%| O|  |TAMS 0x0000000085d00000, 0x0000000085c00000| Updating 
|  93|0x0000000085d00000, 0x0000000085e00000, 0x0000000085e00000|100%| O|  |TAMS 0x0000000085e00000, 0x0000000085d00000| Updating 
|  94|0x0000000085e00000, 0x0000000085f00000, 0x0000000085f00000|100%| O|  |TAMS 0x0000000085f00000, 0x0000000085e00000| Updating 
|  95|0x0000000085f00000, 0x0000000086000000, 0x0000000086000000|100%| O|  |TAMS 0x0000000086000000, 0x0000000085f00000| Updating 
|  96|0x0000000086000000, 0x0000000086100000, 0x0000000086100000|100%| O|  |TAMS 0x0000000086100000, 0x0000000086000000| Updating 
|  97|0x0000000086100000, 0x0000000086197400, 0x0000000086200000| 59%| O|  |TAMS 0x0000000086197400, 0x0000000086100000| Updating 
|  98|0x0000000086200000, 0x0000000086200000, 0x0000000086300000|  0%| F|  |TAMS 0x0000000086200000, 0x0000000086200000| Untracked 
|  99|0x0000000086300000, 0x0000000086300000, 0x0000000086400000|  0%| F|  |TAMS 0x0000000086300000, 0x0000000086300000| Untracked 
| 100|0x0000000086400000, 0x0000000086400000, 0x0000000086500000|  0%| F|  |TAMS 0x0000000086400000, 0x0000000086400000| Untracked 
| 101|0x0000000086500000, 0x0000000086500000, 0x0000000086600000|  0%| F|  |TAMS 0x0000000086500000, 0x0000000086500000| Untracked 
| 102|0x0000000086600000, 0x0000000086600000, 0x0000000086700000|  0%| F|  |TAMS 0x0000000086600000, 0x0000000086600000| Untracked 
| 103|0x0000000086700000, 0x0000000086700000, 0x0000000086800000|  0%| F|  |TAMS 0x0000000086700000, 0x0000000086700000| Untracked 
| 104|0x0000000086800000, 0x0000000086900000, 0x0000000086900000|100%| O|  |TAMS 0x0000000086900000, 0x0000000086800000| Updating 
| 105|0x0000000086900000, 0x0000000086a00000, 0x0000000086a00000|100%| O|  |TAMS 0x0000000086a00000, 0x0000000086900000| Updating 
| 106|0x0000000086a00000, 0x0000000086b00000, 0x0000000086b00000|100%| O|  |TAMS 0x0000000086b00000, 0x0000000086a00000| Updating 
| 107|0x0000000086b00000, 0x0000000086c00000, 0x0000000086c00000|100%| O|  |TAMS 0x0000000086c00000, 0x0000000086b00000| Updating 
| 108|0x0000000086c00000, 0x0000000086d00000, 0x0000000086d00000|100%| O|  |TAMS 0x0000000086d00000, 0x0000000086c00000| Updating 
| 109|0x0000000086d00000, 0x0000000086d00000, 0x0000000086e00000|  0%| F|  |TAMS 0x0000000086d00000, 0x0000000086d00000| Untracked 
| 110|0x0000000086e00000, 0x0000000086e00000, 0x0000000086f00000|  0%| F|  |TAMS 0x0000000086e00000, 0x0000000086e00000| Untracked 
| 111|0x0000000086f00000, 0x0000000086f00000, 0x0000000087000000|  0%| F|  |TAMS 0x0000000086f00000, 0x0000000086f00000| Untracked 
| 112|0x0000000087000000, 0x0000000087000000, 0x0000000087100000|  0%| F|  |TAMS 0x0000000087000000, 0x0000000087000000| Untracked 
| 113|0x0000000087100000, 0x0000000087100000, 0x0000000087200000|  0%| F|  |TAMS 0x0000000087100000, 0x0000000087100000| Untracked 
| 114|0x0000000087200000, 0x0000000087200000, 0x0000000087300000|  0%| F|  |TAMS 0x0000000087200000, 0x0000000087200000| Untracked 
| 115|0x0000000087300000, 0x0000000087300000, 0x0000000087400000|  0%| F|  |TAMS 0x0000000087300000, 0x0000000087300000| Untracked 
| 116|0x0000000087400000, 0x0000000087400000, 0x0000000087500000|  0%| F|  |TAMS 0x0000000087400000, 0x0000000087400000| Untracked 
| 117|0x0000000087500000, 0x0000000087500000, 0x0000000087600000|  0%| F|  |TAMS 0x0000000087500000, 0x0000000087500000| Untracked 
| 118|0x0000000087600000, 0x0000000087600000, 0x0000000087700000|  0%| F|  |TAMS 0x0000000087600000, 0x0000000087600000| Untracked 
| 119|0x0000000087700000, 0x0000000087700000, 0x0000000087800000|  0%| F|  |TAMS 0x0000000087700000, 0x0000000087700000| Untracked 
| 120|0x0000000087800000, 0x0000000087800000, 0x0000000087900000|  0%| F|  |TAMS 0x0000000087800000, 0x0000000087800000| Untracked 
| 121|0x0000000087900000, 0x0000000087900000, 0x0000000087a00000|  0%| F|  |TAMS 0x0000000087900000, 0x0000000087900000| Untracked 
| 122|0x0000000087a00000, 0x0000000087a00000, 0x0000000087b00000|  0%| F|  |TAMS 0x0000000087a00000, 0x0000000087a00000| Untracked 
| 123|0x0000000087b00000, 0x0000000087b00000, 0x0000000087c00000|  0%| F|  |TAMS 0x0000000087b00000, 0x0000000087b00000| Untracked 
| 124|0x0000000087c00000, 0x0000000087c00000, 0x0000000087d00000|  0%| F|  |TAMS 0x0000000087c00000, 0x0000000087c00000| Untracked 
| 125|0x0000000087d00000, 0x0000000087d00000, 0x0000000087e00000|  0%| F|  |TAMS 0x0000000087d00000, 0x0000000087d00000| Untracked 
| 126|0x0000000087e00000, 0x0000000087e00000, 0x0000000087f00000|  0%| F|  |TAMS 0x0000000087e00000, 0x0000000087e00000| Untracked 
| 127|0x0000000087f00000, 0x0000000088000000, 0x0000000088000000|100%| S|CS|TAMS 0x0000000087f00000, 0x0000000087f00000| Complete 
| 128|0x0000000088000000, 0x0000000088100000, 0x0000000088100000|100%| S|CS|TAMS 0x0000000088000000, 0x0000000088000000| Complete 
| 129|0x0000000088100000, 0x0000000088200000, 0x0000000088200000|100%| S|CS|TAMS 0x0000000088100000, 0x0000000088100000| Complete 
| 130|0x0000000088200000, 0x0000000088300000, 0x0000000088300000|100%| S|CS|TAMS 0x0000000088200000, 0x0000000088200000| Complete 
| 131|0x0000000088300000, 0x0000000088400000, 0x0000000088400000|100%| S|CS|TAMS 0x0000000088300000, 0x0000000088300000| Complete 
| 132|0x0000000088400000, 0x0000000088500000, 0x0000000088500000|100%| S|CS|TAMS 0x0000000088400000, 0x0000000088400000| Complete 
| 133|0x0000000088500000, 0x0000000088500000, 0x0000000088600000|  0%| F|  |TAMS 0x0000000088500000, 0x0000000088500000| Untracked 
| 134|0x0000000088600000, 0x0000000088600000, 0x0000000088700000|  0%| F|  |TAMS 0x0000000088600000, 0x0000000088600000| Untracked 
| 135|0x0000000088700000, 0x0000000088700000, 0x0000000088800000|  0%| F|  |TAMS 0x0000000088700000, 0x0000000088700000| Untracked 
| 136|0x0000000088800000, 0x0000000088800000, 0x0000000088900000|  0%| F|  |TAMS 0x0000000088800000, 0x0000000088800000| Untracked 
| 137|0x0000000088900000, 0x0000000088900000, 0x0000000088a00000|  0%| F|  |TAMS 0x0000000088900000, 0x0000000088900000| Untracked 
| 138|0x0000000088a00000, 0x0000000088a00000, 0x0000000088b00000|  0%| F|  |TAMS 0x0000000088a00000, 0x0000000088a00000| Untracked 
| 139|0x0000000088b00000, 0x0000000088b00000, 0x0000000088c00000|  0%| F|  |TAMS 0x0000000088b00000, 0x0000000088b00000| Untracked 
| 140|0x0000000088c00000, 0x0000000088c00000, 0x0000000088d00000|  0%| F|  |TAMS 0x0000000088c00000, 0x0000000088c00000| Untracked 
| 141|0x0000000088d00000, 0x0000000088d00000, 0x0000000088e00000|  0%| F|  |TAMS 0x0000000088d00000, 0x0000000088d00000| Untracked 
| 142|0x0000000088e00000, 0x0000000088e00000, 0x0000000088f00000|  0%| F|  |TAMS 0x0000000088e00000, 0x0000000088e00000| Untracked 
| 143|0x0000000088f00000, 0x0000000088f00000, 0x0000000089000000|  0%| F|  |TAMS 0x0000000088f00000, 0x0000000088f00000| Untracked 
| 144|0x0000000089000000, 0x0000000089000000, 0x0000000089100000|  0%| F|  |TAMS 0x0000000089000000, 0x0000000089000000| Untracked 
| 145|0x0000000089100000, 0x0000000089100000, 0x0000000089200000|  0%| F|  |TAMS 0x0000000089100000, 0x0000000089100000| Untracked 
| 146|0x0000000089200000, 0x0000000089200000, 0x0000000089300000|  0%| F|  |TAMS 0x0000000089200000, 0x0000000089200000| Untracked 
| 147|0x0000000089300000, 0x0000000089300000, 0x0000000089400000|  0%| F|  |TAMS 0x0000000089300000, 0x0000000089300000| Untracked 
| 148|0x0000000089400000, 0x0000000089400000, 0x0000000089500000|  0%| F|  |TAMS 0x0000000089400000, 0x0000000089400000| Untracked 
| 149|0x0000000089500000, 0x0000000089500000, 0x0000000089600000|  0%| F|  |TAMS 0x0000000089500000, 0x0000000089500000| Untracked 
| 150|0x0000000089600000, 0x0000000089600000, 0x0000000089700000|  0%| F|  |TAMS 0x0000000089600000, 0x0000000089600000| Untracked 
| 151|0x0000000089700000, 0x0000000089700000, 0x0000000089800000|  0%| F|  |TAMS 0x0000000089700000, 0x0000000089700000| Untracked 
| 152|0x0000000089800000, 0x0000000089800000, 0x0000000089900000|  0%| F|  |TAMS 0x0000000089800000, 0x0000000089800000| Untracked 
| 153|0x0000000089900000, 0x0000000089900000, 0x0000000089a00000|  0%| F|  |TAMS 0x0000000089900000, 0x0000000089900000| Untracked 
| 154|0x0000000089a00000, 0x0000000089a00000, 0x0000000089b00000|  0%| F|  |TAMS 0x0000000089a00000, 0x0000000089a00000| Untracked 
| 155|0x0000000089b00000, 0x0000000089b00000, 0x0000000089c00000|  0%| F|  |TAMS 0x0000000089b00000, 0x0000000089b00000| Untracked 
| 156|0x0000000089c00000, 0x0000000089c00000, 0x0000000089d00000|  0%| F|  |TAMS 0x0000000089c00000, 0x0000000089c00000| Untracked 
| 157|0x0000000089d00000, 0x0000000089d00000, 0x0000000089e00000|  0%| F|  |TAMS 0x0000000089d00000, 0x0000000089d00000| Untracked 
| 158|0x0000000089e00000, 0x0000000089e00000, 0x0000000089f00000|  0%| F|  |TAMS 0x0000000089e00000, 0x0000000089e00000| Untracked 
| 159|0x0000000089f00000, 0x0000000089f00000, 0x000000008a000000|  0%| F|  |TAMS 0x0000000089f00000, 0x0000000089f00000| Untracked 
| 160|0x000000008a000000, 0x000000008a000000, 0x000000008a100000|  0%| F|  |TAMS 0x000000008a000000, 0x000000008a000000| Untracked 
| 161|0x000000008a100000, 0x000000008a100000, 0x000000008a200000|  0%| F|  |TAMS 0x000000008a100000, 0x000000008a100000| Untracked 
| 162|0x000000008a200000, 0x000000008a200000, 0x000000008a300000|  0%| F|  |TAMS 0x000000008a200000, 0x000000008a200000| Untracked 
| 163|0x000000008a300000, 0x000000008a300000, 0x000000008a400000|  0%| F|  |TAMS 0x000000008a300000, 0x000000008a300000| Untracked 
| 164|0x000000008a400000, 0x000000008a400000, 0x000000008a500000|  0%| F|  |TAMS 0x000000008a400000, 0x000000008a400000| Untracked 
| 165|0x000000008a500000, 0x000000008a500000, 0x000000008a600000|  0%| F|  |TAMS 0x000000008a500000, 0x000000008a500000| Untracked 
| 166|0x000000008a600000, 0x000000008a600000, 0x000000008a700000|  0%| F|  |TAMS 0x000000008a600000, 0x000000008a600000| Untracked 
| 167|0x000000008a700000, 0x000000008a700000, 0x000000008a800000|  0%| F|  |TAMS 0x000000008a700000, 0x000000008a700000| Untracked 
| 168|0x000000008a800000, 0x000000008a800000, 0x000000008a900000|  0%| F|  |TAMS 0x000000008a800000, 0x000000008a800000| Untracked 
| 169|0x000000008a900000, 0x000000008a900000, 0x000000008aa00000|  0%| F|  |TAMS 0x000000008a900000, 0x000000008a900000| Untracked 
| 170|0x000000008aa00000, 0x000000008aa00000, 0x000000008ab00000|  0%| F|  |TAMS 0x000000008aa00000, 0x000000008aa00000| Untracked 
| 171|0x000000008ab00000, 0x000000008ab00000, 0x000000008ac00000|  0%| F|  |TAMS 0x000000008ab00000, 0x000000008ab00000| Untracked 
| 172|0x000000008ac00000, 0x000000008ac00000, 0x000000008ad00000|  0%| F|  |TAMS 0x000000008ac00000, 0x000000008ac00000| Untracked 
| 173|0x000000008ad00000, 0x000000008ad00000, 0x000000008ae00000|  0%| F|  |TAMS 0x000000008ad00000, 0x000000008ad00000| Untracked 
| 174|0x000000008ae00000, 0x000000008ae00000, 0x000000008af00000|  0%| F|  |TAMS 0x000000008ae00000, 0x000000008ae00000| Untracked 
| 175|0x000000008af00000, 0x000000008afdf410, 0x000000008b000000| 87%| E|  |TAMS 0x000000008af00000, 0x000000008af00000| Complete 
| 176|0x000000008b000000, 0x000000008b100000, 0x000000008b100000|100%| E|CS|TAMS 0x000000008b000000, 0x000000008b000000| Complete 
| 177|0x000000008b100000, 0x000000008b200000, 0x000000008b200000|100%| E|CS|TAMS 0x000000008b100000, 0x000000008b100000| Complete 
| 178|0x000000008b200000, 0x000000008b300000, 0x000000008b300000|100%| E|CS|TAMS 0x000000008b200000, 0x000000008b200000| Complete 
| 179|0x000000008b300000, 0x000000008b400000, 0x000000008b400000|100%| E|CS|TAMS 0x000000008b300000, 0x000000008b300000| Complete 
| 180|0x000000008b400000, 0x000000008b500000, 0x000000008b500000|100%| E|CS|TAMS 0x000000008b400000, 0x000000008b400000| Complete 
| 181|0x000000008b500000, 0x000000008b600000, 0x000000008b600000|100%| E|CS|TAMS 0x000000008b500000, 0x000000008b500000| Complete 
| 182|0x000000008b600000, 0x000000008b700000, 0x000000008b700000|100%| E|CS|TAMS 0x000000008b600000, 0x000000008b600000| Complete 
| 183|0x000000008b700000, 0x000000008b800000, 0x000000008b800000|100%| E|CS|TAMS 0x000000008b700000, 0x000000008b700000| Complete 
| 184|0x000000008b800000, 0x000000008b900000, 0x000000008b900000|100%| E|CS|TAMS 0x000000008b800000, 0x000000008b800000| Complete 

Card table byte_map: [0x0000028f7e570000,0x0000028f7e970000] _byte_map_base: 0x0000028f7e170000

Marking Bits (Prev, Next): (CMBitMap*) 0x0000028f6b4ff9a0, (CMBitMap*) 0x0000028f6b4ff968
 Prev Bits: [0x0000028f02000000, 0x0000028f04000000)
 Next Bits: [0x0000028f00000000, 0x0000028f02000000)

Polling page: 0x0000028f694c0000

Metaspace:

Usage:
  Non-class:     97.76 MB capacity,    95.87 MB ( 98%) used,     1.54 MB (  2%) free+waste,   362.56 KB ( <1%) overhead. 
      Class:     15.15 MB capacity,    13.99 MB ( 92%) used,     1.00 MB (  7%) free+waste,   163.69 KB (  1%) overhead. 
       Both:    112.91 MB capacity,   109.85 MB ( 97%) used,     2.54 MB (  2%) free+waste,   526.25 KB ( <1%) overhead. 

Virtual space:
  Non-class space:       98.00 MB reserved,      97.92 MB (>99%) committed 
      Class space:        1.00 GB reserved,      15.15 MB (  1%) committed 
             Both:        1.10 GB reserved,     113.07 MB ( 10%) committed 

Chunk freelists:
   Non-Class:  34.00 KB
       Class:  0 bytes
        Both:  34.00 KB

MaxMetaspaceSize: 17179869184.00 GB
CompressedClassSpaceSize: 1.00 GB

CodeHeap 'non-profiled nmethods': size=120000Kb used=9087Kb max_used=9273Kb free=110912Kb
 bounds [0x0000028f76910000, 0x0000028f77220000, 0x0000028f7de40000]
CodeHeap 'profiled nmethods': size=120000Kb used=29488Kb max_used=30556Kb free=90511Kb
 bounds [0x0000028f6f3e0000, 0x0000028f711e0000, 0x0000028f76910000]
CodeHeap 'non-nmethods': size=5760Kb used=2352Kb max_used=2409Kb free=3407Kb
 bounds [0x0000028f6ee40000, 0x0000028f6f0b0000, 0x0000028f6f3e0000]
 total_blobs=15065 nmethods=14090 adapters=885
 compilation: enabled
              stopped_count=0, restarted_count=0
 full_count=0

Compilation events (20 events):
Event: 253.746 Thread 0x0000028f0606d800 nmethod 16280 0x0000028f6fb80590 code [0x0000028f6fb80760, 0x0000028f6fb809c8]
Event: 253.749 Thread 0x0000028f0606d800 16281       3       org.gradle.internal.build.event.DefaultBuildEventsListenerRegistry$ForwardingBuildEventConsumer::handle (9 bytes)
Event: 253.750 Thread 0x0000028f0606d800 nmethod 16281 0x0000028f6fb8a990 code [0x0000028f6fb8ab60, 0x0000028f6fb8ad88]
Event: 253.750 Thread 0x0000028f0606d800 16282       3       org.gradle.internal.build.event.DefaultBuildEventsListenerRegistry$ForwardingBuildEventConsumer::handle (77 bytes)
Event: 253.752 Thread 0x0000028f0606d800 nmethod 16282 0x0000028f6fc67810 code [0x0000028f6fc67ac0, 0x0000028f6fc68ac8]
Event: 253.752 Thread 0x0000028f0606d800 16283       3       org.gradle.tooling.events.task.internal.DefaultTaskOperationDescriptor::<init> (32 bytes)
Event: 253.752 Thread 0x0000028f0606d800 nmethod 16283 0x0000028f6fbcd890 code [0x0000028f6fbcdae0, 0x0000028f6fbce478]
Event: 253.754 Thread 0x0000028f0e732800 16284 %     4       org.gradle.api.internal.artifacts.transform.ConsumerProvidedVariantFinder::findProducersFor @ 51 (343 bytes)
Event: 253.765 Thread 0x0000028f0606d800 16287       3       org.gradle.api.internal.tasks.properties.ValidationActions::access$100 (6 bytes)
Event: 253.766 Thread 0x0000028f0606d800 nmethod 16287 0x0000028f6fb9cb90 code [0x0000028f6fb9cd60, 0x0000028f6fb9d048]
Event: 253.785 Thread 0x0000028f0606d800 16288       3       org.gradle.api.internal.artifacts.repositories.DefaultUrlArtifactRepository::getUrl (25 bytes)
Event: 253.786 Thread 0x0000028f0606d800 nmethod 16288 0x0000028f6fba4390 code [0x0000028f6fba4560, 0x0000028f6fba4788]
Event: 253.786 Thread 0x0000028f0606d800 16289       3       org.gradle.api.internal.file.AbstractFileResolver::resolveUri (6 bytes)
Event: 253.786 Thread 0x0000028f0606d800 nmethod 16289 0x0000028f6fb76e90 code [0x0000028f6fb77040, 0x0000028f6fb771e8]
Event: 253.786 Thread 0x0000028f0606d800 16290       1       org.gradle.api.internal.provider.AbstractProperty$FinalizedValue::shouldFinalize (2 bytes)
Event: 253.787 Thread 0x0000028f0606d800 nmethod 16290 0x0000028f76c8bc10 code [0x0000028f76c8bdc0, 0x0000028f76c8be78]
Event: 253.795 Thread 0x0000028f0606d800 16293       3       org.gradle.api.internal.artifacts.transform.DefaultArtifactTransforms::variantSelector (32 bytes)
Event: 253.795 Thread 0x0000028f0606d800 nmethod 16293 0x0000028f6fbaab10 code [0x0000028f6fbaace0, 0x0000028f6fbaaf98]
Event: 253.796 Thread 0x0000028f0606d800 16294       3       org.gradle.api.internal.artifacts.transform.AttributeMatchingVariantSelector::<init> (49 bytes)
Event: 253.796 Thread 0x0000028f0606d800 nmethod 16294 0x0000028f6fbc8490 code [0x0000028f6fbc8660, 0x0000028f6fbc8ac8]

GC Heap History (20 events):
Event: 99.105 GC heap before
{Heap before GC invocations=22 (full 0):
 garbage-first heap   total 189440K, used 151346K [0x0000000080000000, 0x0000000100000000)
  region size 1024K, 74 young (75776K), 10 survivors (10240K)
 Metaspace       used 106743K, capacity 109749K, committed 109868K, reserved 1144832K
  class space    used 13796K, capacity 14943K, committed 14976K, reserved 1048576K
}
Event: 99.118 GC heap after
{Heap after GC invocations=23 (full 0):
 garbage-first heap   total 189440K, used 90628K [0x0000000080000000, 0x0000000100000000)
  region size 1024K, 4 young (4096K), 4 survivors (4096K)
 Metaspace       used 106743K, capacity 109749K, committed 109868K, reserved 1144832K
  class space    used 13796K, capacity 14943K, committed 14976K, reserved 1048576K
}
Event: 99.126 GC heap before
{Heap before GC invocations=23 (full 0):
 garbage-first heap   total 189440K, used 90628K [0x0000000080000000, 0x0000000100000000)
  region size 1024K, 5 young (5120K), 4 survivors (4096K)
 Metaspace       used 106770K, capacity 109751K, committed 109868K, reserved 1144832K
  class space    used 13799K, capacity 14944K, committed 14976K, reserved 1048576K
}
Event: 99.133 GC heap after
{Heap after GC invocations=24 (full 0):
 garbage-first heap   total 189440K, used 90386K [0x0000000080000000, 0x0000000100000000)
  region size 1024K, 4 young (4096K), 4 survivors (4096K)
 Metaspace       used 106770K, capacity 109751K, committed 109868K, reserved 1144832K
  class space    used 13799K, capacity 14944K, committed 14976K, reserved 1048576K
}
Event: 99.493 GC heap before
{Heap before GC invocations=25 (full 0):
 garbage-first heap   total 189440K, used 110866K [0x0000000080000000, 0x0000000100000000)
  region size 1024K, 26 young (26624K), 4 survivors (4096K)
 Metaspace       used 107417K, capacity 110292K, committed 110788K, reserved 1144832K
  class space    used 13899K, capacity 14989K, committed 15128K, reserved 1048576K
}
Event: 99.500 GC heap after
{Heap after GC invocations=26 (full 0):
 garbage-first heap   total 189440K, used 90541K [0x0000000080000000, 0x0000000100000000)
  region size 1024K, 4 young (4096K), 4 survivors (4096K)
 Metaspace       used 107417K, capacity 110292K, committed 110788K, reserved 1144832K
  class space    used 13899K, capacity 14989K, committed 15128K, reserved 1048576K
}
Event: 219.191 GC heap before
{Heap before GC invocations=27 (full 0):
 garbage-first heap   total 189440K, used 144813K [0x0000000080000000, 0x0000000100000000)
  region size 1024K, 49 young (50176K), 4 survivors (4096K)
 Metaspace       used 108017K, capacity 110936K, committed 111428K, reserved 1144832K
  class space    used 13925K, capacity 15035K, committed 15256K, reserved 1048576K
}
Event: 219.207 GC heap after
{Heap after GC invocations=28 (full 0):
 garbage-first heap   total 189440K, used 94531K [0x0000000080000000, 0x0000000100000000)
  region size 1024K, 7 young (7168K), 7 survivors (7168K)
 Metaspace       used 108017K, capacity 110936K, committed 111428K, reserved 1144832K
  class space    used 13925K, capacity 15035K, committed 15256K, reserved 1048576K
}
Event: 220.065 GC heap before
{Heap before GC invocations=29 (full 0):
 garbage-first heap   total 189440K, used 161091K [0x0000000080000000, 0x0000000100000000)
  region size 1024K, 56 young (57344K), 7 survivors (7168K)
 Metaspace       used 110214K, capacity 113159K, committed 113604K, reserved 1146880K
  class space    used 14136K, capacity 15237K, committed 15384K, reserved 1048576K
}
Event: 220.077 GC heap after
{Heap after GC invocations=30 (full 0):
 garbage-first heap   total 189440K, used 96422K [0x0000000080000000, 0x0000000100000000)
  region size 1024K, 2 young (2048K), 2 survivors (2048K)
 Metaspace       used 110214K, capacity 113159K, committed 113604K, reserved 1146880K
  class space    used 14136K, capacity 15237K, committed 15384K, reserved 1048576K
}
Event: 220.226 GC heap before
{Heap before GC invocations=30 (full 0):
 garbage-first heap   total 189440K, used 102566K [0x0000000080000000, 0x0000000100000000)
  region size 1024K, 9 young (9216K), 2 survivors (2048K)
 Metaspace       used 110595K, capacity 113543K, committed 113860K, reserved 1148928K
  class space    used 14178K, capacity 15301K, committed 15384K, reserved 1048576K
}
Event: 220.233 GC heap after
{Heap after GC invocations=31 (full 0):
 garbage-first heap   total 189440K, used 96635K [0x0000000080000000, 0x0000000100000000)
  region size 1024K, 2 young (2048K), 2 survivors (2048K)
 Metaspace       used 110595K, capacity 113543K, committed 113860K, reserved 1148928K
  class space    used 14178K, capacity 15301K, committed 15384K, reserved 1048576K
}
Event: 228.521 GC heap before
{Heap before GC invocations=31 (full 0):
 garbage-first heap   total 189440K, used 146811K [0x0000000080000000, 0x0000000100000000)
  region size 1024K, 52 young (53248K), 2 survivors (2048K)
 Metaspace       used 111717K, capacity 114807K, committed 115012K, reserved 1148928K
  class space    used 14295K, capacity 15443K, committed 15512K, reserved 1048576K
}
Event: 228.541 GC heap after
{Heap after GC invocations=32 (full 0):
 garbage-first heap   total 189440K, used 101360K [0x0000000080000000, 0x0000000100000000)
  region size 1024K, 7 young (7168K), 7 survivors (7168K)
 Metaspace       used 111717K, capacity 114807K, committed 115012K, reserved 1148928K
  class space    used 14295K, capacity 15443K, committed 15512K, reserved 1048576K
}
Event: 246.730 GC heap before
{Heap before GC invocations=33 (full 0):
 garbage-first heap   total 189440K, used 149488K [0x0000000080000000, 0x0000000100000000)
  region size 1024K, 55 young (56320K), 7 survivors (7168K)
 Metaspace       used 112020K, capacity 115039K, committed 115268K, reserved 1148928K
  class space    used 14300K, capacity 15473K, committed 15512K, reserved 1048576K
}
Event: 246.741 GC heap after
{Heap after GC invocations=34 (full 0):
 garbage-first heap   total 189440K, used 102156K [0x0000000080000000, 0x0000000100000000)
  region size 1024K, 6 young (6144K), 6 survivors (6144K)
 Metaspace       used 112020K, capacity 115039K, committed 115268K, reserved 1148928K
  class space    used 14300K, capacity 15473K, committed 15512K, reserved 1048576K
}
Event: 246.777 GC heap before
{Heap before GC invocations=34 (full 0):
 garbage-first heap   total 189440K, used 104204K [0x0000000080000000, 0x0000000100000000)
  region size 1024K, 9 young (9216K), 6 survivors (6144K)
 Metaspace       used 112033K, capacity 115103K, committed 115268K, reserved 1148928K
  class space    used 14300K, capacity 15473K, committed 15512K, reserved 1048576K
}
Event: 246.792 GC heap after
{Heap after GC invocations=35 (full 0):
 garbage-first heap   total 189440K, used 95672K [0x0000000080000000, 0x0000000100000000)
  region size 1024K, 1 young (1024K), 1 survivors (1024K)
 Metaspace       used 112033K, capacity 115103K, committed 115268K, reserved 1148928K
  class space    used 14300K, capacity 15473K, committed 15512K, reserved 1048576K
}
Event: 253.678 GC heap before
{Heap before GC invocations=35 (full 0):
 garbage-first heap   total 189440K, used 146872K [0x0000000080000000, 0x0000000100000000)
  region size 1024K, 52 young (53248K), 1 survivors (1024K)
 Metaspace       used 112447K, capacity 115615K, committed 115780K, reserved 1148928K
  class space    used 14321K, capacity 15511K, committed 15512K, reserved 1048576K
}
Event: 253.699 GC heap after
{Heap after GC invocations=36 (full 0):
 garbage-first heap   total 189440K, used 100957K [0x0000000080000000, 0x0000000100000000)
  region size 1024K, 6 young (6144K), 6 survivors (6144K)
 Metaspace       used 112447K, capacity 115615K, committed 115780K, reserved 1148928K
  class space    used 14321K, capacity 15511K, committed 15512K, reserved 1048576K
}

Deoptimization events (20 events):
Event: 247.142 Thread 0x0000028f0a9d5000 DEOPT PACKING pc=0x0000028f769939f8 sp=0x000000e7622fed20
Event: 247.142 Thread 0x0000028f0a9d5000 DEOPT UNPACKING pc=0x0000028f6ee674af sp=0x000000e7622fecd8 mode 2
Event: 247.176 Thread 0x0000028f07534000 Uncommon trap: trap_request=0xfffffff4 fr.pc=0x0000028f76eccfa0 relative=0x0000000000000560
Event: 247.176 Thread 0x0000028f07534000 Uncommon trap: reason=null_check action=make_not_entrant pc=0x0000028f76eccfa0 method=java.lang.ThreadLocal$ThreadLocalMap.expungeStaleEntry(I)I @ 51 c2
Event: 247.177 Thread 0x0000028f07534000 DEOPT PACKING pc=0x0000028f76eccfa0 sp=0x000000e75defc550
Event: 247.177 Thread 0x0000028f07534000 DEOPT UNPACKING pc=0x0000028f6ee674af sp=0x000000e75defc4f0 mode 2
Event: 247.178 Thread 0x0000028f07534000 Uncommon trap: trap_request=0xfffffff4 fr.pc=0x0000028f76eed858 relative=0x0000000000000798
Event: 247.178 Thread 0x0000028f07534000 Uncommon trap: reason=null_check action=make_not_entrant pc=0x0000028f76eed858 method=java.lang.ThreadLocal$ThreadLocalMap.expungeStaleEntry(I)I @ 51 c2
Event: 247.178 Thread 0x0000028f07534000 DEOPT PACKING pc=0x0000028f76eed858 sp=0x000000e75defbe60
Event: 247.178 Thread 0x0000028f07534000 DEOPT UNPACKING pc=0x0000028f6ee674af sp=0x000000e75defbd10 mode 2
Event: 253.481 Thread 0x0000028f07534000 Uncommon trap: trap_request=0xfffffff4 fr.pc=0x0000028f77208a24 relative=0x0000000000000164
Event: 253.481 Thread 0x0000028f07534000 Uncommon trap: reason=null_check action=make_not_entrant pc=0x0000028f77208a24 method=org.gradle.api.internal.collections.CollectionFilter.filter(Ljava/lang/Object;)Ljava/lang/Object; @ 5 c2
Event: 253.481 Thread 0x0000028f07534000 DEOPT PACKING pc=0x0000028f77208a24 sp=0x000000e75defa7e0
Event: 253.481 Thread 0x0000028f07534000 DEOPT UNPACKING pc=0x0000028f6ee674af sp=0x000000e75defa780 mode 2
Event: 253.635 Thread 0x0000028f0e72e800 DEOPT PACKING pc=0x0000028f6fb41df1 sp=0x000000e7611fb4b0
Event: 253.635 Thread 0x0000028f0e72e800 DEOPT UNPACKING pc=0x0000028f6ee672ce sp=0x000000e7611fa9c8 mode 0
Event: 253.699 Thread 0x0000028f061bd000 Uncommon trap: trap_request=0xffffffde fr.pc=0x0000028f76a394ec relative=0x000000000000052c
Event: 253.700 Thread 0x0000028f061bd000 Uncommon trap: reason=class_check action=maybe_recompile pc=0x0000028f76a394ec method=jdk.internal.ref.PhantomCleanable.clean()V @ 12 c2
Event: 253.700 Thread 0x0000028f061bd000 DEOPT PACKING pc=0x0000028f76a394ec sp=0x000000e75d6ff230
Event: 253.700 Thread 0x0000028f061bd000 DEOPT UNPACKING pc=0x0000028f6ee674af sp=0x000000e75d6ff210 mode 2

Classes redefined (0 events):
No events

Internal exceptions (20 events):
Event: 228.379 Thread 0x0000028f07534000 Exception <a 'sun/nio/fs/WindowsException'{0x0000000088dc86d8}> (0x0000000088dc86d8) thrown at [./src/hotspot/share/prims/jni.cpp, line 615]
Event: 233.978 Thread 0x0000028f0e732800 Exception <a 'java/io/IOException'{0x000000008ad8a180}> (0x000000008ad8a180) thrown at [./src/hotspot/share/prims/jni.cpp, line 615]
Event: 234.003 Thread 0x0000028f0e729800 Exception <a 'sun/nio/fs/WindowsException'{0x000000008abf88c0}> (0x000000008abf88c0) thrown at [./src/hotspot/share/prims/jni.cpp, line 615]
Event: 246.547 Thread 0x0000028f07534000 Exception <a 'sun/nio/fs/WindowsException'{0x00000000890c1090}> (0x00000000890c1090) thrown at [./src/hotspot/share/prims/jni.cpp, line 615]
Event: 246.619 Thread 0x0000028f07534000 Exception <a 'sun/nio/fs/WindowsException'{0x0000000088b61578}> (0x0000000088b61578) thrown at [./src/hotspot/share/prims/jni.cpp, line 615]
Event: 246.947 Thread 0x0000028f0753b800 Exception <a 'sun/nio/fs/WindowsException'{0x000000008b05e2a8}> (0x000000008b05e2a8) thrown at [./src/hotspot/share/prims/jni.cpp, line 615]
Event: 246.947 Thread 0x0000028f0753b800 Exception <a 'sun/nio/fs/WindowsException'{0x000000008b05f190}> (0x000000008b05f190) thrown at [./src/hotspot/share/prims/jni.cpp, line 615]
Event: 246.948 Thread 0x0000028f0753b800 Exception <a 'sun/nio/fs/WindowsException'{0x000000008b05f598}> (0x000000008b05f598) thrown at [./src/hotspot/share/prims/jni.cpp, line 615]
Event: 246.948 Thread 0x0000028f0753b800 Exception <a 'sun/nio/fs/WindowsException'{0x000000008b0606c0}> (0x000000008b0606c0) thrown at [./src/hotspot/share/prims/jni.cpp, line 615]
Event: 246.948 Thread 0x0000028f0753b800 Exception <a 'sun/nio/fs/WindowsException'{0x000000008b060a20}> (0x000000008b060a20) thrown at [./src/hotspot/share/prims/jni.cpp, line 615]
Event: 246.949 Thread 0x0000028f0753b800 Exception <a 'sun/nio/fs/WindowsException'{0x000000008b0618e0}> (0x000000008b0618e0) thrown at [./src/hotspot/share/prims/jni.cpp, line 615]
Event: 246.949 Thread 0x0000028f0753b800 Exception <a 'sun/nio/fs/WindowsException'{0x000000008b061be0}> (0x000000008b061be0) thrown at [./src/hotspot/share/prims/jni.cpp, line 615]
Event: 246.949 Thread 0x0000028f0753b800 Exception <a 'sun/nio/fs/WindowsException'{0x000000008b062a70}> (0x000000008b062a70) thrown at [./src/hotspot/share/prims/jni.cpp, line 615]
Event: 247.158 Thread 0x0000028f0a9ce800 Exception <a 'java/io/IOException'{0x000000008af78d30}> (0x000000008af78d30) thrown at [./src/hotspot/share/prims/jni.cpp, line 615]
Event: 247.176 Thread 0x0000028f07534000 Implicit null exception at 0x0000028f76eccaef to 0x0000028f76eccf80
Event: 247.178 Thread 0x0000028f07534000 Implicit null exception at 0x0000028f76eed227 to 0x0000028f76eed830
Event: 247.181 Thread 0x0000028f0a9d4000 Exception <a 'sun/nio/fs/WindowsException'{0x000000008a767430}> (0x000000008a767430) thrown at [./src/hotspot/share/prims/jni.cpp, line 615]
Event: 253.481 Thread 0x0000028f07534000 Implicit null exception at 0x0000028f772088fe to 0x0000028f77208a10
Event: 253.519 Thread 0x0000028f07534000 Exception <a 'sun/nio/fs/WindowsException'{0x0000000088deb680}> (0x0000000088deb680) thrown at [./src/hotspot/share/prims/jni.cpp, line 615]
Event: 253.601 Thread 0x0000028f07534000 Exception <a 'sun/nio/fs/WindowsException'{0x00000000888eb600}> (0x00000000888eb600) thrown at [./src/hotspot/share/prims/jni.cpp, line 615]

Events (20 events):
Event: 253.748 Executing VM operation: RevokeBias
Event: 253.749 Executing VM operation: RevokeBias done
Event: 253.749 Executing VM operation: RevokeBias
Event: 253.750 Executing VM operation: RevokeBias done
Event: 253.750 Executing VM operation: RevokeBias
Event: 253.750 Executing VM operation: RevokeBias done
Event: 253.750 Executing VM operation: RevokeBias
Event: 253.750 Executing VM operation: RevokeBias done
Event: 253.772 Executing VM operation: RevokeBias
Event: 253.772 Executing VM operation: RevokeBias done
Event: 253.774 Executing VM operation: RevokeBias
Event: 253.774 Executing VM operation: RevokeBias done
Event: 253.776 Executing VM operation: RevokeBias
Event: 253.777 Executing VM operation: RevokeBias done
Event: 253.777 Executing VM operation: RevokeBias
Event: 253.777 Executing VM operation: RevokeBias done
Event: 253.786 Executing VM operation: RevokeBias
Event: 253.786 Executing VM operation: RevokeBias done
Event: 253.794 Executing VM operation: RevokeBias
Event: 253.794 Executing VM operation: RevokeBias done


Dynamic libraries:
0x00007ff6bd2f0000 - 0x00007ff6bd2fa000 	C:\Users\Dark Knight\Desktop\Android Studio\jre\bin\java.exe
0x00007ffee3570000 - 0x00007ffee3765000 	C:\WINDOWS\SYSTEM32\ntdll.dll
0x00007ffee15f0000 - 0x00007ffee16ad000 	C:\WINDOWS\System32\KERNEL32.DLL
0x00007ffee12d0000 - 0x00007ffee1599000 	C:\WINDOWS\System32\KERNELBASE.dll
0x00007ffee0cd0000 - 0x00007ffee0dd0000 	C:\WINDOWS\System32\ucrtbase.dll
0x00007ffed9230000 - 0x00007ffed9249000 	C:\Users\Dark Knight\Desktop\Android Studio\jre\bin\jli.dll
0x00007ffed7f70000 - 0x00007ffed7f87000 	C:\Users\Dark Knight\Desktop\Android Studio\jre\bin\VCRUNTIME140.dll
0x00007ffee1f30000 - 0x00007ffee20d0000 	C:\WINDOWS\System32\USER32.dll
0x00007ffee0ca0000 - 0x00007ffee0cc2000 	C:\WINDOWS\System32\win32u.dll
0x00007ffee20d0000 - 0x00007ffee20fa000 	C:\WINDOWS\System32\GDI32.dll
0x00007ffecb000000 - 0x00007ffecb29a000 	C:\WINDOWS\WinSxS\amd64_microsoft.windows.common-controls_6595b64144ccf1df_6.0.19041.1110_none_60b5254171f9507e\COMCTL32.dll
0x00007ffee11c0000 - 0x00007ffee12cb000 	C:\WINDOWS\System32\gdi32full.dll
0x00007ffee32b0000 - 0x00007ffee334e000 	C:\WINDOWS\System32\msvcrt.dll
0x00007ffee0dd0000 - 0x00007ffee0e6d000 	C:\WINDOWS\System32\msvcp_win.dll
0x00007ffee23d0000 - 0x00007ffee2400000 	C:\WINDOWS\System32\IMM32.DLL
0x00007ffed0660000 - 0x00007ffed06fd000 	C:\Users\Dark Knight\Desktop\Android Studio\jre\bin\msvcp140.dll
0x00007ffe81d00000 - 0x00007ffe827bc000 	C:\Users\Dark Knight\Desktop\Android Studio\jre\bin\server\jvm.dll
0x00007ffee1780000 - 0x00007ffee182c000 	C:\WINDOWS\System32\ADVAPI32.dll
0x00007ffee1830000 - 0x00007ffee18cb000 	C:\WINDOWS\System32\sechost.dll
0x00007ffee3350000 - 0x00007ffee347a000 	C:\WINDOWS\System32\RPCRT4.dll
0x00007ffee2d90000 - 0x00007ffee2d98000 	C:\WINDOWS\System32\PSAPI.DLL
0x00007ffebdcc0000 - 0x00007ffebdcc9000 	C:\WINDOWS\SYSTEM32\WSOCK32.dll
0x00007ffed7fc0000 - 0x00007ffed7fca000 	C:\WINDOWS\SYSTEM32\VERSION.dll
0x00007ffecb2b0000 - 0x00007ffecb2d7000 	C:\WINDOWS\SYSTEM32\WINMM.dll
0x00007ffee2360000 - 0x00007ffee23cb000 	C:\WINDOWS\System32\WS2_32.dll
0x00007ffedf530000 - 0x00007ffedf542000 	C:\WINDOWS\SYSTEM32\kernel.appcore.dll
0x00007ffed0ea0000 - 0x00007ffed0eb1000 	C:\Users\Dark Knight\Desktop\Android Studio\jre\bin\verify.dll
0x00007ffedeab0000 - 0x00007ffedec94000 	C:\WINDOWS\SYSTEM32\DBGHELP.DLL
0x00007ffec9830000 - 0x00007ffec985c000 	C:\WINDOWS\SYSTEM32\dbgcore.DLL
0x00007ffee0f70000 - 0x00007ffee0ff3000 	C:\WINDOWS\System32\bcryptPrimitives.dll
0x00007ffea4b70000 - 0x00007ffea4b99000 	C:\Users\Dark Knight\Desktop\Android Studio\jre\bin\java.dll
0x00007ffed7d80000 - 0x00007ffed7d8b000 	C:\Users\Dark Knight\Desktop\Android Studio\jre\bin\jimage.dll
0x00007ffed0dc0000 - 0x00007ffed0dd8000 	C:\Users\Dark Knight\Desktop\Android Studio\jre\bin\zip.dll
0x00007ffee25f0000 - 0x00007ffee2d2f000 	C:\WINDOWS\System32\SHELL32.dll
0x00007ffeded90000 - 0x00007ffedf520000 	C:\WINDOWS\SYSTEM32\windows.storage.dll
0x00007ffee2da0000 - 0x00007ffee30f5000 	C:\WINDOWS\System32\combase.dll
0x00007ffee0700000 - 0x00007ffee072c000 	C:\WINDOWS\SYSTEM32\Wldp.dll
0x00007ffee1e80000 - 0x00007ffee1f2e000 	C:\WINDOWS\System32\SHCORE.dll
0x00007ffee2400000 - 0x00007ffee2455000 	C:\WINDOWS\System32\shlwapi.dll
0x00007ffee0be0000 - 0x00007ffee0bff000 	C:\WINDOWS\SYSTEM32\profapi.dll
0x00007ffeb35f0000 - 0x00007ffeb360a000 	C:\Users\Dark Knight\Desktop\Android Studio\jre\bin\net.dll
0x00007ffed5b40000 - 0x00007ffed5c48000 	C:\WINDOWS\SYSTEM32\WINHTTP.dll
0x00007ffee0460000 - 0x00007ffee04ca000 	C:\WINDOWS\system32\mswsock.dll
0x00007ffeb2bd0000 - 0x00007ffeb2be4000 	C:\Users\Dark Knight\Desktop\Android Studio\jre\bin\nio.dll
0x00007ffed8bc0000 - 0x00007ffed8be7000 	C:\Users\Dark Knight\.gradle\native\8bec1ad78214c89d9ad589b4d07fe93259594b29d510b10fafb7a158f7737e5d\windows-amd64\native-platform.dll
0x00007ffed0af0000 - 0x00007ffed0c2d000 	C:\Users\Dark Knight\.gradle\native\53dbd7edfb1c66fb8903c78663c9afc45aea4f116125fa6feffd364cf09443e8\windows-amd64\native-platform-file-events.dll
0x00007ffed7880000 - 0x00007ffed788a000 	C:\Users\Dark Knight\Desktop\Android Studio\jre\bin\management.dll
0x00007ffeca360000 - 0x00007ffeca36c000 	C:\Users\Dark Knight\Desktop\Android Studio\jre\bin\management_ext.dll
0x00007ffee0650000 - 0x00007ffee0668000 	C:\WINDOWS\SYSTEM32\CRYPTSP.dll
0x00007ffedfd70000 - 0x00007ffedfda4000 	C:\WINDOWS\system32\rsaenh.dll
0x00007ffee15a0000 - 0x00007ffee15c7000 	C:\WINDOWS\System32\bcrypt.dll
0x00007ffee0ba0000 - 0x00007ffee0bce000 	C:\WINDOWS\SYSTEM32\USERENV.dll
0x00007ffee0670000 - 0x00007ffee067c000 	C:\WINDOWS\SYSTEM32\CRYPTBASE.dll
0x00007ffee0100000 - 0x00007ffee013b000 	C:\WINDOWS\SYSTEM32\IPHLPAPI.DLL
0x00007ffee18d0000 - 0x00007ffee18d8000 	C:\WINDOWS\System32\NSI.dll
0x00007ffecfdf0000 - 0x00007ffecfe07000 	C:\WINDOWS\SYSTEM32\dhcpcsvc6.DLL
0x00007ffed0340000 - 0x00007ffed035d000 	C:\WINDOWS\SYSTEM32\dhcpcsvc.DLL
0x00007ffee0140000 - 0x00007ffee020c000 	C:\WINDOWS\SYSTEM32\DNSAPI.dll
0x00007ffed7f40000 - 0x00007ffed7f67000 	C:\Users\Dark Knight\Desktop\Android Studio\jre\bin\sunec.dll
0x00007ffedc060000 - 0x00007ffedc068000 	C:\Users\Dark Knight\Desktop\Android Studio\jre\bin\rmi.dll

dbghelp: loaded successfully - version: 4.0.5 - missing functions: none
symbol engine: initialized successfully - sym options: 0x614 - pdb path: .;C:\Users\Dark Knight\Desktop\Android Studio\jre\bin;C:\WINDOWS\SYSTEM32;C:\WINDOWS\WinSxS\amd64_microsoft.windows.common-controls_6595b64144ccf1df_6.0.19041.1110_none_60b5254171f9507e;C:\Users\Dark Knight\Desktop\Android Studio\jre\bin\server;C:\Users\Dark Knight\.gradle\native\8bec1ad78214c89d9ad589b4d07fe93259594b29d510b10fafb7a158f7737e5d\windows-amd64;C:\Users\Dark Knight\.gradle\native\53dbd7edfb1c66fb8903c78663c9afc45aea4f116125fa6feffd364cf09443e8\windows-amd64

VM Arguments:
jvm_args: --add-opens=java.base/java.util=ALL-UNNAMED --add-opens=java.base/java.lang=ALL-UNNAMED --add-opens=java.base/java.lang.invoke=ALL-UNNAMED --add-opens=java.base/java.util=ALL-UNNAMED --add-opens=java.prefs/java.util.prefs=ALL-UNNAMED --add-opens=java.prefs/java.util.prefs=ALL-UNNAMED --add-opens=java.base/java.nio.charset=ALL-UNNAMED --add-opens=java.base/java.net=ALL-UNNAMED --add-opens=java.base/java.util.concurrent.atomic=ALL-UNNAMED -Xmx2048m -Dfile.encoding=UTF-8 -Duser.country=IN -Duser.language=en -Duser.variant 
java_command: org.gradle.launcher.daemon.bootstrap.GradleDaemon 7.0.2
java_class_path (initial): C:\Users\Dark Knight\.gradle\wrapper\dists\gradle-7.0.2-bin\857tjihv64xamwrf0h14cai3r\gradle-7.0.2\lib\gradle-launcher-7.0.2.jar
Launcher Type: SUN_STANDARD

[Global flags]
     intx CICompilerCount                          = 4                                         {product} {ergonomic}
     uint ConcGCThreads                            = 2                                         {product} {ergonomic}
     uint G1ConcRefinementThreads                  = 8                                         {product} {ergonomic}
   size_t G1HeapRegionSize                         = 1048576                                   {product} {ergonomic}
    uintx GCDrainStackTargetSize                   = 64                                        {product} {ergonomic}
   size_t InitialHeapSize                          = 134217728                                 {product} {ergonomic}
   size_t MarkStackSize                            = 4194304                                   {product} {ergonomic}
   size_t MaxHeapSize                              = 2147483648                                {product} {command line}
   size_t MaxNewSize                               = 1287651328                                {product} {ergonomic}
   size_t MinHeapDeltaBytes                        = 1048576                                   {product} {ergonomic}
    uintx NonNMethodCodeHeapSize                   = 5836300                                {pd product} {ergonomic}
    uintx NonProfiledCodeHeapSize                  = 122910970                              {pd product} {ergonomic}
    uintx ProfiledCodeHeapSize                     = 122910970                              {pd product} {ergonomic}
    uintx ReservedCodeCacheSize                    = 251658240                              {pd product} {ergonomic}
     bool SegmentedCodeCache                       = true                                      {product} {ergonomic}
     bool UseCompressedClassPointers               = true                                 {lp64_product} {ergonomic}
     bool UseCompressedOops                        = true                                 {lp64_product} {ergonomic}
     bool UseG1GC                                  = true                                      {product} {ergonomic}
     bool UseLargePagesIndividualAllocation        = false                                  {pd product} {ergonomic}

Logging:
Log output configuration:
 #0: stdout all=warning uptime,level,tags
 #1: stderr all=off uptime,level,tags

Environment Variables:
PATH=C:\Windows\system32;C:\Windows;C:\Windows\System32\Wbem;C:\Windows\System32\WindowsPowerShell\v1.0\;C:\Windows\System32\OpenSSH\;C:\Program Files (x86)\NVIDIA Corporation\PhysX\Common;C:\Program Files\NVIDIA Corporation\NVIDIA NvDLISR;C:\WINDOWS\system32;C:\WINDOWS;C:\WINDOWS\System32\Wbem;C:\WINDOWS\System32\WindowsPowerShell\v1.0\;C:\WINDOWS\System32\OpenSSH\;C:\MinGW\bin;C:\Program Files\MEGA-X;C:\WINDOWS\system32;C:\WINDOWS;C:\WINDOWS\System32\Wbem;C:\WINDOWS\System32\WindowsPowerShell\v1.0\;C:\WINDOWS\System32\OpenSSH\;C:\Program Files\Git\cmd;C:\Users\Dark Knight\AppData\Local\Microsoft\WindowsApps;C:\Users\Dark Knight\AppData\Local\atom\bin;C:\MinGW\bin;C:\Program Files (x86)\Microsoft Visual Studio\2019\BuildTools\MSBuild\Current\Bin;C:\Users\Dark Knight\AppData\Local\Microsoft\WindowsApps
USERNAME=Dark Knight
OS=Windows_NT
PROCESSOR_IDENTIFIER=Intel64 Family 6 Model 158 Stepping 10, GenuineIntel



---------------  S Y S T E M  ---------------

OS: Windows 10 , 64 bit Build 19041 (10.0.19041.1151)
OS uptime: 19 days 7:04 hours

CPU:total 8 (initial active 8) (4 cores per cpu, 2 threads per core) family 6 model 158 stepping 10, cmov, cx8, fxsr, mmx, sse, sse2, sse3, ssse3, sse4.1, sse4.2, popcnt, avx, avx2, aes, clmul, erms, 3dnowpref, lzcnt, ht, tsc, tscinvbit, bmi1, bmi2, adx, fma

Memory: 4k page, system-wide physical 8072M (838M free)
TotalPageFile size 12168M (AvailPageFile size 7M)
current process WorkingSet (physical memory assigned to process): 494M, peak: 517M
current process commit charge ("private bytes"): 534M, peak: 554M

vm_info: OpenJDK 64-Bit Server VM (11.0.8+10-b944.6842174) for windows-amd64 JRE (11.0.8+10-b944.6842174), built on Sep 19 2020 01:11:42 by "builder" with MS VC++ 14.0 (VS2015)

END.
