#
# There is insufficient memory for the Java Runtime Environment to continue.
# Native memory allocation (malloc) failed to allocate 1899216 bytes for Chunk::new
# Possible reasons:
#   The system is out of physical RAM or swap space
#   The process is running with CompressedOops enabled, and the Java Heap may be blocking the growth of the native heap
# Possible solutions:
#   Reduce memory load on the system
#   Increase physical memory or swap space
#   Check if swap backing store is full
#   Decrease Java heap size (-Xmx/-Xms)
#   Decrease number of Java threads
#   Decrease Java thread stack sizes (-Xss)
#   Set larger code cache with -XX:ReservedCodeCacheSize=
#   JVM is running with Unscaled Compressed Oops mode in which the Java heap is
#     placed in the first 4GB address space. The Java Heap base address is the
#     maximum limit for the native heap growth. Please use -XX:HeapBaseMinAddress
#     to set the Java Heap base and to place the Java Heap above 4GB virtual address.
# This output file may be truncated or incomplete.
#
#  Out of Memory Error (./src/hotspot/share/memory/arena.cpp:197), pid=42364, tid=46968
#
# JRE version: OpenJDK Runtime Environment (11.0.8+10) (build 11.0.8+10-b944.6842174)
# Java VM: OpenJDK 64-Bit Server VM (11.0.8+10-b944.6842174, mixed mode, tiered, compressed oops, g1 gc, windows-amd64)
# No core dump will be written. Minidumps are not enabled by default on client versions of Windows
#

---------------  S U M M A R Y ------------

Command Line: --add-opens=java.base/java.util=ALL-UNNAMED --add-opens=java.base/java.lang=ALL-UNNAMED --add-opens=java.base/java.lang.invoke=ALL-UNNAMED --add-opens=java.base/java.util=ALL-UNNAMED --add-opens=java.prefs/java.util.prefs=ALL-UNNAMED --add-opens=java.prefs/java.util.prefs=ALL-UNNAMED --add-opens=java.base/java.nio.charset=ALL-UNNAMED --add-opens=java.base/java.net=ALL-UNNAMED --add-opens=java.base/java.util.concurrent.atomic=ALL-UNNAMED -Xmx2048m -Dfile.encoding=UTF-8 -Duser.country=IN -Duser.language=en -Duser.variant org.gradle.launcher.daemon.bootstrap.GradleDaemon 7.0.2

Host: Intel(R) Core(TM) i5-9300H CPU @ 2.40GHz, 8 cores, 7G,  Windows 10 , 64 bit Build 19041 (10.0.19041.1151)
Time: Mon Aug 30 21:29:46 2021 India Standard Time elapsed time: 11 seconds (0d 0h 0m 11s)

---------------  T H R E A D  ---------------

Current thread (0x000001aa60597800):  JavaThread "C2 CompilerThread1" daemon [_thread_in_native, id=46968, stack(0x0000008ab9700000,0x0000008ab9800000)]


Current CompileTask:
C2:  11082 6573       4       java.net.URLClassLoader$1::run (5 bytes)

Stack: [0x0000008ab9700000,0x0000008ab9800000]
Native frames: (J=compiled Java code, j=interpreted, Vv=VM code, C=native code)
V  [jvm.dll+0x5de50a]
V  [jvm.dll+0x7122f5]
V  [jvm.dll+0x71384d]
V  [jvm.dll+0x713f03]
V  [jvm.dll+0x23e728]
V  [jvm.dll+0xb899c]
V  [jvm.dll+0xb8e9c]
V  [jvm.dll+0x35024d]
V  [jvm.dll+0x193ebc]
V  [jvm.dll+0x1f780e]
V  [jvm.dll+0x1f68d4]
V  [jvm.dll+0x17f32c]
V  [jvm.dll+0x205047]
V  [jvm.dll+0x203891]
V  [jvm.dll+0x6dad3f]
V  [jvm.dll+0x6d3895]
V  [jvm.dll+0x5dd4a6]
C  [ucrtbase.dll+0x21bb2]
C  [KERNEL32.DLL+0x17034]
C  [ntdll.dll+0x52651]


---------------  P R O C E S S  ---------------

Threads class SMR info:
_java_thread_list=0x000001aa6514c930, length=52, elements={
0x000001aa433db000, 0x000001aa5d6cf800, 0x000001aa5d6d0800, 0x000001aa5d6ea000,
0x000001aa5d6ec000, 0x000001aa5d6ee800, 0x000001aa5d6f3000, 0x000001aa5d6f7000,
0x000001aa5e1d4800, 0x000001aa5e201000, 0x000001aa5f950000, 0x000001aa5e26f000,
0x000001aa5ff5e800, 0x000001aa5f7b9800, 0x000001aa5e54f800, 0x000001aa60548000,
0x000001aa60026000, 0x000001aa600d8000, 0x000001aa5f97b000, 0x000001aa5f6e1800,
0x000001aa61b55000, 0x000001aa61b54800, 0x000001aa61b57800, 0x000001aa60597800,
0x000001aa610e5000, 0x000001aa61b5b000, 0x000001aa61b58800, 0x000001aa61b56000,
0x000001aa61b59800, 0x000001aa61b57000, 0x000001aa61b5a000, 0x000001aa61d2a000,
0x000001aa61d25000, 0x000001aa61d2b800, 0x000001aa61d27800, 0x000001aa61d2c000,
0x000001aa61d2e000, 0x000001aa61d2d000, 0x000001aa61d2e800, 0x000001aa61d29000,
0x000001aa61d2f800, 0x000001aa61d30800, 0x000001aa61d2a800, 0x000001aa61d31000,
0x000001aa61d32000, 0x000001aa61d33000, 0x000001aa61d33800, 0x000001aa62618000,
0x000001aa62619800, 0x000001aa6261d800, 0x000001aa6261c800, 0x000001aa6261a800
}

Java Threads: ( => current thread )
  0x000001aa433db000 JavaThread "main" [_thread_blocked, id=15380, stack(0x0000008ab7100000,0x0000008ab7200000)]
  0x000001aa5d6cf800 JavaThread "Reference Handler" daemon [_thread_blocked, id=45100, stack(0x0000008ab7800000,0x0000008ab7900000)]
  0x000001aa5d6d0800 JavaThread "Finalizer" daemon [_thread_blocked, id=25416, stack(0x0000008ab7900000,0x0000008ab7a00000)]
  0x000001aa5d6ea000 JavaThread "Signal Dispatcher" daemon [_thread_blocked, id=48428, stack(0x0000008ab7a00000,0x0000008ab7b00000)]
  0x000001aa5d6ec000 JavaThread "Attach Listener" daemon [_thread_blocked, id=39576, stack(0x0000008ab7b00000,0x0000008ab7c00000)]
  0x000001aa5d6ee800 JavaThread "C2 CompilerThread0" daemon [_thread_in_native, id=46304, stack(0x0000008ab7c00000,0x0000008ab7d00000)]
  0x000001aa5d6f3000 JavaThread "C1 CompilerThread0" daemon [_thread_blocked, id=47292, stack(0x0000008ab7d00000,0x0000008ab7e00000)]
  0x000001aa5d6f7000 JavaThread "Sweeper thread" daemon [_thread_blocked, id=1728, stack(0x0000008ab7e00000,0x0000008ab7f00000)]
  0x000001aa5e1d4800 JavaThread "Common-Cleaner" daemon [_thread_blocked, id=49796, stack(0x0000008ab7f00000,0x0000008ab8000000)]
  0x000001aa5e201000 JavaThread "Service Thread" daemon [_thread_blocked, id=26884, stack(0x0000008ab8000000,0x0000008ab8100000)]
  0x000001aa5f950000 JavaThread "Daemon health stats" [_thread_blocked, id=12512, stack(0x0000008ab8600000,0x0000008ab8700000)]
  0x000001aa5e26f000 JavaThread "Incoming local TCP Connector on port 53739" [_thread_in_native, id=36184, stack(0x0000008ab8200000,0x0000008ab8300000)]
  0x000001aa5ff5e800 JavaThread "Daemon periodic checks" [_thread_blocked, id=9352, stack(0x0000008ab8300000,0x0000008ab8400000)]
  0x000001aa5f7b9800 JavaThread "Daemon" [_thread_blocked, id=43052, stack(0x0000008ab8700000,0x0000008ab8800000)]
  0x000001aa5e54f800 JavaThread "Handler for socket connection from /127.0.0.1:53739 to /127.0.0.1:53740" [_thread_in_native, id=43132, stack(0x0000008ab8800000,0x0000008ab8900000)]
  0x000001aa60548000 JavaThread "Cancel handler" [_thread_blocked, id=3452, stack(0x0000008ab8900000,0x0000008ab8a00000)]
  0x000001aa60026000 JavaThread "Daemon worker" [_thread_in_vm, id=45760, stack(0x0000008ab8a00000,0x0000008ab8b00000)]
  0x000001aa600d8000 JavaThread "Asynchronous log dispatcher for DefaultDaemonConnection: socket connection from /127.0.0.1:53739 to /127.0.0.1:53740" [_thread_blocked, id=32264, stack(0x0000008ab8b00000,0x0000008ab8c00000)]
  0x000001aa5f97b000 JavaThread "Stdin handler" [_thread_blocked, id=3560, stack(0x0000008ab8c00000,0x0000008ab8d00000)]
  0x000001aa5f6e1800 JavaThread "Daemon client event forwarder" [_thread_blocked, id=34272, stack(0x0000008ab8d00000,0x0000008ab8e00000)]
  0x000001aa61b55000 JavaThread "Cache worker for file hash cache (C:\Users\Dark Knight\.gradle\caches\7.0.2\fileHashes)" [_thread_blocked, id=28872, stack(0x0000008ab9300000,0x0000008ab9400000)]
  0x000001aa61b54800 JavaThread "File lock request listener" [_thread_in_native, id=48684, stack(0x0000008ab9400000,0x0000008ab9500000)]
  0x000001aa61b57800 JavaThread "Cache worker for journal cache (C:\Users\Dark Knight\.gradle\caches\journal-1)" [_thread_blocked, id=39116, stack(0x0000008ab9600000,0x0000008ab9700000)]
=>0x000001aa60597800 JavaThread "C2 CompilerThread1" daemon [_thread_in_native, id=46968, stack(0x0000008ab9700000,0x0000008ab9800000)]
  0x000001aa610e5000 JavaThread "C2 CompilerThread2" daemon [_thread_in_native, id=15892, stack(0x0000008ab9800000,0x0000008ab9900000)]
  0x000001aa61b5b000 JavaThread "Cache worker for file hash cache (C:\Android Projects\Udemy TUTORIAL\7MinuteWorkout2\.gradle\7.0.2\fileHashes)" [_thread_blocked, id=46716, stack(0x0000008ab9900000,0x0000008ab9a00000)]
  0x000001aa61b58800 JavaThread "File watcher server" daemon [_thread_in_native, id=47548, stack(0x0000008ab9a00000,0x0000008ab9b00000)]
  0x000001aa61b56000 JavaThread "File watcher consumer" daemon [_thread_blocked, id=49300, stack(0x0000008ab9b00000,0x0000008ab9c00000)]
  0x000001aa61b59800 JavaThread "Cache worker for checksums cache (C:\Android Projects\Udemy TUTORIAL\7MinuteWorkout2\.gradle\checksums)" [_thread_blocked, id=42732, stack(0x0000008ab9c00000,0x0000008ab9d00000)]
  0x000001aa61b57000 JavaThread "Cache worker for cache directory md-supplier (C:\Users\Dark Knight\.gradle\caches\7.0.2\md-supplier)" [_thread_blocked, id=45720, stack(0x0000008ab9d00000,0x0000008ab9e00000)]
  0x000001aa61b5a000 JavaThread "Cache worker for cache directory md-rule (C:\Users\Dark Knight\.gradle\caches\7.0.2\md-rule)" [_thread_blocked, id=31360, stack(0x0000008ab9e00000,0x0000008ab9f00000)]
  0x000001aa61d2a000 JavaThread "Cache worker for execution history cache (C:\Users\Dark Knight\.gradle\caches\7.0.2\executionHistory)" [_thread_blocked, id=26856, stack(0x0000008ab9f00000,0x0000008aba000000)]
  0x000001aa61d25000 JavaThread "jar transforms" [_thread_blocked, id=46184, stack(0x0000008aba000000,0x0000008aba100000)]
  0x000001aa61d2b800 JavaThread "jar transforms Thread 2" [_thread_blocked, id=41740, stack(0x0000008aba100000,0x0000008aba200000)]
  0x000001aa61d27800 JavaThread "Cache worker for file content cache (C:\Users\Dark Knight\.gradle\caches\7.0.2\fileContent)" [_thread_blocked, id=47664, stack(0x0000008aba200000,0x0000008aba300000)]
  0x000001aa61d2c000 JavaThread "Cache worker for dependencies-accessors (C:\Android Projects\Udemy TUTORIAL\7MinuteWorkout2\.gradle\7.0.2\dependencies-accessors)" [_thread_blocked, id=10232, stack(0x0000008aba300000,0x0000008aba400000)]
  0x000001aa61d2e000 JavaThread "jar transforms Thread 3" [_thread_blocked, id=44096, stack(0x0000008aba400000,0x0000008aba500000)]
  0x000001aa61d2d000 JavaThread "Cache worker for Build Output Cleanup Cache (C:\Android Projects\Udemy TUTORIAL\7MinuteWorkout2\.gradle\buildOutputCleanup)" [_thread_blocked, id=29320, stack(0x0000008aba500000,0x0000008aba600000)]
  0x000001aa61d2e800 JavaThread "Build operations" [_thread_blocked, id=44188, stack(0x0000008aba600000,0x0000008aba700000)]
  0x000001aa61d29000 JavaThread "Build operations Thread 2" [_thread_blocked, id=31816, stack(0x0000008aba700000,0x0000008aba800000)]
  0x000001aa61d2f800 JavaThread "Build operations Thread 3" [_thread_blocked, id=46416, stack(0x0000008aba800000,0x0000008aba900000)]
  0x000001aa61d30800 JavaThread "Build operations Thread 4" [_thread_blocked, id=49168, stack(0x0000008aba900000,0x0000008abaa00000)]
  0x000001aa61d2a800 JavaThread "Build operations Thread 5" [_thread_blocked, id=32800, stack(0x0000008abaa00000,0x0000008abab00000)]
  0x000001aa61d31000 JavaThread "Build operations Thread 6" [_thread_blocked, id=44792, stack(0x0000008abab00000,0x0000008abac00000)]
  0x000001aa61d32000 JavaThread "Build operations Thread 7" [_thread_blocked, id=48532, stack(0x0000008abac00000,0x0000008abad00000)]
  0x000001aa61d33000 JavaThread "Build operations Thread 8" [_thread_blocked, id=45132, stack(0x0000008abad00000,0x0000008abae00000)]
  0x000001aa61d33800 JavaThread "jar transforms Thread 4" [_thread_blocked, id=15436, stack(0x0000008abae00000,0x0000008abaf00000)]
  0x000001aa62618000 JavaThread "jar transforms Thread 5" [_thread_blocked, id=49664, stack(0x0000008abaf00000,0x0000008abb000000)]
  0x000001aa62619800 JavaThread "jar transforms Thread 6" [_thread_blocked, id=49884, stack(0x0000008abb000000,0x0000008abb100000)]
  0x000001aa6261d800 JavaThread "jar transforms Thread 7" [_thread_blocked, id=43308, stack(0x0000008abb100000,0x0000008abb200000)]
  0x000001aa6261c800 JavaThread "jar transforms Thread 8" [_thread_blocked, id=48640, stack(0x0000008abb200000,0x0000008abb300000)]
  0x000001aa6261a800 JavaThread "Memory manager" [_thread_blocked, id=43004, stack(0x0000008abb300000,0x0000008abb400000)]

Other Threads:
  0x000001aa5d6c7800 VMThread "VM Thread" [stack: 0x0000008ab7700000,0x0000008ab7800000] [id=39200]
  0x000001aa5e202800 WatcherThread [stack: 0x0000008ab8100000,0x0000008ab8200000] [id=44816]
  0x000001aa433f2800 GCTaskThread "GC Thread#0" [stack: 0x0000008ab7200000,0x0000008ab7300000] [id=23096]
  0x000001aa5eb3e800 GCTaskThread "GC Thread#1" [stack: 0x0000008ab8400000,0x0000008ab8500000] [id=42916]
  0x000001aa5ea69000 GCTaskThread "GC Thread#2" [stack: 0x0000008ab8500000,0x0000008ab8600000] [id=46432]
  0x000001aa5f2ae800 GCTaskThread "GC Thread#3" [stack: 0x0000008ab8e00000,0x0000008ab8f00000] [id=27008]
  0x000001aa6028d000 GCTaskThread "GC Thread#4" [stack: 0x0000008ab8f00000,0x0000008ab9000000] [id=46428]
  0x000001aa5f72a000 GCTaskThread "GC Thread#5" [stack: 0x0000008ab9000000,0x0000008ab9100000] [id=41280]
  0x000001aa5e851000 GCTaskThread "GC Thread#6" [stack: 0x0000008ab9100000,0x0000008ab9200000] [id=42412]
  0x000001aa61c8c000 GCTaskThread "GC Thread#7" [stack: 0x0000008ab9200000,0x0000008ab9300000] [id=22276]
  0x000001aa43423800 ConcurrentGCThread "G1 Main Marker" [stack: 0x0000008ab7300000,0x0000008ab7400000] [id=43144]
  0x000001aa43425000 ConcurrentGCThread "G1 Conc#0" [stack: 0x0000008ab7400000,0x0000008ab7500000] [id=45532]
  0x000001aa6018f800 ConcurrentGCThread "G1 Conc#1" [stack: 0x0000008ab9500000,0x0000008ab9600000] [id=46700]
  0x000001aa434b3800 ConcurrentGCThread "G1 Refine#0" [stack: 0x0000008ab7500000,0x0000008ab7600000] [id=45364]
  0x000001aa5d520800 ConcurrentGCThread "G1 Young RemSet Sampling" [stack: 0x0000008ab7600000,0x0000008ab7700000] [id=15636]

Threads with active compile tasks:
C2 CompilerThread0  11115 6672   !   4       java.net.URLClassLoader$1::run (63 bytes)
C1 CompilerThread0  11115 6831   !   3       org.gradle.internal.serialize.kryo.StringDeduplicatingKryoBackedDecoder::readSmallLong (16 bytes)
C2 CompilerThread1  11115 6573       4       java.net.URLClassLoader$1::run (5 bytes)
C2 CompilerThread2  11115 6480 %     4       org.gradle.internal.instantiation.generator.AbstractClassGenerator::inspectType @ 163 (560 bytes)

VM state:not at safepoint (normal execution)

VM Mutex/Monitor currently owned by a thread: None

Heap address: 0x0000000080000000, size: 2048 MB, Compressed Oops mode: 32-bit
Narrow klass base: 0x0000000000000000, Narrow klass shift: 3
Compressed class space size: 1073741824 Address: 0x0000000100000000

Heap:
 garbage-first heap   total 157696K, used 86130K [0x0000000080000000, 0x0000000100000000)
  region size 1024K, 37 young (37888K), 9 survivors (9216K)
 Metaspace       used 72155K, capacity 73873K, committed 74060K, reserved 1114112K
  class space    used 9268K, capacity 9933K, committed 10060K, reserved 1048576K
Heap Regions: E=young(eden), S=young(survivor), O=old, HS=humongous(starts), HC=humongous(continues), CS=collection set, F=free, A=archive, TAMS=top-at-mark-start (previous, next)
|   0|0x0000000080000000, 0x0000000080100000, 0x0000000080100000|100%| O|  |TAMS 0x0000000080100000, 0x0000000080000000| Untracked 
|   1|0x0000000080100000, 0x0000000080200000, 0x0000000080200000|100%| O|  |TAMS 0x0000000080200000, 0x0000000080100000| Untracked 
|   2|0x0000000080200000, 0x0000000080300000, 0x0000000080300000|100%| O|  |TAMS 0x0000000080300000, 0x0000000080200000| Untracked 
|   3|0x0000000080300000, 0x0000000080400000, 0x0000000080400000|100%|HS|  |TAMS 0x0000000080400000, 0x0000000080300000| Complete 
|   4|0x0000000080400000, 0x0000000080500000, 0x0000000080500000|100%|HC|  |TAMS 0x0000000080500000, 0x0000000080400000| Complete 
|   5|0x0000000080500000, 0x0000000080600000, 0x0000000080600000|100%|HC|  |TAMS 0x0000000080600000, 0x0000000080500000| Complete 
|   6|0x0000000080600000, 0x0000000080700000, 0x0000000080700000|100%| O|  |TAMS 0x0000000080700000, 0x0000000080600000| Untracked 
|   7|0x0000000080700000, 0x0000000080800000, 0x0000000080800000|100%| O|  |TAMS 0x0000000080800000, 0x0000000080700000| Untracked 
|   8|0x0000000080800000, 0x0000000080900000, 0x0000000080900000|100%| O|  |TAMS 0x0000000080900000, 0x0000000080800000| Untracked 
|   9|0x0000000080900000, 0x0000000080a00000, 0x0000000080a00000|100%| O|  |TAMS 0x0000000080a00000, 0x0000000080900000| Untracked 
|  10|0x0000000080a00000, 0x0000000080b00000, 0x0000000080b00000|100%| O|  |TAMS 0x0000000080b00000, 0x0000000080a00000| Untracked 
|  11|0x0000000080b00000, 0x0000000080c00000, 0x0000000080c00000|100%| O|  |TAMS 0x0000000080c00000, 0x0000000080b00000| Untracked 
|  12|0x0000000080c00000, 0x0000000080d00000, 0x0000000080d00000|100%| O|  |TAMS 0x0000000080d00000, 0x0000000080c00000| Untracked 
|  13|0x0000000080d00000, 0x0000000080e00000, 0x0000000080e00000|100%| O|  |TAMS 0x0000000080e00000, 0x0000000080d00000| Untracked 
|  14|0x0000000080e00000, 0x0000000080f00000, 0x0000000080f00000|100%| O|  |TAMS 0x0000000080f00000, 0x0000000080e00000| Untracked 
|  15|0x0000000080f00000, 0x0000000081000000, 0x0000000081000000|100%| O|  |TAMS 0x0000000081000000, 0x0000000080f00000| Untracked 
|  16|0x0000000081000000, 0x0000000081100000, 0x0000000081100000|100%| O|  |TAMS 0x0000000081100000, 0x0000000081000000| Untracked 
|  17|0x0000000081100000, 0x0000000081200000, 0x0000000081200000|100%|HS|  |TAMS 0x0000000081200000, 0x0000000081100000| Complete 
|  18|0x0000000081200000, 0x0000000081300000, 0x0000000081300000|100%| O|  |TAMS 0x0000000081300000, 0x0000000081200000| Untracked 
|  19|0x0000000081300000, 0x0000000081400000, 0x0000000081400000|100%| O|  |TAMS 0x0000000081400000, 0x0000000081300000| Untracked 
|  20|0x0000000081400000, 0x0000000081500000, 0x0000000081500000|100%| O|  |TAMS 0x0000000081500000, 0x0000000081400000| Untracked 
|  21|0x0000000081500000, 0x0000000081600000, 0x0000000081600000|100%| O|  |TAMS 0x0000000081600000, 0x0000000081500000| Untracked 
|  22|0x0000000081600000, 0x0000000081700000, 0x0000000081700000|100%| O|  |TAMS 0x0000000081700000, 0x0000000081600000| Untracked 
|  23|0x0000000081700000, 0x0000000081800000, 0x0000000081800000|100%| O|  |TAMS 0x0000000081800000, 0x0000000081700000| Untracked 
|  24|0x0000000081800000, 0x0000000081900000, 0x0000000081900000|100%| O|  |TAMS 0x0000000081900000, 0x0000000081800000| Untracked 
|  25|0x0000000081900000, 0x0000000081a00000, 0x0000000081a00000|100%| O|  |TAMS 0x0000000081a00000, 0x0000000081900000| Untracked 
|  26|0x0000000081a00000, 0x0000000081b00000, 0x0000000081b00000|100%| O|  |TAMS 0x0000000081b00000, 0x0000000081a00000| Untracked 
|  27|0x0000000081b00000, 0x0000000081c00000, 0x0000000081c00000|100%| O|  |TAMS 0x0000000081c00000, 0x0000000081b00000| Untracked 
|  28|0x0000000081c00000, 0x0000000081d00000, 0x0000000081d00000|100%|HS|  |TAMS 0x0000000081d00000, 0x0000000081c00000| Complete 
|  29|0x0000000081d00000, 0x0000000081e00000, 0x0000000081e00000|100%|HS|  |TAMS 0x0000000081e00000, 0x0000000081d00000| Complete 
|  30|0x0000000081e00000, 0x0000000081f00000, 0x0000000081f00000|100%|HC|  |TAMS 0x0000000081f00000, 0x0000000081e00000| Complete 
|  31|0x0000000081f00000, 0x0000000082000000, 0x0000000082000000|100%|HC|  |TAMS 0x0000000082000000, 0x0000000081f00000| Complete 
|  32|0x0000000082000000, 0x0000000082100000, 0x0000000082100000|100%|HS|  |TAMS 0x0000000082100000, 0x0000000082000000| Complete 
|  33|0x0000000082100000, 0x0000000082200000, 0x0000000082200000|100%|HC|  |TAMS 0x0000000082200000, 0x0000000082100000| Complete 
|  34|0x0000000082200000, 0x0000000082300000, 0x0000000082300000|100%| O|  |TAMS 0x0000000082300000, 0x0000000082200000| Untracked 
|  35|0x0000000082300000, 0x0000000082400000, 0x0000000082400000|100%| O|  |TAMS 0x0000000082400000, 0x0000000082300000| Untracked 
|  36|0x0000000082400000, 0x0000000082500000, 0x0000000082500000|100%| O|  |TAMS 0x0000000082500000, 0x0000000082400000| Untracked 
|  37|0x0000000082500000, 0x0000000082600000, 0x0000000082600000|100%| O|  |TAMS 0x0000000082600000, 0x0000000082500000| Untracked 
|  38|0x0000000082600000, 0x0000000082700000, 0x0000000082700000|100%| O|  |TAMS 0x0000000082700000, 0x0000000082600000| Untracked 
|  39|0x0000000082700000, 0x0000000082800000, 0x0000000082800000|100%| O|  |TAMS 0x0000000082800000, 0x0000000082700000| Untracked 
|  40|0x0000000082800000, 0x0000000082900000, 0x0000000082900000|100%| O|  |TAMS 0x0000000082900000, 0x0000000082800000| Untracked 
|  41|0x0000000082900000, 0x0000000082a00000, 0x0000000082a00000|100%| O|  |TAMS 0x0000000082a00000, 0x0000000082900000| Untracked 
|  42|0x0000000082a00000, 0x0000000082b00000, 0x0000000082b00000|100%| O|  |TAMS 0x0000000082b00000, 0x0000000082a00000| Untracked 
|  43|0x0000000082b00000, 0x0000000082c00000, 0x0000000082c00000|100%| O|  |TAMS 0x0000000082c00000, 0x0000000082b00000| Untracked 
|  44|0x0000000082c00000, 0x0000000082d00000, 0x0000000082d00000|100%| O|  |TAMS 0x0000000082d00000, 0x0000000082c00000| Untracked 
|  45|0x0000000082d00000, 0x0000000082e00000, 0x0000000082e00000|100%| O|  |TAMS 0x0000000082df1600, 0x0000000082d00000| Untracked 
|  46|0x0000000082e00000, 0x0000000082f00000, 0x0000000082f00000|100%| O|  |TAMS 0x0000000082e00000, 0x0000000082e00000| Untracked 
|  47|0x0000000082f00000, 0x0000000083000000, 0x0000000083000000|100%| O|  |TAMS 0x0000000082f00000, 0x0000000082f00000| Untracked 
|  48|0x0000000083000000, 0x000000008301c800, 0x0000000083100000| 11%| O|  |TAMS 0x0000000083000000, 0x0000000083000000| Untracked 
|  49|0x0000000083100000, 0x0000000083100000, 0x0000000083200000|  0%| F|  |TAMS 0x0000000083100000, 0x0000000083100000| Untracked 
|  50|0x0000000083200000, 0x0000000083200000, 0x0000000083300000|  0%| F|  |TAMS 0x0000000083200000, 0x0000000083200000| Untracked 
|  51|0x0000000083300000, 0x0000000083300000, 0x0000000083400000|  0%| F|  |TAMS 0x0000000083300000, 0x0000000083300000| Untracked 
|  52|0x0000000083400000, 0x0000000083400000, 0x0000000083500000|  0%| F|  |TAMS 0x0000000083400000, 0x0000000083400000| Untracked 
|  53|0x0000000083500000, 0x0000000083500000, 0x0000000083600000|  0%| F|  |TAMS 0x0000000083500000, 0x0000000083500000| Untracked 
|  54|0x0000000083600000, 0x0000000083600000, 0x0000000083700000|  0%| F|  |TAMS 0x0000000083600000, 0x0000000083600000| Untracked 
|  55|0x0000000083700000, 0x0000000083700000, 0x0000000083800000|  0%| F|  |TAMS 0x0000000083700000, 0x0000000083700000| Untracked 
|  56|0x0000000083800000, 0x0000000083800000, 0x0000000083900000|  0%| F|  |TAMS 0x0000000083800000, 0x0000000083800000| Untracked 
|  57|0x0000000083900000, 0x0000000083900000, 0x0000000083a00000|  0%| F|  |TAMS 0x0000000083900000, 0x0000000083900000| Untracked 
|  58|0x0000000083a00000, 0x0000000083a00000, 0x0000000083b00000|  0%| F|  |TAMS 0x0000000083a00000, 0x0000000083a00000| Untracked 
|  59|0x0000000083b00000, 0x0000000083b00000, 0x0000000083c00000|  0%| F|  |TAMS 0x0000000083b00000, 0x0000000083b00000| Untracked 
|  60|0x0000000083c00000, 0x0000000083c00000, 0x0000000083d00000|  0%| F|  |TAMS 0x0000000083c00000, 0x0000000083c00000| Untracked 
|  61|0x0000000083d00000, 0x0000000083d00000, 0x0000000083e00000|  0%| F|  |TAMS 0x0000000083d00000, 0x0000000083d00000| Untracked 
|  62|0x0000000083e00000, 0x0000000083e00000, 0x0000000083f00000|  0%| F|  |TAMS 0x0000000083e00000, 0x0000000083e00000| Untracked 
|  63|0x0000000083f00000, 0x0000000083f00000, 0x0000000084000000|  0%| F|  |TAMS 0x0000000083f00000, 0x0000000083f00000| Untracked 
|  64|0x0000000084000000, 0x0000000084000000, 0x0000000084100000|  0%| F|  |TAMS 0x0000000084000000, 0x0000000084000000| Untracked 
|  65|0x0000000084100000, 0x0000000084100000, 0x0000000084200000|  0%| F|  |TAMS 0x0000000084100000, 0x0000000084100000| Untracked 
|  66|0x0000000084200000, 0x0000000084200000, 0x0000000084300000|  0%| F|  |TAMS 0x0000000084200000, 0x0000000084200000| Untracked 
|  67|0x0000000084300000, 0x0000000084300000, 0x0000000084400000|  0%| F|  |TAMS 0x0000000084300000, 0x0000000084300000| Untracked 
|  68|0x0000000084400000, 0x0000000084400000, 0x0000000084500000|  0%| F|  |TAMS 0x0000000084400000, 0x0000000084400000| Untracked 
|  69|0x0000000084500000, 0x0000000084500000, 0x0000000084600000|  0%| F|  |TAMS 0x0000000084500000, 0x0000000084500000| Untracked 
|  70|0x0000000084600000, 0x0000000084600000, 0x0000000084700000|  0%| F|  |TAMS 0x0000000084600000, 0x0000000084600000| Untracked 
|  71|0x0000000084700000, 0x0000000084700000, 0x0000000084800000|  0%| F|  |TAMS 0x0000000084700000, 0x0000000084700000| Untracked 
|  72|0x0000000084800000, 0x0000000084800000, 0x0000000084900000|  0%| F|  |TAMS 0x0000000084800000, 0x0000000084800000| Untracked 
|  73|0x0000000084900000, 0x0000000084900000, 0x0000000084a00000|  0%| F|  |TAMS 0x0000000084900000, 0x0000000084900000| Untracked 
|  74|0x0000000084a00000, 0x0000000084a00000, 0x0000000084b00000|  0%| F|  |TAMS 0x0000000084a00000, 0x0000000084a00000| Untracked 
|  75|0x0000000084b00000, 0x0000000084b00000, 0x0000000084c00000|  0%| F|  |TAMS 0x0000000084b00000, 0x0000000084b00000| Untracked 
|  76|0x0000000084c00000, 0x0000000084c00000, 0x0000000084d00000|  0%| F|  |TAMS 0x0000000084c00000, 0x0000000084c00000| Untracked 
|  77|0x0000000084d00000, 0x0000000084e00000, 0x0000000084e00000|100%| S|CS|TAMS 0x0000000084d00000, 0x0000000084d00000| Complete 
|  78|0x0000000084e00000, 0x0000000084f00000, 0x0000000084f00000|100%| S|CS|TAMS 0x0000000084e00000, 0x0000000084e00000| Complete 
|  79|0x0000000084f00000, 0x0000000085000000, 0x0000000085000000|100%| S|CS|TAMS 0x0000000084f00000, 0x0000000084f00000| Complete 
|  80|0x0000000085000000, 0x0000000085100000, 0x0000000085100000|100%| S|CS|TAMS 0x0000000085000000, 0x0000000085000000| Complete 
|  81|0x0000000085100000, 0x0000000085200000, 0x0000000085200000|100%| S|CS|TAMS 0x0000000085100000, 0x0000000085100000| Complete 
|  82|0x0000000085200000, 0x0000000085200000, 0x0000000085300000|  0%| F|  |TAMS 0x0000000085200000, 0x0000000085200000| Untracked 
|  83|0x0000000085300000, 0x0000000085300000, 0x0000000085400000|  0%| F|  |TAMS 0x0000000085300000, 0x0000000085300000| Untracked 
|  84|0x0000000085400000, 0x0000000085400000, 0x0000000085500000|  0%| F|  |TAMS 0x0000000085400000, 0x0000000085400000| Untracked 
|  85|0x0000000085500000, 0x0000000085500000, 0x0000000085600000|  0%| F|  |TAMS 0x0000000085500000, 0x0000000085500000| Untracked 
|  86|0x0000000085600000, 0x0000000085600000, 0x0000000085700000|  0%| F|  |TAMS 0x0000000085600000, 0x0000000085600000| Untracked 
|  87|0x0000000085700000, 0x0000000085700000, 0x0000000085800000|  0%| F|  |TAMS 0x0000000085700000, 0x0000000085700000| Untracked 
|  88|0x0000000085800000, 0x0000000085800000, 0x0000000085900000|  0%| F|  |TAMS 0x0000000085800000, 0x0000000085800000| Untracked 
|  89|0x0000000085900000, 0x0000000085a00000, 0x0000000085a00000|100%| S|CS|TAMS 0x0000000085900000, 0x0000000085900000| Complete 
|  90|0x0000000085a00000, 0x0000000085b00000, 0x0000000085b00000|100%| S|CS|TAMS 0x0000000085a00000, 0x0000000085a00000| Complete 
|  91|0x0000000085b00000, 0x0000000085c00000, 0x0000000085c00000|100%| S|CS|TAMS 0x0000000085b00000, 0x0000000085b00000| Complete 
|  92|0x0000000085c00000, 0x0000000085d00000, 0x0000000085d00000|100%| S|CS|TAMS 0x0000000085c00000, 0x0000000085c00000| Complete 
|  93|0x0000000085d00000, 0x0000000085d00000, 0x0000000085e00000|  0%| F|  |TAMS 0x0000000085d00000, 0x0000000085d00000| Untracked 
|  94|0x0000000085e00000, 0x0000000085e00000, 0x0000000085f00000|  0%| F|  |TAMS 0x0000000085e00000, 0x0000000085e00000| Untracked 
|  95|0x0000000085f00000, 0x0000000085f00000, 0x0000000086000000|  0%| F|  |TAMS 0x0000000085f00000, 0x0000000085f00000| Untracked 
|  96|0x0000000086000000, 0x0000000086000000, 0x0000000086100000|  0%| F|  |TAMS 0x0000000086000000, 0x0000000086000000| Untracked 
|  97|0x0000000086100000, 0x0000000086100000, 0x0000000086200000|  0%| F|  |TAMS 0x0000000086100000, 0x0000000086100000| Untracked 
|  98|0x0000000086200000, 0x0000000086200000, 0x0000000086300000|  0%| F|  |TAMS 0x0000000086200000, 0x0000000086200000| Untracked 
|  99|0x0000000086300000, 0x0000000086300000, 0x0000000086400000|  0%| F|  |TAMS 0x0000000086300000, 0x0000000086300000| Untracked 
| 100|0x0000000086400000, 0x0000000086400000, 0x0000000086500000|  0%| F|  |TAMS 0x0000000086400000, 0x0000000086400000| Untracked 
| 101|0x0000000086500000, 0x0000000086500000, 0x0000000086600000|  0%| F|  |TAMS 0x0000000086500000, 0x0000000086500000| Untracked 
| 102|0x0000000086600000, 0x0000000086600000, 0x0000000086700000|  0%| F|  |TAMS 0x0000000086600000, 0x0000000086600000| Untracked 
| 103|0x0000000086700000, 0x0000000086700000, 0x0000000086800000|  0%| F|  |TAMS 0x0000000086700000, 0x0000000086700000| Untracked 
| 104|0x0000000086800000, 0x0000000086800000, 0x0000000086900000|  0%| F|  |TAMS 0x0000000086800000, 0x0000000086800000| Untracked 
| 105|0x0000000086900000, 0x0000000086900000, 0x0000000086a00000|  0%| F|  |TAMS 0x0000000086900000, 0x0000000086900000| Untracked 
| 106|0x0000000086a00000, 0x0000000086a00000, 0x0000000086b00000|  0%| F|  |TAMS 0x0000000086a00000, 0x0000000086a00000| Untracked 
| 107|0x0000000086b00000, 0x0000000086b00000, 0x0000000086c00000|  0%| F|  |TAMS 0x0000000086b00000, 0x0000000086b00000| Untracked 
| 108|0x0000000086c00000, 0x0000000086c00000, 0x0000000086d00000|  0%| F|  |TAMS 0x0000000086c00000, 0x0000000086c00000| Untracked 
| 109|0x0000000086d00000, 0x0000000086d00000, 0x0000000086e00000|  0%| F|  |TAMS 0x0000000086d00000, 0x0000000086d00000| Untracked 
| 110|0x0000000086e00000, 0x0000000086e00000, 0x0000000086f00000|  0%| F|  |TAMS 0x0000000086e00000, 0x0000000086e00000| Untracked 
| 111|0x0000000086f00000, 0x0000000086f00000, 0x0000000087000000|  0%| F|  |TAMS 0x0000000086f00000, 0x0000000086f00000| Untracked 
| 112|0x0000000087000000, 0x0000000087000000, 0x0000000087100000|  0%| F|  |TAMS 0x0000000087000000, 0x0000000087000000| Untracked 
| 113|0x0000000087100000, 0x0000000087100000, 0x0000000087200000|  0%| F|  |TAMS 0x0000000087100000, 0x0000000087100000| Untracked 
| 114|0x0000000087200000, 0x0000000087200000, 0x0000000087300000|  0%| F|  |TAMS 0x0000000087200000, 0x0000000087200000| Untracked 
| 115|0x0000000087300000, 0x0000000087300000, 0x0000000087400000|  0%| F|  |TAMS 0x0000000087300000, 0x0000000087300000| Untracked 
| 116|0x0000000087400000, 0x0000000087400000, 0x0000000087500000|  0%| F|  |TAMS 0x0000000087400000, 0x0000000087400000| Untracked 
| 117|0x0000000087500000, 0x0000000087500000, 0x0000000087600000|  0%| F|  |TAMS 0x0000000087500000, 0x0000000087500000| Untracked 
| 118|0x0000000087600000, 0x0000000087600000, 0x0000000087700000|  0%| F|  |TAMS 0x0000000087600000, 0x0000000087600000| Untracked 
| 119|0x0000000087700000, 0x0000000087700000, 0x0000000087800000|  0%| F|  |TAMS 0x0000000087700000, 0x0000000087700000| Untracked 
| 120|0x0000000087800000, 0x0000000087800000, 0x0000000087900000|  0%| F|  |TAMS 0x0000000087800000, 0x0000000087800000| Untracked 
| 121|0x0000000087900000, 0x0000000087900000, 0x0000000087a00000|  0%| F|  |TAMS 0x0000000087900000, 0x0000000087900000| Untracked 
| 122|0x0000000087a00000, 0x0000000087a00000, 0x0000000087b00000|  0%| F|  |TAMS 0x0000000087a00000, 0x0000000087a00000| Untracked 
| 123|0x0000000087b00000, 0x0000000087b00000, 0x0000000087c00000|  0%| F|  |TAMS 0x0000000087b00000, 0x0000000087b00000| Untracked 
| 124|0x0000000087c00000, 0x0000000087c00000, 0x0000000087d00000|  0%| F|  |TAMS 0x0000000087c00000, 0x0000000087c00000| Untracked 
| 125|0x0000000087d00000, 0x0000000087d80800, 0x0000000087e00000| 50%| E|  |TAMS 0x0000000087d00000, 0x0000000087d00000| Complete 
| 126|0x0000000087e00000, 0x0000000087f00000, 0x0000000087f00000|100%| E|CS|TAMS 0x0000000087e00000, 0x0000000087e00000| Complete 
| 127|0x0000000087f00000, 0x0000000088000000, 0x0000000088000000|100%| E|CS|TAMS 0x0000000087f00000, 0x0000000087f00000| Complete 
| 128|0x0000000088000000, 0x0000000088100000, 0x0000000088100000|100%| E|CS|TAMS 0x0000000088000000, 0x0000000088000000| Complete 
| 129|0x0000000088100000, 0x0000000088200000, 0x0000000088200000|100%| E|CS|TAMS 0x0000000088100000, 0x0000000088100000| Complete 
| 130|0x0000000088200000, 0x0000000088300000, 0x0000000088300000|100%| E|CS|TAMS 0x0000000088200000, 0x0000000088200000| Complete 
| 131|0x0000000088300000, 0x0000000088400000, 0x0000000088400000|100%| E|CS|TAMS 0x0000000088300000, 0x0000000088300000| Complete 
| 132|0x0000000088400000, 0x0000000088500000, 0x0000000088500000|100%| E|CS|TAMS 0x0000000088400000, 0x0000000088400000| Complete 
| 133|0x0000000088500000, 0x0000000088600000, 0x0000000088600000|100%| E|CS|TAMS 0x0000000088500000, 0x0000000088500000| Complete 
| 134|0x0000000088600000, 0x0000000088700000, 0x0000000088700000|100%| E|CS|TAMS 0x0000000088600000, 0x0000000088600000| Complete 
| 135|0x0000000088700000, 0x0000000088800000, 0x0000000088800000|100%| E|CS|TAMS 0x0000000088700000, 0x0000000088700000| Complete 
| 136|0x0000000088800000, 0x0000000088900000, 0x0000000088900000|100%| E|CS|TAMS 0x0000000088800000, 0x0000000088800000| Complete 
| 137|0x0000000088900000, 0x0000000088a00000, 0x0000000088a00000|100%| E|CS|TAMS 0x0000000088900000, 0x0000000088900000| Complete 
| 138|0x0000000088a00000, 0x0000000088b00000, 0x0000000088b00000|100%| E|CS|TAMS 0x0000000088a00000, 0x0000000088a00000| Complete 
| 139|0x0000000088b00000, 0x0000000088c00000, 0x0000000088c00000|100%| E|CS|TAMS 0x0000000088b00000, 0x0000000088b00000| Complete 
| 140|0x0000000088c00000, 0x0000000088d00000, 0x0000000088d00000|100%| E|CS|TAMS 0x0000000088c00000, 0x0000000088c00000| Complete 
| 141|0x0000000088d00000, 0x0000000088e00000, 0x0000000088e00000|100%| E|CS|TAMS 0x0000000088d00000, 0x0000000088d00000| Complete 
| 142|0x0000000088e00000, 0x0000000088f00000, 0x0000000088f00000|100%| E|CS|TAMS 0x0000000088e00000, 0x0000000088e00000| Complete 
| 143|0x0000000088f00000, 0x0000000089000000, 0x0000000089000000|100%| E|CS|TAMS 0x0000000088f00000, 0x0000000088f00000| Complete 
| 144|0x0000000089000000, 0x0000000089100000, 0x0000000089100000|100%| E|CS|TAMS 0x0000000089000000, 0x0000000089000000| Complete 
| 145|0x0000000089100000, 0x0000000089200000, 0x0000000089200000|100%| E|CS|TAMS 0x0000000089100000, 0x0000000089100000| Complete 
| 146|0x0000000089200000, 0x0000000089300000, 0x0000000089300000|100%| E|CS|TAMS 0x0000000089200000, 0x0000000089200000| Complete 
| 147|0x0000000089300000, 0x0000000089400000, 0x0000000089400000|100%| E|CS|TAMS 0x0000000089300000, 0x0000000089300000| Complete 
| 148|0x0000000089400000, 0x0000000089500000, 0x0000000089500000|100%| E|CS|TAMS 0x0000000089400000, 0x0000000089400000| Complete 
| 149|0x0000000089500000, 0x0000000089600000, 0x0000000089600000|100%| E|CS|TAMS 0x0000000089500000, 0x0000000089500000| Complete 
| 150|0x0000000089600000, 0x0000000089700000, 0x0000000089700000|100%| E|CS|TAMS 0x0000000089600000, 0x0000000089600000| Complete 
| 151|0x0000000089700000, 0x0000000089800000, 0x0000000089800000|100%| E|CS|TAMS 0x0000000089700000, 0x0000000089700000| Complete 
| 152|0x0000000089800000, 0x0000000089900000, 0x0000000089900000|100%| E|CS|TAMS 0x0000000089800000, 0x0000000089800000| Complete 
| 153|0x0000000089900000, 0x0000000089a00000, 0x0000000089a00000|100%| E|CS|TAMS 0x0000000089900000, 0x0000000089900000| Complete 

Card table byte_map: [0x000001aa56490000,0x000001aa56890000] _byte_map_base: 0x000001aa56090000

Marking Bits (Prev, Next): (CMBitMap*) 0x000001aa4341ad38, (CMBitMap*) 0x000001aa4341ad70
 Prev Bits: [0x000001aa56c90000, 0x000001aa58c90000)
 Next Bits: [0x000001aa58c90000, 0x000001aa5ac90000)

Polling page: 0x000001aa41580000

Metaspace:

Usage:
  Non-class:     62.44 MB capacity,    61.44 MB ( 98%) used,   851.80 KB (  1%) free+waste,   177.25 KB ( <1%) overhead. 
      Class:      9.70 MB capacity,     9.05 MB ( 93%) used,   578.55 KB (  6%) free+waste,    82.44 KB ( <1%) overhead. 
       Both:     72.14 MB capacity,    70.49 MB ( 98%) used,     1.40 MB (  2%) free+waste,   259.69 KB ( <1%) overhead. 

Virtual space:
  Non-class space:       64.00 MB reserved,      62.50 MB ( 98%) committed 
      Class space:        1.00 GB reserved,       9.82 MB ( <1%) committed 
             Both:        1.06 GB reserved,      72.32 MB (  7%) committed 

Chunk freelists:
   Non-Class:  60.00 KB
       Class:  19.00 KB
        Both:  79.00 KB

MaxMetaspaceSize: 17179869184.00 GB
CompressedClassSpaceSize: 1.00 GB

CodeHeap 'non-profiled nmethods': size=120000Kb used=4132Kb max_used=4132Kb free=115867Kb
 bounds [0x000001aa4e830000, 0x000001aa4ec40000, 0x000001aa55d60000]
CodeHeap 'profiled nmethods': size=120000Kb used=13801Kb max_used=13801Kb free=106199Kb
 bounds [0x000001aa47300000, 0x000001aa48080000, 0x000001aa4e830000]
CodeHeap 'non-nmethods': size=5760Kb used=2256Kb max_used=2298Kb free=3503Kb
 bounds [0x000001aa46d60000, 0x000001aa46fd0000, 0x000001aa47300000]
 total_blobs=7448 nmethods=6597 adapters=762
 compilation: enabled
              stopped_count=0, restarted_count=0
 full_count=0

Compilation events (20 events):
Event: 10.977 Thread 0x000001aa5d6f3000 6746       3       sun.util.locale.LocaleUtils::isAlphaNumeric (20 bytes)
Event: 10.977 Thread 0x000001aa5d6f3000 nmethod 6746 0x000001aa48047290 code [0x000001aa48047460, 0x000001aa48047818]
Event: 10.977 Thread 0x000001aa5d6f3000 6747       3       org.gradle.api.internal.DefaultNamedDomainObjectCollection::assertCanAdd (44 bytes)
Event: 10.978 Thread 0x000001aa5d6f3000 nmethod 6747 0x000001aa48047910 code [0x000001aa48047c00, 0x000001aa48048c78]
Event: 10.978 Thread 0x000001aa5d6f3000 6748       3       com.google.common.collect.ImmutableList::contains (14 bytes)
Event: 10.978 Thread 0x000001aa5d6f3000 nmethod 6748 0x000001aa48049110 code [0x000001aa480492c0, 0x000001aa480494c8]
Event: 10.978 Thread 0x000001aa5d6f3000 6749       3       com.google.common.collect.ImmutableList::indexOf (14 bytes)
Event: 10.978 Thread 0x000001aa5d6f3000 nmethod 6749 0x000001aa48049590 code [0x000001aa48049740, 0x000001aa480498c8]
Event: 10.982 Thread 0x000001aa5d6f3000 6750       3       org.apache.commons.io.FilenameUtils::failIfNullBytePresent (37 bytes)
Event: 10.983 Thread 0x000001aa5d6f3000 nmethod 6750 0x000001aa48049990 code [0x000001aa48049be0, 0x000001aa4804a468]
Event: 10.987 Thread 0x000001aa5d6f3000 6751       3       java.lang.invoke.DelegatingMethodHandle::rebind (8 bytes)
Event: 10.987 Thread 0x000001aa5d6f3000 nmethod 6751 0x000001aa4804a890 code [0x000001aa4804aa60, 0x000001aa4804acd8]
Event: 10.995 Thread 0x000001aa5d6f3000 6752       3       java.lang.invoke.MethodHandleImpl$IntrinsicMethodHandle::<init> (20 bytes)
Event: 10.996 Thread 0x000001aa5d6f3000 nmethod 6752 0x000001aa4804ad90 code [0x000001aa4804af80, 0x000001aa4804b598]
Event: 10.996 Thread 0x000001aa5d6f3000 6753       3       java.lang.invoke.BoundMethodHandle::bindSingle (7 bytes)
Event: 10.996 Thread 0x000001aa5d6f3000 nmethod 6753 0x000001aa4804b790 code [0x000001aa4804b960, 0x000001aa4804bc08]
Event: 10.996 Thread 0x000001aa5d6f3000 6754       3       java.lang.invoke.SimpleMethodHandle::make (10 bytes)
Event: 10.997 Thread 0x000001aa5d6f3000 nmethod 6754 0x000001aa4804bd90 code [0x000001aa4804bf60, 0x000001aa4804c148]
Event: 11.011 Thread 0x000001aa5d6f3000 6755       3       jdk.internal.loader.URLClassPath$1::next (59 bytes)
Event: 11.011 Thread 0x000001aa5d6f3000 nmethod 6755 0x000001aa4804c290 code [0x000001aa4804c480, 0x000001aa4804c858]

GC Heap History (20 events):
Event: 3.598 GC heap before
{Heap before GC invocations=1 (full 0):
 garbage-first heap   total 131072K, used 84257K [0x0000000080000000, 0x0000000100000000)
  region size 1024K, 76 young (77824K), 3 survivors (3072K)
 Metaspace       used 17689K, capacity 18108K, committed 18176K, reserved 1064960K
  class space    used 2087K, capacity 2238K, committed 2304K, reserved 1048576K
}
Event: 3.612 GC heap after
{Heap after GC invocations=2 (full 0):
 garbage-first heap   total 131072K, used 16048K [0x0000000080000000, 0x0000000100000000)
  region size 1024K, 10 young (10240K), 10 survivors (10240K)
 Metaspace       used 17689K, capacity 18108K, committed 18176K, reserved 1064960K
  class space    used 2087K, capacity 2238K, committed 2304K, reserved 1048576K
}
Event: 3.959 GC heap before
{Heap before GC invocations=2 (full 0):
 garbage-first heap   total 131072K, used 39600K [0x0000000080000000, 0x0000000100000000)
  region size 1024K, 34 young (34816K), 10 survivors (10240K)
 Metaspace       used 20644K, capacity 21140K, committed 21248K, reserved 1067008K
  class space    used 2525K, capacity 2722K, committed 2816K, reserved 1048576K
}
Event: 3.967 GC heap after
{Heap after GC invocations=3 (full 0):
 garbage-first heap   total 131072K, used 17534K [0x0000000080000000, 0x0000000100000000)
  region size 1024K, 1 young (1024K), 1 survivors (1024K)
 Metaspace       used 20644K, capacity 21140K, committed 21248K, reserved 1067008K
  class space    used 2525K, capacity 2722K, committed 2816K, reserved 1048576K
}
Event: 4.724 GC heap before
{Heap before GC invocations=4 (full 0):
 garbage-first heap   total 131072K, used 78974K [0x0000000080000000, 0x0000000100000000)
  region size 1024K, 61 young (62464K), 1 survivors (1024K)
 Metaspace       used 26490K, capacity 27213K, committed 27392K, reserved 1073152K
  class space    used 3485K, capacity 3754K, committed 3840K, reserved 1048576K
}
Event: 4.728 GC heap after
{Heap after GC invocations=5 (full 0):
 garbage-first heap   total 131072K, used 19383K [0x0000000080000000, 0x0000000100000000)
  region size 1024K, 3 young (3072K), 3 survivors (3072K)
 Metaspace       used 26490K, capacity 27213K, committed 27392K, reserved 1073152K
  class space    used 3485K, capacity 3754K, committed 3840K, reserved 1048576K
}
Event: 5.510 GC heap before
{Heap before GC invocations=5 (full 0):
 garbage-first heap   total 131072K, used 67511K [0x0000000080000000, 0x0000000100000000)
  region size 1024K, 52 young (53248K), 3 survivors (3072K)
 Metaspace       used 34976K, capacity 35782K, committed 35840K, reserved 1081344K
  class space    used 4533K, capacity 4864K, committed 4864K, reserved 1048576K
}
Event: 5.519 GC heap after
{Heap after GC invocations=6 (full 0):
 garbage-first heap   total 131072K, used 22554K [0x0000000080000000, 0x0000000100000000)
  region size 1024K, 6 young (6144K), 6 survivors (6144K)
 Metaspace       used 34976K, capacity 35782K, committed 35840K, reserved 1081344K
  class space    used 4533K, capacity 4864K, committed 4864K, reserved 1048576K
}
Event: 6.239 GC heap before
{Heap before GC invocations=7 (full 0):
 garbage-first heap   total 131072K, used 88090K [0x0000000080000000, 0x0000000100000000)
  region size 1024K, 68 young (69632K), 6 survivors (6144K)
 Metaspace       used 39547K, capacity 40478K, committed 40524K, reserved 1085440K
  class space    used 5060K, capacity 5422K, committed 5452K, reserved 1048576K
}
Event: 6.250 GC heap after
{Heap after GC invocations=8 (full 0):
 garbage-first heap   total 131072K, used 27860K [0x0000000080000000, 0x0000000100000000)
  region size 1024K, 9 young (9216K), 9 survivors (9216K)
 Metaspace       used 39547K, capacity 40478K, committed 40524K, reserved 1085440K
  class space    used 5060K, capacity 5422K, committed 5452K, reserved 1048576K
}
Event: 6.964 GC heap before
{Heap before GC invocations=8 (full 0):
 garbage-first heap   total 131072K, used 90324K [0x0000000080000000, 0x0000000100000000)
  region size 1024K, 70 young (71680K), 9 survivors (9216K)
 Metaspace       used 45060K, capacity 46152K, committed 46284K, reserved 1089536K
  class space    used 5791K, capacity 6221K, committed 6348K, reserved 1048576K
}
Event: 6.975 GC heap after
{Heap after GC invocations=9 (full 0):
 garbage-first heap   total 157696K, used 30016K [0x0000000080000000, 0x0000000100000000)
  region size 1024K, 3 young (3072K), 3 survivors (3072K)
 Metaspace       used 45060K, capacity 46152K, committed 46284K, reserved 1089536K
  class space    used 5791K, capacity 6221K, committed 6348K, reserved 1048576K
}
Event: 8.334 GC heap before
{Heap before GC invocations=9 (full 0):
 garbage-first heap   total 157696K, used 111936K [0x0000000080000000, 0x0000000100000000)
  region size 1024K, 77 young (78848K), 3 survivors (3072K)
 Metaspace       used 50894K, capacity 52274K, committed 52300K, reserved 1095680K
  class space    used 6462K, capacity 6965K, committed 6988K, reserved 1048576K
}
Event: 8.341 GC heap after
{Heap after GC invocations=10 (full 0):
 garbage-first heap   total 157696K, used 46532K [0x0000000080000000, 0x0000000100000000)
  region size 1024K, 10 young (10240K), 10 survivors (10240K)
 Metaspace       used 50894K, capacity 52274K, committed 52300K, reserved 1095680K
  class space    used 6462K, capacity 6965K, committed 6988K, reserved 1048576K
}
Event: 9.148 GC heap before
{Heap before GC invocations=10 (full 0):
 garbage-first heap   total 157696K, used 98756K [0x0000000080000000, 0x0000000100000000)
  region size 1024K, 62 young (63488K), 10 survivors (10240K)
 Metaspace       used 58566K, capacity 60101K, committed 60236K, reserved 1101824K
  class space    used 7425K, capacity 7969K, committed 8012K, reserved 1048576K
}
Event: 9.167 GC heap after
{Heap after GC invocations=11 (full 0):
 garbage-first heap   total 157696K, used 50253K [0x0000000080000000, 0x0000000100000000)
  region size 1024K, 4 young (4096K), 4 survivors (4096K)
 Metaspace       used 58566K, capacity 60101K, committed 60236K, reserved 1101824K
  class space    used 7425K, capacity 7969K, committed 8012K, reserved 1048576K
}
Event: 9.979 GC heap before
{Heap before GC invocations=12 (full 0):
 garbage-first heap   total 157696K, used 112717K [0x0000000080000000, 0x0000000100000000)
  region size 1024K, 65 young (66560K), 4 survivors (4096K)
 Metaspace       used 64154K, capacity 65739K, committed 65868K, reserved 1105920K
  class space    used 8120K, capacity 8723K, committed 8780K, reserved 1048576K
}
Event: 9.989 GC heap after
{Heap after GC invocations=13 (full 0):
 garbage-first heap   total 157696K, used 54059K [0x0000000080000000, 0x0000000100000000)
  region size 1024K, 7 young (7168K), 7 survivors (7168K)
 Metaspace       used 64154K, capacity 65739K, committed 65868K, reserved 1105920K
  class space    used 8120K, capacity 8723K, committed 8780K, reserved 1048576K
}
Event: 10.642 GC heap before
{Heap before GC invocations=14 (full 0):
 garbage-first heap   total 157696K, used 116523K [0x0000000080000000, 0x0000000100000000)
  region size 1024K, 68 young (69632K), 7 survivors (7168K)
 Metaspace       used 68206K, capacity 69864K, committed 70092K, reserved 1110016K
  class space    used 8724K, capacity 9372K, committed 9420K, reserved 1048576K
}
Event: 10.651 GC heap after
{Heap after GC invocations=15 (full 0):
 garbage-first heap   total 157696K, used 58482K [0x0000000080000000, 0x0000000100000000)
  region size 1024K, 9 young (9216K), 9 survivors (9216K)
 Metaspace       used 68206K, capacity 69864K, committed 70092K, reserved 1110016K
  class space    used 8724K, capacity 9372K, committed 9420K, reserved 1048576K
}

Deoptimization events (20 events):
Event: 10.019 Thread 0x000001aa60026000 DEOPT PACKING pc=0x000001aa4eb15438 sp=0x0000008ab8af8980
Event: 10.019 Thread 0x000001aa60026000 DEOPT UNPACKING pc=0x000001aa46d874af sp=0x0000008ab8af8908 mode 2
Event: 10.147 Thread 0x000001aa60026000 Uncommon trap: trap_request=0xffffff4d fr.pc=0x000001aa4e9bbf00 relative=0x0000000000000340
Event: 10.147 Thread 0x000001aa60026000 Uncommon trap: reason=unstable_if action=reinterpret pc=0x000001aa4e9bbf00 method=java.util.StringJoiner.add(Ljava/lang/CharSequence;)Ljava/util/StringJoiner; @ 33 c2
Event: 10.147 Thread 0x000001aa60026000 DEOPT PACKING pc=0x000001aa4e9bbf00 sp=0x0000008ab8af60e0
Event: 10.147 Thread 0x000001aa60026000 DEOPT UNPACKING pc=0x000001aa46d874af sp=0x0000008ab8af6090 mode 2
Event: 10.225 Thread 0x000001aa60026000 Uncommon trap: trap_request=0xffffff4d fr.pc=0x000001aa4ead9ae8 relative=0x0000000000000e08
Event: 10.225 Thread 0x000001aa60026000 Uncommon trap: reason=unstable_if action=reinterpret pc=0x000001aa4ead9ae8 method=org.codehaus.groovy.runtime.metaclass.MetaMethodIndex.isOverridden(Lgroovy/lang/MetaMethod;Lgroovy/lang/MetaMethod;)Z @ 33 c2
Event: 10.225 Thread 0x000001aa60026000 DEOPT PACKING pc=0x000001aa4ead9ae8 sp=0x0000008ab8af4fe0
Event: 10.225 Thread 0x000001aa60026000 DEOPT UNPACKING pc=0x000001aa46d874af sp=0x0000008ab8af4f38 mode 2
Event: 10.246 Thread 0x000001aa60026000 Uncommon trap: trap_request=0xffffff4d fr.pc=0x000001aa4ea52644 relative=0x0000000000005464
Event: 10.246 Thread 0x000001aa60026000 Uncommon trap: reason=unstable_if action=reinterpret pc=0x000001aa4ea52644 method=org.codehaus.groovy.reflection.CachedMethod.compareToMethod(Ljava/lang/reflect/Method;)I @ 111 c2
Event: 10.246 Thread 0x000001aa60026000 DEOPT PACKING pc=0x000001aa4ea52644 sp=0x0000008ab8af64a0
Event: 10.246 Thread 0x000001aa60026000 DEOPT UNPACKING pc=0x000001aa46d874af sp=0x0000008ab8af64a0 mode 2
Event: 10.698 Thread 0x000001aa60026000 Uncommon trap: trap_request=0xffffffdc fr.pc=0x000001aa4ec2226c relative=0x00000000000002ac
Event: 10.698 Thread 0x000001aa60026000 Uncommon trap: reason=class_check action=make_not_entrant pc=0x000001aa4ec2226c method=java.util.ArrayList.toArray([Ljava/lang/Object;)[Ljava/lang/Object; @ 21 c2
Event: 10.698 Thread 0x000001aa60026000 DEOPT PACKING pc=0x000001aa4ec2226c sp=0x0000008ab8af9b90
Event: 10.698 Thread 0x000001aa60026000 DEOPT UNPACKING pc=0x000001aa46d874af sp=0x0000008ab8af9b60 mode 2
Event: 10.881 Thread 0x000001aa60026000 DEOPT PACKING pc=0x000001aa47e37027 sp=0x0000008ab8af91a0
Event: 10.881 Thread 0x000001aa60026000 DEOPT UNPACKING pc=0x000001aa46d872ce sp=0x0000008ab8af8650 mode 0

Classes redefined (0 events):
No events

Internal exceptions (20 events):
Event: 10.258 Thread 0x000001aa60026000 Exception <a 'java/lang/ClassNotFoundException'{0x0000000087eca4f0}: org/jetbrains/kotlin/gradle/dsl/KotlinJvmOptionsImplBeanInfo> (0x0000000087eca4f0) thrown at [./src/hotspot/share/classfile/systemDictionary.cpp, line 231]
Event: 10.259 Thread 0x000001aa60026000 Exception <a 'java/lang/ClassNotFoundException'{0x0000000087ee1fe0}: org/jetbrains/kotlin/gradle/dsl/KotlinJvmOptionsBaseBeanInfo> (0x0000000087ee1fe0) thrown at [./src/hotspot/share/classfile/systemDictionary.cpp, line 231]
Event: 10.259 Thread 0x000001aa60026000 Exception <a 'java/lang/ClassNotFoundException'{0x0000000087ef9cd8}: org/jetbrains/kotlin/gradle/dsl/KotlinJvmOptionsBaseCustomizer> (0x0000000087ef9cd8) thrown at [./src/hotspot/share/classfile/systemDictionary.cpp, line 231]
Event: 10.260 Thread 0x000001aa60026000 Exception <a 'java/lang/ClassNotFoundException'{0x0000000087d2a618}: org/jetbrains/kotlin/gradle/dsl/KotlinJvmOptionsImplCustomizer> (0x0000000087d2a618) thrown at [./src/hotspot/share/classfile/systemDictionary.cpp, line 231]
Event: 10.265 Thread 0x000001aa60026000 Exception <a 'java/lang/ClassNotFoundException'{0x0000000087c09aa0}: groovy/lang/GString$1BeanInfo> (0x0000000087c09aa0) thrown at [./src/hotspot/share/classfile/systemDictionary.cpp, line 231]
Event: 10.266 Thread 0x000001aa60026000 Exception <a 'java/lang/ClassNotFoundException'{0x0000000087c43370}: groovy/lang/GStringBeanInfo> (0x0000000087c43370) thrown at [./src/hotspot/share/classfile/systemDictionary.cpp, line 231]
Event: 10.267 Thread 0x000001aa60026000 Exception <a 'java/lang/ClassNotFoundException'{0x0000000087c7cd88}: groovy/lang/GStringCustomizer> (0x0000000087c7cd88) thrown at [./src/hotspot/share/classfile/systemDictionary.cpp, line 231]
Event: 10.268 Thread 0x000001aa60026000 Exception <a 'java/lang/ClassNotFoundException'{0x0000000087cc0988}: groovy/lang/GString$1Customizer> (0x0000000087cc0988) thrown at [./src/hotspot/share/classfile/systemDictionary.cpp, line 231]
Event: 10.273 Thread 0x000001aa60026000 Exception <a 'java/lang/ClassNotFoundException'{0x00000000879e7898}: org/codehaus/groovy/runtime/GStringImplBeanInfo> (0x00000000879e7898) thrown at [./src/hotspot/share/classfile/systemDictionary.cpp, line 231]
Event: 10.276 Thread 0x000001aa60026000 Exception <a 'java/lang/ClassNotFoundException'{0x000000008768c600}: org/codehaus/groovy/runtime/GStringImplCustomizer> (0x000000008768c600) thrown at [./src/hotspot/share/classfile/systemDictionary.cpp, line 231]
Event: 10.896 Thread 0x000001aa60026000 Exception <a 'java/lang/ClassNotFoundException'{0x000000008891d798}: com/android/build/gradle/internal/api/ApkVariantOutputImpl_DecoratedBeanInfo> (0x000000008891d798) thrown at [./src/hotspot/share/classfile/systemDictionary.cpp, line 231]
Event: 10.897 Thread 0x000001aa60026000 Exception <a 'java/lang/ClassNotFoundException'{0x0000000088936d70}: com/android/build/gradle/internal/api/ApkVariantOutputImplBeanInfo> (0x0000000088936d70) thrown at [./src/hotspot/share/classfile/systemDictionary.cpp, line 231]
Event: 10.897 Thread 0x000001aa60026000 Exception <a 'java/lang/ClassNotFoundException'{0x0000000088950b00}: com/android/build/gradle/internal/api/BaseVariantOutputImplBeanInfo> (0x0000000088950b00) thrown at [./src/hotspot/share/classfile/systemDictionary.cpp, line 231]
Event: 10.898 Thread 0x000001aa60026000 Exception <a 'java/lang/ClassNotFoundException'{0x000000008896a8f8}: com/android/build/gradle/internal/api/BaseVariantOutputImplCustomizer> (0x000000008896a8f8) thrown at [./src/hotspot/share/classfile/systemDictionary.cpp, line 231]
Event: 10.899 Thread 0x000001aa60026000 Exception <a 'java/lang/ClassNotFoundException'{0x0000000088997878}: com/android/build/gradle/internal/api/ApkVariantOutputImplCustomizer> (0x0000000088997878) thrown at [./src/hotspot/share/classfile/systemDictionary.cpp, line 231]
Event: 10.900 Thread 0x000001aa60026000 Exception <a 'java/lang/ClassNotFoundException'{0x00000000889c0120}: com/android/build/gradle/internal/api/ApkVariantOutputImpl_DecoratedCustomizer> (0x00000000889c0120) thrown at [./src/hotspot/share/classfile/systemDictionary.cpp, line 231]
Event: 10.918 Thread 0x000001aa60026000 Exception <a 'java/lang/ClassNotFoundException'{0x000000008872c430}: com/android/build/gradle/internal/api/ReadOnlyBuildTypeBeanInfo> (0x000000008872c430) thrown at [./src/hotspot/share/classfile/systemDictionary.cpp, line 231]
Event: 10.919 Thread 0x000001aa60026000 Exception <a 'java/lang/ClassNotFoundException'{0x00000000887451d8}: com/android/build/gradle/internal/api/ReadOnlyBaseConfigBeanInfo> (0x00000000887451d8) thrown at [./src/hotspot/share/classfile/systemDictionary.cpp, line 231]
Event: 10.919 Thread 0x000001aa60026000 Exception <a 'java/lang/ClassNotFoundException'{0x000000008875e778}: com/android/build/gradle/internal/api/ReadOnlyBaseConfigCustomizer> (0x000000008875e778) thrown at [./src/hotspot/share/classfile/systemDictionary.cpp, line 231]
Event: 10.920 Thread 0x000001aa60026000 Exception <a 'java/lang/ClassNotFoundException'{0x0000000088787ec8}: com/android/build/gradle/internal/api/ReadOnlyBuildTypeCustomizer> (0x0000000088787ec8) thrown at [./src/hotspot/share/classfile/systemDictionary.cpp, line 231]

Events (20 events):
Event: 11.031 loading class com/sun/org/apache/xerces/internal/xni/QName done
Event: 11.031 loading class com/sun/org/apache/xerces/internal/impl/XMLDocumentFragmentScannerImpl$ElementStack2
Event: 11.031 loading class com/sun/org/apache/xerces/internal/impl/XMLDocumentFragmentScannerImpl$ElementStack2 done
Event: 11.031 loading class com/sun/org/apache/xerces/internal/impl/XMLNSDocumentScannerImpl$NSContentDriver
Event: 11.031 loading class com/sun/org/apache/xerces/internal/impl/XMLDocumentScannerImpl$ContentDriver
Event: 11.031 loading class com/sun/org/apache/xerces/internal/impl/XMLDocumentFragmentScannerImpl$FragmentContentDriver
Event: 11.031 loading class com/sun/org/apache/xerces/internal/impl/XMLDocumentFragmentScannerImpl$Driver
Event: 11.031 loading class com/sun/org/apache/xerces/internal/impl/XMLDocumentFragmentScannerImpl$Driver done
Event: 11.031 loading class com/sun/org/apache/xerces/internal/impl/XMLDocumentFragmentScannerImpl$FragmentContentDriver done
Event: 11.031 loading class com/sun/org/apache/xerces/internal/impl/XMLDocumentScannerImpl$ContentDriver done
Event: 11.031 loading class com/sun/org/apache/xerces/internal/impl/XMLNSDocumentScannerImpl$NSContentDriver done
Event: 11.032 loading class com/sun/org/apache/xerces/internal/util/XMLAttributesIteratorImpl
Event: 11.032 loading class com/sun/org/apache/xerces/internal/util/XMLAttributesImpl
Event: 11.032 loading class com/sun/org/apache/xerces/internal/xni/XMLAttributes
Event: 11.032 loading class com/sun/org/apache/xerces/internal/xni/XMLAttributes done
Event: 11.032 loading class com/sun/org/apache/xerces/internal/util/XMLAttributesImpl done
Event: 11.032 loading class com/sun/org/apache/xerces/internal/util/XMLAttributesIteratorImpl done
Event: 11.032 loading class com/sun/org/apache/xerces/internal/util/XMLAttributesImpl$Attribute
Event: 11.033 loading class com/sun/org/apache/xerces/internal/util/XMLAttributesImpl$Attribute done
Event: 11.033 loading class com/sun/org/apache/xerces/internal/util/NamespaceSupport


Dynamic libraries:
0x00007ff74fa00000 - 0x00007ff74fa0a000 	C:\Users\Dark Knight\Desktop\Android Studio\jre\bin\java.exe
0x00007ffee3570000 - 0x00007ffee3765000 	C:\WINDOWS\SYSTEM32\ntdll.dll
0x00007ffee15f0000 - 0x00007ffee16ad000 	C:\WINDOWS\System32\KERNEL32.DLL
0x00007ffee12d0000 - 0x00007ffee1599000 	C:\WINDOWS\System32\KERNELBASE.dll
0x00007ffee0cd0000 - 0x00007ffee0dd0000 	C:\WINDOWS\System32\ucrtbase.dll
0x00007ffed8aa0000 - 0x00007ffed8ab9000 	C:\Users\Dark Knight\Desktop\Android Studio\jre\bin\jli.dll
0x00007ffed8300000 - 0x00007ffed8317000 	C:\Users\Dark Knight\Desktop\Android Studio\jre\bin\VCRUNTIME140.dll
0x00007ffee1f30000 - 0x00007ffee20d0000 	C:\WINDOWS\System32\USER32.dll
0x00007ffee0ca0000 - 0x00007ffee0cc2000 	C:\WINDOWS\System32\win32u.dll
0x00007ffee20d0000 - 0x00007ffee20fa000 	C:\WINDOWS\System32\GDI32.dll
0x00007ffecb000000 - 0x00007ffecb29a000 	C:\WINDOWS\WinSxS\amd64_microsoft.windows.common-controls_6595b64144ccf1df_6.0.19041.1110_none_60b5254171f9507e\COMCTL32.dll
0x00007ffee11c0000 - 0x00007ffee12cb000 	C:\WINDOWS\System32\gdi32full.dll
0x00007ffee32b0000 - 0x00007ffee334e000 	C:\WINDOWS\System32\msvcrt.dll
0x00007ffee0dd0000 - 0x00007ffee0e6d000 	C:\WINDOWS\System32\msvcp_win.dll
0x00007ffee23d0000 - 0x00007ffee2400000 	C:\WINDOWS\System32\IMM32.DLL
0x00007ffeb7000000 - 0x00007ffeb709d000 	C:\Users\Dark Knight\Desktop\Android Studio\jre\bin\msvcp140.dll
0x00007ffe93330000 - 0x00007ffe93dec000 	C:\Users\Dark Knight\Desktop\Android Studio\jre\bin\server\jvm.dll
0x00007ffee1780000 - 0x00007ffee182c000 	C:\WINDOWS\System32\ADVAPI32.dll
0x00007ffee1830000 - 0x00007ffee18cb000 	C:\WINDOWS\System32\sechost.dll
0x00007ffee3350000 - 0x00007ffee347a000 	C:\WINDOWS\System32\RPCRT4.dll
0x00007ffee2d90000 - 0x00007ffee2d98000 	C:\WINDOWS\System32\PSAPI.DLL
0x00007ffedc050000 - 0x00007ffedc059000 	C:\WINDOWS\SYSTEM32\WSOCK32.dll
0x00007ffed7fc0000 - 0x00007ffed7fca000 	C:\WINDOWS\SYSTEM32\VERSION.dll
0x00007ffecb2b0000 - 0x00007ffecb2d7000 	C:\WINDOWS\SYSTEM32\WINMM.dll
0x00007ffee2360000 - 0x00007ffee23cb000 	C:\WINDOWS\System32\WS2_32.dll
0x00007ffedf530000 - 0x00007ffedf542000 	C:\WINDOWS\SYSTEM32\kernel.appcore.dll
0x00007ffedbf70000 - 0x00007ffedbf81000 	C:\Users\Dark Knight\Desktop\Android Studio\jre\bin\verify.dll
0x00007ffedeab0000 - 0x00007ffedec94000 	C:\WINDOWS\SYSTEM32\DBGHELP.DLL
0x00007ffec9830000 - 0x00007ffec985c000 	C:\WINDOWS\SYSTEM32\dbgcore.DLL
0x00007ffee0f70000 - 0x00007ffee0ff3000 	C:\WINDOWS\System32\bcryptPrimitives.dll
0x00007ffeda190000 - 0x00007ffeda1b9000 	C:\Users\Dark Knight\Desktop\Android Studio\jre\bin\java.dll
0x00007ffedc030000 - 0x00007ffedc03b000 	C:\Users\Dark Knight\Desktop\Android Studio\jre\bin\jimage.dll
0x00007ffeda130000 - 0x00007ffeda148000 	C:\Users\Dark Knight\Desktop\Android Studio\jre\bin\zip.dll
0x00007ffee25f0000 - 0x00007ffee2d2f000 	C:\WINDOWS\System32\SHELL32.dll
0x00007ffeded90000 - 0x00007ffedf520000 	C:\WINDOWS\SYSTEM32\windows.storage.dll
0x00007ffee2da0000 - 0x00007ffee30f5000 	C:\WINDOWS\System32\combase.dll
0x00007ffee0700000 - 0x00007ffee072c000 	C:\WINDOWS\SYSTEM32\Wldp.dll
0x00007ffee1e80000 - 0x00007ffee1f2e000 	C:\WINDOWS\System32\SHCORE.dll
0x00007ffee2400000 - 0x00007ffee2455000 	C:\WINDOWS\System32\shlwapi.dll
0x00007ffee0be0000 - 0x00007ffee0bff000 	C:\WINDOWS\SYSTEM32\profapi.dll
0x00007ffed9f10000 - 0x00007ffed9f2a000 	C:\Users\Dark Knight\Desktop\Android Studio\jre\bin\net.dll
0x00007ffed5b40000 - 0x00007ffed5c48000 	C:\WINDOWS\SYSTEM32\WINHTTP.dll
0x00007ffee0460000 - 0x00007ffee04ca000 	C:\WINDOWS\system32\mswsock.dll
0x00007ffed8c00000 - 0x00007ffed8c14000 	C:\Users\Dark Knight\Desktop\Android Studio\jre\bin\nio.dll
0x00007ffed78e0000 - 0x00007ffed7907000 	C:\Users\Dark Knight\.gradle\native\8bec1ad78214c89d9ad589b4d07fe93259594b29d510b10fafb7a158f7737e5d\windows-amd64\native-platform.dll
0x00007ffe9a580000 - 0x00007ffe9a6bd000 	C:\Users\Dark Knight\.gradle\native\53dbd7edfb1c66fb8903c78663c9afc45aea4f116125fa6feffd364cf09443e8\windows-amd64\native-platform-file-events.dll
0x00007ffeda180000 - 0x00007ffeda18a000 	C:\Users\Dark Knight\Desktop\Android Studio\jre\bin\management.dll
0x00007ffed9ff0000 - 0x00007ffed9ffc000 	C:\Users\Dark Knight\Desktop\Android Studio\jre\bin\management_ext.dll
0x00007ffee0650000 - 0x00007ffee0668000 	C:\WINDOWS\SYSTEM32\CRYPTSP.dll
0x00007ffedfd70000 - 0x00007ffedfda4000 	C:\WINDOWS\system32\rsaenh.dll
0x00007ffee15a0000 - 0x00007ffee15c7000 	C:\WINDOWS\System32\bcrypt.dll
0x00007ffee0ba0000 - 0x00007ffee0bce000 	C:\WINDOWS\SYSTEM32\USERENV.dll
0x00007ffee0670000 - 0x00007ffee067c000 	C:\WINDOWS\SYSTEM32\CRYPTBASE.dll
0x00007ffee0100000 - 0x00007ffee013b000 	C:\WINDOWS\SYSTEM32\IPHLPAPI.DLL
0x00007ffee18d0000 - 0x00007ffee18d8000 	C:\WINDOWS\System32\NSI.dll
0x00007ffecfdf0000 - 0x00007ffecfe07000 	C:\WINDOWS\SYSTEM32\dhcpcsvc6.DLL
0x00007ffed0340000 - 0x00007ffed035d000 	C:\WINDOWS\SYSTEM32\dhcpcsvc.DLL
0x00007ffee0140000 - 0x00007ffee020c000 	C:\WINDOWS\SYSTEM32\DNSAPI.dll

dbghelp: loaded successfully - version: 4.0.5 - missing functions: none
symbol engine: initialized successfully - sym options: 0x614 - pdb path: .;C:\Users\Dark Knight\Desktop\Android Studio\jre\bin;C:\WINDOWS\SYSTEM32;C:\WINDOWS\WinSxS\amd64_microsoft.windows.common-controls_6595b64144ccf1df_6.0.19041.1110_none_60b5254171f9507e;C:\Users\Dark Knight\Desktop\Android Studio\jre\bin\server;C:\Users\Dark Knight\.gradle\native\8bec1ad78214c89d9ad589b4d07fe93259594b29d510b10fafb7a158f7737e5d\windows-amd64;C:\Users\Dark Knight\.gradle\native\53dbd7edfb1c66fb8903c78663c9afc45aea4f116125fa6feffd364cf09443e8\windows-amd64

VM Arguments:
jvm_args: --add-opens=java.base/java.util=ALL-UNNAMED --add-opens=java.base/java.lang=ALL-UNNAMED --add-opens=java.base/java.lang.invoke=ALL-UNNAMED --add-opens=java.base/java.util=ALL-UNNAMED --add-opens=java.prefs/java.util.prefs=ALL-UNNAMED --add-opens=java.prefs/java.util.prefs=ALL-UNNAMED --add-opens=java.base/java.nio.charset=ALL-UNNAMED --add-opens=java.base/java.net=ALL-UNNAMED --add-opens=java.base/java.util.concurrent.atomic=ALL-UNNAMED -Xmx2048m -Dfile.encoding=UTF-8 -Duser.country=IN -Duser.language=en -Duser.variant 
java_command: org.gradle.launcher.daemon.bootstrap.GradleDaemon 7.0.2
java_class_path (initial): C:\Users\Dark Knight\.gradle\wrapper\dists\gradle-7.0.2-bin\857tjihv64xamwrf0h14cai3r\gradle-7.0.2\lib\gradle-launcher-7.0.2.jar
Launcher Type: SUN_STANDARD

[Global flags]
     intx CICompilerCount                          = 4                                         {product} {ergonomic}
     uint ConcGCThreads                            = 2                                         {product} {ergonomic}
     uint G1ConcRefinementThreads                  = 8                                         {product} {ergonomic}
   size_t G1HeapRegionSize                         = 1048576                                   {product} {ergonomic}
    uintx GCDrainStackTargetSize                   = 64                                        {product} {ergonomic}
   size_t InitialHeapSize                          = 134217728                                 {product} {ergonomic}
   size_t MarkStackSize                            = 4194304                                   {product} {ergonomic}
   size_t MaxHeapSize                              = 2147483648                                {product} {command line}
   size_t MaxNewSize                               = 1287651328                                {product} {ergonomic}
   size_t MinHeapDeltaBytes                        = 1048576                                   {product} {ergonomic}
    uintx NonNMethodCodeHeapSize                   = 5836300                                {pd product} {ergonomic}
    uintx NonProfiledCodeHeapSize                  = 122910970                              {pd product} {ergonomic}
    uintx ProfiledCodeHeapSize                     = 122910970                              {pd product} {ergonomic}
    uintx ReservedCodeCacheSize                    = 251658240                              {pd product} {ergonomic}
     bool SegmentedCodeCache                       = true                                      {product} {ergonomic}
     bool UseCompressedClassPointers               = true                                 {lp64_product} {ergonomic}
     bool UseCompressedOops                        = true                                 {lp64_product} {ergonomic}
     bool UseG1GC                                  = true                                      {product} {ergonomic}
     bool UseLargePagesIndividualAllocation        = false                                  {pd product} {ergonomic}

Logging:
Log output configuration:
 #0: stdout all=warning uptime,level,tags
 #1: stderr all=off uptime,level,tags

Environment Variables:
PATH=C:\Windows\system32;C:\Windows;C:\Windows\System32\Wbem;C:\Windows\System32\WindowsPowerShell\v1.0\;C:\Windows\System32\OpenSSH\;C:\Program Files (x86)\NVIDIA Corporation\PhysX\Common;C:\Program Files\NVIDIA Corporation\NVIDIA NvDLISR;C:\WINDOWS\system32;C:\WINDOWS;C:\WINDOWS\System32\Wbem;C:\WINDOWS\System32\WindowsPowerShell\v1.0\;C:\WINDOWS\System32\OpenSSH\;C:\MinGW\bin;C:\Program Files\MEGA-X;C:\WINDOWS\system32;C:\WINDOWS;C:\WINDOWS\System32\Wbem;C:\WINDOWS\System32\WindowsPowerShell\v1.0\;C:\WINDOWS\System32\OpenSSH\;C:\Program Files\Git\cmd;C:\Users\Dark Knight\AppData\Local\Microsoft\WindowsApps;C:\Users\Dark Knight\AppData\Local\atom\bin;C:\MinGW\bin;C:\Program Files (x86)\Microsoft Visual Studio\2019\BuildTools\MSBuild\Current\Bin;C:\Users\Dark Knight\AppData\Local\Microsoft\WindowsApps
USERNAME=Dark Knight
OS=Windows_NT
PROCESSOR_IDENTIFIER=Intel64 Family 6 Model 158 Stepping 10, GenuineIntel



---------------  S Y S T E M  ---------------

OS: Windows 10 , 64 bit Build 19041 (10.0.19041.1151)
OS uptime: 17 days 8:43 hours

CPU:total 8 (initial active 8) (4 cores per cpu, 2 threads per core) family 6 model 158 stepping 10, cmov, cx8, fxsr, mmx, sse, sse2, sse3, ssse3, sse4.1, sse4.2, popcnt, avx, avx2, aes, clmul, erms, 3dnowpref, lzcnt, ht, tsc, tscinvbit, bmi1, bmi2, adx, fma

Memory: 4k page, system-wide physical 8072M (807M free)
TotalPageFile size 12168M (AvailPageFile size 5M)
current process WorkingSet (physical memory assigned to process): 382M, peak: 384M
current process commit charge ("private bytes"): 422M, peak: 422M

vm_info: OpenJDK 64-Bit Server VM (11.0.8+10-b944.6842174) for windows-amd64 JRE (11.0.8+10-b944.6842174), built on Sep 19 2020 01:11:42 by "builder" with MS VC++ 14.0 (VS2015)

END.
