#
# There is insufficient memory for the Java Runtime Environment to continue.
# Native memory allocation (malloc) failed to allocate 32744 bytes for ChunkPool::allocate
# Possible reasons:
#   The system is out of physical RAM or swap space
#   The process is running with CompressedOops enabled, and the Java Heap may be blocking the growth of the native heap
# Possible solutions:
#   Reduce memory load on the system
#   Increase physical memory or swap space
#   Check if swap backing store is full
#   Decrease Java heap size (-Xmx/-Xms)
#   Decrease number of Java threads
#   Decrease Java thread stack sizes (-Xss)
#   Set larger code cache with -XX:ReservedCodeCacheSize=
#   JVM is running with Unscaled Compressed Oops mode in which the Java heap is
#     placed in the first 4GB address space. The Java Heap base address is the
#     maximum limit for the native heap growth. Please use -XX:HeapBaseMinAddress
#     to set the Java Heap base and to place the Java Heap above 4GB virtual address.
# This output file may be truncated or incomplete.
#
#  Out of Memory Error (./src/hotspot/share/memory/arena.cpp:81), pid=37368, tid=48724
#
# JRE version: OpenJDK Runtime Environment (11.0.8+10) (build 11.0.8+10-b944.6842174)
# Java VM: OpenJDK 64-Bit Server VM (11.0.8+10-b944.6842174, mixed mode, tiered, compressed oops, g1 gc, windows-amd64)
# No core dump will be written. Minidumps are not enabled by default on client versions of Windows
#

---------------  S U M M A R Y ------------

Command Line: --add-opens=java.base/java.util=ALL-UNNAMED --add-opens=java.base/java.lang=ALL-UNNAMED --add-opens=java.base/java.lang.invoke=ALL-UNNAMED --add-opens=java.base/java.util=ALL-UNNAMED --add-opens=java.prefs/java.util.prefs=ALL-UNNAMED --add-opens=java.prefs/java.util.prefs=ALL-UNNAMED --add-opens=java.base/java.nio.charset=ALL-UNNAMED --add-opens=java.base/java.net=ALL-UNNAMED --add-opens=java.base/java.util.concurrent.atomic=ALL-UNNAMED -Xmx2048m -Dfile.encoding=UTF-8 -Duser.country=IN -Duser.language=en -Duser.variant org.gradle.launcher.daemon.bootstrap.GradleDaemon 7.0.2

Host: Intel(R) Core(TM) i5-9300H CPU @ 2.40GHz, 8 cores, 7G,  Windows 10 , 64 bit Build 19041 (10.0.19041.1151)
Time: Tue Aug 31 10:56:21 2021 India Standard Time elapsed time: 15 seconds (0d 0h 0m 15s)

---------------  T H R E A D  ---------------

Current thread (0x000001c625d68800):  JavaThread "C2 CompilerThread1" daemon [_thread_in_native, id=48724, stack(0x0000000c95300000,0x0000000c95400000)]


Current CompileTask:
C2:  15728 9929       4       com.android.tools.r8.graph.h0::b (23 bytes)

Stack: [0x0000000c95300000,0x0000000c95400000]
Native frames: (J=compiled Java code, j=interpreted, Vv=VM code, C=native code)
V  [jvm.dll+0x5de50a]
V  [jvm.dll+0x7122f5]
V  [jvm.dll+0x71384d]
V  [jvm.dll+0x713f03]
V  [jvm.dll+0x23e728]
V  [jvm.dll+0xb8beb]
V  [jvm.dll+0xb8e9c]
V  [jvm.dll+0x570f23]
V  [jvm.dll+0x571048]
V  [jvm.dll+0x57630e]
V  [jvm.dll+0x576b20]
V  [jvm.dll+0x5756ee]
V  [jvm.dll+0x1f75a2]
V  [jvm.dll+0x1f68d4]
V  [jvm.dll+0x17f32c]
V  [jvm.dll+0x205047]
V  [jvm.dll+0x203891]
V  [jvm.dll+0x6dad3f]
V  [jvm.dll+0x6d3895]
V  [jvm.dll+0x5dd4a6]
C  [ucrtbase.dll+0x21bb2]
C  [KERNEL32.DLL+0x17034]
C  [ntdll.dll+0x52651]


---------------  P R O C E S S  ---------------

Threads class SMR info:
_java_thread_list=0x000001c6248450e0, length=64, elements={
0x000001c606bcd000, 0x000001c622e94000, 0x000001c622e9d000, 0x000001c622eaa800,
0x000001c622eab000, 0x000001c622eae800, 0x000001c622eb2800, 0x000001c622ebf000,
0x000001c623963000, 0x000001c62397d000, 0x000001c625dda000, 0x000001c626452000,
0x000001c6256ea000, 0x000001c6250df000, 0x000001c62590c000, 0x000001c6250ba000,
0x000001c625c25000, 0x000001c626108800, 0x000001c6268b3000, 0x000001c6249f1000,
0x000001c625b09800, 0x000001c625b08800, 0x000001c625b0d800, 0x000001c625d68800,
0x000001c625eab000, 0x000001c625b0a000, 0x000001c625b0c000, 0x000001c625b0b000,
0x000001c625b0c800, 0x000001c625b07800, 0x000001c625b0e000, 0x000001c62724b800,
0x000001c62724b000, 0x000001c627247800, 0x000001c62724d800, 0x000001c627249000,
0x000001c62724e000, 0x000001c626277000, 0x000001c62627d000, 0x000001c62627b000,
0x000001c626278000, 0x000001c62627d800, 0x000001c626278800, 0x000001c626279800,
0x000001c62627c000, 0x000001c62627a800, 0x000001c62aabf800, 0x000001c62aabd800,
0x000001c62aac0000, 0x000001c62aabe800, 0x000001c62aabc000, 0x000001c62aabd000,
0x000001c62aac6000, 0x000001c62aac2000, 0x000001c62aac2800, 0x000001c62aac9000,
0x000001c62aac8800, 0x000001c62aac4800, 0x000001c62aac6800, 0x000001c62aac5000,
0x000001c62aac7800, 0x000001c62aac3800, 0x000001c62aaca000, 0x000001c62e4f4800
}

Java Threads: ( => current thread )
  0x000001c606bcd000 JavaThread "main" [_thread_blocked, id=37556, stack(0x0000000c92d00000,0x0000000c92e00000)]
  0x000001c622e94000 JavaThread "Reference Handler" daemon [_thread_blocked, id=45472, stack(0x0000000c93400000,0x0000000c93500000)]
  0x000001c622e9d000 JavaThread "Finalizer" daemon [_thread_blocked, id=10700, stack(0x0000000c93500000,0x0000000c93600000)]
  0x000001c622eaa800 JavaThread "Signal Dispatcher" daemon [_thread_blocked, id=43972, stack(0x0000000c93600000,0x0000000c93700000)]
  0x000001c622eab000 JavaThread "Attach Listener" daemon [_thread_blocked, id=46492, stack(0x0000000c93700000,0x0000000c93800000)]
  0x000001c622eae800 JavaThread "C2 CompilerThread0" daemon [_thread_in_native, id=20392, stack(0x0000000c93800000,0x0000000c93900000)]
  0x000001c622eb2800 JavaThread "C1 CompilerThread0" daemon [_thread_in_native, id=44556, stack(0x0000000c93900000,0x0000000c93a00000)]
  0x000001c622ebf000 JavaThread "Sweeper thread" daemon [_thread_blocked, id=49928, stack(0x0000000c93a00000,0x0000000c93b00000)]
  0x000001c623963000 JavaThread "Common-Cleaner" daemon [_thread_blocked, id=29552, stack(0x0000000c93b00000,0x0000000c93c00000)]
  0x000001c62397d000 JavaThread "Service Thread" daemon [_thread_blocked, id=49732, stack(0x0000000c93c00000,0x0000000c93d00000)]
  0x000001c625dda000 JavaThread "Daemon health stats" [_thread_blocked, id=36636, stack(0x0000000c94200000,0x0000000c94300000)]
  0x000001c626452000 JavaThread "Incoming local TCP Connector on port 52143" [_thread_in_native, id=44396, stack(0x0000000c93e00000,0x0000000c93f00000)]
  0x000001c6256ea000 JavaThread "Daemon periodic checks" [_thread_blocked, id=44872, stack(0x0000000c93f00000,0x0000000c94000000)]
  0x000001c6250df000 JavaThread "Daemon" [_thread_blocked, id=25248, stack(0x0000000c94300000,0x0000000c94400000)]
  0x000001c62590c000 JavaThread "Handler for socket connection from /127.0.0.1:52143 to /127.0.0.1:52144" [_thread_in_native, id=27300, stack(0x0000000c94400000,0x0000000c94500000)]
  0x000001c6250ba000 JavaThread "Cancel handler" [_thread_blocked, id=5016, stack(0x0000000c94500000,0x0000000c94600000)]
  0x000001c625c25000 JavaThread "Daemon worker" [_thread_blocked, id=41940, stack(0x0000000c94600000,0x0000000c94700000)]
  0x000001c626108800 JavaThread "Asynchronous log dispatcher for DefaultDaemonConnection: socket connection from /127.0.0.1:52143 to /127.0.0.1:52144" [_thread_blocked, id=16616, stack(0x0000000c94700000,0x0000000c94800000)]
  0x000001c6268b3000 JavaThread "Stdin handler" [_thread_blocked, id=10716, stack(0x0000000c94800000,0x0000000c94900000)]
  0x000001c6249f1000 JavaThread "Daemon client event forwarder" [_thread_blocked, id=45792, stack(0x0000000c94900000,0x0000000c94a00000)]
  0x000001c625b09800 JavaThread "Cache worker for file hash cache (C:\Users\Dark Knight\.gradle\caches\7.0.2\fileHashes)" [_thread_blocked, id=32340, stack(0x0000000c94f00000,0x0000000c95000000)]
  0x000001c625b08800 JavaThread "File lock request listener" [_thread_in_native, id=5308, stack(0x0000000c95000000,0x0000000c95100000)]
  0x000001c625b0d800 JavaThread "Cache worker for journal cache (C:\Users\Dark Knight\.gradle\caches\journal-1)" [_thread_blocked, id=48544, stack(0x0000000c95200000,0x0000000c95300000)]
=>0x000001c625d68800 JavaThread "C2 CompilerThread1" daemon [_thread_in_native, id=48724, stack(0x0000000c95300000,0x0000000c95400000)]
  0x000001c625eab000 JavaThread "C2 CompilerThread2" daemon [_thread_in_native, id=36176, stack(0x0000000c95400000,0x0000000c95500000)]
  0x000001c625b0a000 JavaThread "Cache worker for file hash cache (C:\Android Projects\Udemy TUTORIAL\7MinuteWorkout2\.gradle\7.0.2\fileHashes)" [_thread_blocked, id=47772, stack(0x0000000c95500000,0x0000000c95600000)]
  0x000001c625b0c000 JavaThread "File watcher server" daemon [_thread_blocked, id=1888, stack(0x0000000c95600000,0x0000000c95700000)]
  0x000001c625b0b000 JavaThread "File watcher consumer" daemon [_thread_blocked, id=40260, stack(0x0000000c95700000,0x0000000c95800000)]
  0x000001c625b0c800 JavaThread "Cache worker for checksums cache (C:\Android Projects\Udemy TUTORIAL\7MinuteWorkout2\.gradle\checksums)" [_thread_blocked, id=44344, stack(0x0000000c95800000,0x0000000c95900000)]
  0x000001c625b07800 JavaThread "Cache worker for cache directory md-supplier (C:\Users\Dark Knight\.gradle\caches\7.0.2\md-supplier)" [_thread_blocked, id=48580, stack(0x0000000c95900000,0x0000000c95a00000)]
  0x000001c625b0e000 JavaThread "Cache worker for cache directory md-rule (C:\Users\Dark Knight\.gradle\caches\7.0.2\md-rule)" [_thread_blocked, id=42856, stack(0x0000000c95a00000,0x0000000c95b00000)]
  0x000001c62724b800 JavaThread "Cache worker for execution history cache (C:\Users\Dark Knight\.gradle\caches\7.0.2\executionHistory)" [_thread_blocked, id=10612, stack(0x0000000c95b00000,0x0000000c95c00000)]
  0x000001c62724b000 JavaThread "jar transforms" [_thread_blocked, id=33808, stack(0x0000000c95c00000,0x0000000c95d00000)]
  0x000001c627247800 JavaThread "jar transforms Thread 2" [_thread_blocked, id=34432, stack(0x0000000c95d00000,0x0000000c95e00000)]
  0x000001c62724d800 JavaThread "Cache worker for file content cache (C:\Users\Dark Knight\.gradle\caches\7.0.2\fileContent)" [_thread_blocked, id=35936, stack(0x0000000c95e00000,0x0000000c95f00000)]
  0x000001c627249000 JavaThread "Cache worker for dependencies-accessors (C:\Android Projects\Udemy TUTORIAL\7MinuteWorkout2\.gradle\7.0.2\dependencies-accessors)" [_thread_blocked, id=49372, stack(0x0000000c95f00000,0x0000000c96000000)]
  0x000001c62724e000 JavaThread "jar transforms Thread 3" [_thread_blocked, id=48732, stack(0x0000000c96000000,0x0000000c96100000)]
  0x000001c626277000 JavaThread "Cache worker for Build Output Cleanup Cache (C:\Android Projects\Udemy TUTORIAL\7MinuteWorkout2\.gradle\buildOutputCleanup)" [_thread_blocked, id=47508, stack(0x0000000c96100000,0x0000000c96200000)]
  0x000001c62627d000 JavaThread "Build operations" [_thread_in_vm, id=45932, stack(0x0000000c96200000,0x0000000c96300000)]
  0x000001c62627b000 JavaThread "Build operations Thread 2" [_thread_in_vm, id=30856, stack(0x0000000c96300000,0x0000000c96400000)]
  0x000001c626278000 JavaThread "Build operations Thread 3" [_thread_blocked, id=7160, stack(0x0000000c96400000,0x0000000c96500000)]
  0x000001c62627d800 JavaThread "Build operations Thread 4" [_thread_in_vm, id=38816, stack(0x0000000c96500000,0x0000000c96600000)]
  0x000001c626278800 JavaThread "Build operations Thread 5" [_thread_blocked, id=44372, stack(0x0000000c96600000,0x0000000c96700000)]
  0x000001c626279800 JavaThread "Build operations Thread 6" [_thread_blocked, id=12512, stack(0x0000000c96700000,0x0000000c96800000)]
  0x000001c62627c000 JavaThread "Build operations Thread 7" [_thread_blocked, id=47068, stack(0x0000000c96800000,0x0000000c96900000)]
  0x000001c62627a800 JavaThread "Build operations Thread 8" [_thread_blocked, id=48260, stack(0x0000000c96900000,0x0000000c96a00000)]
  0x000001c62aabf800 JavaThread "jar transforms Thread 4" [_thread_blocked, id=41944, stack(0x0000000c96a00000,0x0000000c96b00000)]
  0x000001c62aabd800 JavaThread "jar transforms Thread 5" [_thread_blocked, id=31112, stack(0x0000000c96b00000,0x0000000c96c00000)]
  0x000001c62aac0000 JavaThread "jar transforms Thread 6" [_thread_blocked, id=46772, stack(0x0000000c96c00000,0x0000000c96d00000)]
  0x000001c62aabe800 JavaThread "jar transforms Thread 7" [_thread_blocked, id=42740, stack(0x0000000c96d00000,0x0000000c96e00000)]
  0x000001c62aabc000 JavaThread "jar transforms Thread 8" [_thread_blocked, id=42980, stack(0x0000000c96e00000,0x0000000c96f00000)]
  0x000001c62aabd000 JavaThread "Memory manager" [_thread_blocked, id=46756, stack(0x0000000c96f00000,0x0000000c97000000)]
  0x000001c62aac6000 JavaThread "build event listener" [_thread_blocked, id=32840, stack(0x0000000c97000000,0x0000000c97100000)]
  0x000001c62aac2000 JavaThread "pool-3-thread-1" [_thread_blocked, id=42000, stack(0x0000000c97100000,0x0000000c97200000)]
  0x000001c62aac2800 JavaThread "build event listener" [_thread_blocked, id=26360, stack(0x0000000c97200000,0x0000000c97300000)]
  0x000001c62aac9000 JavaThread "Execution worker for ':'" [_thread_blocked, id=34824, stack(0x0000000c97300000,0x0000000c97400000)]
  0x000001c62aac8800 JavaThread "Execution worker for ':' Thread 2" [_thread_blocked, id=48392, stack(0x0000000c97400000,0x0000000c97500000)]
  0x000001c62aac4800 JavaThread "Execution worker for ':' Thread 3" [_thread_blocked, id=21136, stack(0x0000000c97500000,0x0000000c97600000)]
  0x000001c62aac6800 JavaThread "Execution worker for ':' Thread 4" [_thread_blocked, id=34276, stack(0x0000000c97600000,0x0000000c97700000)]
  0x000001c62aac5000 JavaThread "Execution worker for ':' Thread 5" [_thread_blocked, id=49496, stack(0x0000000c97700000,0x0000000c97800000)]
  0x000001c62aac7800 JavaThread "Execution worker for ':' Thread 6" [_thread_blocked, id=46160, stack(0x0000000c97800000,0x0000000c97900000)]
  0x000001c62aac3800 JavaThread "Execution worker for ':' Thread 7" [_thread_blocked, id=31320, stack(0x0000000c97900000,0x0000000c97a00000)]
  0x000001c62aaca000 JavaThread "Cache worker for execution history cache (C:\Android Projects\Udemy TUTORIAL\7MinuteWorkout2\.gradle\7.0.2\executionHistory)" [_thread_blocked, id=34020, stack(0x0000000c97a00000,0x0000000c97b00000)]
  0x000001c62e4f4800 JavaThread "WorkerExecutor Queue" [_thread_blocked, id=30036, stack(0x0000000c97b00000,0x0000000c97c00000)]

Other Threads:
  0x000001c622e8e000 VMThread "VM Thread" [stack: 0x0000000c93300000,0x0000000c93400000] [id=11984]
  0x000001c623980800 WatcherThread [stack: 0x0000000c93d00000,0x0000000c93e00000] [id=8228]
  0x000001c606be7000 GCTaskThread "GC Thread#0" [stack: 0x0000000c92e00000,0x0000000c92f00000] [id=49684]
  0x000001c623d7a800 GCTaskThread "GC Thread#1" [stack: 0x0000000c94000000,0x0000000c94100000] [id=23804]
  0x000001c624819800 GCTaskThread "GC Thread#2" [stack: 0x0000000c94100000,0x0000000c94200000] [id=3180]
  0x000001c6257f7800 GCTaskThread "GC Thread#3" [stack: 0x0000000c94a00000,0x0000000c94b00000] [id=35148]
  0x000001c625167000 GCTaskThread "GC Thread#4" [stack: 0x0000000c94b00000,0x0000000c94c00000] [id=32448]
  0x000001c624eb9800 GCTaskThread "GC Thread#5" [stack: 0x0000000c94c00000,0x0000000c94d00000] [id=46044]
  0x000001c624f4a000 GCTaskThread "GC Thread#6" [stack: 0x0000000c94d00000,0x0000000c94e00000] [id=33684]
  0x000001c625264800 GCTaskThread "GC Thread#7" [stack: 0x0000000c94e00000,0x0000000c94f00000] [id=44592]
  0x000001c606c18800 ConcurrentGCThread "G1 Main Marker" [stack: 0x0000000c92f00000,0x0000000c93000000] [id=33332]
  0x000001c606c1a000 ConcurrentGCThread "G1 Conc#0" [stack: 0x0000000c93000000,0x0000000c93100000] [id=36648]
  0x000001c624058000 ConcurrentGCThread "G1 Conc#1" [stack: 0x0000000c95100000,0x0000000c95200000] [id=3536]
  0x000001c622ce0800 ConcurrentGCThread "G1 Refine#0" [stack: 0x0000000c93100000,0x0000000c93200000] [id=45684]
  0x000001c622ce1800 ConcurrentGCThread "G1 Young RemSet Sampling" [stack: 0x0000000c93200000,0x0000000c93300000] [id=40976]

Threads with active compile tasks:
C2 CompilerThread0  15795 9980   !   4       com.android.tools.r8.graph.q0::p (91 bytes)
C1 CompilerThread0  15795 9975       3       com.android.tools.r8.C.a.a.f::a (4333 bytes)
C2 CompilerThread1  15795 9929       4       com.android.tools.r8.graph.h0::b (23 bytes)
C2 CompilerThread2  15795 9973       4       com.android.tools.r8.graph.a1::a (102 bytes)

VM state:synchronizing (normal execution)

VM Mutex/Monitor currently owned by a thread:  ([mutex/lock_event])
[0x000001c606bcab50] Threads_lock - owner thread: 0x000001c622e8e000
[0x000001c606bca1c0] Heap_lock - owner thread: 0x000001c62627c000

OutOfMemory and StackOverflow Exception counts:
OutOfMemoryError java_heap_errors=1
LinkageErrors=139

Heap address: 0x0000000080000000, size: 2048 MB, Compressed Oops mode: 32-bit
Narrow klass base: 0x0000000000000000, Narrow klass shift: 3
Compressed class space size: 1073741824 Address: 0x0000000100000000

Heap:
 garbage-first heap   total 189440K, used 149268K [0x0000000080000000, 0x0000000100000000)
  region size 1024K, 55 young (56320K), 9 survivors (9216K)
 Metaspace       used 91070K, capacity 93564K, committed 93772K, reserved 1130496K
  class space    used 11887K, capacity 12816K, committed 12876K, reserved 1048576K
Heap Regions: E=young(eden), S=young(survivor), O=old, HS=humongous(starts), HC=humongous(continues), CS=collection set, F=free, A=archive, TAMS=top-at-mark-start (previous, next)
|   0|0x0000000080000000, 0x0000000080100000, 0x0000000080100000|100%| O|  |TAMS 0x0000000080100000, 0x0000000080000000| Untracked 
|   1|0x0000000080100000, 0x0000000080200000, 0x0000000080200000|100%| O|  |TAMS 0x0000000080200000, 0x0000000080100000| Untracked 
|   2|0x0000000080200000, 0x0000000080300000, 0x0000000080300000|100%| O|  |TAMS 0x0000000080300000, 0x0000000080200000| Untracked 
|   3|0x0000000080300000, 0x0000000080400000, 0x0000000080400000|100%|HS|  |TAMS 0x0000000080400000, 0x0000000080300000| Complete 
|   4|0x0000000080400000, 0x0000000080500000, 0x0000000080500000|100%|HC|  |TAMS 0x0000000080500000, 0x0000000080400000| Complete 
|   5|0x0000000080500000, 0x0000000080600000, 0x0000000080600000|100%|HC|  |TAMS 0x0000000080600000, 0x0000000080500000| Complete 
|   6|0x0000000080600000, 0x0000000080700000, 0x0000000080700000|100%| O|  |TAMS 0x0000000080700000, 0x0000000080600000| Untracked 
|   7|0x0000000080700000, 0x0000000080800000, 0x0000000080800000|100%| O|  |TAMS 0x0000000080800000, 0x0000000080700000| Untracked 
|   8|0x0000000080800000, 0x0000000080900000, 0x0000000080900000|100%| O|  |TAMS 0x0000000080900000, 0x0000000080800000| Untracked 
|   9|0x0000000080900000, 0x0000000080a00000, 0x0000000080a00000|100%| O|  |TAMS 0x0000000080a00000, 0x0000000080900000| Untracked 
|  10|0x0000000080a00000, 0x0000000080b00000, 0x0000000080b00000|100%| O|  |TAMS 0x0000000080b00000, 0x0000000080a00000| Untracked 
|  11|0x0000000080b00000, 0x0000000080c00000, 0x0000000080c00000|100%| O|  |TAMS 0x0000000080c00000, 0x0000000080b00000| Untracked 
|  12|0x0000000080c00000, 0x0000000080d00000, 0x0000000080d00000|100%| O|  |TAMS 0x0000000080d00000, 0x0000000080c00000| Untracked 
|  13|0x0000000080d00000, 0x0000000080e00000, 0x0000000080e00000|100%| O|  |TAMS 0x0000000080e00000, 0x0000000080d00000| Untracked 
|  14|0x0000000080e00000, 0x0000000080f00000, 0x0000000080f00000|100%| O|  |TAMS 0x0000000080f00000, 0x0000000080e00000| Untracked 
|  15|0x0000000080f00000, 0x0000000081000000, 0x0000000081000000|100%| O|  |TAMS 0x0000000081000000, 0x0000000080f00000| Untracked 
|  16|0x0000000081000000, 0x0000000081100000, 0x0000000081100000|100%|HS|  |TAMS 0x0000000081100000, 0x0000000081000000| Complete 
|  17|0x0000000081100000, 0x0000000081200000, 0x0000000081200000|100%| O|  |TAMS 0x0000000081200000, 0x0000000081100000| Untracked 
|  18|0x0000000081200000, 0x0000000081300000, 0x0000000081300000|100%| O|  |TAMS 0x0000000081300000, 0x0000000081200000| Untracked 
|  19|0x0000000081300000, 0x0000000081400000, 0x0000000081400000|100%| O|  |TAMS 0x0000000081400000, 0x0000000081300000| Untracked 
|  20|0x0000000081400000, 0x0000000081500000, 0x0000000081500000|100%| O|  |TAMS 0x0000000081500000, 0x0000000081400000| Untracked 
|  21|0x0000000081500000, 0x0000000081600000, 0x0000000081600000|100%| O|  |TAMS 0x0000000081600000, 0x0000000081500000| Untracked 
|  22|0x0000000081600000, 0x0000000081700000, 0x0000000081700000|100%| O|  |TAMS 0x0000000081700000, 0x0000000081600000| Untracked 
|  23|0x0000000081700000, 0x0000000081800000, 0x0000000081800000|100%| O|  |TAMS 0x0000000081800000, 0x0000000081700000| Untracked 
|  24|0x0000000081800000, 0x0000000081900000, 0x0000000081900000|100%| O|  |TAMS 0x0000000081900000, 0x0000000081800000| Untracked 
|  25|0x0000000081900000, 0x0000000081a00000, 0x0000000081a00000|100%| O|  |TAMS 0x0000000081a00000, 0x0000000081900000| Untracked 
|  26|0x0000000081a00000, 0x0000000081b00000, 0x0000000081b00000|100%| O|  |TAMS 0x0000000081b00000, 0x0000000081a00000| Untracked 
|  27|0x0000000081b00000, 0x0000000081c00000, 0x0000000081c00000|100%|HS|  |TAMS 0x0000000081c00000, 0x0000000081b00000| Complete 
|  28|0x0000000081c00000, 0x0000000081d00000, 0x0000000081d00000|100%|HS|  |TAMS 0x0000000081d00000, 0x0000000081c00000| Complete 
|  29|0x0000000081d00000, 0x0000000081e00000, 0x0000000081e00000|100%|HC|  |TAMS 0x0000000081e00000, 0x0000000081d00000| Complete 
|  30|0x0000000081e00000, 0x0000000081f00000, 0x0000000081f00000|100%|HC|  |TAMS 0x0000000081f00000, 0x0000000081e00000| Complete 
|  31|0x0000000081f00000, 0x0000000082000000, 0x0000000082000000|100%|HS|  |TAMS 0x0000000082000000, 0x0000000081f00000| Complete 
|  32|0x0000000082000000, 0x0000000082100000, 0x0000000082100000|100%|HC|  |TAMS 0x0000000082100000, 0x0000000082000000| Complete 
|  33|0x0000000082100000, 0x0000000082200000, 0x0000000082200000|100%| O|  |TAMS 0x0000000082200000, 0x0000000082100000| Untracked 
|  34|0x0000000082200000, 0x0000000082300000, 0x0000000082300000|100%| O|  |TAMS 0x0000000082300000, 0x0000000082200000| Untracked 
|  35|0x0000000082300000, 0x0000000082400000, 0x0000000082400000|100%| O|  |TAMS 0x0000000082400000, 0x0000000082300000| Untracked 
|  36|0x0000000082400000, 0x0000000082500000, 0x0000000082500000|100%| O|  |TAMS 0x0000000082500000, 0x0000000082400000| Untracked 
|  37|0x0000000082500000, 0x0000000082600000, 0x0000000082600000|100%| O|  |TAMS 0x0000000082600000, 0x0000000082500000| Untracked 
|  38|0x0000000082600000, 0x0000000082700000, 0x0000000082700000|100%| O|  |TAMS 0x0000000082700000, 0x0000000082600000| Untracked 
|  39|0x0000000082700000, 0x0000000082800000, 0x0000000082800000|100%| O|  |TAMS 0x0000000082800000, 0x0000000082700000| Untracked 
|  40|0x0000000082800000, 0x0000000082900000, 0x0000000082900000|100%| O|  |TAMS 0x0000000082900000, 0x0000000082800000| Untracked 
|  41|0x0000000082900000, 0x0000000082a00000, 0x0000000082a00000|100%| O|  |TAMS 0x0000000082a00000, 0x0000000082900000| Untracked 
|  42|0x0000000082a00000, 0x0000000082b00000, 0x0000000082b00000|100%| O|  |TAMS 0x0000000082b00000, 0x0000000082a00000| Untracked 
|  43|0x0000000082b00000, 0x0000000082c00000, 0x0000000082c00000|100%| O|  |TAMS 0x0000000082c00000, 0x0000000082b00000| Untracked 
|  44|0x0000000082c00000, 0x0000000082d00000, 0x0000000082d00000|100%| O|  |TAMS 0x0000000082d00000, 0x0000000082c00000| Untracked 
|  45|0x0000000082d00000, 0x0000000082e00000, 0x0000000082e00000|100%| O|  |TAMS 0x0000000082e00000, 0x0000000082d00000| Untracked 
|  46|0x0000000082e00000, 0x0000000082f00000, 0x0000000082f00000|100%| O|  |TAMS 0x0000000082f00000, 0x0000000082e00000| Untracked 
|  47|0x0000000082f00000, 0x0000000083000000, 0x0000000083000000|100%| O|  |TAMS 0x0000000083000000, 0x0000000082f00000| Untracked 
|  48|0x0000000083000000, 0x0000000083100000, 0x0000000083100000|100%| O|  |TAMS 0x0000000083100000, 0x0000000083000000| Untracked 
|  49|0x0000000083100000, 0x0000000083200000, 0x0000000083200000|100%| O|  |TAMS 0x0000000083200000, 0x0000000083100000| Untracked 
|  50|0x0000000083200000, 0x0000000083300000, 0x0000000083300000|100%| O|  |TAMS 0x0000000083300000, 0x0000000083200000| Untracked 
|  51|0x0000000083300000, 0x0000000083400000, 0x0000000083400000|100%| O|  |TAMS 0x0000000083400000, 0x0000000083300000| Untracked 
|  52|0x0000000083400000, 0x0000000083500000, 0x0000000083500000|100%| O|  |TAMS 0x0000000083500000, 0x0000000083400000| Untracked 
|  53|0x0000000083500000, 0x0000000083600000, 0x0000000083600000|100%| O|  |TAMS 0x0000000083600000, 0x0000000083500000| Untracked 
|  54|0x0000000083600000, 0x0000000083700000, 0x0000000083700000|100%| O|  |TAMS 0x0000000083700000, 0x0000000083600000| Untracked 
|  55|0x0000000083700000, 0x0000000083800000, 0x0000000083800000|100%| O|  |TAMS 0x0000000083800000, 0x0000000083700000| Untracked 
|  56|0x0000000083800000, 0x0000000083900000, 0x0000000083900000|100%| O|  |TAMS 0x0000000083900000, 0x0000000083800000| Untracked 
|  57|0x0000000083900000, 0x0000000083a00000, 0x0000000083a00000|100%| O|  |TAMS 0x0000000083a00000, 0x0000000083900000| Untracked 
|  58|0x0000000083a00000, 0x0000000083b00000, 0x0000000083b00000|100%| O|  |TAMS 0x0000000083b00000, 0x0000000083a00000| Untracked 
|  59|0x0000000083b00000, 0x0000000083c00000, 0x0000000083c00000|100%| O|  |TAMS 0x0000000083c00000, 0x0000000083b00000| Untracked 
|  60|0x0000000083c00000, 0x0000000083d00000, 0x0000000083d00000|100%| O|  |TAMS 0x0000000083d00000, 0x0000000083c00000| Untracked 
|  61|0x0000000083d00000, 0x0000000083e00000, 0x0000000083e00000|100%| O|  |TAMS 0x0000000083e00000, 0x0000000083d00000| Untracked 
|  62|0x0000000083e00000, 0x0000000083f00000, 0x0000000083f00000|100%| O|  |TAMS 0x0000000083f00000, 0x0000000083e00000| Untracked 
|  63|0x0000000083f00000, 0x0000000084000000, 0x0000000084000000|100%| O|  |TAMS 0x0000000084000000, 0x0000000083f00000| Untracked 
|  64|0x0000000084000000, 0x0000000084000000, 0x0000000084100000|  0%| F|  |TAMS 0x0000000084000000, 0x0000000084000000| Untracked 
|  65|0x0000000084100000, 0x0000000084200000, 0x0000000084200000|100%|HS|  |TAMS 0x0000000084100000, 0x0000000084100000| Complete 
|  66|0x0000000084200000, 0x0000000084300000, 0x0000000084300000|100%| O|  |TAMS 0x0000000084200000, 0x0000000084200000| Untracked 
|  67|0x0000000084300000, 0x0000000084400000, 0x0000000084400000|100%| O|  |TAMS 0x0000000084300000, 0x0000000084300000| Untracked 
|  68|0x0000000084400000, 0x0000000084500000, 0x0000000084500000|100%| O|  |TAMS 0x0000000084400000, 0x0000000084400000| Untracked 
|  69|0x0000000084500000, 0x0000000084600000, 0x0000000084600000|100%| O|  |TAMS 0x0000000084500000, 0x0000000084500000| Untracked 
|  70|0x0000000084600000, 0x0000000084700000, 0x0000000084700000|100%| O|  |TAMS 0x0000000084700000, 0x0000000084600000| Untracked 
|  71|0x0000000084700000, 0x0000000084800000, 0x0000000084800000|100%| O|  |TAMS 0x0000000084800000, 0x0000000084700000| Untracked 
|  72|0x0000000084800000, 0x0000000084900000, 0x0000000084900000|100%| O|  |TAMS 0x00000000848eee00, 0x0000000084800000| Untracked 
|  73|0x0000000084900000, 0x0000000084a00000, 0x0000000084a00000|100%| O|  |TAMS 0x0000000084900000, 0x0000000084900000| Untracked 
|  74|0x0000000084a00000, 0x0000000084b00000, 0x0000000084b00000|100%| O|  |TAMS 0x0000000084a00000, 0x0000000084a00000| Untracked 
|  75|0x0000000084b00000, 0x0000000084c00000, 0x0000000084c00000|100%|HS|  |TAMS 0x0000000084b00000, 0x0000000084b00000| Complete 
|  76|0x0000000084c00000, 0x0000000084d00000, 0x0000000084d00000|100%|HC|  |TAMS 0x0000000084c00000, 0x0000000084c00000| Complete 
|  77|0x0000000084d00000, 0x0000000084e00000, 0x0000000084e00000|100%| O|  |TAMS 0x0000000084d00000, 0x0000000084d00000| Untracked 
|  78|0x0000000084e00000, 0x0000000084f00000, 0x0000000084f00000|100%| O|  |TAMS 0x0000000084e00000, 0x0000000084e00000| Untracked 
|  79|0x0000000084f00000, 0x0000000085000000, 0x0000000085000000|100%| O|  |TAMS 0x0000000084f00000, 0x0000000084f00000| Untracked 
|  80|0x0000000085000000, 0x0000000085100000, 0x0000000085100000|100%| O|  |TAMS 0x0000000085000000, 0x0000000085000000| Untracked 
|  81|0x0000000085100000, 0x0000000085200000, 0x0000000085200000|100%| O|  |TAMS 0x0000000085100000, 0x0000000085100000| Untracked 
|  82|0x0000000085200000, 0x0000000085300000, 0x0000000085300000|100%| O|  |TAMS 0x0000000085200000, 0x0000000085200000| Untracked 
|  83|0x0000000085300000, 0x0000000085400000, 0x0000000085400000|100%| O|  |TAMS 0x0000000085300000, 0x0000000085300000| Untracked 
|  84|0x0000000085400000, 0x0000000085500000, 0x0000000085500000|100%| O|  |TAMS 0x0000000085400000, 0x0000000085400000| Untracked 
|  85|0x0000000085500000, 0x0000000085600000, 0x0000000085600000|100%| O|  |TAMS 0x0000000085500000, 0x0000000085500000| Untracked 
|  86|0x0000000085600000, 0x0000000085700000, 0x0000000085700000|100%| O|  |TAMS 0x0000000085600000, 0x0000000085600000| Untracked 
|  87|0x0000000085700000, 0x0000000085800000, 0x0000000085800000|100%| O|  |TAMS 0x0000000085700000, 0x0000000085700000| Untracked 
|  88|0x0000000085800000, 0x0000000085900000, 0x0000000085900000|100%| O|  |TAMS 0x0000000085800000, 0x0000000085800000| Untracked 
|  89|0x0000000085900000, 0x0000000085a00000, 0x0000000085a00000|100%| O|  |TAMS 0x0000000085900000, 0x0000000085900000| Untracked 
|  90|0x0000000085a00000, 0x0000000085b00000, 0x0000000085b00000|100%| O|  |TAMS 0x0000000085a00000, 0x0000000085a00000| Untracked 
|  91|0x0000000085b00000, 0x0000000085bc5000, 0x0000000085c00000| 76%| O|  |TAMS 0x0000000085b00000, 0x0000000085b00000| Untracked 
|  92|0x0000000085c00000, 0x0000000085c00000, 0x0000000085d00000|  0%| F|  |TAMS 0x0000000085c00000, 0x0000000085c00000| Untracked 
|  93|0x0000000085d00000, 0x0000000085d00000, 0x0000000085e00000|  0%| F|  |TAMS 0x0000000085d00000, 0x0000000085d00000| Untracked 
|  94|0x0000000085e00000, 0x0000000085e00000, 0x0000000085f00000|  0%| F|  |TAMS 0x0000000085e00000, 0x0000000085e00000| Untracked 
|  95|0x0000000085f00000, 0x0000000085f00000, 0x0000000086000000|  0%| F|  |TAMS 0x0000000085f00000, 0x0000000085f00000| Untracked 
|  96|0x0000000086000000, 0x0000000086000000, 0x0000000086100000|  0%| F|  |TAMS 0x0000000086000000, 0x0000000086000000| Untracked 
|  97|0x0000000086100000, 0x0000000086100000, 0x0000000086200000|  0%| F|  |TAMS 0x0000000086100000, 0x0000000086100000| Untracked 
|  98|0x0000000086200000, 0x0000000086200000, 0x0000000086300000|  0%| F|  |TAMS 0x0000000086200000, 0x0000000086200000| Untracked 
|  99|0x0000000086300000, 0x0000000086300000, 0x0000000086400000|  0%| F|  |TAMS 0x0000000086300000, 0x0000000086300000| Untracked 
| 100|0x0000000086400000, 0x0000000086400000, 0x0000000086500000|  0%| F|  |TAMS 0x0000000086400000, 0x0000000086400000| Untracked 
| 101|0x0000000086500000, 0x0000000086500000, 0x0000000086600000|  0%| F|  |TAMS 0x0000000086500000, 0x0000000086500000| Untracked 
| 102|0x0000000086600000, 0x0000000086600000, 0x0000000086700000|  0%| F|  |TAMS 0x0000000086600000, 0x0000000086600000| Untracked 
| 103|0x0000000086700000, 0x0000000086700000, 0x0000000086800000|  0%| F|  |TAMS 0x0000000086700000, 0x0000000086700000| Untracked 
| 104|0x0000000086800000, 0x0000000086800000, 0x0000000086900000|  0%| F|  |TAMS 0x0000000086800000, 0x0000000086800000| Untracked 
| 105|0x0000000086900000, 0x0000000086900000, 0x0000000086a00000|  0%| F|  |TAMS 0x0000000086900000, 0x0000000086900000| Untracked 
| 106|0x0000000086a00000, 0x0000000086a00000, 0x0000000086b00000|  0%| F|  |TAMS 0x0000000086a00000, 0x0000000086a00000| Untracked 
| 107|0x0000000086b00000, 0x0000000086b00000, 0x0000000086c00000|  0%| F|  |TAMS 0x0000000086b00000, 0x0000000086b00000| Untracked 
| 108|0x0000000086c00000, 0x0000000086c00000, 0x0000000086d00000|  0%| F|  |TAMS 0x0000000086c00000, 0x0000000086c00000| Untracked 
| 109|0x0000000086d00000, 0x0000000086e00000, 0x0000000086e00000|100%| S|CS|TAMS 0x0000000086d00000, 0x0000000086d00000| Complete 
| 110|0x0000000086e00000, 0x0000000086f00000, 0x0000000086f00000|100%| S|CS|TAMS 0x0000000086e00000, 0x0000000086e00000| Complete 
| 111|0x0000000086f00000, 0x0000000086f00000, 0x0000000087000000|  0%| F|  |TAMS 0x0000000086f00000, 0x0000000086f00000| Untracked 
| 112|0x0000000087000000, 0x0000000087000000, 0x0000000087100000|  0%| F|  |TAMS 0x0000000087000000, 0x0000000087000000| Untracked 
| 113|0x0000000087100000, 0x0000000087100000, 0x0000000087200000|  0%| F|  |TAMS 0x0000000087100000, 0x0000000087100000| Untracked 
| 114|0x0000000087200000, 0x0000000087200000, 0x0000000087300000|  0%| F|  |TAMS 0x0000000087200000, 0x0000000087200000| Untracked 
| 115|0x0000000087300000, 0x0000000087300000, 0x0000000087400000|  0%| F|  |TAMS 0x0000000087300000, 0x0000000087300000| Untracked 
| 116|0x0000000087400000, 0x0000000087400000, 0x0000000087500000|  0%| F|  |TAMS 0x0000000087400000, 0x0000000087400000| Untracked 
| 117|0x0000000087500000, 0x0000000087500000, 0x0000000087600000|  0%| F|  |TAMS 0x0000000087500000, 0x0000000087500000| Untracked 
| 118|0x0000000087600000, 0x0000000087600000, 0x0000000087700000|  0%| F|  |TAMS 0x0000000087600000, 0x0000000087600000| Untracked 
| 119|0x0000000087700000, 0x0000000087700000, 0x0000000087800000|  0%| F|  |TAMS 0x0000000087700000, 0x0000000087700000| Untracked 
| 120|0x0000000087800000, 0x0000000087900000, 0x0000000087900000|100%| S|CS|TAMS 0x0000000087800000, 0x0000000087800000| Complete 
| 121|0x0000000087900000, 0x0000000087a00000, 0x0000000087a00000|100%| S|CS|TAMS 0x0000000087900000, 0x0000000087900000| Complete 
| 122|0x0000000087a00000, 0x0000000087b00000, 0x0000000087b00000|100%| S|CS|TAMS 0x0000000087a00000, 0x0000000087a00000| Complete 
| 123|0x0000000087b00000, 0x0000000087c00000, 0x0000000087c00000|100%| S|CS|TAMS 0x0000000087b00000, 0x0000000087b00000| Complete 
| 124|0x0000000087c00000, 0x0000000087d00000, 0x0000000087d00000|100%| S|CS|TAMS 0x0000000087c00000, 0x0000000087c00000| Complete 
| 125|0x0000000087d00000, 0x0000000087e00000, 0x0000000087e00000|100%| S|CS|TAMS 0x0000000087d00000, 0x0000000087d00000| Complete 
| 126|0x0000000087e00000, 0x0000000087f00000, 0x0000000087f00000|100%| S|CS|TAMS 0x0000000087e00000, 0x0000000087e00000| Complete 
| 127|0x0000000087f00000, 0x0000000087f00000, 0x0000000088000000|  0%| F|  |TAMS 0x0000000087f00000, 0x0000000087f00000| Untracked 
| 128|0x0000000088000000, 0x0000000088000000, 0x0000000088100000|  0%| F|  |TAMS 0x0000000088000000, 0x0000000088000000| Untracked 
| 129|0x0000000088100000, 0x0000000088100000, 0x0000000088200000|  0%| F|  |TAMS 0x0000000088100000, 0x0000000088100000| Untracked 
| 130|0x0000000088200000, 0x0000000088200000, 0x0000000088300000|  0%| F|  |TAMS 0x0000000088200000, 0x0000000088200000| Untracked 
| 131|0x0000000088300000, 0x0000000088300000, 0x0000000088400000|  0%| F|  |TAMS 0x0000000088300000, 0x0000000088300000| Untracked 
| 132|0x0000000088400000, 0x0000000088400000, 0x0000000088500000|  0%| F|  |TAMS 0x0000000088400000, 0x0000000088400000| Untracked 
| 133|0x0000000088500000, 0x0000000088500000, 0x0000000088600000|  0%| F|  |TAMS 0x0000000088500000, 0x0000000088500000| Untracked 
| 134|0x0000000088600000, 0x0000000088600000, 0x0000000088700000|  0%| F|  |TAMS 0x0000000088600000, 0x0000000088600000| Untracked 
| 135|0x0000000088700000, 0x0000000088700000, 0x0000000088800000|  0%| F|  |TAMS 0x0000000088700000, 0x0000000088700000| Untracked 
| 136|0x0000000088800000, 0x0000000088800000, 0x0000000088900000|  0%| F|  |TAMS 0x0000000088800000, 0x0000000088800000| Untracked 
| 137|0x0000000088900000, 0x0000000088900000, 0x0000000088a00000|  0%| F|  |TAMS 0x0000000088900000, 0x0000000088900000| Untracked 
| 138|0x0000000088a00000, 0x0000000088a00000, 0x0000000088b00000|  0%| F|  |TAMS 0x0000000088a00000, 0x0000000088a00000| Untracked 
| 139|0x0000000088b00000, 0x0000000088c00000, 0x0000000088c00000|100%| E|CS|TAMS 0x0000000088b00000, 0x0000000088b00000| Complete 
| 140|0x0000000088c00000, 0x0000000088d00000, 0x0000000088d00000|100%| E|CS|TAMS 0x0000000088c00000, 0x0000000088c00000| Complete 
| 141|0x0000000088d00000, 0x0000000088e00000, 0x0000000088e00000|100%| E|CS|TAMS 0x0000000088d00000, 0x0000000088d00000| Complete 
| 142|0x0000000088e00000, 0x0000000088f00000, 0x0000000088f00000|100%| E|CS|TAMS 0x0000000088e00000, 0x0000000088e00000| Complete 
| 143|0x0000000088f00000, 0x0000000089000000, 0x0000000089000000|100%| E|CS|TAMS 0x0000000088f00000, 0x0000000088f00000| Complete 
| 144|0x0000000089000000, 0x0000000089100000, 0x0000000089100000|100%| E|CS|TAMS 0x0000000089000000, 0x0000000089000000| Complete 
| 145|0x0000000089100000, 0x0000000089200000, 0x0000000089200000|100%| E|CS|TAMS 0x0000000089100000, 0x0000000089100000| Complete 
| 146|0x0000000089200000, 0x0000000089300000, 0x0000000089300000|100%| E|CS|TAMS 0x0000000089200000, 0x0000000089200000| Complete 
| 147|0x0000000089300000, 0x0000000089400000, 0x0000000089400000|100%| E|CS|TAMS 0x0000000089300000, 0x0000000089300000| Complete 
| 148|0x0000000089400000, 0x0000000089500000, 0x0000000089500000|100%| E|CS|TAMS 0x0000000089400000, 0x0000000089400000| Complete 
| 149|0x0000000089500000, 0x0000000089600000, 0x0000000089600000|100%| E|CS|TAMS 0x0000000089500000, 0x0000000089500000| Complete 
| 150|0x0000000089600000, 0x0000000089700000, 0x0000000089700000|100%| E|CS|TAMS 0x0000000089600000, 0x0000000089600000| Complete 
| 151|0x0000000089700000, 0x0000000089800000, 0x0000000089800000|100%| E|CS|TAMS 0x0000000089700000, 0x0000000089700000| Complete 
| 152|0x0000000089800000, 0x0000000089900000, 0x0000000089900000|100%| E|CS|TAMS 0x0000000089800000, 0x0000000089800000| Complete 
| 153|0x0000000089900000, 0x0000000089a00000, 0x0000000089a00000|100%| E|CS|TAMS 0x0000000089900000, 0x0000000089900000| Complete 
| 154|0x0000000089a00000, 0x0000000089b00000, 0x0000000089b00000|100%| E|CS|TAMS 0x0000000089a00000, 0x0000000089a00000| Complete 
| 155|0x0000000089b00000, 0x0000000089c00000, 0x0000000089c00000|100%| E|CS|TAMS 0x0000000089b00000, 0x0000000089b00000| Complete 
| 156|0x0000000089c00000, 0x0000000089d00000, 0x0000000089d00000|100%| E|CS|TAMS 0x0000000089c00000, 0x0000000089c00000| Complete 
| 157|0x0000000089d00000, 0x0000000089e00000, 0x0000000089e00000|100%| E|CS|TAMS 0x0000000089d00000, 0x0000000089d00000| Complete 
| 158|0x0000000089e00000, 0x0000000089f00000, 0x0000000089f00000|100%| E|CS|TAMS 0x0000000089e00000, 0x0000000089e00000| Complete 
| 159|0x0000000089f00000, 0x000000008a000000, 0x000000008a000000|100%| E|CS|TAMS 0x0000000089f00000, 0x0000000089f00000| Complete 
| 160|0x000000008a000000, 0x000000008a100000, 0x000000008a100000|100%| E|CS|TAMS 0x000000008a000000, 0x000000008a000000| Complete 
| 161|0x000000008a100000, 0x000000008a200000, 0x000000008a200000|100%| E|CS|TAMS 0x000000008a100000, 0x000000008a100000| Complete 
| 162|0x000000008a200000, 0x000000008a300000, 0x000000008a300000|100%| E|CS|TAMS 0x000000008a200000, 0x000000008a200000| Complete 
| 163|0x000000008a300000, 0x000000008a400000, 0x000000008a400000|100%| E|CS|TAMS 0x000000008a300000, 0x000000008a300000| Complete 
| 164|0x000000008a400000, 0x000000008a500000, 0x000000008a500000|100%| E|CS|TAMS 0x000000008a400000, 0x000000008a400000| Complete 
| 165|0x000000008a500000, 0x000000008a600000, 0x000000008a600000|100%| E|CS|TAMS 0x000000008a500000, 0x000000008a500000| Complete 
| 166|0x000000008a600000, 0x000000008a700000, 0x000000008a700000|100%| E|CS|TAMS 0x000000008a600000, 0x000000008a600000| Complete 
| 167|0x000000008a700000, 0x000000008a800000, 0x000000008a800000|100%| E|CS|TAMS 0x000000008a700000, 0x000000008a700000| Complete 
| 168|0x000000008a800000, 0x000000008a900000, 0x000000008a900000|100%| E|CS|TAMS 0x000000008a800000, 0x000000008a800000| Complete 
| 169|0x000000008a900000, 0x000000008aa00000, 0x000000008aa00000|100%| E|CS|TAMS 0x000000008a900000, 0x000000008a900000| Complete 
| 170|0x000000008aa00000, 0x000000008ab00000, 0x000000008ab00000|100%| E|CS|TAMS 0x000000008aa00000, 0x000000008aa00000| Complete 
| 171|0x000000008ab00000, 0x000000008ac00000, 0x000000008ac00000|100%| E|CS|TAMS 0x000000008ab00000, 0x000000008ab00000| Complete 
| 172|0x000000008ac00000, 0x000000008ad00000, 0x000000008ad00000|100%| E|CS|TAMS 0x000000008ac00000, 0x000000008ac00000| Complete 
| 173|0x000000008ad00000, 0x000000008ae00000, 0x000000008ae00000|100%| E|CS|TAMS 0x000000008ad00000, 0x000000008ad00000| Complete 
| 174|0x000000008ae00000, 0x000000008af00000, 0x000000008af00000|100%| E|CS|TAMS 0x000000008ae00000, 0x000000008ae00000| Complete 
| 175|0x000000008af00000, 0x000000008b000000, 0x000000008b000000|100%| E|CS|TAMS 0x000000008af00000, 0x000000008af00000| Complete 
| 176|0x000000008b000000, 0x000000008b100000, 0x000000008b100000|100%| E|CS|TAMS 0x000000008b000000, 0x000000008b000000| Complete 
| 177|0x000000008b100000, 0x000000008b200000, 0x000000008b200000|100%| E|CS|TAMS 0x000000008b100000, 0x000000008b100000| Complete 
| 178|0x000000008b200000, 0x000000008b300000, 0x000000008b300000|100%| E|CS|TAMS 0x000000008b200000, 0x000000008b200000| Complete 
| 179|0x000000008b300000, 0x000000008b400000, 0x000000008b400000|100%| E|CS|TAMS 0x000000008b300000, 0x000000008b300000| Complete 
| 180|0x000000008b400000, 0x000000008b500000, 0x000000008b500000|100%| E|CS|TAMS 0x000000008b400000, 0x000000008b400000| Complete 
| 181|0x000000008b500000, 0x000000008b600000, 0x000000008b600000|100%| E|CS|TAMS 0x000000008b500000, 0x000000008b500000| Complete 
| 182|0x000000008b600000, 0x000000008b700000, 0x000000008b700000|100%| E|CS|TAMS 0x000000008b600000, 0x000000008b600000| Complete 
| 183|0x000000008b700000, 0x000000008b800000, 0x000000008b800000|100%| E|CS|TAMS 0x000000008b700000, 0x000000008b700000| Complete 
| 184|0x000000008b800000, 0x000000008b900000, 0x000000008b900000|100%| E|CS|TAMS 0x000000008b800000, 0x000000008b800000| Complete 

Card table byte_map: [0x000001c61bbc0000,0x000001c61bfc0000] _byte_map_base: 0x000001c61b7c0000

Marking Bits (Prev, Next): (CMBitMap*) 0x000001c606c0fcc0, (CMBitMap*) 0x000001c606c0fc88
 Prev Bits: [0x000001c61e3c0000, 0x000001c6203c0000)
 Next Bits: [0x000001c61c3c0000, 0x000001c61e3c0000)

Polling page: 0x000001c606cb0000

Metaspace:

Usage:
  Non-class:     78.86 MB capacity,    77.33 MB ( 98%) used,     1.26 MB (  2%) free+waste,   274.13 KB ( <1%) overhead. 
      Class:     12.52 MB capacity,    11.61 MB ( 93%) used,   801.09 KB (  6%) free+waste,   127.00 KB ( <1%) overhead. 
       Both:     91.37 MB capacity,    88.94 MB ( 97%) used,     2.04 MB (  2%) free+waste,   401.13 KB ( <1%) overhead. 

Virtual space:
  Non-class space:       80.00 MB reserved,      79.00 MB ( 99%) committed 
      Class space:        1.00 GB reserved,      12.57 MB (  1%) committed 
             Both:        1.08 GB reserved,      91.57 MB (  8%) committed 

Chunk freelists:
   Non-Class:  20.00 KB
       Class:  16.00 KB
        Both:  36.00 KB

MaxMetaspaceSize: 17179869184.00 GB
CompressedClassSpaceSize: 1.00 GB

CodeHeap 'non-profiled nmethods': size=120000Kb used=6178Kb max_used=6178Kb free=113821Kb
 bounds [0x000001c613820000, 0x000001c613e30000, 0x000001c61ad50000]
CodeHeap 'profiled nmethods': size=120000Kb used=20505Kb max_used=20505Kb free=99494Kb
 bounds [0x000001c60c2f0000, 0x000001c60d700000, 0x000001c613820000]
CodeHeap 'non-nmethods': size=5760Kb used=2283Kb max_used=2330Kb free=3476Kb
 bounds [0x000001c60bd50000, 0x000001c60bfc0000, 0x000001c60c2f0000]
 total_blobs=10553 nmethods=9667 adapters=797
 compilation: enabled
              stopped_count=0, restarted_count=0
 full_count=0

Compilation events (20 events):
Event: 15.634 Thread 0x000001c625eab000 nmethod 9867 0x000001c613e22490 code [0x000001c613e22640, 0x000001c613e22988]
Event: 15.634 Thread 0x000001c625eab000 9816       4       com.android.tools.r8.C.a.a.f::d (52 bytes)
Event: 15.636 Thread 0x000001c625eab000 nmethod 9816 0x000001c613e22c10 code [0x000001c613e22da0, 0x000001c613e22e98]
Event: 15.636 Thread 0x000001c625eab000 9889       4       com.android.tools.r8.graph.h0::d (134 bytes)
Event: 15.636 Thread 0x000001c625d68800 nmethod 9882 0x000001c613e22f90 code [0x000001c613e23140, 0x000001c613e23348]
Event: 15.636 Thread 0x000001c625d68800 9919       4       com.android.tools.r8.graph.Z0::f (48 bytes)
Event: 15.646 Thread 0x000001c622eae800 nmethod 9947 0x000001c613e23510 code [0x000001c613e236e0, 0x000001c613e24108]
Event: 15.646 Thread 0x000001c622eae800 9980   !   4       com.android.tools.r8.graph.q0::p (91 bytes)
Event: 15.660 Thread 0x000001c625eab000 nmethod 9889 0x000001c613e24710 code [0x000001c613e24900, 0x000001c613e25288]
Event: 15.660 Thread 0x000001c625eab000 9911       4       com.android.tools.r8.graph.q0::j (16 bytes)
Event: 15.665 Thread 0x000001c625eab000 nmethod 9911 0x000001c613e25810 code [0x000001c613e259a0, 0x000001c613e25bb8]
Event: 15.665 Thread 0x000001c625eab000 9990       4       jdk.internal.util.ArraysSupport::mismatch (73 bytes)
Event: 15.669 Thread 0x000001c625d68800 nmethod 9919 0x000001c613e25d10 code [0x000001c613e25f20, 0x000001c613e26e38]
Event: 15.669 Thread 0x000001c625d68800 9929       4       com.android.tools.r8.graph.h0::b (23 bytes)
Event: 15.670 Thread 0x000001c625eab000 nmethod 9990 0x000001c613e27610 code [0x000001c613e277a0, 0x000001c613e279d8]
Event: 15.671 Thread 0x000001c625eab000 9951       4       com.android.tools.r8.graph.q0::c (45 bytes)
Event: 15.672 Thread 0x000001c625eab000 nmethod 9951 0x000001c613e27b90 code [0x000001c613e27d20, 0x000001c613e27ed8]
Event: 15.672 Thread 0x000001c625eab000 9963       4       com.android.tools.r8.graph.Z0::d (50 bytes)
Event: 15.673 Thread 0x000001c625eab000 nmethod 9963 0x000001c613e27f90 code [0x000001c613e28120, 0x000001c613e28198]
Event: 15.673 Thread 0x000001c625eab000 9987       4       java.util.Arrays::equals (43 bytes)

GC Heap History (20 events):
Event: 10.308 GC heap before
{Heap before GC invocations=13 (full 0):
 garbage-first heap   total 131072K, used 90658K [0x0000000080000000, 0x0000000100000000)
  region size 1024K, 45 young (46080K), 4 survivors (4096K)
 Metaspace       used 62104K, capacity 63628K, committed 63820K, reserved 1103872K
  class space    used 7854K, capacity 8433K, committed 8524K, reserved 1048576K
}
Event: 10.320 GC heap after
{Heap after GC invocations=14 (full 0):
 garbage-first heap   total 131072K, used 51600K [0x0000000080000000, 0x0000000100000000)
  region size 1024K, 6 young (6144K), 6 survivors (6144K)
 Metaspace       used 62104K, capacity 63628K, committed 63820K, reserved 1103872K
  class space    used 7854K, capacity 8433K, committed 8524K, reserved 1048576K
}
Event: 10.793 GC heap before
{Heap before GC invocations=15 (full 0):
 garbage-first heap   total 131072K, used 94608K [0x0000000080000000, 0x0000000100000000)
  region size 1024K, 48 young (49152K), 6 survivors (6144K)
 Metaspace       used 64699K, capacity 66309K, committed 66508K, reserved 1107968K
  class space    used 8185K, capacity 8789K, committed 8908K, reserved 1048576K
}
Event: 10.802 GC heap after
{Heap after GC invocations=16 (full 0):
 garbage-first heap   total 157696K, used 55501K [0x0000000080000000, 0x0000000100000000)
  region size 1024K, 4 young (4096K), 4 survivors (4096K)
 Metaspace       used 64699K, capacity 66309K, committed 66508K, reserved 1107968K
  class space    used 8185K, capacity 8789K, committed 8908K, reserved 1048576K
}
Event: 11.514 GC heap before
{Heap before GC invocations=16 (full 0):
 garbage-first heap   total 157696K, used 107725K [0x0000000080000000, 0x0000000100000000)
  region size 1024K, 55 young (56320K), 4 survivors (4096K)
 Metaspace       used 69605K, capacity 71216K, committed 71372K, reserved 1112064K
  class space    used 8969K, capacity 9613K, committed 9676K, reserved 1048576K
}
Event: 11.521 GC heap after
{Heap after GC invocations=17 (full 0):
 garbage-first heap   total 157696K, used 58054K [0x0000000080000000, 0x0000000100000000)
  region size 1024K, 7 young (7168K), 7 survivors (7168K)
 Metaspace       used 69605K, capacity 71216K, committed 71372K, reserved 1112064K
  class space    used 8969K, capacity 9613K, committed 9676K, reserved 1048576K
}
Event: 12.358 GC heap before
{Heap before GC invocations=17 (full 0):
 garbage-first heap   total 157696K, used 111302K [0x0000000080000000, 0x0000000100000000)
  region size 1024K, 59 young (60416K), 7 survivors (7168K)
 Metaspace       used 76052K, capacity 77786K, committed 77900K, reserved 1116160K
  class space    used 9854K, capacity 10529K, committed 10572K, reserved 1048576K
}
Event: 12.366 GC heap after
{Heap after GC invocations=18 (full 0):
 garbage-first heap   total 157696K, used 61014K [0x0000000080000000, 0x0000000100000000)
  region size 1024K, 6 young (6144K), 6 survivors (6144K)
 Metaspace       used 76052K, capacity 77786K, committed 77900K, reserved 1116160K
  class space    used 9854K, capacity 10529K, committed 10572K, reserved 1048576K
}
Event: 13.195 GC heap before
{Heap before GC invocations=18 (full 0):
 garbage-first heap   total 157696K, used 114262K [0x0000000080000000, 0x0000000100000000)
  region size 1024K, 59 young (60416K), 6 survivors (6144K)
 Metaspace       used 80988K, capacity 82955K, committed 83020K, reserved 1120256K
  class space    used 10517K, capacity 11281K, committed 11340K, reserved 1048576K
}
Event: 13.205 GC heap after
{Heap after GC invocations=19 (full 0):
 garbage-first heap   total 157696K, used 65061K [0x0000000080000000, 0x0000000100000000)
  region size 1024K, 7 young (7168K), 7 survivors (7168K)
 Metaspace       used 80988K, capacity 82955K, committed 83020K, reserved 1120256K
  class space    used 10517K, capacity 11281K, committed 11340K, reserved 1048576K
}
Event: 13.903 GC heap before
{Heap before GC invocations=19 (full 0):
 garbage-first heap   total 157696K, used 118309K [0x0000000080000000, 0x0000000100000000)
  region size 1024K, 60 young (61440K), 7 survivors (7168K)
 Metaspace       used 82263K, capacity 84364K, committed 84556K, reserved 1122304K
  class space    used 10679K, capacity 11504K, committed 11596K, reserved 1048576K
}
Event: 13.914 GC heap after
{Heap after GC invocations=20 (full 0):
 garbage-first heap   total 157696K, used 69040K [0x0000000080000000, 0x0000000100000000)
  region size 1024K, 8 young (8192K), 8 survivors (8192K)
 Metaspace       used 82263K, capacity 84364K, committed 84556K, reserved 1122304K
  class space    used 10679K, capacity 11504K, committed 11596K, reserved 1048576K
}
Event: 14.462 GC heap before
{Heap before GC invocations=20 (full 0):
 garbage-first heap   total 157696K, used 121264K [0x0000000080000000, 0x0000000100000000)
  region size 1024K, 60 young (61440K), 8 survivors (8192K)
 Metaspace       used 85506K, capacity 87686K, committed 87756K, reserved 1124352K
  class space    used 11121K, capacity 11945K, committed 11980K, reserved 1048576K
}
Event: 14.470 GC heap after
{Heap after GC invocations=21 (full 0):
 garbage-first heap   total 157696K, used 70479K [0x0000000080000000, 0x0000000100000000)
  region size 1024K, 6 young (6144K), 6 survivors (6144K)
 Metaspace       used 85506K, capacity 87686K, committed 87756K, reserved 1124352K
  class space    used 11121K, capacity 11945K, committed 11980K, reserved 1048576K
}
Event: 15.004 GC heap before
{Heap before GC invocations=21 (full 0):
 garbage-first heap   total 157696K, used 122703K [0x0000000080000000, 0x0000000100000000)
  region size 1024K, 53 young (54272K), 6 survivors (6144K)
 Metaspace       used 86958K, capacity 89165K, committed 89548K, reserved 1126400K
  class space    used 11266K, capacity 12103K, committed 12236K, reserved 1048576K
}
Event: 15.016 GC heap after
{Heap after GC invocations=22 (full 0):
 garbage-first heap   total 189440K, used 80491K [0x0000000080000000, 0x0000000100000000)
  region size 1024K, 6 young (6144K), 6 survivors (6144K)
 Metaspace       used 86958K, capacity 89165K, committed 89548K, reserved 1126400K
  class space    used 11266K, capacity 12103K, committed 12236K, reserved 1048576K
}
Event: 15.301 GC heap before
{Heap before GC invocations=23 (full 0):
 garbage-first heap   total 189440K, used 149099K [0x0000000080000000, 0x0000000100000000)
  region size 1024K, 71 young (72704K), 6 survivors (6144K)
 Metaspace       used 87849K, capacity 90037K, committed 90060K, reserved 1126400K
  class space    used 11400K, capacity 12221K, committed 12236K, reserved 1048576K
}
Event: 15.315 GC heap after
{Heap after GC invocations=24 (full 0):
 garbage-first heap   total 189440K, used 87833K [0x0000000080000000, 0x0000000100000000)
  region size 1024K, 9 young (9216K), 9 survivors (9216K)
 Metaspace       used 87849K, capacity 90037K, committed 90060K, reserved 1126400K
  class space    used 11400K, capacity 12221K, committed 12236K, reserved 1048576K
}
Event: 15.469 GC heap before
{Heap before GC invocations=24 (full 0):
 garbage-first heap   total 189440K, used 148249K [0x0000000080000000, 0x0000000100000000)
  region size 1024K, 67 young (68608K), 9 survivors (9216K)
 Metaspace       used 89176K, capacity 91517K, committed 91724K, reserved 1128448K
  class space    used 11614K, capacity 12510K, committed 12620K, reserved 1048576K
}
Event: 15.477 GC heap after
{Heap after GC invocations=25 (full 0):
 garbage-first heap   total 189440K, used 102164K [0x0000000080000000, 0x0000000100000000)
  region size 1024K, 9 young (9216K), 9 survivors (9216K)
 Metaspace       used 89176K, capacity 91517K, committed 91724K, reserved 1128448K
  class space    used 11614K, capacity 12510K, committed 12620K, reserved 1048576K
}

Deoptimization events (20 events):
Event: 15.505 Thread 0x000001c62627d800 Uncommon trap: trap_request=0xffffff4d fr.pc=0x000001c613e04f0c relative=0x000000000000006c
Event: 15.505 Thread 0x000001c626278800 Uncommon trap: trap_request=0xffffff4d fr.pc=0x000001c613e04f0c relative=0x000000000000006c
Event: 15.505 Thread 0x000001c626278800 Uncommon trap: reason=unstable_if action=reinterpret pc=0x000001c613e04f0c method=com.android.tools.r8.graph.q0.a(C[BI)I @ 1 c2
Event: 15.505 Thread 0x000001c62627d800 Uncommon trap: reason=unstable_if action=reinterpret pc=0x000001c613e04f0c method=com.android.tools.r8.graph.q0.a(C[BI)I @ 1 c2
Event: 15.505 Thread 0x000001c626278800 DEOPT PACKING pc=0x000001c613e04f0c sp=0x0000000c966fa120
Event: 15.505 Thread 0x000001c62627d800 DEOPT PACKING pc=0x000001c613e04f0c sp=0x0000000c965fa0d0
Event: 15.505 Thread 0x000001c626278800 DEOPT UNPACKING pc=0x000001c60bd774af sp=0x0000000c966fa0c0 mode 2
Event: 15.505 Thread 0x000001c62627d800 DEOPT UNPACKING pc=0x000001c60bd774af sp=0x0000000c965fa070 mode 2
Event: 15.582 Thread 0x000001c626279800 Uncommon trap: trap_request=0xffffff4d fr.pc=0x000001c613e06ea4 relative=0x0000000000000084
Event: 15.582 Thread 0x000001c626279800 Uncommon trap: reason=unstable_if action=reinterpret pc=0x000001c613e06ea4 method=com.android.tools.r8.utils.a0.d(I)Z @ 45 c2
Event: 15.582 Thread 0x000001c626279800 DEOPT PACKING pc=0x000001c613e06ea4 sp=0x0000000c967f9e90
Event: 15.582 Thread 0x000001c626279800 DEOPT UNPACKING pc=0x000001c60bd774af sp=0x0000000c967f9e20 mode 2
Event: 15.619 Thread 0x000001c626279800 Uncommon trap: trap_request=0xffffff4d fr.pc=0x000001c613e1ab28 relative=0x0000000000000c88
Event: 15.619 Thread 0x000001c626279800 Uncommon trap: reason=unstable_if action=reinterpret pc=0x000001c613e1ab28 method=com.android.tools.r8.utils.a0.d(I)Z @ 45 c2
Event: 15.619 Thread 0x000001c626279800 DEOPT PACKING pc=0x000001c613e1ab28 sp=0x0000000c967f9f30
Event: 15.619 Thread 0x000001c626279800 DEOPT UNPACKING pc=0x000001c60bd774af sp=0x0000000c967f9e40 mode 2
Event: 15.638 Thread 0x000001c62627d800 Uncommon trap: trap_request=0xffffff4d fr.pc=0x000001c613e209d0 relative=0x0000000000001370
Event: 15.638 Thread 0x000001c62627d800 Uncommon trap: reason=unstable_if action=reinterpret pc=0x000001c613e209d0 method=com.android.tools.r8.utils.V.e(Ljava/lang/String;)[Ljava/lang/String; @ 27 c2
Event: 15.638 Thread 0x000001c62627d800 DEOPT PACKING pc=0x000001c613e209d0 sp=0x0000000c965fa0a0
Event: 15.638 Thread 0x000001c62627d800 DEOPT UNPACKING pc=0x000001c60bd774af sp=0x0000000c965fa090 mode 2

Classes redefined (0 events):
No events

Internal exceptions (20 events):
Event: 15.453 Thread 0x000001c62627d800 Exception <a 'java/lang/NoSuchMethodError'{0x0000000088426340}: 'java.lang.Object java.lang.invoke.DirectMethodHandle$Holder.invokeStatic(java.lang.Object, java.lang.Object, java.lang.Object, java.lang.Object, java.lang.Object, java.lang.Object, java.lang.Object, java.lang.Object, java.lang.Object, java.lang.Object, java.lang.Object, java.lang.Object, java.lang.Object, java.lang.Object, java.lang.Object, java.lang.Object, java.lang.Object, int, java.lang.Object)'> (0x0000000088426340) thrown at [./src/hots
Event: 15.453 Thread 0x000001c62627d800 Exception <a 'java/lang/NoSuchMethodError'{0x000000008842c188}: 'java.lang.Object java.lang.invoke.DirectMethodHandle$Holder.invokeStaticInit(java.lang.Object, java.lang.Object, java.lang.Object, java.lang.Object, java.lang.Object, java.lang.Object, java.lang.Object, java.lang.Object, java.lang.Object, java.lang.Object, java.lang.Object, java.lang.Object, java.lang.Object, java.lang.Object, java.lang.Object, java.lang.Object, java.lang.Object, int, java.lang.Object)'> (0x000000008842c188) thrown at [./src/
Event: 15.467 Thread 0x000001c626278000 Exception <a 'sun/nio/fs/WindowsException'{0x0000000087f83c70}> (0x0000000087f83c70) thrown at [./src/hotspot/share/prims/jni.cpp, line 615]
Event: 15.482 Thread 0x000001c626279800 Exception <a 'sun/nio/fs/WindowsException'{0x000000008b77fe20}> (0x000000008b77fe20) thrown at [./src/hotspot/share/prims/jni.cpp, line 615]
Event: 15.519 Thread 0x000001c62627d000 Exception <a 'java/lang/NoSuchMethodError'{0x000000008b3049a0}: 'java.lang.Object java.lang.invoke.DirectMethodHandle$Holder.invokeStatic(java.lang.Object, long)'> (0x000000008b3049a0) thrown at [./src/hotspot/share/interpreter/linkResolver.cpp, line 773]
Event: 15.519 Thread 0x000001c626279800 Exception <a 'java/lang/NoSuchMethodError'{0x000000008b4eed38}: 'java.lang.Object java.lang.invoke.DirectMethodHandle$Holder.invokeStatic(java.lang.Object, long)'> (0x000000008b4eed38) thrown at [./src/hotspot/share/interpreter/linkResolver.cpp, line 773]
Event: 15.519 Thread 0x000001c626278800 Exception <a 'java/lang/NoSuchMethodError'{0x000000008b3194d8}: 'java.lang.Object java.lang.invoke.DirectMethodHandle$Holder.invokeStatic(java.lang.Object, long)'> (0x000000008b3194d8) thrown at [./src/hotspot/share/interpreter/linkResolver.cpp, line 773]
Event: 15.519 Thread 0x000001c62627a800 Exception <a 'java/lang/NoSuchMethodError'{0x000000008b4a9f78}: 'java.lang.Object java.lang.invoke.DirectMethodHandle$Holder.invokeStatic(java.lang.Object, long)'> (0x000000008b4a9f78) thrown at [./src/hotspot/share/interpreter/linkResolver.cpp, line 773]
Event: 15.519 Thread 0x000001c62627c000 Exception <a 'java/lang/NoSuchMethodError'{0x000000008b324f88}: 'java.lang.Object java.lang.invoke.DirectMethodHandle$Holder.invokeStatic(java.lang.Object, long)'> (0x000000008b324f88) thrown at [./src/hotspot/share/interpreter/linkResolver.cpp, line 773]
Event: 15.521 Thread 0x000001c626278800 Exception <a 'java/lang/NoSuchMethodError'{0x000000008b31d100}: 'java.lang.Object java.lang.invoke.DirectMethodHandle$Holder.invokeSpecial(java.lang.Object, java.lang.Object, long)'> (0x000000008b31d100) thrown at [./src/hotspot/share/interpreter/linkResolver.cpp, line 773]
Event: 15.521 Thread 0x000001c62627c000 Exception <a 'java/lang/NoSuchMethodError'{0x000000008b328db8}: 'java.lang.Object java.lang.invoke.DirectMethodHandle$Holder.invokeSpecial(java.lang.Object, java.lang.Object, long)'> (0x000000008b328db8) thrown at [./src/hotspot/share/interpreter/linkResolver.cpp, line 773]
Event: 15.521 Thread 0x000001c62627a800 Exception <a 'java/lang/NoSuchMethodError'{0x000000008b348618}: 'java.lang.Object java.lang.invoke.Invokers$Holder.linkToTargetMethod(long, java.lang.Object)'> (0x000000008b348618) thrown at [./src/hotspot/share/interpreter/linkResolver.cpp, line 773]
Event: 15.521 Thread 0x000001c626278800 Exception <a 'java/lang/NoSuchMethodError'{0x000000008b3208b8}: 'java.lang.Object java.lang.invoke.Invokers$Holder.linkToTargetMethod(long, java.lang.Object)'> (0x000000008b3208b8) thrown at [./src/hotspot/share/interpreter/linkResolver.cpp, line 773]
Event: 15.521 Thread 0x000001c62627c000 Exception <a 'java/lang/NoSuchMethodError'{0x000000008b32c570}: 'java.lang.Object java.lang.invoke.Invokers$Holder.linkToTargetMethod(long, java.lang.Object)'> (0x000000008b32c570) thrown at [./src/hotspot/share/interpreter/linkResolver.cpp, line 773]
Event: 15.579 Thread 0x000001c62627d800 Exception <a 'java/lang/NoSuchMethodError'{0x000000008aab4680}: 'long java.lang.invoke.DirectMethodHandle$Holder.invokeStatic(java.lang.Object, java.lang.Object)'> (0x000000008aab4680) thrown at [./src/hotspot/share/interpreter/linkResolver.cpp, line 773]
Event: 15.633 Thread 0x000001c62627a800 Exception <a 'java/lang/NoSuchMethodError'{0x0000000089a07430}: 'java.lang.Object java.lang.invoke.DirectMethodHandle$Holder.newInvokeSpecial(java.lang.Object, int)'> (0x0000000089a07430) thrown at [./src/hotspot/share/interpreter/linkResolver.cpp, line 773]
Event: 15.658 Thread 0x000001c62627a800 Exception <a 'java/lang/NoSuchMethodError'{0x0000000089579630}: 'void java.lang.invoke.DirectMethodHandle$Holder.invokeStatic(java.lang.Object, java.lang.Object, java.lang.Object, int)'> (0x0000000089579630) thrown at [./src/hotspot/share/interpreter/linkResolver.cpp, line 773]
Event: 15.658 Thread 0x000001c62627d800 Exception <a 'java/lang/NoSuchMethodError'{0x0000000089309388}: 'void java.lang.invoke.DirectMethodHandle$Holder.invokeStatic(java.lang.Object, java.lang.Object, java.lang.Object, int)'> (0x0000000089309388) thrown at [./src/hotspot/share/interpreter/linkResolver.cpp, line 773]
Event: 15.660 Thread 0x000001c62627a800 Exception <a 'java/lang/IncompatibleClassChangeError'{0x000000008936b1a0}: Found class java.lang.Object, but interface was expected> (0x000000008936b1a0) thrown at [./src/hotspot/share/interpreter/linkResolver.cpp, line 839]
Event: 15.660 Thread 0x000001c62627d800 Exception <a 'java/lang/IncompatibleClassChangeError'{0x000000008937daf0}: Found class java.lang.Object, but interface was expected> (0x000000008937daf0) thrown at [./src/hotspot/share/interpreter/linkResolver.cpp, line 839]

Events (20 events):
Event: 15.673 loading class com/android/tools/r8/r/o/I
Event: 15.673 loading class com/android/tools/r8/r/o/I done
Event: 15.674 loading class com/android/tools/r8/r/o/E
Event: 15.674 loading class com/android/tools/r8/r/o/E done
Event: 15.674 loading class com/android/tools/r8/v/b/t0$a
Event: 15.674 loading class com/android/tools/r8/v/b/t0$a done
Event: 15.675 loading class com/android/tools/r8/r/o/U
Event: 15.675 loading class com/android/tools/r8/r/o/U done
Event: 15.676 loading class com/android/tools/r8/graph/z
Event: 15.676 loading class com/android/tools/r8/graph/z done
Event: 15.676 loading class com/android/tools/r8/graph/z$a
Event: 15.676 loading class com/android/tools/r8/graph/z$a done
Event: 15.677 loading class com/android/tools/r8/graph/z
Event: 15.677 loading class com/android/tools/r8/graph/z done
Event: 15.677 loading class com/android/tools/r8/graph/z
Event: 15.677 loading class com/android/tools/r8/graph/z done
Event: 15.677 loading class com/android/tools/r8/graph/z
Event: 15.677 loading class com/android/tools/r8/graph/z done
Event: 15.678 loading class com/android/tools/r8/graph/p$a
Event: 15.678 loading class com/android/tools/r8/graph/p$a done


Dynamic libraries:
0x00007ff728850000 - 0x00007ff72885a000 	C:\Users\Dark Knight\Desktop\Android Studio\jre\bin\java.exe
0x00007ffee3570000 - 0x00007ffee3765000 	C:\WINDOWS\SYSTEM32\ntdll.dll
0x00007ffee15f0000 - 0x00007ffee16ad000 	C:\WINDOWS\System32\KERNEL32.DLL
0x00007ffee12d0000 - 0x00007ffee1599000 	C:\WINDOWS\System32\KERNELBASE.dll
0x00007ffee0cd0000 - 0x00007ffee0dd0000 	C:\WINDOWS\System32\ucrtbase.dll
0x00007ffed9f20000 - 0x00007ffed9f39000 	C:\Users\Dark Knight\Desktop\Android Studio\jre\bin\jli.dll
0x00007ffed9f00000 - 0x00007ffed9f17000 	C:\Users\Dark Knight\Desktop\Android Studio\jre\bin\VCRUNTIME140.dll
0x00007ffee1f30000 - 0x00007ffee20d0000 	C:\WINDOWS\System32\USER32.dll
0x00007ffee0ca0000 - 0x00007ffee0cc2000 	C:\WINDOWS\System32\win32u.dll
0x00007ffee20d0000 - 0x00007ffee20fa000 	C:\WINDOWS\System32\GDI32.dll
0x00007ffecb000000 - 0x00007ffecb29a000 	C:\WINDOWS\WinSxS\amd64_microsoft.windows.common-controls_6595b64144ccf1df_6.0.19041.1110_none_60b5254171f9507e\COMCTL32.dll
0x00007ffee11c0000 - 0x00007ffee12cb000 	C:\WINDOWS\System32\gdi32full.dll
0x00007ffee32b0000 - 0x00007ffee334e000 	C:\WINDOWS\System32\msvcrt.dll
0x00007ffee0dd0000 - 0x00007ffee0e6d000 	C:\WINDOWS\System32\msvcp_win.dll
0x00007ffee23d0000 - 0x00007ffee2400000 	C:\WINDOWS\System32\IMM32.DLL
0x00007ffecf2d0000 - 0x00007ffecf36d000 	C:\Users\Dark Knight\Desktop\Android Studio\jre\bin\msvcp140.dll
0x00007ffe82710000 - 0x00007ffe831cc000 	C:\Users\Dark Knight\Desktop\Android Studio\jre\bin\server\jvm.dll
0x00007ffee1780000 - 0x00007ffee182c000 	C:\WINDOWS\System32\ADVAPI32.dll
0x00007ffee1830000 - 0x00007ffee18cb000 	C:\WINDOWS\System32\sechost.dll
0x00007ffee3350000 - 0x00007ffee347a000 	C:\WINDOWS\System32\RPCRT4.dll
0x00007ffee2d90000 - 0x00007ffee2d98000 	C:\WINDOWS\System32\PSAPI.DLL
0x00007ffed8b70000 - 0x00007ffed8b79000 	C:\WINDOWS\SYSTEM32\WSOCK32.dll
0x00007ffecb2b0000 - 0x00007ffecb2d7000 	C:\WINDOWS\SYSTEM32\WINMM.dll
0x00007ffed7fc0000 - 0x00007ffed7fca000 	C:\WINDOWS\SYSTEM32\VERSION.dll
0x00007ffee2360000 - 0x00007ffee23cb000 	C:\WINDOWS\System32\WS2_32.dll
0x00007ffedf530000 - 0x00007ffedf542000 	C:\WINDOWS\SYSTEM32\kernel.appcore.dll
0x00007ffec9e60000 - 0x00007ffec9e71000 	C:\Users\Dark Knight\Desktop\Android Studio\jre\bin\verify.dll
0x00007ffedeab0000 - 0x00007ffedec94000 	C:\WINDOWS\SYSTEM32\DBGHELP.DLL
0x00007ffec9830000 - 0x00007ffec985c000 	C:\WINDOWS\SYSTEM32\dbgcore.DLL
0x00007ffee0f70000 - 0x00007ffee0ff3000 	C:\WINDOWS\System32\bcryptPrimitives.dll
0x00007ffeb99b0000 - 0x00007ffeb99d9000 	C:\Users\Dark Knight\Desktop\Android Studio\jre\bin\java.dll
0x00007ffed9240000 - 0x00007ffed924b000 	C:\Users\Dark Knight\Desktop\Android Studio\jre\bin\jimage.dll
0x00007ffeb9990000 - 0x00007ffeb99a8000 	C:\Users\Dark Knight\Desktop\Android Studio\jre\bin\zip.dll
0x00007ffee25f0000 - 0x00007ffee2d2f000 	C:\WINDOWS\System32\SHELL32.dll
0x00007ffeded90000 - 0x00007ffedf520000 	C:\WINDOWS\SYSTEM32\windows.storage.dll
0x00007ffee2da0000 - 0x00007ffee30f5000 	C:\WINDOWS\System32\combase.dll
0x00007ffee0700000 - 0x00007ffee072c000 	C:\WINDOWS\SYSTEM32\Wldp.dll
0x00007ffee1e80000 - 0x00007ffee1f2e000 	C:\WINDOWS\System32\SHCORE.dll
0x00007ffee2400000 - 0x00007ffee2455000 	C:\WINDOWS\System32\shlwapi.dll
0x00007ffee0be0000 - 0x00007ffee0bff000 	C:\WINDOWS\SYSTEM32\profapi.dll
0x00007ffeafe40000 - 0x00007ffeafe5a000 	C:\Users\Dark Knight\Desktop\Android Studio\jre\bin\net.dll
0x00007ffed5b40000 - 0x00007ffed5c48000 	C:\WINDOWS\SYSTEM32\WINHTTP.dll
0x00007ffee0460000 - 0x00007ffee04ca000 	C:\WINDOWS\system32\mswsock.dll
0x00007ffeafc50000 - 0x00007ffeafc64000 	C:\Users\Dark Knight\Desktop\Android Studio\jre\bin\nio.dll
0x00007ffedbf90000 - 0x00007ffedbfb7000 	C:\Users\Dark Knight\.gradle\native\8bec1ad78214c89d9ad589b4d07fe93259594b29d510b10fafb7a158f7737e5d\windows-amd64\native-platform.dll
0x00007ffed7bd0000 - 0x00007ffed7d0d000 	C:\Users\Dark Knight\.gradle\native\53dbd7edfb1c66fb8903c78663c9afc45aea4f116125fa6feffd364cf09443e8\windows-amd64\native-platform-file-events.dll
0x00007ffed81f0000 - 0x00007ffed81fa000 	C:\Users\Dark Knight\Desktop\Android Studio\jre\bin\management.dll
0x00007ffed0860000 - 0x00007ffed086c000 	C:\Users\Dark Knight\Desktop\Android Studio\jre\bin\management_ext.dll
0x00007ffee0650000 - 0x00007ffee0668000 	C:\WINDOWS\SYSTEM32\CRYPTSP.dll
0x00007ffedfd70000 - 0x00007ffedfda4000 	C:\WINDOWS\system32\rsaenh.dll
0x00007ffee15a0000 - 0x00007ffee15c7000 	C:\WINDOWS\System32\bcrypt.dll
0x00007ffee0ba0000 - 0x00007ffee0bce000 	C:\WINDOWS\SYSTEM32\USERENV.dll
0x00007ffee0670000 - 0x00007ffee067c000 	C:\WINDOWS\SYSTEM32\CRYPTBASE.dll
0x00007ffee0100000 - 0x00007ffee013b000 	C:\WINDOWS\SYSTEM32\IPHLPAPI.DLL
0x00007ffee18d0000 - 0x00007ffee18d8000 	C:\WINDOWS\System32\NSI.dll
0x00007ffecfdf0000 - 0x00007ffecfe07000 	C:\WINDOWS\SYSTEM32\dhcpcsvc6.DLL
0x00007ffed0340000 - 0x00007ffed035d000 	C:\WINDOWS\SYSTEM32\dhcpcsvc.DLL
0x00007ffee0140000 - 0x00007ffee020c000 	C:\WINDOWS\SYSTEM32\DNSAPI.dll

dbghelp: loaded successfully - version: 4.0.5 - missing functions: none
symbol engine: initialized successfully - sym options: 0x614 - pdb path: .;C:\Users\Dark Knight\Desktop\Android Studio\jre\bin;C:\WINDOWS\SYSTEM32;C:\WINDOWS\WinSxS\amd64_microsoft.windows.common-controls_6595b64144ccf1df_6.0.19041.1110_none_60b5254171f9507e;C:\Users\Dark Knight\Desktop\Android Studio\jre\bin\server;C:\Users\Dark Knight\.gradle\native\8bec1ad78214c89d9ad589b4d07fe93259594b29d510b10fafb7a158f7737e5d\windows-amd64;C:\Users\Dark Knight\.gradle\native\53dbd7edfb1c66fb8903c78663c9afc45aea4f116125fa6feffd364cf09443e8\windows-amd64

VM Arguments:
jvm_args: --add-opens=java.base/java.util=ALL-UNNAMED --add-opens=java.base/java.lang=ALL-UNNAMED --add-opens=java.base/java.lang.invoke=ALL-UNNAMED --add-opens=java.base/java.util=ALL-UNNAMED --add-opens=java.prefs/java.util.prefs=ALL-UNNAMED --add-opens=java.prefs/java.util.prefs=ALL-UNNAMED --add-opens=java.base/java.nio.charset=ALL-UNNAMED --add-opens=java.base/java.net=ALL-UNNAMED --add-opens=java.base/java.util.concurrent.atomic=ALL-UNNAMED -Xmx2048m -Dfile.encoding=UTF-8 -Duser.country=IN -Duser.language=en -Duser.variant 
java_command: org.gradle.launcher.daemon.bootstrap.GradleDaemon 7.0.2
java_class_path (initial): C:\Users\Dark Knight\.gradle\wrapper\dists\gradle-7.0.2-bin\857tjihv64xamwrf0h14cai3r\gradle-7.0.2\lib\gradle-launcher-7.0.2.jar
Launcher Type: SUN_STANDARD

[Global flags]
     intx CICompilerCount                          = 4                                         {product} {ergonomic}
     uint ConcGCThreads                            = 2                                         {product} {ergonomic}
     uint G1ConcRefinementThreads                  = 8                                         {product} {ergonomic}
   size_t G1HeapRegionSize                         = 1048576                                   {product} {ergonomic}
    uintx GCDrainStackTargetSize                   = 64                                        {product} {ergonomic}
   size_t InitialHeapSize                          = 134217728                                 {product} {ergonomic}
   size_t MarkStackSize                            = 4194304                                   {product} {ergonomic}
   size_t MaxHeapSize                              = 2147483648                                {product} {command line}
   size_t MaxNewSize                               = 1287651328                                {product} {ergonomic}
   size_t MinHeapDeltaBytes                        = 1048576                                   {product} {ergonomic}
    uintx NonNMethodCodeHeapSize                   = 5836300                                {pd product} {ergonomic}
    uintx NonProfiledCodeHeapSize                  = 122910970                              {pd product} {ergonomic}
    uintx ProfiledCodeHeapSize                     = 122910970                              {pd product} {ergonomic}
    uintx ReservedCodeCacheSize                    = 251658240                              {pd product} {ergonomic}
     bool SegmentedCodeCache                       = true                                      {product} {ergonomic}
     bool UseCompressedClassPointers               = true                                 {lp64_product} {ergonomic}
     bool UseCompressedOops                        = true                                 {lp64_product} {ergonomic}
     bool UseG1GC                                  = true                                      {product} {ergonomic}
     bool UseLargePagesIndividualAllocation        = false                                  {pd product} {ergonomic}

Logging:
Log output configuration:
 #0: stdout all=warning uptime,level,tags
 #1: stderr all=off uptime,level,tags

Environment Variables:
PATH=C:\Windows\system32;C:\Windows;C:\Windows\System32\Wbem;C:\Windows\System32\WindowsPowerShell\v1.0\;C:\Windows\System32\OpenSSH\;C:\Program Files (x86)\NVIDIA Corporation\PhysX\Common;C:\Program Files\NVIDIA Corporation\NVIDIA NvDLISR;C:\WINDOWS\system32;C:\WINDOWS;C:\WINDOWS\System32\Wbem;C:\WINDOWS\System32\WindowsPowerShell\v1.0\;C:\WINDOWS\System32\OpenSSH\;C:\MinGW\bin;C:\Program Files\MEGA-X;C:\WINDOWS\system32;C:\WINDOWS;C:\WINDOWS\System32\Wbem;C:\WINDOWS\System32\WindowsPowerShell\v1.0\;C:\WINDOWS\System32\OpenSSH\;C:\Program Files\Git\cmd;C:\Users\Dark Knight\AppData\Local\Microsoft\WindowsApps;C:\Users\Dark Knight\AppData\Local\atom\bin;C:\MinGW\bin;C:\Program Files (x86)\Microsoft Visual Studio\2019\BuildTools\MSBuild\Current\Bin;C:\Users\Dark Knight\AppData\Local\Microsoft\WindowsApps
USERNAME=Dark Knight
OS=Windows_NT
PROCESSOR_IDENTIFIER=Intel64 Family 6 Model 158 Stepping 10, GenuineIntel



---------------  S Y S T E M  ---------------

OS: Windows 10 , 64 bit Build 19041 (10.0.19041.1151)
OS uptime: 17 days 22:10 hours

CPU:total 8 (initial active 8) (4 cores per cpu, 2 threads per core) family 6 model 158 stepping 10, cmov, cx8, fxsr, mmx, sse, sse2, sse3, ssse3, sse4.1, sse4.2, popcnt, avx, avx2, aes, clmul, erms, 3dnowpref, lzcnt, ht, tsc, tscinvbit, bmi1, bmi2, adx, fma

Memory: 4k page, system-wide physical 8072M (694M free)
TotalPageFile size 12168M (AvailPageFile size 2M)
current process WorkingSet (physical memory assigned to process): 464M, peak: 479M
current process commit charge ("private bytes"): 538M, peak: 538M

vm_info: OpenJDK 64-Bit Server VM (11.0.8+10-b944.6842174) for windows-amd64 JRE (11.0.8+10-b944.6842174), built on Sep 19 2020 01:11:42 by "builder" with MS VC++ 14.0 (VS2015)

END.
