#
# There is insufficient memory for the Java Runtime Environment to continue.
# Native memory allocation (malloc) failed to allocate 722816 bytes for Chunk::new
# Possible reasons:
#   The system is out of physical RAM or swap space
#   The process is running with CompressedOops enabled, and the Java Heap may be blocking the growth of the native heap
# Possible solutions:
#   Reduce memory load on the system
#   Increase physical memory or swap space
#   Check if swap backing store is full
#   Decrease Java heap size (-Xmx/-Xms)
#   Decrease number of Java threads
#   Decrease Java thread stack sizes (-Xss)
#   Set larger code cache with -XX:ReservedCodeCacheSize=
#   JVM is running with Unscaled Compressed Oops mode in which the Java heap is
#     placed in the first 4GB address space. The Java Heap base address is the
#     maximum limit for the native heap growth. Please use -XX:HeapBaseMinAddress
#     to set the Java Heap base and to place the Java Heap above 4GB virtual address.
# This output file may be truncated or incomplete.
#
#  Out of Memory Error (./src/hotspot/share/memory/arena.cpp:197), pid=5836, tid=35480
#
# JRE version: OpenJDK Runtime Environment (11.0.8+10) (build 11.0.8+10-b944.6842174)
# Java VM: OpenJDK 64-Bit Server VM (11.0.8+10-b944.6842174, mixed mode, tiered, compressed oops, g1 gc, windows-amd64)
# No core dump will be written. Minidumps are not enabled by default on client versions of Windows
#

---------------  S U M M A R Y ------------

Command Line: --add-opens=java.base/java.util=ALL-UNNAMED --add-opens=java.base/java.lang=ALL-UNNAMED --add-opens=java.base/java.lang.invoke=ALL-UNNAMED --add-opens=java.base/java.util=ALL-UNNAMED --add-opens=java.prefs/java.util.prefs=ALL-UNNAMED --add-opens=java.prefs/java.util.prefs=ALL-UNNAMED --add-opens=java.base/java.nio.charset=ALL-UNNAMED --add-opens=java.base/java.net=ALL-UNNAMED --add-opens=java.base/java.util.concurrent.atomic=ALL-UNNAMED -Xmx2048m -Dfile.encoding=UTF-8 -Duser.country=IN -Duser.language=en -Duser.variant org.gradle.launcher.daemon.bootstrap.GradleDaemon 7.0.2

Host: Intel(R) Core(TM) i5-9300H CPU @ 2.40GHz, 8 cores, 7G,  Windows 10 , 64 bit Build 19041 (10.0.19041.1151)
Time: Mon Aug 30 21:27:46 2021 India Standard Time elapsed time: 6 seconds (0d 0h 0m 6s)

---------------  T H R E A D  ---------------

Current thread (0x00000214d6a27000):  JavaThread "C2 CompilerThread0" daemon [_thread_in_native, id=35480, stack(0x0000009410800000,0x0000009410900000)]


Current CompileTask:
C2:   6209 2704       4       jdk.internal.loader.URLClassPath::getResource (74 bytes)

Stack: [0x0000009410800000,0x0000009410900000]
Native frames: (J=compiled Java code, j=interpreted, Vv=VM code, C=native code)
V  [jvm.dll+0x5de50a]
V  [jvm.dll+0x7122f5]
V  [jvm.dll+0x71384d]
V  [jvm.dll+0x713f03]
V  [jvm.dll+0x23e728]
V  [jvm.dll+0xb899c]
V  [jvm.dll+0xb8e9c]
V  [jvm.dll+0x2b20e4]
V  [jvm.dll+0x502098]
V  [jvm.dll+0x1f8cde]
V  [jvm.dll+0x1f685f]
V  [jvm.dll+0x17f32c]
V  [jvm.dll+0x205047]
V  [jvm.dll+0x203891]
V  [jvm.dll+0x6dad3f]
V  [jvm.dll+0x6d3895]
V  [jvm.dll+0x5dd4a6]
C  [ucrtbase.dll+0x21bb2]
C  [KERNEL32.DLL+0x17034]
C  [ntdll.dll+0x52651]


---------------  P R O C E S S  ---------------

Threads class SMR info:
_java_thread_list=0x00000214da7a0460, length=31, elements={
0x00000214b9e8f000, 0x00000214d69ce800, 0x00000214d69da000, 0x00000214d6a25000,
0x00000214d6a26000, 0x00000214d6a27000, 0x00000214d6a29800, 0x00000214d6a2a800,
0x00000214d6b89000, 0x00000214d6b9a000, 0x00000214d8dd9000, 0x00000214da097800,
0x00000214d6b9c000, 0x00000214d9269800, 0x00000214d969c800, 0x00000214d830f800,
0x00000214d81ec000, 0x00000214d82e2000, 0x00000214d7a67800, 0x00000214d802e000,
0x00000214d7e56000, 0x00000214d7e57000, 0x00000214d9efe800, 0x00000214d7e57800,
0x00000214d7e55800, 0x00000214da9e9800, 0x00000214da9e8800, 0x00000214da9ea000,
0x00000214da9e8000, 0x00000214da9e5800, 0x00000214da9e4800
}

Java Threads: ( => current thread )
  0x00000214b9e8f000 JavaThread "main" [_thread_blocked, id=40912, stack(0x000000940fd00000,0x000000940fe00000)]
  0x00000214d69ce800 JavaThread "Reference Handler" daemon [_thread_blocked, id=22096, stack(0x0000009410400000,0x0000009410500000)]
  0x00000214d69da000 JavaThread "Finalizer" daemon [_thread_blocked, id=42112, stack(0x0000009410500000,0x0000009410600000)]
  0x00000214d6a25000 JavaThread "Signal Dispatcher" daemon [_thread_blocked, id=49404, stack(0x0000009410600000,0x0000009410700000)]
  0x00000214d6a26000 JavaThread "Attach Listener" daemon [_thread_blocked, id=43616, stack(0x0000009410700000,0x0000009410800000)]
=>0x00000214d6a27000 JavaThread "C2 CompilerThread0" daemon [_thread_in_native, id=35480, stack(0x0000009410800000,0x0000009410900000)]
  0x00000214d6a29800 JavaThread "C1 CompilerThread0" daemon [_thread_blocked, id=50072, stack(0x0000009410900000,0x0000009410a00000)]
  0x00000214d6a2a800 JavaThread "Sweeper thread" daemon [_thread_blocked, id=38812, stack(0x0000009410a00000,0x0000009410b00000)]
  0x00000214d6b89000 JavaThread "Common-Cleaner" daemon [_thread_blocked, id=45728, stack(0x0000009410b00000,0x0000009410c00000)]
  0x00000214d6b9a000 JavaThread "Service Thread" daemon [_thread_blocked, id=40952, stack(0x0000009410c00000,0x0000009410d00000)]
  0x00000214d8dd9000 JavaThread "Daemon health stats" [_thread_blocked, id=46828, stack(0x0000009411200000,0x0000009411300000)]
  0x00000214da097800 JavaThread "Incoming local TCP Connector on port 64284" [_thread_in_native, id=40228, stack(0x0000009410e00000,0x0000009410f00000)]
  0x00000214d6b9c000 JavaThread "Daemon periodic checks" [_thread_blocked, id=46240, stack(0x0000009410f00000,0x0000009411000000)]
  0x00000214d9269800 JavaThread "Daemon" [_thread_blocked, id=45232, stack(0x0000009411300000,0x0000009411400000)]
  0x00000214d969c800 JavaThread "Handler for socket connection from /127.0.0.1:64284 to /127.0.0.1:64285" [_thread_in_native, id=29316, stack(0x0000009411400000,0x0000009411500000)]
  0x00000214d830f800 JavaThread "Cancel handler" [_thread_blocked, id=39100, stack(0x0000009411500000,0x0000009411600000)]
  0x00000214d81ec000 JavaThread "Daemon worker" [_thread_in_native, id=43836, stack(0x0000009411600000,0x0000009411700000)]
  0x00000214d82e2000 JavaThread "Asynchronous log dispatcher for DefaultDaemonConnection: socket connection from /127.0.0.1:64284 to /127.0.0.1:64285" [_thread_blocked, id=28096, stack(0x0000009411700000,0x0000009411800000)]
  0x00000214d7a67800 JavaThread "Stdin handler" [_thread_blocked, id=44152, stack(0x0000009411800000,0x0000009411900000)]
  0x00000214d802e000 JavaThread "Daemon client event forwarder" [_thread_blocked, id=42720, stack(0x0000009411900000,0x0000009411a00000)]
  0x00000214d7e56000 JavaThread "Cache worker for file hash cache (C:\Users\Dark Knight\.gradle\caches\7.0.2\fileHashes)" [_thread_blocked, id=29672, stack(0x0000009411f00000,0x0000009412000000)]
  0x00000214d7e57000 JavaThread "File lock request listener" [_thread_in_native, id=37488, stack(0x0000009412000000,0x0000009412100000)]
  0x00000214d9efe800 JavaThread "C2 CompilerThread1" daemon [_thread_in_native, id=19536, stack(0x0000009412100000,0x0000009412200000)]
  0x00000214d7e57800 JavaThread "Cache worker for journal cache (C:\Users\Dark Knight\.gradle\caches\journal-1)" [_thread_blocked, id=27060, stack(0x0000009412300000,0x0000009412400000)]
  0x00000214d7e55800 JavaThread "Cache worker for file hash cache (C:\Android Projects\Udemy TUTORIAL\7MinuteWorkout2\.gradle\7.0.2\fileHashes)" [_thread_blocked, id=42116, stack(0x0000009412400000,0x0000009412500000)]
  0x00000214da9e9800 JavaThread "File watcher server" daemon [_thread_in_native, id=25828, stack(0x0000009412500000,0x0000009412600000)]
  0x00000214da9e8800 JavaThread "File watcher consumer" daemon [_thread_blocked, id=49316, stack(0x0000009412600000,0x0000009412700000)]
  0x00000214da9ea000 JavaThread "Cache worker for checksums cache (C:\Android Projects\Udemy TUTORIAL\7MinuteWorkout2\.gradle\checksums)" [_thread_blocked, id=23324, stack(0x0000009412700000,0x0000009412800000)]
  0x00000214da9e8000 JavaThread "Cache worker for cache directory md-supplier (C:\Users\Dark Knight\.gradle\caches\7.0.2\md-supplier)" [_thread_blocked, id=37252, stack(0x0000009412800000,0x0000009412900000)]
  0x00000214da9e5800 JavaThread "Cache worker for cache directory md-rule (C:\Users\Dark Knight\.gradle\caches\7.0.2\md-rule)" [_thread_blocked, id=28832, stack(0x0000009412900000,0x0000009412a00000)]
  0x00000214da9e4800 JavaThread "Cache worker for execution history cache (C:\Users\Dark Knight\.gradle\caches\7.0.2\executionHistory)" [_thread_blocked, id=45016, stack(0x0000009412a00000,0x0000009412b00000)]

Other Threads:
  0x00000214d69cb000 VMThread "VM Thread" [stack: 0x0000009410300000,0x0000009410400000] [id=43732]
  0x00000214d6b9a800 WatcherThread [stack: 0x0000009410d00000,0x0000009410e00000] [id=39876]
  0x00000214b9ea7000 GCTaskThread "GC Thread#0" [stack: 0x000000940fe00000,0x000000940ff00000] [id=50040]
  0x00000214d70c8800 GCTaskThread "GC Thread#1" [stack: 0x0000009411000000,0x0000009411100000] [id=36476]
  0x00000214d7abe800 GCTaskThread "GC Thread#2" [stack: 0x0000009411100000,0x0000009411200000] [id=37420]
  0x00000214d6d7d000 GCTaskThread "GC Thread#3" [stack: 0x0000009411a00000,0x0000009411b00000] [id=31656]
  0x00000214d7fb9800 GCTaskThread "GC Thread#4" [stack: 0x0000009411b00000,0x0000009411c00000] [id=9768]
  0x00000214d7fba000 GCTaskThread "GC Thread#5" [stack: 0x0000009411c00000,0x0000009411d00000] [id=33728]
  0x00000214d83ec800 GCTaskThread "GC Thread#6" [stack: 0x0000009411d00000,0x0000009411e00000] [id=42856]
  0x00000214d83ed800 GCTaskThread "GC Thread#7" [stack: 0x0000009411e00000,0x0000009411f00000] [id=38696]
  0x00000214b9eda800 ConcurrentGCThread "G1 Main Marker" [stack: 0x000000940ff00000,0x0000009410000000] [id=47464]
  0x00000214b9edb800 ConcurrentGCThread "G1 Conc#0" [stack: 0x0000009410000000,0x0000009410100000] [id=19516]
  0x00000214d7e88000 ConcurrentGCThread "G1 Conc#1" [stack: 0x0000009412200000,0x0000009412300000] [id=46908]
  0x00000214d5ff3800 ConcurrentGCThread "G1 Refine#0" [stack: 0x0000009410100000,0x0000009410200000] [id=42048]
  0x00000214d5ff4800 ConcurrentGCThread "G1 Young RemSet Sampling" [stack: 0x0000009410200000,0x0000009410300000] [id=47720]

Threads with active compile tasks:
C2 CompilerThread0   6239 2704       4       jdk.internal.loader.URLClassPath::getResource (74 bytes)
C2 CompilerThread1   6239 2551  s!   4       jdk.internal.loader.URLClassPath::getLoader (194 bytes)

VM state:not at safepoint (normal execution)

VM Mutex/Monitor currently owned by a thread: None

Heap address: 0x0000000080000000, size: 2048 MB, Compressed Oops mode: 32-bit
Narrow klass base: 0x0000000000000000, Narrow klass shift: 3
Compressed class space size: 1073741824 Address: 0x0000000100000000

Heap:
 garbage-first heap   total 131072K, used 68542K [0x0000000080000000, 0x0000000100000000)
  region size 1024K, 53 young (54272K), 3 survivors (3072K)
 Metaspace       used 32496K, capacity 33289K, committed 33536K, reserved 1079296K
  class space    used 4234K, capacity 4544K, committed 4608K, reserved 1048576K
Heap Regions: E=young(eden), S=young(survivor), O=old, HS=humongous(starts), HC=humongous(continues), CS=collection set, F=free, A=archive, TAMS=top-at-mark-start (previous, next)
|   0|0x0000000080000000, 0x0000000080100000, 0x0000000080100000|100%| O|  |TAMS 0x0000000080100000, 0x0000000080000000| Untracked 
|   1|0x0000000080100000, 0x0000000080200000, 0x0000000080200000|100%| O|  |TAMS 0x0000000080200000, 0x0000000080100000| Untracked 
|   2|0x0000000080200000, 0x0000000080300000, 0x0000000080300000|100%| O|  |TAMS 0x0000000080300000, 0x0000000080200000| Untracked 
|   3|0x0000000080300000, 0x0000000080400000, 0x0000000080400000|100%|HS|  |TAMS 0x0000000080400000, 0x0000000080300000| Complete 
|   4|0x0000000080400000, 0x0000000080500000, 0x0000000080500000|100%|HC|  |TAMS 0x0000000080500000, 0x0000000080400000| Complete 
|   5|0x0000000080500000, 0x0000000080600000, 0x0000000080600000|100%|HC|  |TAMS 0x0000000080600000, 0x0000000080500000| Complete 
|   6|0x0000000080600000, 0x0000000080700000, 0x0000000080700000|100%| O|  |TAMS 0x0000000080700000, 0x0000000080600000| Untracked 
|   7|0x0000000080700000, 0x0000000080800000, 0x0000000080800000|100%| O|  |TAMS 0x0000000080800000, 0x0000000080700000| Untracked 
|   8|0x0000000080800000, 0x0000000080900000, 0x0000000080900000|100%| O|  |TAMS 0x0000000080900000, 0x0000000080800000| Untracked 
|   9|0x0000000080900000, 0x0000000080a00000, 0x0000000080a00000|100%| O|  |TAMS 0x0000000080a00000, 0x0000000080900000| Untracked 
|  10|0x0000000080a00000, 0x0000000080b00000, 0x0000000080b00000|100%| O|  |TAMS 0x0000000080b00000, 0x0000000080a00000| Untracked 
|  11|0x0000000080b00000, 0x0000000080c00000, 0x0000000080c00000|100%| O|  |TAMS 0x0000000080c00000, 0x0000000080b00000| Untracked 
|  12|0x0000000080c00000, 0x0000000080d00000, 0x0000000080d00000|100%| O|  |TAMS 0x0000000080d00000, 0x0000000080c00000| Untracked 
|  13|0x0000000080d00000, 0x0000000080e00000, 0x0000000080e00000|100%| O|  |TAMS 0x0000000080e00000, 0x0000000080d00000| Untracked 
|  14|0x0000000080e00000, 0x0000000080f00000, 0x0000000080f00000|100%| O|  |TAMS 0x0000000080f00000, 0x0000000080e00000| Untracked 
|  15|0x0000000080f00000, 0x0000000080f62600, 0x0000000081000000| 38%| O|  |TAMS 0x0000000080f62600, 0x0000000080f00000| Untracked 
|  16|0x0000000081000000, 0x0000000081000000, 0x0000000081100000|  0%| F|  |TAMS 0x0000000081000000, 0x0000000081000000| Untracked 
|  17|0x0000000081100000, 0x0000000081100000, 0x0000000081200000|  0%| F|  |TAMS 0x0000000081100000, 0x0000000081100000| Untracked 
|  18|0x0000000081200000, 0x0000000081200000, 0x0000000081300000|  0%| F|  |TAMS 0x0000000081200000, 0x0000000081200000| Untracked 
|  19|0x0000000081300000, 0x0000000081300000, 0x0000000081400000|  0%| F|  |TAMS 0x0000000081300000, 0x0000000081300000| Untracked 
|  20|0x0000000081400000, 0x0000000081400000, 0x0000000081500000|  0%| F|  |TAMS 0x0000000081400000, 0x0000000081400000| Untracked 
|  21|0x0000000081500000, 0x0000000081500000, 0x0000000081600000|  0%| F|  |TAMS 0x0000000081500000, 0x0000000081500000| Untracked 
|  22|0x0000000081600000, 0x0000000081600000, 0x0000000081700000|  0%| F|  |TAMS 0x0000000081600000, 0x0000000081600000| Untracked 
|  23|0x0000000081700000, 0x0000000081700000, 0x0000000081800000|  0%| F|  |TAMS 0x0000000081700000, 0x0000000081700000| Untracked 
|  24|0x0000000081800000, 0x0000000081800000, 0x0000000081900000|  0%| F|  |TAMS 0x0000000081800000, 0x0000000081800000| Untracked 
|  25|0x0000000081900000, 0x0000000081900000, 0x0000000081a00000|  0%| F|  |TAMS 0x0000000081900000, 0x0000000081900000| Untracked 
|  26|0x0000000081a00000, 0x0000000081a00000, 0x0000000081b00000|  0%| F|  |TAMS 0x0000000081a00000, 0x0000000081a00000| Untracked 
|  27|0x0000000081b00000, 0x0000000081b00000, 0x0000000081c00000|  0%| F|  |TAMS 0x0000000081b00000, 0x0000000081b00000| Untracked 
|  28|0x0000000081c00000, 0x0000000081c00000, 0x0000000081d00000|  0%| F|  |TAMS 0x0000000081c00000, 0x0000000081c00000| Untracked 
|  29|0x0000000081d00000, 0x0000000081d00000, 0x0000000081e00000|  0%| F|  |TAMS 0x0000000081d00000, 0x0000000081d00000| Untracked 
|  30|0x0000000081e00000, 0x0000000081e00000, 0x0000000081f00000|  0%| F|  |TAMS 0x0000000081e00000, 0x0000000081e00000| Untracked 
|  31|0x0000000081f00000, 0x0000000081f00000, 0x0000000082000000|  0%| F|  |TAMS 0x0000000081f00000, 0x0000000081f00000| Untracked 
|  32|0x0000000082000000, 0x0000000082000000, 0x0000000082100000|  0%| F|  |TAMS 0x0000000082000000, 0x0000000082000000| Untracked 
|  33|0x0000000082100000, 0x0000000082100000, 0x0000000082200000|  0%| F|  |TAMS 0x0000000082100000, 0x0000000082100000| Untracked 
|  34|0x0000000082200000, 0x0000000082200000, 0x0000000082300000|  0%| F|  |TAMS 0x0000000082200000, 0x0000000082200000| Untracked 
|  35|0x0000000082300000, 0x0000000082300000, 0x0000000082400000|  0%| F|  |TAMS 0x0000000082300000, 0x0000000082300000| Untracked 
|  36|0x0000000082400000, 0x0000000082400000, 0x0000000082500000|  0%| F|  |TAMS 0x0000000082400000, 0x0000000082400000| Untracked 
|  37|0x0000000082500000, 0x0000000082500000, 0x0000000082600000|  0%| F|  |TAMS 0x0000000082500000, 0x0000000082500000| Untracked 
|  38|0x0000000082600000, 0x0000000082600000, 0x0000000082700000|  0%| F|  |TAMS 0x0000000082600000, 0x0000000082600000| Untracked 
|  39|0x0000000082700000, 0x0000000082700000, 0x0000000082800000|  0%| F|  |TAMS 0x0000000082700000, 0x0000000082700000| Untracked 
|  40|0x0000000082800000, 0x0000000082800000, 0x0000000082900000|  0%| F|  |TAMS 0x0000000082800000, 0x0000000082800000| Untracked 
|  41|0x0000000082900000, 0x0000000082900000, 0x0000000082a00000|  0%| F|  |TAMS 0x0000000082900000, 0x0000000082900000| Untracked 
|  42|0x0000000082a00000, 0x0000000082a00000, 0x0000000082b00000|  0%| F|  |TAMS 0x0000000082a00000, 0x0000000082a00000| Untracked 
|  43|0x0000000082b00000, 0x0000000082b00000, 0x0000000082c00000|  0%| F|  |TAMS 0x0000000082b00000, 0x0000000082b00000| Untracked 
|  44|0x0000000082c00000, 0x0000000082c00000, 0x0000000082d00000|  0%| F|  |TAMS 0x0000000082c00000, 0x0000000082c00000| Untracked 
|  45|0x0000000082d00000, 0x0000000082d00000, 0x0000000082e00000|  0%| F|  |TAMS 0x0000000082d00000, 0x0000000082d00000| Untracked 
|  46|0x0000000082e00000, 0x0000000082e00000, 0x0000000082f00000|  0%| F|  |TAMS 0x0000000082e00000, 0x0000000082e00000| Untracked 
|  47|0x0000000082f00000, 0x0000000082f00000, 0x0000000083000000|  0%| F|  |TAMS 0x0000000082f00000, 0x0000000082f00000| Untracked 
|  48|0x0000000083000000, 0x0000000083000000, 0x0000000083100000|  0%| F|  |TAMS 0x0000000083000000, 0x0000000083000000| Untracked 
|  49|0x0000000083100000, 0x0000000083100000, 0x0000000083200000|  0%| F|  |TAMS 0x0000000083100000, 0x0000000083100000| Untracked 
|  50|0x0000000083200000, 0x0000000083200000, 0x0000000083300000|  0%| F|  |TAMS 0x0000000083200000, 0x0000000083200000| Untracked 
|  51|0x0000000083300000, 0x0000000083300000, 0x0000000083400000|  0%| F|  |TAMS 0x0000000083300000, 0x0000000083300000| Untracked 
|  52|0x0000000083400000, 0x0000000083400000, 0x0000000083500000|  0%| F|  |TAMS 0x0000000083400000, 0x0000000083400000| Untracked 
|  53|0x0000000083500000, 0x0000000083500000, 0x0000000083600000|  0%| F|  |TAMS 0x0000000083500000, 0x0000000083500000| Untracked 
|  54|0x0000000083600000, 0x0000000083600000, 0x0000000083700000|  0%| F|  |TAMS 0x0000000083600000, 0x0000000083600000| Untracked 
|  55|0x0000000083700000, 0x0000000083700000, 0x0000000083800000|  0%| F|  |TAMS 0x0000000083700000, 0x0000000083700000| Untracked 
|  56|0x0000000083800000, 0x0000000083800000, 0x0000000083900000|  0%| F|  |TAMS 0x0000000083800000, 0x0000000083800000| Untracked 
|  57|0x0000000083900000, 0x0000000083900000, 0x0000000083a00000|  0%| F|  |TAMS 0x0000000083900000, 0x0000000083900000| Untracked 
|  58|0x0000000083a00000, 0x0000000083a00000, 0x0000000083b00000|  0%| F|  |TAMS 0x0000000083a00000, 0x0000000083a00000| Untracked 
|  59|0x0000000083b00000, 0x0000000083b00000, 0x0000000083c00000|  0%| F|  |TAMS 0x0000000083b00000, 0x0000000083b00000| Untracked 
|  60|0x0000000083c00000, 0x0000000083c00000, 0x0000000083d00000|  0%| F|  |TAMS 0x0000000083c00000, 0x0000000083c00000| Untracked 
|  61|0x0000000083d00000, 0x0000000083d00000, 0x0000000083e00000|  0%| F|  |TAMS 0x0000000083d00000, 0x0000000083d00000| Untracked 
|  62|0x0000000083e00000, 0x0000000083e00000, 0x0000000083f00000|  0%| F|  |TAMS 0x0000000083e00000, 0x0000000083e00000| Untracked 
|  63|0x0000000083f00000, 0x0000000083f00000, 0x0000000084000000|  0%| F|  |TAMS 0x0000000083f00000, 0x0000000083f00000| Untracked 
|  64|0x0000000084000000, 0x0000000084000000, 0x0000000084100000|  0%| F|  |TAMS 0x0000000084000000, 0x0000000084000000| Untracked 
|  65|0x0000000084100000, 0x0000000084100000, 0x0000000084200000|  0%| F|  |TAMS 0x0000000084100000, 0x0000000084100000| Untracked 
|  66|0x0000000084200000, 0x0000000084200000, 0x0000000084300000|  0%| F|  |TAMS 0x0000000084200000, 0x0000000084200000| Untracked 
|  67|0x0000000084300000, 0x0000000084300000, 0x0000000084400000|  0%| F|  |TAMS 0x0000000084300000, 0x0000000084300000| Untracked 
|  68|0x0000000084400000, 0x0000000084400000, 0x0000000084500000|  0%| F|  |TAMS 0x0000000084400000, 0x0000000084400000| Untracked 
|  69|0x0000000084500000, 0x0000000084500000, 0x0000000084600000|  0%| F|  |TAMS 0x0000000084500000, 0x0000000084500000| Untracked 
|  70|0x0000000084600000, 0x0000000084600000, 0x0000000084700000|  0%| F|  |TAMS 0x0000000084600000, 0x0000000084600000| Untracked 
|  71|0x0000000084700000, 0x0000000084700000, 0x0000000084800000|  0%| F|  |TAMS 0x0000000084700000, 0x0000000084700000| Untracked 
|  72|0x0000000084800000, 0x000000008488d310, 0x0000000084900000| 55%| S|CS|TAMS 0x0000000084800000, 0x0000000084800000| Complete 
|  73|0x0000000084900000, 0x0000000084a00000, 0x0000000084a00000|100%| S|CS|TAMS 0x0000000084900000, 0x0000000084900000| Complete 
|  74|0x0000000084a00000, 0x0000000084b00000, 0x0000000084b00000|100%| S|CS|TAMS 0x0000000084a00000, 0x0000000084a00000| Complete 
|  75|0x0000000084b00000, 0x0000000084b00000, 0x0000000084c00000|  0%| F|  |TAMS 0x0000000084b00000, 0x0000000084b00000| Untracked 
|  76|0x0000000084c00000, 0x0000000084c00000, 0x0000000084d00000|  0%| F|  |TAMS 0x0000000084c00000, 0x0000000084c00000| Untracked 
|  77|0x0000000084d00000, 0x0000000084d00000, 0x0000000084e00000|  0%| F|  |TAMS 0x0000000084d00000, 0x0000000084d00000| Untracked 
|  78|0x0000000084e00000, 0x0000000084f00000, 0x0000000084f00000|100%| E|  |TAMS 0x0000000084e00000, 0x0000000084e00000| Complete 
|  79|0x0000000084f00000, 0x0000000085000000, 0x0000000085000000|100%| E|CS|TAMS 0x0000000084f00000, 0x0000000084f00000| Complete 
|  80|0x0000000085000000, 0x0000000085100000, 0x0000000085100000|100%| E|CS|TAMS 0x0000000085000000, 0x0000000085000000| Complete 
|  81|0x0000000085100000, 0x0000000085200000, 0x0000000085200000|100%| E|CS|TAMS 0x0000000085100000, 0x0000000085100000| Complete 
|  82|0x0000000085200000, 0x0000000085300000, 0x0000000085300000|100%| E|CS|TAMS 0x0000000085200000, 0x0000000085200000| Complete 
|  83|0x0000000085300000, 0x0000000085400000, 0x0000000085400000|100%| E|CS|TAMS 0x0000000085300000, 0x0000000085300000| Complete 
|  84|0x0000000085400000, 0x0000000085500000, 0x0000000085500000|100%| E|CS|TAMS 0x0000000085400000, 0x0000000085400000| Complete 
|  85|0x0000000085500000, 0x0000000085600000, 0x0000000085600000|100%| E|CS|TAMS 0x0000000085500000, 0x0000000085500000| Complete 
|  86|0x0000000085600000, 0x0000000085700000, 0x0000000085700000|100%| E|CS|TAMS 0x0000000085600000, 0x0000000085600000| Complete 
|  87|0x0000000085700000, 0x0000000085800000, 0x0000000085800000|100%| E|CS|TAMS 0x0000000085700000, 0x0000000085700000| Complete 
|  88|0x0000000085800000, 0x0000000085900000, 0x0000000085900000|100%| E|CS|TAMS 0x0000000085800000, 0x0000000085800000| Complete 
|  89|0x0000000085900000, 0x0000000085a00000, 0x0000000085a00000|100%| E|CS|TAMS 0x0000000085900000, 0x0000000085900000| Complete 
|  90|0x0000000085a00000, 0x0000000085b00000, 0x0000000085b00000|100%| E|CS|TAMS 0x0000000085a00000, 0x0000000085a00000| Complete 
|  91|0x0000000085b00000, 0x0000000085c00000, 0x0000000085c00000|100%| E|CS|TAMS 0x0000000085b00000, 0x0000000085b00000| Complete 
|  92|0x0000000085c00000, 0x0000000085d00000, 0x0000000085d00000|100%| E|CS|TAMS 0x0000000085c00000, 0x0000000085c00000| Complete 
|  93|0x0000000085d00000, 0x0000000085e00000, 0x0000000085e00000|100%| E|CS|TAMS 0x0000000085d00000, 0x0000000085d00000| Complete 
|  94|0x0000000085e00000, 0x0000000085f00000, 0x0000000085f00000|100%| E|CS|TAMS 0x0000000085e00000, 0x0000000085e00000| Complete 
|  95|0x0000000085f00000, 0x0000000086000000, 0x0000000086000000|100%| E|CS|TAMS 0x0000000085f00000, 0x0000000085f00000| Complete 
|  96|0x0000000086000000, 0x0000000086100000, 0x0000000086100000|100%| E|CS|TAMS 0x0000000086000000, 0x0000000086000000| Complete 
|  97|0x0000000086100000, 0x0000000086200000, 0x0000000086200000|100%| E|CS|TAMS 0x0000000086100000, 0x0000000086100000| Complete 
|  98|0x0000000086200000, 0x0000000086300000, 0x0000000086300000|100%| E|CS|TAMS 0x0000000086200000, 0x0000000086200000| Complete 
|  99|0x0000000086300000, 0x0000000086400000, 0x0000000086400000|100%| E|CS|TAMS 0x0000000086300000, 0x0000000086300000| Complete 
| 100|0x0000000086400000, 0x0000000086500000, 0x0000000086500000|100%| E|CS|TAMS 0x0000000086400000, 0x0000000086400000| Complete 
| 101|0x0000000086500000, 0x0000000086600000, 0x0000000086600000|100%| E|CS|TAMS 0x0000000086500000, 0x0000000086500000| Complete 
| 102|0x0000000086600000, 0x0000000086700000, 0x0000000086700000|100%| E|CS|TAMS 0x0000000086600000, 0x0000000086600000| Complete 
| 103|0x0000000086700000, 0x0000000086800000, 0x0000000086800000|100%| E|CS|TAMS 0x0000000086700000, 0x0000000086700000| Complete 
| 104|0x0000000086800000, 0x0000000086900000, 0x0000000086900000|100%| E|CS|TAMS 0x0000000086800000, 0x0000000086800000| Complete 
| 105|0x0000000086900000, 0x0000000086a00000, 0x0000000086a00000|100%| E|CS|TAMS 0x0000000086900000, 0x0000000086900000| Complete 
| 106|0x0000000086a00000, 0x0000000086b00000, 0x0000000086b00000|100%| E|CS|TAMS 0x0000000086a00000, 0x0000000086a00000| Complete 
| 107|0x0000000086b00000, 0x0000000086c00000, 0x0000000086c00000|100%| E|CS|TAMS 0x0000000086b00000, 0x0000000086b00000| Complete 
| 108|0x0000000086c00000, 0x0000000086d00000, 0x0000000086d00000|100%| E|CS|TAMS 0x0000000086c00000, 0x0000000086c00000| Complete 
| 109|0x0000000086d00000, 0x0000000086e00000, 0x0000000086e00000|100%| E|CS|TAMS 0x0000000086d00000, 0x0000000086d00000| Complete 
| 110|0x0000000086e00000, 0x0000000086f00000, 0x0000000086f00000|100%| E|CS|TAMS 0x0000000086e00000, 0x0000000086e00000| Complete 
| 111|0x0000000086f00000, 0x0000000087000000, 0x0000000087000000|100%| E|CS|TAMS 0x0000000086f00000, 0x0000000086f00000| Complete 
| 112|0x0000000087000000, 0x0000000087100000, 0x0000000087100000|100%| E|CS|TAMS 0x0000000087000000, 0x0000000087000000| Complete 
| 113|0x0000000087100000, 0x0000000087200000, 0x0000000087200000|100%| E|CS|TAMS 0x0000000087100000, 0x0000000087100000| Complete 
| 114|0x0000000087200000, 0x0000000087300000, 0x0000000087300000|100%| E|CS|TAMS 0x0000000087200000, 0x0000000087200000| Complete 
| 115|0x0000000087300000, 0x0000000087400000, 0x0000000087400000|100%| E|CS|TAMS 0x0000000087300000, 0x0000000087300000| Complete 
| 116|0x0000000087400000, 0x0000000087500000, 0x0000000087500000|100%| E|CS|TAMS 0x0000000087400000, 0x0000000087400000| Complete 
| 117|0x0000000087500000, 0x0000000087600000, 0x0000000087600000|100%| E|CS|TAMS 0x0000000087500000, 0x0000000087500000| Complete 
| 118|0x0000000087600000, 0x0000000087700000, 0x0000000087700000|100%| E|CS|TAMS 0x0000000087600000, 0x0000000087600000| Complete 
| 119|0x0000000087700000, 0x0000000087800000, 0x0000000087800000|100%| E|CS|TAMS 0x0000000087700000, 0x0000000087700000| Complete 
| 120|0x0000000087800000, 0x0000000087900000, 0x0000000087900000|100%| E|CS|TAMS 0x0000000087800000, 0x0000000087800000| Complete 
| 121|0x0000000087900000, 0x0000000087a00000, 0x0000000087a00000|100%| E|CS|TAMS 0x0000000087900000, 0x0000000087900000| Complete 
| 122|0x0000000087a00000, 0x0000000087b00000, 0x0000000087b00000|100%| E|CS|TAMS 0x0000000087a00000, 0x0000000087a00000| Complete 
| 123|0x0000000087b00000, 0x0000000087c00000, 0x0000000087c00000|100%| E|CS|TAMS 0x0000000087b00000, 0x0000000087b00000| Complete 
| 124|0x0000000087c00000, 0x0000000087d00000, 0x0000000087d00000|100%| E|CS|TAMS 0x0000000087c00000, 0x0000000087c00000| Complete 
| 125|0x0000000087d00000, 0x0000000087e00000, 0x0000000087e00000|100%| E|CS|TAMS 0x0000000087d00000, 0x0000000087d00000| Complete 
| 126|0x0000000087e00000, 0x0000000087f00000, 0x0000000087f00000|100%| E|CS|TAMS 0x0000000087e00000, 0x0000000087e00000| Complete 
| 127|0x0000000087f00000, 0x0000000088000000, 0x0000000088000000|100%| E|CS|TAMS 0x0000000087f00000, 0x0000000087f00000| Complete 

Card table byte_map: [0x00000214ceea0000,0x00000214cf2a0000] _byte_map_base: 0x00000214ceaa0000

Marking Bits (Prev, Next): (CMBitMap*) 0x00000214b9ed1cd0, (CMBitMap*) 0x00000214b9ed1c98
 Prev Bits: [0x00000214d16a0000, 0x00000214d36a0000)
 Next Bits: [0x00000214cf6a0000, 0x00000214d16a0000)

Polling page: 0x00000214b9f70000

Metaspace:

Usage:
  Non-class:     28.32 MB capacity,    27.81 MB ( 98%) used,   451.08 KB (  2%) free+waste,    68.44 KB ( <1%) overhead. 
      Class:      4.44 MB capacity,     4.14 MB ( 93%) used,   269.85 KB (  6%) free+waste,    33.81 KB ( <1%) overhead. 
       Both:     32.76 MB capacity,    31.95 MB ( 98%) used,   720.93 KB (  2%) free+waste,   102.25 KB ( <1%) overhead. 

Virtual space:
  Non-class space:       30.00 MB reserved,      28.50 MB ( 95%) committed 
      Class space:        1.00 GB reserved,       4.50 MB ( <1%) committed 
             Both:        1.03 GB reserved,      33.00 MB (  3%) committed 

Chunk freelists:
   Non-Class:  55.00 KB
       Class:  0 bytes
        Both:  55.00 KB

MaxMetaspaceSize: 17179869184.00 GB
CompressedClassSpaceSize: 1.00 GB

CodeHeap 'non-profiled nmethods': size=120000Kb used=1368Kb max_used=1368Kb free=118632Kb
 bounds [0x00000214c6af0000, 0x00000214c6d60000, 0x00000214ce020000]
CodeHeap 'profiled nmethods': size=120000Kb used=5296Kb max_used=5296Kb free=114703Kb
 bounds [0x00000214bf5c0000, 0x00000214bfaf0000, 0x00000214c6af0000]
CodeHeap 'non-nmethods': size=5760Kb used=1167Kb max_used=1212Kb free=4593Kb
 bounds [0x00000214bf020000, 0x00000214bf290000, 0x00000214bf5c0000]
 total_blobs=3070 nmethods=2558 adapters=423
 compilation: enabled
              stopped_count=0, restarted_count=0
 full_count=0

Compilation events (20 events):
Event: 6.191 Thread 0x00000214d6a29800 2718       3       java.lang.invoke.MethodType::changeReturnType (20 bytes)
Event: 6.191 Thread 0x00000214d6a29800 nmethod 2718 0x00000214bfad7810 code [0x00000214bfad79c0, 0x00000214bfad7b68]
Event: 6.191 Thread 0x00000214d6a29800 2719       3       jdk.internal.org.objectweb.asm.ClassWriter::visitEnd (1 bytes)
Event: 6.191 Thread 0x00000214d6a29800 nmethod 2719 0x00000214bfad7c10 code [0x00000214bfad7dc0, 0x00000214bfad7eb8]
Event: 6.192 Thread 0x00000214d6a29800 2720       3       java.lang.ReflectiveOperationException::<init> (6 bytes)
Event: 6.192 Thread 0x00000214d6a29800 nmethod 2720 0x00000214bfad7f90 code [0x00000214bfad8160, 0x00000214bfad82e8]
Event: 6.192 Thread 0x00000214d6a29800 2722       3       java.lang.ClassValue$Entry::isPromise (14 bytes)
Event: 6.192 Thread 0x00000214d6a29800 nmethod 2722 0x00000214bfad8390 code [0x00000214bfad8540, 0x00000214bfad8698]
Event: 6.192 Thread 0x00000214d6a29800 2721       1       java.lang.ClassValue$Version::promise (5 bytes)
Event: 6.192 Thread 0x00000214d6a29800 nmethod 2721 0x00000214c6c44e10 code [0x00000214c6c44fc0, 0x00000214c6c45078]
Event: 6.193 Thread 0x00000214d6a29800 2724       3       org.codehaus.groovy.util.ManagedReference::<init> (40 bytes)
Event: 6.194 Thread 0x00000214d6a29800 nmethod 2724 0x00000214bfad8710 code [0x00000214bfad8900, 0x00000214bfad8d98]
Event: 6.194 Thread 0x00000214d6a29800 2723       3       org.codehaus.groovy.util.ManagedReference::<init> (14 bytes)
Event: 6.194 Thread 0x00000214d6a29800 nmethod 2723 0x00000214bfad8f10 code [0x00000214bfad90c0, 0x00000214bfad9228]
Event: 6.194 Thread 0x00000214d6a29800 2725       3       org.codehaus.groovy.util.LockableObject::tryRelease (45 bytes)
Event: 6.194 Thread 0x00000214d6a29800 nmethod 2725 0x00000214bfad9310 code [0x00000214bfad94e0, 0x00000214bfad97a8]
Event: 6.194 Thread 0x00000214d6a29800 2726       1       org.codehaus.groovy.util.ManagedConcurrentLinkedQueue::access$000 (5 bytes)
Event: 6.194 Thread 0x00000214d6a29800 nmethod 2726 0x00000214c6c45110 code [0x00000214c6c452c0, 0x00000214c6c45358]
Event: 6.194 Thread 0x00000214d6a29800 2727       1       org.codehaus.groovy.reflection.ClassInfo::access$200 (5 bytes)
Event: 6.194 Thread 0x00000214d6a29800 nmethod 2727 0x00000214c6c45410 code [0x00000214c6c455c0, 0x00000214c6c45658]

GC Heap History (10 events):
Event: 1.216 GC heap before
{Heap before GC invocations=0 (full 0):
 garbage-first heap   total 131072K, used 29696K [0x0000000080000000, 0x0000000100000000)
  region size 1024K, 24 young (24576K), 0 survivors (0K)
 Metaspace       used 10173K, capacity 10379K, committed 10624K, reserved 1058816K
  class space    used 1064K, capacity 1141K, committed 1152K, reserved 1048576K
}
Event: 1.225 GC heap after
{Heap after GC invocations=1 (full 0):
 garbage-first heap   total 131072K, used 9205K [0x0000000080000000, 0x0000000100000000)
  region size 1024K, 3 young (3072K), 3 survivors (3072K)
 Metaspace       used 10173K, capacity 10379K, committed 10624K, reserved 1058816K
  class space    used 1064K, capacity 1141K, committed 1152K, reserved 1048576K
}
Event: 1.736 GC heap before
{Heap before GC invocations=1 (full 0):
 garbage-first heap   total 131072K, used 30709K [0x0000000080000000, 0x0000000100000000)
  region size 1024K, 24 young (24576K), 3 survivors (3072K)
 Metaspace       used 11131K, capacity 11396K, committed 11520K, reserved 1058816K
  class space    used 1166K, capacity 1245K, committed 1280K, reserved 1048576K
}
Event: 1.740 GC heap after
{Heap after GC invocations=2 (full 0):
 garbage-first heap   total 131072K, used 9687K [0x0000000080000000, 0x0000000100000000)
  region size 1024K, 1 young (1024K), 1 survivors (1024K)
 Metaspace       used 11131K, capacity 11396K, committed 11520K, reserved 1058816K
  class space    used 1166K, capacity 1245K, committed 1280K, reserved 1048576K
}
Event: 4.207 GC heap before
{Heap before GC invocations=2 (full 0):
 garbage-first heap   total 131072K, used 61911K [0x0000000080000000, 0x0000000100000000)
  region size 1024K, 52 young (53248K), 1 survivors (1024K)
 Metaspace       used 17689K, capacity 18108K, committed 18176K, reserved 1064960K
  class space    used 2081K, capacity 2238K, committed 2304K, reserved 1048576K
}
Event: 4.212 GC heap after
{Heap after GC invocations=3 (full 0):
 garbage-first heap   total 131072K, used 16020K [0x0000000080000000, 0x0000000100000000)
  region size 1024K, 7 young (7168K), 7 survivors (7168K)
 Metaspace       used 17689K, capacity 18108K, committed 18176K, reserved 1064960K
  class space    used 2081K, capacity 2238K, committed 2304K, reserved 1048576K
}
Event: 4.607 GC heap before
{Heap before GC invocations=3 (full 0):
 garbage-first heap   total 131072K, used 40596K [0x0000000080000000, 0x0000000100000000)
  region size 1024K, 32 young (32768K), 7 survivors (7168K)
 Metaspace       used 20662K, capacity 21140K, committed 21248K, reserved 1067008K
  class space    used 2523K, capacity 2722K, committed 2816K, reserved 1048576K
}
Event: 4.622 GC heap after
{Heap after GC invocations=4 (full 0):
 garbage-first heap   total 131072K, used 16655K [0x0000000080000000, 0x0000000100000000)
  region size 1024K, 1 young (1024K), 1 survivors (1024K)
 Metaspace       used 20662K, capacity 21140K, committed 21248K, reserved 1067008K
  class space    used 2523K, capacity 2722K, committed 2816K, reserved 1048576K
}
Event: 5.246 GC heap before
{Heap before GC invocations=5 (full 0):
 garbage-first heap   total 131072K, used 68879K [0x0000000080000000, 0x0000000100000000)
  region size 1024K, 53 young (54272K), 1 survivors (1024K)
 Metaspace       used 25930K, capacity 26571K, committed 26752K, reserved 1073152K
  class space    used 3389K, capacity 3601K, committed 3712K, reserved 1048576K
}
Event: 5.250 GC heap after
{Heap after GC invocations=6 (full 0):
 garbage-first heap   total 131072K, used 18366K [0x0000000080000000, 0x0000000100000000)
  region size 1024K, 3 young (3072K), 3 survivors (3072K)
 Metaspace       used 25930K, capacity 26571K, committed 26752K, reserved 1073152K
  class space    used 3389K, capacity 3601K, committed 3712K, reserved 1048576K
}

Deoptimization events (20 events):
Event: 5.207 Thread 0x00000214d81ec000 DEOPT PACKING pc=0x00000214c6b8e28c sp=0x00000094116fae20
Event: 5.207 Thread 0x00000214d81ec000 DEOPT UNPACKING pc=0x00000214bf0474af sp=0x00000094116fae08 mode 2
Event: 5.467 Thread 0x00000214d81ec000 Uncommon trap: trap_request=0xffffff4d fr.pc=0x00000214c6c0084c relative=0x000000000000020c
Event: 5.467 Thread 0x00000214d81ec000 Uncommon trap: reason=unstable_if action=reinterpret pc=0x00000214c6c0084c method=java.util.HashMap.hash(Ljava/lang/Object;)I @ 1 c2
Event: 5.467 Thread 0x00000214d81ec000 DEOPT PACKING pc=0x00000214c6c0084c sp=0x00000094116f9070
Event: 5.467 Thread 0x00000214d81ec000 DEOPT UNPACKING pc=0x00000214bf0474af sp=0x00000094116f8fa8 mode 2
Event: 5.468 Thread 0x00000214d81ec000 Uncommon trap: trap_request=0xffffff4d fr.pc=0x00000214c6be9f2c relative=0x000000000000008c
Event: 5.468 Thread 0x00000214d81ec000 Uncommon trap: reason=unstable_if action=reinterpret pc=0x00000214c6be9f2c method=java.util.HashMap.hash(Ljava/lang/Object;)I @ 1 c2
Event: 5.468 Thread 0x00000214d81ec000 DEOPT PACKING pc=0x00000214c6be9f2c sp=0x00000094116f8df0
Event: 5.468 Thread 0x00000214d81ec000 DEOPT UNPACKING pc=0x00000214bf0474af sp=0x00000094116f8d88 mode 2
Event: 5.937 Thread 0x00000214d81ec000 Uncommon trap: trap_request=0xffffff4d fr.pc=0x00000214c6c23604 relative=0x00000000000001a4
Event: 5.937 Thread 0x00000214d81ec000 Uncommon trap: reason=unstable_if action=reinterpret pc=0x00000214c6c23604 method=java.util.regex.Pattern$BmpCharProperty.match(Ljava/util/regex/Matcher;ILjava/lang/CharSequence;)Z @ 39 c2
Event: 5.937 Thread 0x00000214d81ec000 DEOPT PACKING pc=0x00000214c6c23604 sp=0x00000094116f9a00
Event: 5.937 Thread 0x00000214d81ec000 DEOPT UNPACKING pc=0x00000214bf0474af sp=0x00000094116f99b0 mode 2
Event: 5.980 Thread 0x00000214d81ec000 Uncommon trap: trap_request=0xffffff4d fr.pc=0x00000214c6beab98 relative=0x0000000000000398
Event: 5.980 Thread 0x00000214d81ec000 Uncommon trap: reason=unstable_if action=reinterpret pc=0x00000214c6beab98 method=java.util.HashMap.putVal(ILjava/lang/Object;Ljava/lang/Object;ZZ)Ljava/lang/Object; @ 162 c2
Event: 5.980 Thread 0x00000214d81ec000 DEOPT PACKING pc=0x00000214c6beab98 sp=0x00000094116faab0
Event: 5.980 Thread 0x00000214d81ec000 DEOPT UNPACKING pc=0x00000214bf0474af sp=0x00000094116fa9c0 mode 2
Event: 6.105 Thread 0x00000214d81ec000 DEOPT PACKING pc=0x00000214bf950179 sp=0x00000094116f2bb0
Event: 6.105 Thread 0x00000214d81ec000 DEOPT UNPACKING pc=0x00000214bf0472ce sp=0x00000094116f20f8 mode 0

Classes redefined (0 events):
No events

Internal exceptions (20 events):
Event: 4.923 Thread 0x00000214d81ec000 Exception <a 'java/lang/NoSuchMethodError'{0x00000000865688b8}: 'void java.lang.invoke.DirectMethodHandle$Holder.invokeSpecial(java.lang.Object, java.lang.Object, java.lang.Object, java.lang.Object, java.lang.Object, java.lang.Object, java.lang.Object)'> (0x00000000865688b8) thrown at [./src/hotspot/share/interpreter/linkResolver.cpp, line 773]
Event: 4.924 Thread 0x00000214d81ec000 Exception <a 'java/lang/NoSuchMethodError'{0x0000000086570b00}: 'java.lang.Object java.lang.invoke.Invokers$Holder.linkToTargetMethod(java.lang.Object, java.lang.Object, java.lang.Object, java.lang.Object, java.lang.Object, java.lang.Object)'> (0x0000000086570b00) thrown at [./src/hotspot/share/interpreter/linkResolver.cpp, line 773]
Event: 5.085 Thread 0x00000214d81ec000 Exception <a 'java/lang/NoSuchMethodError'{0x00000000858b9698}: 'void java.lang.invoke.DirectMethodHandle$Holder.invokeStaticInit(java.lang.Object, java.lang.Object)'> (0x00000000858b9698) thrown at [./src/hotspot/share/interpreter/linkResolver.cpp, line 773]
Event: 5.175 Thread 0x00000214d81ec000 Exception <a 'java/lang/NoSuchMethodError'{0x00000000851732a0}: 'void java.lang.invoke.DirectMethodHandle$Holder.invokeStatic(java.lang.Object, java.lang.Object, java.lang.Object, java.lang.Object)'> (0x00000000851732a0) thrown at [./src/hotspot/share/interpreter/linkResolver.cpp, line 773]
Event: 5.178 Thread 0x00000214d81ec000 Exception <a 'java/lang/NoSuchMethodError'{0x0000000085186d10}: 'int java.lang.invoke.DirectMethodHandle$Holder.invokeInterface(java.lang.Object, java.lang.Object)'> (0x0000000085186d10) thrown at [./src/hotspot/share/interpreter/linkResolver.cpp, line 773]
Event: 5.302 Thread 0x00000214d81ec000 Exception <a 'java/lang/NoSuchMethodError'{0x0000000087a109e8}: 'java.lang.Object java.lang.invoke.DirectMethodHandle$Holder.invokeSpecialIFC(java.lang.Object, java.lang.Object, java.lang.Object, java.lang.Object)'> (0x0000000087a109e8) thrown at [./src/hotspot/share/interpreter/linkResolver.cpp, line 773]
Event: 5.309 Thread 0x00000214d81ec000 Exception <a 'java/lang/NoSuchMethodError'{0x0000000087af1e68}: 'java.lang.Object java.lang.invoke.DirectMethodHandle$Holder.invokeSpecial(java.lang.Object, java.lang.Object, java.lang.Object, java.lang.Object, java.lang.Object, java.lang.Object, java.lang.Object, java.lang.Object, java.lang.Object, java.lang.Object, java.lang.Object, java.lang.Object, java.lang.Object)'> (0x0000000087af1e68) thrown at [./src/hotspot/share/interpreter/linkResolver.cpp, line 773]
Event: 5.310 Thread 0x00000214d81ec000 Exception <a 'java/lang/NoSuchMethodError'{0x0000000087904318}: 'java.lang.Object java.lang.invoke.DirectMethodHandle$Holder.invokeSpecial(java.lang.Object, java.lang.Object, java.lang.Object, java.lang.Object, java.lang.Object, java.lang.Object, java.lang.Object, java.lang.Object, java.lang.Object, java.lang.Object, java.lang.Object, java.lang.Object)'> (0x0000000087904318) thrown at [./src/hotspot/share/interpreter/linkResolver.cpp, line 773]
Event: 5.311 Thread 0x00000214d81ec000 Exception <a 'java/lang/NoSuchMethodError'{0x0000000087909440}: 'java.lang.Object java.lang.invoke.Invokers$Holder.linkToTargetMethod(java.lang.Object, java.lang.Object, java.lang.Object, java.lang.Object, java.lang.Object, java.lang.Object, java.lang.Object, java.lang.Object, java.lang.Object, java.lang.Object, java.lang.Object)'> (0x0000000087909440) thrown at [./src/hotspot/share/interpreter/linkResolver.cpp, line 773]
Event: 5.320 Thread 0x00000214d81ec000 Exception <a 'java/lang/NoSuchMethodError'{0x0000000087854748}: 'java.lang.Object java.lang.invoke.DirectMethodHandle$Holder.invokeSpecial(java.lang.Object, java.lang.Object, java.lang.Object, java.lang.Object, java.lang.Object, java.lang.Object, java.lang.Object, java.lang.Object, java.lang.Object, java.lang.Object, java.lang.Object, java.lang.Object, java.lang.Object, java.lang.Object)'> (0x0000000087854748) thrown at [./src/hotspot/share/interpreter/linkResolver.cpp, line 773]
Event: 5.321 Thread 0x00000214d81ec000 Exception <a 'java/lang/NoSuchMethodError'{0x0000000087865d40}: 'java.lang.Object java.lang.invoke.Invokers$Holder.linkToTargetMethod(java.lang.Object, java.lang.Object, java.lang.Object, java.lang.Object, java.lang.Object, java.lang.Object, java.lang.Object, java.lang.Object, java.lang.Object, java.lang.Object, java.lang.Object, java.lang.Object)'> (0x0000000087865d40) thrown at [./src/hotspot/share/interpreter/linkResolver.cpp, line 773]
Event: 5.327 Thread 0x00000214d81ec000 Exception <a 'java/lang/NoSuchMethodError'{0x00000000878fafc8}: 'java.lang.Object java.lang.invoke.DirectMethodHandle$Holder.invokeStaticInit(java.lang.Object, java.lang.Object, java.lang.Object, java.lang.Object)'> (0x00000000878fafc8) thrown at [./src/hotspot/share/interpreter/linkResolver.cpp, line 773]
Event: 5.467 Thread 0x00000214d81ec000 Implicit null exception at 0x00000214c6c00675 to 0x00000214c6c0083c
Event: 5.468 Thread 0x00000214d81ec000 Implicit null exception at 0x00000214c6be9eaf to 0x00000214c6be9f1d
Event: 6.099 Thread 0x00000214d81ec000 Exception <a 'java/lang/NoSuchMethodError'{0x0000000085323ec8}: 'void java.lang.invoke.DirectMethodHandle$Holder.invokeStaticInit(java.lang.Object, java.lang.Object, java.lang.Object)'> (0x0000000085323ec8) thrown at [./src/hotspot/share/interpreter/linkResolver.cpp, line 773]
Event: 6.100 Thread 0x00000214d81ec000 Exception <a 'java/lang/NoSuchMethodError'{0x000000008532aca0}: 'void java.lang.invoke.DirectMethodHandle$Holder.invokeStaticInit(java.lang.Object, java.lang.Object, java.lang.Object, java.lang.Object)'> (0x000000008532aca0) thrown at [./src/hotspot/share/interpreter/linkResolver.cpp, line 773]
Event: 6.103 Thread 0x00000214d81ec000 Exception <a 'java/lang/NoSuchMethodError'{0x000000008534d028}: 'void java.lang.invoke.DirectMethodHandle$Holder.invokeStaticInit(java.lang.Object, java.lang.Object, java.lang.Object, java.lang.Object, java.lang.Object)'> (0x000000008534d028) thrown at [./src/hotspot/share/interpreter/linkResolver.cpp, line 773]
Event: 6.104 Thread 0x00000214d81ec000 Exception <a 'java/lang/NoSuchMethodError'{0x0000000085354738}: 'int java.lang.invoke.DirectMethodHandle$Holder.invokeStaticInit(java.lang.Object, java.lang.Object, java.lang.Object)'> (0x0000000085354738) thrown at [./src/hotspot/share/interpreter/linkResolver.cpp, line 773]
Event: 6.136 Thread 0x00000214d81ec000 Exception <a 'java/lang/NoSuchMethodError'{0x00000000853b2140}: 'int java.lang.invoke.DirectMethodHandle$Holder.invokeStaticInit(java.lang.Object, java.lang.Object, java.lang.Object, java.lang.Object)'> (0x00000000853b2140) thrown at [./src/hotspot/share/interpreter/linkResolver.cpp, line 773]
Event: 6.137 Thread 0x00000214d81ec000 Exception <a 'java/lang/IncompatibleClassChangeError'{0x00000000853bb6a0}: Found class java.lang.Object, but interface was expected> (0x00000000853bb6a0) thrown at [./src/hotspot/share/interpreter/linkResolver.cpp, line 839]

Events (20 events):
Event: 6.203 loading class java/time/temporal/Temporal done
Event: 6.203 loading class java/time/chrono/ChronoPeriod
Event: 6.203 loading class java/time/chrono/ChronoPeriod done
Event: 6.204 loading class java/time/ZonedDateTime
Event: 6.204 loading class java/time/chrono/ChronoZonedDateTime
Event: 6.204 loading class java/time/chrono/ChronoZonedDateTime done
Event: 6.205 loading class java/time/ZonedDateTime done
Event: 6.205 loading class java/time/LocalDate
Event: 6.205 loading class java/time/temporal/TemporalAdjuster
Event: 6.205 loading class java/time/temporal/TemporalAdjuster done
Event: 6.205 loading class java/time/chrono/ChronoLocalDate
Event: 6.206 loading class java/time/chrono/ChronoLocalDate done
Event: 6.206 loading class java/time/LocalDate done
Event: 6.206 loading class java/time/LocalDateTime
Event: 6.206 loading class java/time/chrono/ChronoLocalDateTime
Event: 6.206 loading class java/time/chrono/ChronoLocalDateTime done
Event: 6.207 loading class java/time/LocalDateTime done
Event: 6.207 loading class java/time/Year
Event: 6.207 loading class java/time/Year done
Event: 6.207 loading class java/time/YearMonth


Dynamic libraries:
0x00007ff74fa00000 - 0x00007ff74fa0a000 	C:\Users\Dark Knight\Desktop\Android Studio\jre\bin\java.exe
0x00007ffee3570000 - 0x00007ffee3765000 	C:\WINDOWS\SYSTEM32\ntdll.dll
0x00007ffee15f0000 - 0x00007ffee16ad000 	C:\WINDOWS\System32\KERNEL32.DLL
0x00007ffee12d0000 - 0x00007ffee1599000 	C:\WINDOWS\System32\KERNELBASE.dll
0x00007ffee0cd0000 - 0x00007ffee0dd0000 	C:\WINDOWS\System32\ucrtbase.dll
0x00007ffeda1a0000 - 0x00007ffeda1b9000 	C:\Users\Dark Knight\Desktop\Android Studio\jre\bin\jli.dll
0x00007ffeda180000 - 0x00007ffeda197000 	C:\Users\Dark Knight\Desktop\Android Studio\jre\bin\VCRUNTIME140.dll
0x00007ffee1f30000 - 0x00007ffee20d0000 	C:\WINDOWS\System32\USER32.dll
0x00007ffee0ca0000 - 0x00007ffee0cc2000 	C:\WINDOWS\System32\win32u.dll
0x00007ffee20d0000 - 0x00007ffee20fa000 	C:\WINDOWS\System32\GDI32.dll
0x00007ffecb000000 - 0x00007ffecb29a000 	C:\WINDOWS\WinSxS\amd64_microsoft.windows.common-controls_6595b64144ccf1df_6.0.19041.1110_none_60b5254171f9507e\COMCTL32.dll
0x00007ffee11c0000 - 0x00007ffee12cb000 	C:\WINDOWS\System32\gdi32full.dll
0x00007ffee32b0000 - 0x00007ffee334e000 	C:\WINDOWS\System32\msvcrt.dll
0x00007ffee0dd0000 - 0x00007ffee0e6d000 	C:\WINDOWS\System32\msvcp_win.dll
0x00007ffee23d0000 - 0x00007ffee2400000 	C:\WINDOWS\System32\IMM32.DLL
0x00007ffeaf940000 - 0x00007ffeaf9dd000 	C:\Users\Dark Knight\Desktop\Android Studio\jre\bin\msvcp140.dll
0x00007ffe93330000 - 0x00007ffe93dec000 	C:\Users\Dark Knight\Desktop\Android Studio\jre\bin\server\jvm.dll
0x00007ffee1780000 - 0x00007ffee182c000 	C:\WINDOWS\System32\ADVAPI32.dll
0x00007ffee1830000 - 0x00007ffee18cb000 	C:\WINDOWS\System32\sechost.dll
0x00007ffee3350000 - 0x00007ffee347a000 	C:\WINDOWS\System32\RPCRT4.dll
0x00007ffee2d90000 - 0x00007ffee2d98000 	C:\WINDOWS\System32\PSAPI.DLL
0x00007ffedc050000 - 0x00007ffedc059000 	C:\WINDOWS\SYSTEM32\WSOCK32.dll
0x00007ffed7fc0000 - 0x00007ffed7fca000 	C:\WINDOWS\SYSTEM32\VERSION.dll
0x00007ffecb2b0000 - 0x00007ffecb2d7000 	C:\WINDOWS\SYSTEM32\WINMM.dll
0x00007ffee2360000 - 0x00007ffee23cb000 	C:\WINDOWS\System32\WS2_32.dll
0x00007ffedf530000 - 0x00007ffedf542000 	C:\WINDOWS\SYSTEM32\kernel.appcore.dll
0x00007ffedbf70000 - 0x00007ffedbf81000 	C:\Users\Dark Knight\Desktop\Android Studio\jre\bin\verify.dll
0x00007ffedeab0000 - 0x00007ffedec94000 	C:\WINDOWS\SYSTEM32\DBGHELP.DLL
0x00007ffec9830000 - 0x00007ffec985c000 	C:\WINDOWS\SYSTEM32\dbgcore.DLL
0x00007ffee0f70000 - 0x00007ffee0ff3000 	C:\WINDOWS\System32\bcryptPrimitives.dll
0x00007ffed7c80000 - 0x00007ffed7ca9000 	C:\Users\Dark Knight\Desktop\Android Studio\jre\bin\java.dll
0x00007ffedc030000 - 0x00007ffedc03b000 	C:\Users\Dark Knight\Desktop\Android Studio\jre\bin\jimage.dll
0x00007ffeda130000 - 0x00007ffeda148000 	C:\Users\Dark Knight\Desktop\Android Studio\jre\bin\zip.dll
0x00007ffee25f0000 - 0x00007ffee2d2f000 	C:\WINDOWS\System32\SHELL32.dll
0x00007ffeded90000 - 0x00007ffedf520000 	C:\WINDOWS\SYSTEM32\windows.storage.dll
0x00007ffee2da0000 - 0x00007ffee30f5000 	C:\WINDOWS\System32\combase.dll
0x00007ffee0700000 - 0x00007ffee072c000 	C:\WINDOWS\SYSTEM32\Wldp.dll
0x00007ffee1e80000 - 0x00007ffee1f2e000 	C:\WINDOWS\System32\SHCORE.dll
0x00007ffee2400000 - 0x00007ffee2455000 	C:\WINDOWS\System32\shlwapi.dll
0x00007ffee0be0000 - 0x00007ffee0bff000 	C:\WINDOWS\SYSTEM32\profapi.dll
0x00007ffed8c00000 - 0x00007ffed8c1a000 	C:\Users\Dark Knight\Desktop\Android Studio\jre\bin\net.dll
0x00007ffed5b40000 - 0x00007ffed5c48000 	C:\WINDOWS\SYSTEM32\WINHTTP.dll
0x00007ffee0460000 - 0x00007ffee04ca000 	C:\WINDOWS\system32\mswsock.dll
0x00007ffed8ac0000 - 0x00007ffed8ad4000 	C:\Users\Dark Knight\Desktop\Android Studio\jre\bin\nio.dll
0x00007ffed7bc0000 - 0x00007ffed7be7000 	C:\Users\Dark Knight\.gradle\native\8bec1ad78214c89d9ad589b4d07fe93259594b29d510b10fafb7a158f7737e5d\windows-amd64\native-platform.dll
0x00007ffea0b70000 - 0x00007ffea0cad000 	C:\Users\Dark Knight\.gradle\native\53dbd7edfb1c66fb8903c78663c9afc45aea4f116125fa6feffd364cf09443e8\windows-amd64\native-platform-file-events.dll
0x00007ffed9ff0000 - 0x00007ffed9ffa000 	C:\Users\Dark Knight\Desktop\Android Studio\jre\bin\management.dll
0x00007ffed9cd0000 - 0x00007ffed9cdc000 	C:\Users\Dark Knight\Desktop\Android Studio\jre\bin\management_ext.dll
0x00007ffee0650000 - 0x00007ffee0668000 	C:\WINDOWS\SYSTEM32\CRYPTSP.dll
0x00007ffedfd70000 - 0x00007ffedfda4000 	C:\WINDOWS\system32\rsaenh.dll
0x00007ffee15a0000 - 0x00007ffee15c7000 	C:\WINDOWS\System32\bcrypt.dll
0x00007ffee0ba0000 - 0x00007ffee0bce000 	C:\WINDOWS\SYSTEM32\USERENV.dll
0x00007ffee0670000 - 0x00007ffee067c000 	C:\WINDOWS\SYSTEM32\CRYPTBASE.dll
0x00007ffee0100000 - 0x00007ffee013b000 	C:\WINDOWS\SYSTEM32\IPHLPAPI.DLL
0x00007ffee18d0000 - 0x00007ffee18d8000 	C:\WINDOWS\System32\NSI.dll
0x00007ffecfdf0000 - 0x00007ffecfe07000 	C:\WINDOWS\SYSTEM32\dhcpcsvc6.DLL
0x00007ffed0340000 - 0x00007ffed035d000 	C:\WINDOWS\SYSTEM32\dhcpcsvc.DLL
0x00007ffee0140000 - 0x00007ffee020c000 	C:\WINDOWS\SYSTEM32\DNSAPI.dll

dbghelp: loaded successfully - version: 4.0.5 - missing functions: none
symbol engine: initialized successfully - sym options: 0x614 - pdb path: .;C:\Users\Dark Knight\Desktop\Android Studio\jre\bin;C:\WINDOWS\SYSTEM32;C:\WINDOWS\WinSxS\amd64_microsoft.windows.common-controls_6595b64144ccf1df_6.0.19041.1110_none_60b5254171f9507e;C:\Users\Dark Knight\Desktop\Android Studio\jre\bin\server;C:\Users\Dark Knight\.gradle\native\8bec1ad78214c89d9ad589b4d07fe93259594b29d510b10fafb7a158f7737e5d\windows-amd64;C:\Users\Dark Knight\.gradle\native\53dbd7edfb1c66fb8903c78663c9afc45aea4f116125fa6feffd364cf09443e8\windows-amd64

VM Arguments:
jvm_args: --add-opens=java.base/java.util=ALL-UNNAMED --add-opens=java.base/java.lang=ALL-UNNAMED --add-opens=java.base/java.lang.invoke=ALL-UNNAMED --add-opens=java.base/java.util=ALL-UNNAMED --add-opens=java.prefs/java.util.prefs=ALL-UNNAMED --add-opens=java.prefs/java.util.prefs=ALL-UNNAMED --add-opens=java.base/java.nio.charset=ALL-UNNAMED --add-opens=java.base/java.net=ALL-UNNAMED --add-opens=java.base/java.util.concurrent.atomic=ALL-UNNAMED -Xmx2048m -Dfile.encoding=UTF-8 -Duser.country=IN -Duser.language=en -Duser.variant 
java_command: org.gradle.launcher.daemon.bootstrap.GradleDaemon 7.0.2
java_class_path (initial): C:\Users\Dark Knight\.gradle\wrapper\dists\gradle-7.0.2-bin\857tjihv64xamwrf0h14cai3r\gradle-7.0.2\lib\gradle-launcher-7.0.2.jar
Launcher Type: SUN_STANDARD

[Global flags]
     intx CICompilerCount                          = 4                                         {product} {ergonomic}
     uint ConcGCThreads                            = 2                                         {product} {ergonomic}
     uint G1ConcRefinementThreads                  = 8                                         {product} {ergonomic}
   size_t G1HeapRegionSize                         = 1048576                                   {product} {ergonomic}
    uintx GCDrainStackTargetSize                   = 64                                        {product} {ergonomic}
   size_t InitialHeapSize                          = 134217728                                 {product} {ergonomic}
   size_t MarkStackSize                            = 4194304                                   {product} {ergonomic}
   size_t MaxHeapSize                              = 2147483648                                {product} {command line}
   size_t MaxNewSize                               = 1287651328                                {product} {ergonomic}
   size_t MinHeapDeltaBytes                        = 1048576                                   {product} {ergonomic}
    uintx NonNMethodCodeHeapSize                   = 5836300                                {pd product} {ergonomic}
    uintx NonProfiledCodeHeapSize                  = 122910970                              {pd product} {ergonomic}
    uintx ProfiledCodeHeapSize                     = 122910970                              {pd product} {ergonomic}
    uintx ReservedCodeCacheSize                    = 251658240                              {pd product} {ergonomic}
     bool SegmentedCodeCache                       = true                                      {product} {ergonomic}
     bool UseCompressedClassPointers               = true                                 {lp64_product} {ergonomic}
     bool UseCompressedOops                        = true                                 {lp64_product} {ergonomic}
     bool UseG1GC                                  = true                                      {product} {ergonomic}
     bool UseLargePagesIndividualAllocation        = false                                  {pd product} {ergonomic}

Logging:
Log output configuration:
 #0: stdout all=warning uptime,level,tags
 #1: stderr all=off uptime,level,tags

Environment Variables:
PATH=C:\Windows\system32;C:\Windows;C:\Windows\System32\Wbem;C:\Windows\System32\WindowsPowerShell\v1.0\;C:\Windows\System32\OpenSSH\;C:\Program Files (x86)\NVIDIA Corporation\PhysX\Common;C:\Program Files\NVIDIA Corporation\NVIDIA NvDLISR;C:\WINDOWS\system32;C:\WINDOWS;C:\WINDOWS\System32\Wbem;C:\WINDOWS\System32\WindowsPowerShell\v1.0\;C:\WINDOWS\System32\OpenSSH\;C:\MinGW\bin;C:\Program Files\MEGA-X;C:\WINDOWS\system32;C:\WINDOWS;C:\WINDOWS\System32\Wbem;C:\WINDOWS\System32\WindowsPowerShell\v1.0\;C:\WINDOWS\System32\OpenSSH\;C:\Program Files\Git\cmd;C:\Users\Dark Knight\AppData\Local\Microsoft\WindowsApps;C:\Users\Dark Knight\AppData\Local\atom\bin;C:\MinGW\bin;C:\Program Files (x86)\Microsoft Visual Studio\2019\BuildTools\MSBuild\Current\Bin;C:\Users\Dark Knight\AppData\Local\Microsoft\WindowsApps
USERNAME=Dark Knight
OS=Windows_NT
PROCESSOR_IDENTIFIER=Intel64 Family 6 Model 158 Stepping 10, GenuineIntel



---------------  S Y S T E M  ---------------

OS: Windows 10 , 64 bit Build 19041 (10.0.19041.1151)
OS uptime: 17 days 8:41 hours

CPU:total 8 (initial active 8) (4 cores per cpu, 2 threads per core) family 6 model 158 stepping 10, cmov, cx8, fxsr, mmx, sse, sse2, sse3, ssse3, sse4.1, sse4.2, popcnt, avx, avx2, aes, clmul, erms, 3dnowpref, lzcnt, ht, tsc, tscinvbit, bmi1, bmi2, adx, fma

Memory: 4k page, system-wide physical 8072M (894M free)
TotalPageFile size 12168M (AvailPageFile size 4M)
current process WorkingSet (physical memory assigned to process): 202M, peak: 202M
current process commit charge ("private bytes"): 294M, peak: 294M

vm_info: OpenJDK 64-Bit Server VM (11.0.8+10-b944.6842174) for windows-amd64 JRE (11.0.8+10-b944.6842174), built on Sep 19 2020 01:11:42 by "builder" with MS VC++ 14.0 (VS2015)

END.
