#
# There is insufficient memory for the Java Runtime Environment to continue.
# Native memory allocation (malloc) failed to allocate 2098416 bytes for Chunk::new
# Possible reasons:
#   The system is out of physical RAM or swap space
#   The process is running with CompressedOops enabled, and the Java Heap may be blocking the growth of the native heap
# Possible solutions:
#   Reduce memory load on the system
#   Increase physical memory or swap space
#   Check if swap backing store is full
#   Decrease Java heap size (-Xmx/-Xms)
#   Decrease number of Java threads
#   Decrease Java thread stack sizes (-Xss)
#   Set larger code cache with -XX:ReservedCodeCacheSize=
#   JVM is running with Unscaled Compressed Oops mode in which the Java heap is
#     placed in the first 4GB address space. The Java Heap base address is the
#     maximum limit for the native heap growth. Please use -XX:HeapBaseMinAddress
#     to set the Java Heap base and to place the Java Heap above 4GB virtual address.
# This output file may be truncated or incomplete.
#
#  Out of Memory Error (./src/hotspot/share/memory/arena.cpp:197), pid=41152, tid=42832
#
# JRE version: OpenJDK Runtime Environment (11.0.8+10) (build 11.0.8+10-b944.6842174)
# Java VM: OpenJDK 64-Bit Server VM (11.0.8+10-b944.6842174, mixed mode, tiered, compressed oops, g1 gc, windows-amd64)
# No core dump will be written. Minidumps are not enabled by default on client versions of Windows
#

---------------  S U M M A R Y ------------

Command Line: --add-opens=java.base/java.util=ALL-UNNAMED --add-opens=java.base/java.lang=ALL-UNNAMED --add-opens=java.base/java.lang.invoke=ALL-UNNAMED --add-opens=java.base/java.util=ALL-UNNAMED --add-opens=java.prefs/java.util.prefs=ALL-UNNAMED --add-opens=java.prefs/java.util.prefs=ALL-UNNAMED --add-opens=java.base/java.nio.charset=ALL-UNNAMED --add-opens=java.base/java.net=ALL-UNNAMED --add-opens=java.base/java.util.concurrent.atomic=ALL-UNNAMED -Xmx2048m -Dfile.encoding=UTF-8 -Duser.country=IN -Duser.language=en -Duser.variant org.gradle.launcher.daemon.bootstrap.GradleDaemon 7.0.2

Host: Intel(R) Core(TM) i5-9300H CPU @ 2.40GHz, 8 cores, 7G,  Windows 10 , 64 bit Build 19041 (10.0.19041.1151)
Time: Mon Aug 30 21:29:33 2021 India Standard Time elapsed time: 11 seconds (0d 0h 0m 11s)

---------------  T H R E A D  ---------------

Current thread (0x00000231a0778800):  JavaThread "C2 CompilerThread2" daemon [_thread_in_native, id=42832, stack(0x000000a91ee00000,0x000000a91ef00000)]


Current CompileTask:
C2:  11318 6872       4       sun.reflect.generics.parser.SignatureParser::parseClassTypeSignature (118 bytes)

Stack: [0x000000a91ee00000,0x000000a91ef00000]
Native frames: (J=compiled Java code, j=interpreted, Vv=VM code, C=native code)
V  [jvm.dll+0x5de50a]
V  [jvm.dll+0x7122f5]
V  [jvm.dll+0x71384d]
V  [jvm.dll+0x713f03]
V  [jvm.dll+0x23e728]
V  [jvm.dll+0xb899c]
V  [jvm.dll+0xb8e9c]
V  [jvm.dll+0x35020b]
V  [jvm.dll+0x31dea3]
V  [jvm.dll+0x31d39a]
V  [jvm.dll+0x1f7702]
V  [jvm.dll+0x1f68d4]
V  [jvm.dll+0x17f32c]
V  [jvm.dll+0x205047]
V  [jvm.dll+0x203891]
V  [jvm.dll+0x6dad3f]
V  [jvm.dll+0x6d3895]
V  [jvm.dll+0x5dd4a6]
C  [ucrtbase.dll+0x21bb2]
C  [KERNEL32.DLL+0x17034]
C  [ntdll.dll+0x52651]


---------------  P R O C E S S  ---------------

Threads class SMR info:
_java_thread_list=0x00000231a7920eb0, length=52, elements={
0x0000023183c40000, 0x000002319df56800, 0x000002319df58000, 0x000002319df6d800,
0x000002319df6e800, 0x000002319df6f800, 0x000002319df7b800, 0x000002319df7f800,
0x000002319ea36800, 0x000002319ea70800, 0x00000231a083b800, 0x00000231a0139800,
0x00000231a0a47000, 0x00000231a0457800, 0x00000231a0aa5800, 0x000002319ff86800,
0x00000231a162e000, 0x00000231a11ff000, 0x000002319fafe800, 0x00000231a150a000,
0x00000231a1066000, 0x00000231a1066800, 0x00000231a1069000, 0x00000231a1445000,
0x00000231a106a000, 0x00000231a1067800, 0x00000231a1068800, 0x00000231a1064000,
0x00000231a1065000, 0x00000231a0778800, 0x00000231a106a800, 0x00000231a476c800,
0x00000231a4767000, 0x00000231a476b800, 0x00000231a476d800, 0x00000231a4767800,
0x00000231a476e000, 0x00000231a4768800, 0x00000231a476f000, 0x00000231a4769000,
0x00000231a4770000, 0x00000231a476b000, 0x00000231a4770800, 0x00000231a4773000,
0x00000231a4772000, 0x00000231a4774000, 0x00000231a4775800, 0x00000231a4774800,
0x00000231a4771800, 0x00000231a3c04000, 0x00000231a3c03800, 0x00000231a3c02000
}

Java Threads: ( => current thread )
  0x0000023183c40000 JavaThread "main" [_thread_blocked, id=45792, stack(0x000000a91c200000,0x000000a91c300000)]
  0x000002319df56800 JavaThread "Reference Handler" daemon [_thread_blocked, id=44900, stack(0x000000a91c900000,0x000000a91ca00000)]
  0x000002319df58000 JavaThread "Finalizer" daemon [_thread_blocked, id=39612, stack(0x000000a91ca00000,0x000000a91cb00000)]
  0x000002319df6d800 JavaThread "Signal Dispatcher" daemon [_thread_blocked, id=49280, stack(0x000000a91cb00000,0x000000a91cc00000)]
  0x000002319df6e800 JavaThread "Attach Listener" daemon [_thread_blocked, id=38960, stack(0x000000a91cc00000,0x000000a91cd00000)]
  0x000002319df6f800 JavaThread "C2 CompilerThread0" daemon [_thread_in_native, id=48652, stack(0x000000a91cd00000,0x000000a91ce00000)]
  0x000002319df7b800 JavaThread "C1 CompilerThread0" daemon [_thread_blocked, id=10188, stack(0x000000a91ce00000,0x000000a91cf00000)]
  0x000002319df7f800 JavaThread "Sweeper thread" daemon [_thread_blocked, id=50064, stack(0x000000a91cf00000,0x000000a91d000000)]
  0x000002319ea36800 JavaThread "Common-Cleaner" daemon [_thread_blocked, id=44372, stack(0x000000a91d000000,0x000000a91d100000)]
  0x000002319ea70800 JavaThread "Service Thread" daemon [_thread_blocked, id=48912, stack(0x000000a91d100000,0x000000a91d200000)]
  0x00000231a083b800 JavaThread "Daemon health stats" [_thread_blocked, id=13956, stack(0x000000a91d700000,0x000000a91d800000)]
  0x00000231a0139800 JavaThread "Incoming local TCP Connector on port 53719" [_thread_in_native, id=32004, stack(0x000000a91d300000,0x000000a91d400000)]
  0x00000231a0a47000 JavaThread "Daemon periodic checks" [_thread_blocked, id=48716, stack(0x000000a91d400000,0x000000a91d500000)]
  0x00000231a0457800 JavaThread "Daemon" [_thread_blocked, id=2132, stack(0x000000a91d800000,0x000000a91d900000)]
  0x00000231a0aa5800 JavaThread "Handler for socket connection from /127.0.0.1:53719 to /127.0.0.1:53720" [_thread_in_native, id=46720, stack(0x000000a91d900000,0x000000a91da00000)]
  0x000002319ff86800 JavaThread "Cancel handler" [_thread_blocked, id=47600, stack(0x000000a91da00000,0x000000a91db00000)]
  0x00000231a162e000 JavaThread "Daemon worker" [_thread_in_vm, id=30476, stack(0x000000a91db00000,0x000000a91dc00000)]
  0x00000231a11ff000 JavaThread "Asynchronous log dispatcher for DefaultDaemonConnection: socket connection from /127.0.0.1:53719 to /127.0.0.1:53720" [_thread_blocked, id=13340, stack(0x000000a91dc00000,0x000000a91dd00000)]
  0x000002319fafe800 JavaThread "Stdin handler" [_thread_blocked, id=34304, stack(0x000000a91dd00000,0x000000a91de00000)]
  0x00000231a150a000 JavaThread "Daemon client event forwarder" [_thread_blocked, id=48940, stack(0x000000a91de00000,0x000000a91df00000)]
  0x00000231a1066000 JavaThread "Cache worker for file hash cache (C:\Users\Dark Knight\.gradle\caches\7.0.2\fileHashes)" [_thread_blocked, id=11940, stack(0x000000a91e400000,0x000000a91e500000)]
  0x00000231a1066800 JavaThread "File lock request listener" [_thread_in_native, id=49440, stack(0x000000a91e500000,0x000000a91e600000)]
  0x00000231a1069000 JavaThread "Cache worker for journal cache (C:\Users\Dark Knight\.gradle\caches\journal-1)" [_thread_blocked, id=46812, stack(0x000000a91e700000,0x000000a91e800000)]
  0x00000231a1445000 JavaThread "C2 CompilerThread1" daemon [_thread_in_native, id=47648, stack(0x000000a91e800000,0x000000a91e900000)]
  0x00000231a106a000 JavaThread "Cache worker for file hash cache (C:\Android Projects\Udemy TUTORIAL\7MinuteWorkout2\.gradle\7.0.2\fileHashes)" [_thread_blocked, id=40764, stack(0x000000a91e900000,0x000000a91ea00000)]
  0x00000231a1067800 JavaThread "File watcher server" daemon [_thread_in_native, id=14892, stack(0x000000a91ea00000,0x000000a91eb00000)]
  0x00000231a1068800 JavaThread "File watcher consumer" daemon [_thread_blocked, id=40204, stack(0x000000a91eb00000,0x000000a91ec00000)]
  0x00000231a1064000 JavaThread "Cache worker for checksums cache (C:\Android Projects\Udemy TUTORIAL\7MinuteWorkout2\.gradle\checksums)" [_thread_blocked, id=44800, stack(0x000000a91ec00000,0x000000a91ed00000)]
  0x00000231a1065000 JavaThread "Cache worker for cache directory md-supplier (C:\Users\Dark Knight\.gradle\caches\7.0.2\md-supplier)" [_thread_blocked, id=42460, stack(0x000000a91ed00000,0x000000a91ee00000)]
=>0x00000231a0778800 JavaThread "C2 CompilerThread2" daemon [_thread_in_native, id=42832, stack(0x000000a91ee00000,0x000000a91ef00000)]
  0x00000231a106a800 JavaThread "Cache worker for cache directory md-rule (C:\Users\Dark Knight\.gradle\caches\7.0.2\md-rule)" [_thread_blocked, id=13900, stack(0x000000a91ef00000,0x000000a91f000000)]
  0x00000231a476c800 JavaThread "Cache worker for execution history cache (C:\Users\Dark Knight\.gradle\caches\7.0.2\executionHistory)" [_thread_blocked, id=49836, stack(0x000000a91f000000,0x000000a91f100000)]
  0x00000231a4767000 JavaThread "jar transforms" [_thread_blocked, id=48960, stack(0x000000a91f100000,0x000000a91f200000)]
  0x00000231a476b800 JavaThread "jar transforms Thread 2" [_thread_blocked, id=47512, stack(0x000000a91f200000,0x000000a91f300000)]
  0x00000231a476d800 JavaThread "Cache worker for file content cache (C:\Users\Dark Knight\.gradle\caches\7.0.2\fileContent)" [_thread_blocked, id=32156, stack(0x000000a91f300000,0x000000a91f400000)]
  0x00000231a4767800 JavaThread "Cache worker for dependencies-accessors (C:\Android Projects\Udemy TUTORIAL\7MinuteWorkout2\.gradle\7.0.2\dependencies-accessors)" [_thread_blocked, id=42148, stack(0x000000a91f400000,0x000000a91f500000)]
  0x00000231a476e000 JavaThread "jar transforms Thread 3" [_thread_blocked, id=35048, stack(0x000000a91f500000,0x000000a91f600000)]
  0x00000231a4768800 JavaThread "Cache worker for Build Output Cleanup Cache (C:\Android Projects\Udemy TUTORIAL\7MinuteWorkout2\.gradle\buildOutputCleanup)" [_thread_blocked, id=47864, stack(0x000000a91f600000,0x000000a91f700000)]
  0x00000231a476f000 JavaThread "Build operations" [_thread_blocked, id=45312, stack(0x000000a91f700000,0x000000a91f800000)]
  0x00000231a4769000 JavaThread "Build operations Thread 2" [_thread_blocked, id=49324, stack(0x000000a91f800000,0x000000a91f900000)]
  0x00000231a4770000 JavaThread "Build operations Thread 3" [_thread_blocked, id=48052, stack(0x000000a91f900000,0x000000a91fa00000)]
  0x00000231a476b000 JavaThread "Build operations Thread 4" [_thread_blocked, id=16696, stack(0x000000a91fa00000,0x000000a91fb00000)]
  0x00000231a4770800 JavaThread "Build operations Thread 5" [_thread_blocked, id=49920, stack(0x000000a91fb00000,0x000000a91fc00000)]
  0x00000231a4773000 JavaThread "Build operations Thread 6" [_thread_blocked, id=25096, stack(0x000000a91fc00000,0x000000a91fd00000)]
  0x00000231a4772000 JavaThread "Build operations Thread 7" [_thread_blocked, id=49576, stack(0x000000a91fd00000,0x000000a91fe00000)]
  0x00000231a4774000 JavaThread "Build operations Thread 8" [_thread_blocked, id=45736, stack(0x000000a91fe00000,0x000000a91ff00000)]
  0x00000231a4775800 JavaThread "jar transforms Thread 4" [_thread_blocked, id=48628, stack(0x000000a91ff00000,0x000000a920000000)]
  0x00000231a4774800 JavaThread "jar transforms Thread 5" [_thread_blocked, id=30760, stack(0x000000a920000000,0x000000a920100000)]
  0x00000231a4771800 JavaThread "jar transforms Thread 6" [_thread_blocked, id=29060, stack(0x000000a920100000,0x000000a920200000)]
  0x00000231a3c04000 JavaThread "jar transforms Thread 7" [_thread_blocked, id=39076, stack(0x000000a920200000,0x000000a920300000)]
  0x00000231a3c03800 JavaThread "jar transforms Thread 8" [_thread_blocked, id=45448, stack(0x000000a920300000,0x000000a920400000)]
  0x00000231a3c02000 JavaThread "Memory manager" [_thread_blocked, id=19284, stack(0x000000a920400000,0x000000a920500000)]

Other Threads:
  0x000002319df52800 VMThread "VM Thread" [stack: 0x000000a91c800000,0x000000a91c900000] [id=39156]
  0x000002319ea71800 WatcherThread [stack: 0x000000a91d200000,0x000000a91d300000] [id=35592]
  0x0000023183c57800 GCTaskThread "GC Thread#0" [stack: 0x000000a91c300000,0x000000a91c400000] [id=49740]
  0x000002319f4fa000 GCTaskThread "GC Thread#1" [stack: 0x000000a91d500000,0x000000a91d600000] [id=47168]
  0x000002319ef8d800 GCTaskThread "GC Thread#2" [stack: 0x000000a91d600000,0x000000a91d700000] [id=6508]
  0x00000231a106e000 GCTaskThread "GC Thread#3" [stack: 0x000000a91df00000,0x000000a91e000000] [id=40312]
  0x00000231a0f7c000 GCTaskThread "GC Thread#4" [stack: 0x000000a91e000000,0x000000a91e100000] [id=39396]
  0x00000231a0b42800 GCTaskThread "GC Thread#5" [stack: 0x000000a91e100000,0x000000a91e200000] [id=8660]
  0x000002319fee2000 GCTaskThread "GC Thread#6" [stack: 0x000000a91e200000,0x000000a91e300000] [id=10704]
  0x00000231a1061000 GCTaskThread "GC Thread#7" [stack: 0x000000a91e300000,0x000000a91e400000] [id=48660]
  0x0000023183c87800 ConcurrentGCThread "G1 Main Marker" [stack: 0x000000a91c400000,0x000000a91c500000] [id=42356]
  0x0000023183c89800 ConcurrentGCThread "G1 Conc#0" [stack: 0x000000a91c500000,0x000000a91c600000] [id=12664]
  0x00000231a1080800 ConcurrentGCThread "G1 Conc#1" [stack: 0x000000a91e600000,0x000000a91e700000] [id=24328]
  0x000002319dda0800 ConcurrentGCThread "G1 Refine#0" [stack: 0x000000a91c600000,0x000000a91c700000] [id=44736]
  0x000002319dda1800 ConcurrentGCThread "G1 Young RemSet Sampling" [stack: 0x000000a91c700000,0x000000a91c800000] [id=11372]

Threads with active compile tasks:
C2 CompilerThread0  11347 6873       4       sun.reflect.generics.parser.SignatureParser::parseFieldTypeSignature (73 bytes)
C2 CompilerThread1  11347 6874 %     4       org.gradle.internal.instantiation.generator.AbstractClassGenerator::inspectType @ 77 (560 bytes)
C2 CompilerThread2  11347 6872       4       sun.reflect.generics.parser.SignatureParser::parseClassTypeSignature (118 bytes)

VM state:not at safepoint (normal execution)

VM Mutex/Monitor currently owned by a thread: None

Heap address: 0x0000000080000000, size: 2048 MB, Compressed Oops mode: 32-bit
Narrow klass base: 0x0000000000000000, Narrow klass shift: 3
Compressed class space size: 1073741824 Address: 0x0000000100000000

Heap:
 garbage-first heap   total 157696K, used 108074K [0x0000000080000000, 0x0000000100000000)
  region size 1024K, 59 young (60416K), 9 survivors (9216K)
 Metaspace       used 74391K, capacity 76076K, committed 76416K, reserved 1116160K
  class space    used 9592K, capacity 10260K, committed 10368K, reserved 1048576K
Heap Regions: E=young(eden), S=young(survivor), O=old, HS=humongous(starts), HC=humongous(continues), CS=collection set, F=free, A=archive, TAMS=top-at-mark-start (previous, next)
|   0|0x0000000080000000, 0x0000000080100000, 0x0000000080100000|100%| O|  |TAMS 0x0000000080100000, 0x0000000080000000| Untracked 
|   1|0x0000000080100000, 0x0000000080200000, 0x0000000080200000|100%| O|  |TAMS 0x0000000080200000, 0x0000000080100000| Untracked 
|   2|0x0000000080200000, 0x0000000080300000, 0x0000000080300000|100%| O|  |TAMS 0x0000000080300000, 0x0000000080200000| Untracked 
|   3|0x0000000080300000, 0x0000000080400000, 0x0000000080400000|100%|HS|  |TAMS 0x0000000080400000, 0x0000000080300000| Complete 
|   4|0x0000000080400000, 0x0000000080500000, 0x0000000080500000|100%|HC|  |TAMS 0x0000000080500000, 0x0000000080400000| Complete 
|   5|0x0000000080500000, 0x0000000080600000, 0x0000000080600000|100%|HC|  |TAMS 0x0000000080600000, 0x0000000080500000| Complete 
|   6|0x0000000080600000, 0x0000000080700000, 0x0000000080700000|100%| O|  |TAMS 0x0000000080700000, 0x0000000080600000| Untracked 
|   7|0x0000000080700000, 0x0000000080800000, 0x0000000080800000|100%| O|  |TAMS 0x0000000080800000, 0x0000000080700000| Untracked 
|   8|0x0000000080800000, 0x0000000080900000, 0x0000000080900000|100%| O|  |TAMS 0x0000000080900000, 0x0000000080800000| Untracked 
|   9|0x0000000080900000, 0x0000000080a00000, 0x0000000080a00000|100%| O|  |TAMS 0x0000000080a00000, 0x0000000080900000| Untracked 
|  10|0x0000000080a00000, 0x0000000080b00000, 0x0000000080b00000|100%| O|  |TAMS 0x0000000080b00000, 0x0000000080a00000| Untracked 
|  11|0x0000000080b00000, 0x0000000080c00000, 0x0000000080c00000|100%| O|  |TAMS 0x0000000080c00000, 0x0000000080b00000| Untracked 
|  12|0x0000000080c00000, 0x0000000080d00000, 0x0000000080d00000|100%| O|  |TAMS 0x0000000080d00000, 0x0000000080c00000| Untracked 
|  13|0x0000000080d00000, 0x0000000080e00000, 0x0000000080e00000|100%| O|  |TAMS 0x0000000080e00000, 0x0000000080d00000| Untracked 
|  14|0x0000000080e00000, 0x0000000080f00000, 0x0000000080f00000|100%| O|  |TAMS 0x0000000080f00000, 0x0000000080e00000| Untracked 
|  15|0x0000000080f00000, 0x0000000081000000, 0x0000000081000000|100%| O|  |TAMS 0x0000000081000000, 0x0000000080f00000| Untracked 
|  16|0x0000000081000000, 0x0000000081100000, 0x0000000081100000|100%| O|  |TAMS 0x0000000081100000, 0x0000000081000000| Untracked 
|  17|0x0000000081100000, 0x0000000081200000, 0x0000000081200000|100%|HS|  |TAMS 0x0000000081200000, 0x0000000081100000| Complete 
|  18|0x0000000081200000, 0x0000000081300000, 0x0000000081300000|100%| O|  |TAMS 0x0000000081300000, 0x0000000081200000| Untracked 
|  19|0x0000000081300000, 0x0000000081400000, 0x0000000081400000|100%| O|  |TAMS 0x0000000081400000, 0x0000000081300000| Untracked 
|  20|0x0000000081400000, 0x0000000081500000, 0x0000000081500000|100%| O|  |TAMS 0x0000000081500000, 0x0000000081400000| Untracked 
|  21|0x0000000081500000, 0x0000000081600000, 0x0000000081600000|100%| O|  |TAMS 0x0000000081600000, 0x0000000081500000| Untracked 
|  22|0x0000000081600000, 0x0000000081700000, 0x0000000081700000|100%| O|  |TAMS 0x0000000081700000, 0x0000000081600000| Untracked 
|  23|0x0000000081700000, 0x0000000081800000, 0x0000000081800000|100%| O|  |TAMS 0x0000000081800000, 0x0000000081700000| Untracked 
|  24|0x0000000081800000, 0x0000000081900000, 0x0000000081900000|100%| O|  |TAMS 0x0000000081900000, 0x0000000081800000| Untracked 
|  25|0x0000000081900000, 0x0000000081a00000, 0x0000000081a00000|100%| O|  |TAMS 0x0000000081a00000, 0x0000000081900000| Untracked 
|  26|0x0000000081a00000, 0x0000000081b00000, 0x0000000081b00000|100%| O|  |TAMS 0x0000000081b00000, 0x0000000081a00000| Untracked 
|  27|0x0000000081b00000, 0x0000000081c00000, 0x0000000081c00000|100%| O|  |TAMS 0x0000000081c00000, 0x0000000081b00000| Untracked 
|  28|0x0000000081c00000, 0x0000000081d00000, 0x0000000081d00000|100%|HS|  |TAMS 0x0000000081d00000, 0x0000000081c00000| Complete 
|  29|0x0000000081d00000, 0x0000000081e00000, 0x0000000081e00000|100%|HS|  |TAMS 0x0000000081e00000, 0x0000000081d00000| Complete 
|  30|0x0000000081e00000, 0x0000000081f00000, 0x0000000081f00000|100%|HC|  |TAMS 0x0000000081f00000, 0x0000000081e00000| Complete 
|  31|0x0000000081f00000, 0x0000000082000000, 0x0000000082000000|100%|HC|  |TAMS 0x0000000082000000, 0x0000000081f00000| Complete 
|  32|0x0000000082000000, 0x0000000082100000, 0x0000000082100000|100%|HS|  |TAMS 0x0000000082100000, 0x0000000082000000| Complete 
|  33|0x0000000082100000, 0x0000000082200000, 0x0000000082200000|100%|HC|  |TAMS 0x0000000082200000, 0x0000000082100000| Complete 
|  34|0x0000000082200000, 0x0000000082300000, 0x0000000082300000|100%| O|  |TAMS 0x0000000082300000, 0x0000000082200000| Untracked 
|  35|0x0000000082300000, 0x0000000082400000, 0x0000000082400000|100%| O|  |TAMS 0x0000000082400000, 0x0000000082300000| Untracked 
|  36|0x0000000082400000, 0x0000000082500000, 0x0000000082500000|100%| O|  |TAMS 0x0000000082500000, 0x0000000082400000| Untracked 
|  37|0x0000000082500000, 0x0000000082600000, 0x0000000082600000|100%| O|  |TAMS 0x0000000082600000, 0x0000000082500000| Untracked 
|  38|0x0000000082600000, 0x0000000082700000, 0x0000000082700000|100%| O|  |TAMS 0x0000000082700000, 0x0000000082600000| Untracked 
|  39|0x0000000082700000, 0x0000000082800000, 0x0000000082800000|100%| O|  |TAMS 0x0000000082800000, 0x0000000082700000| Untracked 
|  40|0x0000000082800000, 0x0000000082900000, 0x0000000082900000|100%| O|  |TAMS 0x0000000082900000, 0x0000000082800000| Untracked 
|  41|0x0000000082900000, 0x0000000082a00000, 0x0000000082a00000|100%| O|  |TAMS 0x0000000082a00000, 0x0000000082900000| Untracked 
|  42|0x0000000082a00000, 0x0000000082b00000, 0x0000000082b00000|100%| O|  |TAMS 0x0000000082b00000, 0x0000000082a00000| Untracked 
|  43|0x0000000082b00000, 0x0000000082c00000, 0x0000000082c00000|100%| O|  |TAMS 0x0000000082c00000, 0x0000000082b00000| Untracked 
|  44|0x0000000082c00000, 0x0000000082d00000, 0x0000000082d00000|100%| O|  |TAMS 0x0000000082d00000, 0x0000000082c00000| Untracked 
|  45|0x0000000082d00000, 0x0000000082e00000, 0x0000000082e00000|100%| O|  |TAMS 0x0000000082d5ec00, 0x0000000082d00000| Untracked 
|  46|0x0000000082e00000, 0x0000000082f00000, 0x0000000082f00000|100%| O|  |TAMS 0x0000000082e00000, 0x0000000082e00000| Untracked 
|  47|0x0000000082f00000, 0x0000000082f8e800, 0x0000000083000000| 55%| O|  |TAMS 0x0000000082f00000, 0x0000000082f00000| Untracked 
|  48|0x0000000083000000, 0x0000000083000000, 0x0000000083100000|  0%| F|  |TAMS 0x0000000083000000, 0x0000000083000000| Untracked 
|  49|0x0000000083100000, 0x0000000083100000, 0x0000000083200000|  0%| F|  |TAMS 0x0000000083100000, 0x0000000083100000| Untracked 
|  50|0x0000000083200000, 0x0000000083200000, 0x0000000083300000|  0%| F|  |TAMS 0x0000000083200000, 0x0000000083200000| Untracked 
|  51|0x0000000083300000, 0x0000000083300000, 0x0000000083400000|  0%| F|  |TAMS 0x0000000083300000, 0x0000000083300000| Untracked 
|  52|0x0000000083400000, 0x0000000083400000, 0x0000000083500000|  0%| F|  |TAMS 0x0000000083400000, 0x0000000083400000| Untracked 
|  53|0x0000000083500000, 0x0000000083500000, 0x0000000083600000|  0%| F|  |TAMS 0x0000000083500000, 0x0000000083500000| Untracked 
|  54|0x0000000083600000, 0x0000000083600000, 0x0000000083700000|  0%| F|  |TAMS 0x0000000083600000, 0x0000000083600000| Untracked 
|  55|0x0000000083700000, 0x0000000083700000, 0x0000000083800000|  0%| F|  |TAMS 0x0000000083700000, 0x0000000083700000| Untracked 
|  56|0x0000000083800000, 0x0000000083800000, 0x0000000083900000|  0%| F|  |TAMS 0x0000000083800000, 0x0000000083800000| Untracked 
|  57|0x0000000083900000, 0x0000000083900000, 0x0000000083a00000|  0%| F|  |TAMS 0x0000000083900000, 0x0000000083900000| Untracked 
|  58|0x0000000083a00000, 0x0000000083a00000, 0x0000000083b00000|  0%| F|  |TAMS 0x0000000083a00000, 0x0000000083a00000| Untracked 
|  59|0x0000000083b00000, 0x0000000083b00000, 0x0000000083c00000|  0%| F|  |TAMS 0x0000000083b00000, 0x0000000083b00000| Untracked 
|  60|0x0000000083c00000, 0x0000000083c00000, 0x0000000083d00000|  0%| F|  |TAMS 0x0000000083c00000, 0x0000000083c00000| Untracked 
|  61|0x0000000083d00000, 0x0000000083d00000, 0x0000000083e00000|  0%| F|  |TAMS 0x0000000083d00000, 0x0000000083d00000| Untracked 
|  62|0x0000000083e00000, 0x0000000083e00000, 0x0000000083f00000|  0%| F|  |TAMS 0x0000000083e00000, 0x0000000083e00000| Untracked 
|  63|0x0000000083f00000, 0x0000000083f00000, 0x0000000084000000|  0%| F|  |TAMS 0x0000000083f00000, 0x0000000083f00000| Untracked 
|  64|0x0000000084000000, 0x0000000084000000, 0x0000000084100000|  0%| F|  |TAMS 0x0000000084000000, 0x0000000084000000| Untracked 
|  65|0x0000000084100000, 0x0000000084100000, 0x0000000084200000|  0%| F|  |TAMS 0x0000000084100000, 0x0000000084100000| Untracked 
|  66|0x0000000084200000, 0x0000000084200000, 0x0000000084300000|  0%| F|  |TAMS 0x0000000084200000, 0x0000000084200000| Untracked 
|  67|0x0000000084300000, 0x0000000084300000, 0x0000000084400000|  0%| F|  |TAMS 0x0000000084300000, 0x0000000084300000| Untracked 
|  68|0x0000000084400000, 0x0000000084400000, 0x0000000084500000|  0%| F|  |TAMS 0x0000000084400000, 0x0000000084400000| Untracked 
|  69|0x0000000084500000, 0x0000000084500000, 0x0000000084600000|  0%| F|  |TAMS 0x0000000084500000, 0x0000000084500000| Untracked 
|  70|0x0000000084600000, 0x0000000084600000, 0x0000000084700000|  0%| F|  |TAMS 0x0000000084600000, 0x0000000084600000| Untracked 
|  71|0x0000000084700000, 0x0000000084700000, 0x0000000084800000|  0%| F|  |TAMS 0x0000000084700000, 0x0000000084700000| Untracked 
|  72|0x0000000084800000, 0x0000000084800000, 0x0000000084900000|  0%| F|  |TAMS 0x0000000084800000, 0x0000000084800000| Untracked 
|  73|0x0000000084900000, 0x0000000084900000, 0x0000000084a00000|  0%| F|  |TAMS 0x0000000084900000, 0x0000000084900000| Untracked 
|  74|0x0000000084a00000, 0x0000000084a00000, 0x0000000084b00000|  0%| F|  |TAMS 0x0000000084a00000, 0x0000000084a00000| Untracked 
|  75|0x0000000084b00000, 0x0000000084b00000, 0x0000000084c00000|  0%| F|  |TAMS 0x0000000084b00000, 0x0000000084b00000| Untracked 
|  76|0x0000000084c00000, 0x0000000084c00000, 0x0000000084d00000|  0%| F|  |TAMS 0x0000000084c00000, 0x0000000084c00000| Untracked 
|  77|0x0000000084d00000, 0x0000000084d00000, 0x0000000084e00000|  0%| F|  |TAMS 0x0000000084d00000, 0x0000000084d00000| Untracked 
|  78|0x0000000084e00000, 0x0000000084efc2a0, 0x0000000084f00000| 98%| S|CS|TAMS 0x0000000084e00000, 0x0000000084e00000| Complete 
|  79|0x0000000084f00000, 0x0000000085000000, 0x0000000085000000|100%| S|CS|TAMS 0x0000000084f00000, 0x0000000084f00000| Complete 
|  80|0x0000000085000000, 0x0000000085100000, 0x0000000085100000|100%| S|CS|TAMS 0x0000000085000000, 0x0000000085000000| Complete 
|  81|0x0000000085100000, 0x0000000085200000, 0x0000000085200000|100%| S|CS|TAMS 0x0000000085100000, 0x0000000085100000| Complete 
|  82|0x0000000085200000, 0x0000000085300000, 0x0000000085300000|100%| S|CS|TAMS 0x0000000085200000, 0x0000000085200000| Complete 
|  83|0x0000000085300000, 0x0000000085300000, 0x0000000085400000|  0%| F|  |TAMS 0x0000000085300000, 0x0000000085300000| Untracked 
|  84|0x0000000085400000, 0x0000000085400000, 0x0000000085500000|  0%| F|  |TAMS 0x0000000085400000, 0x0000000085400000| Untracked 
|  85|0x0000000085500000, 0x0000000085500000, 0x0000000085600000|  0%| F|  |TAMS 0x0000000085500000, 0x0000000085500000| Untracked 
|  86|0x0000000085600000, 0x0000000085600000, 0x0000000085700000|  0%| F|  |TAMS 0x0000000085600000, 0x0000000085600000| Untracked 
|  87|0x0000000085700000, 0x0000000085700000, 0x0000000085800000|  0%| F|  |TAMS 0x0000000085700000, 0x0000000085700000| Untracked 
|  88|0x0000000085800000, 0x0000000085800000, 0x0000000085900000|  0%| F|  |TAMS 0x0000000085800000, 0x0000000085800000| Untracked 
|  89|0x0000000085900000, 0x0000000085900000, 0x0000000085a00000|  0%| F|  |TAMS 0x0000000085900000, 0x0000000085900000| Untracked 
|  90|0x0000000085a00000, 0x0000000085b00000, 0x0000000085b00000|100%| S|CS|TAMS 0x0000000085a00000, 0x0000000085a00000| Complete 
|  91|0x0000000085b00000, 0x0000000085c00000, 0x0000000085c00000|100%| S|CS|TAMS 0x0000000085b00000, 0x0000000085b00000| Complete 
|  92|0x0000000085c00000, 0x0000000085d00000, 0x0000000085d00000|100%| S|CS|TAMS 0x0000000085c00000, 0x0000000085c00000| Complete 
|  93|0x0000000085d00000, 0x0000000085e00000, 0x0000000085e00000|100%| S|CS|TAMS 0x0000000085d00000, 0x0000000085d00000| Complete 
|  94|0x0000000085e00000, 0x0000000085e00000, 0x0000000085f00000|  0%| F|  |TAMS 0x0000000085e00000, 0x0000000085e00000| Untracked 
|  95|0x0000000085f00000, 0x0000000085f00000, 0x0000000086000000|  0%| F|  |TAMS 0x0000000085f00000, 0x0000000085f00000| Untracked 
|  96|0x0000000086000000, 0x0000000086000000, 0x0000000086100000|  0%| F|  |TAMS 0x0000000086000000, 0x0000000086000000| Untracked 
|  97|0x0000000086100000, 0x0000000086100000, 0x0000000086200000|  0%| F|  |TAMS 0x0000000086100000, 0x0000000086100000| Untracked 
|  98|0x0000000086200000, 0x0000000086200000, 0x0000000086300000|  0%| F|  |TAMS 0x0000000086200000, 0x0000000086200000| Untracked 
|  99|0x0000000086300000, 0x0000000086300000, 0x0000000086400000|  0%| F|  |TAMS 0x0000000086300000, 0x0000000086300000| Untracked 
| 100|0x0000000086400000, 0x0000000086400000, 0x0000000086500000|  0%| F|  |TAMS 0x0000000086400000, 0x0000000086400000| Untracked 
| 101|0x0000000086500000, 0x0000000086500000, 0x0000000086600000|  0%| F|  |TAMS 0x0000000086500000, 0x0000000086500000| Untracked 
| 102|0x0000000086600000, 0x0000000086600000, 0x0000000086700000|  0%| F|  |TAMS 0x0000000086600000, 0x0000000086600000| Untracked 
| 103|0x0000000086700000, 0x0000000086700000, 0x0000000086800000|  0%| F|  |TAMS 0x0000000086700000, 0x0000000086700000| Untracked 
| 104|0x0000000086800000, 0x0000000086900000, 0x0000000086900000|100%| E|  |TAMS 0x0000000086800000, 0x0000000086800000| Complete 
| 105|0x0000000086900000, 0x0000000086a00000, 0x0000000086a00000|100%| E|CS|TAMS 0x0000000086900000, 0x0000000086900000| Complete 
| 106|0x0000000086a00000, 0x0000000086b00000, 0x0000000086b00000|100%| E|CS|TAMS 0x0000000086a00000, 0x0000000086a00000| Complete 
| 107|0x0000000086b00000, 0x0000000086c00000, 0x0000000086c00000|100%| E|CS|TAMS 0x0000000086b00000, 0x0000000086b00000| Complete 
| 108|0x0000000086c00000, 0x0000000086d00000, 0x0000000086d00000|100%| E|CS|TAMS 0x0000000086c00000, 0x0000000086c00000| Complete 
| 109|0x0000000086d00000, 0x0000000086e00000, 0x0000000086e00000|100%| E|CS|TAMS 0x0000000086d00000, 0x0000000086d00000| Complete 
| 110|0x0000000086e00000, 0x0000000086f00000, 0x0000000086f00000|100%| E|CS|TAMS 0x0000000086e00000, 0x0000000086e00000| Complete 
| 111|0x0000000086f00000, 0x0000000087000000, 0x0000000087000000|100%| E|CS|TAMS 0x0000000086f00000, 0x0000000086f00000| Complete 
| 112|0x0000000087000000, 0x0000000087100000, 0x0000000087100000|100%| E|CS|TAMS 0x0000000087000000, 0x0000000087000000| Complete 
| 113|0x0000000087100000, 0x0000000087200000, 0x0000000087200000|100%| E|CS|TAMS 0x0000000087100000, 0x0000000087100000| Complete 
| 114|0x0000000087200000, 0x0000000087300000, 0x0000000087300000|100%| E|CS|TAMS 0x0000000087200000, 0x0000000087200000| Complete 
| 115|0x0000000087300000, 0x0000000087400000, 0x0000000087400000|100%| E|CS|TAMS 0x0000000087300000, 0x0000000087300000| Complete 
| 116|0x0000000087400000, 0x0000000087500000, 0x0000000087500000|100%| E|CS|TAMS 0x0000000087400000, 0x0000000087400000| Complete 
| 117|0x0000000087500000, 0x0000000087600000, 0x0000000087600000|100%| E|CS|TAMS 0x0000000087500000, 0x0000000087500000| Complete 
| 118|0x0000000087600000, 0x0000000087700000, 0x0000000087700000|100%| E|CS|TAMS 0x0000000087600000, 0x0000000087600000| Complete 
| 119|0x0000000087700000, 0x0000000087800000, 0x0000000087800000|100%| E|CS|TAMS 0x0000000087700000, 0x0000000087700000| Complete 
| 120|0x0000000087800000, 0x0000000087900000, 0x0000000087900000|100%| E|CS|TAMS 0x0000000087800000, 0x0000000087800000| Complete 
| 121|0x0000000087900000, 0x0000000087a00000, 0x0000000087a00000|100%| E|CS|TAMS 0x0000000087900000, 0x0000000087900000| Complete 
| 122|0x0000000087a00000, 0x0000000087b00000, 0x0000000087b00000|100%| E|CS|TAMS 0x0000000087a00000, 0x0000000087a00000| Complete 
| 123|0x0000000087b00000, 0x0000000087c00000, 0x0000000087c00000|100%| E|CS|TAMS 0x0000000087b00000, 0x0000000087b00000| Complete 
| 124|0x0000000087c00000, 0x0000000087d00000, 0x0000000087d00000|100%| E|CS|TAMS 0x0000000087c00000, 0x0000000087c00000| Complete 
| 125|0x0000000087d00000, 0x0000000087e00000, 0x0000000087e00000|100%| E|CS|TAMS 0x0000000087d00000, 0x0000000087d00000| Complete 
| 126|0x0000000087e00000, 0x0000000087f00000, 0x0000000087f00000|100%| E|CS|TAMS 0x0000000087e00000, 0x0000000087e00000| Complete 
| 127|0x0000000087f00000, 0x0000000088000000, 0x0000000088000000|100%| E|CS|TAMS 0x0000000087f00000, 0x0000000087f00000| Complete 
| 128|0x0000000088000000, 0x0000000088100000, 0x0000000088100000|100%| E|CS|TAMS 0x0000000088000000, 0x0000000088000000| Complete 
| 129|0x0000000088100000, 0x0000000088200000, 0x0000000088200000|100%| E|CS|TAMS 0x0000000088100000, 0x0000000088100000| Complete 
| 130|0x0000000088200000, 0x0000000088300000, 0x0000000088300000|100%| E|CS|TAMS 0x0000000088200000, 0x0000000088200000| Complete 
| 131|0x0000000088300000, 0x0000000088400000, 0x0000000088400000|100%| E|CS|TAMS 0x0000000088300000, 0x0000000088300000| Complete 
| 132|0x0000000088400000, 0x0000000088500000, 0x0000000088500000|100%| E|CS|TAMS 0x0000000088400000, 0x0000000088400000| Complete 
| 133|0x0000000088500000, 0x0000000088600000, 0x0000000088600000|100%| E|CS|TAMS 0x0000000088500000, 0x0000000088500000| Complete 
| 134|0x0000000088600000, 0x0000000088700000, 0x0000000088700000|100%| E|CS|TAMS 0x0000000088600000, 0x0000000088600000| Complete 
| 135|0x0000000088700000, 0x0000000088800000, 0x0000000088800000|100%| E|CS|TAMS 0x0000000088700000, 0x0000000088700000| Complete 
| 136|0x0000000088800000, 0x0000000088900000, 0x0000000088900000|100%| E|CS|TAMS 0x0000000088800000, 0x0000000088800000| Complete 
| 137|0x0000000088900000, 0x0000000088a00000, 0x0000000088a00000|100%| E|CS|TAMS 0x0000000088900000, 0x0000000088900000| Complete 
| 138|0x0000000088a00000, 0x0000000088b00000, 0x0000000088b00000|100%| E|CS|TAMS 0x0000000088a00000, 0x0000000088a00000| Complete 
| 139|0x0000000088b00000, 0x0000000088c00000, 0x0000000088c00000|100%| E|CS|TAMS 0x0000000088b00000, 0x0000000088b00000| Complete 
| 140|0x0000000088c00000, 0x0000000088d00000, 0x0000000088d00000|100%| E|CS|TAMS 0x0000000088c00000, 0x0000000088c00000| Complete 
| 141|0x0000000088d00000, 0x0000000088e00000, 0x0000000088e00000|100%| E|CS|TAMS 0x0000000088d00000, 0x0000000088d00000| Complete 
| 142|0x0000000088e00000, 0x0000000088f00000, 0x0000000088f00000|100%| E|CS|TAMS 0x0000000088e00000, 0x0000000088e00000| Complete 
| 143|0x0000000088f00000, 0x0000000089000000, 0x0000000089000000|100%| E|CS|TAMS 0x0000000088f00000, 0x0000000088f00000| Complete 
| 144|0x0000000089000000, 0x0000000089100000, 0x0000000089100000|100%| E|CS|TAMS 0x0000000089000000, 0x0000000089000000| Complete 
| 145|0x0000000089100000, 0x0000000089200000, 0x0000000089200000|100%| E|CS|TAMS 0x0000000089100000, 0x0000000089100000| Complete 
| 146|0x0000000089200000, 0x0000000089300000, 0x0000000089300000|100%| E|CS|TAMS 0x0000000089200000, 0x0000000089200000| Complete 
| 147|0x0000000089300000, 0x0000000089400000, 0x0000000089400000|100%| E|CS|TAMS 0x0000000089300000, 0x0000000089300000| Complete 
| 148|0x0000000089400000, 0x0000000089500000, 0x0000000089500000|100%| E|CS|TAMS 0x0000000089400000, 0x0000000089400000| Complete 
| 149|0x0000000089500000, 0x0000000089600000, 0x0000000089600000|100%| E|CS|TAMS 0x0000000089500000, 0x0000000089500000| Complete 
| 150|0x0000000089600000, 0x0000000089700000, 0x0000000089700000|100%| E|CS|TAMS 0x0000000089600000, 0x0000000089600000| Complete 
| 151|0x0000000089700000, 0x0000000089800000, 0x0000000089800000|100%| E|CS|TAMS 0x0000000089700000, 0x0000000089700000| Complete 
| 152|0x0000000089800000, 0x0000000089900000, 0x0000000089900000|100%| E|CS|TAMS 0x0000000089800000, 0x0000000089800000| Complete 
| 153|0x0000000089900000, 0x0000000089a00000, 0x0000000089a00000|100%| E|CS|TAMS 0x0000000089900000, 0x0000000089900000| Complete 

Card table byte_map: [0x0000023196d00000,0x0000023197100000] _byte_map_base: 0x0000023196900000

Marking Bits (Prev, Next): (CMBitMap*) 0x0000023183c7e708, (CMBitMap*) 0x0000023183c7e740
 Prev Bits: [0x0000023197500000, 0x0000023199500000)
 Next Bits: [0x0000023199500000, 0x000002319b500000)

Polling page: 0x0000023181c20000

Metaspace:

Usage:
  Non-class:     64.34 MB capacity,    63.32 MB ( 98%) used,   859.17 KB (  1%) free+waste,   183.75 KB ( <1%) overhead. 
      Class:     10.05 MB capacity,     9.38 MB ( 93%) used,   601.53 KB (  6%) free+waste,    85.50 KB ( <1%) overhead. 
       Both:     74.39 MB capacity,    72.70 MB ( 98%) used,     1.43 MB (  2%) free+waste,   269.25 KB ( <1%) overhead. 

Virtual space:
  Non-class space:       66.00 MB reserved,      64.50 MB ( 98%) committed 
      Class space:        1.00 GB reserved,      10.13 MB ( <1%) committed 
             Both:        1.06 GB reserved,      74.63 MB (  7%) committed 

Chunk freelists:
   Non-Class:  40.00 KB
       Class:  12.00 KB
        Both:  52.00 KB

MaxMetaspaceSize: 17179869184.00 GB
CompressedClassSpaceSize: 1.00 GB

CodeHeap 'non-profiled nmethods': size=120000Kb used=4364Kb max_used=4364Kb free=115635Kb
 bounds [0x000002318f090000, 0x000002318f4e0000, 0x00000231965c0000]
CodeHeap 'profiled nmethods': size=120000Kb used=14084Kb max_used=14084Kb free=105915Kb
 bounds [0x0000023187b60000, 0x0000023188930000, 0x000002318f090000]
CodeHeap 'non-nmethods': size=5760Kb used=2257Kb max_used=2313Kb free=3502Kb
 bounds [0x00000231875c0000, 0x0000023187830000, 0x0000023187b60000]
 total_blobs=7546 nmethods=6693 adapters=764
 compilation: enabled
              stopped_count=0, restarted_count=0
 full_count=0

Compilation events (20 events):
Event: 11.229 Thread 0x000002319df7b800 6931       3       org.gradle.internal.instantiation.generator.AbstractClassGenerator$AbstractInjectedPropertyHandler::applyTo (19 bytes)
Event: 11.229 Thread 0x000002319df7b800 nmethod 6931 0x0000023188916e90 code [0x0000023188917060, 0x0000023188917308]
Event: 11.230 Thread 0x000002319df7b800 6932       3       java.lang.Class::searchFields (43 bytes)
Event: 11.230 Thread 0x000002319df7b800 nmethod 6932 0x0000023188917490 code [0x0000023188917660, 0x00000231889178e8]
Event: 11.232 Thread 0x000002319df7b800 6933       3       java.lang.reflect.Constructor::getExceptionTypes (11 bytes)
Event: 11.232 Thread 0x000002319df7b800 nmethod 6933 0x0000023188917a90 code [0x0000023188917c60, 0x0000023188917f08]
Event: 11.233 Thread 0x000002319df7b800 6934       3       org.gradle.api.internal.provider.AbstractProperty::calculateOwnValue (15 bytes)
Event: 11.234 Thread 0x000002319df7b800 nmethod 6934 0x0000023188918010 code [0x0000023188918220, 0x00000231889186f8]
Event: 11.234 Thread 0x000002319df7b800 6935       3       org.gradle.api.internal.provider.AbstractProperty::beforeRead (29 bytes)
Event: 11.234 Thread 0x000002319df7b800 nmethod 6935 0x0000023188918890 code [0x0000023188918a80, 0x0000023188918ec8]
Event: 11.247 Thread 0x000002319df7b800 6936       3       org.gradle.api.internal.provider.DefaultProviderFactory::provider (23 bytes)
Event: 11.248 Thread 0x000002319df7b800 nmethod 6936 0x0000023188919010 code [0x0000023188919200, 0x00000231889195c8]
Event: 11.248 Thread 0x000002319df7b800 6937       3       org.gradle.api.internal.provider.DefaultProvider::<init> (10 bytes)
Event: 11.248 Thread 0x000002319df7b800 nmethod 6937 0x0000023188919710 code [0x00000231889198c0, 0x0000023188919ad8]
Event: 11.250 Thread 0x000002319df7b800 6938       3       org.gradle.api.internal.provider.DefaultProperty::calculateValueFrom (10 bytes)
Event: 11.251 Thread 0x000002319df7b800 nmethod 6938 0x0000023188919c10 code [0x0000023188919de0, 0x000002318891a188]
Event: 11.251 Thread 0x000002319df7b800 6939       3       org.gradle.api.internal.provider.DefaultProperty::calculateValueFrom (8 bytes)
Event: 11.251 Thread 0x000002319df7b800 nmethod 6939 0x000002318891a290 code [0x000002318891a440, 0x000002318891a608]
Event: 11.253 Thread 0x00000231a1445000 nmethod 6755 0x000002318f4ca890 code [0x000002318f4cae20, 0x000002318f4d0360]
Event: 11.253 Thread 0x00000231a1445000 6874 %     4       org.gradle.internal.instantiation.generator.AbstractClassGenerator::inspectType @ 77 (560 bytes)

GC Heap History (20 events):
Event: 3.084 GC heap before
{Heap before GC invocations=1 (full 0):
 garbage-first heap   total 131072K, used 84202K [0x0000000080000000, 0x0000000100000000)
  region size 1024K, 76 young (77824K), 3 survivors (3072K)
 Metaspace       used 17680K, capacity 18108K, committed 18176K, reserved 1064960K
  class space    used 2086K, capacity 2238K, committed 2304K, reserved 1048576K
}
Event: 3.094 GC heap after
{Heap after GC invocations=2 (full 0):
 garbage-first heap   total 131072K, used 15945K [0x0000000080000000, 0x0000000100000000)
  region size 1024K, 10 young (10240K), 10 survivors (10240K)
 Metaspace       used 17680K, capacity 18108K, committed 18176K, reserved 1064960K
  class space    used 2086K, capacity 2238K, committed 2304K, reserved 1048576K
}
Event: 3.527 GC heap before
{Heap before GC invocations=2 (full 0):
 garbage-first heap   total 131072K, used 39497K [0x0000000080000000, 0x0000000100000000)
  region size 1024K, 34 young (34816K), 10 survivors (10240K)
 Metaspace       used 20636K, capacity 21140K, committed 21248K, reserved 1067008K
  class space    used 2524K, capacity 2722K, committed 2816K, reserved 1048576K
}
Event: 3.536 GC heap after
{Heap after GC invocations=3 (full 0):
 garbage-first heap   total 131072K, used 17304K [0x0000000080000000, 0x0000000100000000)
  region size 1024K, 1 young (1024K), 1 survivors (1024K)
 Metaspace       used 20636K, capacity 21140K, committed 21248K, reserved 1067008K
  class space    used 2524K, capacity 2722K, committed 2816K, reserved 1048576K
}
Event: 4.240 GC heap before
{Heap before GC invocations=4 (full 0):
 garbage-first heap   total 131072K, used 79768K [0x0000000080000000, 0x0000000100000000)
  region size 1024K, 62 young (63488K), 1 survivors (1024K)
 Metaspace       used 26520K, capacity 27152K, committed 27392K, reserved 1073152K
  class space    used 3495K, capacity 3755K, committed 3840K, reserved 1048576K
}
Event: 4.244 GC heap after
{Heap after GC invocations=5 (full 0):
 garbage-first heap   total 131072K, used 19138K [0x0000000080000000, 0x0000000100000000)
  region size 1024K, 3 young (3072K), 3 survivors (3072K)
 Metaspace       used 26520K, capacity 27152K, committed 27392K, reserved 1073152K
  class space    used 3495K, capacity 3755K, committed 3840K, reserved 1048576K
}
Event: 5.304 GC heap before
{Heap before GC invocations=5 (full 0):
 garbage-first heap   total 131072K, used 67266K [0x0000000080000000, 0x0000000100000000)
  region size 1024K, 51 young (52224K), 3 survivors (3072K)
 Metaspace       used 34935K, capacity 35750K, committed 35840K, reserved 1081344K
  class space    used 4532K, capacity 4832K, committed 4864K, reserved 1048576K
}
Event: 5.315 GC heap after
{Heap after GC invocations=6 (full 0):
 garbage-first heap   total 131072K, used 23001K [0x0000000080000000, 0x0000000100000000)
  region size 1024K, 7 young (7168K), 7 survivors (7168K)
 Metaspace       used 34935K, capacity 35750K, committed 35840K, reserved 1081344K
  class space    used 4532K, capacity 4832K, committed 4864K, reserved 1048576K
}
Event: 6.024 GC heap before
{Heap before GC invocations=7 (full 0):
 garbage-first heap   total 131072K, used 88537K [0x0000000080000000, 0x0000000100000000)
  region size 1024K, 68 young (69632K), 7 survivors (7168K)
 Metaspace       used 39509K, capacity 40446K, committed 40576K, reserved 1085440K
  class space    used 5052K, capacity 5390K, committed 5504K, reserved 1048576K
}
Event: 6.034 GC heap after
{Heap after GC invocations=8 (full 0):
 garbage-first heap   total 131072K, used 27715K [0x0000000080000000, 0x0000000100000000)
  region size 1024K, 9 young (9216K), 9 survivors (9216K)
 Metaspace       used 39509K, capacity 40446K, committed 40576K, reserved 1085440K
  class space    used 5052K, capacity 5390K, committed 5504K, reserved 1048576K
}
Event: 6.707 GC heap before
{Heap before GC invocations=8 (full 0):
 garbage-first heap   total 131072K, used 90179K [0x0000000080000000, 0x0000000100000000)
  region size 1024K, 70 young (71680K), 9 survivors (9216K)
 Metaspace       used 44927K, capacity 46046K, committed 46208K, reserved 1089536K
  class space    used 5781K, capacity 6187K, committed 6272K, reserved 1048576K
}
Event: 6.722 GC heap after
{Heap after GC invocations=9 (full 0):
 garbage-first heap   total 157696K, used 30080K [0x0000000080000000, 0x0000000100000000)
  region size 1024K, 4 young (4096K), 4 survivors (4096K)
 Metaspace       used 44927K, capacity 46046K, committed 46208K, reserved 1089536K
  class space    used 5781K, capacity 6187K, committed 6272K, reserved 1048576K
}
Event: 7.982 GC heap before
{Heap before GC invocations=9 (full 0):
 garbage-first heap   total 157696K, used 113024K [0x0000000080000000, 0x0000000100000000)
  region size 1024K, 79 young (80896K), 4 survivors (4096K)
 Metaspace       used 50882K, capacity 52274K, committed 52352K, reserved 1095680K
  class space    used 6462K, capacity 6965K, committed 7040K, reserved 1048576K
}
Event: 7.989 GC heap after
{Heap after GC invocations=10 (full 0):
 garbage-first heap   total 157696K, used 46001K [0x0000000080000000, 0x0000000100000000)
  region size 1024K, 10 young (10240K), 10 survivors (10240K)
 Metaspace       used 50882K, capacity 52274K, committed 52352K, reserved 1095680K
  class space    used 6462K, capacity 6965K, committed 7040K, reserved 1048576K
}
Event: 8.996 GC heap before
{Heap before GC invocations=10 (full 0):
 garbage-first heap   total 157696K, used 98225K [0x0000000080000000, 0x0000000100000000)
  region size 1024K, 62 young (63488K), 10 survivors (10240K)
 Metaspace       used 58554K, capacity 60037K, committed 60160K, reserved 1101824K
  class space    used 7422K, capacity 7969K, committed 8064K, reserved 1048576K
}
Event: 9.016 GC heap after
{Heap after GC invocations=11 (full 0):
 garbage-first heap   total 157696K, used 49531K [0x0000000080000000, 0x0000000100000000)
  region size 1024K, 3 young (3072K), 3 survivors (3072K)
 Metaspace       used 58554K, capacity 60037K, committed 60160K, reserved 1101824K
  class space    used 7422K, capacity 7969K, committed 8064K, reserved 1048576K
}
Event: 9.884 GC heap before
{Heap before GC invocations=12 (full 0):
 garbage-first heap   total 157696K, used 111995K [0x0000000080000000, 0x0000000100000000)
  region size 1024K, 64 young (65536K), 3 survivors (3072K)
 Metaspace       used 64177K, capacity 65734K, committed 65920K, reserved 1105920K
  class space    used 8122K, capacity 8723K, committed 8832K, reserved 1048576K
}
Event: 9.894 GC heap after
{Heap after GC invocations=13 (full 0):
 garbage-first heap   total 157696K, used 53478K [0x0000000080000000, 0x0000000100000000)
  region size 1024K, 7 young (7168K), 7 survivors (7168K)
 Metaspace       used 64177K, capacity 65734K, committed 65920K, reserved 1105920K
  class space    used 8122K, capacity 8723K, committed 8832K, reserved 1048576K
}
Event: 10.578 GC heap before
{Heap before GC invocations=14 (full 0):
 garbage-first heap   total 157696K, used 114918K [0x0000000080000000, 0x0000000100000000)
  region size 1024K, 67 young (68608K), 7 survivors (7168K)
 Metaspace       used 68094K, capacity 69737K, committed 69888K, reserved 1110016K
  class space    used 8696K, capacity 9372K, committed 9472K, reserved 1048576K
}
Event: 10.588 GC heap after
{Heap after GC invocations=15 (full 0):
 garbage-first heap   total 157696K, used 57898K [0x0000000080000000, 0x0000000100000000)
  region size 1024K, 9 young (9216K), 9 survivors (9216K)
 Metaspace       used 68094K, capacity 69737K, committed 69888K, reserved 1110016K
  class space    used 8696K, capacity 9372K, committed 9472K, reserved 1048576K
}

Deoptimization events (20 events):
Event: 11.141 Thread 0x00000231a162e000 Uncommon trap: trap_request=0xffffff4d fr.pc=0x000002318f2f0520 relative=0x00000000000001a0
Event: 11.141 Thread 0x00000231a162e000 Uncommon trap: reason=unstable_if action=reinterpret pc=0x000002318f2f0520 method=java.io.WinNTFileSystem.normalize(Ljava/lang/String;)Ljava/lang/String; @ 74 c2
Event: 11.141 Thread 0x00000231a162e000 DEOPT PACKING pc=0x000002318f2f0520 sp=0x000000a91dbf9e10
Event: 11.141 Thread 0x00000231a162e000 DEOPT UNPACKING pc=0x00000231875e74af sp=0x000000a91dbf9e08 mode 2
Event: 11.182 Thread 0x00000231a162e000 Uncommon trap: trap_request=0xffffff4d fr.pc=0x000002318f105ecc relative=0x00000000000009cc
Event: 11.182 Thread 0x00000231a162e000 Uncommon trap: reason=unstable_if action=reinterpret pc=0x000002318f105ecc method=java.util.HashMap.resize()[Ljava/util/HashMap$Node; @ 203 c2
Event: 11.182 Thread 0x00000231a162e000 DEOPT PACKING pc=0x000002318f105ecc sp=0x000000a91dbf9de0
Event: 11.182 Thread 0x00000231a162e000 DEOPT UNPACKING pc=0x00000231875e74af sp=0x000000a91dbf9d80 mode 2
Event: 11.183 Thread 0x00000231a162e000 Uncommon trap: trap_request=0xffffff4d fr.pc=0x000002318f3987ac relative=0x00000000000024cc
Event: 11.183 Thread 0x00000231a162e000 Uncommon trap: reason=unstable_if action=reinterpret pc=0x000002318f3987ac method=java.util.HashMap.getNode(ILjava/lang/Object;)Ljava/util/HashMap$Node; @ 84 c2
Event: 11.183 Thread 0x00000231a162e000 DEOPT PACKING pc=0x000002318f3987ac sp=0x000000a91dbf9e80
Event: 11.183 Thread 0x00000231a162e000 DEOPT UNPACKING pc=0x00000231875e74af sp=0x000000a91dbf9d68 mode 2
Event: 11.183 Thread 0x00000231a162e000 Uncommon trap: trap_request=0xffffff4d fr.pc=0x000002318f42e610 relative=0x00000000000002d0
Event: 11.183 Thread 0x00000231a162e000 Uncommon trap: reason=unstable_if action=reinterpret pc=0x000002318f42e610 method=java.util.HashMap.getNode(ILjava/lang/Object;)Ljava/util/HashMap$Node; @ 84 c2
Event: 11.183 Thread 0x00000231a162e000 DEOPT PACKING pc=0x000002318f42e610 sp=0x000000a91dbf9e30
Event: 11.183 Thread 0x00000231a162e000 DEOPT UNPACKING pc=0x00000231875e74af sp=0x000000a91dbf9d50 mode 2
Event: 11.183 Thread 0x00000231a162e000 Uncommon trap: trap_request=0xffffff4d fr.pc=0x000002318f3113e8 relative=0x00000000000001a8
Event: 11.183 Thread 0x00000231a162e000 Uncommon trap: reason=unstable_if action=reinterpret pc=0x000002318f3113e8 method=java.util.HashMap.getNode(ILjava/lang/Object;)Ljava/util/HashMap$Node; @ 84 c2
Event: 11.183 Thread 0x00000231a162e000 DEOPT PACKING pc=0x000002318f3113e8 sp=0x000000a91dbf9dd0
Event: 11.183 Thread 0x00000231a162e000 DEOPT UNPACKING pc=0x00000231875e74af sp=0x000000a91dbf9d58 mode 2

Classes redefined (0 events):
No events

Internal exceptions (20 events):
Event: 10.158 Thread 0x00000231a162e000 Exception <a 'java/lang/ClassNotFoundException'{0x0000000087eb1c00}: org/jetbrains/kotlin/gradle/dsl/KotlinJvmOptionsBaseBeanInfo> (0x0000000087eb1c00) thrown at [./src/hotspot/share/classfile/systemDictionary.cpp, line 231]
Event: 10.158 Thread 0x00000231a162e000 Exception <a 'java/lang/ClassNotFoundException'{0x0000000087ec98f8}: org/jetbrains/kotlin/gradle/dsl/KotlinJvmOptionsBaseCustomizer> (0x0000000087ec98f8) thrown at [./src/hotspot/share/classfile/systemDictionary.cpp, line 231]
Event: 10.160 Thread 0x00000231a162e000 Exception <a 'java/lang/ClassNotFoundException'{0x0000000087ef9d68}: org/jetbrains/kotlin/gradle/dsl/KotlinJvmOptionsImplCustomizer> (0x0000000087ef9d68) thrown at [./src/hotspot/share/classfile/systemDictionary.cpp, line 231]
Event: 10.166 Thread 0x00000231a162e000 Exception <a 'java/lang/ClassNotFoundException'{0x0000000087dd9398}: groovy/lang/GString$1BeanInfo> (0x0000000087dd9398) thrown at [./src/hotspot/share/classfile/systemDictionary.cpp, line 231]
Event: 10.167 Thread 0x00000231a162e000 Exception <a 'java/lang/ClassNotFoundException'{0x0000000087c13120}: groovy/lang/GStringBeanInfo> (0x0000000087c13120) thrown at [./src/hotspot/share/classfile/systemDictionary.cpp, line 231]
Event: 10.169 Thread 0x00000231a162e000 Exception <a 'java/lang/ClassNotFoundException'{0x0000000087c4cb38}: groovy/lang/GStringCustomizer> (0x0000000087c4cb38) thrown at [./src/hotspot/share/classfile/systemDictionary.cpp, line 231]
Event: 10.171 Thread 0x00000231a162e000 Exception <a 'java/lang/ClassNotFoundException'{0x0000000087c90748}: groovy/lang/GString$1Customizer> (0x0000000087c90748) thrown at [./src/hotspot/share/classfile/systemDictionary.cpp, line 231]
Event: 10.179 Thread 0x00000231a162e000 Exception <a 'java/lang/ClassNotFoundException'{0x00000000879b7598}: org/codehaus/groovy/runtime/GStringImplBeanInfo> (0x00000000879b7598) thrown at [./src/hotspot/share/classfile/systemDictionary.cpp, line 231]
Event: 10.182 Thread 0x00000231a162e000 Exception <a 'java/lang/ClassNotFoundException'{0x000000008765c110}: org/codehaus/groovy/runtime/GStringImplCustomizer> (0x000000008765c110) thrown at [./src/hotspot/share/classfile/systemDictionary.cpp, line 231]
Event: 10.849 Thread 0x00000231a162e000 Exception <a 'java/lang/ClassNotFoundException'{0x0000000088806228}: com/android/build/gradle/internal/api/ApkVariantOutputImpl_DecoratedBeanInfo> (0x0000000088806228) thrown at [./src/hotspot/share/classfile/systemDictionary.cpp, line 231]
Event: 10.849 Thread 0x00000231a162e000 Exception <a 'java/lang/ClassNotFoundException'{0x000000008881f800}: com/android/build/gradle/internal/api/ApkVariantOutputImplBeanInfo> (0x000000008881f800) thrown at [./src/hotspot/share/classfile/systemDictionary.cpp, line 231]
Event: 10.850 Thread 0x00000231a162e000 Exception <a 'java/lang/ClassNotFoundException'{0x0000000088839590}: com/android/build/gradle/internal/api/BaseVariantOutputImplBeanInfo> (0x0000000088839590) thrown at [./src/hotspot/share/classfile/systemDictionary.cpp, line 231]
Event: 10.850 Thread 0x00000231a162e000 Exception <a 'java/lang/ClassNotFoundException'{0x0000000088853388}: com/android/build/gradle/internal/api/BaseVariantOutputImplCustomizer> (0x0000000088853388) thrown at [./src/hotspot/share/classfile/systemDictionary.cpp, line 231]
Event: 10.852 Thread 0x00000231a162e000 Exception <a 'java/lang/ClassNotFoundException'{0x0000000088880038}: com/android/build/gradle/internal/api/ApkVariantOutputImplCustomizer> (0x0000000088880038) thrown at [./src/hotspot/share/classfile/systemDictionary.cpp, line 231]
Event: 10.853 Thread 0x00000231a162e000 Exception <a 'java/lang/ClassNotFoundException'{0x00000000888a8b30}: com/android/build/gradle/internal/api/ApkVariantOutputImpl_DecoratedCustomizer> (0x00000000888a8b30) thrown at [./src/hotspot/share/classfile/systemDictionary.cpp, line 231]
Event: 10.872 Thread 0x00000231a162e000 Exception <a 'java/lang/ClassNotFoundException'{0x0000000088614a30}: com/android/build/gradle/internal/api/ReadOnlyBuildTypeBeanInfo> (0x0000000088614a30) thrown at [./src/hotspot/share/classfile/systemDictionary.cpp, line 231]
Event: 10.873 Thread 0x00000231a162e000 Exception <a 'java/lang/ClassNotFoundException'{0x000000008862d7d8}: com/android/build/gradle/internal/api/ReadOnlyBaseConfigBeanInfo> (0x000000008862d7d8) thrown at [./src/hotspot/share/classfile/systemDictionary.cpp, line 231]
Event: 10.873 Thread 0x00000231a162e000 Exception <a 'java/lang/ClassNotFoundException'{0x0000000088646d78}: com/android/build/gradle/internal/api/ReadOnlyBaseConfigCustomizer> (0x0000000088646d78) thrown at [./src/hotspot/share/classfile/systemDictionary.cpp, line 231]
Event: 10.874 Thread 0x00000231a162e000 Exception <a 'java/lang/ClassNotFoundException'{0x0000000088670260}: com/android/build/gradle/internal/api/ReadOnlyBuildTypeCustomizer> (0x0000000088670260) thrown at [./src/hotspot/share/classfile/systemDictionary.cpp, line 231]
Event: 11.243 Thread 0x00000231a162e000 Exception <a 'sun/nio/fs/WindowsException'{0x0000000087111760}> (0x0000000087111760) thrown at [./src/hotspot/share/prims/jni.cpp, line 615]

Events (20 events):
Event: 11.261 loading class com/android/repository/api/ProgressIndicatorAdapter done
Event: 11.262 loading class com/android/sdklib/repository/AndroidSdkHandler
Event: 11.262 loading class com/android/sdklib/repository/AndroidSdkHandler done
Event: 11.264 loading class com/android/repository/api/SchemaModule
Event: 11.264 loading class com/android/repository/api/SchemaModule done
Event: 11.265 loading class com/android/sdklib/repository/generated/addon/v1/ObjectFactory
Event: 11.265 loading class com/android/sdklib/repository/generated/addon/v1/ObjectFactory done
Event: 11.266 loading class com/android/sdklib/repository/meta/AddonFactory
Event: 11.266 loading class com/android/sdklib/repository/meta/AddonFactory done
Event: 11.266 loading class com/android/sdklib/repository/meta/DetailsTypes$AddonDetailsType
Event: 11.266 loading class com/android/sdklib/repository/meta/DetailsTypes$AddonDetailsType done
Event: 11.266 loading class com/android/sdklib/repository/meta/DetailsTypes$ApiDetailsType
Event: 11.266 loading class com/android/sdklib/repository/meta/DetailsTypes$ApiDetailsType done
Event: 11.267 loading class com/android/sdklib/repository/meta/DetailsTypes$AddonDetailsType$Libraries
Event: 11.267 loading class com/android/sdklib/repository/meta/DetailsTypes$AddonDetailsType$Libraries done
Event: 11.267 loading class com/android/sdklib/repository/generated/addon/v1/LibrariesType
Event: 11.267 loading class com/android/sdklib/repository/generated/addon/v1/LibrariesType done
Event: 11.268 loading class com/android/sdklib/repository/meta/DetailsTypes$ExtraDetailsType
Event: 11.268 loading class com/android/sdklib/repository/meta/DetailsTypes$ExtraDetailsType done
Event: 11.268 loading class javax/xml/namespace/QName


Dynamic libraries:
0x00007ff74fa00000 - 0x00007ff74fa0a000 	C:\Users\Dark Knight\Desktop\Android Studio\jre\bin\java.exe
0x00007ffee3570000 - 0x00007ffee3765000 	C:\WINDOWS\SYSTEM32\ntdll.dll
0x00007ffee15f0000 - 0x00007ffee16ad000 	C:\WINDOWS\System32\KERNEL32.DLL
0x00007ffee12d0000 - 0x00007ffee1599000 	C:\WINDOWS\System32\KERNELBASE.dll
0x00007ffee0cd0000 - 0x00007ffee0dd0000 	C:\WINDOWS\System32\ucrtbase.dll
0x00007ffed78c0000 - 0x00007ffed78d9000 	C:\Users\Dark Knight\Desktop\Android Studio\jre\bin\jli.dll
0x00007ffed7830000 - 0x00007ffed7847000 	C:\Users\Dark Knight\Desktop\Android Studio\jre\bin\VCRUNTIME140.dll
0x00007ffee1f30000 - 0x00007ffee20d0000 	C:\WINDOWS\System32\USER32.dll
0x00007ffee0ca0000 - 0x00007ffee0cc2000 	C:\WINDOWS\System32\win32u.dll
0x00007ffee20d0000 - 0x00007ffee20fa000 	C:\WINDOWS\System32\GDI32.dll
0x00007ffecb000000 - 0x00007ffecb29a000 	C:\WINDOWS\WinSxS\amd64_microsoft.windows.common-controls_6595b64144ccf1df_6.0.19041.1110_none_60b5254171f9507e\COMCTL32.dll
0x00007ffee32b0000 - 0x00007ffee334e000 	C:\WINDOWS\System32\msvcrt.dll
0x00007ffee11c0000 - 0x00007ffee12cb000 	C:\WINDOWS\System32\gdi32full.dll
0x00007ffee0dd0000 - 0x00007ffee0e6d000 	C:\WINDOWS\System32\msvcp_win.dll
0x00007ffee23d0000 - 0x00007ffee2400000 	C:\WINDOWS\System32\IMM32.DLL
0x00007ffeb7000000 - 0x00007ffeb709d000 	C:\Users\Dark Knight\Desktop\Android Studio\jre\bin\msvcp140.dll
0x00007ffe93330000 - 0x00007ffe93dec000 	C:\Users\Dark Knight\Desktop\Android Studio\jre\bin\server\jvm.dll
0x00007ffee1780000 - 0x00007ffee182c000 	C:\WINDOWS\System32\ADVAPI32.dll
0x00007ffee1830000 - 0x00007ffee18cb000 	C:\WINDOWS\System32\sechost.dll
0x00007ffee3350000 - 0x00007ffee347a000 	C:\WINDOWS\System32\RPCRT4.dll
0x00007ffee2d90000 - 0x00007ffee2d98000 	C:\WINDOWS\System32\PSAPI.DLL
0x00007ffedc050000 - 0x00007ffedc059000 	C:\WINDOWS\SYSTEM32\WSOCK32.dll
0x00007ffecb2b0000 - 0x00007ffecb2d7000 	C:\WINDOWS\SYSTEM32\WINMM.dll
0x00007ffed7fc0000 - 0x00007ffed7fca000 	C:\WINDOWS\SYSTEM32\VERSION.dll
0x00007ffee2360000 - 0x00007ffee23cb000 	C:\WINDOWS\System32\WS2_32.dll
0x00007ffedf530000 - 0x00007ffedf542000 	C:\WINDOWS\SYSTEM32\kernel.appcore.dll
0x00007ffedbf70000 - 0x00007ffedbf81000 	C:\Users\Dark Knight\Desktop\Android Studio\jre\bin\verify.dll
0x00007ffedeab0000 - 0x00007ffedec94000 	C:\WINDOWS\SYSTEM32\DBGHELP.DLL
0x00007ffec9830000 - 0x00007ffec985c000 	C:\WINDOWS\SYSTEM32\dbgcore.DLL
0x00007ffee0f70000 - 0x00007ffee0ff3000 	C:\WINDOWS\System32\bcryptPrimitives.dll
0x00007ffeda190000 - 0x00007ffeda1b9000 	C:\Users\Dark Knight\Desktop\Android Studio\jre\bin\java.dll
0x00007ffedc030000 - 0x00007ffedc03b000 	C:\Users\Dark Knight\Desktop\Android Studio\jre\bin\jimage.dll
0x00007ffeda130000 - 0x00007ffeda148000 	C:\Users\Dark Knight\Desktop\Android Studio\jre\bin\zip.dll
0x00007ffee25f0000 - 0x00007ffee2d2f000 	C:\WINDOWS\System32\SHELL32.dll
0x00007ffeded90000 - 0x00007ffedf520000 	C:\WINDOWS\SYSTEM32\windows.storage.dll
0x00007ffee2da0000 - 0x00007ffee30f5000 	C:\WINDOWS\System32\combase.dll
0x00007ffee0700000 - 0x00007ffee072c000 	C:\WINDOWS\SYSTEM32\Wldp.dll
0x00007ffee1e80000 - 0x00007ffee1f2e000 	C:\WINDOWS\System32\SHCORE.dll
0x00007ffee2400000 - 0x00007ffee2455000 	C:\WINDOWS\System32\shlwapi.dll
0x00007ffee0be0000 - 0x00007ffee0bff000 	C:\WINDOWS\SYSTEM32\profapi.dll
0x00007ffed9f10000 - 0x00007ffed9f2a000 	C:\Users\Dark Knight\Desktop\Android Studio\jre\bin\net.dll
0x00007ffed5b40000 - 0x00007ffed5c48000 	C:\WINDOWS\SYSTEM32\WINHTTP.dll
0x00007ffee0460000 - 0x00007ffee04ca000 	C:\WINDOWS\system32\mswsock.dll
0x00007ffed8c00000 - 0x00007ffed8c14000 	C:\Users\Dark Knight\Desktop\Android Studio\jre\bin\nio.dll
0x00007ffed78e0000 - 0x00007ffed7907000 	C:\Users\Dark Knight\.gradle\native\8bec1ad78214c89d9ad589b4d07fe93259594b29d510b10fafb7a158f7737e5d\windows-amd64\native-platform.dll
0x00007ffe9a580000 - 0x00007ffe9a6bd000 	C:\Users\Dark Knight\.gradle\native\53dbd7edfb1c66fb8903c78663c9afc45aea4f116125fa6feffd364cf09443e8\windows-amd64\native-platform-file-events.dll
0x00007ffeda180000 - 0x00007ffeda18a000 	C:\Users\Dark Knight\Desktop\Android Studio\jre\bin\management.dll
0x00007ffed9ff0000 - 0x00007ffed9ffc000 	C:\Users\Dark Knight\Desktop\Android Studio\jre\bin\management_ext.dll
0x00007ffee0650000 - 0x00007ffee0668000 	C:\WINDOWS\SYSTEM32\CRYPTSP.dll
0x00007ffedfd70000 - 0x00007ffedfda4000 	C:\WINDOWS\system32\rsaenh.dll
0x00007ffee15a0000 - 0x00007ffee15c7000 	C:\WINDOWS\System32\bcrypt.dll
0x00007ffee0ba0000 - 0x00007ffee0bce000 	C:\WINDOWS\SYSTEM32\USERENV.dll
0x00007ffee0670000 - 0x00007ffee067c000 	C:\WINDOWS\SYSTEM32\CRYPTBASE.dll
0x00007ffee0100000 - 0x00007ffee013b000 	C:\WINDOWS\SYSTEM32\IPHLPAPI.DLL
0x00007ffee18d0000 - 0x00007ffee18d8000 	C:\WINDOWS\System32\NSI.dll
0x00007ffecfdf0000 - 0x00007ffecfe07000 	C:\WINDOWS\SYSTEM32\dhcpcsvc6.DLL
0x00007ffed0340000 - 0x00007ffed035d000 	C:\WINDOWS\SYSTEM32\dhcpcsvc.DLL
0x00007ffee0140000 - 0x00007ffee020c000 	C:\WINDOWS\SYSTEM32\DNSAPI.dll

dbghelp: loaded successfully - version: 4.0.5 - missing functions: none
symbol engine: initialized successfully - sym options: 0x614 - pdb path: .;C:\Users\Dark Knight\Desktop\Android Studio\jre\bin;C:\WINDOWS\SYSTEM32;C:\WINDOWS\WinSxS\amd64_microsoft.windows.common-controls_6595b64144ccf1df_6.0.19041.1110_none_60b5254171f9507e;C:\Users\Dark Knight\Desktop\Android Studio\jre\bin\server;C:\Users\Dark Knight\.gradle\native\8bec1ad78214c89d9ad589b4d07fe93259594b29d510b10fafb7a158f7737e5d\windows-amd64;C:\Users\Dark Knight\.gradle\native\53dbd7edfb1c66fb8903c78663c9afc45aea4f116125fa6feffd364cf09443e8\windows-amd64

VM Arguments:
jvm_args: --add-opens=java.base/java.util=ALL-UNNAMED --add-opens=java.base/java.lang=ALL-UNNAMED --add-opens=java.base/java.lang.invoke=ALL-UNNAMED --add-opens=java.base/java.util=ALL-UNNAMED --add-opens=java.prefs/java.util.prefs=ALL-UNNAMED --add-opens=java.prefs/java.util.prefs=ALL-UNNAMED --add-opens=java.base/java.nio.charset=ALL-UNNAMED --add-opens=java.base/java.net=ALL-UNNAMED --add-opens=java.base/java.util.concurrent.atomic=ALL-UNNAMED -Xmx2048m -Dfile.encoding=UTF-8 -Duser.country=IN -Duser.language=en -Duser.variant 
java_command: org.gradle.launcher.daemon.bootstrap.GradleDaemon 7.0.2
java_class_path (initial): C:\Users\Dark Knight\.gradle\wrapper\dists\gradle-7.0.2-bin\857tjihv64xamwrf0h14cai3r\gradle-7.0.2\lib\gradle-launcher-7.0.2.jar
Launcher Type: SUN_STANDARD

[Global flags]
     intx CICompilerCount                          = 4                                         {product} {ergonomic}
     uint ConcGCThreads                            = 2                                         {product} {ergonomic}
     uint G1ConcRefinementThreads                  = 8                                         {product} {ergonomic}
   size_t G1HeapRegionSize                         = 1048576                                   {product} {ergonomic}
    uintx GCDrainStackTargetSize                   = 64                                        {product} {ergonomic}
   size_t InitialHeapSize                          = 134217728                                 {product} {ergonomic}
   size_t MarkStackSize                            = 4194304                                   {product} {ergonomic}
   size_t MaxHeapSize                              = 2147483648                                {product} {command line}
   size_t MaxNewSize                               = 1287651328                                {product} {ergonomic}
   size_t MinHeapDeltaBytes                        = 1048576                                   {product} {ergonomic}
    uintx NonNMethodCodeHeapSize                   = 5836300                                {pd product} {ergonomic}
    uintx NonProfiledCodeHeapSize                  = 122910970                              {pd product} {ergonomic}
    uintx ProfiledCodeHeapSize                     = 122910970                              {pd product} {ergonomic}
    uintx ReservedCodeCacheSize                    = 251658240                              {pd product} {ergonomic}
     bool SegmentedCodeCache                       = true                                      {product} {ergonomic}
     bool UseCompressedClassPointers               = true                                 {lp64_product} {ergonomic}
     bool UseCompressedOops                        = true                                 {lp64_product} {ergonomic}
     bool UseG1GC                                  = true                                      {product} {ergonomic}
     bool UseLargePagesIndividualAllocation        = false                                  {pd product} {ergonomic}

Logging:
Log output configuration:
 #0: stdout all=warning uptime,level,tags
 #1: stderr all=off uptime,level,tags

Environment Variables:
PATH=C:\Windows\system32;C:\Windows;C:\Windows\System32\Wbem;C:\Windows\System32\WindowsPowerShell\v1.0\;C:\Windows\System32\OpenSSH\;C:\Program Files (x86)\NVIDIA Corporation\PhysX\Common;C:\Program Files\NVIDIA Corporation\NVIDIA NvDLISR;C:\WINDOWS\system32;C:\WINDOWS;C:\WINDOWS\System32\Wbem;C:\WINDOWS\System32\WindowsPowerShell\v1.0\;C:\WINDOWS\System32\OpenSSH\;C:\MinGW\bin;C:\Program Files\MEGA-X;C:\WINDOWS\system32;C:\WINDOWS;C:\WINDOWS\System32\Wbem;C:\WINDOWS\System32\WindowsPowerShell\v1.0\;C:\WINDOWS\System32\OpenSSH\;C:\Program Files\Git\cmd;C:\Users\Dark Knight\AppData\Local\Microsoft\WindowsApps;C:\Users\Dark Knight\AppData\Local\atom\bin;C:\MinGW\bin;C:\Program Files (x86)\Microsoft Visual Studio\2019\BuildTools\MSBuild\Current\Bin;C:\Users\Dark Knight\AppData\Local\Microsoft\WindowsApps
USERNAME=Dark Knight
OS=Windows_NT
PROCESSOR_IDENTIFIER=Intel64 Family 6 Model 158 Stepping 10, GenuineIntel



---------------  S Y S T E M  ---------------

OS: Windows 10 , 64 bit Build 19041 (10.0.19041.1151)
OS uptime: 17 days 8:43 hours

CPU:total 8 (initial active 8) (4 cores per cpu, 2 threads per core) family 6 model 158 stepping 10, cmov, cx8, fxsr, mmx, sse, sse2, sse3, ssse3, sse4.1, sse4.2, popcnt, avx, avx2, aes, clmul, erms, 3dnowpref, lzcnt, ht, tsc, tscinvbit, bmi1, bmi2, adx, fma

Memory: 4k page, system-wide physical 8072M (805M free)
TotalPageFile size 12168M (AvailPageFile size 7M)
current process WorkingSet (physical memory assigned to process): 387M, peak: 388M
current process commit charge ("private bytes"): 423M, peak: 426M

vm_info: OpenJDK 64-Bit Server VM (11.0.8+10-b944.6842174) for windows-amd64 JRE (11.0.8+10-b944.6842174), built on Sep 19 2020 01:11:42 by "builder" with MS VC++ 14.0 (VS2015)

END.
