#
# There is insufficient memory for the Java Runtime Environment to continue.
# Native memory allocation (mmap) failed to map 35651584 bytes for Failed to commit area from 0x0000000089c00000 to 0x000000008be00000 of length 35651584.
# Possible reasons:
#   The system is out of physical RAM or swap space
#   The process is running with CompressedOops enabled, and the Java Heap may be blocking the growth of the native heap
# Possible solutions:
#   Reduce memory load on the system
#   Increase physical memory or swap space
#   Check if swap backing store is full
#   Decrease Java heap size (-Xmx/-Xms)
#   Decrease number of Java threads
#   Decrease Java thread stack sizes (-Xss)
#   Set larger code cache with -XX:ReservedCodeCacheSize=
#   JVM is running with Unscaled Compressed Oops mode in which the Java heap is
#     placed in the first 4GB address space. The Java Heap base address is the
#     maximum limit for the native heap growth. Please use -XX:HeapBaseMinAddress
#     to set the Java Heap base and to place the Java Heap above 4GB virtual address.
# This output file may be truncated or incomplete.
#
#  Out of Memory Error (./src/hotspot/os/windows/os_windows.cpp:3303), pid=45960, tid=24288
#
# JRE version: OpenJDK Runtime Environment (11.0.8+10) (build 11.0.8+10-b944.6842174)
# Java VM: OpenJDK 64-Bit Server VM (11.0.8+10-b944.6842174, mixed mode, tiered, compressed oops, g1 gc, windows-amd64)
# No core dump will be written. Minidumps are not enabled by default on client versions of Windows
#

---------------  S U M M A R Y ------------

Command Line: org.jetbrains.kotlin.cli.jvm.K2JVMCompiler @C:\Android Projects\Udemy TUTORIAL\7MinuteWorkout2\app\build\20210831_14013333999983344317.compiler.options

Host: Intel(R) Core(TM) i5-9300H CPU @ 2.40GHz, 8 cores, 7G,  Windows 10 , 64 bit Build 19041 (10.0.19041.1151)
Time: Tue Aug 31 18:44:10 2021 India Standard Time elapsed time: 7 seconds (0d 0h 0m 7s)

---------------  T H R E A D  ---------------

Current thread (0x0000015959314800):  VMThread "VM Thread" [stack: 0x0000003d8ad00000,0x0000003d8ae00000] [id=24288]

Stack: [0x0000003d8ad00000,0x0000003d8ae00000]
[error occurred during error reporting (printing stack bounds), id 0xc0000005, EXCEPTION_ACCESS_VIOLATION (0xc0000005) at pc=0x0000015941a70dad]

Native frames: (J=compiled Java code, j=interpreted, Vv=VM code, C=native code)
V  [jvm.dll+0x5de50a]
V  [jvm.dll+0x7122f5]
V  [jvm.dll+0x71384d]
V  [jvm.dll+0x713e65]
V  [jvm.dll+0x713e1b]
V  [jvm.dll+0x5dd958]
V  [jvm.dll+0x5de0f8]
C  [ntdll.dll+0xa217f]
C  [ntdll.dll+0x51454]
C  [ntdll.dll+0xa0cae]
C  0x0000015941a70dad

VM_Operation (0x0000003d8a7fcae0): G1CollectForAllocation, mode: safepoint, requested by thread 0x000001593e0da800


---------------  P R O C E S S  ---------------

Threads class SMR info:
_java_thread_list=0x000001595def0200, length=12, elements={
0x000001593e0da800, 0x0000015958afe000, 0x0000015958b09800, 0x0000015959325000,
0x0000015959326000, 0x0000015959328800, 0x000001595932b000, 0x0000015959372800,
0x00000159594f3800, 0x00000159594f8800, 0x000001595aced800, 0x000001595b048800
}

Java Threads: ( => current thread )
  0x000001593e0da800 JavaThread "main" [_thread_blocked, id=49100, stack(0x0000003d8a700000,0x0000003d8a800000)]
  0x0000015958afe000 JavaThread "Reference Handler" daemon [_thread_blocked, id=48100, stack(0x0000003d8ae00000,0x0000003d8af00000)]
  0x0000015958b09800 JavaThread "Finalizer" daemon [_thread_blocked, id=30524, stack(0x0000003d8af00000,0x0000003d8b000000)]
  0x0000015959325000 JavaThread "Signal Dispatcher" daemon [_thread_blocked, id=40952, stack(0x0000003d8b000000,0x0000003d8b100000)]
  0x0000015959326000 JavaThread "Attach Listener" daemon [_thread_blocked, id=32356, stack(0x0000003d8b100000,0x0000003d8b200000)]
  0x0000015959328800 JavaThread "C2 CompilerThread0" daemon [_thread_in_native, id=29408, stack(0x0000003d8b200000,0x0000003d8b300000)]
  0x000001595932b000 JavaThread "C1 CompilerThread0" daemon [_thread_blocked, id=21280, stack(0x0000003d8b300000,0x0000003d8b400000)]
  0x0000015959372800 JavaThread "Sweeper thread" daemon [_thread_blocked, id=50096, stack(0x0000003d8b400000,0x0000003d8b500000)]
  0x00000159594f3800 JavaThread "Service Thread" daemon [_thread_blocked, id=31020, stack(0x0000003d8b500000,0x0000003d8b600000)]
  0x00000159594f8800 JavaThread "Common-Cleaner" daemon [_thread_blocked, id=5292, stack(0x0000003d8b700000,0x0000003d8b800000)]
  0x000001595aced800 JavaThread "C2 CompilerThread1" daemon [_thread_blocked, id=50412, stack(0x0000003d8bb00000,0x0000003d8bc00000)]
  0x000001595b048800 JavaThread "C2 CompilerThread2" daemon [_thread_blocked, id=37176, stack(0x0000003d8bc00000,0x0000003d8bd00000)]

Other Threads:
=>0x0000015959314800 VMThread "VM Thread" [stack: 0x0000003d8ad00000,0x0000003d8ae00000] [id=24288]
  0x00000159594f4800 WatcherThread [stack: 0x0000003d8b600000,0x0000003d8b700000] [id=45232]
  0x000001593e0f2800 GCTaskThread "GC Thread#0" [stack: 0x0000003d8a800000,0x0000003d8a900000] [id=39160]
  0x0000015959c73000 GCTaskThread "GC Thread#1" [stack: 0x0000003d8b900000,0x0000003d8ba00000] [id=22728]
  0x0000015959c4a800 GCTaskThread "GC Thread#2" [stack: 0x0000003d8ba00000,0x0000003d8bb00000] [id=50340]
  0x000001593e122000 ConcurrentGCThread "G1 Main Marker" [stack: 0x0000003d8a900000,0x0000003d8aa00000] [id=45128]
  0x000001593e123800 ConcurrentGCThread "G1 Conc#0" [stack: 0x0000003d8aa00000,0x0000003d8ab00000] [id=50844]
  0x0000015959c5f000 ConcurrentGCThread "G1 Conc#1" [stack: 0x0000003d8b800000,0x0000003d8b900000] [id=25684]
  0x0000015958940800 ConcurrentGCThread "G1 Refine#0" [stack: 0x0000003d8ab00000,0x0000003d8ac00000] [id=35164]
  0x0000015958941800 ConcurrentGCThread "G1 Young RemSet Sampling" [stack: 0x0000003d8ac00000,0x0000003d8ad00000] [id=50960]

Threads with active compile tasks:
C2 CompilerThread0   7158 5163       4       org.jetbrains.kotlin.load.java.structure.impl.classFiles.BinaryJavaMethodBase$Companion::create (613 bytes)
C2 CompilerThread2   7158 5526       4       org.jetbrains.kotlin.descriptors.impl.ValueParameterDescriptorImpl::getOverriddenDescriptors (131 bytes)

VM state:at safepoint (normal execution)

VM Mutex/Monitor currently owned by a thread:  ([mutex/lock_event])
[0x000001593e0d74e0] Threads_lock - owner thread: 0x0000015959314800
[0x000001593e0d7f90] Heap_lock - owner thread: 0x000001593e0da800

Heap address: 0x0000000081c00000, size: 2020 MB, Compressed Oops mode: 32-bit
Narrow klass base: 0x0000000000000000, Narrow klass shift: 3
Compressed class space size: 1073741824 Address: 0x0000000100000000

Heap:
 garbage-first heap   total 165888K, used 43341K [0x0000000081c00000, 0x0000000100000000)
  region size 1024K, 8 young (8192K), 8 survivors (8192K)
 Metaspace       used 50949K, capacity 51553K, committed 51916K, reserved 1095680K
  class space    used 5800K, capacity 6036K, committed 6144K, reserved 1048576K
Heap Regions: E=young(eden), S=young(survivor), O=old, HS=humongous(starts), HC=humongous(continues), CS=collection set, F=free, A=archive, TAMS=top-at-mark-start (previous, next)
|   0|0x0000000081c00000, 0x0000000081d00000, 0x0000000081d00000|100%|HS|  |TAMS 0x0000000081d00000, 0x0000000081c00000| Complete 
|   1|0x0000000081d00000, 0x0000000081e00000, 0x0000000081e00000|100%|HC|  |TAMS 0x0000000081e00000, 0x0000000081d00000| Complete 
|   2|0x0000000081e00000, 0x0000000081f00000, 0x0000000081f00000|100%|HC|  |TAMS 0x0000000081f00000, 0x0000000081e00000| Complete 
|   3|0x0000000081f00000, 0x0000000082000000, 0x0000000082000000|100%|HS|  |TAMS 0x0000000082000000, 0x0000000081f00000| Complete 
|   4|0x0000000082000000, 0x0000000082100000, 0x0000000082100000|100%|HC|  |TAMS 0x0000000082100000, 0x0000000082000000| Complete 
|   5|0x0000000082100000, 0x0000000082200000, 0x0000000082200000|100%|HC|  |TAMS 0x0000000082200000, 0x0000000082100000| Complete 
|   6|0x0000000082200000, 0x0000000082300000, 0x0000000082300000|100%|HS|  |TAMS 0x0000000082300000, 0x0000000082200000| Complete 
|   7|0x0000000082300000, 0x0000000082400000, 0x0000000082400000|100%|HC|  |TAMS 0x0000000082400000, 0x0000000082300000| Complete 
|   8|0x0000000082400000, 0x0000000082500000, 0x0000000082500000|100%|HC|  |TAMS 0x0000000082500000, 0x0000000082400000| Complete 
|   9|0x0000000082500000, 0x0000000082600000, 0x0000000082600000|100%|HS|  |TAMS 0x0000000082600000, 0x0000000082500000| Complete 
|  10|0x0000000082600000, 0x0000000082700000, 0x0000000082700000|100%|HC|  |TAMS 0x0000000082700000, 0x0000000082600000| Complete 
|  11|0x0000000082700000, 0x0000000082800000, 0x0000000082800000|100%| O|  |TAMS 0x0000000082800000, 0x0000000082700000| Untracked 
|  12|0x0000000082800000, 0x0000000082900000, 0x0000000082900000|100%| O|  |TAMS 0x0000000082900000, 0x0000000082800000| Untracked 
|  13|0x0000000082900000, 0x0000000082a00000, 0x0000000082a00000|100%| O|  |TAMS 0x0000000082a00000, 0x0000000082900000| Untracked 
|  14|0x0000000082a00000, 0x0000000082b00000, 0x0000000082b00000|100%| O|  |TAMS 0x0000000082b00000, 0x0000000082a00000| Untracked 
|  15|0x0000000082b00000, 0x0000000082c00000, 0x0000000082c00000|100%| O|  |TAMS 0x0000000082c00000, 0x0000000082b00000| Untracked 
|  16|0x0000000082c00000, 0x0000000082d00000, 0x0000000082d00000|100%| O|  |TAMS 0x0000000082d00000, 0x0000000082c00000| Untracked 
|  17|0x0000000082d00000, 0x0000000082e00000, 0x0000000082e00000|100%| O|  |TAMS 0x0000000082e00000, 0x0000000082d00000| Untracked 
|  18|0x0000000082e00000, 0x0000000082f00000, 0x0000000082f00000|100%| O|  |TAMS 0x0000000082f00000, 0x0000000082e00000| Untracked 
|  19|0x0000000082f00000, 0x0000000083000000, 0x0000000083000000|100%| O|  |TAMS 0x0000000083000000, 0x0000000082f00000| Untracked 
|  20|0x0000000083000000, 0x0000000083100000, 0x0000000083100000|100%| O|  |TAMS 0x0000000083100000, 0x0000000083000000| Untracked 
|  21|0x0000000083100000, 0x0000000083200000, 0x0000000083200000|100%| O|  |TAMS 0x0000000083200000, 0x0000000083100000| Untracked 
|  22|0x0000000083200000, 0x0000000083300000, 0x0000000083300000|100%| O|  |TAMS 0x0000000083300000, 0x0000000083200000| Untracked 
|  23|0x0000000083300000, 0x0000000083400000, 0x0000000083400000|100%| O|  |TAMS 0x0000000083300000, 0x0000000083300000| Untracked 
|  24|0x0000000083400000, 0x0000000083500000, 0x0000000083500000|100%| O|  |TAMS 0x0000000083400000, 0x0000000083400000| Untracked 
|  25|0x0000000083500000, 0x0000000083600000, 0x0000000083600000|100%| O|  |TAMS 0x0000000083500000, 0x0000000083500000| Untracked 
|  26|0x0000000083600000, 0x0000000083700000, 0x0000000083700000|100%| O|  |TAMS 0x0000000083600000, 0x0000000083600000| Untracked 
|  27|0x0000000083700000, 0x0000000083800000, 0x0000000083800000|100%| O|  |TAMS 0x0000000083700000, 0x0000000083700000| Untracked 
|  28|0x0000000083800000, 0x0000000083900000, 0x0000000083900000|100%| O|  |TAMS 0x0000000083800000, 0x0000000083800000| Untracked 
|  29|0x0000000083900000, 0x0000000083a00000, 0x0000000083a00000|100%| O|  |TAMS 0x0000000083900000, 0x0000000083900000| Untracked 
|  30|0x0000000083a00000, 0x0000000083b00000, 0x0000000083b00000|100%| O|  |TAMS 0x0000000083a00000, 0x0000000083a00000| Untracked 
|  31|0x0000000083b00000, 0x0000000083c00000, 0x0000000083c00000|100%| O|  |TAMS 0x0000000083b00000, 0x0000000083b00000| Untracked 
|  32|0x0000000083c00000, 0x0000000083d00000, 0x0000000083d00000|100%| O|  |TAMS 0x0000000083c00000, 0x0000000083c00000| Untracked 
|  33|0x0000000083d00000, 0x0000000083e00000, 0x0000000083e00000|100%| O|  |TAMS 0x0000000083d00000, 0x0000000083d00000| Untracked 
|  34|0x0000000083e00000, 0x0000000083e53400, 0x0000000083f00000| 32%| O|  |TAMS 0x0000000083e00000, 0x0000000083e00000| Untracked 
|  35|0x0000000083f00000, 0x0000000083f00000, 0x0000000084000000|  0%| F|  |TAMS 0x0000000083f00000, 0x0000000083f00000| Untracked 
|  36|0x0000000084000000, 0x0000000084000000, 0x0000000084100000|  0%| F|  |TAMS 0x0000000084000000, 0x0000000084000000| Untracked 
|  37|0x0000000084100000, 0x0000000084100000, 0x0000000084200000|  0%| F|  |TAMS 0x0000000084100000, 0x0000000084100000| Untracked 
|  38|0x0000000084200000, 0x0000000084200000, 0x0000000084300000|  0%| F|  |TAMS 0x0000000084200000, 0x0000000084200000| Untracked 
|  39|0x0000000084300000, 0x0000000084300000, 0x0000000084400000|  0%| F|  |TAMS 0x0000000084300000, 0x0000000084300000| Untracked 
|  40|0x0000000084400000, 0x0000000084400000, 0x0000000084500000|  0%| F|  |TAMS 0x0000000084400000, 0x0000000084400000| Untracked 
|  41|0x0000000084500000, 0x0000000084500000, 0x0000000084600000|  0%| F|  |TAMS 0x0000000084500000, 0x0000000084500000| Untracked 
|  42|0x0000000084600000, 0x0000000084600000, 0x0000000084700000|  0%| F|  |TAMS 0x0000000084600000, 0x0000000084600000| Untracked 
|  43|0x0000000084700000, 0x0000000084700000, 0x0000000084800000|  0%| F|  |TAMS 0x0000000084700000, 0x0000000084700000| Untracked 
|  44|0x0000000084800000, 0x0000000084800000, 0x0000000084900000|  0%| F|  |TAMS 0x0000000084800000, 0x0000000084800000| Untracked 
|  45|0x0000000084900000, 0x0000000084900000, 0x0000000084a00000|  0%| F|  |TAMS 0x0000000084900000, 0x0000000084900000| Untracked 
|  46|0x0000000084a00000, 0x0000000084a00000, 0x0000000084b00000|  0%| F|  |TAMS 0x0000000084a00000, 0x0000000084a00000| Untracked 
|  47|0x0000000084b00000, 0x0000000084b00000, 0x0000000084c00000|  0%| F|  |TAMS 0x0000000084b00000, 0x0000000084b00000| Untracked 
|  48|0x0000000084c00000, 0x0000000084c00000, 0x0000000084d00000|  0%| F|  |TAMS 0x0000000084c00000, 0x0000000084c00000| Untracked 
|  49|0x0000000084d00000, 0x0000000084d00000, 0x0000000084e00000|  0%| F|  |TAMS 0x0000000084d00000, 0x0000000084d00000| Untracked 
|  50|0x0000000084e00000, 0x0000000084e00000, 0x0000000084f00000|  0%| F|  |TAMS 0x0000000084e00000, 0x0000000084e00000| Untracked 
|  51|0x0000000084f00000, 0x0000000084f00000, 0x0000000085000000|  0%| F|  |TAMS 0x0000000084f00000, 0x0000000084f00000| Untracked 
|  52|0x0000000085000000, 0x0000000085000000, 0x0000000085100000|  0%| F|  |TAMS 0x0000000085000000, 0x0000000085000000| Untracked 
|  53|0x0000000085100000, 0x0000000085100000, 0x0000000085200000|  0%| F|  |TAMS 0x0000000085100000, 0x0000000085100000| Untracked 
|  54|0x0000000085200000, 0x0000000085200000, 0x0000000085300000|  0%| F|  |TAMS 0x0000000085200000, 0x0000000085200000| Untracked 
|  55|0x0000000085300000, 0x0000000085300000, 0x0000000085400000|  0%| F|  |TAMS 0x0000000085300000, 0x0000000085300000| Untracked 
|  56|0x0000000085400000, 0x0000000085400000, 0x0000000085500000|  0%| F|  |TAMS 0x0000000085400000, 0x0000000085400000| Untracked 
|  57|0x0000000085500000, 0x0000000085500000, 0x0000000085600000|  0%| F|  |TAMS 0x0000000085500000, 0x0000000085500000| Untracked 
|  58|0x0000000085600000, 0x0000000085600000, 0x0000000085700000|  0%| F|  |TAMS 0x0000000085600000, 0x0000000085600000| Untracked 
|  59|0x0000000085700000, 0x0000000085700000, 0x0000000085800000|  0%| F|  |TAMS 0x0000000085700000, 0x0000000085700000| Untracked 
|  60|0x0000000085800000, 0x0000000085800000, 0x0000000085900000|  0%| F|  |TAMS 0x0000000085800000, 0x0000000085800000| Untracked 
|  61|0x0000000085900000, 0x0000000085a00000, 0x0000000085a00000|100%| S|CS|TAMS 0x0000000085900000, 0x0000000085900000| Complete 
|  62|0x0000000085a00000, 0x0000000085b00000, 0x0000000085b00000|100%| S|CS|TAMS 0x0000000085a00000, 0x0000000085a00000| Complete 
|  63|0x0000000085b00000, 0x0000000085b00000, 0x0000000085c00000|  0%| F|  |TAMS 0x0000000085b00000, 0x0000000085b00000| Untracked 
|  64|0x0000000085c00000, 0x0000000085c00000, 0x0000000085d00000|  0%| F|  |TAMS 0x0000000085c00000, 0x0000000085c00000| Untracked 
|  65|0x0000000085d00000, 0x0000000085d00000, 0x0000000085e00000|  0%| F|  |TAMS 0x0000000085d00000, 0x0000000085d00000| Untracked 
|  66|0x0000000085e00000, 0x0000000085e00000, 0x0000000085f00000|  0%| F|  |TAMS 0x0000000085e00000, 0x0000000085e00000| Untracked 
|  67|0x0000000085f00000, 0x0000000085f00000, 0x0000000086000000|  0%| F|  |TAMS 0x0000000085f00000, 0x0000000085f00000| Untracked 
|  68|0x0000000086000000, 0x0000000086000000, 0x0000000086100000|  0%| F|  |TAMS 0x0000000086000000, 0x0000000086000000| Untracked 
|  69|0x0000000086100000, 0x0000000086100000, 0x0000000086200000|  0%| F|  |TAMS 0x0000000086100000, 0x0000000086100000| Untracked 
|  70|0x0000000086200000, 0x0000000086200000, 0x0000000086300000|  0%| F|  |TAMS 0x0000000086200000, 0x0000000086200000| Untracked 
|  71|0x0000000086300000, 0x0000000086400000, 0x0000000086400000|100%| S|CS|TAMS 0x0000000086300000, 0x0000000086300000| Complete 
|  72|0x0000000086400000, 0x0000000086500000, 0x0000000086500000|100%| S|CS|TAMS 0x0000000086400000, 0x0000000086400000| Complete 
|  73|0x0000000086500000, 0x0000000086600000, 0x0000000086600000|100%| S|CS|TAMS 0x0000000086500000, 0x0000000086500000| Complete 
|  74|0x0000000086600000, 0x0000000086700000, 0x0000000086700000|100%| S|CS|TAMS 0x0000000086600000, 0x0000000086600000| Complete 
|  75|0x0000000086700000, 0x0000000086800000, 0x0000000086800000|100%| S|CS|TAMS 0x0000000086700000, 0x0000000086700000| Complete 
|  76|0x0000000086800000, 0x0000000086900000, 0x0000000086900000|100%| S|CS|TAMS 0x0000000086800000, 0x0000000086800000| Complete 
|  77|0x0000000086900000, 0x0000000086900000, 0x0000000086a00000|  0%| F|  |TAMS 0x0000000086900000, 0x0000000086900000| Untracked 
|  78|0x0000000086a00000, 0x0000000086a00000, 0x0000000086b00000|  0%| F|  |TAMS 0x0000000086a00000, 0x0000000086a00000| Untracked 
|  79|0x0000000086b00000, 0x0000000086b00000, 0x0000000086c00000|  0%| F|  |TAMS 0x0000000086b00000, 0x0000000086b00000| Untracked 
|  80|0x0000000086c00000, 0x0000000086c00000, 0x0000000086d00000|  0%| F|  |TAMS 0x0000000086c00000, 0x0000000086c00000| Untracked 
|  81|0x0000000086d00000, 0x0000000086d00000, 0x0000000086e00000|  0%| F|  |TAMS 0x0000000086d00000, 0x0000000086d00000| Untracked 
|  82|0x0000000086e00000, 0x0000000086e00000, 0x0000000086f00000|  0%| F|  |TAMS 0x0000000086e00000, 0x0000000086e00000| Untracked 
|  83|0x0000000086f00000, 0x0000000086f00000, 0x0000000087000000|  0%| F|  |TAMS 0x0000000086f00000, 0x0000000086f00000| Untracked 
|  84|0x0000000087000000, 0x0000000087000000, 0x0000000087100000|  0%| F|  |TAMS 0x0000000087000000, 0x0000000087000000| Untracked 
|  85|0x0000000087100000, 0x0000000087100000, 0x0000000087200000|  0%| F|  |TAMS 0x0000000087100000, 0x0000000087100000| Untracked 
|  86|0x0000000087200000, 0x0000000087200000, 0x0000000087300000|  0%| F|  |TAMS 0x0000000087200000, 0x0000000087200000| Untracked 
|  87|0x0000000087300000, 0x0000000087300000, 0x0000000087400000|  0%| F|  |TAMS 0x0000000087300000, 0x0000000087300000| Untracked 
|  88|0x0000000087400000, 0x0000000087400000, 0x0000000087500000|  0%| F|  |TAMS 0x0000000087400000, 0x0000000087400000| Untracked 
|  89|0x0000000087500000, 0x0000000087500000, 0x0000000087600000|  0%| F|  |TAMS 0x0000000087500000, 0x0000000087500000| Untracked 
|  90|0x0000000087600000, 0x0000000087600000, 0x0000000087700000|  0%| F|  |TAMS 0x0000000087600000, 0x0000000087600000| Untracked 
|  91|0x0000000087700000, 0x0000000087700000, 0x0000000087800000|  0%| F|  |TAMS 0x0000000087700000, 0x0000000087700000| Untracked 
|  92|0x0000000087800000, 0x0000000087800000, 0x0000000087900000|  0%| F|  |TAMS 0x0000000087800000, 0x0000000087800000| Untracked 
|  93|0x0000000087900000, 0x0000000087900000, 0x0000000087a00000|  0%| F|  |TAMS 0x0000000087900000, 0x0000000087900000| Untracked 
|  94|0x0000000087a00000, 0x0000000087a00000, 0x0000000087b00000|  0%| F|  |TAMS 0x0000000087a00000, 0x0000000087a00000| Untracked 
|  95|0x0000000087b00000, 0x0000000087b00000, 0x0000000087c00000|  0%| F|  |TAMS 0x0000000087b00000, 0x0000000087b00000| Untracked 
|  96|0x0000000087c00000, 0x0000000087c00000, 0x0000000087d00000|  0%| F|  |TAMS 0x0000000087c00000, 0x0000000087c00000| Untracked 
|  97|0x0000000087d00000, 0x0000000087d00000, 0x0000000087e00000|  0%| F|  |TAMS 0x0000000087d00000, 0x0000000087d00000| Untracked 
|  98|0x0000000087e00000, 0x0000000087e00000, 0x0000000087f00000|  0%| F|  |TAMS 0x0000000087e00000, 0x0000000087e00000| Untracked 
|  99|0x0000000087f00000, 0x0000000087f00000, 0x0000000088000000|  0%| F|  |TAMS 0x0000000087f00000, 0x0000000087f00000| Untracked 
| 100|0x0000000088000000, 0x0000000088000000, 0x0000000088100000|  0%| F|  |TAMS 0x0000000088000000, 0x0000000088000000| Untracked 
| 101|0x0000000088100000, 0x0000000088100000, 0x0000000088200000|  0%| F|  |TAMS 0x0000000088100000, 0x0000000088100000| Untracked 
| 102|0x0000000088200000, 0x0000000088200000, 0x0000000088300000|  0%| F|  |TAMS 0x0000000088200000, 0x0000000088200000| Untracked 
| 103|0x0000000088300000, 0x0000000088300000, 0x0000000088400000|  0%| F|  |TAMS 0x0000000088300000, 0x0000000088300000| Untracked 
| 104|0x0000000088400000, 0x0000000088400000, 0x0000000088500000|  0%| F|  |TAMS 0x0000000088400000, 0x0000000088400000| Untracked 
| 105|0x0000000088500000, 0x0000000088500000, 0x0000000088600000|  0%| F|  |TAMS 0x0000000088500000, 0x0000000088500000| Untracked 
| 106|0x0000000088600000, 0x0000000088600000, 0x0000000088700000|  0%| F|  |TAMS 0x0000000088600000, 0x0000000088600000| Untracked 
| 107|0x0000000088700000, 0x0000000088700000, 0x0000000088800000|  0%| F|  |TAMS 0x0000000088700000, 0x0000000088700000| Untracked 
| 108|0x0000000088800000, 0x0000000088800000, 0x0000000088900000|  0%| F|  |TAMS 0x0000000088800000, 0x0000000088800000| Untracked 
| 109|0x0000000088900000, 0x0000000088900000, 0x0000000088a00000|  0%| F|  |TAMS 0x0000000088900000, 0x0000000088900000| Untracked 
| 110|0x0000000088a00000, 0x0000000088a00000, 0x0000000088b00000|  0%| F|  |TAMS 0x0000000088a00000, 0x0000000088a00000| Untracked 
| 111|0x0000000088b00000, 0x0000000088b00000, 0x0000000088c00000|  0%| F|  |TAMS 0x0000000088b00000, 0x0000000088b00000| Untracked 
| 112|0x0000000088c00000, 0x0000000088c00000, 0x0000000088d00000|  0%| F|  |TAMS 0x0000000088c00000, 0x0000000088c00000| Untracked 
| 113|0x0000000088d00000, 0x0000000088d00000, 0x0000000088e00000|  0%| F|  |TAMS 0x0000000088d00000, 0x0000000088d00000| Untracked 
| 114|0x0000000088e00000, 0x0000000088e00000, 0x0000000088f00000|  0%| F|  |TAMS 0x0000000088e00000, 0x0000000088e00000| Untracked 
| 115|0x0000000088f00000, 0x0000000088f00000, 0x0000000089000000|  0%| F|  |TAMS 0x0000000088f00000, 0x0000000088f00000| Untracked 
| 116|0x0000000089000000, 0x0000000089000000, 0x0000000089100000|  0%| F|  |TAMS 0x0000000089000000, 0x0000000089000000| Untracked 
| 117|0x0000000089100000, 0x0000000089100000, 0x0000000089200000|  0%| F|  |TAMS 0x0000000089100000, 0x0000000089100000| Untracked 
| 118|0x0000000089200000, 0x0000000089200000, 0x0000000089300000|  0%| F|  |TAMS 0x0000000089200000, 0x0000000089200000| Untracked 
| 119|0x0000000089300000, 0x0000000089300000, 0x0000000089400000|  0%| F|  |TAMS 0x0000000089300000, 0x0000000089300000| Untracked 
| 120|0x0000000089400000, 0x0000000089400000, 0x0000000089500000|  0%| F|  |TAMS 0x0000000089400000, 0x0000000089400000| Untracked 
| 121|0x0000000089500000, 0x0000000089500000, 0x0000000089600000|  0%| F|  |TAMS 0x0000000089500000, 0x0000000089500000| Untracked 
| 122|0x0000000089600000, 0x0000000089600000, 0x0000000089700000|  0%| F|  |TAMS 0x0000000089600000, 0x0000000089600000| Untracked 
| 123|0x0000000089700000, 0x0000000089700000, 0x0000000089800000|  0%| F|  |TAMS 0x0000000089700000, 0x0000000089700000| Untracked 
| 124|0x0000000089800000, 0x0000000089800000, 0x0000000089900000|  0%| F|  |TAMS 0x0000000089800000, 0x0000000089800000| Untracked 
| 125|0x0000000089900000, 0x0000000089900000, 0x0000000089a00000|  0%| F|  |TAMS 0x0000000089900000, 0x0000000089900000| Untracked 
| 126|0x0000000089a00000, 0x0000000089a00000, 0x0000000089b00000|  0%| F|  |TAMS 0x0000000089a00000, 0x0000000089a00000| Untracked 
| 127|0x0000000089b00000, 0x0000000089b00000, 0x0000000089c00000|  0%| F|  |TAMS 0x0000000089b00000, 0x0000000089b00000| Untracked 

Card table byte_map: [0x00000159518e0000,0x0000015951ce0000] _byte_map_base: 0x00000159514d2000

Marking Bits (Prev, Next): (CMBitMap*) 0x000001593e1193a8, (CMBitMap*) 0x000001593e1193e0
 Prev Bits: [0x00000159520e0000, 0x0000015954070000)
 Next Bits: [0x0000015954070000, 0x0000015956000000)

Polling page: 0x000001593c8c0000

Metaspace:

Usage:
  Non-class:     44.45 MB capacity,    44.09 MB (>99%) used,   294.00 KB ( <1%) free+waste,    74.13 KB ( <1%) overhead. 
      Class:      5.89 MB capacity,     5.66 MB ( 96%) used,   205.17 KB (  3%) free+waste,    30.69 KB ( <1%) overhead. 
       Both:     50.34 MB capacity,    49.75 MB ( 99%) used,   499.17 KB ( <1%) free+waste,   104.81 KB ( <1%) overhead. 

Virtual space:
  Non-class space:       46.00 MB reserved,      44.70 MB ( 97%) committed 
      Class space:        1.00 GB reserved,       6.00 MB ( <1%) committed 
             Both:        1.04 GB reserved,      50.70 MB (  5%) committed 

Chunk freelists:
   Non-Class:  63.00 KB
       Class:  12.00 KB
        Both:  75.00 KB

MaxMetaspaceSize: 17179869184.00 GB
CompressedClassSpaceSize: 1.00 GB

CodeHeap 'non-profiled nmethods': size=120000Kb used=2483Kb max_used=2483Kb free=117516Kb
 bounds [0x0000015949540000, 0x00000159497b0000, 0x0000015950a70000]
CodeHeap 'profiled nmethods': size=120000Kb used=12927Kb max_used=12927Kb free=107072Kb
 bounds [0x0000015942010000, 0x0000015942cb0000, 0x0000015949540000]
CodeHeap 'non-nmethods': size=5760Kb used=1204Kb max_used=1259Kb free=4555Kb
 bounds [0x0000015941a70000, 0x0000015941ce0000, 0x0000015942010000]
 total_blobs=6033 nmethods=5476 adapters=467
 compilation: enabled
              stopped_count=0, restarted_count=0
 full_count=0

Compilation events (20 events):
Event: 7.053 Thread 0x000001595932b000 5522       3       org.jetbrains.kotlin.descriptors.impl.ClassDescriptorBase::getSource (13 bytes)
Event: 7.053 Thread 0x000001595932b000 nmethod 5522 0x0000015942caad10 code [0x0000015942caaec0, 0x0000015942cab048]
Event: 7.054 Thread 0x000001595b048800 5525       4       org.jetbrains.kotlin.load.java.descriptors.JavaMethodDescriptor::hasStableParameterNames (48 bytes)
Event: 7.055 Thread 0x000001595b048800 nmethod 5525 0x00000159497aae90 code [0x00000159497ab020, 0x00000159497ab098]
Event: 7.055 Thread 0x000001595b048800 5526       4       org.jetbrains.kotlin.descriptors.impl.ValueParameterDescriptorImpl::getOverriddenDescriptors (131 bytes)
Event: 7.060 Thread 0x000001595932b000 5528       3       org.jetbrains.kotlin.com.intellij.psi.impl.source.tree.LazyParseableElement::getFirstChildNode (9 bytes)
Event: 7.060 Thread 0x000001595932b000 nmethod 5528 0x0000015942cab110 code [0x0000015942cab2c0, 0x0000015942cab408]
Event: 7.060 Thread 0x000001595932b000 5530       3       org.jetbrains.kotlin.descriptors.impl.AbstractClassDescriptor::getUnsubstitutedMemberScope (21 bytes)
Event: 7.060 Thread 0x000001595932b000 nmethod 5530 0x0000015942cab490 code [0x0000015942cab680, 0x0000015942cab918]
Event: 7.060 Thread 0x000001595932b000 5527       3       org.jetbrains.kotlin.com.intellij.psi.impl.source.PsiFileImpl::assertReadAccessAllowed (23 bytes)
Event: 7.060 Thread 0x000001595932b000 nmethod 5527 0x0000015942caba10 code [0x0000015942cabc00, 0x0000015942cac0b8]
Event: 7.060 Thread 0x000001595932b000 5529       3       org.jetbrains.kotlin.psi.KtFile::getStub (102 bytes)
Event: 7.061 Thread 0x000001595932b000 nmethod 5529 0x0000015942cac210 code [0x0000015942cac5e0, 0x0000015942cade28]
Event: 7.062 Thread 0x000001595aced800 nmethod 5500 0x00000159497ab110 code [0x00000159497ab420, 0x00000159497ac2f0]
Event: 7.064 Thread 0x000001595932b000 5531       3       org.jetbrains.kotlin.com.intellij.psi.impl.source.tree.TreeElement::assertReadAccessAllowed (93 bytes)
Event: 7.064 Thread 0x000001595932b000 nmethod 5531 0x0000015942cae510 code [0x0000015942cae760, 0x0000015942caf168]
Event: 7.064 Thread 0x000001595932b000 5532       3       java.lang.Character::getType (9 bytes)
Event: 7.065 Thread 0x000001595932b000 nmethod 5532 0x0000015942caf390 code [0x0000015942caf560, 0x0000015942caf738]
Event: 7.065 Thread 0x000001595932b000 5533       3       java.lang.CharacterDataLatin1::getType (11 bytes)
Event: 7.065 Thread 0x000001595932b000 nmethod 5533 0x0000015942caf810 code [0x0000015942caf9c0, 0x0000015942cafb78]

GC Heap History (13 events):
Event: 1.105 GC heap before
{Heap before GC invocations=0 (full 0):
 garbage-first heap   total 131072K, used 27648K [0x0000000081c00000, 0x0000000100000000)
  region size 1024K, 24 young (24576K), 0 survivors (0K)
 Metaspace       used 12316K, capacity 12405K, committed 12544K, reserved 1060864K
  class space    used 1155K, capacity 1174K, committed 1280K, reserved 1048576K
}
Event: 1.110 GC heap after
{Heap after GC invocations=1 (full 0):
 garbage-first heap   total 131072K, used 5638K [0x0000000081c00000, 0x0000000100000000)
  region size 1024K, 3 young (3072K), 3 survivors (3072K)
 Metaspace       used 12316K, capacity 12405K, committed 12544K, reserved 1060864K
  class space    used 1155K, capacity 1174K, committed 1280K, reserved 1048576K
}
Event: 2.169 GC heap before
{Heap before GC invocations=1 (full 0):
 garbage-first heap   total 131072K, used 42502K [0x0000000081c00000, 0x0000000100000000)
  region size 1024K, 40 young (40960K), 3 survivors (3072K)
 Metaspace       used 20976K, capacity 21201K, committed 21248K, reserved 1069056K
  class space    used 2215K, capacity 2297K, committed 2304K, reserved 1048576K
}
Event: 2.197 GC heap after
{Heap after GC invocations=2 (full 0):
 garbage-first heap   total 131072K, used 9544K [0x0000000081c00000, 0x0000000100000000)
  region size 1024K, 7 young (7168K), 7 survivors (7168K)
 Metaspace       used 20976K, capacity 21201K, committed 21248K, reserved 1069056K
  class space    used 2215K, capacity 2297K, committed 2304K, reserved 1048576K
}
Event: 3.344 GC heap before
{Heap before GC invocations=3 (full 0):
 garbage-first heap   total 131072K, used 67912K [0x0000000081c00000, 0x0000000100000000)
  region size 1024K, 56 young (57344K), 7 survivors (7168K)
 Metaspace       used 32031K, capacity 32510K, committed 32768K, reserved 1077248K
  class space    used 3811K, capacity 3971K, committed 4096K, reserved 1048576K
}
Event: 3.364 GC heap after
{Heap after GC invocations=4 (full 0):
 garbage-first heap   total 131072K, used 23618K [0x0000000081c00000, 0x0000000100000000)
  region size 1024K, 6 young (6144K), 6 survivors (6144K)
 Metaspace       used 32031K, capacity 32510K, committed 32768K, reserved 1077248K
  class space    used 3811K, capacity 3971K, committed 4096K, reserved 1048576K
}
Event: 3.722 GC heap before
{Heap before GC invocations=4 (full 0):
 garbage-first heap   total 131072K, used 38978K [0x0000000081c00000, 0x0000000100000000)
  region size 1024K, 22 young (22528K), 6 survivors (6144K)
 Metaspace       used 35187K, capacity 35705K, committed 35840K, reserved 1081344K
  class space    used 4147K, capacity 4332K, committed 4352K, reserved 1048576K
}
Event: 3.747 GC heap after
{Heap after GC invocations=5 (full 0):
 garbage-first heap   total 131072K, used 25595K [0x0000000081c00000, 0x0000000100000000)
  region size 1024K, 2 young (2048K), 2 survivors (2048K)
 Metaspace       used 35187K, capacity 35705K, committed 35840K, reserved 1081344K
  class space    used 4147K, capacity 4332K, committed 4352K, reserved 1048576K
}
Event: 5.335 GC heap before
{Heap before GC invocations=6 (full 0):
 garbage-first heap   total 131072K, used 75771K [0x0000000081c00000, 0x0000000100000000)
  region size 1024K, 51 young (52224K), 2 survivors (2048K)
 Metaspace       used 45919K, capacity 46435K, committed 46540K, reserved 1089536K
  class space    used 5445K, capacity 5620K, committed 5632K, reserved 1048576K
}
Event: 5.343 GC heap after
{Heap after GC invocations=7 (full 0):
 garbage-first heap   total 131072K, used 29269K [0x0000000081c00000, 0x0000000100000000)
  region size 1024K, 6 young (6144K), 6 survivors (6144K)
 Metaspace       used 45919K, capacity 46435K, committed 46540K, reserved 1089536K
  class space    used 5445K, capacity 5620K, committed 5632K, reserved 1048576K
}
Event: 6.017 GC heap before
{Heap before GC invocations=7 (full 0):
 garbage-first heap   total 131072K, used 82517K [0x0000000081c00000, 0x0000000100000000)
  region size 1024K, 57 young (58368K), 6 survivors (6144K)
 Metaspace       used 48695K, capacity 49263K, committed 49484K, reserved 1093632K
  class space    used 5684K, capacity 5893K, committed 6016K, reserved 1048576K
}
Event: 6.038 GC heap after
{Heap after GC invocations=8 (full 0):
 garbage-first heap   total 131072K, used 34789K [0x0000000081c00000, 0x0000000100000000)
  region size 1024K, 8 young (8192K), 8 survivors (8192K)
 Metaspace       used 48695K, capacity 49263K, committed 49484K, reserved 1093632K
  class space    used 5684K, capacity 5893K, committed 6016K, reserved 1048576K
}
Event: 7.071 GC heap before
{Heap before GC invocations=8 (full 0):
 garbage-first heap   total 131072K, used 87013K [0x0000000081c00000, 0x0000000100000000)
  region size 1024K, 59 young (60416K), 8 survivors (8192K)
 Metaspace       used 50949K, capacity 51553K, committed 51916K, reserved 1095680K
  class space    used 5800K, capacity 6036K, committed 6144K, reserved 1048576K
}

Deoptimization events (20 events):
Event: 7.063 Thread 0x000001593e0da800 Uncommon trap: trap_request=0xffffffde fr.pc=0x000001594978a5f4 relative=0x0000000000000f94
Event: 7.063 Thread 0x000001593e0da800 Uncommon trap: reason=class_check action=maybe_recompile pc=0x000001594978a5f4 method=org.jetbrains.kotlin.load.java.lazy.descriptors.LazyJavaScope.getFunctionNamesLazy()Ljava/util/Set; @ 13 c2
Event: 7.063 Thread 0x000001593e0da800 DEOPT PACKING pc=0x000001594978a5f4 sp=0x0000003d8a7fe180
Event: 7.063 Thread 0x000001593e0da800 DEOPT UNPACKING pc=0x0000015941a974af sp=0x0000003d8a7fe090 mode 2
Event: 7.063 Thread 0x000001593e0da800 Uncommon trap: trap_request=0xffffffde fr.pc=0x000001594978a5f4 relative=0x0000000000000f94
Event: 7.063 Thread 0x000001593e0da800 Uncommon trap: reason=class_check action=maybe_recompile pc=0x000001594978a5f4 method=org.jetbrains.kotlin.load.java.lazy.descriptors.LazyJavaScope.getFunctionNamesLazy()Ljava/util/Set; @ 13 c2
Event: 7.063 Thread 0x000001593e0da800 DEOPT PACKING pc=0x000001594978a5f4 sp=0x0000003d8a7fe180
Event: 7.063 Thread 0x000001593e0da800 DEOPT UNPACKING pc=0x0000015941a974af sp=0x0000003d8a7fe090 mode 2
Event: 7.063 Thread 0x000001593e0da800 Uncommon trap: trap_request=0xffffffde fr.pc=0x000001594974e3d0 relative=0x00000000000004b0
Event: 7.063 Thread 0x000001593e0da800 Uncommon trap: reason=class_check action=maybe_recompile pc=0x000001594974e3d0 method=java.util.regex.Pattern$Start.match(Ljava/util/regex/Matcher;ILjava/lang/CharSequence;)Z @ 44 c2
Event: 7.063 Thread 0x000001593e0da800 DEOPT PACKING pc=0x000001594974e3d0 sp=0x0000003d8a7fdf70
Event: 7.063 Thread 0x000001593e0da800 DEOPT UNPACKING pc=0x0000015941a974af sp=0x0000003d8a7fdeb0 mode 2
Event: 7.064 Thread 0x000001593e0da800 Uncommon trap: trap_request=0xffffffde fr.pc=0x000001594974e3d0 relative=0x00000000000004b0
Event: 7.064 Thread 0x000001593e0da800 Uncommon trap: reason=class_check action=maybe_recompile pc=0x000001594974e3d0 method=java.util.regex.Pattern$Start.match(Ljava/util/regex/Matcher;ILjava/lang/CharSequence;)Z @ 44 c2
Event: 7.064 Thread 0x000001593e0da800 DEOPT PACKING pc=0x000001594974e3d0 sp=0x0000003d8a7fdf70
Event: 7.064 Thread 0x000001593e0da800 DEOPT UNPACKING pc=0x0000015941a974af sp=0x0000003d8a7fdeb0 mode 2
Event: 7.064 Thread 0x000001593e0da800 Uncommon trap: trap_request=0xffffffde fr.pc=0x000001594974e3d0 relative=0x00000000000004b0
Event: 7.064 Thread 0x000001593e0da800 Uncommon trap: reason=class_check action=maybe_recompile pc=0x000001594974e3d0 method=java.util.regex.Pattern$Start.match(Ljava/util/regex/Matcher;ILjava/lang/CharSequence;)Z @ 44 c2
Event: 7.064 Thread 0x000001593e0da800 DEOPT PACKING pc=0x000001594974e3d0 sp=0x0000003d8a7fdf70
Event: 7.064 Thread 0x000001593e0da800 DEOPT UNPACKING pc=0x0000015941a974af sp=0x0000003d8a7fdeb0 mode 2

Classes redefined (0 events):
No events

Internal exceptions (20 events):
Event: 2.503 Thread 0x000001593e0da800 Exception <a 'java/lang/NoSuchMethodError'{0x00000000892c44c8}: 'java.lang.Object java.lang.invoke.DirectMethodHandle$Holder.invokeStatic(java.lang.Object, java.lang.Object, java.lang.Object, java.lang.Object, java.lang.Object, java.lang.Object, java.lang.Object, java.lang.Object, java.lang.Object, java.lang.Object, java.lang.Object, java.lang.Object, java.lang.Object, java.lang.Object, java.lang.Object, java.lang.Object)'> (0x00000000892c44c8) thrown at [./src/hotspot/share/interpreter/linkResolver.cpp, l
Event: 2.506 Thread 0x000001593e0da800 Exception <a 'java/lang/NoSuchMethodError'{0x00000000892d23e0}: 'java.lang.Object java.lang.invoke.DirectMethodHandle$Holder.invokeSpecial(java.lang.Object, java.lang.Object, int, int, java.lang.Object, java.lang.Object, java.lang.Object)'> (0x00000000892d23e0) thrown at [./src/hotspot/share/interpreter/linkResolver.cpp, line 773]
Event: 2.506 Thread 0x000001593e0da800 Exception <a 'java/lang/NoSuchMethodError'{0x00000000892d5c18}: 'java.lang.Object java.lang.invoke.DelegatingMethodHandle$Holder.reinvoke_L(java.lang.Object, int, int, java.lang.Object, java.lang.Object, java.lang.Object)'> (0x00000000892d5c18) thrown at [./src/hotspot/share/interpreter/linkResolver.cpp, line 773]
Event: 2.507 Thread 0x000001593e0da800 Exception <a 'java/lang/NoSuchMethodError'{0x00000000892d9fa0}: 'java.lang.Object java.lang.invoke.DirectMethodHandle$Holder.invokeStatic(java.lang.Object, java.lang.Object, java.lang.Object, java.lang.Object, int)'> (0x00000000892d9fa0) thrown at [./src/hotspot/share/interpreter/linkResolver.cpp, line 773]
Event: 2.572 Thread 0x000001593e0da800 Implicit null exception at 0x00000159495c792c to 0x00000159495c7ada
Event: 2.627 Thread 0x000001593e0da800 Exception <a 'java/lang/NoSuchMethodError'{0x0000000088c575f8}: 'void java.lang.invoke.DirectMethodHandle$Holder.invokeStatic(java.lang.Object, java.lang.Object, java.lang.Object, java.lang.Object)'> (0x0000000088c575f8) thrown at [./src/hotspot/share/interpreter/linkResolver.cpp, line 773]
Event: 2.663 Thread 0x000001593e0da800 Exception <a 'java/lang/NoSuchMethodError'{0x0000000088ba9f78}: 'void java.lang.invoke.DirectMethodHandle$Holder.invokeSpecial(java.lang.Object, java.lang.Object)'> (0x0000000088ba9f78) thrown at [./src/hotspot/share/interpreter/linkResolver.cpp, line 773]
Event: 2.729 Thread 0x000001593e0da800 Exception <a 'java/lang/NoSuchMethodError'{0x0000000088850598}: 'void java.lang.invoke.DirectMethodHandle$Holder.invokeStaticInit(java.lang.Object, java.lang.Object)'> (0x0000000088850598) thrown at [./src/hotspot/share/interpreter/linkResolver.cpp, line 773]
Event: 2.742 Thread 0x000001593e0da800 Exception <a 'java/lang/NoSuchMethodError'{0x000000008888f228}: 'void java.lang.invoke.DirectMethodHandle$Holder.invokeInterface(java.lang.Object, java.lang.Object)'> (0x000000008888f228) thrown at [./src/hotspot/share/interpreter/linkResolver.cpp, line 773]
Event: 2.889 Thread 0x000001593e0da800 Exception <a 'java/lang/NoSuchMethodError'{0x00000000883a3928}: 'void java.lang.invoke.DirectMethodHandle$Holder.invokeVirtual(java.lang.Object, java.lang.Object)'> (0x00000000883a3928) thrown at [./src/hotspot/share/interpreter/linkResolver.cpp, line 773]
Event: 2.897 Thread 0x000001593e0da800 Exception <a 'java/lang/NoSuchMethodError'{0x000000008821a5b0}: 'int java.lang.invoke.DirectMethodHandle$Holder.invokeVirtual(java.lang.Object, java.lang.Object)'> (0x000000008821a5b0) thrown at [./src/hotspot/share/interpreter/linkResolver.cpp, line 773]
Event: 3.500 Thread 0x000001593e0da800 Exception <a 'java/lang/NoSuchMethodError'{0x0000000089474518}: 'java.lang.Object java.lang.invoke.DirectMethodHandle$Holder.invokeVirtual(java.lang.Object, java.lang.Object, java.lang.Object)'> (0x0000000089474518) thrown at [./src/hotspot/share/interpreter/linkResolver.cpp, line 773]
Event: 4.655 Thread 0x000001593e0da800 Implicit null exception at 0x000001594965ba04 to 0x000001594965bb8c
Event: 4.660 Thread 0x000001593e0da800 Implicit null exception at 0x000001594965b270 to 0x000001594965b330
Event: 4.670 Thread 0x000001593e0da800 Exception <a 'java/lang/NoSuchMethodError'{0x0000000087884ee0}: 'java.lang.Object java.lang.invoke.Invokers$Holder.linkToTargetMethod(java.lang.Object, int, java.lang.Object)'> (0x0000000087884ee0) thrown at [./src/hotspot/share/interpreter/linkResolver.cpp, line 773]
Event: 4.761 Thread 0x000001593e0da800 Exception <a 'java/lang/NoSuchMethodError'{0x0000000087636518}: 'java.lang.Object java.lang.invoke.DirectMethodHandle$Holder.invokeStatic(java.lang.Object, java.lang.Object, java.lang.Object, int)'> (0x0000000087636518) thrown at [./src/hotspot/share/interpreter/linkResolver.cpp, line 773]
Event: 4.761 Thread 0x000001593e0da800 Exception <a 'java/lang/NoSuchMethodError'{0x000000008763a188}: 'java.lang.Object java.lang.invoke.DirectMethodHandle$Holder.invokeSpecial(java.lang.Object, java.lang.Object, java.lang.Object, java.lang.Object, int)'> (0x000000008763a188) thrown at [./src/hotspot/share/interpreter/linkResolver.cpp, line 773]
Event: 4.762 Thread 0x000001593e0da800 Exception <a 'java/lang/NoSuchMethodError'{0x000000008763d498}: 'java.lang.Object java.lang.invoke.Invokers$Holder.linkToTargetMethod(java.lang.Object, java.lang.Object, int, java.lang.Object)'> (0x000000008763d498) thrown at [./src/hotspot/share/interpreter/linkResolver.cpp, line 773]
Event: 6.242 Thread 0x000001593e0da800 Exception <a 'java/lang/NoSuchMethodError'{0x000000008950a240}: 'java.lang.Object java.lang.invoke.DirectMethodHandle$Holder.invokeStaticInit(java.lang.Object, java.lang.Object, java.lang.Object)'> (0x000000008950a240) thrown at [./src/hotspot/share/interpreter/linkResolver.cpp, line 773]
Event: 6.902 Thread 0x000001593e0da800 Exception <a 'java/lang/NoSuchMethodError'{0x0000000087457e58}: 'int java.lang.invoke.DirectMethodHandle$Holder.invokeInterface(java.lang.Object, java.lang.Object)'> (0x0000000087457e58) thrown at [./src/hotspot/share/interpreter/linkResolver.cpp, line 773]

Events (20 events):
Event: 7.067 loading class org/jetbrains/kotlin/resolve/calls/util/CallMaker$3 done
Event: 7.067 loading class org/jetbrains/kotlin/resolve/calls/context/ResolutionResultsCache
Event: 7.067 loading class org/jetbrains/kotlin/resolve/calls/context/ResolutionResultsCache done
Event: 7.068 loading class org/jetbrains/kotlin/resolve/calls/model/MutableDataFlowInfoForArguments$WithoutArgumentsCheck
Event: 7.068 loading class org/jetbrains/kotlin/resolve/calls/model/MutableDataFlowInfoForArguments$WithoutArgumentsCheck done
Event: 7.068 loading class org/jetbrains/kotlin/psi/KtExpression
Event: 7.068 loading class org/jetbrains/kotlin/psi/KtExpression done
Event: 7.068 loading class org/jetbrains/kotlin/psi/KtExpression
Event: 7.068 loading class org/jetbrains/kotlin/psi/KtExpression done
Event: 7.068 loading class kotlin/jvm/functions/Function1
Event: 7.068 loading class kotlin/jvm/functions/Function1 done
Event: 7.069 loading class org/jetbrains/kotlin/resolve/calls/context/ResolutionResultsCacheImpl
Event: 7.069 loading class org/jetbrains/kotlin/resolve/calls/context/ResolutionResultsCacheImpl done
Event: 7.069 loading class org/jetbrains/kotlin/psi/Call$CallType
Event: 7.069 loading class org/jetbrains/kotlin/psi/Call$CallType done
Event: 7.070 loading class org/jetbrains/kotlin/resolve/calls/tasks/ExplicitReceiverKind
Event: 7.070 loading class org/jetbrains/kotlin/resolve/calls/tasks/ExplicitReceiverKind done
Event: 7.071 loading class org/jetbrains/kotlin/resolve/scopes/SyntheticScopesKt
Event: 7.071 loading class org/jetbrains/kotlin/resolve/scopes/SyntheticScopesKt done
Event: 7.071 Executing VM operation: G1CollectForAllocation


Dynamic libraries:
0x00007ff734e60000 - 0x00007ff734e6a000 	C:\Users\Dark Knight\Desktop\Android Studio\jre\bin\java.exe
0x00007ffee3570000 - 0x00007ffee3765000 	C:\WINDOWS\SYSTEM32\ntdll.dll
0x00007ffee15f0000 - 0x00007ffee16ad000 	C:\WINDOWS\System32\KERNEL32.DLL
0x00007ffee12d0000 - 0x00007ffee1599000 	C:\WINDOWS\System32\KERNELBASE.dll
0x00007ffee0cd0000 - 0x00007ffee0dd0000 	C:\WINDOWS\System32\ucrtbase.dll
0x00007ffed9d00000 - 0x00007ffed9d19000 	C:\Users\Dark Knight\Desktop\Android Studio\jre\bin\jli.dll
0x00007ffed0a20000 - 0x00007ffed0a37000 	C:\Users\Dark Knight\Desktop\Android Studio\jre\bin\VCRUNTIME140.dll
0x00007ffee1f30000 - 0x00007ffee20d0000 	C:\WINDOWS\System32\USER32.dll
0x00007ffee0ca0000 - 0x00007ffee0cc2000 	C:\WINDOWS\System32\win32u.dll
0x00007ffee20d0000 - 0x00007ffee20fa000 	C:\WINDOWS\System32\GDI32.dll
0x00007ffecb000000 - 0x00007ffecb29a000 	C:\WINDOWS\WinSxS\amd64_microsoft.windows.common-controls_6595b64144ccf1df_6.0.19041.1110_none_60b5254171f9507e\COMCTL32.dll
0x00007ffee11c0000 - 0x00007ffee12cb000 	C:\WINDOWS\System32\gdi32full.dll
0x00007ffee32b0000 - 0x00007ffee334e000 	C:\WINDOWS\System32\msvcrt.dll
0x00007ffee0dd0000 - 0x00007ffee0e6d000 	C:\WINDOWS\System32\msvcp_win.dll
0x00007ffee23d0000 - 0x00007ffee2400000 	C:\WINDOWS\System32\IMM32.DLL
0x00007ffeb2d70000 - 0x00007ffeb2e0d000 	C:\Users\Dark Knight\Desktop\Android Studio\jre\bin\msvcp140.dll
0x00007ffe81b70000 - 0x00007ffe8262c000 	C:\Users\Dark Knight\Desktop\Android Studio\jre\bin\server\jvm.dll
0x00007ffee1780000 - 0x00007ffee182c000 	C:\WINDOWS\System32\ADVAPI32.dll
0x00007ffee1830000 - 0x00007ffee18cb000 	C:\WINDOWS\System32\sechost.dll
0x00007ffee3350000 - 0x00007ffee347a000 	C:\WINDOWS\System32\RPCRT4.dll
0x00007ffee2d90000 - 0x00007ffee2d98000 	C:\WINDOWS\System32\PSAPI.DLL
0x00007ffed0c80000 - 0x00007ffed0c89000 	C:\WINDOWS\SYSTEM32\WSOCK32.dll
0x00007ffed7fc0000 - 0x00007ffed7fca000 	C:\WINDOWS\SYSTEM32\VERSION.dll
0x00007ffee2360000 - 0x00007ffee23cb000 	C:\WINDOWS\System32\WS2_32.dll
0x00007ffecb2b0000 - 0x00007ffecb2d7000 	C:\WINDOWS\SYSTEM32\WINMM.dll
0x00007ffedf530000 - 0x00007ffedf542000 	C:\WINDOWS\SYSTEM32\kernel.appcore.dll
0x00007ffed8c00000 - 0x00007ffed8c11000 	C:\Users\Dark Knight\Desktop\Android Studio\jre\bin\verify.dll
0x00007ffedeab0000 - 0x00007ffedec94000 	C:\WINDOWS\SYSTEM32\DBGHELP.DLL
0x00007ffec9830000 - 0x00007ffec985c000 	C:\WINDOWS\SYSTEM32\dbgcore.DLL
0x00007ffee0f70000 - 0x00007ffee0ff3000 	C:\WINDOWS\System32\bcryptPrimitives.dll
0x00007ffed0990000 - 0x00007ffed09b9000 	C:\Users\Dark Knight\Desktop\Android Studio\jre\bin\java.dll
0x00007ffedc040000 - 0x00007ffedc04b000 	C:\Users\Dark Knight\Desktop\Android Studio\jre\bin\jimage.dll
0x00007ffed0970000 - 0x00007ffed0988000 	C:\Users\Dark Knight\Desktop\Android Studio\jre\bin\zip.dll
0x00007ffee25f0000 - 0x00007ffee2d2f000 	C:\WINDOWS\System32\SHELL32.dll
0x00007ffeded90000 - 0x00007ffedf520000 	C:\WINDOWS\SYSTEM32\windows.storage.dll
0x00007ffee2da0000 - 0x00007ffee30f5000 	C:\WINDOWS\System32\combase.dll
0x00007ffee0700000 - 0x00007ffee072c000 	C:\WINDOWS\SYSTEM32\Wldp.dll
0x00007ffee1e80000 - 0x00007ffee1f2e000 	C:\WINDOWS\System32\SHCORE.dll
0x00007ffee2400000 - 0x00007ffee2455000 	C:\WINDOWS\System32\shlwapi.dll
0x00007ffee0be0000 - 0x00007ffee0bff000 	C:\WINDOWS\SYSTEM32\profapi.dll
0x00007ffed0950000 - 0x00007ffed096a000 	C:\Users\Dark Knight\Desktop\Android Studio\jre\bin\net.dll
0x00007ffed5b40000 - 0x00007ffed5c48000 	C:\WINDOWS\SYSTEM32\WINHTTP.dll
0x00007ffee0460000 - 0x00007ffee04ca000 	C:\WINDOWS\system32\mswsock.dll
0x00007ffed0930000 - 0x00007ffed0944000 	C:\Users\Dark Knight\Desktop\Android Studio\jre\bin\nio.dll

dbghelp: loaded successfully - version: 4.0.5 - missing functions: none
symbol engine: initialized successfully - sym options: 0x614 - pdb path: .;C:\Users\Dark Knight\Desktop\Android Studio\jre\bin;C:\WINDOWS\SYSTEM32;C:\WINDOWS\WinSxS\amd64_microsoft.windows.common-controls_6595b64144ccf1df_6.0.19041.1110_none_60b5254171f9507e;C:\Users\Dark Knight\Desktop\Android Studio\jre\bin\server

VM Arguments:
java_command: org.jetbrains.kotlin.cli.jvm.K2JVMCompiler @C:\Android Projects\Udemy TUTORIAL\7MinuteWorkout2\app\build\20210831_14013333999983344317.compiler.options
java_class_path (initial): C:\Users\Dark Knight\.gradle\caches\modules-2\files-2.1\org.jetbrains.kotlin\kotlin-compiler-embeddable\1.5.21\40ddbcae9ff100473f95370c2d589ba3fc48eed5\kotlin-compiler-embeddable-1.5.21.jar;C:\Users\Dark Knight\.gradle\caches\modules-2\files-2.1\org.jetbrains.kotlin\kotlin-reflect\1.5.21\802f1f39735ae1eb2b75714a40fa19bb2e687e96\kotlin-reflect-1.5.21.jar;C:\Users\Dark Knight\.gradle\caches\modules-2\files-2.1\org.jetbrains.kotlin\kotlin-stdlib\1.5.21\2f537cad7e9eeb9da73738c8812e1e4cf9b62e4e\kotlin-stdlib-1.5.21.jar;C:\Users\Dark Knight\.gradle\caches\modules-2\files-2.1\org.jetbrains.kotlin\kotlin-script-runtime\1.5.21\96d49e89873fde985750af354b6eabb60cfa999b\kotlin-script-runtime-1.5.21.jar;C:\Users\Dark Knight\.gradle\caches\modules-2\files-2.1\org.jetbrains.kotlin\kotlin-daemon-embeddable\1.5.21\17255809e66a940dfdf6289bccbdfb5a09f3145\kotlin-daemon-embeddable-1.5.21.jar;C:\Users\Dark Knight\.gradle\caches\modules-2\files-2.1\org.jetbrains.intellij.deps\trove4j\1.0.20181211\216c2e14b070f334479d800987affe4054cd563f\trove4j-1.0.20181211.jar;C:\Users\Dark Knight\.gradle\caches\modules-2\files-2.1\org.jetbrains\annotations\13.0\919f0dfe192fb4e063e7dacadee7f8bb9a2672a9\annotations-13.0.jar;C:\Users\Dark Knight\.gradle\caches\modules-2\files-2.1\org.jetbrains.kotlin\kotlin-stdlib-common\1.5.21\cc8bf3586fd2ebcf234058b9440bb406e62dfacb\kotlin-stdlib-common-1.5.21.jar
Launcher Type: SUN_STANDARD

[Global flags]
     intx CICompilerCount                          = 4                                         {product} {ergonomic}
     uint ConcGCThreads                            = 2                                         {product} {ergonomic}
     uint G1ConcRefinementThreads                  = 8                                         {product} {ergonomic}
   size_t G1HeapRegionSize                         = 1048576                                   {product} {ergonomic}
    uintx GCDrainStackTargetSize                   = 64                                        {product} {ergonomic}
   size_t InitialHeapSize                          = 134217728                                 {product} {ergonomic}
   size_t MarkStackSize                            = 4194304                                   {product} {ergonomic}
   size_t MaxHeapSize                              = 2118123520                                {product} {ergonomic}
   size_t MaxNewSize                               = 1270874112                                {product} {ergonomic}
   size_t MinHeapDeltaBytes                        = 1048576                                   {product} {ergonomic}
    uintx NonNMethodCodeHeapSize                   = 5836300                                {pd product} {ergonomic}
    uintx NonProfiledCodeHeapSize                  = 122910970                              {pd product} {ergonomic}
    uintx ProfiledCodeHeapSize                     = 122910970                              {pd product} {ergonomic}
    uintx ReservedCodeCacheSize                    = 251658240                              {pd product} {ergonomic}
     bool SegmentedCodeCache                       = true                                      {product} {ergonomic}
     bool UseCompressedClassPointers               = true                                 {lp64_product} {ergonomic}
     bool UseCompressedOops                        = true                                 {lp64_product} {ergonomic}
     bool UseG1GC                                  = true                                      {product} {ergonomic}
     bool UseLargePagesIndividualAllocation        = false                                  {pd product} {ergonomic}

Logging:
Log output configuration:
 #0: stdout all=warning uptime,level,tags
 #1: stderr all=off uptime,level,tags

Environment Variables:
PATH=C:\Windows\system32;C:\Windows;C:\Windows\System32\Wbem;C:\Windows\System32\WindowsPowerShell\v1.0\;C:\Windows\System32\OpenSSH\;C:\Program Files (x86)\NVIDIA Corporation\PhysX\Common;C:\Program Files\NVIDIA Corporation\NVIDIA NvDLISR;C:\WINDOWS\system32;C:\WINDOWS;C:\WINDOWS\System32\Wbem;C:\WINDOWS\System32\WindowsPowerShell\v1.0\;C:\WINDOWS\System32\OpenSSH\;C:\MinGW\bin;C:\Program Files\MEGA-X;C:\WINDOWS\system32;C:\WINDOWS;C:\WINDOWS\System32\Wbem;C:\WINDOWS\System32\WindowsPowerShell\v1.0\;C:\WINDOWS\System32\OpenSSH\;C:\Program Files\Git\cmd;C:\Users\Dark Knight\AppData\Local\Microsoft\WindowsApps;C:\Users\Dark Knight\AppData\Local\atom\bin;C:\MinGW\bin;C:\Program Files (x86)\Microsoft Visual Studio\2019\BuildTools\MSBuild\Current\Bin;C:\Users\Dark Knight\AppData\Local\Microsoft\WindowsApps
USERNAME=Dark Knight
OS=Windows_NT
PROCESSOR_IDENTIFIER=Intel64 Family 6 Model 158 Stepping 10, GenuineIntel



---------------  S Y S T E M  ---------------

OS: Windows 10 , 64 bit Build 19041 (10.0.19041.1151)
OS uptime: 18 days 5:58 hours

CPU:total 8 (initial active 8) (4 cores per cpu, 2 threads per core) family 6 model 158 stepping 10, cmov, cx8, fxsr, mmx, sse, sse2, sse3, ssse3, sse4.1, sse4.2, popcnt, avx, avx2, aes, clmul, erms, 3dnowpref, lzcnt, ht, tsc, tscinvbit, bmi1, bmi2, adx, fma

Memory: 4k page, system-wide physical 8072M (945M free)
TotalPageFile size 12168M (AvailPageFile size 35M)
current process WorkingSet (physical memory assigned to process): 294M, peak: 294M
current process commit charge ("private bytes"): 358M, peak: 391M

vm_info: OpenJDK 64-Bit Server VM (11.0.8+10-b944.6842174) for windows-amd64 JRE (11.0.8+10-b944.6842174), built on Sep 19 2020 01:11:42 by "builder" with MS VC++ 14.0 (VS2015)

END.
