#
# There is insufficient memory for the Java Runtime Environment to continue.
# Native memory allocation (malloc) failed to allocate 1462256 bytes for Chunk::new
# Possible reasons:
#   The system is out of physical RAM or swap space
#   The process is running with CompressedOops enabled, and the Java Heap may be blocking the growth of the native heap
# Possible solutions:
#   Reduce memory load on the system
#   Increase physical memory or swap space
#   Check if swap backing store is full
#   Decrease Java heap size (-Xmx/-Xms)
#   Decrease number of Java threads
#   Decrease Java thread stack sizes (-Xss)
#   Set larger code cache with -XX:ReservedCodeCacheSize=
#   JVM is running with Unscaled Compressed Oops mode in which the Java heap is
#     placed in the first 4GB address space. The Java Heap base address is the
#     maximum limit for the native heap growth. Please use -XX:HeapBaseMinAddress
#     to set the Java Heap base and to place the Java Heap above 4GB virtual address.
# This output file may be truncated or incomplete.
#
#  Out of Memory Error (./src/hotspot/share/memory/arena.cpp:197), pid=42176, tid=35580
#
# JRE version: OpenJDK Runtime Environment (11.0.8+10) (build 11.0.8+10-b944.6842174)
# Java VM: OpenJDK 64-Bit Server VM (11.0.8+10-b944.6842174, mixed mode, tiered, compressed oops, g1 gc, windows-amd64)
# No core dump will be written. Minidumps are not enabled by default on client versions of Windows
#

---------------  S U M M A R Y ------------

Command Line: --add-opens=java.base/java.util=ALL-UNNAMED --add-opens=java.base/java.lang=ALL-UNNAMED --add-opens=java.base/java.lang.invoke=ALL-UNNAMED --add-opens=java.base/java.util=ALL-UNNAMED --add-opens=java.prefs/java.util.prefs=ALL-UNNAMED --add-opens=java.prefs/java.util.prefs=ALL-UNNAMED --add-opens=java.base/java.nio.charset=ALL-UNNAMED --add-opens=java.base/java.net=ALL-UNNAMED --add-opens=java.base/java.util.concurrent.atomic=ALL-UNNAMED -Xmx2048m -Dfile.encoding=UTF-8 -Duser.country=IN -Duser.language=en -Duser.variant org.gradle.launcher.daemon.bootstrap.GradleDaemon 7.0.2

Host: Intel(R) Core(TM) i5-9300H CPU @ 2.40GHz, 8 cores, 7G,  Windows 10 , 64 bit Build 19041 (10.0.19041.1151)
Time: Mon Aug 30 21:29:14 2021 India Standard Time elapsed time: 13 seconds (0d 0h 0m 13s)

---------------  T H R E A D  ---------------

Current thread (0x000001e22496a000):  JavaThread "C2 CompilerThread0" daemon [_thread_in_native, id=35580, stack(0x0000006ce3900000,0x0000006ce3a00000)]


Current CompileTask:
C2:  13372 7705       4       java.lang.String::split (324 bytes)

Stack: [0x0000006ce3900000,0x0000006ce3a00000]
Native frames: (J=compiled Java code, j=interpreted, Vv=VM code, C=native code)
V  [jvm.dll+0x5de50a]
V  [jvm.dll+0x7122f5]
V  [jvm.dll+0x71384d]
V  [jvm.dll+0x713f03]
V  [jvm.dll+0x23e728]
V  [jvm.dll+0xb899c]
V  [jvm.dll+0xb8e9c]
V  [jvm.dll+0x35024d]
V  [jvm.dll+0x31dea3]
V  [jvm.dll+0x31d39a]
V  [jvm.dll+0x1f7702]
V  [jvm.dll+0x1f68d4]
V  [jvm.dll+0x17f32c]
V  [jvm.dll+0x205047]
V  [jvm.dll+0x203891]
V  [jvm.dll+0x6dad3f]
V  [jvm.dll+0x6d3895]
V  [jvm.dll+0x5dd4a6]
C  [ucrtbase.dll+0x21bb2]
C  [KERNEL32.DLL+0x17034]
C  [ntdll.dll+0x52651]


---------------  P R O C E S S  ---------------

Threads class SMR info:
_java_thread_list=0x000001e2251d4f60, length=63, elements={
0x000001e209dbe000, 0x000001e224913800, 0x000001e22491c800, 0x000001e224967800,
0x000001e224969000, 0x000001e22496a000, 0x000001e22496e800, 0x000001e22496f800,
0x000001e224ac3000, 0x000001e224ac8000, 0x000001e22691b000, 0x000001e226b95800,
0x000001e226545000, 0x000001e225ebc000, 0x000001e226811000, 0x000001e2265b4800,
0x000001e2262d1000, 0x000001e2262d2000, 0x000001e226f33800, 0x000001e226e5a800,
0x000001e227dac800, 0x000001e227dad000, 0x000001e227dab000, 0x000001e227dab800,
0x000001e22774b800, 0x000001e22774f800, 0x000001e22774e000, 0x000001e22774d000,
0x000001e227750800, 0x000001e227751800, 0x000001e227752000, 0x000001e22774f000,
0x000001e227758800, 0x000001e227757000, 0x000001e227754800, 0x000001e227755800,
0x000001e22775a800, 0x000001e227758000, 0x000001e227759800, 0x000001e227756000,
0x000001e22ba11800, 0x000001e22ba18800, 0x000001e22ba14000, 0x000001e22ba13800,
0x000001e22ba15000, 0x000001e22ba16000, 0x000001e22ba16800, 0x000001e22ba12800,
0x000001e22ba19000, 0x000001e227c76000, 0x000001e226cc8800, 0x000001e22ba1a000,
0x000001e22ba1b800, 0x000001e22ba1c800, 0x000001e22ba1d000, 0x000001e22ba17800,
0x000001e22ba1e000, 0x000001e22ba1f000, 0x000001e22ba1f800, 0x000001e22ba20800,
0x000001e2307d2800, 0x000001e2307d6800, 0x000001e2307d1000
}

Java Threads: ( => current thread )
  0x000001e209dbe000 JavaThread "main" [_thread_blocked, id=49504, stack(0x0000006ce2e00000,0x0000006ce2f00000)]
  0x000001e224913800 JavaThread "Reference Handler" daemon [_thread_blocked, id=41104, stack(0x0000006ce3500000,0x0000006ce3600000)]
  0x000001e22491c800 JavaThread "Finalizer" daemon [_thread_blocked, id=45608, stack(0x0000006ce3600000,0x0000006ce3700000)]
  0x000001e224967800 JavaThread "Signal Dispatcher" daemon [_thread_blocked, id=35260, stack(0x0000006ce3700000,0x0000006ce3800000)]
  0x000001e224969000 JavaThread "Attach Listener" daemon [_thread_blocked, id=28316, stack(0x0000006ce3800000,0x0000006ce3900000)]
=>0x000001e22496a000 JavaThread "C2 CompilerThread0" daemon [_thread_in_native, id=35580, stack(0x0000006ce3900000,0x0000006ce3a00000)]
  0x000001e22496e800 JavaThread "C1 CompilerThread0" daemon [_thread_blocked, id=48352, stack(0x0000006ce3a00000,0x0000006ce3b00000)]
  0x000001e22496f800 JavaThread "Sweeper thread" daemon [_thread_blocked, id=47064, stack(0x0000006ce3b00000,0x0000006ce3c00000)]
  0x000001e224ac3000 JavaThread "Common-Cleaner" daemon [_thread_blocked, id=11824, stack(0x0000006ce3c00000,0x0000006ce3d00000)]
  0x000001e224ac8000 JavaThread "Service Thread" daemon [_thread_blocked, id=24212, stack(0x0000006ce3d00000,0x0000006ce3e00000)]
  0x000001e22691b000 JavaThread "Daemon health stats" [_thread_blocked, id=42792, stack(0x0000006ce4300000,0x0000006ce4400000)]
  0x000001e226b95800 JavaThread "Incoming local TCP Connector on port 53693" [_thread_in_native, id=38748, stack(0x0000006ce3f00000,0x0000006ce4000000)]
  0x000001e226545000 JavaThread "Daemon periodic checks" [_thread_blocked, id=49344, stack(0x0000006ce4200000,0x0000006ce4300000)]
  0x000001e225ebc000 JavaThread "Daemon" [_thread_blocked, id=48976, stack(0x0000006ce4400000,0x0000006ce4500000)]
  0x000001e226811000 JavaThread "Handler for socket connection from /127.0.0.1:53693 to /127.0.0.1:53694" [_thread_in_native, id=41600, stack(0x0000006ce4500000,0x0000006ce4600000)]
  0x000001e2265b4800 JavaThread "Cancel handler" [_thread_blocked, id=19624, stack(0x0000006ce4600000,0x0000006ce4700000)]
  0x000001e2262d1000 JavaThread "Daemon worker" [_thread_blocked, id=48172, stack(0x0000006ce4700000,0x0000006ce4800000)]
  0x000001e2262d2000 JavaThread "Asynchronous log dispatcher for DefaultDaemonConnection: socket connection from /127.0.0.1:53693 to /127.0.0.1:53694" [_thread_blocked, id=49696, stack(0x0000006ce4800000,0x0000006ce4900000)]
  0x000001e226f33800 JavaThread "Stdin handler" [_thread_blocked, id=30740, stack(0x0000006ce4900000,0x0000006ce4a00000)]
  0x000001e226e5a800 JavaThread "Daemon client event forwarder" [_thread_blocked, id=34920, stack(0x0000006ce4a00000,0x0000006ce4b00000)]
  0x000001e227dac800 JavaThread "Cache worker for file hash cache (C:\Users\Dark Knight\.gradle\caches\7.0.2\fileHashes)" [_thread_blocked, id=33428, stack(0x0000006ce5000000,0x0000006ce5100000)]
  0x000001e227dad000 JavaThread "File lock request listener" [_thread_in_native, id=47492, stack(0x0000006ce5100000,0x0000006ce5200000)]
  0x000001e227dab000 JavaThread "Cache worker for journal cache (C:\Users\Dark Knight\.gradle\caches\journal-1)" [_thread_blocked, id=28784, stack(0x0000006ce5300000,0x0000006ce5400000)]
  0x000001e227dab800 JavaThread "Cache worker for file hash cache (C:\Android Projects\Udemy TUTORIAL\7MinuteWorkout2\.gradle\7.0.2\fileHashes)" [_thread_blocked, id=43728, stack(0x0000006ce5500000,0x0000006ce5600000)]
  0x000001e22774b800 JavaThread "File watcher server" daemon [_thread_in_native, id=40080, stack(0x0000006ce5600000,0x0000006ce5700000)]
  0x000001e22774f800 JavaThread "File watcher consumer" daemon [_thread_blocked, id=40876, stack(0x0000006ce5700000,0x0000006ce5800000)]
  0x000001e22774e000 JavaThread "Cache worker for checksums cache (C:\Android Projects\Udemy TUTORIAL\7MinuteWorkout2\.gradle\checksums)" [_thread_blocked, id=50076, stack(0x0000006ce5800000,0x0000006ce5900000)]
  0x000001e22774d000 JavaThread "Cache worker for cache directory md-supplier (C:\Users\Dark Knight\.gradle\caches\7.0.2\md-supplier)" [_thread_blocked, id=40760, stack(0x0000006ce5900000,0x0000006ce5a00000)]
  0x000001e227750800 JavaThread "Cache worker for cache directory md-rule (C:\Users\Dark Knight\.gradle\caches\7.0.2\md-rule)" [_thread_blocked, id=35924, stack(0x0000006ce5a00000,0x0000006ce5b00000)]
  0x000001e227751800 JavaThread "Cache worker for execution history cache (C:\Users\Dark Knight\.gradle\caches\7.0.2\executionHistory)" [_thread_blocked, id=48780, stack(0x0000006ce5c00000,0x0000006ce5d00000)]
  0x000001e227752000 JavaThread "jar transforms" [_thread_blocked, id=48216, stack(0x0000006ce5d00000,0x0000006ce5e00000)]
  0x000001e22774f000 JavaThread "jar transforms Thread 2" [_thread_blocked, id=44312, stack(0x0000006ce5e00000,0x0000006ce5f00000)]
  0x000001e227758800 JavaThread "Cache worker for file content cache (C:\Users\Dark Knight\.gradle\caches\7.0.2\fileContent)" [_thread_blocked, id=42488, stack(0x0000006ce5f00000,0x0000006ce6000000)]
  0x000001e227757000 JavaThread "Cache worker for dependencies-accessors (C:\Android Projects\Udemy TUTORIAL\7MinuteWorkout2\.gradle\7.0.2\dependencies-accessors)" [_thread_blocked, id=48340, stack(0x0000006ce6000000,0x0000006ce6100000)]
  0x000001e227754800 JavaThread "jar transforms Thread 3" [_thread_blocked, id=41464, stack(0x0000006ce6100000,0x0000006ce6200000)]
  0x000001e227755800 JavaThread "Cache worker for Build Output Cleanup Cache (C:\Android Projects\Udemy TUTORIAL\7MinuteWorkout2\.gradle\buildOutputCleanup)" [_thread_blocked, id=46708, stack(0x0000006ce6200000,0x0000006ce6300000)]
  0x000001e22775a800 JavaThread "Build operations" [_thread_blocked, id=10752, stack(0x0000006ce6300000,0x0000006ce6400000)]
  0x000001e227758000 JavaThread "Build operations Thread 2" [_thread_blocked, id=2728, stack(0x0000006ce6400000,0x0000006ce6500000)]
  0x000001e227759800 JavaThread "Build operations Thread 3" [_thread_blocked, id=43940, stack(0x0000006ce6500000,0x0000006ce6600000)]
  0x000001e227756000 JavaThread "Build operations Thread 4" [_thread_blocked, id=41872, stack(0x0000006ce6600000,0x0000006ce6700000)]
  0x000001e22ba11800 JavaThread "Build operations Thread 5" [_thread_blocked, id=49124, stack(0x0000006ce6700000,0x0000006ce6800000)]
  0x000001e22ba18800 JavaThread "Build operations Thread 6" [_thread_blocked, id=19140, stack(0x0000006ce6800000,0x0000006ce6900000)]
  0x000001e22ba14000 JavaThread "Build operations Thread 7" [_thread_blocked, id=9152, stack(0x0000006ce6900000,0x0000006ce6a00000)]
  0x000001e22ba13800 JavaThread "Build operations Thread 8" [_thread_blocked, id=45572, stack(0x0000006ce6a00000,0x0000006ce6b00000)]
  0x000001e22ba15000 JavaThread "jar transforms Thread 4" [_thread_blocked, id=50080, stack(0x0000006ce6b00000,0x0000006ce6c00000)]
  0x000001e22ba16000 JavaThread "jar transforms Thread 5" [_thread_blocked, id=42060, stack(0x0000006ce6c00000,0x0000006ce6d00000)]
  0x000001e22ba16800 JavaThread "jar transforms Thread 6" [_thread_blocked, id=5292, stack(0x0000006ce6d00000,0x0000006ce6e00000)]
  0x000001e22ba12800 JavaThread "jar transforms Thread 7" [_thread_blocked, id=42564, stack(0x0000006ce6e00000,0x0000006ce6f00000)]
  0x000001e22ba19000 JavaThread "jar transforms Thread 8" [_thread_blocked, id=47640, stack(0x0000006ce6f00000,0x0000006ce7000000)]
  0x000001e227c76000 JavaThread "C2 CompilerThread1" daemon [_thread_in_native, id=27920, stack(0x0000006ce5400000,0x0000006ce5500000)]
  0x000001e226cc8800 JavaThread "C2 CompilerThread2" daemon [_thread_in_native, id=46856, stack(0x0000006ce5b00000,0x0000006ce5c00000)]
  0x000001e22ba1a000 JavaThread "Memory manager" [_thread_blocked, id=30628, stack(0x0000006ce7000000,0x0000006ce7100000)]
  0x000001e22ba1b800 JavaThread "build event listener" [_thread_blocked, id=7768, stack(0x0000006ce7100000,0x0000006ce7200000)]
  0x000001e22ba1c800 JavaThread "pool-3-thread-1" [_thread_blocked, id=23192, stack(0x0000006ce7200000,0x0000006ce7300000)]
  0x000001e22ba1d000 JavaThread "build event listener" [_thread_blocked, id=46768, stack(0x0000006ce7300000,0x0000006ce7400000)]
  0x000001e22ba17800 JavaThread "Execution worker for ':'" [_thread_blocked, id=46208, stack(0x0000006ce7400000,0x0000006ce7500000)]
  0x000001e22ba1e000 JavaThread "Execution worker for ':' Thread 2" [_thread_blocked, id=47124, stack(0x0000006ce7500000,0x0000006ce7600000)]
  0x000001e22ba1f000 JavaThread "Execution worker for ':' Thread 3" [_thread_blocked, id=38284, stack(0x0000006ce7600000,0x0000006ce7700000)]
  0x000001e22ba1f800 JavaThread "Execution worker for ':' Thread 4" [_thread_in_native, id=9068, stack(0x0000006ce7700000,0x0000006ce7800000)]
  0x000001e22ba20800 JavaThread "Execution worker for ':' Thread 5" [_thread_blocked, id=38252, stack(0x0000006ce7800000,0x0000006ce7900000)]
  0x000001e2307d2800 JavaThread "Execution worker for ':' Thread 6" [_thread_blocked, id=16536, stack(0x0000006ce7900000,0x0000006ce7a00000)]
  0x000001e2307d6800 JavaThread "Execution worker for ':' Thread 7" [_thread_blocked, id=17324, stack(0x0000006ce7a00000,0x0000006ce7b00000)]
  0x000001e2307d1000 JavaThread "Cache worker for execution history cache (C:\Android Projects\Udemy TUTORIAL\7MinuteWorkout2\.gradle\7.0.2\executionHistory)" [_thread_blocked, id=35020, stack(0x0000006ce7b00000,0x0000006ce7c00000)]

Other Threads:
  0x000001e2240cd800 VMThread "VM Thread" [stack: 0x0000006ce3400000,0x0000006ce3500000] [id=33480]
  0x000001e224b11000 WatcherThread [stack: 0x0000006ce3e00000,0x0000006ce3f00000] [id=49992]
  0x000001e209dd7800 GCTaskThread "GC Thread#0" [stack: 0x0000006ce2f00000,0x0000006ce3000000] [id=30360]
  0x000001e224ec5800 GCTaskThread "GC Thread#1" [stack: 0x0000006ce4000000,0x0000006ce4100000] [id=41592]
  0x000001e22583d000 GCTaskThread "GC Thread#2" [stack: 0x0000006ce4100000,0x0000006ce4200000] [id=41060]
  0x000001e225b11800 GCTaskThread "GC Thread#3" [stack: 0x0000006ce4b00000,0x0000006ce4c00000] [id=49856]
  0x000001e227029000 GCTaskThread "GC Thread#4" [stack: 0x0000006ce4c00000,0x0000006ce4d00000] [id=12332]
  0x000001e226c84000 GCTaskThread "GC Thread#5" [stack: 0x0000006ce4d00000,0x0000006ce4e00000] [id=38976]
  0x000001e225eff000 GCTaskThread "GC Thread#6" [stack: 0x0000006ce4e00000,0x0000006ce4f00000] [id=43948]
  0x000001e226423000 GCTaskThread "GC Thread#7" [stack: 0x0000006ce4f00000,0x0000006ce5000000] [id=44260]
  0x000001e209e07800 ConcurrentGCThread "G1 Main Marker" [stack: 0x0000006ce3000000,0x0000006ce3100000] [id=4012]
  0x000001e209e09000 ConcurrentGCThread "G1 Conc#0" [stack: 0x0000006ce3100000,0x0000006ce3200000] [id=16552]
  0x000001e22600f800 ConcurrentGCThread "G1 Conc#1" [stack: 0x0000006ce5200000,0x0000006ce5300000] [id=42316]
  0x000001e223f37800 ConcurrentGCThread "G1 Refine#0" [stack: 0x0000006ce3200000,0x0000006ce3300000] [id=46972]
  0x000001e223f38800 ConcurrentGCThread "G1 Young RemSet Sampling" [stack: 0x0000006ce3300000,0x0000006ce3400000] [id=40492]

Threads with active compile tasks:
C2 CompilerThread0  13409 7705       4       java.lang.String::split (324 bytes)
C1 CompilerThread0  13409 7970   !   3       java.util.concurrent.LinkedBlockingQueue::offer (131 bytes)
C2 CompilerThread1  13409 7914       4       org.gradle.internal.serialize.kryo.StringDeduplicatingKryoBackedEncoder::writeNullableString (114 bytes)
C2 CompilerThread2  13409 7976       4       com.google.common.collect.ImmutableList$Builder::add (8 bytes)

VM state:not at safepoint (normal execution)

VM Mutex/Monitor currently owned by a thread:  ([mutex/lock_event])
[0x000001e209dbba90] CodeCache_lock - owner thread: 0x0000000000000000
[0x000001e209dba1d0] MethodData_lock - owner thread: 0x0000000000000000

Heap address: 0x0000000080000000, size: 2048 MB, Compressed Oops mode: 32-bit
Narrow klass base: 0x0000000000000000, Narrow klass shift: 3
Compressed class space size: 1073741824 Address: 0x0000000100000000

Heap:
 garbage-first heap   total 157696K, used 94401K [0x0000000080000000, 0x0000000100000000)
  region size 1024K, 37 young (37888K), 7 survivors (7168K)
 Metaspace       used 81848K, capacity 83882K, committed 84096K, reserved 1122304K
  class space    used 10640K, capacity 11390K, committed 11392K, reserved 1048576K
Heap Regions: E=young(eden), S=young(survivor), O=old, HS=humongous(starts), HC=humongous(continues), CS=collection set, F=free, A=archive, TAMS=top-at-mark-start (previous, next)
|   0|0x0000000080000000, 0x0000000080100000, 0x0000000080100000|100%| O|  |TAMS 0x0000000080100000, 0x0000000080000000| Untracked 
|   1|0x0000000080100000, 0x0000000080200000, 0x0000000080200000|100%| O|  |TAMS 0x0000000080200000, 0x0000000080100000| Untracked 
|   2|0x0000000080200000, 0x0000000080300000, 0x0000000080300000|100%| O|  |TAMS 0x0000000080300000, 0x0000000080200000| Untracked 
|   3|0x0000000080300000, 0x0000000080400000, 0x0000000080400000|100%|HS|  |TAMS 0x0000000080400000, 0x0000000080300000| Complete 
|   4|0x0000000080400000, 0x0000000080500000, 0x0000000080500000|100%|HC|  |TAMS 0x0000000080500000, 0x0000000080400000| Complete 
|   5|0x0000000080500000, 0x0000000080600000, 0x0000000080600000|100%|HC|  |TAMS 0x0000000080600000, 0x0000000080500000| Complete 
|   6|0x0000000080600000, 0x0000000080700000, 0x0000000080700000|100%| O|  |TAMS 0x0000000080700000, 0x0000000080600000| Untracked 
|   7|0x0000000080700000, 0x0000000080800000, 0x0000000080800000|100%| O|  |TAMS 0x0000000080800000, 0x0000000080700000| Untracked 
|   8|0x0000000080800000, 0x0000000080900000, 0x0000000080900000|100%| O|  |TAMS 0x0000000080900000, 0x0000000080800000| Untracked 
|   9|0x0000000080900000, 0x0000000080a00000, 0x0000000080a00000|100%| O|  |TAMS 0x0000000080a00000, 0x0000000080900000| Untracked 
|  10|0x0000000080a00000, 0x0000000080b00000, 0x0000000080b00000|100%| O|  |TAMS 0x0000000080b00000, 0x0000000080a00000| Untracked 
|  11|0x0000000080b00000, 0x0000000080c00000, 0x0000000080c00000|100%| O|  |TAMS 0x0000000080c00000, 0x0000000080b00000| Untracked 
|  12|0x0000000080c00000, 0x0000000080d00000, 0x0000000080d00000|100%| O|  |TAMS 0x0000000080d00000, 0x0000000080c00000| Untracked 
|  13|0x0000000080d00000, 0x0000000080e00000, 0x0000000080e00000|100%| O|  |TAMS 0x0000000080e00000, 0x0000000080d00000| Untracked 
|  14|0x0000000080e00000, 0x0000000080f00000, 0x0000000080f00000|100%| O|  |TAMS 0x0000000080f00000, 0x0000000080e00000| Untracked 
|  15|0x0000000080f00000, 0x0000000081000000, 0x0000000081000000|100%| O|  |TAMS 0x0000000081000000, 0x0000000080f00000| Untracked 
|  16|0x0000000081000000, 0x0000000081100000, 0x0000000081100000|100%|HS|  |TAMS 0x0000000081100000, 0x0000000081000000| Complete 
|  17|0x0000000081100000, 0x0000000081200000, 0x0000000081200000|100%| O|  |TAMS 0x0000000081200000, 0x0000000081100000| Untracked 
|  18|0x0000000081200000, 0x0000000081300000, 0x0000000081300000|100%| O|  |TAMS 0x0000000081300000, 0x0000000081200000| Untracked 
|  19|0x0000000081300000, 0x0000000081400000, 0x0000000081400000|100%| O|  |TAMS 0x0000000081400000, 0x0000000081300000| Untracked 
|  20|0x0000000081400000, 0x0000000081500000, 0x0000000081500000|100%| O|  |TAMS 0x0000000081500000, 0x0000000081400000| Untracked 
|  21|0x0000000081500000, 0x0000000081600000, 0x0000000081600000|100%| O|  |TAMS 0x0000000081600000, 0x0000000081500000| Untracked 
|  22|0x0000000081600000, 0x0000000081700000, 0x0000000081700000|100%| O|  |TAMS 0x0000000081700000, 0x0000000081600000| Untracked 
|  23|0x0000000081700000, 0x0000000081800000, 0x0000000081800000|100%| O|  |TAMS 0x0000000081800000, 0x0000000081700000| Untracked 
|  24|0x0000000081800000, 0x0000000081900000, 0x0000000081900000|100%| O|  |TAMS 0x0000000081900000, 0x0000000081800000| Untracked 
|  25|0x0000000081900000, 0x0000000081a00000, 0x0000000081a00000|100%| O|  |TAMS 0x0000000081a00000, 0x0000000081900000| Untracked 
|  26|0x0000000081a00000, 0x0000000081b00000, 0x0000000081b00000|100%| O|  |TAMS 0x0000000081b00000, 0x0000000081a00000| Untracked 
|  27|0x0000000081b00000, 0x0000000081c00000, 0x0000000081c00000|100%|HS|  |TAMS 0x0000000081c00000, 0x0000000081b00000| Complete 
|  28|0x0000000081c00000, 0x0000000081d00000, 0x0000000081d00000|100%|HS|  |TAMS 0x0000000081d00000, 0x0000000081c00000| Complete 
|  29|0x0000000081d00000, 0x0000000081e00000, 0x0000000081e00000|100%|HC|  |TAMS 0x0000000081e00000, 0x0000000081d00000| Complete 
|  30|0x0000000081e00000, 0x0000000081f00000, 0x0000000081f00000|100%|HC|  |TAMS 0x0000000081f00000, 0x0000000081e00000| Complete 
|  31|0x0000000081f00000, 0x0000000082000000, 0x0000000082000000|100%|HS|  |TAMS 0x0000000082000000, 0x0000000081f00000| Complete 
|  32|0x0000000082000000, 0x0000000082100000, 0x0000000082100000|100%|HC|  |TAMS 0x0000000082100000, 0x0000000082000000| Complete 
|  33|0x0000000082100000, 0x0000000082200000, 0x0000000082200000|100%| O|  |TAMS 0x0000000082200000, 0x0000000082100000| Untracked 
|  34|0x0000000082200000, 0x0000000082300000, 0x0000000082300000|100%| O|  |TAMS 0x0000000082300000, 0x0000000082200000| Untracked 
|  35|0x0000000082300000, 0x0000000082400000, 0x0000000082400000|100%| O|  |TAMS 0x0000000082400000, 0x0000000082300000| Untracked 
|  36|0x0000000082400000, 0x0000000082500000, 0x0000000082500000|100%| O|  |TAMS 0x0000000082500000, 0x0000000082400000| Untracked 
|  37|0x0000000082500000, 0x0000000082600000, 0x0000000082600000|100%| O|  |TAMS 0x0000000082600000, 0x0000000082500000| Untracked 
|  38|0x0000000082600000, 0x0000000082700000, 0x0000000082700000|100%| O|  |TAMS 0x0000000082700000, 0x0000000082600000| Untracked 
|  39|0x0000000082700000, 0x0000000082800000, 0x0000000082800000|100%| O|  |TAMS 0x0000000082800000, 0x0000000082700000| Untracked 
|  40|0x0000000082800000, 0x0000000082900000, 0x0000000082900000|100%| O|  |TAMS 0x0000000082900000, 0x0000000082800000| Untracked 
|  41|0x0000000082900000, 0x0000000082a00000, 0x0000000082a00000|100%| O|  |TAMS 0x0000000082a00000, 0x0000000082900000| Untracked 
|  42|0x0000000082a00000, 0x0000000082b00000, 0x0000000082b00000|100%| O|  |TAMS 0x0000000082b00000, 0x0000000082a00000| Untracked 
|  43|0x0000000082b00000, 0x0000000082c00000, 0x0000000082c00000|100%| O|  |TAMS 0x0000000082c00000, 0x0000000082b00000| Untracked 
|  44|0x0000000082c00000, 0x0000000082d00000, 0x0000000082d00000|100%| O|  |TAMS 0x0000000082d00000, 0x0000000082c00000| Untracked 
|  45|0x0000000082d00000, 0x0000000082e00000, 0x0000000082e00000|100%| O|  |TAMS 0x0000000082d00000, 0x0000000082d00000| Untracked 
|  46|0x0000000082e00000, 0x0000000082f00000, 0x0000000082f00000|100%| O|  |TAMS 0x0000000082e7ca00, 0x0000000082e00000| Untracked 
|  47|0x0000000082f00000, 0x0000000083000000, 0x0000000083000000|100%| O|  |TAMS 0x0000000082f00000, 0x0000000082f00000| Untracked 
|  48|0x0000000083000000, 0x0000000083100000, 0x0000000083100000|100%| O|  |TAMS 0x0000000083000000, 0x0000000083000000| Untracked 
|  49|0x0000000083100000, 0x0000000083200000, 0x0000000083200000|100%| O|  |TAMS 0x0000000083100000, 0x0000000083100000| Untracked 
|  50|0x0000000083200000, 0x0000000083300000, 0x0000000083300000|100%| O|  |TAMS 0x0000000083200000, 0x0000000083200000| Untracked 
|  51|0x0000000083300000, 0x0000000083400000, 0x0000000083400000|100%| O|  |TAMS 0x0000000083300000, 0x0000000083300000| Untracked 
|  52|0x0000000083400000, 0x0000000083500000, 0x0000000083500000|100%| O|  |TAMS 0x0000000083400000, 0x0000000083400000| Untracked 
|  53|0x0000000083500000, 0x0000000083600000, 0x0000000083600000|100%| O|  |TAMS 0x0000000083500000, 0x0000000083500000| Untracked 
|  54|0x0000000083600000, 0x0000000083700000, 0x0000000083700000|100%| O|  |TAMS 0x0000000083600000, 0x0000000083600000| Untracked 
|  55|0x0000000083700000, 0x0000000083800000, 0x0000000083800000|100%| O|  |TAMS 0x0000000083700000, 0x0000000083700000| Untracked 
|  56|0x0000000083800000, 0x0000000083853a00, 0x0000000083900000| 32%| O|  |TAMS 0x0000000083800000, 0x0000000083800000| Untracked 
|  57|0x0000000083900000, 0x0000000083900000, 0x0000000083a00000|  0%| F|  |TAMS 0x0000000083900000, 0x0000000083900000| Untracked 
|  58|0x0000000083a00000, 0x0000000083a00000, 0x0000000083b00000|  0%| F|  |TAMS 0x0000000083a00000, 0x0000000083a00000| Untracked 
|  59|0x0000000083b00000, 0x0000000083b00000, 0x0000000083c00000|  0%| F|  |TAMS 0x0000000083b00000, 0x0000000083b00000| Untracked 
|  60|0x0000000083c00000, 0x0000000083c00000, 0x0000000083d00000|  0%| F|  |TAMS 0x0000000083c00000, 0x0000000083c00000| Untracked 
|  61|0x0000000083d00000, 0x0000000083d00000, 0x0000000083e00000|  0%| F|  |TAMS 0x0000000083d00000, 0x0000000083d00000| Untracked 
|  62|0x0000000083e00000, 0x0000000083e00000, 0x0000000083f00000|  0%| F|  |TAMS 0x0000000083e00000, 0x0000000083e00000| Untracked 
|  63|0x0000000083f00000, 0x0000000083f00000, 0x0000000084000000|  0%| F|  |TAMS 0x0000000083f00000, 0x0000000083f00000| Untracked 
|  64|0x0000000084000000, 0x0000000084000000, 0x0000000084100000|  0%| F|  |TAMS 0x0000000084000000, 0x0000000084000000| Untracked 
|  65|0x0000000084100000, 0x0000000084100000, 0x0000000084200000|  0%| F|  |TAMS 0x0000000084100000, 0x0000000084100000| Untracked 
|  66|0x0000000084200000, 0x0000000084200000, 0x0000000084300000|  0%| F|  |TAMS 0x0000000084200000, 0x0000000084200000| Untracked 
|  67|0x0000000084300000, 0x0000000084300000, 0x0000000084400000|  0%| F|  |TAMS 0x0000000084300000, 0x0000000084300000| Untracked 
|  68|0x0000000084400000, 0x0000000084400000, 0x0000000084500000|  0%| F|  |TAMS 0x0000000084400000, 0x0000000084400000| Untracked 
|  69|0x0000000084500000, 0x0000000084500000, 0x0000000084600000|  0%| F|  |TAMS 0x0000000084500000, 0x0000000084500000| Untracked 
|  70|0x0000000084600000, 0x0000000084600000, 0x0000000084700000|  0%| F|  |TAMS 0x0000000084600000, 0x0000000084600000| Untracked 
|  71|0x0000000084700000, 0x0000000084700000, 0x0000000084800000|  0%| F|  |TAMS 0x0000000084700000, 0x0000000084700000| Untracked 
|  72|0x0000000084800000, 0x0000000084800000, 0x0000000084900000|  0%| F|  |TAMS 0x0000000084800000, 0x0000000084800000| Untracked 
|  73|0x0000000084900000, 0x0000000084900000, 0x0000000084a00000|  0%| F|  |TAMS 0x0000000084900000, 0x0000000084900000| Untracked 
|  74|0x0000000084a00000, 0x0000000084a00000, 0x0000000084b00000|  0%| F|  |TAMS 0x0000000084a00000, 0x0000000084a00000| Untracked 
|  75|0x0000000084b00000, 0x0000000084b00000, 0x0000000084c00000|  0%| F|  |TAMS 0x0000000084b00000, 0x0000000084b00000| Untracked 
|  76|0x0000000084c00000, 0x0000000084c00000, 0x0000000084d00000|  0%| F|  |TAMS 0x0000000084c00000, 0x0000000084c00000| Untracked 
|  77|0x0000000084d00000, 0x0000000084d00000, 0x0000000084e00000|  0%| F|  |TAMS 0x0000000084d00000, 0x0000000084d00000| Untracked 
|  78|0x0000000084e00000, 0x0000000084e00000, 0x0000000084f00000|  0%| F|  |TAMS 0x0000000084e00000, 0x0000000084e00000| Untracked 
|  79|0x0000000084f00000, 0x0000000084f00000, 0x0000000085000000|  0%| F|  |TAMS 0x0000000084f00000, 0x0000000084f00000| Untracked 
|  80|0x0000000085000000, 0x0000000085000000, 0x0000000085100000|  0%| F|  |TAMS 0x0000000085000000, 0x0000000085000000| Untracked 
|  81|0x0000000085100000, 0x0000000085100000, 0x0000000085200000|  0%| F|  |TAMS 0x0000000085100000, 0x0000000085100000| Untracked 
|  82|0x0000000085200000, 0x0000000085200000, 0x0000000085300000|  0%| F|  |TAMS 0x0000000085200000, 0x0000000085200000| Untracked 
|  83|0x0000000085300000, 0x0000000085300000, 0x0000000085400000|  0%| F|  |TAMS 0x0000000085300000, 0x0000000085300000| Untracked 
|  84|0x0000000085400000, 0x0000000085400000, 0x0000000085500000|  0%| F|  |TAMS 0x0000000085400000, 0x0000000085400000| Untracked 
|  85|0x0000000085500000, 0x0000000085500000, 0x0000000085600000|  0%| F|  |TAMS 0x0000000085500000, 0x0000000085500000| Untracked 
|  86|0x0000000085600000, 0x0000000085600000, 0x0000000085700000|  0%| F|  |TAMS 0x0000000085600000, 0x0000000085600000| Untracked 
|  87|0x0000000085700000, 0x0000000085700000, 0x0000000085800000|  0%| F|  |TAMS 0x0000000085700000, 0x0000000085700000| Untracked 
|  88|0x0000000085800000, 0x00000000858dca40, 0x0000000085900000| 86%| S|CS|TAMS 0x0000000085800000, 0x0000000085800000| Complete 
|  89|0x0000000085900000, 0x0000000085a00000, 0x0000000085a00000|100%| S|CS|TAMS 0x0000000085900000, 0x0000000085900000| Complete 
|  90|0x0000000085a00000, 0x0000000085b00000, 0x0000000085b00000|100%| S|CS|TAMS 0x0000000085a00000, 0x0000000085a00000| Complete 
|  91|0x0000000085b00000, 0x0000000085c00000, 0x0000000085c00000|100%| S|CS|TAMS 0x0000000085b00000, 0x0000000085b00000| Complete 
|  92|0x0000000085c00000, 0x0000000085d00000, 0x0000000085d00000|100%| S|CS|TAMS 0x0000000085c00000, 0x0000000085c00000| Complete 
|  93|0x0000000085d00000, 0x0000000085e00000, 0x0000000085e00000|100%| S|CS|TAMS 0x0000000085d00000, 0x0000000085d00000| Complete 
|  94|0x0000000085e00000, 0x0000000085f00000, 0x0000000085f00000|100%| S|CS|TAMS 0x0000000085e00000, 0x0000000085e00000| Complete 
|  95|0x0000000085f00000, 0x0000000085f00000, 0x0000000086000000|  0%| F|  |TAMS 0x0000000085f00000, 0x0000000085f00000| Untracked 
|  96|0x0000000086000000, 0x0000000086000000, 0x0000000086100000|  0%| F|  |TAMS 0x0000000086000000, 0x0000000086000000| Untracked 
|  97|0x0000000086100000, 0x0000000086100000, 0x0000000086200000|  0%| F|  |TAMS 0x0000000086100000, 0x0000000086100000| Untracked 
|  98|0x0000000086200000, 0x0000000086200000, 0x0000000086300000|  0%| F|  |TAMS 0x0000000086200000, 0x0000000086200000| Untracked 
|  99|0x0000000086300000, 0x0000000086300000, 0x0000000086400000|  0%| F|  |TAMS 0x0000000086300000, 0x0000000086300000| Untracked 
| 100|0x0000000086400000, 0x0000000086400000, 0x0000000086500000|  0%| F|  |TAMS 0x0000000086400000, 0x0000000086400000| Untracked 
| 101|0x0000000086500000, 0x0000000086500000, 0x0000000086600000|  0%| F|  |TAMS 0x0000000086500000, 0x0000000086500000| Untracked 
| 102|0x0000000086600000, 0x0000000086600000, 0x0000000086700000|  0%| F|  |TAMS 0x0000000086600000, 0x0000000086600000| Untracked 
| 103|0x0000000086700000, 0x0000000086700000, 0x0000000086800000|  0%| F|  |TAMS 0x0000000086700000, 0x0000000086700000| Untracked 
| 104|0x0000000086800000, 0x0000000086800000, 0x0000000086900000|  0%| F|  |TAMS 0x0000000086800000, 0x0000000086800000| Untracked 
| 105|0x0000000086900000, 0x0000000086900000, 0x0000000086a00000|  0%| F|  |TAMS 0x0000000086900000, 0x0000000086900000| Untracked 
| 106|0x0000000086a00000, 0x0000000086a00000, 0x0000000086b00000|  0%| F|  |TAMS 0x0000000086a00000, 0x0000000086a00000| Untracked 
| 107|0x0000000086b00000, 0x0000000086b00000, 0x0000000086c00000|  0%| F|  |TAMS 0x0000000086b00000, 0x0000000086b00000| Untracked 
| 108|0x0000000086c00000, 0x0000000086c00000, 0x0000000086d00000|  0%| F|  |TAMS 0x0000000086c00000, 0x0000000086c00000| Untracked 
| 109|0x0000000086d00000, 0x0000000086d00000, 0x0000000086e00000|  0%| F|  |TAMS 0x0000000086d00000, 0x0000000086d00000| Untracked 
| 110|0x0000000086e00000, 0x0000000086e00000, 0x0000000086f00000|  0%| F|  |TAMS 0x0000000086e00000, 0x0000000086e00000| Untracked 
| 111|0x0000000086f00000, 0x0000000086f00000, 0x0000000087000000|  0%| F|  |TAMS 0x0000000086f00000, 0x0000000086f00000| Untracked 
| 112|0x0000000087000000, 0x0000000087000000, 0x0000000087100000|  0%| F|  |TAMS 0x0000000087000000, 0x0000000087000000| Untracked 
| 113|0x0000000087100000, 0x0000000087100000, 0x0000000087200000|  0%| F|  |TAMS 0x0000000087100000, 0x0000000087100000| Untracked 
| 114|0x0000000087200000, 0x0000000087200000, 0x0000000087300000|  0%| F|  |TAMS 0x0000000087200000, 0x0000000087200000| Untracked 
| 115|0x0000000087300000, 0x0000000087300000, 0x0000000087400000|  0%| F|  |TAMS 0x0000000087300000, 0x0000000087300000| Untracked 
| 116|0x0000000087400000, 0x0000000087400000, 0x0000000087500000|  0%| F|  |TAMS 0x0000000087400000, 0x0000000087400000| Untracked 
| 117|0x0000000087500000, 0x0000000087500000, 0x0000000087600000|  0%| F|  |TAMS 0x0000000087500000, 0x0000000087500000| Untracked 
| 118|0x0000000087600000, 0x0000000087600000, 0x0000000087700000|  0%| F|  |TAMS 0x0000000087600000, 0x0000000087600000| Untracked 
| 119|0x0000000087700000, 0x0000000087700000, 0x0000000087800000|  0%| F|  |TAMS 0x0000000087700000, 0x0000000087700000| Untracked 
| 120|0x0000000087800000, 0x0000000087800000, 0x0000000087900000|  0%| F|  |TAMS 0x0000000087800000, 0x0000000087800000| Untracked 
| 121|0x0000000087900000, 0x0000000087900000, 0x0000000087a00000|  0%| F|  |TAMS 0x0000000087900000, 0x0000000087900000| Untracked 
| 122|0x0000000087a00000, 0x0000000087a00000, 0x0000000087b00000|  0%| F|  |TAMS 0x0000000087a00000, 0x0000000087a00000| Untracked 
| 123|0x0000000087b00000, 0x0000000087b00000, 0x0000000087c00000|  0%| F|  |TAMS 0x0000000087b00000, 0x0000000087b00000| Untracked 
| 124|0x0000000087c00000, 0x0000000087cd3940, 0x0000000087d00000| 82%| E|  |TAMS 0x0000000087c00000, 0x0000000087c00000| Complete 
| 125|0x0000000087d00000, 0x0000000087e00000, 0x0000000087e00000|100%| E|CS|TAMS 0x0000000087d00000, 0x0000000087d00000| Complete 
| 126|0x0000000087e00000, 0x0000000087f00000, 0x0000000087f00000|100%| E|CS|TAMS 0x0000000087e00000, 0x0000000087e00000| Complete 
| 127|0x0000000087f00000, 0x0000000088000000, 0x0000000088000000|100%| E|CS|TAMS 0x0000000087f00000, 0x0000000087f00000| Complete 
| 128|0x0000000088000000, 0x0000000088100000, 0x0000000088100000|100%| E|CS|TAMS 0x0000000088000000, 0x0000000088000000| Complete 
| 129|0x0000000088100000, 0x0000000088200000, 0x0000000088200000|100%| E|CS|TAMS 0x0000000088100000, 0x0000000088100000| Complete 
| 130|0x0000000088200000, 0x0000000088300000, 0x0000000088300000|100%| E|CS|TAMS 0x0000000088200000, 0x0000000088200000| Complete 
| 131|0x0000000088300000, 0x0000000088400000, 0x0000000088400000|100%| E|CS|TAMS 0x0000000088300000, 0x0000000088300000| Complete 
| 132|0x0000000088400000, 0x0000000088500000, 0x0000000088500000|100%| E|CS|TAMS 0x0000000088400000, 0x0000000088400000| Complete 
| 133|0x0000000088500000, 0x0000000088600000, 0x0000000088600000|100%| E|CS|TAMS 0x0000000088500000, 0x0000000088500000| Complete 
| 134|0x0000000088600000, 0x0000000088700000, 0x0000000088700000|100%| E|CS|TAMS 0x0000000088600000, 0x0000000088600000| Complete 
| 135|0x0000000088700000, 0x0000000088800000, 0x0000000088800000|100%| E|CS|TAMS 0x0000000088700000, 0x0000000088700000| Complete 
| 136|0x0000000088800000, 0x0000000088900000, 0x0000000088900000|100%| E|CS|TAMS 0x0000000088800000, 0x0000000088800000| Complete 
| 137|0x0000000088900000, 0x0000000088a00000, 0x0000000088a00000|100%| E|CS|TAMS 0x0000000088900000, 0x0000000088900000| Complete 
| 138|0x0000000088a00000, 0x0000000088b00000, 0x0000000088b00000|100%| E|CS|TAMS 0x0000000088a00000, 0x0000000088a00000| Complete 
| 139|0x0000000088b00000, 0x0000000088c00000, 0x0000000088c00000|100%| E|CS|TAMS 0x0000000088b00000, 0x0000000088b00000| Complete 
| 140|0x0000000088c00000, 0x0000000088d00000, 0x0000000088d00000|100%| E|CS|TAMS 0x0000000088c00000, 0x0000000088c00000| Complete 
| 141|0x0000000088d00000, 0x0000000088e00000, 0x0000000088e00000|100%| E|CS|TAMS 0x0000000088d00000, 0x0000000088d00000| Complete 
| 142|0x0000000088e00000, 0x0000000088f00000, 0x0000000088f00000|100%| E|CS|TAMS 0x0000000088e00000, 0x0000000088e00000| Complete 
| 143|0x0000000088f00000, 0x0000000089000000, 0x0000000089000000|100%| E|CS|TAMS 0x0000000088f00000, 0x0000000088f00000| Complete 
| 144|0x0000000089000000, 0x0000000089100000, 0x0000000089100000|100%| E|CS|TAMS 0x0000000089000000, 0x0000000089000000| Complete 
| 145|0x0000000089100000, 0x0000000089200000, 0x0000000089200000|100%| E|CS|TAMS 0x0000000089100000, 0x0000000089100000| Complete 
| 146|0x0000000089200000, 0x0000000089300000, 0x0000000089300000|100%| E|CS|TAMS 0x0000000089200000, 0x0000000089200000| Complete 
| 147|0x0000000089300000, 0x0000000089400000, 0x0000000089400000|100%| E|CS|TAMS 0x0000000089300000, 0x0000000089300000| Complete 
| 148|0x0000000089400000, 0x0000000089500000, 0x0000000089500000|100%| E|CS|TAMS 0x0000000089400000, 0x0000000089400000| Complete 
| 149|0x0000000089500000, 0x0000000089600000, 0x0000000089600000|100%| E|CS|TAMS 0x0000000089500000, 0x0000000089500000| Complete 
| 150|0x0000000089600000, 0x0000000089700000, 0x0000000089700000|100%| E|CS|TAMS 0x0000000089600000, 0x0000000089600000| Complete 
| 151|0x0000000089700000, 0x0000000089800000, 0x0000000089800000|100%| E|CS|TAMS 0x0000000089700000, 0x0000000089700000| Complete 
| 152|0x0000000089800000, 0x0000000089900000, 0x0000000089900000|100%| E|CS|TAMS 0x0000000089800000, 0x0000000089800000| Complete 
| 153|0x0000000089900000, 0x0000000089a00000, 0x0000000089a00000|100%| E|CS|TAMS 0x0000000089900000, 0x0000000089900000| Complete 

Card table byte_map: [0x000001e21ce70000,0x000001e21d270000] _byte_map_base: 0x000001e21ca70000

Marking Bits (Prev, Next): (CMBitMap*) 0x000001e209dfebd8, (CMBitMap*) 0x000001e209dfec10
 Prev Bits: [0x000001e21d670000, 0x000001e21f670000)
 Next Bits: [0x000001e21f670000, 0x000001e221670000)

Polling page: 0x000001e207dd0000

Metaspace:

Usage:
  Non-class:     70.85 MB capacity,    69.61 MB ( 98%) used,     1.03 MB (  1%) free+waste,   219.00 KB ( <1%) overhead. 
      Class:     11.15 MB capacity,    10.41 MB ( 93%) used,   656.75 KB (  6%) free+waste,   101.69 KB ( <1%) overhead. 
       Both:     82.00 MB capacity,    80.02 MB ( 98%) used,     1.67 MB (  2%) free+waste,   320.69 KB ( <1%) overhead. 

Virtual space:
  Non-class space:       72.00 MB reserved,      71.00 MB ( 99%) committed 
      Class space:        1.00 GB reserved,      11.25 MB (  1%) committed 
             Both:        1.07 GB reserved,      82.25 MB (  8%) committed 

Chunk freelists:
   Non-Class:  0 bytes
       Class:  0 bytes
        Both:  0 bytes

MaxMetaspaceSize: 17179869184.00 GB
CompressedClassSpaceSize: 1.00 GB

CodeHeap 'non-profiled nmethods': size=120000Kb used=5100Kb max_used=5100Kb free=114899Kb
 bounds [0x000001e215210000, 0x000001e215710000, 0x000001e21c740000]
CodeHeap 'profiled nmethods': size=120000Kb used=16244Kb max_used=16244Kb free=103755Kb
 bounds [0x000001e20dce0000, 0x000001e20ecc0000, 0x000001e215210000]
CodeHeap 'non-nmethods': size=5760Kb used=2265Kb max_used=2319Kb free=3494Kb
 bounds [0x000001e20d740000, 0x000001e20d9b0000, 0x000001e20dce0000]
 total_blobs=8594 nmethods=7731 adapters=774
 compilation: enabled
              stopped_count=0, restarted_count=0
 full_count=0

Compilation events (20 events):
Event: 13.361 Thread 0x000001e22496e800 7911       1       org.gradle.api.internal.artifacts.ivyservice.ivyresolve.RepositoryChainModuleSource::getRepositoryName (5 bytes)
Event: 13.361 Thread 0x000001e22496e800 nmethod 7911 0x000001e215704610 code [0x000001e2157047c0, 0x000001e215704878]
Event: 13.361 Thread 0x000001e226cc8800 7912       4       org.gradle.internal.snapshot.impl.StringValueSnapshot::equals (6 bytes)
Event: 13.361 Thread 0x000001e22496e800 7913       3       org.gradle.api.internal.artifacts.ivyservice.resolveengine.graph.builder.ModuleSelectors::iterator (10 bytes)
Event: 13.361 Thread 0x000001e22496e800 nmethod 7913 0x000001e20eca5e10 code [0x000001e20eca5fc0, 0x000001e20eca6188]
Event: 13.361 Thread 0x000001e227c76000 7914       4       org.gradle.internal.serialize.kryo.StringDeduplicatingKryoBackedEncoder::writeNullableString (114 bytes)
Event: 13.362 Thread 0x000001e22496e800 7916       3       org.gradle.api.internal.artifacts.ivyservice.resolveengine.graph.builder.ComponentState::getComponentId (22 bytes)
Event: 13.363 Thread 0x000001e22496e800 nmethod 7916 0x000001e20eca6290 code [0x000001e20eca6460, 0x000001e20eca6668]
Event: 13.363 Thread 0x000001e22496e800 7917       3       org.gradle.internal.component.model.DefaultSelectedByVariantMatchingConfigurationMetadata::getCapabilities (10 bytes)
Event: 13.363 Thread 0x000001e22496e800 nmethod 7917 0x000001e20eca6710 code [0x000001e20eca68c0, 0x000001e20eca6a88]
Event: 13.363 Thread 0x000001e22496e800 7918       3       org.gradle.api.internal.artifacts.ivyservice.resolveengine.graph.CompositeDependencyGraphVisitor::visitEdges (40 bytes)
Event: 13.364 Thread 0x000001e22496e800 nmethod 7918 0x000001e20eca6b90 code [0x000001e20eca6da0, 0x000001e20eca7358]
Event: 13.365 Thread 0x000001e226cc8800 nmethod 7912 0x000001e215704910 code [0x000001e215704ac0, 0x000001e215704d98]
Event: 13.365 Thread 0x000001e226cc8800 7915       4       com.esotericsoftware.kryo.io.Output::writeInt (81 bytes)
Event: 13.367 Thread 0x000001e22496e800 7919   !   3       org.gradle.api.internal.artifacts.ivyservice.DefaultArtifactCaches$LateInitWritableArtifactCacheLockingManager::getDelegate (52 bytes)
Event: 13.368 Thread 0x000001e22496e800 nmethod 7919 0x000001e20eca7510 code [0x000001e20eca76e0, 0x000001e20eca7c08]
Event: 13.368 Thread 0x000001e22496e800 7920       3       org.gradle.api.internal.artifacts.ivyservice.WritableArtifactCacheLockingManager$CacheLockingPersistentCache$$Lambda$438/0x000000010060ec40::create (12 bytes)
Event: 13.368 Thread 0x000001e22496e800 nmethod 7920 0x000001e20eca7d90 code [0x000001e20eca7f60, 0x000001e20eca8188]
Event: 13.368 Thread 0x000001e22496e800 7921       3       org.gradle.api.internal.artifacts.ivyservice.WritableArtifactCacheLockingManager$CacheLockingPersistentCache::lambda$getIfPresent$0 (11 bytes)
Event: 13.368 Thread 0x000001e22496e800 nmethod 7921 0x000001e20eca8290 code [0x000001e20eca8440, 0x000001e20eca8608]

GC Heap History (20 events):
Event: 6.142 GC heap before
{Heap before GC invocations=7 (full 0):
 garbage-first heap   total 131072K, used 87635K [0x0000000080000000, 0x0000000100000000)
  region size 1024K, 68 young (69632K), 7 survivors (7168K)
 Metaspace       used 39513K, capacity 40510K, committed 40832K, reserved 1085440K
  class space    used 5052K, capacity 5390K, committed 5504K, reserved 1048576K
}
Event: 6.153 GC heap after
{Heap after GC invocations=8 (full 0):
 garbage-first heap   total 131072K, used 26797K [0x0000000080000000, 0x0000000100000000)
  region size 1024K, 9 young (9216K), 9 survivors (9216K)
 Metaspace       used 39513K, capacity 40510K, committed 40832K, reserved 1085440K
  class space    used 5052K, capacity 5390K, committed 5504K, reserved 1048576K
}
Event: 6.892 GC heap before
{Heap before GC invocations=8 (full 0):
 garbage-first heap   total 131072K, used 90285K [0x0000000080000000, 0x0000000100000000)
  region size 1024K, 70 young (71680K), 9 survivors (9216K)
 Metaspace       used 44840K, capacity 45955K, committed 46208K, reserved 1089536K
  class space    used 5767K, capacity 6178K, committed 6272K, reserved 1048576K
}
Event: 6.903 GC heap after
{Heap after GC invocations=9 (full 0):
 garbage-first heap   total 131072K, used 29109K [0x0000000080000000, 0x0000000100000000)
  region size 1024K, 4 young (4096K), 4 survivors (4096K)
 Metaspace       used 44840K, capacity 45955K, committed 46208K, reserved 1089536K
  class space    used 5767K, capacity 6178K, committed 6272K, reserved 1048576K
}
Event: 8.340 GC heap before
{Heap before GC invocations=9 (full 0):
 garbage-first heap   total 131072K, used 98741K [0x0000000080000000, 0x0000000100000000)
  region size 1024K, 66 young (67584K), 4 survivors (4096K)
 Metaspace       used 48324K, capacity 49710K, committed 50048K, reserved 1093632K
  class space    used 6190K, capacity 6682K, committed 6784K, reserved 1048576K
}
Event: 8.347 GC heap after
{Heap after GC invocations=10 (full 0):
 garbage-first heap   total 131072K, used 45056K [0x0000000080000000, 0x0000000100000000)
  region size 1024K, 9 young (9216K), 9 survivors (9216K)
 Metaspace       used 48324K, capacity 49710K, committed 50048K, reserved 1093632K
  class space    used 6190K, capacity 6682K, committed 6784K, reserved 1048576K
}
Event: 9.214 GC heap before
{Heap before GC invocations=10 (full 0):
 garbage-first heap   total 131072K, used 98304K [0x0000000080000000, 0x0000000100000000)
  region size 1024K, 61 young (62464K), 9 survivors (9216K)
 Metaspace       used 56120K, capacity 57606K, committed 57856K, reserved 1099776K
  class space    used 7104K, capacity 7669K, committed 7680K, reserved 1048576K
}
Event: 9.222 GC heap after
{Heap after GC invocations=11 (full 0):
 garbage-first heap   total 131072K, used 47422K [0x0000000080000000, 0x0000000100000000)
  region size 1024K, 2 young (2048K), 2 survivors (2048K)
 Metaspace       used 56120K, capacity 57606K, committed 57856K, reserved 1099776K
  class space    used 7104K, capacity 7669K, committed 7680K, reserved 1048576K
}
Event: 9.497 GC heap before
{Heap before GC invocations=11 (full 0):
 garbage-first heap   total 131072K, used 61758K [0x0000000080000000, 0x0000000100000000)
  region size 1024K, 17 young (17408K), 2 survivors (2048K)
 Metaspace       used 58553K, capacity 60005K, committed 60160K, reserved 1101824K
  class space    used 7413K, capacity 7957K, committed 8064K, reserved 1048576K
}
Event: 9.503 GC heap after
{Heap after GC invocations=12 (full 0):
 garbage-first heap   total 131072K, used 48557K [0x0000000080000000, 0x0000000100000000)
  region size 1024K, 4 young (4096K), 4 survivors (4096K)
 Metaspace       used 58553K, capacity 60005K, committed 60160K, reserved 1101824K
  class space    used 7413K, capacity 7957K, committed 8064K, reserved 1048576K
}
Event: 10.073 GC heap before
{Heap before GC invocations=13 (full 0):
 garbage-first heap   total 131072K, used 89517K [0x0000000080000000, 0x0000000100000000)
  region size 1024K, 44 young (45056K), 4 survivors (4096K)
 Metaspace       used 62100K, capacity 63644K, committed 63744K, reserved 1103872K
  class space    used 7837K, capacity 8369K, committed 8448K, reserved 1048576K
}
Event: 10.084 GC heap after
{Heap after GC invocations=14 (full 0):
 garbage-first heap   total 131072K, used 52722K [0x0000000080000000, 0x0000000100000000)
  region size 1024K, 6 young (6144K), 6 survivors (6144K)
 Metaspace       used 62100K, capacity 63644K, committed 63744K, reserved 1103872K
  class space    used 7837K, capacity 8369K, committed 8448K, reserved 1048576K
}
Event: 10.656 GC heap before
{Heap before GC invocations=15 (full 0):
 garbage-first heap   total 131072K, used 92658K [0x0000000080000000, 0x0000000100000000)
  region size 1024K, 45 young (46080K), 6 survivors (6144K)
 Metaspace       used 64799K, capacity 66423K, committed 66688K, reserved 1107968K
  class space    used 8190K, capacity 8821K, committed 8832K, reserved 1048576K
}
Event: 10.667 GC heap after
{Heap after GC invocations=16 (full 0):
 garbage-first heap   total 131072K, used 55654K [0x0000000080000000, 0x0000000100000000)
  region size 1024K, 4 young (4096K), 4 survivors (4096K)
 Metaspace       used 64799K, capacity 66423K, committed 66688K, reserved 1107968K
  class space    used 8190K, capacity 8821K, committed 8832K, reserved 1048576K
}
Event: 11.132 GC heap before
{Heap before GC invocations=16 (full 0):
 garbage-first heap   total 131072K, used 95590K [0x0000000080000000, 0x0000000100000000)
  region size 1024K, 43 young (44032K), 4 survivors (4096K)
 Metaspace       used 67785K, capacity 69447K, committed 69760K, reserved 1110016K
  class space    used 8629K, capacity 9275K, committed 9344K, reserved 1048576K
}
Event: 11.140 GC heap after
{Heap after GC invocations=17 (full 0):
 garbage-first heap   total 157696K, used 58094K [0x0000000080000000, 0x0000000100000000)
  region size 1024K, 3 young (3072K), 3 survivors (3072K)
 Metaspace       used 67785K, capacity 69447K, committed 69760K, reserved 1110016K
  class space    used 8629K, capacity 9275K, committed 9344K, reserved 1048576K
}
Event: 12.088 GC heap before
{Heap before GC invocations=17 (full 0):
 garbage-first heap   total 157696K, used 111342K [0x0000000080000000, 0x0000000100000000)
  region size 1024K, 55 young (56320K), 3 survivors (3072K)
 Metaspace       used 74459K, capacity 76237K, committed 76416K, reserved 1116160K
  class space    used 9603K, capacity 10292K, committed 10368K, reserved 1048576K
}
Event: 12.094 GC heap after
{Heap after GC invocations=18 (full 0):
 garbage-first heap   total 157696K, used 60936K [0x0000000080000000, 0x0000000100000000)
  region size 1024K, 6 young (6144K), 6 survivors (6144K)
 Metaspace       used 74459K, capacity 76237K, committed 76416K, reserved 1116160K
  class space    used 9603K, capacity 10292K, committed 10368K, reserved 1048576K
}
Event: 12.875 GC heap before
{Heap before GC invocations=18 (full 0):
 garbage-first heap   total 157696K, used 115208K [0x0000000080000000, 0x0000000100000000)
  region size 1024K, 59 young (60416K), 6 survivors (6144K)
 Metaspace       used 78759K, capacity 80570K, committed 80896K, reserved 1120256K
  class space    used 10225K, capacity 10924K, committed 11008K, reserved 1048576K
}
Event: 12.884 GC heap after
{Heap after GC invocations=19 (full 0):
 garbage-first heap   total 157696K, used 64705K [0x0000000080000000, 0x0000000100000000)
  region size 1024K, 7 young (7168K), 7 survivors (7168K)
 Metaspace       used 78759K, capacity 80570K, committed 80896K, reserved 1120256K
  class space    used 10225K, capacity 10924K, committed 11008K, reserved 1048576K
}

Deoptimization events (20 events):
Event: 13.037 Thread 0x000001e22ba1f800 Uncommon trap: trap_request=0xffffffc6 fr.pc=0x000001e2153cb7f0 relative=0x0000000000000490
Event: 13.037 Thread 0x000001e22ba1f800 Uncommon trap: reason=bimorphic_or_optimized_type_check action=maybe_recompile pc=0x000001e2153cb7f0 method=java.util.Collections$SetFromMap.remove(Ljava/lang/Object;)Z @ 5 c2
Event: 13.037 Thread 0x000001e22ba1f800 DEOPT PACKING pc=0x000001e2153cb7f0 sp=0x0000006ce77feab0
Event: 13.037 Thread 0x000001e22ba1f800 DEOPT UNPACKING pc=0x000001e20d7674af sp=0x0000006ce77feaa8 mode 2
Event: 13.057 Thread 0x000001e22ba1b800 DEOPT PACKING pc=0x000001e20dffba49 sp=0x0000006ce71fc050
Event: 13.057 Thread 0x000001e22ba1b800 DEOPT UNPACKING pc=0x000001e20d7672ce sp=0x0000006ce71fb4c8 mode 0
Event: 13.103 Thread 0x000001e22ba1f800 Uncommon trap: trap_request=0xffffffc6 fr.pc=0x000001e2153cb7f0 relative=0x0000000000000490
Event: 13.103 Thread 0x000001e22ba1f800 Uncommon trap: reason=bimorphic_or_optimized_type_check action=maybe_recompile pc=0x000001e2153cb7f0 method=java.util.Collections$SetFromMap.remove(Ljava/lang/Object;)Z @ 5 c2
Event: 13.103 Thread 0x000001e22ba1f800 DEOPT PACKING pc=0x000001e2153cb7f0 sp=0x0000006ce77fec10
Event: 13.103 Thread 0x000001e22ba1f800 DEOPT UNPACKING pc=0x000001e20d7674af sp=0x0000006ce77fec08 mode 2
Event: 13.109 Thread 0x000001e22ba1f800 Uncommon trap: trap_request=0xffffff7e fr.pc=0x000001e2156deea8 relative=0x0000000000000368
Event: 13.109 Thread 0x000001e22ba1f800 Uncommon trap: reason=predicate action=maybe_recompile pc=0x000001e2156deea8 method=java.util.AbstractCollection.toArray([Ljava/lang/Object;)[Ljava/lang/Object; @ 43 c2
Event: 13.109 Thread 0x000001e22ba1f800 DEOPT PACKING pc=0x000001e2156deea8 sp=0x0000006ce77fc5e0
Event: 13.109 Thread 0x000001e22ba1f800 DEOPT UNPACKING pc=0x000001e20d7674af sp=0x0000006ce77fc598 mode 2
Event: 13.182 Thread 0x000001e22ba1f800 DEOPT PACKING pc=0x000001e20ea43532 sp=0x0000006ce77fd740
Event: 13.182 Thread 0x000001e22ba1f800 DEOPT UNPACKING pc=0x000001e20d7672ce sp=0x0000006ce77fcca0 mode 0
Event: 13.200 Thread 0x000001e22ba1f800 DEOPT PACKING pc=0x000001e20e4316f1 sp=0x0000006ce77fb1e0
Event: 13.200 Thread 0x000001e22ba1f800 DEOPT UNPACKING pc=0x000001e20d7672ce sp=0x0000006ce77fa6d8 mode 0
Event: 13.265 Thread 0x000001e22ba1f800 DEOPT PACKING pc=0x000001e20eaacbbb sp=0x0000006ce77fac10
Event: 13.265 Thread 0x000001e22ba1f800 DEOPT UNPACKING pc=0x000001e20d7672ce sp=0x0000006ce77fa150 mode 0

Classes redefined (0 events):
No events

Internal exceptions (20 events):
Event: 11.958 Thread 0x000001e2262d1000 Exception <a 'sun/nio/fs/WindowsException'{0x0000000086f84ca0}> (0x0000000086f84ca0) thrown at [./src/hotspot/share/prims/jni.cpp, line 615]
Event: 12.072 Thread 0x000001e2262d1000 Exception <a 'java/lang/NullPointerException'{0x00000000867d9640}> (0x00000000867d9640) thrown at [./src/hotspot/share/interpreter/linkResolver.cpp, line 1440]
Event: 12.198 Thread 0x000001e2262d1000 Implicit null exception at 0x000001e215630009 to 0x000001e2156306c8
Event: 12.296 Thread 0x000001e2262d1000 Exception <a 'java/lang/NoSuchMethodError'{0x0000000088b9ef30}: 'int java.lang.invoke.DirectMethodHandle$Holder.invokeStatic(java.lang.Object, java.lang.Object, int, java.lang.Object)'> (0x0000000088b9ef30) thrown at [./src/hotspot/share/interpreter/linkResolver.cpp, line 773]
Event: 12.297 Thread 0x000001e2262d1000 Exception <a 'java/lang/NoSuchMethodError'{0x0000000088ba5dd8}: 'java.lang.Object java.lang.invoke.Invokers$Holder.linkToTargetMethod(java.lang.Object, int, java.lang.Object)'> (0x0000000088ba5dd8) thrown at [./src/hotspot/share/interpreter/linkResolver.cpp, line 773]
Event: 12.638 Thread 0x000001e2262d1000 Exception <a 'java/lang/NoSuchMethodError'{0x000000008725b3c0}: 'java.lang.Object java.lang.invoke.Invokers$Holder.linkToTargetMethod(java.lang.Object, int, int, java.lang.Object)'> (0x000000008725b3c0) thrown at [./src/hotspot/share/interpreter/linkResolver.cpp, line 773]
Event: 12.914 Thread 0x000001e2262d1000 Exception <a 'java/lang/NoSuchMethodError'{0x00000000898beac8}: <clinit>> (0x00000000898beac8) thrown at [./src/hotspot/share/prims/jni.cpp, line 1362]
Event: 12.919 Thread 0x000001e2262d1000 Exception <a 'java/lang/NoSuchMethodError'{0x00000000898f0bd0}: <clinit>> (0x00000000898f0bd0) thrown at [./src/hotspot/share/prims/jni.cpp, line 1362]
Event: 12.981 Thread 0x000001e2262d1000 Exception <a 'sun/nio/fs/WindowsException'{0x0000000089415368}> (0x0000000089415368) thrown at [./src/hotspot/share/prims/jni.cpp, line 615]
Event: 13.031 Thread 0x000001e226e5a800 Exception <a 'java/lang/NoSuchMethodError'{0x00000000891c74d8}: <clinit>> (0x00000000891c74d8) thrown at [./src/hotspot/share/prims/jni.cpp, line 1362]
Event: 13.032 Thread 0x000001e226e5a800 Exception <a 'java/lang/NoSuchMethodError'{0x00000000891d2c70}: <clinit>> (0x00000000891d2c70) thrown at [./src/hotspot/share/prims/jni.cpp, line 1362]
Event: 13.035 Thread 0x000001e226e5a800 Exception <a 'java/lang/NoSuchMethodError'{0x0000000089009758}: <clinit>> (0x0000000089009758) thrown at [./src/hotspot/share/prims/jni.cpp, line 1362]
Event: 13.037 Thread 0x000001e226e5a800 Exception <a 'java/lang/NoSuchMethodError'{0x000000008904a8f0}: <clinit>> (0x000000008904a8f0) thrown at [./src/hotspot/share/prims/jni.cpp, line 1362]
Event: 13.037 Thread 0x000001e226e5a800 Exception <a 'java/lang/NoSuchMethodError'{0x000000008904c068}: <clinit>> (0x000000008904c068) thrown at [./src/hotspot/share/prims/jni.cpp, line 1362]
Event: 13.057 Thread 0x000001e22ba1b800 Exception <a 'java/lang/NoSuchMethodError'{0x0000000088e89678}: <clinit>> (0x0000000088e89678) thrown at [./src/hotspot/share/prims/jni.cpp, line 1362]
Event: 13.062 Thread 0x000001e22ba1b800 Exception <a 'java/lang/NoSuchMethodError'{0x0000000088ed7b98}: <clinit>> (0x0000000088ed7b98) thrown at [./src/hotspot/share/prims/jni.cpp, line 1362]
Event: 13.104 Thread 0x000001e226e5a800 Exception <a 'java/lang/NoSuchMethodError'{0x0000000088b64760}: <clinit>> (0x0000000088b64760) thrown at [./src/hotspot/share/prims/jni.cpp, line 1362]
Event: 13.137 Thread 0x000001e22ba1f800 Exception <a 'java/lang/NoSuchMethodError'{0x0000000088a53ec8}: 'java.lang.Object java.lang.invoke.Invokers$Holder.linkToTargetMethod(java.lang.Object, java.lang.Object, java.lang.Object, int, java.lang.Object, java.lang.Object)'> (0x0000000088a53ec8) thrown at [./src/hotspot/share/interpreter/linkResolver.cpp, line 773]
Event: 13.147 Thread 0x000001e22ba1f800 Exception <a 'java/lang/IncompatibleClassChangeError'{0x0000000088ab4e60}: Found class java.lang.Object, but interface was expected> (0x0000000088ab4e60) thrown at [./src/hotspot/share/interpreter/linkResolver.cpp, line 839]
Event: 13.169 Thread 0x000001e22ba1f800 Exception <a 'java/lang/NoSuchMethodError'{0x0000000088882638}: 'int java.lang.invoke.DirectMethodHandle$Holder.invokeStaticInit(java.lang.Object, java.lang.Object, java.lang.Object, java.lang.Object, java.lang.Object)'> (0x0000000088882638) thrown at [./src/hotspot/share/interpreter/linkResolver.cpp, line 773]

Events (20 events):
Event: 13.290 Executing VM operation: RevokeBias
Event: 13.290 Executing VM operation: RevokeBias done
Event: 13.290 Executing VM operation: RevokeBias
Event: 13.291 Executing VM operation: RevokeBias done
Event: 13.317 loading class org/gradle/internal/component/model/IvyArtifactName
Event: 13.317 loading class org/gradle/internal/component/model/IvyArtifactName done
Event: 13.317 loading class org/gradle/api/internal/artifacts/ivyservice/dependencysubstitution/DefaultDependencyArtifactSelector
Event: 13.317 loading class org/gradle/api/internal/artifacts/ivyservice/dependencysubstitution/DefaultDependencyArtifactSelector done
Event: 13.318 loading class org/gradle/internal/component/model/IvyArtifactName
Event: 13.318 loading class org/gradle/internal/component/model/IvyArtifactName done
Event: 13.364 loading class org/gradle/internal/resolve/result/DefaultBuildableArtifactSetResolveResult
Event: 13.364 loading class org/gradle/internal/resolve/result/DefaultBuildableArtifactSetResolveResult done
Event: 13.364 loading class org/gradle/api/internal/artifacts/ivyservice/modulecache/artifacts/ArtifactsAtRepositoryKey
Event: 13.364 loading class org/gradle/api/internal/artifacts/ivyservice/modulecache/artifacts/ArtifactsAtRepositoryKey done
Event: 13.365 loading class org/gradle/api/internal/artifacts/ivyservice/modulecache/artifacts/DefaultModuleArtifactsCache$ModuleArtifactsKeySerializer
Event: 13.365 loading class org/gradle/api/internal/artifacts/ivyservice/modulecache/artifacts/DefaultModuleArtifactsCache$ModuleArtifactsKeySerializer done
Event: 13.366 loading class org/gradle/api/internal/artifacts/ivyservice/modulecache/artifacts/DefaultModuleArtifactsCache$ModuleArtifactsCacheEntrySerializer
Event: 13.366 loading class org/gradle/api/internal/artifacts/ivyservice/modulecache/artifacts/DefaultModuleArtifactsCache$ModuleArtifactsCacheEntrySerializer done
Event: 13.366 loading class org/gradle/api/internal/artifacts/metadata/ComponentArtifactMetadataSerializer
Event: 13.366 loading class org/gradle/api/internal/artifacts/metadata/ComponentArtifactMetadataSerializer done


Dynamic libraries:
0x00007ff74fa00000 - 0x00007ff74fa0a000 	C:\Users\Dark Knight\Desktop\Android Studio\jre\bin\java.exe
0x00007ffee3570000 - 0x00007ffee3765000 	C:\WINDOWS\SYSTEM32\ntdll.dll
0x00007ffee15f0000 - 0x00007ffee16ad000 	C:\WINDOWS\System32\KERNEL32.DLL
0x00007ffee12d0000 - 0x00007ffee1599000 	C:\WINDOWS\System32\KERNELBASE.dll
0x00007ffee0cd0000 - 0x00007ffee0dd0000 	C:\WINDOWS\System32\ucrtbase.dll
0x00007ffed78c0000 - 0x00007ffed78d7000 	C:\Users\Dark Knight\Desktop\Android Studio\jre\bin\VCRUNTIME140.dll
0x00007ffed7830000 - 0x00007ffed7849000 	C:\Users\Dark Knight\Desktop\Android Studio\jre\bin\jli.dll
0x00007ffee1f30000 - 0x00007ffee20d0000 	C:\WINDOWS\System32\USER32.dll
0x00007ffee0ca0000 - 0x00007ffee0cc2000 	C:\WINDOWS\System32\win32u.dll
0x00007ffee20d0000 - 0x00007ffee20fa000 	C:\WINDOWS\System32\GDI32.dll
0x00007ffecb000000 - 0x00007ffecb29a000 	C:\WINDOWS\WinSxS\amd64_microsoft.windows.common-controls_6595b64144ccf1df_6.0.19041.1110_none_60b5254171f9507e\COMCTL32.dll
0x00007ffee11c0000 - 0x00007ffee12cb000 	C:\WINDOWS\System32\gdi32full.dll
0x00007ffee32b0000 - 0x00007ffee334e000 	C:\WINDOWS\System32\msvcrt.dll
0x00007ffee0dd0000 - 0x00007ffee0e6d000 	C:\WINDOWS\System32\msvcp_win.dll
0x00007ffee23d0000 - 0x00007ffee2400000 	C:\WINDOWS\System32\IMM32.DLL
0x00007ffed0d40000 - 0x00007ffed0ddd000 	C:\Users\Dark Knight\Desktop\Android Studio\jre\bin\msvcp140.dll
0x00007ffe93330000 - 0x00007ffe93dec000 	C:\Users\Dark Knight\Desktop\Android Studio\jre\bin\server\jvm.dll
0x00007ffee1780000 - 0x00007ffee182c000 	C:\WINDOWS\System32\ADVAPI32.dll
0x00007ffee1830000 - 0x00007ffee18cb000 	C:\WINDOWS\System32\sechost.dll
0x00007ffee3350000 - 0x00007ffee347a000 	C:\WINDOWS\System32\RPCRT4.dll
0x00007ffee2d90000 - 0x00007ffee2d98000 	C:\WINDOWS\System32\PSAPI.DLL
0x00007ffedc050000 - 0x00007ffedc059000 	C:\WINDOWS\SYSTEM32\WSOCK32.dll
0x00007ffecb2b0000 - 0x00007ffecb2d7000 	C:\WINDOWS\SYSTEM32\WINMM.dll
0x00007ffed7fc0000 - 0x00007ffed7fca000 	C:\WINDOWS\SYSTEM32\VERSION.dll
0x00007ffee2360000 - 0x00007ffee23cb000 	C:\WINDOWS\System32\WS2_32.dll
0x00007ffedf530000 - 0x00007ffedf542000 	C:\WINDOWS\SYSTEM32\kernel.appcore.dll
0x00007ffedbf70000 - 0x00007ffedbf81000 	C:\Users\Dark Knight\Desktop\Android Studio\jre\bin\verify.dll
0x00007ffedeab0000 - 0x00007ffedec94000 	C:\WINDOWS\SYSTEM32\DBGHELP.DLL
0x00007ffec9830000 - 0x00007ffec985c000 	C:\WINDOWS\SYSTEM32\dbgcore.DLL
0x00007ffee0f70000 - 0x00007ffee0ff3000 	C:\WINDOWS\System32\bcryptPrimitives.dll
0x00007ffeda190000 - 0x00007ffeda1b9000 	C:\Users\Dark Knight\Desktop\Android Studio\jre\bin\java.dll
0x00007ffedc030000 - 0x00007ffedc03b000 	C:\Users\Dark Knight\Desktop\Android Studio\jre\bin\jimage.dll
0x00007ffeda130000 - 0x00007ffeda148000 	C:\Users\Dark Knight\Desktop\Android Studio\jre\bin\zip.dll
0x00007ffee25f0000 - 0x00007ffee2d2f000 	C:\WINDOWS\System32\SHELL32.dll
0x00007ffeded90000 - 0x00007ffedf520000 	C:\WINDOWS\SYSTEM32\windows.storage.dll
0x00007ffee2da0000 - 0x00007ffee30f5000 	C:\WINDOWS\System32\combase.dll
0x00007ffee0700000 - 0x00007ffee072c000 	C:\WINDOWS\SYSTEM32\Wldp.dll
0x00007ffee1e80000 - 0x00007ffee1f2e000 	C:\WINDOWS\System32\SHCORE.dll
0x00007ffee2400000 - 0x00007ffee2455000 	C:\WINDOWS\System32\shlwapi.dll
0x00007ffee0be0000 - 0x00007ffee0bff000 	C:\WINDOWS\SYSTEM32\profapi.dll
0x00007ffed9f10000 - 0x00007ffed9f2a000 	C:\Users\Dark Knight\Desktop\Android Studio\jre\bin\net.dll
0x00007ffed5b40000 - 0x00007ffed5c48000 	C:\WINDOWS\SYSTEM32\WINHTTP.dll
0x00007ffee0460000 - 0x00007ffee04ca000 	C:\WINDOWS\system32\mswsock.dll
0x00007ffed8c00000 - 0x00007ffed8c14000 	C:\Users\Dark Knight\Desktop\Android Studio\jre\bin\nio.dll
0x00007ffed78e0000 - 0x00007ffed7907000 	C:\Users\Dark Knight\.gradle\native\8bec1ad78214c89d9ad589b4d07fe93259594b29d510b10fafb7a158f7737e5d\windows-amd64\native-platform.dll
0x00007ffe9a580000 - 0x00007ffe9a6bd000 	C:\Users\Dark Knight\.gradle\native\53dbd7edfb1c66fb8903c78663c9afc45aea4f116125fa6feffd364cf09443e8\windows-amd64\native-platform-file-events.dll
0x00007ffeda180000 - 0x00007ffeda18a000 	C:\Users\Dark Knight\Desktop\Android Studio\jre\bin\management.dll
0x00007ffed9ff0000 - 0x00007ffed9ffc000 	C:\Users\Dark Knight\Desktop\Android Studio\jre\bin\management_ext.dll
0x00007ffee0650000 - 0x00007ffee0668000 	C:\WINDOWS\SYSTEM32\CRYPTSP.dll
0x00007ffedfd70000 - 0x00007ffedfda4000 	C:\WINDOWS\system32\rsaenh.dll
0x00007ffee15a0000 - 0x00007ffee15c7000 	C:\WINDOWS\System32\bcrypt.dll
0x00007ffee0ba0000 - 0x00007ffee0bce000 	C:\WINDOWS\SYSTEM32\USERENV.dll
0x00007ffee0670000 - 0x00007ffee067c000 	C:\WINDOWS\SYSTEM32\CRYPTBASE.dll
0x00007ffee0100000 - 0x00007ffee013b000 	C:\WINDOWS\SYSTEM32\IPHLPAPI.DLL
0x00007ffee18d0000 - 0x00007ffee18d8000 	C:\WINDOWS\System32\NSI.dll
0x00007ffecfdf0000 - 0x00007ffecfe07000 	C:\WINDOWS\SYSTEM32\dhcpcsvc6.DLL
0x00007ffed0340000 - 0x00007ffed035d000 	C:\WINDOWS\SYSTEM32\dhcpcsvc.DLL
0x00007ffee0140000 - 0x00007ffee020c000 	C:\WINDOWS\SYSTEM32\DNSAPI.dll

dbghelp: loaded successfully - version: 4.0.5 - missing functions: none
symbol engine: initialized successfully - sym options: 0x614 - pdb path: .;C:\Users\Dark Knight\Desktop\Android Studio\jre\bin;C:\WINDOWS\SYSTEM32;C:\WINDOWS\WinSxS\amd64_microsoft.windows.common-controls_6595b64144ccf1df_6.0.19041.1110_none_60b5254171f9507e;C:\Users\Dark Knight\Desktop\Android Studio\jre\bin\server;C:\Users\Dark Knight\.gradle\native\8bec1ad78214c89d9ad589b4d07fe93259594b29d510b10fafb7a158f7737e5d\windows-amd64;C:\Users\Dark Knight\.gradle\native\53dbd7edfb1c66fb8903c78663c9afc45aea4f116125fa6feffd364cf09443e8\windows-amd64

VM Arguments:
jvm_args: --add-opens=java.base/java.util=ALL-UNNAMED --add-opens=java.base/java.lang=ALL-UNNAMED --add-opens=java.base/java.lang.invoke=ALL-UNNAMED --add-opens=java.base/java.util=ALL-UNNAMED --add-opens=java.prefs/java.util.prefs=ALL-UNNAMED --add-opens=java.prefs/java.util.prefs=ALL-UNNAMED --add-opens=java.base/java.nio.charset=ALL-UNNAMED --add-opens=java.base/java.net=ALL-UNNAMED --add-opens=java.base/java.util.concurrent.atomic=ALL-UNNAMED -Xmx2048m -Dfile.encoding=UTF-8 -Duser.country=IN -Duser.language=en -Duser.variant 
java_command: org.gradle.launcher.daemon.bootstrap.GradleDaemon 7.0.2
java_class_path (initial): C:\Users\Dark Knight\.gradle\wrapper\dists\gradle-7.0.2-bin\857tjihv64xamwrf0h14cai3r\gradle-7.0.2\lib\gradle-launcher-7.0.2.jar
Launcher Type: SUN_STANDARD

[Global flags]
     intx CICompilerCount                          = 4                                         {product} {ergonomic}
     uint ConcGCThreads                            = 2                                         {product} {ergonomic}
     uint G1ConcRefinementThreads                  = 8                                         {product} {ergonomic}
   size_t G1HeapRegionSize                         = 1048576                                   {product} {ergonomic}
    uintx GCDrainStackTargetSize                   = 64                                        {product} {ergonomic}
   size_t InitialHeapSize                          = 134217728                                 {product} {ergonomic}
   size_t MarkStackSize                            = 4194304                                   {product} {ergonomic}
   size_t MaxHeapSize                              = 2147483648                                {product} {command line}
   size_t MaxNewSize                               = 1287651328                                {product} {ergonomic}
   size_t MinHeapDeltaBytes                        = 1048576                                   {product} {ergonomic}
    uintx NonNMethodCodeHeapSize                   = 5836300                                {pd product} {ergonomic}
    uintx NonProfiledCodeHeapSize                  = 122910970                              {pd product} {ergonomic}
    uintx ProfiledCodeHeapSize                     = 122910970                              {pd product} {ergonomic}
    uintx ReservedCodeCacheSize                    = 251658240                              {pd product} {ergonomic}
     bool SegmentedCodeCache                       = true                                      {product} {ergonomic}
     bool UseCompressedClassPointers               = true                                 {lp64_product} {ergonomic}
     bool UseCompressedOops                        = true                                 {lp64_product} {ergonomic}
     bool UseG1GC                                  = true                                      {product} {ergonomic}
     bool UseLargePagesIndividualAllocation        = false                                  {pd product} {ergonomic}

Logging:
Log output configuration:
 #0: stdout all=warning uptime,level,tags
 #1: stderr all=off uptime,level,tags

Environment Variables:
PATH=C:\Windows\system32;C:\Windows;C:\Windows\System32\Wbem;C:\Windows\System32\WindowsPowerShell\v1.0\;C:\Windows\System32\OpenSSH\;C:\Program Files (x86)\NVIDIA Corporation\PhysX\Common;C:\Program Files\NVIDIA Corporation\NVIDIA NvDLISR;C:\WINDOWS\system32;C:\WINDOWS;C:\WINDOWS\System32\Wbem;C:\WINDOWS\System32\WindowsPowerShell\v1.0\;C:\WINDOWS\System32\OpenSSH\;C:\MinGW\bin;C:\Program Files\MEGA-X;C:\WINDOWS\system32;C:\WINDOWS;C:\WINDOWS\System32\Wbem;C:\WINDOWS\System32\WindowsPowerShell\v1.0\;C:\WINDOWS\System32\OpenSSH\;C:\Program Files\Git\cmd;C:\Users\Dark Knight\AppData\Local\Microsoft\WindowsApps;C:\Users\Dark Knight\AppData\Local\atom\bin;C:\MinGW\bin;C:\Program Files (x86)\Microsoft Visual Studio\2019\BuildTools\MSBuild\Current\Bin;C:\Users\Dark Knight\AppData\Local\Microsoft\WindowsApps
USERNAME=Dark Knight
OS=Windows_NT
PROCESSOR_IDENTIFIER=Intel64 Family 6 Model 158 Stepping 10, GenuineIntel



---------------  S Y S T E M  ---------------

OS: Windows 10 , 64 bit Build 19041 (10.0.19041.1151)
OS uptime: 17 days 8:43 hours

CPU:total 8 (initial active 8) (4 cores per cpu, 2 threads per core) family 6 model 158 stepping 10, cmov, cx8, fxsr, mmx, sse, sse2, sse3, ssse3, sse4.1, sse4.2, popcnt, avx, avx2, aes, clmul, erms, 3dnowpref, lzcnt, ht, tsc, tscinvbit, bmi1, bmi2, adx, fma

Memory: 4k page, system-wide physical 8072M (825M free)
TotalPageFile size 12168M (AvailPageFile size 5M)
current process WorkingSet (physical memory assigned to process): 412M, peak: 412M
current process commit charge ("private bytes"): 449M, peak: 449M

vm_info: OpenJDK 64-Bit Server VM (11.0.8+10-b944.6842174) for windows-amd64 JRE (11.0.8+10-b944.6842174), built on Sep 19 2020 01:11:42 by "builder" with MS VC++ 14.0 (VS2015)

END.
