#
# There is insufficient memory for the Java Runtime Environment to continue.
# Native memory allocation (malloc) failed to allocate 700176 bytes for Chunk::new
# Possible reasons:
#   The system is out of physical RAM or swap space
#   The process is running with CompressedOops enabled, and the Java Heap may be blocking the growth of the native heap
# Possible solutions:
#   Reduce memory load on the system
#   Increase physical memory or swap space
#   Check if swap backing store is full
#   Decrease Java heap size (-Xmx/-Xms)
#   Decrease number of Java threads
#   Decrease Java thread stack sizes (-Xss)
#   Set larger code cache with -XX:ReservedCodeCacheSize=
#   JVM is running with Unscaled Compressed Oops mode in which the Java heap is
#     placed in the first 4GB address space. The Java Heap base address is the
#     maximum limit for the native heap growth. Please use -XX:HeapBaseMinAddress
#     to set the Java Heap base and to place the Java Heap above 4GB virtual address.
# This output file may be truncated or incomplete.
#
#  Out of Memory Error (./src/hotspot/share/memory/arena.cpp:197), pid=30352, tid=1424
#
# JRE version: OpenJDK Runtime Environment (11.0.8+10) (build 11.0.8+10-b944.6842174)
# Java VM: OpenJDK 64-Bit Server VM (11.0.8+10-b944.6842174, mixed mode, tiered, compressed oops, g1 gc, windows-amd64)
# No core dump will be written. Minidumps are not enabled by default on client versions of Windows
#

---------------  S U M M A R Y ------------

Command Line: --add-opens=java.base/java.util=ALL-UNNAMED --add-opens=java.base/java.lang=ALL-UNNAMED --add-opens=java.base/java.lang.invoke=ALL-UNNAMED --add-opens=java.base/java.util=ALL-UNNAMED --add-opens=java.prefs/java.util.prefs=ALL-UNNAMED --add-opens=java.prefs/java.util.prefs=ALL-UNNAMED --add-opens=java.base/java.nio.charset=ALL-UNNAMED --add-opens=java.base/java.net=ALL-UNNAMED --add-opens=java.base/java.util.concurrent.atomic=ALL-UNNAMED -Xmx2048m -Dfile.encoding=UTF-8 -Duser.country=IN -Duser.language=en -Duser.variant org.gradle.launcher.daemon.bootstrap.GradleDaemon 7.0.2

Host: Intel(R) Core(TM) i5-9300H CPU @ 2.40GHz, 8 cores, 7G,  Windows 10 , 64 bit Build 19041 (10.0.19041.1151)
Time: Thu Aug 19 19:57:41 2021 India Standard Time elapsed time: 2670 seconds (0d 0h 44m 30s)

---------------  T H R E A D  ---------------

Current thread (0x000001c6324bd000):  JavaThread "C2 CompilerThread1" daemon [_thread_in_native, id=1424, stack(0x0000007d69f00000,0x0000007d6a000000)]


Current CompileTask:
C2:2670783 16173       4       org.gradle.api.internal.tasks.compile.incremental.deps.ClassSetAnalysisData$Serializer::readDependentsSet (118 bytes)

Stack: [0x0000007d69f00000,0x0000007d6a000000]
Native frames: (J=compiled Java code, j=interpreted, Vv=VM code, C=native code)
V  [jvm.dll+0x5de50a]
V  [jvm.dll+0x7122f5]
V  [jvm.dll+0x71384d]
V  [jvm.dll+0x713f03]
V  [jvm.dll+0x23e728]
V  [jvm.dll+0xb899c]
V  [jvm.dll+0xb8e9c]
V  [jvm.dll+0x2b20e4]
V  [jvm.dll+0x502098]
V  [jvm.dll+0x1ff393]
V  [jvm.dll+0x1f917c]
V  [jvm.dll+0x1f685f]
V  [jvm.dll+0x17f32c]
V  [jvm.dll+0x205047]
V  [jvm.dll+0x203891]
V  [jvm.dll+0x6dad3f]
V  [jvm.dll+0x6d3895]
V  [jvm.dll+0x5dd4a6]
C  [ucrtbase.dll+0x21bb2]
C  [KERNEL32.DLL+0x17034]
C  [ntdll.dll+0x52651]


---------------  P R O C E S S  ---------------

Threads class SMR info:
_java_thread_list=0x000001c6374609c0, length=78, elements={
0x000001c615f3b800, 0x000001c630a21800, 0x000001c630a23000, 0x000001c630a38800,
0x000001c630a3a800, 0x000001c630a3b800, 0x000001c630a48000, 0x000001c630a49000,
0x000001c631505000, 0x000001c631507800, 0x000001c632c65800, 0x000001c6317ed800,
0x000001c633c55000, 0x000001c633bad000, 0x000001c633ba7000, 0x000001c633ba9000,
0x000001c633ba9800, 0x000001c633bae000, 0x000001c633baa800, 0x000001c633bab800,
0x000001c633bac000, 0x000001c633f52800, 0x000001c633f51000, 0x000001c633f55000,
0x000001c633f56000, 0x000001c633f52000, 0x000001c633f5b000, 0x000001c633f5a000,
0x000001c636b9b000, 0x000001c636b9c000, 0x000001c636b9d000, 0x000001c636b99800,
0x000001c636b9e800, 0x000001c636b99000, 0x000001c636ba0000, 0x000001c636ba3800,
0x000001c636ba2000, 0x000001c636ba4000, 0x000001c636ba5000, 0x000001c636b9f800,
0x000001c636ba6000, 0x000001c636ba1000, 0x000001c633f50800, 0x000001c633f57800,
0x000001c633f58800, 0x000001c633f59000, 0x000001c633f53800, 0x000001c633f54800,
0x000001c633f5d800, 0x000001c633f5e000, 0x000001c633f5c800, 0x000001c633f5f000,
0x000001c633ba8000, 0x000001c631a49000, 0x000001c631a49800, 0x000001c631a4c000,
0x000001c631a4a800, 0x000001c631a48000, 0x000001c631a4b800, 0x000001c631a4d000,
0x000001c631a47000, 0x000001c631a52800, 0x000001c631a4e000, 0x000001c631a52000,
0x000001c631a51000, 0x000001c631a53800, 0x000001c631a50000, 0x000001c631a54800,
0x000001c631a4e800, 0x000001c631a55000, 0x000001c631a4f800, 0x000001c638c44800,
0x000001c638c44000, 0x000001c638c45800, 0x000001c638c46800, 0x000001c6324bd000,
0x000001c638c40800, 0x000001c638c47000
}

Java Threads: ( => current thread )
  0x000001c615f3b800 JavaThread "main" [_thread_blocked, id=33260, stack(0x0000007d66d00000,0x0000007d66e00000)]
  0x000001c630a21800 JavaThread "Reference Handler" daemon [_thread_blocked, id=3312, stack(0x0000007d67400000,0x0000007d67500000)]
  0x000001c630a23000 JavaThread "Finalizer" daemon [_thread_blocked, id=11736, stack(0x0000007d67500000,0x0000007d67600000)]
  0x000001c630a38800 JavaThread "Signal Dispatcher" daemon [_thread_blocked, id=34096, stack(0x0000007d67600000,0x0000007d67700000)]
  0x000001c630a3a800 JavaThread "Attach Listener" daemon [_thread_blocked, id=19260, stack(0x0000007d67700000,0x0000007d67800000)]
  0x000001c630a3b800 JavaThread "C2 CompilerThread0" daemon [_thread_in_native, id=25768, stack(0x0000007d67800000,0x0000007d67900000)]
  0x000001c630a48000 JavaThread "C1 CompilerThread0" daemon [_thread_blocked, id=32292, stack(0x0000007d67900000,0x0000007d67a00000)]
  0x000001c630a49000 JavaThread "Sweeper thread" daemon [_thread_blocked, id=11204, stack(0x0000007d67a00000,0x0000007d67b00000)]
  0x000001c631505000 JavaThread "Common-Cleaner" daemon [_thread_blocked, id=32952, stack(0x0000007d67b00000,0x0000007d67c00000)]
  0x000001c631507800 JavaThread "Service Thread" daemon [_thread_blocked, id=29488, stack(0x0000007d67c00000,0x0000007d67d00000)]
  0x000001c632c65800 JavaThread "Daemon health stats" [_thread_blocked, id=32424, stack(0x0000007d68200000,0x0000007d68300000)]
  0x000001c6317ed800 JavaThread "Incoming local TCP Connector on port 59518" [_thread_in_native, id=34116, stack(0x0000007d67e00000,0x0000007d67f00000)]
  0x000001c633c55000 JavaThread "Daemon periodic checks" [_thread_blocked, id=19660, stack(0x0000007d67f00000,0x0000007d68000000)]
  0x000001c633bad000 JavaThread "Cache worker for file hash cache (C:\Users\Dark Knight\.gradle\caches\7.0.2\fileHashes)" [_thread_blocked, id=30324, stack(0x0000007d68f00000,0x0000007d69000000)]
  0x000001c633ba7000 JavaThread "File lock request listener" [_thread_in_native, id=23188, stack(0x0000007d69000000,0x0000007d69100000)]
  0x000001c633ba9000 JavaThread "Cache worker for journal cache (C:\Users\Dark Knight\.gradle\caches\journal-1)" [_thread_blocked, id=22800, stack(0x0000007d69300000,0x0000007d69400000)]
  0x000001c633ba9800 JavaThread "File watcher server" daemon [_thread_in_native, id=24224, stack(0x0000007d69500000,0x0000007d69600000)]
  0x000001c633bae000 JavaThread "File watcher consumer" daemon [_thread_blocked, id=31200, stack(0x0000007d69600000,0x0000007d69700000)]
  0x000001c633baa800 JavaThread "jar transforms" [_thread_blocked, id=24040, stack(0x0000007d69700000,0x0000007d69800000)]
  0x000001c633bab800 JavaThread "jar transforms Thread 2" [_thread_blocked, id=20024, stack(0x0000007d69800000,0x0000007d69900000)]
  0x000001c633bac000 JavaThread "jar transforms Thread 3" [_thread_blocked, id=8396, stack(0x0000007d69900000,0x0000007d69a00000)]
  0x000001c633f52800 JavaThread "jar transforms Thread 4" [_thread_blocked, id=7772, stack(0x0000007d69a00000,0x0000007d69b00000)]
  0x000001c633f51000 JavaThread "jar transforms Thread 5" [_thread_blocked, id=23060, stack(0x0000007d69b00000,0x0000007d69c00000)]
  0x000001c633f55000 JavaThread "jar transforms Thread 6" [_thread_blocked, id=33064, stack(0x0000007d69c00000,0x0000007d69d00000)]
  0x000001c633f56000 JavaThread "jar transforms Thread 7" [_thread_blocked, id=26176, stack(0x0000007d69d00000,0x0000007d69e00000)]
  0x000001c633f52000 JavaThread "jar transforms Thread 8" [_thread_blocked, id=14236, stack(0x0000007d69e00000,0x0000007d69f00000)]
  0x000001c633f5b000 JavaThread "Cache worker for execution history cache (C:\Users\Dark Knight\.gradle\caches\7.0.2\executionHistory)" [_thread_blocked, id=7896, stack(0x0000007d6a200000,0x0000007d6a300000)]
  0x000001c633f5a000 JavaThread "Cache worker for file content cache (C:\Users\Dark Knight\.gradle\caches\7.0.2\fileContent)" [_thread_blocked, id=25420, stack(0x0000007d6a400000,0x0000007d6a500000)]
  0x000001c636b9b000 JavaThread "Memory manager" [_thread_blocked, id=29576, stack(0x0000007d6af00000,0x0000007d6b000000)]
  0x000001c636b9c000 JavaThread "pool-3-thread-1" [_thread_blocked, id=34464, stack(0x0000007d6b000000,0x0000007d6b100000)]
  0x000001c636b9d000 JavaThread "Daemon Thread 2" [_thread_blocked, id=31488, stack(0x0000007d66a00000,0x0000007d66b00000)]
  0x000001c636b99800 JavaThread "Handler for socket connection from /127.0.0.1:59518 to /127.0.0.1:59577" [_thread_in_native, id=11932, stack(0x0000007d66b00000,0x0000007d66c00000)]
  0x000001c636b9e800 JavaThread "Cancel handler" [_thread_blocked, id=26156, stack(0x0000007d66c00000,0x0000007d66d00000)]
  0x000001c636b99000 JavaThread "Daemon worker Thread 2" [_thread_blocked, id=31192, stack(0x0000007d68300000,0x0000007d68400000)]
  0x000001c636ba0000 JavaThread "Asynchronous log dispatcher for DefaultDaemonConnection: socket connection from /127.0.0.1:59518 to /127.0.0.1:59577" [_thread_blocked, id=33880, stack(0x0000007d68400000,0x0000007d68500000)]
  0x000001c636ba3800 JavaThread "Stdin handler" [_thread_blocked, id=21576, stack(0x0000007d68500000,0x0000007d68600000)]
  0x000001c636ba2000 JavaThread "Daemon client event forwarder" [_thread_blocked, id=25800, stack(0x0000007d68600000,0x0000007d68700000)]
  0x000001c636ba4000 JavaThread "Cache worker for file hash cache (C:\Android Projects\Udemy TUTORIAL\7MinuteWorkout2\.gradle\7.0.2\fileHashes)" [_thread_blocked, id=27288, stack(0x0000007d68700000,0x0000007d68800000)]
  0x000001c636ba5000 JavaThread "Cache worker for checksums cache (C:\Android Projects\Udemy TUTORIAL\7MinuteWorkout2\.gradle\checksums)" [_thread_blocked, id=18796, stack(0x0000007d68800000,0x0000007d68900000)]
  0x000001c636b9f800 JavaThread "Cache worker for cache directory md-supplier (C:\Users\Dark Knight\.gradle\caches\7.0.2\md-supplier)" [_thread_blocked, id=30656, stack(0x0000007d69100000,0x0000007d69200000)]
  0x000001c636ba6000 JavaThread "Cache worker for cache directory md-rule (C:\Users\Dark Knight\.gradle\caches\7.0.2\md-rule)" [_thread_blocked, id=29892, stack(0x0000007d69400000,0x0000007d69500000)]
  0x000001c636ba1000 JavaThread "Cache worker for dependencies-accessors (C:\Android Projects\Udemy TUTORIAL\7MinuteWorkout2\.gradle\7.0.2\dependencies-accessors)" [_thread_blocked, id=20432, stack(0x0000007d6a000000,0x0000007d6a100000)]
  0x000001c633f50800 JavaThread "Cache worker for Build Output Cleanup Cache (C:\Android Projects\Udemy TUTORIAL\7MinuteWorkout2\.gradle\buildOutputCleanup)" [_thread_blocked, id=3792, stack(0x0000007d6a100000,0x0000007d6a200000)]
  0x000001c633f57800 JavaThread "Build operations" [_thread_blocked, id=22844, stack(0x0000007d6a300000,0x0000007d6a400000)]
  0x000001c633f58800 JavaThread "Build operations Thread 2" [_thread_blocked, id=27084, stack(0x0000007d6a500000,0x0000007d6a600000)]
  0x000001c633f59000 JavaThread "Build operations Thread 3" [_thread_blocked, id=20872, stack(0x0000007d6a600000,0x0000007d6a700000)]
  0x000001c633f53800 JavaThread "Build operations Thread 4" [_thread_blocked, id=27220, stack(0x0000007d6a700000,0x0000007d6a800000)]
  0x000001c633f54800 JavaThread "Build operations Thread 5" [_thread_blocked, id=20976, stack(0x0000007d6a800000,0x0000007d6a900000)]
  0x000001c633f5d800 JavaThread "Build operations Thread 6" [_thread_blocked, id=26240, stack(0x0000007d6a900000,0x0000007d6aa00000)]
  0x000001c633f5e000 JavaThread "Build operations Thread 7" [_thread_blocked, id=10708, stack(0x0000007d6aa00000,0x0000007d6ab00000)]
  0x000001c633f5c800 JavaThread "Build operations Thread 8" [_thread_blocked, id=23224, stack(0x0000007d6ab00000,0x0000007d6ac00000)]
  0x000001c633f5f000 JavaThread "build event listener" [_thread_blocked, id=24532, stack(0x0000007d6ae00000,0x0000007d6af00000)]
  0x000001c633ba8000 JavaThread "pool-6-thread-1" [_thread_blocked, id=33800, stack(0x0000007d6b100000,0x0000007d6b200000)]
  0x000001c631a49000 JavaThread "build event listener" [_thread_blocked, id=26152, stack(0x0000007d6b200000,0x0000007d6b300000)]
  0x000001c631a49800 JavaThread "Execution worker for ':'" [_thread_blocked, id=26532, stack(0x0000007d6b300000,0x0000007d6b400000)]
  0x000001c631a4c000 JavaThread "Execution worker for ':' Thread 2" [_thread_blocked, id=15656, stack(0x0000007d6b400000,0x0000007d6b500000)]
  0x000001c631a4a800 JavaThread "Execution worker for ':' Thread 3" [_thread_blocked, id=18860, stack(0x0000007d6b500000,0x0000007d6b600000)]
  0x000001c631a48000 JavaThread "Execution worker for ':' Thread 4" [_thread_blocked, id=21012, stack(0x0000007d6b600000,0x0000007d6b700000)]
  0x000001c631a4b800 JavaThread "Execution worker for ':' Thread 5" [_thread_blocked, id=29756, stack(0x0000007d6b700000,0x0000007d6b800000)]
  0x000001c631a4d000 JavaThread "Execution worker for ':' Thread 6" [_thread_blocked, id=668, stack(0x0000007d6b800000,0x0000007d6b900000)]
  0x000001c631a47000 JavaThread "Execution worker for ':' Thread 7" [_thread_blocked, id=26824, stack(0x0000007d6b900000,0x0000007d6ba00000)]
  0x000001c631a52800 JavaThread "Cache worker for execution history cache (C:\Android Projects\Udemy TUTORIAL\7MinuteWorkout2\.gradle\7.0.2\executionHistory)" [_thread_blocked, id=19620, stack(0x0000007d6ba00000,0x0000007d6bb00000)]
  0x000001c631a4e000 JavaThread "WorkerExecutor Queue" [_thread_blocked, id=34020, stack(0x0000007d6bb00000,0x0000007d6bc00000)]
  0x000001c631a52000 JavaThread "WorkerExecutor Queue Thread 2" [_thread_blocked, id=24100, stack(0x0000007d6bc00000,0x0000007d6bd00000)]
  0x000001c631a51000 JavaThread "WorkerExecutor Queue Thread 3" [_thread_blocked, id=10972, stack(0x0000007d6bd00000,0x0000007d6be00000)]
  0x000001c631a53800 JavaThread "WorkerExecutor Queue Thread 4" [_thread_blocked, id=8904, stack(0x0000007d6be00000,0x0000007d6bf00000)]
  0x000001c631a50000 JavaThread "WorkerExecutor Queue Thread 5" [_thread_blocked, id=17316, stack(0x0000007d6bf00000,0x0000007d6c000000)]
  0x000001c631a54800 JavaThread "pool-7-thread-1" [_thread_blocked, id=15108, stack(0x0000007d6c000000,0x0000007d6c100000)]
  0x000001c631a4e800 JavaThread "stderr" [_thread_in_native, id=20852, stack(0x0000007d6c100000,0x0000007d6c200000)]
  0x000001c631a55000 JavaThread "stdout" [_thread_in_native, id=25504, stack(0x0000007d6c200000,0x0000007d6c300000)]
  0x000001c631a4f800 JavaThread "RMI Scheduler(0)" daemon [_thread_blocked, id=5808, stack(0x0000007d68900000,0x0000007d68a00000)]
  0x000001c638c44800 JavaThread "RMI GC Daemon" daemon [_thread_blocked, id=30140, stack(0x0000007d6c400000,0x0000007d6c500000)]
  0x000001c638c44000 JavaThread "RMI TCP Accept-0" daemon [_thread_in_native, id=29744, stack(0x0000007d6c500000,0x0000007d6c600000)]
  0x000001c638c45800 JavaThread "RMI Reaper" [_thread_blocked, id=588, stack(0x0000007d6c600000,0x0000007d6c700000)]
  0x000001c638c46800 JavaThread "RMI TCP Connection(1)-127.0.0.1" daemon [_thread_in_native, id=32596, stack(0x0000007d6c700000,0x0000007d6c800000)]
=>0x000001c6324bd000 JavaThread "C2 CompilerThread1" daemon [_thread_in_native, id=1424, stack(0x0000007d69f00000,0x0000007d6a000000)]
  0x000001c638c40800 JavaThread "Cache worker for Java compile cache (C:\Users\Dark Knight\.gradle\caches\7.0.2\javaCompile)" [_thread_blocked, id=30760, stack(0x0000007d6c300000,0x0000007d6c400000)]
  0x000001c638c47000 JavaThread "Cache worker for Java compile cache (C:\Android Projects\Udemy TUTORIAL\7MinuteWorkout2\.gradle\7.0.2\javaCompile)" [_thread_blocked, id=28768, stack(0x0000007d6c800000,0x0000007d6c900000)]

Other Threads:
  0x000001c630a1b800 VMThread "VM Thread" [stack: 0x0000007d67300000,0x0000007d67400000] [id=26480]
  0x000001c631521000 WatcherThread [stack: 0x0000007d67d00000,0x0000007d67e00000] [id=10384]
  0x000001c615f53800 GCTaskThread "GC Thread#0" [stack: 0x0000007d66e00000,0x0000007d66f00000] [id=26332]
  0x000001c632013000 GCTaskThread "GC Thread#1" [stack: 0x0000007d68000000,0x0000007d68100000] [id=26860]
  0x000001c631cec000 GCTaskThread "GC Thread#2" [stack: 0x0000007d68100000,0x0000007d68200000] [id=30156]
  0x000001c632e97000 GCTaskThread "GC Thread#3" [stack: 0x0000007d68a00000,0x0000007d68b00000] [id=30956]
  0x000001c632e98000 GCTaskThread "GC Thread#4" [stack: 0x0000007d68b00000,0x0000007d68c00000] [id=27512]
  0x000001c633601800 GCTaskThread "GC Thread#5" [stack: 0x0000007d68c00000,0x0000007d68d00000] [id=23424]
  0x000001c633602000 GCTaskThread "GC Thread#6" [stack: 0x0000007d68d00000,0x0000007d68e00000] [id=24720]
  0x000001c6324ad000 GCTaskThread "GC Thread#7" [stack: 0x0000007d68e00000,0x0000007d68f00000] [id=19232]
  0x000001c615f86800 ConcurrentGCThread "G1 Main Marker" [stack: 0x0000007d66f00000,0x0000007d67000000] [id=24672]
  0x000001c615f88000 ConcurrentGCThread "G1 Conc#0" [stack: 0x0000007d67000000,0x0000007d67100000] [id=33176]
  0x000001c632cf9000 ConcurrentGCThread "G1 Conc#1" [stack: 0x0000007d69200000,0x0000007d69300000] [id=11468]
  0x000001c630870800 ConcurrentGCThread "G1 Refine#0" [stack: 0x0000007d67100000,0x0000007d67200000] [id=21536]
  0x000001c633cc7000 ConcurrentGCThread "G1 Refine#1" [stack: 0x0000007d6ac00000,0x0000007d6ad00000] [id=33432]
  0x000001c6323a2000 ConcurrentGCThread "G1 Refine#2" [stack: 0x0000007d6ad00000,0x0000007d6ae00000] [id=14584]
  0x000001c630871800 ConcurrentGCThread "G1 Young RemSet Sampling" [stack: 0x0000007d67200000,0x0000007d67300000] [id=33996]

Threads with active compile tasks:
C2 CompilerThread02670830 16208       4       org.gradle.cache.internal.btree.BTreePersistentIndexedCache$IndexBlock::find (140 bytes)
C2 CompilerThread12670830 16173       4       org.gradle.api.internal.tasks.compile.incremental.deps.ClassSetAnalysisData$Serializer::readDependentsSet (118 bytes)

VM state:not at safepoint (normal execution)

VM Mutex/Monitor currently owned by a thread: None

Heap address: 0x0000000080000000, size: 2048 MB, Compressed Oops mode: 32-bit
Narrow klass base: 0x0000000000000000, Narrow klass shift: 3
Compressed class space size: 1073741824 Address: 0x0000000100000000

Heap:
 garbage-first heap   total 189440K, used 132693K [0x0000000080000000, 0x0000000100000000)
  region size 1024K, 22 young (22528K), 1 survivors (1024K)
 Metaspace       used 122489K, capacity 125453K, committed 125772K, reserved 1163264K
  class space    used 15326K, capacity 16436K, committed 16512K, reserved 1048576K
Heap Regions: E=young(eden), S=young(survivor), O=old, HS=humongous(starts), HC=humongous(continues), CS=collection set, F=free, A=archive, TAMS=top-at-mark-start (previous, next)
|   0|0x0000000080000000, 0x0000000080100000, 0x0000000080100000|100%| O|  |TAMS 0x0000000080100000, 0x0000000080000000| Untracked 
|   1|0x0000000080100000, 0x0000000080200000, 0x0000000080200000|100%| O|  |TAMS 0x0000000080200000, 0x0000000080100000| Untracked 
|   2|0x0000000080200000, 0x0000000080300000, 0x0000000080300000|100%| O|  |TAMS 0x0000000080300000, 0x0000000080200000| Untracked 
|   3|0x0000000080300000, 0x0000000080400000, 0x0000000080400000|100%|HS|  |TAMS 0x0000000080400000, 0x0000000080300000| Complete 
|   4|0x0000000080400000, 0x0000000080500000, 0x0000000080500000|100%|HC|  |TAMS 0x0000000080500000, 0x0000000080400000| Complete 
|   5|0x0000000080500000, 0x0000000080600000, 0x0000000080600000|100%|HC|  |TAMS 0x0000000080600000, 0x0000000080500000| Complete 
|   6|0x0000000080600000, 0x0000000080700000, 0x0000000080700000|100%| O|  |TAMS 0x0000000080700000, 0x0000000080600000| Untracked 
|   7|0x0000000080700000, 0x0000000080800000, 0x0000000080800000|100%| O|  |TAMS 0x0000000080800000, 0x0000000080700000| Untracked 
|   8|0x0000000080800000, 0x0000000080900000, 0x0000000080900000|100%| O|  |TAMS 0x0000000080900000, 0x0000000080800000| Untracked 
|   9|0x0000000080900000, 0x0000000080a00000, 0x0000000080a00000|100%| O|  |TAMS 0x0000000080a00000, 0x0000000080900000| Untracked 
|  10|0x0000000080a00000, 0x0000000080b00000, 0x0000000080b00000|100%| O|  |TAMS 0x0000000080b00000, 0x0000000080a00000| Untracked 
|  11|0x0000000080b00000, 0x0000000080c00000, 0x0000000080c00000|100%| O|  |TAMS 0x0000000080c00000, 0x0000000080b00000| Untracked 
|  12|0x0000000080c00000, 0x0000000080d00000, 0x0000000080d00000|100%| O|  |TAMS 0x0000000080d00000, 0x0000000080c00000| Untracked 
|  13|0x0000000080d00000, 0x0000000080e00000, 0x0000000080e00000|100%| O|  |TAMS 0x0000000080e00000, 0x0000000080d00000| Untracked 
|  14|0x0000000080e00000, 0x0000000080f00000, 0x0000000080f00000|100%| O|  |TAMS 0x0000000080f00000, 0x0000000080e00000| Untracked 
|  15|0x0000000080f00000, 0x0000000081000000, 0x0000000081000000|100%| O|  |TAMS 0x0000000081000000, 0x0000000080f00000| Untracked 
|  16|0x0000000081000000, 0x0000000081100000, 0x0000000081100000|100%|HS|  |TAMS 0x0000000081100000, 0x0000000081000000| Complete 
|  17|0x0000000081100000, 0x0000000081200000, 0x0000000081200000|100%|HC|  |TAMS 0x0000000081200000, 0x0000000081100000| Complete 
|  18|0x0000000081200000, 0x0000000081300000, 0x0000000081300000|100%|HS|  |TAMS 0x0000000081300000, 0x0000000081200000| Complete 
|  19|0x0000000081300000, 0x0000000081400000, 0x0000000081400000|100%|HC|  |TAMS 0x0000000081400000, 0x0000000081300000| Complete 
|  20|0x0000000081400000, 0x0000000081500000, 0x0000000081500000|100%|HC|  |TAMS 0x0000000081500000, 0x0000000081400000| Complete 
|  21|0x0000000081500000, 0x0000000081600000, 0x0000000081600000|100%|HS|  |TAMS 0x0000000081600000, 0x0000000081500000| Complete 
|  22|0x0000000081600000, 0x0000000081700000, 0x0000000081700000|100%|HC|  |TAMS 0x0000000081700000, 0x0000000081600000| Complete 
|  23|0x0000000081700000, 0x0000000081800000, 0x0000000081800000|100%|HC|  |TAMS 0x0000000081800000, 0x0000000081700000| Complete 
|  24|0x0000000081800000, 0x0000000081900000, 0x0000000081900000|100%|HC|  |TAMS 0x0000000081900000, 0x0000000081800000| Complete 
|  25|0x0000000081900000, 0x0000000081a00000, 0x0000000081a00000|100%| O|  |TAMS 0x0000000081a00000, 0x0000000081900000| Untracked 
|  26|0x0000000081a00000, 0x0000000081b00000, 0x0000000081b00000|100%| O|  |TAMS 0x0000000081b00000, 0x0000000081a00000| Untracked 
|  27|0x0000000081b00000, 0x0000000081c00000, 0x0000000081c00000|100%| O|  |TAMS 0x0000000081c00000, 0x0000000081b00000| Untracked 
|  28|0x0000000081c00000, 0x0000000081d00000, 0x0000000081d00000|100%|HS|  |TAMS 0x0000000081d00000, 0x0000000081c00000| Complete 
|  29|0x0000000081d00000, 0x0000000081e00000, 0x0000000081e00000|100%|HC|  |TAMS 0x0000000081e00000, 0x0000000081d00000| Complete 
|  30|0x0000000081e00000, 0x0000000081f00000, 0x0000000081f00000|100%|HC|  |TAMS 0x0000000081f00000, 0x0000000081e00000| Complete 
|  31|0x0000000081f00000, 0x0000000082000000, 0x0000000082000000|100%| O|  |TAMS 0x0000000082000000, 0x0000000081f00000| Untracked 
|  32|0x0000000082000000, 0x0000000082100000, 0x0000000082100000|100%| O|  |TAMS 0x0000000082100000, 0x0000000082000000| Untracked 
|  33|0x0000000082100000, 0x0000000082200000, 0x0000000082200000|100%| O|  |TAMS 0x0000000082200000, 0x0000000082100000| Untracked 
|  34|0x0000000082200000, 0x0000000082300000, 0x0000000082300000|100%| O|  |TAMS 0x0000000082200000, 0x0000000082200000| Untracked 
|  35|0x0000000082300000, 0x0000000082400000, 0x0000000082400000|100%|HS|  |TAMS 0x0000000082400000, 0x0000000082300000| Complete 
|  36|0x0000000082400000, 0x0000000082500000, 0x0000000082500000|100%|HC|  |TAMS 0x0000000082500000, 0x0000000082400000| Complete 
|  37|0x0000000082500000, 0x0000000082600000, 0x0000000082600000|100%|HC|  |TAMS 0x0000000082600000, 0x0000000082500000| Complete 
|  38|0x0000000082600000, 0x0000000082700000, 0x0000000082700000|100%|HC|  |TAMS 0x0000000082700000, 0x0000000082600000| Complete 
|  39|0x0000000082700000, 0x0000000082800000, 0x0000000082800000|100%| O|  |TAMS 0x0000000082800000, 0x0000000082700000| Untracked 
|  40|0x0000000082800000, 0x0000000082900000, 0x0000000082900000|100%| O|  |TAMS 0x0000000082900000, 0x0000000082800000| Untracked 
|  41|0x0000000082900000, 0x0000000082a00000, 0x0000000082a00000|100%| O|  |TAMS 0x0000000082a00000, 0x0000000082900000| Untracked 
|  42|0x0000000082a00000, 0x0000000082b00000, 0x0000000082b00000|100%| O|  |TAMS 0x0000000082b00000, 0x0000000082a00000| Untracked 
|  43|0x0000000082b00000, 0x0000000082b00000, 0x0000000082c00000|  0%| F|  |TAMS 0x0000000082b00000, 0x0000000082b00000| Untracked 
|  44|0x0000000082c00000, 0x0000000082d00000, 0x0000000082d00000|100%| O|  |TAMS 0x0000000082c00000, 0x0000000082c00000| Untracked 
|  45|0x0000000082d00000, 0x0000000082d00000, 0x0000000082e00000|  0%| F|  |TAMS 0x0000000082d00000, 0x0000000082d00000| Untracked 
|  46|0x0000000082e00000, 0x0000000082f00000, 0x0000000082f00000|100%| O|  |TAMS 0x0000000082f00000, 0x0000000082e00000| Untracked 
|  47|0x0000000082f00000, 0x0000000083000000, 0x0000000083000000|100%| O|  |TAMS 0x0000000083000000, 0x0000000082f00000| Untracked 
|  48|0x0000000083000000, 0x0000000083100000, 0x0000000083100000|100%| O|  |TAMS 0x0000000083100000, 0x0000000083000000| Untracked 
|  49|0x0000000083100000, 0x0000000083200000, 0x0000000083200000|100%| O|  |TAMS 0x0000000083200000, 0x0000000083100000| Untracked 
|  50|0x0000000083200000, 0x0000000083300000, 0x0000000083300000|100%|HS|  |TAMS 0x0000000083300000, 0x0000000083200000| Complete 
|  51|0x0000000083300000, 0x0000000083400000, 0x0000000083400000|100%|HS|  |TAMS 0x0000000083400000, 0x0000000083300000| Complete 
|  52|0x0000000083400000, 0x0000000083500000, 0x0000000083500000|100%|HS|  |TAMS 0x0000000083500000, 0x0000000083400000| Complete 
|  53|0x0000000083500000, 0x0000000083600000, 0x0000000083600000|100%|HC|  |TAMS 0x0000000083600000, 0x0000000083500000| Complete 
|  54|0x0000000083600000, 0x0000000083700000, 0x0000000083700000|100%|HC|  |TAMS 0x0000000083700000, 0x0000000083600000| Complete 
|  55|0x0000000083700000, 0x0000000083800000, 0x0000000083800000|100%|HS|  |TAMS 0x0000000083800000, 0x0000000083700000| Complete 
|  56|0x0000000083800000, 0x0000000083900000, 0x0000000083900000|100%|HC|  |TAMS 0x0000000083900000, 0x0000000083800000| Complete 
|  57|0x0000000083900000, 0x0000000083a00000, 0x0000000083a00000|100%| O|  |TAMS 0x0000000083a00000, 0x0000000083900000| Untracked 
|  58|0x0000000083a00000, 0x0000000083b00000, 0x0000000083b00000|100%| O|  |TAMS 0x0000000083b00000, 0x0000000083a00000| Untracked 
|  59|0x0000000083b00000, 0x0000000083c00000, 0x0000000083c00000|100%| O|  |TAMS 0x0000000083c00000, 0x0000000083b00000| Untracked 
|  60|0x0000000083c00000, 0x0000000083d00000, 0x0000000083d00000|100%| O|  |TAMS 0x0000000083d00000, 0x0000000083c00000| Untracked 
|  61|0x0000000083d00000, 0x0000000083e00000, 0x0000000083e00000|100%| O|  |TAMS 0x0000000083e00000, 0x0000000083d00000| Untracked 
|  62|0x0000000083e00000, 0x0000000083f00000, 0x0000000083f00000|100%| O|  |TAMS 0x0000000083f00000, 0x0000000083e00000| Untracked 
|  63|0x0000000083f00000, 0x0000000084000000, 0x0000000084000000|100%| O|  |TAMS 0x0000000084000000, 0x0000000083f00000| Untracked 
|  64|0x0000000084000000, 0x0000000084100000, 0x0000000084100000|100%| O|  |TAMS 0x0000000084100000, 0x0000000084000000| Untracked 
|  65|0x0000000084100000, 0x0000000084200000, 0x0000000084200000|100%| O|  |TAMS 0x0000000084200000, 0x0000000084100000| Untracked 
|  66|0x0000000084200000, 0x0000000084300000, 0x0000000084300000|100%| O|  |TAMS 0x0000000084300000, 0x0000000084200000| Untracked 
|  67|0x0000000084300000, 0x0000000084400000, 0x0000000084400000|100%| O|  |TAMS 0x0000000084400000, 0x0000000084300000| Untracked 
|  68|0x0000000084400000, 0x0000000084500000, 0x0000000084500000|100%| O|  |TAMS 0x0000000084500000, 0x0000000084400000| Untracked 
|  69|0x0000000084500000, 0x0000000084600000, 0x0000000084600000|100%| O|  |TAMS 0x0000000084600000, 0x0000000084500000| Untracked 
|  70|0x0000000084600000, 0x0000000084700000, 0x0000000084700000|100%| O|  |TAMS 0x0000000084700000, 0x0000000084600000| Untracked 
|  71|0x0000000084700000, 0x0000000084800000, 0x0000000084800000|100%| O|  |TAMS 0x0000000084800000, 0x0000000084700000| Untracked 
|  72|0x0000000084800000, 0x0000000084900000, 0x0000000084900000|100%| O|  |TAMS 0x0000000084900000, 0x0000000084800000| Untracked 
|  73|0x0000000084900000, 0x0000000084a00000, 0x0000000084a00000|100%| O|  |TAMS 0x0000000084a00000, 0x0000000084900000| Untracked 
|  74|0x0000000084a00000, 0x0000000084b00000, 0x0000000084b00000|100%| O|  |TAMS 0x0000000084b00000, 0x0000000084a00000| Untracked 
|  75|0x0000000084b00000, 0x0000000084c00000, 0x0000000084c00000|100%| O|  |TAMS 0x0000000084c00000, 0x0000000084b00000| Untracked 
|  76|0x0000000084c00000, 0x0000000084d00000, 0x0000000084d00000|100%| O|  |TAMS 0x0000000084d00000, 0x0000000084c00000| Untracked 
|  77|0x0000000084d00000, 0x0000000084e00000, 0x0000000084e00000|100%| O|  |TAMS 0x0000000084e00000, 0x0000000084d00000| Untracked 
|  78|0x0000000084e00000, 0x0000000084f00000, 0x0000000084f00000|100%| O|  |TAMS 0x0000000084f00000, 0x0000000084e00000| Untracked 
|  79|0x0000000084f00000, 0x0000000085000000, 0x0000000085000000|100%| O|  |TAMS 0x0000000085000000, 0x0000000084f00000| Untracked 
|  80|0x0000000085000000, 0x0000000085100000, 0x0000000085100000|100%| O|  |TAMS 0x0000000085000000, 0x0000000085000000| Untracked 
|  81|0x0000000085100000, 0x0000000085200000, 0x0000000085200000|100%| O|  |TAMS 0x0000000085200000, 0x0000000085100000| Untracked 
|  82|0x0000000085200000, 0x0000000085200000, 0x0000000085300000|  0%| F|  |TAMS 0x0000000085200000, 0x0000000085200000| Untracked 
|  83|0x0000000085300000, 0x0000000085400000, 0x0000000085400000|100%| O|  |TAMS 0x0000000085400000, 0x0000000085300000| Untracked 
|  84|0x0000000085400000, 0x0000000085500000, 0x0000000085500000|100%| O|  |TAMS 0x00000000854dfe00, 0x0000000085400000| Untracked 
|  85|0x0000000085500000, 0x0000000085600000, 0x0000000085600000|100%| O|  |TAMS 0x0000000085500000, 0x0000000085500000| Untracked 
|  86|0x0000000085600000, 0x0000000085700000, 0x0000000085700000|100%| O|  |TAMS 0x0000000085600000, 0x0000000085600000| Untracked 
|  87|0x0000000085700000, 0x0000000085800000, 0x0000000085800000|100%| O|  |TAMS 0x0000000085800000, 0x0000000085700000| Untracked 
|  88|0x0000000085800000, 0x0000000085900000, 0x0000000085900000|100%| O|  |TAMS 0x0000000085800000, 0x0000000085800000| Untracked 
|  89|0x0000000085900000, 0x0000000085a00000, 0x0000000085a00000|100%| O|  |TAMS 0x0000000085a00000, 0x0000000085900000| Untracked 
|  90|0x0000000085a00000, 0x0000000085b00000, 0x0000000085b00000|100%| O|  |TAMS 0x0000000085b00000, 0x0000000085a00000| Untracked 
|  91|0x0000000085b00000, 0x0000000085c00000, 0x0000000085c00000|100%| O|  |TAMS 0x0000000085c00000, 0x0000000085b00000| Untracked 
|  92|0x0000000085c00000, 0x0000000085d00000, 0x0000000085d00000|100%| O|  |TAMS 0x0000000085d00000, 0x0000000085c00000| Untracked 
|  93|0x0000000085d00000, 0x0000000085e00000, 0x0000000085e00000|100%| O|  |TAMS 0x0000000085e00000, 0x0000000085d00000| Untracked 
|  94|0x0000000085e00000, 0x0000000085f00000, 0x0000000085f00000|100%| O|  |TAMS 0x0000000085f00000, 0x0000000085e00000| Untracked 
|  95|0x0000000085f00000, 0x0000000086000000, 0x0000000086000000|100%| O|  |TAMS 0x0000000086000000, 0x0000000085f00000| Untracked 
|  96|0x0000000086000000, 0x0000000086100000, 0x0000000086100000|100%| O|  |TAMS 0x0000000086100000, 0x0000000086000000| Untracked 
|  97|0x0000000086100000, 0x0000000086200000, 0x0000000086200000|100%| O|  |TAMS 0x0000000086200000, 0x0000000086100000| Untracked 
|  98|0x0000000086200000, 0x00000000862a2800, 0x0000000086300000| 63%| O|  |TAMS 0x0000000086200000, 0x0000000086200000| Untracked 
|  99|0x0000000086300000, 0x0000000086300000, 0x0000000086400000|  0%| F|  |TAMS 0x0000000086300000, 0x0000000086300000| Untracked 
| 100|0x0000000086400000, 0x0000000086500000, 0x0000000086500000|100%| O|  |TAMS 0x0000000086500000, 0x0000000086400000| Untracked 
| 101|0x0000000086500000, 0x0000000086600000, 0x0000000086600000|100%| O|  |TAMS 0x0000000086600000, 0x0000000086500000| Untracked 
| 102|0x0000000086600000, 0x0000000086700000, 0x0000000086700000|100%| O|  |TAMS 0x0000000086700000, 0x0000000086600000| Untracked 
| 103|0x0000000086700000, 0x0000000086700000, 0x0000000086800000|  0%| F|  |TAMS 0x0000000086700000, 0x0000000086700000| Untracked 
| 104|0x0000000086800000, 0x0000000086900000, 0x0000000086900000|100%| O|  |TAMS 0x0000000086900000, 0x0000000086800000| Untracked 
| 105|0x0000000086900000, 0x0000000086a00000, 0x0000000086a00000|100%| O|  |TAMS 0x0000000086a00000, 0x0000000086900000| Untracked 
| 106|0x0000000086a00000, 0x0000000086b00000, 0x0000000086b00000|100%| O|  |TAMS 0x0000000086b00000, 0x0000000086a00000| Untracked 
| 107|0x0000000086b00000, 0x0000000086c00000, 0x0000000086c00000|100%| O|  |TAMS 0x0000000086c00000, 0x0000000086b00000| Untracked 
| 108|0x0000000086c00000, 0x0000000086d00000, 0x0000000086d00000|100%| O|  |TAMS 0x0000000086d00000, 0x0000000086c00000| Untracked 
| 109|0x0000000086d00000, 0x0000000086e00000, 0x0000000086e00000|100%| O|  |TAMS 0x0000000086e00000, 0x0000000086d00000| Untracked 
| 110|0x0000000086e00000, 0x0000000086f00000, 0x0000000086f00000|100%| O|  |TAMS 0x0000000086f00000, 0x0000000086e00000| Untracked 
| 111|0x0000000086f00000, 0x0000000087000000, 0x0000000087000000|100%| O|  |TAMS 0x0000000087000000, 0x0000000086f00000| Untracked 
| 112|0x0000000087000000, 0x0000000087100000, 0x0000000087100000|100%| O|  |TAMS 0x0000000087100000, 0x0000000087000000| Untracked 
| 113|0x0000000087100000, 0x0000000087200000, 0x0000000087200000|100%| O|  |TAMS 0x0000000087200000, 0x0000000087100000| Untracked 
| 114|0x0000000087200000, 0x0000000087200000, 0x0000000087300000|  0%| F|  |TAMS 0x0000000087200000, 0x0000000087200000| Untracked 
| 115|0x0000000087300000, 0x0000000087300000, 0x0000000087400000|  0%| F|  |TAMS 0x0000000087300000, 0x0000000087300000| Untracked 
| 116|0x0000000087400000, 0x0000000087400000, 0x0000000087500000|  0%| F|  |TAMS 0x0000000087400000, 0x0000000087400000| Untracked 
| 117|0x0000000087500000, 0x0000000087600000, 0x0000000087600000|100%| O|  |TAMS 0x0000000087600000, 0x0000000087500000| Untracked 
| 118|0x0000000087600000, 0x0000000087600000, 0x0000000087700000|  0%| F|  |TAMS 0x0000000087600000, 0x0000000087600000| Untracked 
| 119|0x0000000087700000, 0x0000000087700000, 0x0000000087800000|  0%| F|  |TAMS 0x0000000087700000, 0x0000000087700000| Untracked 
| 120|0x0000000087800000, 0x0000000087800000, 0x0000000087900000|  0%| F|  |TAMS 0x0000000087800000, 0x0000000087800000| Untracked 
| 121|0x0000000087900000, 0x0000000087900000, 0x0000000087a00000|  0%| F|  |TAMS 0x0000000087900000, 0x0000000087900000| Untracked 
| 122|0x0000000087a00000, 0x0000000087a00000, 0x0000000087b00000|  0%| F|  |TAMS 0x0000000087a00000, 0x0000000087a00000| Untracked 
| 123|0x0000000087b00000, 0x0000000087b00000, 0x0000000087c00000|  0%| F|  |TAMS 0x0000000087b00000, 0x0000000087b00000| Untracked 
| 124|0x0000000087c00000, 0x0000000087c00000, 0x0000000087d00000|  0%| F|  |TAMS 0x0000000087c00000, 0x0000000087c00000| Untracked 
| 125|0x0000000087d00000, 0x0000000087d00000, 0x0000000087e00000|  0%| F|  |TAMS 0x0000000087d00000, 0x0000000087d00000| Untracked 
| 126|0x0000000087e00000, 0x0000000087e00000, 0x0000000087f00000|  0%| F|  |TAMS 0x0000000087e00000, 0x0000000087e00000| Untracked 
| 127|0x0000000087f00000, 0x0000000087f00000, 0x0000000088000000|  0%| F|  |TAMS 0x0000000087f00000, 0x0000000087f00000| Untracked 
| 128|0x0000000088000000, 0x0000000088000000, 0x0000000088100000|  0%| F|  |TAMS 0x0000000088000000, 0x0000000088000000| Untracked 
| 129|0x0000000088100000, 0x0000000088100000, 0x0000000088200000|  0%| F|  |TAMS 0x0000000088100000, 0x0000000088100000| Untracked 
| 130|0x0000000088200000, 0x0000000088200000, 0x0000000088300000|  0%| F|  |TAMS 0x0000000088200000, 0x0000000088200000| Untracked 
| 131|0x0000000088300000, 0x0000000088300000, 0x0000000088400000|  0%| F|  |TAMS 0x0000000088300000, 0x0000000088300000| Untracked 
| 132|0x0000000088400000, 0x0000000088400000, 0x0000000088500000|  0%| F|  |TAMS 0x0000000088400000, 0x0000000088400000| Untracked 
| 133|0x0000000088500000, 0x0000000088500000, 0x0000000088600000|  0%| F|  |TAMS 0x0000000088500000, 0x0000000088500000| Untracked 
| 134|0x0000000088600000, 0x0000000088600000, 0x0000000088700000|  0%| F|  |TAMS 0x0000000088600000, 0x0000000088600000| Untracked 
| 135|0x0000000088700000, 0x0000000088700000, 0x0000000088800000|  0%| F|  |TAMS 0x0000000088700000, 0x0000000088700000| Untracked 
| 136|0x0000000088800000, 0x0000000088800000, 0x0000000088900000|  0%| F|  |TAMS 0x0000000088800000, 0x0000000088800000| Untracked 
| 137|0x0000000088900000, 0x0000000088900000, 0x0000000088a00000|  0%| F|  |TAMS 0x0000000088900000, 0x0000000088900000| Untracked 
| 138|0x0000000088a00000, 0x0000000088a00000, 0x0000000088b00000|  0%| F|  |TAMS 0x0000000088a00000, 0x0000000088a00000| Untracked 
| 139|0x0000000088b00000, 0x0000000088b00000, 0x0000000088c00000|  0%| F|  |TAMS 0x0000000088b00000, 0x0000000088b00000| Untracked 
| 140|0x0000000088c00000, 0x0000000088c00000, 0x0000000088d00000|  0%| F|  |TAMS 0x0000000088c00000, 0x0000000088c00000| Untracked 
| 141|0x0000000088d00000, 0x0000000088d00000, 0x0000000088e00000|  0%| F|  |TAMS 0x0000000088d00000, 0x0000000088d00000| Untracked 
| 142|0x0000000088e00000, 0x0000000088e00000, 0x0000000088f00000|  0%| F|  |TAMS 0x0000000088e00000, 0x0000000088e00000| Untracked 
| 143|0x0000000088f00000, 0x0000000088f00000, 0x0000000089000000|  0%| F|  |TAMS 0x0000000088f00000, 0x0000000088f00000| Untracked 
| 144|0x0000000089000000, 0x0000000089000000, 0x0000000089100000|  0%| F|  |TAMS 0x0000000089000000, 0x0000000089000000| Untracked 
| 145|0x0000000089100000, 0x0000000089100000, 0x0000000089200000|  0%| F|  |TAMS 0x0000000089100000, 0x0000000089100000| Untracked 
| 146|0x0000000089200000, 0x0000000089200000, 0x0000000089300000|  0%| F|  |TAMS 0x0000000089200000, 0x0000000089200000| Untracked 
| 147|0x0000000089300000, 0x0000000089300000, 0x0000000089400000|  0%| F|  |TAMS 0x0000000089300000, 0x0000000089300000| Untracked 
| 148|0x0000000089400000, 0x0000000089400000, 0x0000000089500000|  0%| F|  |TAMS 0x0000000089400000, 0x0000000089400000| Untracked 
| 149|0x0000000089500000, 0x0000000089500000, 0x0000000089600000|  0%| F|  |TAMS 0x0000000089500000, 0x0000000089500000| Untracked 
| 150|0x0000000089600000, 0x0000000089600000, 0x0000000089700000|  0%| F|  |TAMS 0x0000000089600000, 0x0000000089600000| Untracked 
| 151|0x0000000089700000, 0x0000000089700000, 0x0000000089800000|  0%| F|  |TAMS 0x0000000089700000, 0x0000000089700000| Untracked 
| 152|0x0000000089800000, 0x0000000089800000, 0x0000000089900000|  0%| F|  |TAMS 0x0000000089800000, 0x0000000089800000| Untracked 
| 153|0x0000000089900000, 0x0000000089900000, 0x0000000089a00000|  0%| F|  |TAMS 0x0000000089900000, 0x0000000089900000| Untracked 
| 154|0x0000000089a00000, 0x0000000089a00000, 0x0000000089b00000|  0%| F|  |TAMS 0x0000000089a00000, 0x0000000089a00000| Untracked 
| 155|0x0000000089b00000, 0x0000000089b00000, 0x0000000089c00000|  0%| F|  |TAMS 0x0000000089b00000, 0x0000000089b00000| Untracked 
| 156|0x0000000089c00000, 0x0000000089c00000, 0x0000000089d00000|  0%| F|  |TAMS 0x0000000089c00000, 0x0000000089c00000| Untracked 
| 157|0x0000000089d00000, 0x0000000089d00000, 0x0000000089e00000|  0%| F|  |TAMS 0x0000000089d00000, 0x0000000089d00000| Untracked 
| 158|0x0000000089e00000, 0x0000000089e00000, 0x0000000089f00000|  0%| F|  |TAMS 0x0000000089e00000, 0x0000000089e00000| Untracked 
| 159|0x0000000089f00000, 0x0000000089f00000, 0x000000008a000000|  0%| F|  |TAMS 0x0000000089f00000, 0x0000000089f00000| Untracked 
| 160|0x000000008a000000, 0x000000008a000000, 0x000000008a100000|  0%| F|  |TAMS 0x000000008a000000, 0x000000008a000000| Untracked 
| 161|0x000000008a100000, 0x000000008a100000, 0x000000008a200000|  0%| F|  |TAMS 0x000000008a100000, 0x000000008a100000| Untracked 
| 162|0x000000008a200000, 0x000000008a27f358, 0x000000008a300000| 49%| E|  |TAMS 0x000000008a200000, 0x000000008a200000| Complete 
| 163|0x000000008a300000, 0x000000008a400000, 0x000000008a400000|100%| E|CS|TAMS 0x000000008a300000, 0x000000008a300000| Complete 
| 164|0x000000008a400000, 0x000000008a500000, 0x000000008a500000|100%| E|CS|TAMS 0x000000008a400000, 0x000000008a400000| Complete 
| 165|0x000000008a500000, 0x000000008a600000, 0x000000008a600000|100%| E|CS|TAMS 0x000000008a500000, 0x000000008a500000| Complete 
| 166|0x000000008a600000, 0x000000008a700000, 0x000000008a700000|100%| E|CS|TAMS 0x000000008a600000, 0x000000008a600000| Complete 
| 167|0x000000008a700000, 0x000000008a800000, 0x000000008a800000|100%| E|CS|TAMS 0x000000008a700000, 0x000000008a700000| Complete 
| 168|0x000000008a800000, 0x000000008a900000, 0x000000008a900000|100%| E|CS|TAMS 0x000000008a800000, 0x000000008a800000| Complete 
| 169|0x000000008a900000, 0x000000008aa00000, 0x000000008aa00000|100%| E|CS|TAMS 0x000000008a900000, 0x000000008a900000| Complete 
| 170|0x000000008aa00000, 0x000000008ab00000, 0x000000008ab00000|100%| E|CS|TAMS 0x000000008aa00000, 0x000000008aa00000| Complete 
| 171|0x000000008ab00000, 0x000000008ac00000, 0x000000008ac00000|100%| E|CS|TAMS 0x000000008ab00000, 0x000000008ab00000| Complete 
| 172|0x000000008ac00000, 0x000000008ad00000, 0x000000008ad00000|100%| E|CS|TAMS 0x000000008ac00000, 0x000000008ac00000| Complete 
| 173|0x000000008ad00000, 0x000000008ae00000, 0x000000008ae00000|100%| E|CS|TAMS 0x000000008ad00000, 0x000000008ad00000| Complete 
| 174|0x000000008ae00000, 0x000000008af00000, 0x000000008af00000|100%| E|CS|TAMS 0x000000008ae00000, 0x000000008ae00000| Complete 
| 175|0x000000008af00000, 0x000000008b000000, 0x000000008b000000|100%| E|CS|TAMS 0x000000008af00000, 0x000000008af00000| Complete 
| 176|0x000000008b000000, 0x000000008b100000, 0x000000008b100000|100%| E|CS|TAMS 0x000000008b000000, 0x000000008b000000| Complete 
| 177|0x000000008b100000, 0x000000008b200000, 0x000000008b200000|100%| E|CS|TAMS 0x000000008b100000, 0x000000008b100000| Complete 
| 178|0x000000008b200000, 0x000000008b300000, 0x000000008b300000|100%| E|  |TAMS 0x000000008b200000, 0x000000008b200000| Complete 
| 179|0x000000008b300000, 0x000000008b400000, 0x000000008b400000|100%| E|CS|TAMS 0x000000008b300000, 0x000000008b300000| Complete 
| 180|0x000000008b400000, 0x000000008b500000, 0x000000008b500000|100%| E|CS|TAMS 0x000000008b400000, 0x000000008b400000| Complete 
| 181|0x000000008b500000, 0x000000008b5f2f40, 0x000000008b600000| 94%| S|CS|TAMS 0x000000008b500000, 0x000000008b500000| Complete 
| 182|0x000000008b600000, 0x000000008b700000, 0x000000008b700000|100%| E|CS|TAMS 0x000000008b600000, 0x000000008b600000| Complete 
| 183|0x000000008b700000, 0x000000008b800000, 0x000000008b800000|100%| E|CS|TAMS 0x000000008b700000, 0x000000008b700000| Complete 
| 184|0x000000008b800000, 0x000000008b900000, 0x000000008b900000|100%| E|CS|TAMS 0x000000008b800000, 0x000000008b800000| Complete 

Card table byte_map: [0x000001c629750000,0x000001c629b50000] _byte_map_base: 0x000001c629350000

Marking Bits (Prev, Next): (CMBitMap*) 0x000001c615f7da60, (CMBitMap*) 0x000001c615f7da28
 Prev Bits: [0x000001c62bf50000, 0x000001c62df50000)
 Next Bits: [0x000001c629f50000, 0x000001c62bf50000)

Polling page: 0x000001c6198c0000

Metaspace:

Usage:
  Non-class:    106.46 MB capacity,   104.67 MB ( 98%) used,     1.47 MB (  1%) free+waste,   340.44 KB ( <1%) overhead. 
      Class:     16.05 MB capacity,    14.97 MB ( 93%) used,   954.59 KB (  6%) free+waste,   152.25 KB ( <1%) overhead. 
       Both:    122.52 MB capacity,   119.64 MB ( 98%) used,     2.40 MB (  2%) free+waste,   492.69 KB ( <1%) overhead. 

Virtual space:
  Non-class space:      112.00 MB reserved,     106.70 MB ( 95%) committed 
      Class space:        1.00 GB reserved,      16.13 MB (  2%) committed 
             Both:        1.11 GB reserved,     122.82 MB ( 11%) committed 

Chunk freelists:
   Non-Class:  46.00 KB
       Class:  9.00 KB
        Both:  55.00 KB

MaxMetaspaceSize: 17179869184.00 GB
CompressedClassSpaceSize: 1.00 GB

CodeHeap 'non-profiled nmethods': size=120000Kb used=9383Kb max_used=9961Kb free=110616Kb
 bounds [0x000001c6213b0000, 0x000001c621d70000, 0x000001c6288e0000]
CodeHeap 'profiled nmethods': size=120000Kb used=33412Kb max_used=34833Kb free=86587Kb
 bounds [0x000001c619e80000, 0x000001c61c090000, 0x000001c6213b0000]
CodeHeap 'non-nmethods': size=5760Kb used=2385Kb max_used=2431Kb free=3374Kb
 bounds [0x000001c6198e0000, 0x000001c619b50000, 0x000001c619e80000]
 total_blobs=15960 nmethods=14938 adapters=933
 compilation: enabled
              stopped_count=0, restarted_count=0
 full_count=0

Compilation events (20 events):
Event: 2670.776 Thread 0x000001c630a48000 16228       1       org.gradle.api.internal.tasks.compile.incremental.deps.ClassAnalysis::getAccessibleClassDependencies (5 bytes)
Event: 2670.776 Thread 0x000001c630a48000 nmethod 16228 0x000001c62157d610 code [0x000001c62157d7c0, 0x000001c62157d878]
Event: 2670.776 Thread 0x000001c630a48000 16229       1       org.gradle.api.internal.tasks.compile.incremental.deps.ClassAnalysis::getConstants (5 bytes)
Event: 2670.776 Thread 0x000001c630a48000 nmethod 16229 0x000001c62157d310 code [0x000001c62157d4c0, 0x000001c62157d578]
Event: 2670.776 Thread 0x000001c630a48000 16230       1       org.gradle.api.internal.tasks.compile.incremental.deps.ClassAnalysis::isDependencyToAll (5 bytes)
Event: 2670.776 Thread 0x000001c630a48000 nmethod 16230 0x000001c62157d010 code [0x000001c62157d1c0, 0x000001c62157d278]
Event: 2670.776 Thread 0x000001c630a48000 16231       1       org.gradle.api.internal.tasks.compile.incremental.deps.ClassAnalysis::getPrivateClassDependencies (5 bytes)
Event: 2670.776 Thread 0x000001c630a48000 nmethod 16231 0x000001c62157cd10 code [0x000001c62157cec0, 0x000001c62157cf78]
Event: 2670.776 Thread 0x000001c630a48000 16232       1       org.gradle.api.internal.tasks.compile.incremental.classpath.DefaultClasspathEntrySnapshotter::access$000 (5 bytes)
Event: 2670.776 Thread 0x000001c630a48000 nmethod 16232 0x000001c62157ca10 code [0x000001c62157cbc0, 0x000001c62157cc58]
Event: 2670.778 Thread 0x000001c630a48000 16233       3       org.gradle.api.internal.file.AbstractFileTreeElement::<init> (10 bytes)
Event: 2670.778 Thread 0x000001c630a48000 nmethod 16233 0x000001c61a21bf90 code [0x000001c61a21c140, 0x000001c61a21c2f8]
Event: 2670.778 Thread 0x000001c630a48000 16234       3       org.apache.tools.zip.ZipEntry::isDirectory (10 bytes)
Event: 2670.778 Thread 0x000001c630a48000 nmethod 16234 0x000001c61a267c90 code [0x000001c61a267e80, 0x000001c61a268368]
Event: 2670.778 Thread 0x000001c630a48000 16235       1       org.apache.tools.zip.ZipFile$OffsetEntry::access$000 (5 bytes)
Event: 2670.779 Thread 0x000001c630a48000 nmethod 16235 0x000001c62157c710 code [0x000001c62157c8c0, 0x000001c62157c958]
Event: 2670.779 Thread 0x000001c630a48000 16236       1       org.gradle.api.internal.tasks.compile.incremental.classpath.DefaultClasspathEntrySnapshotter::access$200 (5 bytes)
Event: 2670.779 Thread 0x000001c630a48000 nmethod 16236 0x000001c62157c410 code [0x000001c62157c5c0, 0x000001c62157c658]
Event: 2670.781 Thread 0x000001c630a48000 16237       3       it.unimi.dsi.fastutil.ints.IntOpenHashSet::isEmpty (13 bytes)
Event: 2670.781 Thread 0x000001c630a48000 nmethod 16237 0x000001c61a1ba010 code [0x000001c61a1ba1c0, 0x000001c61a1ba318]

GC Heap History (20 events):
Event: 2642.872 GC heap before
{Heap before GC invocations=42 (full 0):
 garbage-first heap   total 189440K, used 154240K [0x0000000080000000, 0x0000000100000000)
  region size 1024K, 48 young (49152K), 2 survivors (2048K)
 Metaspace       used 112757K, capacity 115476K, committed 116172K, reserved 1150976K
  class space    used 14169K, capacity 15141K, committed 15360K, reserved 1048576K
}
Event: 2642.885 GC heap after
{Heap after GC invocations=43 (full 0):
 garbage-first heap   total 189440K, used 111290K [0x0000000080000000, 0x0000000100000000)
  region size 1024K, 5 young (5120K), 5 survivors (5120K)
 Metaspace       used 112757K, capacity 115476K, committed 116172K, reserved 1150976K
  class space    used 14169K, capacity 15141K, committed 15360K, reserved 1048576K
}
Event: 2643.662 GC heap before
{Heap before GC invocations=44 (full 0):
 garbage-first heap   total 189440K, used 172730K [0x0000000080000000, 0x0000000100000000)
  region size 1024K, 49 young (50176K), 5 survivors (5120K)
 Metaspace       used 114126K, capacity 116668K, committed 117580K, reserved 1150976K
  class space    used 14312K, capacity 15254K, committed 15488K, reserved 1048576K
}
Event: 2643.671 GC heap after
{Heap after GC invocations=45 (full 0):
 garbage-first heap   total 189440K, used 112176K [0x0000000080000000, 0x0000000100000000)
  region size 1024K, 1 young (1024K), 1 survivors (1024K)
 Metaspace       used 114126K, capacity 116668K, committed 117580K, reserved 1150976K
  class space    used 14312K, capacity 15254K, committed 15488K, reserved 1048576K
}
Event: 2643.778 GC heap before
{Heap before GC invocations=45 (full 0):
 garbage-first heap   total 189440K, used 119344K [0x0000000080000000, 0x0000000100000000)
  region size 1024K, 9 young (9216K), 1 survivors (1024K)
 Metaspace       used 115466K, capacity 117934K, committed 118860K, reserved 1153024K
  class space    used 14450K, capacity 15418K, committed 15744K, reserved 1048576K
}
Event: 2643.797 GC heap after
{Heap after GC invocations=46 (full 0):
 garbage-first heap   total 189440K, used 102175K [0x0000000080000000, 0x0000000100000000)
  region size 1024K, 1 young (1024K), 1 survivors (1024K)
 Metaspace       used 115466K, capacity 117934K, committed 118860K, reserved 1153024K
  class space    used 14450K, capacity 15418K, committed 15744K, reserved 1048576K
}
Event: 2643.919 GC heap before
{Heap before GC invocations=46 (full 0):
 garbage-first heap   total 189440K, used 109343K [0x0000000080000000, 0x0000000100000000)
  region size 1024K, 9 young (9216K), 1 survivors (1024K)
 Metaspace       used 115835K, capacity 118408K, committed 119116K, reserved 1153024K
  class space    used 14503K, capacity 15504K, committed 15744K, reserved 1048576K
}
Event: 2643.926 GC heap after
{Heap after GC invocations=47 (full 0):
 garbage-first heap   total 189440K, used 102952K [0x0000000080000000, 0x0000000100000000)
  region size 1024K, 2 young (2048K), 2 survivors (2048K)
 Metaspace       used 115835K, capacity 118408K, committed 119116K, reserved 1153024K
  class space    used 14503K, capacity 15504K, committed 15744K, reserved 1048576K
}
Event: 2644.865 GC heap before
{Heap before GC invocations=47 (full 0):
 garbage-first heap   total 189440K, used 153128K [0x0000000080000000, 0x0000000100000000)
  region size 1024K, 52 young (53248K), 2 survivors (2048K)
 Metaspace       used 116853K, capacity 119491K, committed 120268K, reserved 1153024K
  class space    used 14600K, capacity 15591K, committed 15872K, reserved 1048576K
}
Event: 2644.889 GC heap after
{Heap after GC invocations=48 (full 0):
 garbage-first heap   total 189440K, used 106344K [0x0000000080000000, 0x0000000100000000)
  region size 1024K, 5 young (5120K), 5 survivors (5120K)
 Metaspace       used 116853K, capacity 119491K, committed 120268K, reserved 1153024K
  class space    used 14600K, capacity 15591K, committed 15872K, reserved 1048576K
}
Event: 2651.896 GC heap before
{Heap before GC invocations=49 (full 0):
 garbage-first heap   total 189440K, used 155496K [0x0000000080000000, 0x0000000100000000)
  region size 1024K, 54 young (55296K), 5 survivors (5120K)
 Metaspace       used 117948K, capacity 120623K, committed 121036K, reserved 1155072K
  class space    used 14718K, capacity 15721K, committed 15872K, reserved 1048576K
}
Event: 2651.905 GC heap after
{Heap after GC invocations=50 (full 0):
 garbage-first heap   total 189440K, used 109956K [0x0000000080000000, 0x0000000100000000)
  region size 1024K, 7 young (7168K), 7 survivors (7168K)
 Metaspace       used 117948K, capacity 120623K, committed 121036K, reserved 1155072K
  class space    used 14718K, capacity 15721K, committed 15872K, reserved 1048576K
}
Event: 2651.919 GC heap before
{Heap before GC invocations=50 (full 0):
 garbage-first heap   total 189440K, used 112004K [0x0000000080000000, 0x0000000100000000)
  region size 1024K, 9 young (9216K), 7 survivors (7168K)
 Metaspace       used 118008K, capacity 120687K, committed 121036K, reserved 1155072K
  class space    used 14725K, capacity 15721K, committed 15872K, reserved 1048576K
}
Event: 2651.928 GC heap after
{Heap after GC invocations=51 (full 0):
 garbage-first heap   total 189440K, used 110374K [0x0000000080000000, 0x0000000100000000)
  region size 1024K, 2 young (2048K), 2 survivors (2048K)
 Metaspace       used 118008K, capacity 120687K, committed 121036K, reserved 1155072K
  class space    used 14725K, capacity 15721K, committed 15872K, reserved 1048576K
}
Event: 2652.365 GC heap before
{Heap before GC invocations=51 (full 0):
 garbage-first heap   total 189440K, used 156454K [0x0000000080000000, 0x0000000100000000)
  region size 1024K, 48 young (49152K), 2 survivors (2048K)
 Metaspace       used 118916K, capacity 121519K, committed 121932K, reserved 1155072K
  class space    used 14796K, capacity 15785K, committed 16000K, reserved 1048576K
}
Event: 2652.378 GC heap after
{Heap after GC invocations=52 (full 0):
 garbage-first heap   total 189440K, used 112142K [0x0000000080000000, 0x0000000100000000)
  region size 1024K, 4 young (4096K), 4 survivors (4096K)
 Metaspace       used 118916K, capacity 121519K, committed 121932K, reserved 1155072K
  class space    used 14796K, capacity 15785K, committed 16000K, reserved 1048576K
}
Event: 2670.564 GC heap before
{Heap before GC invocations=53 (full 0):
 garbage-first heap   total 189440K, used 158222K [0x0000000080000000, 0x0000000100000000)
  region size 1024K, 49 young (50176K), 4 survivors (4096K)
 Metaspace       used 121564K, capacity 124487K, committed 124620K, reserved 1157120K
  class space    used 15206K, capacity 16303K, committed 16384K, reserved 1048576K
}
Event: 2670.570 GC heap after
{Heap after GC invocations=54 (full 0):
 garbage-first heap   total 189440K, used 114329K [0x0000000080000000, 0x0000000100000000)
  region size 1024K, 6 young (6144K), 6 survivors (6144K)
 Metaspace       used 121564K, capacity 124487K, committed 124620K, reserved 1157120K
  class space    used 15206K, capacity 16303K, committed 16384K, reserved 1048576K
}
Event: 2670.604 GC heap before
{Heap before GC invocations=54 (full 0):
 garbage-first heap   total 189440K, used 117401K [0x0000000080000000, 0x0000000100000000)
  region size 1024K, 9 young (9216K), 6 survivors (6144K)
 Metaspace       used 121616K, capacity 124553K, committed 124876K, reserved 1157120K
  class space    used 15214K, capacity 16304K, committed 16384K, reserved 1048576K
}
Event: 2670.613 GC heap after
{Heap after GC invocations=55 (full 0):
 garbage-first heap   total 189440K, used 113237K [0x0000000080000000, 0x0000000100000000)
  region size 1024K, 1 young (1024K), 1 survivors (1024K)
 Metaspace       used 121616K, capacity 124553K, committed 124876K, reserved 1157120K
  class space    used 15214K, capacity 16304K, committed 16384K, reserved 1048576K
}

Deoptimization events (20 events):
Event: 2670.746 Thread 0x000001c633f58800 Uncommon trap: trap_request=0xffffffde fr.pc=0x000001c6215734ac relative=0x000000000000150c
Event: 2670.746 Thread 0x000001c633f58800 Uncommon trap: reason=class_check action=maybe_recompile pc=0x000001c6215734ac method=org.objectweb.asm.ClassReader.readField(Lorg/objectweb/asm/ClassVisitor;Lorg/objectweb/asm/Context;I)I @ 332 c2
Event: 2670.746 Thread 0x000001c633f58800 DEOPT PACKING pc=0x000001c6215734ac sp=0x0000007d6a5fd290
Event: 2670.746 Thread 0x000001c633f58800 DEOPT UNPACKING pc=0x000001c6199074af sp=0x0000007d6a5fd210 mode 2
Event: 2670.746 Thread 0x000001c633f58800 Uncommon trap: trap_request=0xffffff4d fr.pc=0x000001c62145eff4 relative=0x0000000000000154
Event: 2670.746 Thread 0x000001c633f58800 Uncommon trap: reason=unstable_if action=reinterpret pc=0x000001c62145eff4 method=org.objectweb.asm.FieldVisitor.<init>(ILorg/objectweb/asm/FieldVisitor;)V @ 13 c2
Event: 2670.746 Thread 0x000001c633f58800 DEOPT PACKING pc=0x000001c62145eff4 sp=0x0000007d6a5fd030
Event: 2670.746 Thread 0x000001c633f58800 DEOPT UNPACKING pc=0x000001c6199074af sp=0x0000007d6a5fcfd0 mode 2
Event: 2670.746 Thread 0x000001c633f58800 Uncommon trap: trap_request=0xffffff4d fr.pc=0x000001c621c5489c relative=0x00000000000002bc
Event: 2670.746 Thread 0x000001c633f58800 Uncommon trap: reason=unstable_if action=reinterpret pc=0x000001c621c5489c method=org.objectweb.asm.Type.getTypeInternal(Ljava/lang/String;II)Lorg/objectweb/asm/Type; @ 5 c2
Event: 2670.746 Thread 0x000001c633f58800 DEOPT PACKING pc=0x000001c621c5489c sp=0x0000007d6a5fced0
Event: 2670.746 Thread 0x000001c633f58800 DEOPT UNPACKING pc=0x000001c6199074af sp=0x0000007d6a5fcea0 mode 2
Event: 2670.753 Thread 0x000001c633f58800 Uncommon trap: trap_request=0xffffffde fr.pc=0x000001c6215734ac relative=0x000000000000150c
Event: 2670.753 Thread 0x000001c633f58800 Uncommon trap: reason=class_check action=maybe_recompile pc=0x000001c6215734ac method=org.objectweb.asm.ClassReader.readField(Lorg/objectweb/asm/ClassVisitor;Lorg/objectweb/asm/Context;I)I @ 332 c2
Event: 2670.753 Thread 0x000001c633f58800 DEOPT PACKING pc=0x000001c6215734ac sp=0x0000007d6a5fd290
Event: 2670.753 Thread 0x000001c633f58800 DEOPT UNPACKING pc=0x000001c6199074af sp=0x0000007d6a5fd210 mode 2
Event: 2670.755 Thread 0x000001c633f58800 Uncommon trap: trap_request=0xffffff4d fr.pc=0x000001c6215738c8 relative=0x0000000000001928
Event: 2670.755 Thread 0x000001c633f58800 Uncommon trap: reason=unstable_if action=reinterpret pc=0x000001c6215738c8 method=org.objectweb.asm.ClassReader.readField(Lorg/objectweb/asm/ClassVisitor;Lorg/objectweb/asm/Context;I)I @ 115 c2
Event: 2670.755 Thread 0x000001c633f58800 DEOPT PACKING pc=0x000001c6215738c8 sp=0x0000007d6a5fd290
Event: 2670.755 Thread 0x000001c633f58800 DEOPT UNPACKING pc=0x000001c6199074af sp=0x0000007d6a5fd238 mode 2

Classes redefined (0 events):
No events

Internal exceptions (20 events):
Event: 2652.056 Thread 0x000001c631a51000 Exception <a 'sun/nio/fs/WindowsException'{0x000000008a714ee8}> (0x000000008a714ee8) thrown at [./src/hotspot/share/prims/jni.cpp, line 615]
Event: 2655.751 Thread 0x000001c636b99000 Exception <a 'java/lang/NoSuchMethodError'{0x000000008a242350}: <clinit>> (0x000000008a242350) thrown at [./src/hotspot/share/prims/jni.cpp, line 1362]
Event: 2655.751 Thread 0x000001c636b99000 Exception <a 'java/lang/NoSuchMethodError'{0x000000008a25a0d0}: <clinit>> (0x000000008a25a0d0) thrown at [./src/hotspot/share/prims/jni.cpp, line 1362]
Event: 2655.765 Thread 0x000001c636b99000 Exception <a 'java/lang/NoSuchMethodError'{0x000000008a10e4c0}: 'java.lang.Object java.lang.invoke.DirectMethodHandle$Holder.invokeSpecial(java.lang.Object, java.lang.Object, int, int, java.lang.Object, int, java.lang.Object, java.lang.Object)'> (0x000000008a10e4c0) thrown at [./src/hotspot/share/interpreter/linkResolver.cpp, line 773]
Event: 2655.765 Thread 0x000001c636b99000 Exception <a 'java/lang/NoSuchMethodError'{0x000000008a113040}: 'java.lang.Object java.lang.invoke.DelegatingMethodHandle$Holder.reinvoke_L(java.lang.Object, int, int, java.lang.Object, int, java.lang.Object, java.lang.Object)'> (0x000000008a113040) thrown at [./src/hotspot/share/interpreter/linkResolver.cpp, line 773]
Event: 2655.767 Thread 0x000001c636b99000 Exception <a 'java/lang/NoSuchMethodError'{0x000000008a13f120}: 'java.lang.Object java.lang.invoke.DirectMethodHandle$Holder.invokeStatic(java.lang.Object, java.lang.Object, java.lang.Object, java.lang.Object, java.lang.Object, java.lang.Object, java.lang.Object, java.lang.Object, int)'> (0x000000008a13f120) thrown at [./src/hotspot/share/interpreter/linkResolver.cpp, line 773]
Event: 2655.769 Thread 0x000001c636b99000 Exception <a 'java/lang/NoSuchMethodError'{0x000000008a15abb8}: 'java.lang.Object java.lang.invoke.DirectMethodHandle$Holder.invokeStatic(java.lang.Object, java.lang.Object, java.lang.Object, java.lang.Object, java.lang.Object, java.lang.Object, java.lang.Object, java.lang.Object, int, int)'> (0x000000008a15abb8) thrown at [./src/hotspot/share/interpreter/linkResolver.cpp, line 773]
Event: 2655.771 Thread 0x000001c636b99000 Exception <a 'java/lang/NoSuchMethodError'{0x000000008a177810}: 'java.lang.Object java.lang.invoke.DirectMethodHandle$Holder.invokeStatic(java.lang.Object, java.lang.Object, java.lang.Object, java.lang.Object, java.lang.Object, java.lang.Object, java.lang.Object, java.lang.Object, int, int, java.lang.Object)'> (0x000000008a177810) thrown at [./src/hotspot/share/interpreter/linkResolver.cpp, line 773]
Event: 2655.772 Thread 0x000001c636b99000 Exception <a 'java/lang/NoSuchMethodError'{0x000000008a1957c8}: 'java.lang.Object java.lang.invoke.DirectMethodHandle$Holder.invokeStatic(java.lang.Object, java.lang.Object, java.lang.Object, java.lang.Object, java.lang.Object, java.lang.Object, java.lang.Object, java.lang.Object, int, int, java.lang.Object, java.lang.Object)'> (0x000000008a1957c8) thrown at [./src/hotspot/share/interpreter/linkResolver.cpp, line 773]
Event: 2655.782 Thread 0x000001c636b99000 Exception <a 'java/lang/NoSuchMethodError'{0x000000008a1c9538}: <clinit>> (0x000000008a1c9538) thrown at [./src/hotspot/share/prims/jni.cpp, line 1362]
Event: 2655.786 Thread 0x000001c636b99000 Exception <a 'java/lang/NoSuchMethodError'{0x000000008a016f88}: <clinit>> (0x000000008a016f88) thrown at [./src/hotspot/share/prims/jni.cpp, line 1362]
Event: 2655.802 Thread 0x000001c631a56000 Exception <a 'java/lang/InterruptedException'{0x000000008a03d518}> (0x000000008a03d518) thrown at [./src/hotspot/share/runtime/objectMonitor.cpp, line 1635]
Event: 2655.803 Thread 0x000001c631a56000 Exception <a 'java/lang/NoSuchMethodError'{0x000000008a045328}: 'java.lang.Object java.lang.invoke.DirectMethodHandle$Holder.invokeStatic(java.lang.Object, java.lang.Object, int, java.lang.Object, long)'> (0x000000008a045328) thrown at [./src/hotspot/share/interpreter/linkResolver.cpp, line 773]
Event: 2655.828 Thread 0x000001c636b99000 Exception <a 'java/lang/NoSuchMethodError'{0x000000008a09d398}: <clinit>> (0x000000008a09d398) thrown at [./src/hotspot/share/prims/jni.cpp, line 1362]
Event: 2655.829 Thread 0x000001c636b99000 Exception <a 'java/lang/NoSuchMethodError'{0x000000008a0b53c0}: <clinit>> (0x000000008a0b53c0) thrown at [./src/hotspot/share/prims/jni.cpp, line 1362]
Event: 2655.830 Thread 0x000001c636b99000 Exception <a 'java/lang/NoSuchMethodError'{0x000000008a0cc3b0}: <clinit>> (0x000000008a0cc3b0) thrown at [./src/hotspot/share/prims/jni.cpp, line 1362]
Event: 2655.840 Thread 0x000001c636b99000 Exception <a 'java/lang/NoSuchMethodError'{0x000000008a0f81a8}: <clinit>> (0x000000008a0f81a8) thrown at [./src/hotspot/share/prims/jni.cpp, line 1362]
Event: 2655.878 Thread 0x000001c636b99000 Exception <a 'java/lang/NoSuchMethodError'{0x0000000089eb7060}: <clinit>> (0x0000000089eb7060) thrown at [./src/hotspot/share/prims/jni.cpp, line 1362]
Event: 2655.976 Thread 0x000001c638c46800 Exception <a 'java/lang/NoSuchMethodError'{0x0000000089c62578}: 'java.lang.Object java.lang.invoke.DirectMethodHandle$Holder.invokeStatic(java.lang.Object, java.lang.Object, java.lang.Object, java.lang.Object, java.lang.Object, java.lang.Object, java.lang.Object, java.lang.Object, java.lang.Object, java.lang.Object, java.lang.Object, java.lang.Object, java.lang.Object, int)'> (0x0000000089c62578) thrown at [./src/hotspot/share/interpreter/linkResolver.cpp, line 773]
Event: 2655.978 Thread 0x000001c638c46800 Exception <a 'java/lang/NoSuchMethodError'{0x0000000089c6eff8}: 'java.lang.Object java.lang.invoke.DirectMethodHandle$Holder.invokeStatic(java.lang.Object, java.lang.Object, java.lang.Object, java.lang.Object, java.lang.Object, java.lang.Object, java.lang.Object, java.lang.Object, java.lang.Object, java.lang.Object, java.lang.Object, java.lang.Object, java.lang.Object, int, int)'> (0x0000000089c6eff8) thrown at [./src/hotspot/share/interpreter/linkResolver.cpp, line 773]

Events (20 events):
Event: 2670.742 loading class org/gradle/api/internal/tasks/compile/incremental/asm/ClassDependenciesVisitor$MethodVisitor
Event: 2670.742 loading class org/gradle/api/internal/tasks/compile/incremental/asm/ClassDependenciesVisitor$MethodVisitor done
Event: 2670.743 loading class org/gradle/api/internal/tasks/compile/incremental/asm/ClassDependenciesVisitor$RetentionPolicyVisitor
Event: 2670.743 loading class org/gradle/api/internal/tasks/compile/incremental/asm/ClassDependenciesVisitor$RetentionPolicyVisitor done
Event: 2670.743 loading class org/gradle/api/internal/tasks/compile/incremental/asm/ClassDependenciesVisitor$AnnotationVisitor
Event: 2670.743 loading class org/gradle/api/internal/tasks/compile/incremental/asm/ClassDependenciesVisitor$AnnotationVisitor done
Event: 2670.744 loading class org/gradle/api/internal/tasks/compile/incremental/asm/ClassDependenciesVisitor$FieldVisitor
Event: 2670.744 loading class org/gradle/api/internal/tasks/compile/incremental/asm/ClassDependenciesVisitor$FieldVisitor done
Event: 2670.745 loading class org/gradle/api/internal/tasks/compile/incremental/asm/ClassRelevancyFilter
Event: 2670.745 loading class org/gradle/api/internal/tasks/compile/incremental/asm/ClassRelevancyFilter done
Event: 2670.747 loading class it/unimi/dsi/fastutil/ints/IntIterators
Event: 2670.747 loading class it/unimi/dsi/fastutil/ints/IntIterators done
Event: 2670.748 loading class it/unimi/dsi/fastutil/ints/IntListIterator
Event: 2670.748 loading class it/unimi/dsi/fastutil/ints/IntListIterator done
Event: 2670.749 loading class it/unimi/dsi/fastutil/ints/IntList
Event: 2670.749 loading class it/unimi/dsi/fastutil/ints/IntList done
Event: 2670.750 loading class it/unimi/dsi/fastutil/ints/IntIterators$EmptyIterator
Event: 2670.750 loading class it/unimi/dsi/fastutil/ints/IntIterators$EmptyIterator done
Event: 2670.757 Executing VM operation: RevokeBias
Event: 2670.758 Executing VM operation: RevokeBias done


Dynamic libraries:
0x00007ff63f4f0000 - 0x00007ff63f4fa000 	C:\Users\Dark Knight\Desktop\Android Studio\jre\bin\java.exe
0x00007ffee3570000 - 0x00007ffee3765000 	C:\WINDOWS\SYSTEM32\ntdll.dll
0x00007ffee15f0000 - 0x00007ffee16ad000 	C:\WINDOWS\System32\KERNEL32.DLL
0x00007ffee12d0000 - 0x00007ffee1599000 	C:\WINDOWS\System32\KERNELBASE.dll
0x00007ffee0cd0000 - 0x00007ffee0dd0000 	C:\WINDOWS\System32\ucrtbase.dll
0x00007ffed0a00000 - 0x00007ffed0a17000 	C:\Users\Dark Knight\Desktop\Android Studio\jre\bin\VCRUNTIME140.dll
0x00007ffec8f80000 - 0x00007ffec8f99000 	C:\Users\Dark Knight\Desktop\Android Studio\jre\bin\jli.dll
0x00007ffee1f30000 - 0x00007ffee20d0000 	C:\WINDOWS\System32\USER32.dll
0x00007ffee0ca0000 - 0x00007ffee0cc2000 	C:\WINDOWS\System32\win32u.dll
0x00007ffee20d0000 - 0x00007ffee20fa000 	C:\WINDOWS\System32\GDI32.dll
0x00007ffecb000000 - 0x00007ffecb29a000 	C:\WINDOWS\WinSxS\amd64_microsoft.windows.common-controls_6595b64144ccf1df_6.0.19041.1110_none_60b5254171f9507e\COMCTL32.dll
0x00007ffee11c0000 - 0x00007ffee12cb000 	C:\WINDOWS\System32\gdi32full.dll
0x00007ffee32b0000 - 0x00007ffee334e000 	C:\WINDOWS\System32\msvcrt.dll
0x00007ffee0dd0000 - 0x00007ffee0e6d000 	C:\WINDOWS\System32\msvcp_win.dll
0x00007ffee23d0000 - 0x00007ffee2400000 	C:\WINDOWS\System32\IMM32.DLL
0x00007ffeb2a20000 - 0x00007ffeb2abd000 	C:\Users\Dark Knight\Desktop\Android Studio\jre\bin\msvcp140.dll
0x00007ffe81a60000 - 0x00007ffe8251c000 	C:\Users\Dark Knight\Desktop\Android Studio\jre\bin\server\jvm.dll
0x00007ffee1780000 - 0x00007ffee182c000 	C:\WINDOWS\System32\ADVAPI32.dll
0x00007ffee1830000 - 0x00007ffee18cb000 	C:\WINDOWS\System32\sechost.dll
0x00007ffee3350000 - 0x00007ffee347a000 	C:\WINDOWS\System32\RPCRT4.dll
0x00007ffee2d90000 - 0x00007ffee2d98000 	C:\WINDOWS\System32\PSAPI.DLL
0x00007ffed7fc0000 - 0x00007ffed7fca000 	C:\WINDOWS\SYSTEM32\VERSION.dll
0x00007ffecb2b0000 - 0x00007ffecb2d7000 	C:\WINDOWS\SYSTEM32\WINMM.dll
0x00007ffecd500000 - 0x00007ffecd509000 	C:\WINDOWS\SYSTEM32\WSOCK32.dll
0x00007ffee2360000 - 0x00007ffee23cb000 	C:\WINDOWS\System32\WS2_32.dll
0x00007ffedf530000 - 0x00007ffedf542000 	C:\WINDOWS\SYSTEM32\kernel.appcore.dll
0x00007ffed7800000 - 0x00007ffed7811000 	C:\Users\Dark Knight\Desktop\Android Studio\jre\bin\verify.dll
0x00007ffedeab0000 - 0x00007ffedec94000 	C:\WINDOWS\SYSTEM32\DBGHELP.DLL
0x00007ffec9830000 - 0x00007ffec985c000 	C:\WINDOWS\SYSTEM32\dbgcore.DLL
0x00007ffee0f70000 - 0x00007ffee0ff3000 	C:\WINDOWS\System32\bcryptPrimitives.dll
0x00007ffecc270000 - 0x00007ffecc299000 	C:\Users\Dark Knight\Desktop\Android Studio\jre\bin\java.dll
0x00007ffedc080000 - 0x00007ffedc08b000 	C:\Users\Dark Knight\Desktop\Android Studio\jre\bin\jimage.dll
0x00007ffed0930000 - 0x00007ffed0948000 	C:\Users\Dark Knight\Desktop\Android Studio\jre\bin\zip.dll
0x00007ffee25f0000 - 0x00007ffee2d2f000 	C:\WINDOWS\System32\SHELL32.dll
0x00007ffeded90000 - 0x00007ffedf520000 	C:\WINDOWS\SYSTEM32\windows.storage.dll
0x00007ffee2da0000 - 0x00007ffee30f5000 	C:\WINDOWS\System32\combase.dll
0x00007ffee0700000 - 0x00007ffee072c000 	C:\WINDOWS\SYSTEM32\Wldp.dll
0x00007ffee1e80000 - 0x00007ffee1f2e000 	C:\WINDOWS\System32\SHCORE.dll
0x00007ffee2400000 - 0x00007ffee2455000 	C:\WINDOWS\System32\shlwapi.dll
0x00007ffee0be0000 - 0x00007ffee0bff000 	C:\WINDOWS\SYSTEM32\profapi.dll
0x00007ffecbb90000 - 0x00007ffecbbaa000 	C:\Users\Dark Knight\Desktop\Android Studio\jre\bin\net.dll
0x00007ffed5b40000 - 0x00007ffed5c48000 	C:\WINDOWS\SYSTEM32\WINHTTP.dll
0x00007ffee0460000 - 0x00007ffee04ca000 	C:\WINDOWS\system32\mswsock.dll
0x00007ffecbb70000 - 0x00007ffecbb84000 	C:\Users\Dark Knight\Desktop\Android Studio\jre\bin\nio.dll
0x00007ffed0a20000 - 0x00007ffed0a47000 	C:\Users\Dark Knight\.gradle\native\8bec1ad78214c89d9ad589b4d07fe93259594b29d510b10fafb7a158f7737e5d\windows-amd64\native-platform.dll
0x00007ffe86930000 - 0x00007ffe86a6d000 	C:\Users\Dark Knight\.gradle\native\53dbd7edfb1c66fb8903c78663c9afc45aea4f116125fa6feffd364cf09443e8\windows-amd64\native-platform-file-events.dll
0x00007ffed9d20000 - 0x00007ffed9d2a000 	C:\Users\Dark Knight\Desktop\Android Studio\jre\bin\management.dll
0x00007ffed8a30000 - 0x00007ffed8a3c000 	C:\Users\Dark Knight\Desktop\Android Studio\jre\bin\management_ext.dll
0x00007ffee0650000 - 0x00007ffee0668000 	C:\WINDOWS\SYSTEM32\CRYPTSP.dll
0x00007ffedfd70000 - 0x00007ffedfda4000 	C:\WINDOWS\system32\rsaenh.dll
0x00007ffee15a0000 - 0x00007ffee15c7000 	C:\WINDOWS\System32\bcrypt.dll
0x00007ffee0ba0000 - 0x00007ffee0bce000 	C:\WINDOWS\SYSTEM32\USERENV.dll
0x00007ffee0670000 - 0x00007ffee067c000 	C:\WINDOWS\SYSTEM32\CRYPTBASE.dll
0x00007ffee0100000 - 0x00007ffee013b000 	C:\WINDOWS\SYSTEM32\IPHLPAPI.DLL
0x00007ffee18d0000 - 0x00007ffee18d8000 	C:\WINDOWS\System32\NSI.dll
0x00007ffecfdf0000 - 0x00007ffecfe07000 	C:\WINDOWS\SYSTEM32\dhcpcsvc6.DLL
0x00007ffed0340000 - 0x00007ffed035d000 	C:\WINDOWS\SYSTEM32\dhcpcsvc.DLL
0x00007ffee0140000 - 0x00007ffee020c000 	C:\WINDOWS\SYSTEM32\DNSAPI.dll
0x00007ffecb510000 - 0x00007ffecb537000 	C:\Users\Dark Knight\Desktop\Android Studio\jre\bin\sunec.dll
0x00007ffeccf00000 - 0x00007ffeccf0a000 	C:\Windows\System32\rasadhlp.dll
0x00007ffec8e80000 - 0x00007ffec8eff000 	C:\WINDOWS\System32\fwpuclnt.dll
0x00007ffec74c0000 - 0x00007ffec74de000 	C:\Users\Dark Knight\AppData\Local\Temp\native-platform951144082008866026dir\native-platform.dll
0x00007ffed1400000 - 0x00007ffed1408000 	C:\Users\Dark Knight\Desktop\Android Studio\jre\bin\rmi.dll

dbghelp: loaded successfully - version: 4.0.5 - missing functions: none
symbol engine: initialized successfully - sym options: 0x614 - pdb path: .;C:\Users\Dark Knight\Desktop\Android Studio\jre\bin;C:\WINDOWS\SYSTEM32;C:\WINDOWS\WinSxS\amd64_microsoft.windows.common-controls_6595b64144ccf1df_6.0.19041.1110_none_60b5254171f9507e;C:\Users\Dark Knight\Desktop\Android Studio\jre\bin\server;C:\Users\Dark Knight\.gradle\native\8bec1ad78214c89d9ad589b4d07fe93259594b29d510b10fafb7a158f7737e5d\windows-amd64;C:\Users\Dark Knight\.gradle\native\53dbd7edfb1c66fb8903c78663c9afc45aea4f116125fa6feffd364cf09443e8\windows-amd64;C:\Users\Dark Knight\AppData\Local\Temp\native-platform951144082008866026dir

VM Arguments:
jvm_args: --add-opens=java.base/java.util=ALL-UNNAMED --add-opens=java.base/java.lang=ALL-UNNAMED --add-opens=java.base/java.lang.invoke=ALL-UNNAMED --add-opens=java.base/java.util=ALL-UNNAMED --add-opens=java.prefs/java.util.prefs=ALL-UNNAMED --add-opens=java.prefs/java.util.prefs=ALL-UNNAMED --add-opens=java.base/java.nio.charset=ALL-UNNAMED --add-opens=java.base/java.net=ALL-UNNAMED --add-opens=java.base/java.util.concurrent.atomic=ALL-UNNAMED -Xmx2048m -Dfile.encoding=UTF-8 -Duser.country=IN -Duser.language=en -Duser.variant 
java_command: org.gradle.launcher.daemon.bootstrap.GradleDaemon 7.0.2
java_class_path (initial): C:\Users\Dark Knight\.gradle\wrapper\dists\gradle-7.0.2-bin\857tjihv64xamwrf0h14cai3r\gradle-7.0.2\lib\gradle-launcher-7.0.2.jar
Launcher Type: SUN_STANDARD

[Global flags]
     intx CICompilerCount                          = 4                                         {product} {ergonomic}
     uint ConcGCThreads                            = 2                                         {product} {ergonomic}
     uint G1ConcRefinementThreads                  = 8                                         {product} {ergonomic}
   size_t G1HeapRegionSize                         = 1048576                                   {product} {ergonomic}
    uintx GCDrainStackTargetSize                   = 64                                        {product} {ergonomic}
   size_t InitialHeapSize                          = 134217728                                 {product} {ergonomic}
   size_t MarkStackSize                            = 4194304                                   {product} {ergonomic}
   size_t MaxHeapSize                              = 2147483648                                {product} {command line}
   size_t MaxNewSize                               = 1287651328                                {product} {ergonomic}
   size_t MinHeapDeltaBytes                        = 1048576                                   {product} {ergonomic}
    uintx NonNMethodCodeHeapSize                   = 5836300                                {pd product} {ergonomic}
    uintx NonProfiledCodeHeapSize                  = 122910970                              {pd product} {ergonomic}
    uintx ProfiledCodeHeapSize                     = 122910970                              {pd product} {ergonomic}
    uintx ReservedCodeCacheSize                    = 251658240                              {pd product} {ergonomic}
     bool SegmentedCodeCache                       = true                                      {product} {ergonomic}
     bool UseCompressedClassPointers               = true                                 {lp64_product} {ergonomic}
     bool UseCompressedOops                        = true                                 {lp64_product} {ergonomic}
     bool UseG1GC                                  = true                                      {product} {ergonomic}
     bool UseLargePagesIndividualAllocation        = false                                  {pd product} {ergonomic}

Logging:
Log output configuration:
 #0: stdout all=warning uptime,level,tags
 #1: stderr all=off uptime,level,tags

Environment Variables:
PATH=C:\Windows\system32;C:\Windows;C:\Windows\System32\Wbem;C:\Windows\System32\WindowsPowerShell\v1.0\;C:\Windows\System32\OpenSSH\;C:\Program Files (x86)\NVIDIA Corporation\PhysX\Common;C:\Program Files\NVIDIA Corporation\NVIDIA NvDLISR;C:\WINDOWS\system32;C:\WINDOWS;C:\WINDOWS\System32\Wbem;C:\WINDOWS\System32\WindowsPowerShell\v1.0\;C:\WINDOWS\System32\OpenSSH\;C:\MinGW\bin;C:\Program Files\MEGA-X;C:\WINDOWS\system32;C:\WINDOWS;C:\WINDOWS\System32\Wbem;C:\WINDOWS\System32\WindowsPowerShell\v1.0\;C:\WINDOWS\System32\OpenSSH\;C:\Program Files\Git\cmd;C:\Users\Dark Knight\AppData\Local\Microsoft\WindowsApps;C:\Users\Dark Knight\AppData\Local\atom\bin;C:\MinGW\bin;C:\Program Files (x86)\Microsoft Visual Studio\2019\BuildTools\MSBuild\Current\Bin;C:\Users\Dark Knight\AppData\Local\Microsoft\WindowsApps
USERNAME=Dark Knight
OS=Windows_NT
PROCESSOR_IDENTIFIER=Intel64 Family 6 Model 158 Stepping 10, GenuineIntel



---------------  S Y S T E M  ---------------

OS: Windows 10 , 64 bit Build 19041 (10.0.19041.1151)
OS uptime: 6 days 7:11 hours

CPU:total 8 (initial active 8) (4 cores per cpu, 2 threads per core) family 6 model 158 stepping 10, cmov, cx8, fxsr, mmx, sse, sse2, sse3, ssse3, sse4.1, sse4.2, popcnt, avx, avx2, aes, clmul, erms, 3dnowpref, lzcnt, ht, tsc, tscinvbit, bmi1, bmi2, adx, fma

Memory: 4k page, system-wide physical 8072M (562M free)
TotalPageFile size 12168M (AvailPageFile size 3M)
current process WorkingSet (physical memory assigned to process): 431M, peak: 484M
current process commit charge ("private bytes"): 528M, peak: 556M

vm_info: OpenJDK 64-Bit Server VM (11.0.8+10-b944.6842174) for windows-amd64 JRE (11.0.8+10-b944.6842174), built on Sep 19 2020 01:11:42 by "builder" with MS VC++ 14.0 (VS2015)

END.
