#
# There is insufficient memory for the Java Runtime Environment to continue.
# Native memory allocation (malloc) failed to allocate 719936 bytes for Chunk::new
# Possible reasons:
#   The system is out of physical RAM or swap space
#   The process is running with CompressedOops enabled, and the Java Heap may be blocking the growth of the native heap
# Possible solutions:
#   Reduce memory load on the system
#   Increase physical memory or swap space
#   Check if swap backing store is full
#   Decrease Java heap size (-Xmx/-Xms)
#   Decrease number of Java threads
#   Decrease Java thread stack sizes (-Xss)
#   Set larger code cache with -XX:ReservedCodeCacheSize=
#   JVM is running with Unscaled Compressed Oops mode in which the Java heap is
#     placed in the first 4GB address space. The Java Heap base address is the
#     maximum limit for the native heap growth. Please use -XX:HeapBaseMinAddress
#     to set the Java Heap base and to place the Java Heap above 4GB virtual address.
# This output file may be truncated or incomplete.
#
#  Out of Memory Error (./src/hotspot/share/memory/arena.cpp:197), pid=39236, tid=46440
#
# JRE version: OpenJDK Runtime Environment (11.0.8+10) (build 11.0.8+10-b944.6842174)
# Java VM: OpenJDK 64-Bit Server VM (11.0.8+10-b944.6842174, mixed mode, tiered, compressed oops, g1 gc, windows-amd64)
# No core dump will be written. Minidumps are not enabled by default on client versions of Windows
#

---------------  S U M M A R Y ------------

Command Line: --add-opens=java.base/java.util=ALL-UNNAMED --add-opens=java.base/java.lang=ALL-UNNAMED --add-opens=java.base/java.lang.invoke=ALL-UNNAMED --add-opens=java.base/java.util=ALL-UNNAMED --add-opens=java.prefs/java.util.prefs=ALL-UNNAMED --add-opens=java.prefs/java.util.prefs=ALL-UNNAMED --add-opens=java.base/java.nio.charset=ALL-UNNAMED --add-opens=java.base/java.net=ALL-UNNAMED --add-opens=java.base/java.util.concurrent.atomic=ALL-UNNAMED -Xmx2048m -Dfile.encoding=UTF-8 -Duser.country=IN -Duser.language=en -Duser.variant org.gradle.launcher.daemon.bootstrap.GradleDaemon 7.0.2

Host: Intel(R) Core(TM) i5-9300H CPU @ 2.40GHz, 8 cores, 7G,  Windows 10 , 64 bit Build 19041 (10.0.19041.1151)
Time: Mon Aug 30 12:56:09 2021 India Standard Time elapsed time: 32 seconds (0d 0h 0m 32s)

---------------  T H R E A D  ---------------

Current thread (0x0000025e75aac000):  JavaThread "C2 CompilerThread0" daemon [_thread_in_native, id=46440, stack(0x0000007fc1900000,0x0000007fc1a00000)]


Current CompileTask:
C2:  32265 11152       4       sun.invoke.util.VerifyAccess::isClassAccessible (182 bytes)

Stack: [0x0000007fc1900000,0x0000007fc1a00000]
Native frames: (J=compiled Java code, j=interpreted, Vv=VM code, C=native code)
V  [jvm.dll+0x5de50a]
V  [jvm.dll+0x7122f5]
V  [jvm.dll+0x71384d]
V  [jvm.dll+0x713f03]
V  [jvm.dll+0x23e728]
V  [jvm.dll+0xb899c]
V  [jvm.dll+0xb8e9c]
V  [jvm.dll+0x2b20e4]
V  [jvm.dll+0x502098]
V  [jvm.dll+0x1ff393]
V  [jvm.dll+0x1f917c]
V  [jvm.dll+0x1f685f]
V  [jvm.dll+0x17f32c]
V  [jvm.dll+0x205047]
V  [jvm.dll+0x203891]
V  [jvm.dll+0x6dad3f]
V  [jvm.dll+0x6d3895]
V  [jvm.dll+0x5dd4a6]
C  [ucrtbase.dll+0x21bb2]
C  [KERNEL32.DLL+0x17034]
C  [ntdll.dll+0x52651]


---------------  P R O C E S S  ---------------

Threads class SMR info:
_java_thread_list=0x0000025e7bf14ec0, length=79, elements={
0x0000025e5a738000, 0x0000025e7523d800, 0x0000025e7524b800, 0x0000025e75aa5800,
0x0000025e75aa7800, 0x0000025e75aac000, 0x0000025e75aaf000, 0x0000025e75ab3800,
0x0000025e75c21800, 0x0000025e75c23800, 0x0000025e78dd9800, 0x0000025e76135000,
0x0000025e78cfd000, 0x0000025e77acd000, 0x0000025e76f1a000, 0x0000025e79016800,
0x0000025e771f7000, 0x0000025e780e1800, 0x0000025e780e2800, 0x0000025e77a89800,
0x0000025e77e20800, 0x0000025e77e21000, 0x0000025e77e22000, 0x0000025e77e22800,
0x0000025e781ae000, 0x0000025e781b0800, 0x0000025e781af800, 0x0000025e781af000,
0x0000025e781b1800, 0x0000025e781ac800, 0x0000025e781ad000, 0x0000025e781b2000,
0x0000025e76040800, 0x0000025e76042000, 0x0000025e76041000, 0x0000025e76043000,
0x0000025e7603e000, 0x0000025e76043800, 0x0000025e79411800, 0x0000025e79413000,
0x0000025e79412000, 0x0000025e7940e000, 0x0000025e7940d800, 0x0000025e79414800,
0x0000025e7940f800, 0x0000025e79414000, 0x0000025e79410800, 0x0000025e7940f000,
0x0000025e79419800, 0x0000025e79416800, 0x0000025e7941a800, 0x0000025e79417000,
0x0000025e79418000, 0x0000025e7941c000, 0x0000025e79418800, 0x0000025e767ee000,
0x0000025e767f2000, 0x0000025e767ec800, 0x0000025e767f3000, 0x0000025e767ef000,
0x0000025e767ef800, 0x0000025e767ed000, 0x0000025e767f4800, 0x0000025e767f5800,
0x0000025e767f6000, 0x0000025e767f1800, 0x0000025e767f7000, 0x0000025e767f8000,
0x0000025e767fa800, 0x0000025e767f8800, 0x0000025e767f9800, 0x0000025e767f4000,
0x0000025e767fb000, 0x0000025e7733e000, 0x0000025e77340800, 0x0000025e77342000,
0x0000025e77343000, 0x0000025e7733d000, 0x0000025e7733f800
}

Java Threads: ( => current thread )
  0x0000025e5a738000 JavaThread "main" [_thread_blocked, id=48480, stack(0x0000007fc0e00000,0x0000007fc0f00000)]
  0x0000025e7523d800 JavaThread "Reference Handler" daemon [_thread_blocked, id=46192, stack(0x0000007fc1500000,0x0000007fc1600000)]
  0x0000025e7524b800 JavaThread "Finalizer" daemon [_thread_blocked, id=26576, stack(0x0000007fc1600000,0x0000007fc1700000)]
  0x0000025e75aa5800 JavaThread "Signal Dispatcher" daemon [_thread_blocked, id=32156, stack(0x0000007fc1700000,0x0000007fc1800000)]
  0x0000025e75aa7800 JavaThread "Attach Listener" daemon [_thread_blocked, id=47012, stack(0x0000007fc1800000,0x0000007fc1900000)]
=>0x0000025e75aac000 JavaThread "C2 CompilerThread0" daemon [_thread_in_native, id=46440, stack(0x0000007fc1900000,0x0000007fc1a00000)]
  0x0000025e75aaf000 JavaThread "C1 CompilerThread0" daemon [_thread_in_native, id=41848, stack(0x0000007fc1a00000,0x0000007fc1b00000)]
  0x0000025e75ab3800 JavaThread "Sweeper thread" daemon [_thread_blocked, id=40568, stack(0x0000007fc1b00000,0x0000007fc1c00000)]
  0x0000025e75c21800 JavaThread "Common-Cleaner" daemon [_thread_blocked, id=37764, stack(0x0000007fc1c00000,0x0000007fc1d00000)]
  0x0000025e75c23800 JavaThread "Service Thread" daemon [_thread_blocked, id=46204, stack(0x0000007fc1d00000,0x0000007fc1e00000)]
  0x0000025e78dd9800 JavaThread "Daemon health stats" [_thread_blocked, id=45072, stack(0x0000007fc2300000,0x0000007fc2400000)]
  0x0000025e76135000 JavaThread "Incoming local TCP Connector on port 58359" [_thread_in_native, id=3608, stack(0x0000007fc1f00000,0x0000007fc2000000)]
  0x0000025e78cfd000 JavaThread "Daemon periodic checks" [_thread_blocked, id=37736, stack(0x0000007fc2000000,0x0000007fc2100000)]
  0x0000025e77acd000 JavaThread "Daemon" [_thread_blocked, id=31184, stack(0x0000007fc2400000,0x0000007fc2500000)]
  0x0000025e76f1a000 JavaThread "Handler for socket connection from /127.0.0.1:58359 to /127.0.0.1:58360" [_thread_in_native, id=11984, stack(0x0000007fc2500000,0x0000007fc2600000)]
  0x0000025e79016800 JavaThread "Cancel handler" [_thread_blocked, id=21444, stack(0x0000007fc2600000,0x0000007fc2700000)]
  0x0000025e771f7000 JavaThread "Daemon worker" [_thread_blocked, id=47624, stack(0x0000007fc2700000,0x0000007fc2800000)]
  0x0000025e780e1800 JavaThread "Asynchronous log dispatcher for DefaultDaemonConnection: socket connection from /127.0.0.1:58359 to /127.0.0.1:58360" [_thread_blocked, id=36468, stack(0x0000007fc2800000,0x0000007fc2900000)]
  0x0000025e780e2800 JavaThread "Stdin handler" [_thread_blocked, id=42912, stack(0x0000007fc2900000,0x0000007fc2a00000)]
  0x0000025e77a89800 JavaThread "Daemon client event forwarder" [_thread_blocked, id=39132, stack(0x0000007fc2a00000,0x0000007fc2b00000)]
  0x0000025e77e20800 JavaThread "Cache worker for file hash cache (C:\Users\Dark Knight\.gradle\caches\7.0.2\fileHashes)" [_thread_blocked, id=40516, stack(0x0000007fc3000000,0x0000007fc3100000)]
  0x0000025e77e21000 JavaThread "File lock request listener" [_thread_in_native, id=40780, stack(0x0000007fc3100000,0x0000007fc3200000)]
  0x0000025e77e22000 JavaThread "Cache worker for journal cache (C:\Users\Dark Knight\.gradle\caches\journal-1)" [_thread_blocked, id=40424, stack(0x0000007fc3300000,0x0000007fc3400000)]
  0x0000025e77e22800 JavaThread "Cache worker for file hash cache (C:\Android Projects\Udemy TUTORIAL\7MinuteWorkout2\.gradle\7.0.2\fileHashes)" [_thread_blocked, id=34944, stack(0x0000007fc3600000,0x0000007fc3700000)]
  0x0000025e781ae000 JavaThread "File watcher server" daemon [_thread_in_native, id=46984, stack(0x0000007fc3700000,0x0000007fc3800000)]
  0x0000025e781b0800 JavaThread "File watcher consumer" daemon [_thread_blocked, id=46956, stack(0x0000007fc3800000,0x0000007fc3900000)]
  0x0000025e781af800 JavaThread "Cache worker for checksums cache (C:\Android Projects\Udemy TUTORIAL\7MinuteWorkout2\.gradle\checksums)" [_thread_blocked, id=38300, stack(0x0000007fc3900000,0x0000007fc3a00000)]
  0x0000025e781af000 JavaThread "Cache worker for cache directory md-supplier (C:\Users\Dark Knight\.gradle\caches\7.0.2\md-supplier)" [_thread_blocked, id=37724, stack(0x0000007fc3a00000,0x0000007fc3b00000)]
  0x0000025e781b1800 JavaThread "Cache worker for cache directory md-rule (C:\Users\Dark Knight\.gradle\caches\7.0.2\md-rule)" [_thread_blocked, id=21448, stack(0x0000007fc3b00000,0x0000007fc3c00000)]
  0x0000025e781ac800 JavaThread "Cache worker for execution history cache (C:\Users\Dark Knight\.gradle\caches\7.0.2\executionHistory)" [_thread_blocked, id=48704, stack(0x0000007fc3c00000,0x0000007fc3d00000)]
  0x0000025e781ad000 JavaThread "jar transforms" [_thread_blocked, id=40912, stack(0x0000007fc3d00000,0x0000007fc3e00000)]
  0x0000025e781b2000 JavaThread "jar transforms Thread 2" [_thread_blocked, id=31816, stack(0x0000007fc3e00000,0x0000007fc3f00000)]
  0x0000025e76040800 JavaThread "Cache worker for file content cache (C:\Users\Dark Knight\.gradle\caches\7.0.2\fileContent)" [_thread_blocked, id=5004, stack(0x0000007fc3f00000,0x0000007fc4000000)]
  0x0000025e76042000 JavaThread "Cache worker for dependencies-accessors (C:\Android Projects\Udemy TUTORIAL\7MinuteWorkout2\.gradle\7.0.2\dependencies-accessors)" [_thread_blocked, id=42692, stack(0x0000007fc4000000,0x0000007fc4100000)]
  0x0000025e76041000 JavaThread "jar transforms Thread 3" [_thread_blocked, id=20740, stack(0x0000007fc3500000,0x0000007fc3600000)]
  0x0000025e76043000 JavaThread "Cache worker for Build Output Cleanup Cache (C:\Android Projects\Udemy TUTORIAL\7MinuteWorkout2\.gradle\buildOutputCleanup)" [_thread_blocked, id=40488, stack(0x0000007fc4200000,0x0000007fc4300000)]
  0x0000025e7603e000 JavaThread "Build operations" [_thread_blocked, id=47564, stack(0x0000007fc4300000,0x0000007fc4400000)]
  0x0000025e76043800 JavaThread "Build operations Thread 2" [_thread_blocked, id=48604, stack(0x0000007fc4400000,0x0000007fc4500000)]
  0x0000025e79411800 JavaThread "Build operations Thread 3" [_thread_blocked, id=16512, stack(0x0000007fc4500000,0x0000007fc4600000)]
  0x0000025e79413000 JavaThread "Build operations Thread 4" [_thread_blocked, id=31392, stack(0x0000007fc4600000,0x0000007fc4700000)]
  0x0000025e79412000 JavaThread "Build operations Thread 5" [_thread_blocked, id=48000, stack(0x0000007fc4700000,0x0000007fc4800000)]
  0x0000025e7940e000 JavaThread "Build operations Thread 6" [_thread_blocked, id=19608, stack(0x0000007fc4800000,0x0000007fc4900000)]
  0x0000025e7940d800 JavaThread "Build operations Thread 7" [_thread_blocked, id=46508, stack(0x0000007fc4900000,0x0000007fc4a00000)]
  0x0000025e79414800 JavaThread "Build operations Thread 8" [_thread_blocked, id=36036, stack(0x0000007fc4a00000,0x0000007fc4b00000)]
  0x0000025e7940f800 JavaThread "jar transforms Thread 4" [_thread_blocked, id=11564, stack(0x0000007fc4b00000,0x0000007fc4c00000)]
  0x0000025e79414000 JavaThread "jar transforms Thread 5" [_thread_blocked, id=22968, stack(0x0000007fc4c00000,0x0000007fc4d00000)]
  0x0000025e79410800 JavaThread "jar transforms Thread 6" [_thread_blocked, id=46100, stack(0x0000007fc4d00000,0x0000007fc4e00000)]
  0x0000025e7940f000 JavaThread "jar transforms Thread 7" [_thread_blocked, id=45116, stack(0x0000007fc4e00000,0x0000007fc4f00000)]
  0x0000025e79419800 JavaThread "jar transforms Thread 8" [_thread_blocked, id=39060, stack(0x0000007fc4f00000,0x0000007fc5000000)]
  0x0000025e79416800 JavaThread "Memory manager" [_thread_blocked, id=20240, stack(0x0000007fc5000000,0x0000007fc5100000)]
  0x0000025e7941a800 JavaThread "build event listener" [_thread_blocked, id=46836, stack(0x0000007fc5100000,0x0000007fc5200000)]
  0x0000025e79417000 JavaThread "pool-3-thread-1" [_thread_blocked, id=47756, stack(0x0000007fc5200000,0x0000007fc5300000)]
  0x0000025e79418000 JavaThread "build event listener" [_thread_blocked, id=47120, stack(0x0000007fc5300000,0x0000007fc5400000)]
  0x0000025e7941c000 JavaThread "Execution worker for ':'" [_thread_blocked, id=38252, stack(0x0000007fc5400000,0x0000007fc5500000)]
  0x0000025e79418800 JavaThread "Execution worker for ':' Thread 2" [_thread_blocked, id=44960, stack(0x0000007fc5500000,0x0000007fc5600000)]
  0x0000025e767ee000 JavaThread "Execution worker for ':' Thread 3" [_thread_blocked, id=1536, stack(0x0000007fc5600000,0x0000007fc5700000)]
  0x0000025e767f2000 JavaThread "Execution worker for ':' Thread 4" [_thread_blocked, id=36720, stack(0x0000007fc5700000,0x0000007fc5800000)]
  0x0000025e767ec800 JavaThread "Execution worker for ':' Thread 5" [_thread_blocked, id=43352, stack(0x0000007fc5800000,0x0000007fc5900000)]
  0x0000025e767f3000 JavaThread "Execution worker for ':' Thread 6" [_thread_blocked, id=45604, stack(0x0000007fc5900000,0x0000007fc5a00000)]
  0x0000025e767ef000 JavaThread "Execution worker for ':' Thread 7" [_thread_blocked, id=30124, stack(0x0000007fc5a00000,0x0000007fc5b00000)]
  0x0000025e767ef800 JavaThread "Cache worker for execution history cache (C:\Android Projects\Udemy TUTORIAL\7MinuteWorkout2\.gradle\7.0.2\executionHistory)" [_thread_blocked, id=24380, stack(0x0000007fc5b00000,0x0000007fc5c00000)]
  0x0000025e767ed000 JavaThread "RMI Scheduler(0)" daemon [_thread_blocked, id=32412, stack(0x0000007fc3400000,0x0000007fc3500000)]
  0x0000025e767f4800 JavaThread "RMI GC Daemon" daemon [_thread_blocked, id=45312, stack(0x0000007fc5c00000,0x0000007fc5d00000)]
  0x0000025e767f5800 JavaThread "RMI TCP Accept-0" daemon [_thread_in_native, id=43540, stack(0x0000007fc5d00000,0x0000007fc5e00000)]
  0x0000025e767f6000 JavaThread "RMI Reaper" [_thread_blocked, id=42636, stack(0x0000007fc5e00000,0x0000007fc5f00000)]
  0x0000025e767f1800 JavaThread "RMI TCP Connection(1)-127.0.0.1" daemon [_thread_in_native, id=43560, stack(0x0000007fc6000000,0x0000007fc6100000)]
  0x0000025e767f7000 JavaThread "C2 CompilerThread1" daemon [_thread_in_native, id=7988, stack(0x0000007fc5f00000,0x0000007fc6000000)]
  0x0000025e767f8000 JavaThread "C2 CompilerThread2" daemon [_thread_in_native, id=48288, stack(0x0000007fc6100000,0x0000007fc6200000)]
  0x0000025e767fa800 JavaThread "Cache worker for Java compile cache (C:\Users\Dark Knight\.gradle\caches\7.0.2\javaCompile)" [_thread_blocked, id=31400, stack(0x0000007fc6200000,0x0000007fc6300000)]
  0x0000025e767f8800 JavaThread "Cache worker for Java compile cache (C:\Android Projects\Udemy TUTORIAL\7MinuteWorkout2\.gradle\7.0.2\javaCompile)" [_thread_blocked, id=33728, stack(0x0000007fc6300000,0x0000007fc6400000)]
  0x0000025e767f9800 JavaThread "WorkerExecutor Queue" [_thread_blocked, id=22376, stack(0x0000007fc4100000,0x0000007fc4200000)]
  0x0000025e767f4000 JavaThread "WorkerExecutor Queue Thread 2" [_thread_blocked, id=13424, stack(0x0000007fc6400000,0x0000007fc6500000)]
  0x0000025e767fb000 JavaThread "WorkerExecutor Queue Thread 3" [_thread_blocked, id=35912, stack(0x0000007fc6500000,0x0000007fc6600000)]
  0x0000025e7733e000 JavaThread "WorkerExecutor Queue Thread 4" [_thread_blocked, id=26328, stack(0x0000007fc6600000,0x0000007fc6700000)]
  0x0000025e77340800 JavaThread "WorkerExecutor Queue Thread 5" [_thread_blocked, id=41332, stack(0x0000007fc6700000,0x0000007fc6800000)]
  0x0000025e77342000 JavaThread "WorkerExecutor Queue Thread 6" [_thread_in_Java, id=38972, stack(0x0000007fc6800000,0x0000007fc6900000)]
  0x0000025e77343000 JavaThread "WorkerExecutor Queue Thread 7" [_thread_blocked, id=9352, stack(0x0000007fc6900000,0x0000007fc6a00000)]
  0x0000025e7733d000 JavaThread "WorkerExecutor Queue Thread 8" [_thread_blocked, id=9176, stack(0x0000007fc6a00000,0x0000007fc6b00000)]
  0x0000025e7733f800 JavaThread "WorkerExecutor Queue Thread 9" [_thread_blocked, id=5368, stack(0x0000007fc6b00000,0x0000007fc6c00000)]

Other Threads:
  0x0000025e75a58000 VMThread "VM Thread" [stack: 0x0000007fc1400000,0x0000007fc1500000] [id=45860]
  0x0000025e75c26000 WatcherThread [stack: 0x0000007fc1e00000,0x0000007fc1f00000] [id=34120]
  0x0000025e5a751800 GCTaskThread "GC Thread#0" [stack: 0x0000007fc0f00000,0x0000007fc1000000] [id=46852]
  0x0000025e76247800 GCTaskThread "GC Thread#1" [stack: 0x0000007fc2100000,0x0000007fc2200000] [id=34072]
  0x0000025e769d3800 GCTaskThread "GC Thread#2" [stack: 0x0000007fc2200000,0x0000007fc2300000] [id=38228]
  0x0000025e77d6a800 GCTaskThread "GC Thread#3" [stack: 0x0000007fc2b00000,0x0000007fc2c00000] [id=30476]
  0x0000025e78b8a000 GCTaskThread "GC Thread#4" [stack: 0x0000007fc2c00000,0x0000007fc2d00000] [id=41796]
  0x0000025e78b8a800 GCTaskThread "GC Thread#5" [stack: 0x0000007fc2d00000,0x0000007fc2e00000] [id=34392]
  0x0000025e78b9f800 GCTaskThread "GC Thread#6" [stack: 0x0000007fc2e00000,0x0000007fc2f00000] [id=10836]
  0x0000025e78ba0000 GCTaskThread "GC Thread#7" [stack: 0x0000007fc2f00000,0x0000007fc3000000] [id=2752]
  0x0000025e5a785000 ConcurrentGCThread "G1 Main Marker" [stack: 0x0000007fc1000000,0x0000007fc1100000] [id=42888]
  0x0000025e5a786000 ConcurrentGCThread "G1 Conc#0" [stack: 0x0000007fc1100000,0x0000007fc1200000] [id=42296]
  0x0000025e78291800 ConcurrentGCThread "G1 Conc#1" [stack: 0x0000007fc3200000,0x0000007fc3300000] [id=8228]
  0x0000025e7508f800 ConcurrentGCThread "G1 Refine#0" [stack: 0x0000007fc1200000,0x0000007fc1300000] [id=17220]
  0x0000025e75090800 ConcurrentGCThread "G1 Young RemSet Sampling" [stack: 0x0000007fc1300000,0x0000007fc1400000] [id=33376]

Threads with active compile tasks:
C2 CompilerThread0  32324 11152       4       sun.invoke.util.VerifyAccess::isClassAccessible (182 bytes)
C1 CompilerThread0  32324 11283       3       java.util.zip.ZipInputStream::read (304 bytes)
C2 CompilerThread1  32325 11222   !   4       java.nio.file.FileTreeWalker::next (144 bytes)
C2 CompilerThread2  32325 11224       4       org.gradle.internal.instantiation.generator.AbstractClassGenerator$InjectionAnnotationValidator::validateMethod (502 bytes)

VM state:not at safepoint (normal execution)

VM Mutex/Monitor currently owned by a thread: None

Heap address: 0x0000000080000000, size: 2048 MB, Compressed Oops mode: 32-bit
Narrow klass base: 0x0000000000000000, Narrow klass shift: 3
Compressed class space size: 1073741824 Address: 0x0000000100000000

Heap:
 garbage-first heap   total 157696K, used 120176K [0x0000000080000000, 0x0000000100000000)
  region size 1024K, 40 young (40960K), 3 survivors (3072K)
 Metaspace       used 102098K, capacity 105138K, committed 105344K, reserved 1140736K
  class space    used 13516K, capacity 14685K, committed 14720K, reserved 1048576K
Heap Regions: E=young(eden), S=young(survivor), O=old, HS=humongous(starts), HC=humongous(continues), CS=collection set, F=free, A=archive, TAMS=top-at-mark-start (previous, next)
|   0|0x0000000080000000, 0x0000000080100000, 0x0000000080100000|100%| O|  |TAMS 0x0000000080100000, 0x0000000080000000| Untracked 
|   1|0x0000000080100000, 0x0000000080200000, 0x0000000080200000|100%| O|  |TAMS 0x0000000080200000, 0x0000000080100000| Untracked 
|   2|0x0000000080200000, 0x0000000080300000, 0x0000000080300000|100%| O|  |TAMS 0x0000000080300000, 0x0000000080200000| Untracked 
|   3|0x0000000080300000, 0x0000000080400000, 0x0000000080400000|100%|HS|  |TAMS 0x0000000080400000, 0x0000000080300000| Complete 
|   4|0x0000000080400000, 0x0000000080500000, 0x0000000080500000|100%|HC|  |TAMS 0x0000000080500000, 0x0000000080400000| Complete 
|   5|0x0000000080500000, 0x0000000080600000, 0x0000000080600000|100%|HC|  |TAMS 0x0000000080600000, 0x0000000080500000| Complete 
|   6|0x0000000080600000, 0x0000000080700000, 0x0000000080700000|100%| O|  |TAMS 0x0000000080700000, 0x0000000080600000| Untracked 
|   7|0x0000000080700000, 0x0000000080800000, 0x0000000080800000|100%| O|  |TAMS 0x0000000080800000, 0x0000000080700000| Untracked 
|   8|0x0000000080800000, 0x0000000080900000, 0x0000000080900000|100%| O|  |TAMS 0x0000000080900000, 0x0000000080800000| Untracked 
|   9|0x0000000080900000, 0x0000000080a00000, 0x0000000080a00000|100%| O|  |TAMS 0x0000000080a00000, 0x0000000080900000| Untracked 
|  10|0x0000000080a00000, 0x0000000080b00000, 0x0000000080b00000|100%| O|  |TAMS 0x0000000080b00000, 0x0000000080a00000| Untracked 
|  11|0x0000000080b00000, 0x0000000080c00000, 0x0000000080c00000|100%| O|  |TAMS 0x0000000080c00000, 0x0000000080b00000| Untracked 
|  12|0x0000000080c00000, 0x0000000080d00000, 0x0000000080d00000|100%| O|  |TAMS 0x0000000080d00000, 0x0000000080c00000| Untracked 
|  13|0x0000000080d00000, 0x0000000080e00000, 0x0000000080e00000|100%| O|  |TAMS 0x0000000080e00000, 0x0000000080d00000| Untracked 
|  14|0x0000000080e00000, 0x0000000080f00000, 0x0000000080f00000|100%| O|  |TAMS 0x0000000080f00000, 0x0000000080e00000| Untracked 
|  15|0x0000000080f00000, 0x0000000081000000, 0x0000000081000000|100%| O|  |TAMS 0x0000000081000000, 0x0000000080f00000| Untracked 
|  16|0x0000000081000000, 0x0000000081100000, 0x0000000081100000|100%|HS|  |TAMS 0x0000000081100000, 0x0000000081000000| Complete 
|  17|0x0000000081100000, 0x0000000081200000, 0x0000000081200000|100%| O|  |TAMS 0x0000000081200000, 0x0000000081100000| Untracked 
|  18|0x0000000081200000, 0x0000000081300000, 0x0000000081300000|100%| O|  |TAMS 0x0000000081300000, 0x0000000081200000| Untracked 
|  19|0x0000000081300000, 0x0000000081400000, 0x0000000081400000|100%| O|  |TAMS 0x0000000081400000, 0x0000000081300000| Untracked 
|  20|0x0000000081400000, 0x0000000081500000, 0x0000000081500000|100%| O|  |TAMS 0x0000000081500000, 0x0000000081400000| Untracked 
|  21|0x0000000081500000, 0x0000000081600000, 0x0000000081600000|100%| O|  |TAMS 0x0000000081600000, 0x0000000081500000| Untracked 
|  22|0x0000000081600000, 0x0000000081700000, 0x0000000081700000|100%| O|  |TAMS 0x0000000081700000, 0x0000000081600000| Untracked 
|  23|0x0000000081700000, 0x0000000081800000, 0x0000000081800000|100%| O|  |TAMS 0x0000000081800000, 0x0000000081700000| Untracked 
|  24|0x0000000081800000, 0x0000000081900000, 0x0000000081900000|100%| O|  |TAMS 0x0000000081900000, 0x0000000081800000| Untracked 
|  25|0x0000000081900000, 0x0000000081a00000, 0x0000000081a00000|100%| O|  |TAMS 0x0000000081a00000, 0x0000000081900000| Untracked 
|  26|0x0000000081a00000, 0x0000000081b00000, 0x0000000081b00000|100%| O|  |TAMS 0x0000000081b00000, 0x0000000081a00000| Untracked 
|  27|0x0000000081b00000, 0x0000000081c00000, 0x0000000081c00000|100%|HS|  |TAMS 0x0000000081c00000, 0x0000000081b00000| Complete 
|  28|0x0000000081c00000, 0x0000000081d00000, 0x0000000081d00000|100%|HS|  |TAMS 0x0000000081d00000, 0x0000000081c00000| Complete 
|  29|0x0000000081d00000, 0x0000000081e00000, 0x0000000081e00000|100%|HC|  |TAMS 0x0000000081e00000, 0x0000000081d00000| Complete 
|  30|0x0000000081e00000, 0x0000000081f00000, 0x0000000081f00000|100%|HC|  |TAMS 0x0000000081f00000, 0x0000000081e00000| Complete 
|  31|0x0000000081f00000, 0x0000000082000000, 0x0000000082000000|100%|HS|  |TAMS 0x0000000082000000, 0x0000000081f00000| Complete 
|  32|0x0000000082000000, 0x0000000082100000, 0x0000000082100000|100%|HC|  |TAMS 0x0000000082100000, 0x0000000082000000| Complete 
|  33|0x0000000082100000, 0x0000000082200000, 0x0000000082200000|100%| O|  |TAMS 0x0000000082200000, 0x0000000082100000| Untracked 
|  34|0x0000000082200000, 0x0000000082300000, 0x0000000082300000|100%| O|  |TAMS 0x0000000082300000, 0x0000000082200000| Untracked 
|  35|0x0000000082300000, 0x0000000082400000, 0x0000000082400000|100%| O|  |TAMS 0x0000000082400000, 0x0000000082300000| Untracked 
|  36|0x0000000082400000, 0x0000000082500000, 0x0000000082500000|100%| O|  |TAMS 0x0000000082500000, 0x0000000082400000| Untracked 
|  37|0x0000000082500000, 0x0000000082600000, 0x0000000082600000|100%| O|  |TAMS 0x0000000082600000, 0x0000000082500000| Untracked 
|  38|0x0000000082600000, 0x0000000082700000, 0x0000000082700000|100%| O|  |TAMS 0x0000000082700000, 0x0000000082600000| Untracked 
|  39|0x0000000082700000, 0x0000000082800000, 0x0000000082800000|100%| O|  |TAMS 0x0000000082800000, 0x0000000082700000| Untracked 
|  40|0x0000000082800000, 0x0000000082900000, 0x0000000082900000|100%| O|  |TAMS 0x0000000082900000, 0x0000000082800000| Untracked 
|  41|0x0000000082900000, 0x0000000082a00000, 0x0000000082a00000|100%| O|  |TAMS 0x0000000082a00000, 0x0000000082900000| Untracked 
|  42|0x0000000082a00000, 0x0000000082b00000, 0x0000000082b00000|100%| O|  |TAMS 0x0000000082b00000, 0x0000000082a00000| Untracked 
|  43|0x0000000082b00000, 0x0000000082c00000, 0x0000000082c00000|100%| O|  |TAMS 0x0000000082c00000, 0x0000000082b00000| Untracked 
|  44|0x0000000082c00000, 0x0000000082d00000, 0x0000000082d00000|100%| O|  |TAMS 0x0000000082d00000, 0x0000000082c00000| Untracked 
|  45|0x0000000082d00000, 0x0000000082e00000, 0x0000000082e00000|100%| O|  |TAMS 0x0000000082e00000, 0x0000000082d00000| Untracked 
|  46|0x0000000082e00000, 0x0000000082f00000, 0x0000000082f00000|100%| O|  |TAMS 0x0000000082f00000, 0x0000000082e00000| Untracked 
|  47|0x0000000082f00000, 0x0000000083000000, 0x0000000083000000|100%| O|  |TAMS 0x0000000083000000, 0x0000000082f00000| Untracked 
|  48|0x0000000083000000, 0x0000000083100000, 0x0000000083100000|100%| O|  |TAMS 0x0000000083100000, 0x0000000083000000| Untracked 
|  49|0x0000000083100000, 0x0000000083200000, 0x0000000083200000|100%| O|  |TAMS 0x0000000083200000, 0x0000000083100000| Untracked 
|  50|0x0000000083200000, 0x0000000083300000, 0x0000000083300000|100%| O|  |TAMS 0x0000000083300000, 0x0000000083200000| Untracked 
|  51|0x0000000083300000, 0x0000000083400000, 0x0000000083400000|100%| O|  |TAMS 0x0000000083400000, 0x0000000083300000| Untracked 
|  52|0x0000000083400000, 0x0000000083500000, 0x0000000083500000|100%| O|  |TAMS 0x0000000083500000, 0x0000000083400000| Untracked 
|  53|0x0000000083500000, 0x0000000083600000, 0x0000000083600000|100%| O|  |TAMS 0x0000000083600000, 0x0000000083500000| Untracked 
|  54|0x0000000083600000, 0x0000000083700000, 0x0000000083700000|100%| O|  |TAMS 0x0000000083700000, 0x0000000083600000| Untracked 
|  55|0x0000000083700000, 0x0000000083800000, 0x0000000083800000|100%| O|  |TAMS 0x0000000083800000, 0x0000000083700000| Untracked 
|  56|0x0000000083800000, 0x0000000083900000, 0x0000000083900000|100%| O|  |TAMS 0x0000000083900000, 0x0000000083800000| Untracked 
|  57|0x0000000083900000, 0x0000000083a00000, 0x0000000083a00000|100%| O|  |TAMS 0x0000000083a00000, 0x0000000083900000| Untracked 
|  58|0x0000000083a00000, 0x0000000083b00000, 0x0000000083b00000|100%| O|  |TAMS 0x0000000083b00000, 0x0000000083a00000| Untracked 
|  59|0x0000000083b00000, 0x0000000083c00000, 0x0000000083c00000|100%| O|  |TAMS 0x0000000083c00000, 0x0000000083b00000| Untracked 
|  60|0x0000000083c00000, 0x0000000083d00000, 0x0000000083d00000|100%| O|  |TAMS 0x0000000083d00000, 0x0000000083c00000| Untracked 
|  61|0x0000000083d00000, 0x0000000083e00000, 0x0000000083e00000|100%| O|  |TAMS 0x0000000083e00000, 0x0000000083d00000| Untracked 
|  62|0x0000000083e00000, 0x0000000083f00000, 0x0000000083f00000|100%| O|  |TAMS 0x0000000083f00000, 0x0000000083e00000| Untracked 
|  63|0x0000000083f00000, 0x0000000084000000, 0x0000000084000000|100%| O|  |TAMS 0x0000000084000000, 0x0000000083f00000| Untracked 
|  64|0x0000000084000000, 0x0000000084100000, 0x0000000084100000|100%| O|  |TAMS 0x0000000084100000, 0x0000000084000000| Untracked 
|  65|0x0000000084100000, 0x0000000084200000, 0x0000000084200000|100%| O|  |TAMS 0x0000000084200000, 0x0000000084100000| Untracked 
|  66|0x0000000084200000, 0x0000000084300000, 0x0000000084300000|100%| O|  |TAMS 0x0000000084300000, 0x0000000084200000| Untracked 
|  67|0x0000000084300000, 0x0000000084400000, 0x0000000084400000|100%| O|  |TAMS 0x0000000084400000, 0x0000000084300000| Untracked 
|  68|0x0000000084400000, 0x0000000084500000, 0x0000000084500000|100%| O|  |TAMS 0x0000000084500000, 0x0000000084400000| Untracked 
|  69|0x0000000084500000, 0x0000000084600000, 0x0000000084600000|100%| O|  |TAMS 0x0000000084600000, 0x0000000084500000| Untracked 
|  70|0x0000000084600000, 0x0000000084700000, 0x0000000084700000|100%| O|  |TAMS 0x0000000084700000, 0x0000000084600000| Untracked 
|  71|0x0000000084700000, 0x0000000084800000, 0x0000000084800000|100%| O|  |TAMS 0x0000000084800000, 0x0000000084700000| Untracked 
|  72|0x0000000084800000, 0x0000000084900000, 0x0000000084900000|100%| O|  |TAMS 0x0000000084900000, 0x0000000084800000| Untracked 
|  73|0x0000000084900000, 0x0000000084a00000, 0x0000000084a00000|100%| O|  |TAMS 0x0000000084a00000, 0x0000000084900000| Untracked 
|  74|0x0000000084a00000, 0x0000000084b00000, 0x0000000084b00000|100%| O|  |TAMS 0x0000000084ad7400, 0x0000000084a00000| Untracked 
|  75|0x0000000084b00000, 0x0000000084c00000, 0x0000000084c00000|100%| O|  |TAMS 0x0000000084b00000, 0x0000000084b00000| Untracked 
|  76|0x0000000084c00000, 0x0000000084d00000, 0x0000000084d00000|100%| O|  |TAMS 0x0000000084c00000, 0x0000000084c00000| Untracked 
|  77|0x0000000084d00000, 0x0000000084e00000, 0x0000000084e00000|100%| O|  |TAMS 0x0000000084d00000, 0x0000000084d00000| Untracked 
|  78|0x0000000084e00000, 0x0000000084f00000, 0x0000000084f00000|100%| O|  |TAMS 0x0000000084e00000, 0x0000000084e00000| Untracked 
|  79|0x0000000084f00000, 0x0000000084f8aa00, 0x0000000085000000| 54%| O|  |TAMS 0x0000000084f00000, 0x0000000084f00000| Untracked 
|  80|0x0000000085000000, 0x0000000085000000, 0x0000000085100000|  0%| F|  |TAMS 0x0000000085000000, 0x0000000085000000| Untracked 
|  81|0x0000000085100000, 0x0000000085100000, 0x0000000085200000|  0%| F|  |TAMS 0x0000000085100000, 0x0000000085100000| Untracked 
|  82|0x0000000085200000, 0x0000000085200000, 0x0000000085300000|  0%| F|  |TAMS 0x0000000085200000, 0x0000000085200000| Untracked 
|  83|0x0000000085300000, 0x0000000085300000, 0x0000000085400000|  0%| F|  |TAMS 0x0000000085300000, 0x0000000085300000| Untracked 
|  84|0x0000000085400000, 0x0000000085400000, 0x0000000085500000|  0%| F|  |TAMS 0x0000000085400000, 0x0000000085400000| Untracked 
|  85|0x0000000085500000, 0x0000000085500000, 0x0000000085600000|  0%| F|  |TAMS 0x0000000085500000, 0x0000000085500000| Untracked 
|  86|0x0000000085600000, 0x0000000085600000, 0x0000000085700000|  0%| F|  |TAMS 0x0000000085600000, 0x0000000085600000| Untracked 
|  87|0x0000000085700000, 0x0000000085700000, 0x0000000085800000|  0%| F|  |TAMS 0x0000000085700000, 0x0000000085700000| Untracked 
|  88|0x0000000085800000, 0x0000000085800000, 0x0000000085900000|  0%| F|  |TAMS 0x0000000085800000, 0x0000000085800000| Untracked 
|  89|0x0000000085900000, 0x0000000085900000, 0x0000000085a00000|  0%| F|  |TAMS 0x0000000085900000, 0x0000000085900000| Untracked 
|  90|0x0000000085a00000, 0x0000000085a00000, 0x0000000085b00000|  0%| F|  |TAMS 0x0000000085a00000, 0x0000000085a00000| Untracked 
|  91|0x0000000085b00000, 0x0000000085b00000, 0x0000000085c00000|  0%| F|  |TAMS 0x0000000085b00000, 0x0000000085b00000| Untracked 
|  92|0x0000000085c00000, 0x0000000085c00000, 0x0000000085d00000|  0%| F|  |TAMS 0x0000000085c00000, 0x0000000085c00000| Untracked 
|  93|0x0000000085d00000, 0x0000000085d00000, 0x0000000085e00000|  0%| F|  |TAMS 0x0000000085d00000, 0x0000000085d00000| Untracked 
|  94|0x0000000085e00000, 0x0000000085e00000, 0x0000000085f00000|  0%| F|  |TAMS 0x0000000085e00000, 0x0000000085e00000| Untracked 
|  95|0x0000000085f00000, 0x0000000085f00000, 0x0000000086000000|  0%| F|  |TAMS 0x0000000085f00000, 0x0000000085f00000| Untracked 
|  96|0x0000000086000000, 0x0000000086000000, 0x0000000086100000|  0%| F|  |TAMS 0x0000000086000000, 0x0000000086000000| Untracked 
|  97|0x0000000086100000, 0x0000000086100000, 0x0000000086200000|  0%| F|  |TAMS 0x0000000086100000, 0x0000000086100000| Untracked 
|  98|0x0000000086200000, 0x0000000086200000, 0x0000000086300000|  0%| F|  |TAMS 0x0000000086200000, 0x0000000086200000| Untracked 
|  99|0x0000000086300000, 0x0000000086300000, 0x0000000086400000|  0%| F|  |TAMS 0x0000000086300000, 0x0000000086300000| Untracked 
| 100|0x0000000086400000, 0x0000000086400000, 0x0000000086500000|  0%| F|  |TAMS 0x0000000086400000, 0x0000000086400000| Untracked 
| 101|0x0000000086500000, 0x0000000086500000, 0x0000000086600000|  0%| F|  |TAMS 0x0000000086500000, 0x0000000086500000| Untracked 
| 102|0x0000000086600000, 0x0000000086600000, 0x0000000086700000|  0%| F|  |TAMS 0x0000000086600000, 0x0000000086600000| Untracked 
| 103|0x0000000086700000, 0x0000000086700000, 0x0000000086800000|  0%| F|  |TAMS 0x0000000086700000, 0x0000000086700000| Untracked 
| 104|0x0000000086800000, 0x0000000086800000, 0x0000000086900000|  0%| F|  |TAMS 0x0000000086800000, 0x0000000086800000| Untracked 
| 105|0x0000000086900000, 0x0000000086900000, 0x0000000086a00000|  0%| F|  |TAMS 0x0000000086900000, 0x0000000086900000| Untracked 
| 106|0x0000000086a00000, 0x0000000086ad1758, 0x0000000086b00000| 81%| S|CS|TAMS 0x0000000086a00000, 0x0000000086a00000| Complete 
| 107|0x0000000086b00000, 0x0000000086c00000, 0x0000000086c00000|100%| S|CS|TAMS 0x0000000086b00000, 0x0000000086b00000| Complete 
| 108|0x0000000086c00000, 0x0000000086d00000, 0x0000000086d00000|100%| S|CS|TAMS 0x0000000086c00000, 0x0000000086c00000| Complete 
| 109|0x0000000086d00000, 0x0000000086d00000, 0x0000000086e00000|  0%| F|  |TAMS 0x0000000086d00000, 0x0000000086d00000| Untracked 
| 110|0x0000000086e00000, 0x0000000086e00000, 0x0000000086f00000|  0%| F|  |TAMS 0x0000000086e00000, 0x0000000086e00000| Untracked 
| 111|0x0000000086f00000, 0x0000000086f00000, 0x0000000087000000|  0%| F|  |TAMS 0x0000000086f00000, 0x0000000086f00000| Untracked 
| 112|0x0000000087000000, 0x0000000087000000, 0x0000000087100000|  0%| F|  |TAMS 0x0000000087000000, 0x0000000087000000| Untracked 
| 113|0x0000000087100000, 0x0000000087100000, 0x0000000087200000|  0%| F|  |TAMS 0x0000000087100000, 0x0000000087100000| Untracked 
| 114|0x0000000087200000, 0x0000000087200000, 0x0000000087300000|  0%| F|  |TAMS 0x0000000087200000, 0x0000000087200000| Untracked 
| 115|0x0000000087300000, 0x0000000087300000, 0x0000000087400000|  0%| F|  |TAMS 0x0000000087300000, 0x0000000087300000| Untracked 
| 116|0x0000000087400000, 0x0000000087432370, 0x0000000087500000| 19%| E|  |TAMS 0x0000000087400000, 0x0000000087400000| Complete 
| 117|0x0000000087500000, 0x0000000087600000, 0x0000000087600000|100%| E|CS|TAMS 0x0000000087500000, 0x0000000087500000| Complete 
| 118|0x0000000087600000, 0x0000000087700000, 0x0000000087700000|100%| E|CS|TAMS 0x0000000087600000, 0x0000000087600000| Complete 
| 119|0x0000000087700000, 0x0000000087800000, 0x0000000087800000|100%| E|CS|TAMS 0x0000000087700000, 0x0000000087700000| Complete 
| 120|0x0000000087800000, 0x0000000087900000, 0x0000000087900000|100%| E|CS|TAMS 0x0000000087800000, 0x0000000087800000| Complete 
| 121|0x0000000087900000, 0x0000000087a00000, 0x0000000087a00000|100%| E|CS|TAMS 0x0000000087900000, 0x0000000087900000| Complete 
| 122|0x0000000087a00000, 0x0000000087b00000, 0x0000000087b00000|100%| E|CS|TAMS 0x0000000087a00000, 0x0000000087a00000| Complete 
| 123|0x0000000087b00000, 0x0000000087c00000, 0x0000000087c00000|100%| E|CS|TAMS 0x0000000087b00000, 0x0000000087b00000| Complete 
| 124|0x0000000087c00000, 0x0000000087d00000, 0x0000000087d00000|100%| E|CS|TAMS 0x0000000087c00000, 0x0000000087c00000| Complete 
| 125|0x0000000087d00000, 0x0000000087e00000, 0x0000000087e00000|100%| E|CS|TAMS 0x0000000087d00000, 0x0000000087d00000| Complete 
| 126|0x0000000087e00000, 0x0000000087f00000, 0x0000000087f00000|100%| E|CS|TAMS 0x0000000087e00000, 0x0000000087e00000| Complete 
| 127|0x0000000087f00000, 0x0000000088000000, 0x0000000088000000|100%| E|CS|TAMS 0x0000000087f00000, 0x0000000087f00000| Complete 
| 128|0x0000000088000000, 0x0000000088100000, 0x0000000088100000|100%| E|CS|TAMS 0x0000000088000000, 0x0000000088000000| Complete 
| 129|0x0000000088100000, 0x0000000088200000, 0x0000000088200000|100%| E|CS|TAMS 0x0000000088100000, 0x0000000088100000| Complete 
| 130|0x0000000088200000, 0x0000000088300000, 0x0000000088300000|100%| E|CS|TAMS 0x0000000088200000, 0x0000000088200000| Complete 
| 131|0x0000000088300000, 0x0000000088400000, 0x0000000088400000|100%| E|CS|TAMS 0x0000000088300000, 0x0000000088300000| Complete 
| 132|0x0000000088400000, 0x0000000088500000, 0x0000000088500000|100%| E|CS|TAMS 0x0000000088400000, 0x0000000088400000| Complete 
| 133|0x0000000088500000, 0x0000000088600000, 0x0000000088600000|100%| E|CS|TAMS 0x0000000088500000, 0x0000000088500000| Complete 
| 134|0x0000000088600000, 0x0000000088700000, 0x0000000088700000|100%| E|  |TAMS 0x0000000088600000, 0x0000000088600000| Complete 
| 135|0x0000000088700000, 0x0000000088800000, 0x0000000088800000|100%| E|CS|TAMS 0x0000000088700000, 0x0000000088700000| Complete 
| 136|0x0000000088800000, 0x0000000088900000, 0x0000000088900000|100%| E|CS|TAMS 0x0000000088800000, 0x0000000088800000| Complete 
| 137|0x0000000088900000, 0x0000000088a00000, 0x0000000088a00000|100%| E|CS|TAMS 0x0000000088900000, 0x0000000088900000| Complete 
| 138|0x0000000088a00000, 0x0000000088b00000, 0x0000000088b00000|100%| E|CS|TAMS 0x0000000088a00000, 0x0000000088a00000| Complete 
| 139|0x0000000088b00000, 0x0000000088c00000, 0x0000000088c00000|100%| E|CS|TAMS 0x0000000088b00000, 0x0000000088b00000| Complete 
| 140|0x0000000088c00000, 0x0000000088d00000, 0x0000000088d00000|100%| E|CS|TAMS 0x0000000088c00000, 0x0000000088c00000| Complete 
| 141|0x0000000088d00000, 0x0000000088e00000, 0x0000000088e00000|100%| E|CS|TAMS 0x0000000088d00000, 0x0000000088d00000| Complete 
| 142|0x0000000088e00000, 0x0000000088f00000, 0x0000000088f00000|100%| E|CS|TAMS 0x0000000088e00000, 0x0000000088e00000| Complete 
| 143|0x0000000088f00000, 0x0000000089000000, 0x0000000089000000|100%| E|CS|TAMS 0x0000000088f00000, 0x0000000088f00000| Complete 
| 144|0x0000000089000000, 0x0000000089100000, 0x0000000089100000|100%| E|CS|TAMS 0x0000000089000000, 0x0000000089000000| Complete 
| 145|0x0000000089100000, 0x0000000089200000, 0x0000000089200000|100%| E|CS|TAMS 0x0000000089100000, 0x0000000089100000| Complete 
| 146|0x0000000089200000, 0x0000000089300000, 0x0000000089300000|100%| E|CS|TAMS 0x0000000089200000, 0x0000000089200000| Complete 
| 147|0x0000000089300000, 0x0000000089400000, 0x0000000089400000|100%| E|CS|TAMS 0x0000000089300000, 0x0000000089300000| Complete 
| 148|0x0000000089400000, 0x0000000089500000, 0x0000000089500000|100%| E|CS|TAMS 0x0000000089400000, 0x0000000089400000| Complete 
| 149|0x0000000089500000, 0x0000000089600000, 0x0000000089600000|100%| E|CS|TAMS 0x0000000089500000, 0x0000000089500000| Complete 
| 150|0x0000000089600000, 0x0000000089700000, 0x0000000089700000|100%| E|CS|TAMS 0x0000000089600000, 0x0000000089600000| Complete 
| 151|0x0000000089700000, 0x0000000089800000, 0x0000000089800000|100%| E|CS|TAMS 0x0000000089700000, 0x0000000089700000| Complete 
| 152|0x0000000089800000, 0x0000000089900000, 0x0000000089900000|100%| E|CS|TAMS 0x0000000089800000, 0x0000000089800000| Complete 
| 153|0x0000000089900000, 0x0000000089a00000, 0x0000000089a00000|100%| E|CS|TAMS 0x0000000089900000, 0x0000000089900000| Complete 

Card table byte_map: [0x0000025e6df40000,0x0000025e6e340000] _byte_map_base: 0x0000025e6db40000

Marking Bits (Prev, Next): (CMBitMap*) 0x0000025e5a77bee8, (CMBitMap*) 0x0000025e5a77bf20
 Prev Bits: [0x0000025e6e740000, 0x0000025e70740000)
 Next Bits: [0x0000025e70740000, 0x0000025e72740000)

Polling page: 0x0000025e58f50000

Metaspace:

Usage:
  Non-class:     88.41 MB capacity,    86.54 MB ( 98%) used,     1.53 MB (  2%) free+waste,   340.25 KB ( <1%) overhead. 
      Class:     14.34 MB capacity,    13.20 MB ( 92%) used,  1005.63 KB (  7%) free+waste,   160.63 KB (  1%) overhead. 
       Both:    102.75 MB capacity,    99.75 MB ( 97%) used,     2.51 MB (  2%) free+waste,   500.88 KB ( <1%) overhead. 

Virtual space:
  Non-class space:       90.00 MB reserved,      88.50 MB ( 98%) committed 
      Class space:        1.00 GB reserved,      14.38 MB (  1%) committed 
             Both:        1.09 GB reserved,     102.88 MB (  9%) committed 

Chunk freelists:
   Non-Class:  33.00 KB
       Class:  1.00 KB
        Both:  34.00 KB

MaxMetaspaceSize: 17179869184.00 GB
CompressedClassSpaceSize: 1.00 GB

CodeHeap 'non-profiled nmethods': size=120000Kb used=7193Kb max_used=7193Kb free=112807Kb
 bounds [0x0000025e65b90000, 0x0000025e662a0000, 0x0000025e6d0c0000]
CodeHeap 'profiled nmethods': size=120000Kb used=23102Kb max_used=23102Kb free=96897Kb
 bounds [0x0000025e5e660000, 0x0000025e5fd00000, 0x0000025e65b90000]
CodeHeap 'non-nmethods': size=5760Kb used=2326Kb max_used=2390Kb free=3433Kb
 bounds [0x0000025e5e0c0000, 0x0000025e5e330000, 0x0000025e5e660000]
 total_blobs=11948 nmethods=10998 adapters=860
 compilation: enabled
              stopped_count=0, restarted_count=0
 full_count=0

Compilation events (20 events):
Event: 32.247 Thread 0x0000025e75aaf000 nmethod 11204 0x0000025e5fcbfc10 code [0x0000025e5fcbfdc0, 0x0000025e5fcbff88]
Event: 32.247 Thread 0x0000025e75aaf000 11205       3       com.android.tools.r8.dex.m::b (8 bytes)
Event: 32.247 Thread 0x0000025e75aaf000 nmethod 11205 0x0000025e5fcc0090 code [0x0000025e5fcc0240, 0x0000025e5fcc03d8]
Event: 32.248 Thread 0x0000025e75aaf000 11207       3       java.util.concurrent.locks.AbstractQueuedSynchronizer::doReleaseShared (79 bytes)
Event: 32.249 Thread 0x0000025e75aaf000 nmethod 11207 0x0000025e5fcc0510 code [0x0000025e5fcc0820, 0x0000025e5fcc1868]
Event: 32.252 Thread 0x0000025e767f8000 11208   !   4       org.gradle.cache.internal.LockOnDemandCrossProcessCacheAccess::incrementLockCount (193 bytes)
Event: 32.254 Thread 0x0000025e75aaf000 11209       1       org.gradle.internal.fingerprint.impl.DefaultFileSystemLocationFingerprint::getNormalizedContentHash (5 bytes)
Event: 32.255 Thread 0x0000025e75aaf000 nmethod 11209 0x0000025e6628ed90 code [0x0000025e6628ef40, 0x0000025e6628eff8]
Event: 32.255 Thread 0x0000025e75aaf000 11211       1       org.gradle.internal.build.event.types.DefaultTaskDescriptor::getDisplayName (5 bytes)
Event: 32.256 Thread 0x0000025e75aaf000 nmethod 11211 0x0000025e6628f090 code [0x0000025e6628f240, 0x0000025e6628f2f8]
Event: 32.256 Thread 0x0000025e75aaf000 11212       1       java.util.concurrent.atomic.AtomicReference::set (6 bytes)
Event: 32.256 Thread 0x0000025e75aaf000 nmethod 11212 0x0000025e6628f390 code [0x0000025e6628f540, 0x0000025e6628f658]
Event: 32.256 Thread 0x0000025e75aaf000 11214       3       com.google.common.collect.ImmutableSortedSet::naturalOrder (11 bytes)
Event: 32.256 Thread 0x0000025e75aaf000 nmethod 11214 0x0000025e5fcc1e10 code [0x0000025e5fcc2020, 0x0000025e5fcc25e8]
Event: 32.256 Thread 0x0000025e75aaf000 11215       3       java.util.stream.ReferencePipeline::findFirst (12 bytes)
Event: 32.257 Thread 0x0000025e75aaf000 nmethod 11215 0x0000025e5fcc2810 code [0x0000025e5fcc29e0, 0x0000025e5fcc2c88]
Event: 32.257 Thread 0x0000025e75aaf000 11216       3       java.util.stream.FindOps::makeRef (14 bytes)
Event: 32.257 Thread 0x0000025e75aaf000 nmethod 11216 0x0000025e5fcc2d90 code [0x0000025e5fcc2f40, 0x0000025e5fcc3098]
Event: 32.258 Thread 0x0000025e767f7000 nmethod 11194 0x0000025e6628f710 code [0x0000025e6628f960, 0x0000025e662904f0]
Event: 32.258 Thread 0x0000025e767f7000 11213       4       java.io.ObjectOutputStream$HandleTable::insert (39 bytes)

GC Heap History (20 events):
Event: 12.404 GC heap before
{Heap before GC invocations=15 (full 0):
 garbage-first heap   total 131072K, used 103271K [0x0000000080000000, 0x0000000100000000)
  region size 1024K, 56 young (57344K), 7 survivors (7168K)
 Metaspace       used 65434K, capacity 67069K, committed 67328K, reserved 1107968K
  class space    used 8250K, capacity 8887K, committed 8960K, reserved 1048576K
}
Event: 12.415 GC heap after
{Heap after GC invocations=16 (full 0):
 garbage-first heap   total 131072K, used 57353K [0x0000000080000000, 0x0000000100000000)
  region size 1024K, 5 young (5120K), 5 survivors (5120K)
 Metaspace       used 65434K, capacity 67069K, committed 67328K, reserved 1107968K
  class space    used 8250K, capacity 8887K, committed 8960K, reserved 1048576K
}
Event: 13.210 GC heap before
{Heap before GC invocations=16 (full 0):
 garbage-first heap   total 131072K, used 104457K [0x0000000080000000, 0x0000000100000000)
  region size 1024K, 51 young (52224K), 5 survivors (5120K)
 Metaspace       used 71927K, capacity 73586K, committed 73728K, reserved 1114112K
  class space    used 9235K, capacity 9860K, committed 9984K, reserved 1048576K
}
Event: 13.217 GC heap after
{Heap after GC invocations=17 (full 0):
 garbage-first heap   total 131072K, used 60214K [0x0000000080000000, 0x0000000100000000)
  region size 1024K, 3 young (3072K), 3 survivors (3072K)
 Metaspace       used 71927K, capacity 73586K, committed 73728K, reserved 1114112K
  class space    used 9235K, capacity 9860K, committed 9984K, reserved 1048576K
}
Event: 13.838 GC heap before
{Heap before GC invocations=17 (full 0):
 garbage-first heap   total 131072K, used 106294K [0x0000000080000000, 0x0000000100000000)
  region size 1024K, 48 young (49152K), 3 survivors (3072K)
 Metaspace       used 76040K, capacity 77828K, committed 77952K, reserved 1116160K
  class space    used 9877K, capacity 10535K, committed 10624K, reserved 1048576K
}
Event: 13.845 GC heap after
{Heap after GC invocations=18 (full 0):
 garbage-first heap   total 131072K, used 62340K [0x0000000080000000, 0x0000000100000000)
  region size 1024K, 6 young (6144K), 6 survivors (6144K)
 Metaspace       used 76040K, capacity 77828K, committed 77952K, reserved 1116160K
  class space    used 9877K, capacity 10535K, committed 10624K, reserved 1048576K
}
Event: 14.518 GC heap before
{Heap before GC invocations=18 (full 0):
 garbage-first heap   total 131072K, used 106372K [0x0000000080000000, 0x0000000100000000)
  region size 1024K, 50 young (51200K), 6 survivors (6144K)
 Metaspace       used 80423K, capacity 82257K, committed 82304K, reserved 1120256K
  class space    used 10417K, capacity 11136K, committed 11136K, reserved 1048576K
}
Event: 14.528 GC heap after
{Heap after GC invocations=19 (full 0):
 garbage-first heap   total 131072K, used 65403K [0x0000000080000000, 0x0000000100000000)
  region size 1024K, 6 young (6144K), 6 survivors (6144K)
 Metaspace       used 80423K, capacity 82257K, committed 82304K, reserved 1120256K
  class space    used 10417K, capacity 11136K, committed 11136K, reserved 1048576K
}
Event: 15.154 GC heap before
{Heap before GC invocations=19 (full 0):
 garbage-first heap   total 131072K, used 106363K [0x0000000080000000, 0x0000000100000000)
  region size 1024K, 47 young (48128K), 6 survivors (6144K)
 Metaspace       used 82221K, capacity 84366K, committed 84608K, reserved 1122304K
  class space    used 10698K, capacity 11528K, committed 11648K, reserved 1048576K
}
Event: 15.169 GC heap after
{Heap after GC invocations=20 (full 0):
 garbage-first heap   total 131072K, used 68462K [0x0000000080000000, 0x0000000100000000)
  region size 1024K, 6 young (6144K), 6 survivors (6144K)
 Metaspace       used 82221K, capacity 84366K, committed 84608K, reserved 1122304K
  class space    used 10698K, capacity 11528K, committed 11648K, reserved 1048576K
}
Event: 15.699 GC heap before
{Heap before GC invocations=21 (full 0):
 garbage-first heap   total 131072K, used 108398K [0x0000000080000000, 0x0000000100000000)
  region size 1024K, 46 young (47104K), 6 survivors (6144K)
 Metaspace       used 82648K, capacity 84797K, committed 85120K, reserved 1122304K
  class space    used 10718K, capacity 11547K, committed 11648K, reserved 1048576K
}
Event: 15.710 GC heap after
{Heap after GC invocations=22 (full 0):
 garbage-first heap   total 157696K, used 71393K [0x0000000080000000, 0x0000000100000000)
  region size 1024K, 6 young (6144K), 6 survivors (6144K)
 Metaspace       used 82648K, capacity 84797K, committed 85120K, reserved 1122304K
  class space    used 10718K, capacity 11547K, committed 11648K, reserved 1048576K
}
Event: 16.250 GC heap before
{Heap before GC invocations=22 (full 0):
 garbage-first heap   total 157696K, used 121569K [0x0000000080000000, 0x0000000100000000)
  region size 1024K, 56 young (57344K), 6 survivors (6144K)
 Metaspace       used 85310K, capacity 87478K, committed 87808K, reserved 1124352K
  class space    used 11057K, capacity 11911K, committed 12032K, reserved 1048576K
}
Event: 16.257 GC heap after
{Heap after GC invocations=23 (full 0):
 garbage-first heap   total 157696K, used 73158K [0x0000000080000000, 0x0000000100000000)
  region size 1024K, 5 young (5120K), 5 survivors (5120K)
 Metaspace       used 85310K, capacity 87478K, committed 87808K, reserved 1124352K
  class space    used 11057K, capacity 11911K, committed 12032K, reserved 1048576K
}
Event: 16.928 GC heap before
{Heap before GC invocations=23 (full 0):
 garbage-first heap   total 157696K, used 124358K [0x0000000080000000, 0x0000000100000000)
  region size 1024K, 55 young (56320K), 5 survivors (5120K)
 Metaspace       used 88964K, capacity 91181K, committed 91264K, reserved 1128448K
  class space    used 11529K, capacity 12395K, committed 12416K, reserved 1048576K
}
Event: 16.938 GC heap after
{Heap after GC invocations=24 (full 0):
 garbage-first heap   total 157696K, used 77568K [0x0000000080000000, 0x0000000100000000)
  region size 1024K, 7 young (7168K), 7 survivors (7168K)
 Metaspace       used 88964K, capacity 91181K, committed 91264K, reserved 1128448K
  class space    used 11529K, capacity 12395K, committed 12416K, reserved 1048576K
}
Event: 31.128 GC heap before
{Heap before GC invocations=24 (full 0):
 garbage-first heap   total 157696K, used 125696K [0x0000000080000000, 0x0000000100000000)
  region size 1024K, 55 young (56320K), 7 survivors (7168K)
 Metaspace       used 92536K, capacity 95000K, committed 95232K, reserved 1132544K
  class space    used 12071K, capacity 12999K, committed 13056K, reserved 1048576K
}
Event: 31.145 GC heap after
{Heap after GC invocations=25 (full 0):
 garbage-first heap   total 157696K, used 81667K [0x0000000080000000, 0x0000000100000000)
  region size 1024K, 5 young (5120K), 5 survivors (5120K)
 Metaspace       used 92536K, capacity 95000K, committed 95232K, reserved 1132544K
  class space    used 12071K, capacity 12999K, committed 13056K, reserved 1048576K
}
Event: 31.769 GC heap before
{Heap before GC invocations=26 (full 0):
 garbage-first heap   total 157696K, used 126723K [0x0000000080000000, 0x0000000100000000)
  region size 1024K, 50 young (51200K), 5 survivors (5120K)
 Metaspace       used 95173K, capacity 97627K, committed 97920K, reserved 1134592K
  class space    used 12408K, capacity 13338K, committed 13440K, reserved 1048576K
}
Event: 31.779 GC heap after
{Heap after GC invocations=27 (full 0):
 garbage-first heap   total 157696K, used 84336K [0x0000000080000000, 0x0000000100000000)
  region size 1024K, 3 young (3072K), 3 survivors (3072K)
 Metaspace       used 95173K, capacity 97627K, committed 97920K, reserved 1134592K
  class space    used 12408K, capacity 13338K, committed 13440K, reserved 1048576K
}

Deoptimization events (20 events):
Event: 32.154 Thread 0x0000025e7733e000 DEOPT PACKING pc=0x0000025e66274020 sp=0x0000007fc66fb620
Event: 32.154 Thread 0x0000025e7733e000 DEOPT UNPACKING pc=0x0000025e5e0e74af sp=0x0000007fc66fb5d8 mode 2
Event: 32.157 Thread 0x0000025e767f4000 Uncommon trap: trap_request=0xffffffc6 fr.pc=0x0000025e662022d0 relative=0x00000000000003d0
Event: 32.157 Thread 0x0000025e767f4000 Uncommon trap: reason=bimorphic_or_optimized_type_check action=maybe_recompile pc=0x0000025e662022d0 method=java.util.stream.ReferencePipeline.collect(Ljava/util/stream/Collector;)Ljava/lang/Object; @ 118 c2
Event: 32.157 Thread 0x0000025e767f4000 DEOPT PACKING pc=0x0000025e662022d0 sp=0x0000007fc64fdbe0
Event: 32.157 Thread 0x0000025e767f4000 DEOPT UNPACKING pc=0x0000025e5e0e74af sp=0x0000007fc64fdba8 mode 2
Event: 32.178 Thread 0x0000025e7733e000 Uncommon trap: trap_request=0xffffffc6 fr.pc=0x0000025e662022d0 relative=0x00000000000003d0
Event: 32.178 Thread 0x0000025e7733e000 Uncommon trap: reason=bimorphic_or_optimized_type_check action=maybe_recompile pc=0x0000025e662022d0 method=java.util.stream.ReferencePipeline.collect(Ljava/util/stream/Collector;)Ljava/lang/Object; @ 118 c2
Event: 32.178 Thread 0x0000025e7733e000 DEOPT PACKING pc=0x0000025e662022d0 sp=0x0000007fc66fd6d0
Event: 32.178 Thread 0x0000025e7733e000 DEOPT UNPACKING pc=0x0000025e5e0e74af sp=0x0000007fc66fd698 mode 2
Event: 32.197 Thread 0x0000025e7733e000 Uncommon trap: trap_request=0xffffffbe fr.pc=0x0000025e66286e40 relative=0x0000000000001aa0
Event: 32.197 Thread 0x0000025e7733e000 Uncommon trap: reason=profile_predicate action=maybe_recompile pc=0x0000025e66286e40 method=com.google.common.collect.MapMakerInternalMap$Segment.expand()V @ 56 c2
Event: 32.197 Thread 0x0000025e7733e000 DEOPT PACKING pc=0x0000025e66286e40 sp=0x0000007fc66fb590
Event: 32.197 Thread 0x0000025e7733e000 DEOPT UNPACKING pc=0x0000025e5e0e74af sp=0x0000007fc66fb568 mode 2
Event: 32.226 Thread 0x0000025e767f4000 Uncommon trap: trap_request=0xffffff4d fr.pc=0x0000025e65e0b28c relative=0x000000000000100c
Event: 32.226 Thread 0x0000025e767f4000 Uncommon trap: reason=unstable_if action=reinterpret pc=0x0000025e65e0b28c method=java.util.concurrent.ConcurrentHashMap.get(Ljava/lang/Object;)Ljava/lang/Object; @ 86 c2
Event: 32.226 Thread 0x0000025e767f4000 DEOPT PACKING pc=0x0000025e65e0b28c sp=0x0000007fc64fcc00
Event: 32.226 Thread 0x0000025e767f4000 DEOPT UNPACKING pc=0x0000025e5e0e74af sp=0x0000007fc64fcb40 mode 2
Event: 32.255 Thread 0x0000025e7941c000 DEOPT PACKING pc=0x0000025e5fbf8be4 sp=0x0000007fc54fca40
Event: 32.255 Thread 0x0000025e7941c000 DEOPT UNPACKING pc=0x0000025e5e0e72ce sp=0x0000007fc54fbf48 mode 0

Classes redefined (0 events):
No events

Internal exceptions (20 events):
Event: 31.896 Thread 0x0000025e7733e000 Exception <a 'java/lang/IncompatibleClassChangeError'{0x0000000089499b40}: Found class java.lang.Object, but interface was expected> (0x0000000089499b40) thrown at [./src/hotspot/share/interpreter/linkResolver.cpp, line 839]
Event: 31.896 Thread 0x0000025e767f4000 Exception <a 'java/lang/IncompatibleClassChangeError'{0x000000008949f628}: Found class java.lang.Object, but interface was expected> (0x000000008949f628) thrown at [./src/hotspot/share/interpreter/linkResolver.cpp, line 839]
Event: 31.961 Thread 0x0000025e7733e000 Exception <a 'java/lang/NoSuchMethodError'{0x00000000890db3f8}: 'java.lang.Object java.lang.invoke.DirectMethodHandle$Holder.invokeStatic(java.lang.Object, int, java.lang.Object, java.lang.Object)'> (0x00000000890db3f8) thrown at [./src/hotspot/share/interpreter/linkResolver.cpp, line 773]
Event: 31.961 Thread 0x0000025e767f4000 Exception <a 'java/lang/NoSuchMethodError'{0x00000000890d2f98}: 'java.lang.Object java.lang.invoke.DirectMethodHandle$Holder.invokeStatic(java.lang.Object, int, java.lang.Object, java.lang.Object)'> (0x00000000890d2f98) thrown at [./src/hotspot/share/interpreter/linkResolver.cpp, line 773]
Event: 31.974 Thread 0x0000025e7733e000 Exception <a 'java/lang/NoSuchMethodError'{0x0000000088fc6c30}: 'long java.lang.invoke.DirectMethodHandle$Holder.invokeStatic(java.lang.Object, java.lang.Object)'> (0x0000000088fc6c30) thrown at [./src/hotspot/share/interpreter/linkResolver.cpp, line 773]
Event: 31.974 Thread 0x0000025e767f4000 Exception <a 'java/lang/NoSuchMethodError'{0x0000000088feb090}: 'long java.lang.invoke.DirectMethodHandle$Holder.invokeStatic(java.lang.Object, java.lang.Object)'> (0x0000000088feb090) thrown at [./src/hotspot/share/interpreter/linkResolver.cpp, line 773]
Event: 31.978 Thread 0x0000025e7733e000 Exception <a 'java/lang/NoSuchMethodError'{0x0000000088e20560}: 'void java.lang.invoke.DirectMethodHandle$Holder.invokeSpecial(java.lang.Object, java.lang.Object, int, java.lang.Object)'> (0x0000000088e20560) thrown at [./src/hotspot/share/interpreter/linkResolver.cpp, line 773]
Event: 32.040 Thread 0x0000025e7733e000 Exception <a 'java/lang/NoSuchMethodError'{0x0000000088b55088}: 'java.lang.Object java.lang.invoke.DirectMethodHandle$Holder.invokeVirtual(java.lang.Object, java.lang.Object, int, java.lang.Object)'> (0x0000000088b55088) thrown at [./src/hotspot/share/interpreter/linkResolver.cpp, line 773]
Event: 32.040 Thread 0x0000025e767f4000 Exception <a 'java/lang/NoSuchMethodError'{0x0000000088b57000}: 'java.lang.Object java.lang.invoke.DirectMethodHandle$Holder.invokeVirtual(java.lang.Object, java.lang.Object, int, java.lang.Object)'> (0x0000000088b57000) thrown at [./src/hotspot/share/interpreter/linkResolver.cpp, line 773]
Event: 32.060 Thread 0x0000025e7733e000 Exception <a 'java/lang/NoSuchMethodError'{0x0000000088a769c0}: 'void java.lang.invoke.DirectMethodHandle$Holder.invokeVirtual(java.lang.Object, java.lang.Object, int, java.lang.Object)'> (0x0000000088a769c0) thrown at [./src/hotspot/share/interpreter/linkResolver.cpp, line 773]
Event: 32.104 Thread 0x0000025e767f4000 Exception <a 'java/lang/NoSuchMethodError'{0x000000008871c748}: 'java.lang.Object java.lang.invoke.DirectMethodHandle$Holder.newInvokeSpecial(java.lang.Object, int)'> (0x000000008871c748) thrown at [./src/hotspot/share/interpreter/linkResolver.cpp, line 773]
Event: 32.105 Thread 0x0000025e7733e000 Exception <a 'java/lang/NoSuchMethodError'{0x000000008872b750}: 'java.lang.Object java.lang.invoke.DirectMethodHandle$Holder.newInvokeSpecial(java.lang.Object, int)'> (0x000000008872b750) thrown at [./src/hotspot/share/interpreter/linkResolver.cpp, line 773]
Event: 32.170 Thread 0x0000025e767f4000 Exception <a 'java/lang/NoSuchMethodError'{0x0000000088333568}: 'void java.lang.invoke.DirectMethodHandle$Holder.invokeStatic(java.lang.Object, java.lang.Object, java.lang.Object, java.lang.Object, java.lang.Object, java.lang.Object, java.lang.Object, java.lang.Object, java.lang.Object, java.lang.Object, java.lang.Object)'> (0x0000000088333568) thrown at [./src/hotspot/share/interpreter/linkResolver.cpp, line 773]
Event: 32.171 Thread 0x0000025e767f4000 Exception <a 'java/lang/NoSuchMethodError'{0x000000008833dc40}: 'java.lang.Object java.lang.invoke.DirectMethodHandle$Holder.invokeSpecial(java.lang.Object, java.lang.Object, java.lang.Object, java.lang.Object, java.lang.Object, java.lang.Object, java.lang.Object, java.lang.Object, java.lang.Object, java.lang.Object)'> (0x000000008833dc40) thrown at [./src/hotspot/share/interpreter/linkResolver.cpp, line 773]
Event: 32.171 Thread 0x0000025e767f4000 Exception <a 'java/lang/NoSuchMethodError'{0x000000008834b2c8}: 'java.lang.Object java.lang.invoke.Invokers$Holder.linkToTargetMethod(java.lang.Object, java.lang.Object, java.lang.Object, java.lang.Object, java.lang.Object, java.lang.Object, java.lang.Object, java.lang.Object, java.lang.Object)'> (0x000000008834b2c8) thrown at [./src/hotspot/share/interpreter/linkResolver.cpp, line 773]
Event: 32.226 Thread 0x0000025e767f4000 Exception <a 'java/lang/NoSuchMethodError'{0x0000000087f59080}: 'void java.lang.invoke.DirectMethodHandle$Holder.invokeVirtual(java.lang.Object, java.lang.Object, int)'> (0x0000000087f59080) thrown at [./src/hotspot/share/interpreter/linkResolver.cpp, line 773]
Event: 32.226 Thread 0x0000025e7733e000 Exception <a 'java/lang/NoSuchMethodError'{0x0000000087f6e978}: 'void java.lang.invoke.DirectMethodHandle$Holder.invokeVirtual(java.lang.Object, java.lang.Object, int)'> (0x0000000087f6e978) thrown at [./src/hotspot/share/interpreter/linkResolver.cpp, line 773]
Event: 32.242 Thread 0x0000025e7733e000 Exception <a 'sun/nio/fs/WindowsException'{0x0000000087e59d60}> (0x0000000087e59d60) thrown at [./src/hotspot/share/prims/jni.cpp, line 615]
Event: 32.242 Thread 0x0000025e767f4000 Exception <a 'sun/nio/fs/WindowsException'{0x0000000087e457c8}> (0x0000000087e457c8) thrown at [./src/hotspot/share/prims/jni.cpp, line 615]
Event: 32.246 Thread 0x0000025e767f4000 Exception <a 'sun/nio/fs/WindowsException'{0x0000000087e4c5a0}> (0x0000000087e4c5a0) thrown at [./src/hotspot/share/prims/jni.cpp, line 615]

Events (20 events):
Event: 32.239 loading class com/android/tools/r8/graph/m0
Event: 32.239 loading class com/android/tools/r8/graph/m0 done
Event: 32.239 loading class com/android/tools/r8/dex/r
Event: 32.239 loading class com/android/tools/r8/dex/r done
Event: 32.239 loading class com/android/tools/r8/dex/r
Event: 32.239 loading class com/android/tools/r8/dex/r done
Event: 32.239 loading class com/android/tools/r8/dex/k
Event: 32.239 loading class com/android/tools/r8/dex/k done
Event: 32.240 loading class java/util/zip/Adler32
Event: 32.240 loading class java/util/zip/Adler32 done
Event: 32.241 loading class com/android/tools/r8/dex/r$a
Event: 32.241 loading class com/android/tools/r8/dex/r$a done
Event: 32.241 loading class com/android/tools/r8/ByteDataView
Event: 32.241 loading class com/android/tools/r8/ByteDataView done
Event: 32.242 loading class com/android/tools/r8/s/a/a/d/p
Event: 32.242 loading class com/android/tools/r8/s/a/a/d/p done
Event: 32.242 loading class com/android/tools/r8/s/a/a/d/o
Event: 32.242 loading class com/android/tools/r8/s/a/a/d/o done
Event: 32.243 loading class com/android/tools/r8/s/a/a/d/n
Event: 32.243 loading class com/android/tools/r8/s/a/a/d/n done


Dynamic libraries:
0x00007ff61e4e0000 - 0x00007ff61e4ea000 	C:\Users\Dark Knight\Desktop\Android Studio\jre\bin\java.exe
0x00007ffee3570000 - 0x00007ffee3765000 	C:\WINDOWS\SYSTEM32\ntdll.dll
0x00007ffee15f0000 - 0x00007ffee16ad000 	C:\WINDOWS\System32\KERNEL32.DLL
0x00007ffee12d0000 - 0x00007ffee1599000 	C:\WINDOWS\System32\KERNELBASE.dll
0x00007ffee0cd0000 - 0x00007ffee0dd0000 	C:\WINDOWS\System32\ucrtbase.dll
0x00007ffec8f70000 - 0x00007ffec8f87000 	C:\Users\Dark Knight\Desktop\Android Studio\jre\bin\VCRUNTIME140.dll
0x00007ffebbaa0000 - 0x00007ffebbab9000 	C:\Users\Dark Knight\Desktop\Android Studio\jre\bin\jli.dll
0x00007ffee1f30000 - 0x00007ffee20d0000 	C:\WINDOWS\System32\USER32.dll
0x00007ffee0ca0000 - 0x00007ffee0cc2000 	C:\WINDOWS\System32\win32u.dll
0x00007ffee20d0000 - 0x00007ffee20fa000 	C:\WINDOWS\System32\GDI32.dll
0x00007ffecb000000 - 0x00007ffecb29a000 	C:\WINDOWS\WinSxS\amd64_microsoft.windows.common-controls_6595b64144ccf1df_6.0.19041.1110_none_60b5254171f9507e\COMCTL32.dll
0x00007ffee11c0000 - 0x00007ffee12cb000 	C:\WINDOWS\System32\gdi32full.dll
0x00007ffee32b0000 - 0x00007ffee334e000 	C:\WINDOWS\System32\msvcrt.dll
0x00007ffee0dd0000 - 0x00007ffee0e6d000 	C:\WINDOWS\System32\msvcp_win.dll
0x00007ffee23d0000 - 0x00007ffee2400000 	C:\WINDOWS\System32\IMM32.DLL
0x00007ffea9a60000 - 0x00007ffea9afd000 	C:\Users\Dark Knight\Desktop\Android Studio\jre\bin\msvcp140.dll
0x00007ffe83f00000 - 0x00007ffe849bc000 	C:\Users\Dark Knight\Desktop\Android Studio\jre\bin\server\jvm.dll
0x00007ffee1780000 - 0x00007ffee182c000 	C:\WINDOWS\System32\ADVAPI32.dll
0x00007ffee1830000 - 0x00007ffee18cb000 	C:\WINDOWS\System32\sechost.dll
0x00007ffee3350000 - 0x00007ffee347a000 	C:\WINDOWS\System32\RPCRT4.dll
0x00007ffee2d90000 - 0x00007ffee2d98000 	C:\WINDOWS\System32\PSAPI.DLL
0x00007ffecdba0000 - 0x00007ffecdba9000 	C:\WINDOWS\SYSTEM32\WSOCK32.dll
0x00007ffecb2b0000 - 0x00007ffecb2d7000 	C:\WINDOWS\SYSTEM32\WINMM.dll
0x00007ffed7fc0000 - 0x00007ffed7fca000 	C:\WINDOWS\SYSTEM32\VERSION.dll
0x00007ffee2360000 - 0x00007ffee23cb000 	C:\WINDOWS\System32\WS2_32.dll
0x00007ffedf530000 - 0x00007ffedf542000 	C:\WINDOWS\SYSTEM32\kernel.appcore.dll
0x00007ffeafc50000 - 0x00007ffeafc61000 	C:\Users\Dark Knight\Desktop\Android Studio\jre\bin\verify.dll
0x00007ffedeab0000 - 0x00007ffedec94000 	C:\WINDOWS\SYSTEM32\DBGHELP.DLL
0x00007ffec9830000 - 0x00007ffec985c000 	C:\WINDOWS\SYSTEM32\dbgcore.DLL
0x00007ffee0f70000 - 0x00007ffee0ff3000 	C:\WINDOWS\System32\bcryptPrimitives.dll
0x00007ffe9f600000 - 0x00007ffe9f629000 	C:\Users\Dark Knight\Desktop\Android Studio\jre\bin\java.dll
0x00007ffec2780000 - 0x00007ffec278b000 	C:\Users\Dark Knight\Desktop\Android Studio\jre\bin\jimage.dll
0x00007ffeaf7a0000 - 0x00007ffeaf7b8000 	C:\Users\Dark Knight\Desktop\Android Studio\jre\bin\zip.dll
0x00007ffee25f0000 - 0x00007ffee2d2f000 	C:\WINDOWS\System32\SHELL32.dll
0x00007ffeded90000 - 0x00007ffedf520000 	C:\WINDOWS\SYSTEM32\windows.storage.dll
0x00007ffee2da0000 - 0x00007ffee30f5000 	C:\WINDOWS\System32\combase.dll
0x00007ffee0700000 - 0x00007ffee072c000 	C:\WINDOWS\SYSTEM32\Wldp.dll
0x00007ffee1e80000 - 0x00007ffee1f2e000 	C:\WINDOWS\System32\SHCORE.dll
0x00007ffee2400000 - 0x00007ffee2455000 	C:\WINDOWS\System32\shlwapi.dll
0x00007ffee0be0000 - 0x00007ffee0bff000 	C:\WINDOWS\SYSTEM32\profapi.dll
0x00007ffed8280000 - 0x00007ffed829a000 	C:\Users\Dark Knight\Desktop\Android Studio\jre\bin\net.dll
0x00007ffed5b40000 - 0x00007ffed5c48000 	C:\WINDOWS\SYSTEM32\WINHTTP.dll
0x00007ffee0460000 - 0x00007ffee04ca000 	C:\WINDOWS\system32\mswsock.dll
0x00007ffed8260000 - 0x00007ffed8274000 	C:\Users\Dark Knight\Desktop\Android Studio\jre\bin\nio.dll
0x00007ffeba130000 - 0x00007ffeba157000 	C:\Users\Dark Knight\.gradle\native\8bec1ad78214c89d9ad589b4d07fe93259594b29d510b10fafb7a158f7737e5d\windows-amd64\native-platform.dll
0x00007ffea9dc0000 - 0x00007ffea9efd000 	C:\Users\Dark Knight\.gradle\native\53dbd7edfb1c66fb8903c78663c9afc45aea4f116125fa6feffd364cf09443e8\windows-amd64\native-platform-file-events.dll
0x00007ffedc030000 - 0x00007ffedc03a000 	C:\Users\Dark Knight\Desktop\Android Studio\jre\bin\management.dll
0x00007ffed8250000 - 0x00007ffed825c000 	C:\Users\Dark Knight\Desktop\Android Studio\jre\bin\management_ext.dll
0x00007ffee0650000 - 0x00007ffee0668000 	C:\WINDOWS\SYSTEM32\CRYPTSP.dll
0x00007ffedfd70000 - 0x00007ffedfda4000 	C:\WINDOWS\system32\rsaenh.dll
0x00007ffee15a0000 - 0x00007ffee15c7000 	C:\WINDOWS\System32\bcrypt.dll
0x00007ffee0ba0000 - 0x00007ffee0bce000 	C:\WINDOWS\SYSTEM32\USERENV.dll
0x00007ffee0670000 - 0x00007ffee067c000 	C:\WINDOWS\SYSTEM32\CRYPTBASE.dll
0x00007ffee0100000 - 0x00007ffee013b000 	C:\WINDOWS\SYSTEM32\IPHLPAPI.DLL
0x00007ffee18d0000 - 0x00007ffee18d8000 	C:\WINDOWS\System32\NSI.dll
0x00007ffecfdf0000 - 0x00007ffecfe07000 	C:\WINDOWS\SYSTEM32\dhcpcsvc6.DLL
0x00007ffed0340000 - 0x00007ffed035d000 	C:\WINDOWS\SYSTEM32\dhcpcsvc.DLL
0x00007ffee0140000 - 0x00007ffee020c000 	C:\WINDOWS\SYSTEM32\DNSAPI.dll
0x00007ffeb9fb0000 - 0x00007ffeb9fce000 	C:\Users\Dark Knight\AppData\Local\Temp\native-platform8771045016317873963dir\native-platform.dll
0x00007ffed7930000 - 0x00007ffed7938000 	C:\Users\Dark Knight\Desktop\Android Studio\jre\bin\rmi.dll

dbghelp: loaded successfully - version: 4.0.5 - missing functions: none
symbol engine: initialized successfully - sym options: 0x614 - pdb path: .;C:\Users\Dark Knight\Desktop\Android Studio\jre\bin;C:\WINDOWS\SYSTEM32;C:\WINDOWS\WinSxS\amd64_microsoft.windows.common-controls_6595b64144ccf1df_6.0.19041.1110_none_60b5254171f9507e;C:\Users\Dark Knight\Desktop\Android Studio\jre\bin\server;C:\Users\Dark Knight\.gradle\native\8bec1ad78214c89d9ad589b4d07fe93259594b29d510b10fafb7a158f7737e5d\windows-amd64;C:\Users\Dark Knight\.gradle\native\53dbd7edfb1c66fb8903c78663c9afc45aea4f116125fa6feffd364cf09443e8\windows-amd64;C:\Users\Dark Knight\AppData\Local\Temp\native-platform8771045016317873963dir

VM Arguments:
jvm_args: --add-opens=java.base/java.util=ALL-UNNAMED --add-opens=java.base/java.lang=ALL-UNNAMED --add-opens=java.base/java.lang.invoke=ALL-UNNAMED --add-opens=java.base/java.util=ALL-UNNAMED --add-opens=java.prefs/java.util.prefs=ALL-UNNAMED --add-opens=java.prefs/java.util.prefs=ALL-UNNAMED --add-opens=java.base/java.nio.charset=ALL-UNNAMED --add-opens=java.base/java.net=ALL-UNNAMED --add-opens=java.base/java.util.concurrent.atomic=ALL-UNNAMED -Xmx2048m -Dfile.encoding=UTF-8 -Duser.country=IN -Duser.language=en -Duser.variant 
java_command: org.gradle.launcher.daemon.bootstrap.GradleDaemon 7.0.2
java_class_path (initial): C:\Users\Dark Knight\.gradle\wrapper\dists\gradle-7.0.2-bin\857tjihv64xamwrf0h14cai3r\gradle-7.0.2\lib\gradle-launcher-7.0.2.jar
Launcher Type: SUN_STANDARD

[Global flags]
     intx CICompilerCount                          = 4                                         {product} {ergonomic}
     uint ConcGCThreads                            = 2                                         {product} {ergonomic}
     uint G1ConcRefinementThreads                  = 8                                         {product} {ergonomic}
   size_t G1HeapRegionSize                         = 1048576                                   {product} {ergonomic}
    uintx GCDrainStackTargetSize                   = 64                                        {product} {ergonomic}
   size_t InitialHeapSize                          = 134217728                                 {product} {ergonomic}
   size_t MarkStackSize                            = 4194304                                   {product} {ergonomic}
   size_t MaxHeapSize                              = 2147483648                                {product} {command line}
   size_t MaxNewSize                               = 1287651328                                {product} {ergonomic}
   size_t MinHeapDeltaBytes                        = 1048576                                   {product} {ergonomic}
    uintx NonNMethodCodeHeapSize                   = 5836300                                {pd product} {ergonomic}
    uintx NonProfiledCodeHeapSize                  = 122910970                              {pd product} {ergonomic}
    uintx ProfiledCodeHeapSize                     = 122910970                              {pd product} {ergonomic}
    uintx ReservedCodeCacheSize                    = 251658240                              {pd product} {ergonomic}
     bool SegmentedCodeCache                       = true                                      {product} {ergonomic}
     bool UseCompressedClassPointers               = true                                 {lp64_product} {ergonomic}
     bool UseCompressedOops                        = true                                 {lp64_product} {ergonomic}
     bool UseG1GC                                  = true                                      {product} {ergonomic}
     bool UseLargePagesIndividualAllocation        = false                                  {pd product} {ergonomic}

Logging:
Log output configuration:
 #0: stdout all=warning uptime,level,tags
 #1: stderr all=off uptime,level,tags

Environment Variables:
PATH=C:\Windows\system32;C:\Windows;C:\Windows\System32\Wbem;C:\Windows\System32\WindowsPowerShell\v1.0\;C:\Windows\System32\OpenSSH\;C:\Program Files (x86)\NVIDIA Corporation\PhysX\Common;C:\Program Files\NVIDIA Corporation\NVIDIA NvDLISR;C:\WINDOWS\system32;C:\WINDOWS;C:\WINDOWS\System32\Wbem;C:\WINDOWS\System32\WindowsPowerShell\v1.0\;C:\WINDOWS\System32\OpenSSH\;C:\MinGW\bin;C:\Program Files\MEGA-X;C:\WINDOWS\system32;C:\WINDOWS;C:\WINDOWS\System32\Wbem;C:\WINDOWS\System32\WindowsPowerShell\v1.0\;C:\WINDOWS\System32\OpenSSH\;C:\Program Files\Git\cmd;C:\Users\Dark Knight\AppData\Local\Microsoft\WindowsApps;C:\Users\Dark Knight\AppData\Local\atom\bin;C:\MinGW\bin;C:\Program Files (x86)\Microsoft Visual Studio\2019\BuildTools\MSBuild\Current\Bin;C:\Users\Dark Knight\AppData\Local\Microsoft\WindowsApps
USERNAME=Dark Knight
OS=Windows_NT
PROCESSOR_IDENTIFIER=Intel64 Family 6 Model 158 Stepping 10, GenuineIntel



---------------  S Y S T E M  ---------------

OS: Windows 10 , 64 bit Build 19041 (10.0.19041.1151)
OS uptime: 17 days 0:10 hours

CPU:total 8 (initial active 8) (4 cores per cpu, 2 threads per core) family 6 model 158 stepping 10, cmov, cx8, fxsr, mmx, sse, sse2, sse3, ssse3, sse4.1, sse4.2, popcnt, avx, avx2, aes, clmul, erms, 3dnowpref, lzcnt, ht, tsc, tscinvbit, bmi1, bmi2, adx, fma

Memory: 4k page, system-wide physical 8072M (904M free)
TotalPageFile size 12168M (AvailPageFile size 4M)
current process WorkingSet (physical memory assigned to process): 436M, peak: 436M
current process commit charge ("private bytes"): 473M, peak: 473M

vm_info: OpenJDK 64-Bit Server VM (11.0.8+10-b944.6842174) for windows-amd64 JRE (11.0.8+10-b944.6842174), built on Sep 19 2020 01:11:42 by "builder" with MS VC++ 14.0 (VS2015)

END.
