#
# There is insufficient memory for the Java Runtime Environment to continue.
# Native memory allocation (malloc) failed to allocate 1092816 bytes for Chunk::new
# Possible reasons:
#   The system is out of physical RAM or swap space
#   The process is running with CompressedOops enabled, and the Java Heap may be blocking the growth of the native heap
# Possible solutions:
#   Reduce memory load on the system
#   Increase physical memory or swap space
#   Check if swap backing store is full
#   Decrease Java heap size (-Xmx/-Xms)
#   Decrease number of Java threads
#   Decrease Java thread stack sizes (-Xss)
#   Set larger code cache with -XX:ReservedCodeCacheSize=
#   JVM is running with Unscaled Compressed Oops mode in which the Java heap is
#     placed in the first 4GB address space. The Java Heap base address is the
#     maximum limit for the native heap growth. Please use -XX:HeapBaseMinAddress
#     to set the Java Heap base and to place the Java Heap above 4GB virtual address.
# This output file may be truncated or incomplete.
#
#  Out of Memory Error (./src/hotspot/share/memory/arena.cpp:197), pid=43120, tid=3728
#
# JRE version: OpenJDK Runtime Environment (11.0.8+10) (build 11.0.8+10-b944.6842174)
# Java VM: OpenJDK 64-Bit Server VM (11.0.8+10-b944.6842174, mixed mode, tiered, compressed oops, g1 gc, windows-amd64)
# No core dump will be written. Minidumps are not enabled by default on client versions of Windows
#

---------------  S U M M A R Y ------------

Command Line: --add-opens=java.base/java.util=ALL-UNNAMED --add-opens=java.base/java.lang=ALL-UNNAMED --add-opens=java.base/java.lang.invoke=ALL-UNNAMED --add-opens=java.base/java.util=ALL-UNNAMED --add-opens=java.prefs/java.util.prefs=ALL-UNNAMED --add-opens=java.prefs/java.util.prefs=ALL-UNNAMED --add-opens=java.base/java.nio.charset=ALL-UNNAMED --add-opens=java.base/java.net=ALL-UNNAMED --add-opens=java.base/java.util.concurrent.atomic=ALL-UNNAMED -Xmx2048m -Dfile.encoding=UTF-8 -Duser.country=IN -Duser.language=en -Duser.variant org.gradle.launcher.daemon.bootstrap.GradleDaemon 7.0.2

Host: Intel(R) Core(TM) i5-9300H CPU @ 2.40GHz, 8 cores, 7G,  Windows 10 , 64 bit Build 19041 (10.0.19041.1151)
Time: Mon Aug 30 12:56:33 2021 India Standard Time elapsed time: 17 seconds (0d 0h 0m 17s)

---------------  T H R E A D  ---------------

Current thread (0x000001ddad3ff000):  JavaThread "C2 CompilerThread2" daemon [_thread_in_native, id=3728, stack(0x000000a189200000,0x000000a189300000)]


Current CompileTask:
C2:  17521 11539  s!   4       jdk.internal.loader.URLClassPath::getLoader (194 bytes)

Stack: [0x000000a189200000,0x000000a189300000]
Native frames: (J=compiled Java code, j=interpreted, Vv=VM code, C=native code)
V  [jvm.dll+0x5de50a]
V  [jvm.dll+0x7122f5]
V  [jvm.dll+0x71384d]
V  [jvm.dll+0x713f03]
V  [jvm.dll+0x23e728]
V  [jvm.dll+0xb899c]
V  [jvm.dll+0xb8e9c]
V  [jvm.dll+0x35020b]
V  [jvm.dll+0x193ebc]
V  [jvm.dll+0x1f780e]
V  [jvm.dll+0x1f68d4]
V  [jvm.dll+0x17f32c]
V  [jvm.dll+0x205047]
V  [jvm.dll+0x203891]
V  [jvm.dll+0x6dad3f]
V  [jvm.dll+0x6d3895]
V  [jvm.dll+0x5dd4a6]
C  [ucrtbase.dll+0x21bb2]
C  [KERNEL32.DLL+0x17034]
C  [ntdll.dll+0x52651]


---------------  P R O C E S S  ---------------

Threads class SMR info:
_java_thread_list=0x000001ddb3b6e500, length=71, elements={
0x000001dd8fd8b800, 0x000001ddaa874000, 0x000001ddaa87d000, 0x000001ddaa889800,
0x000001ddaa88a800, 0x000001ddaa88d800, 0x000001ddaa892000, 0x000001ddaa896800,
0x000001ddab35d000, 0x000001ddab366000, 0x000001ddac987000, 0x000001ddab58d000,
0x000001ddacb78800, 0x000001ddacd13000, 0x000001ddab469800, 0x000001ddad1c1800,
0x000001ddad9f5000, 0x000001ddad1ac000, 0x000001ddae915000, 0x000001ddadeef800,
0x000001ddad71b800, 0x000001ddad719000, 0x000001ddad71a000, 0x000001ddae229800,
0x000001ddad71b000, 0x000001ddae59b000, 0x000001ddae59c000, 0x000001ddae599000,
0x000001ddae59d000, 0x000001ddae597000, 0x000001ddae598000, 0x000001ddae599800,
0x000001ddae59a800, 0x000001ddae59d800, 0x000001ddb134d000, 0x000001ddb1350800,
0x000001ddb134e000, 0x000001ddb134e800, 0x000001ddb134f800, 0x000001ddb1351000,
0x000001ddb1352000, 0x000001ddb134c000, 0x000001ddb1355000, 0x000001ddb1353800,
0x000001ddb1353000, 0x000001ddb1354800, 0x000001ddb1356000, 0x000001ddb1357000,
0x000001ddb1357800, 0x000001ddb1358800, 0x000001ddad3ff000, 0x000001ddb1359800,
0x000001ddb12d7800, 0x000001ddadb84000, 0x000001ddadb83000, 0x000001ddadb84800,
0x000001ddadb86800, 0x000001ddadb85800, 0x000001ddadb87000, 0x000001ddadb81800,
0x000001ddadb82800, 0x000001ddadb8b800, 0x000001ddadb89800, 0x000001ddadb8d800,
0x000001ddadb8a800, 0x000001ddadb8d000, 0x000001ddadb88000, 0x000001ddadb8e800,
0x000001ddadb89000, 0x000001ddadb8f800, 0x000001ddadb90000
}

Java Threads: ( => current thread )
  0x000001dd8fd8b800 JavaThread "main" [_thread_blocked, id=19508, stack(0x000000a186500000,0x000000a186600000)]
  0x000001ddaa874000 JavaThread "Reference Handler" daemon [_thread_blocked, id=49136, stack(0x000000a186c00000,0x000000a186d00000)]
  0x000001ddaa87d000 JavaThread "Finalizer" daemon [_thread_blocked, id=42172, stack(0x000000a186d00000,0x000000a186e00000)]
  0x000001ddaa889800 JavaThread "Signal Dispatcher" daemon [_thread_blocked, id=47236, stack(0x000000a186e00000,0x000000a186f00000)]
  0x000001ddaa88a800 JavaThread "Attach Listener" daemon [_thread_blocked, id=43156, stack(0x000000a186f00000,0x000000a187000000)]
  0x000001ddaa88d800 JavaThread "C2 CompilerThread0" daemon [_thread_in_native, id=48784, stack(0x000000a187000000,0x000000a187100000)]
  0x000001ddaa892000 JavaThread "C1 CompilerThread0" daemon [_thread_in_native, id=48628, stack(0x000000a187100000,0x000000a187200000)]
  0x000001ddaa896800 JavaThread "Sweeper thread" daemon [_thread_in_vm, id=36152, stack(0x000000a187200000,0x000000a187300000)]
  0x000001ddab35d000 JavaThread "Common-Cleaner" daemon [_thread_blocked, id=48272, stack(0x000000a187300000,0x000000a187400000)]
  0x000001ddab366000 JavaThread "Service Thread" daemon [_thread_blocked, id=23656, stack(0x000000a187400000,0x000000a187500000)]
  0x000001ddac987000 JavaThread "Daemon health stats" [_thread_blocked, id=35132, stack(0x000000a187a00000,0x000000a187b00000)]
  0x000001ddab58d000 JavaThread "Incoming local TCP Connector on port 58413" [_thread_in_native, id=46632, stack(0x000000a187600000,0x000000a187700000)]
  0x000001ddacb78800 JavaThread "Daemon periodic checks" [_thread_blocked, id=46144, stack(0x000000a187700000,0x000000a187800000)]
  0x000001ddacd13000 JavaThread "Daemon" [_thread_blocked, id=19096, stack(0x000000a187b00000,0x000000a187c00000)]
  0x000001ddab469800 JavaThread "Handler for socket connection from /127.0.0.1:58413 to /127.0.0.1:58414" [_thread_in_native, id=15748, stack(0x000000a187c00000,0x000000a187d00000)]
  0x000001ddad1c1800 JavaThread "Cancel handler" [_thread_blocked, id=35692, stack(0x000000a187d00000,0x000000a187e00000)]
  0x000001ddad9f5000 JavaThread "Daemon worker" [_thread_in_vm, id=47580, stack(0x000000a187e00000,0x000000a187f00000)]
  0x000001ddad1ac000 JavaThread "Asynchronous log dispatcher for DefaultDaemonConnection: socket connection from /127.0.0.1:58413 to /127.0.0.1:58414" [_thread_blocked, id=47672, stack(0x000000a187f00000,0x000000a188000000)]
  0x000001ddae915000 JavaThread "Stdin handler" [_thread_blocked, id=29704, stack(0x000000a188000000,0x000000a188100000)]
  0x000001ddadeef800 JavaThread "Daemon client event forwarder" [_thread_blocked, id=37488, stack(0x000000a188100000,0x000000a188200000)]
  0x000001ddad71b800 JavaThread "Cache worker for file hash cache (C:\Users\Dark Knight\.gradle\caches\7.0.2\fileHashes)" [_thread_blocked, id=43548, stack(0x000000a188700000,0x000000a188800000)]
  0x000001ddad719000 JavaThread "File lock request listener" [_thread_in_native, id=26368, stack(0x000000a188800000,0x000000a188900000)]
  0x000001ddad71a000 JavaThread "Cache worker for journal cache (C:\Users\Dark Knight\.gradle\caches\journal-1)" [_thread_blocked, id=46344, stack(0x000000a188a00000,0x000000a188b00000)]
  0x000001ddae229800 JavaThread "C2 CompilerThread1" daemon [_thread_in_native, id=46940, stack(0x000000a188b00000,0x000000a188c00000)]
  0x000001ddad71b000 JavaThread "Cache worker for file hash cache (C:\Android Projects\Udemy TUTORIAL\7MinuteWorkout2\.gradle\7.0.2\fileHashes)" [_thread_blocked, id=42620, stack(0x000000a188c00000,0x000000a188d00000)]
  0x000001ddae59b000 JavaThread "File watcher server" daemon [_thread_in_native, id=14464, stack(0x000000a188d00000,0x000000a188e00000)]
  0x000001ddae59c000 JavaThread "File watcher consumer" daemon [_thread_blocked, id=43552, stack(0x000000a188e00000,0x000000a188f00000)]
  0x000001ddae599000 JavaThread "Cache worker for checksums cache (C:\Android Projects\Udemy TUTORIAL\7MinuteWorkout2\.gradle\checksums)" [_thread_blocked, id=47488, stack(0x000000a188f00000,0x000000a189000000)]
  0x000001ddae59d000 JavaThread "Cache worker for cache directory md-supplier (C:\Users\Dark Knight\.gradle\caches\7.0.2\md-supplier)" [_thread_blocked, id=40152, stack(0x000000a189000000,0x000000a189100000)]
  0x000001ddae597000 JavaThread "Cache worker for cache directory md-rule (C:\Users\Dark Knight\.gradle\caches\7.0.2\md-rule)" [_thread_blocked, id=33168, stack(0x000000a189100000,0x000000a189200000)]
  0x000001ddae598000 JavaThread "Cache worker for execution history cache (C:\Users\Dark Knight\.gradle\caches\7.0.2\executionHistory)" [_thread_blocked, id=27924, stack(0x000000a189300000,0x000000a189400000)]
  0x000001ddae599800 JavaThread "jar transforms" [_thread_blocked, id=29196, stack(0x000000a189400000,0x000000a189500000)]
  0x000001ddae59a800 JavaThread "jar transforms Thread 2" [_thread_blocked, id=39384, stack(0x000000a189500000,0x000000a189600000)]
  0x000001ddae59d800 JavaThread "Cache worker for file content cache (C:\Users\Dark Knight\.gradle\caches\7.0.2\fileContent)" [_thread_blocked, id=10024, stack(0x000000a189600000,0x000000a189700000)]
  0x000001ddb134d000 JavaThread "Cache worker for dependencies-accessors (C:\Android Projects\Udemy TUTORIAL\7MinuteWorkout2\.gradle\7.0.2\dependencies-accessors)" [_thread_blocked, id=28708, stack(0x000000a189700000,0x000000a189800000)]
  0x000001ddb1350800 JavaThread "jar transforms Thread 3" [_thread_blocked, id=9700, stack(0x000000a189800000,0x000000a189900000)]
  0x000001ddb134e000 JavaThread "Cache worker for Build Output Cleanup Cache (C:\Android Projects\Udemy TUTORIAL\7MinuteWorkout2\.gradle\buildOutputCleanup)" [_thread_blocked, id=47808, stack(0x000000a189900000,0x000000a189a00000)]
  0x000001ddb134e800 JavaThread "Build operations" [_thread_blocked, id=44428, stack(0x000000a189a00000,0x000000a189b00000)]
  0x000001ddb134f800 JavaThread "Build operations Thread 2" [_thread_blocked, id=11680, stack(0x000000a189b00000,0x000000a189c00000)]
  0x000001ddb1351000 JavaThread "Build operations Thread 3" [_thread_blocked, id=3144, stack(0x000000a189c00000,0x000000a189d00000)]
  0x000001ddb1352000 JavaThread "Build operations Thread 4" [_thread_blocked, id=37296, stack(0x000000a189d00000,0x000000a189e00000)]
  0x000001ddb134c000 JavaThread "Build operations Thread 5" [_thread_blocked, id=27632, stack(0x000000a189e00000,0x000000a189f00000)]
  0x000001ddb1355000 JavaThread "Build operations Thread 6" [_thread_blocked, id=40180, stack(0x000000a189f00000,0x000000a18a000000)]
  0x000001ddb1353800 JavaThread "Build operations Thread 7" [_thread_blocked, id=38604, stack(0x000000a18a000000,0x000000a18a100000)]
  0x000001ddb1353000 JavaThread "Build operations Thread 8" [_thread_blocked, id=47640, stack(0x000000a18a100000,0x000000a18a200000)]
  0x000001ddb1354800 JavaThread "jar transforms Thread 4" [_thread_blocked, id=11932, stack(0x000000a18a200000,0x000000a18a300000)]
  0x000001ddb1356000 JavaThread "jar transforms Thread 5" [_thread_blocked, id=45732, stack(0x000000a18a300000,0x000000a18a400000)]
  0x000001ddb1357000 JavaThread "jar transforms Thread 6" [_thread_blocked, id=48904, stack(0x000000a18a400000,0x000000a18a500000)]
  0x000001ddb1357800 JavaThread "jar transforms Thread 7" [_thread_blocked, id=39816, stack(0x000000a18a500000,0x000000a18a600000)]
  0x000001ddb1358800 JavaThread "jar transforms Thread 8" [_thread_blocked, id=48028, stack(0x000000a18a600000,0x000000a18a700000)]
=>0x000001ddad3ff000 JavaThread "C2 CompilerThread2" daemon [_thread_in_native, id=3728, stack(0x000000a189200000,0x000000a189300000)]
  0x000001ddb1359800 JavaThread "Memory manager" [_thread_blocked, id=1368, stack(0x000000a18a700000,0x000000a18a800000)]
  0x000001ddb12d7800 JavaThread "pool-3-thread-1" [_thread_blocked, id=42952, stack(0x000000a18a900000,0x000000a18aa00000)]
  0x000001ddadb84000 JavaThread "Cache worker for execution history cache (C:\Android Projects\Udemy TUTORIAL\7MinuteWorkout2\.gradle\7.0.2\executionHistory)" [_thread_blocked, id=26680, stack(0x000000a18b200000,0x000000a18b300000)]
  0x000001ddadb83000 JavaThread "WorkerExecutor Queue" [_thread_blocked, id=12440, stack(0x000000a18b300000,0x000000a18b400000)]
  0x000001ddadb84800 JavaThread "WorkerExecutor Queue Thread 2" [_thread_blocked, id=40176, stack(0x000000a18b400000,0x000000a18b500000)]
  0x000001ddadb86800 JavaThread "WorkerExecutor Queue Thread 3" [_thread_blocked, id=47204, stack(0x000000a18b500000,0x000000a18b600000)]
  0x000001ddadb85800 JavaThread "WorkerExecutor Queue Thread 4" [_thread_blocked, id=35296, stack(0x000000a18b600000,0x000000a18b700000)]
  0x000001ddadb87000 JavaThread "WorkerExecutor Queue Thread 5" [_thread_blocked, id=33116, stack(0x000000a18b700000,0x000000a18b800000)]
  0x000001ddadb81800 JavaThread "WorkerExecutor Queue Thread 6" [_thread_blocked, id=9124, stack(0x000000a18b800000,0x000000a18b900000)]
  0x000001ddadb82800 JavaThread "WorkerExecutor Queue Thread 7" [_thread_blocked, id=29320, stack(0x000000a18b900000,0x000000a18ba00000)]
  0x000001ddadb8b800 JavaThread "WorkerExecutor Queue Thread 8" [_thread_blocked, id=31500, stack(0x000000a18ba00000,0x000000a18bb00000)]
  0x000001ddadb89800 JavaThread "WorkerExecutor Queue Thread 9" [_thread_blocked, id=30212, stack(0x000000a18bb00000,0x000000a18bc00000)]
  0x000001ddadb8d800 JavaThread "ForkJoinPool.commonPool-worker-3" daemon [_thread_blocked, id=48068, stack(0x000000a18bc00000,0x000000a18bd00000)]
  0x000001ddadb8a800 JavaThread "ForkJoinPool.commonPool-worker-5" daemon [_thread_blocked, id=25148, stack(0x000000a18bd00000,0x000000a18be00000)]
  0x000001ddadb8d000 JavaThread "ForkJoinPool.commonPool-worker-7" daemon [_thread_blocked, id=40760, stack(0x000000a18be00000,0x000000a18bf00000)]
  0x000001ddadb88000 JavaThread "ForkJoinPool.commonPool-worker-9" daemon [_thread_blocked, id=43644, stack(0x000000a18bf00000,0x000000a18c000000)]
  0x000001ddadb8e800 JavaThread "ForkJoinPool.commonPool-worker-11" daemon [_thread_blocked, id=22772, stack(0x000000a18c000000,0x000000a18c100000)]
  0x000001ddadb89000 JavaThread "ForkJoinPool.commonPool-worker-13" daemon [_thread_blocked, id=42756, stack(0x000000a18c100000,0x000000a18c200000)]
  0x000001ddadb8f800 JavaThread "ForkJoinPool.commonPool-worker-15" daemon [_thread_blocked, id=47156, stack(0x000000a18c200000,0x000000a18c300000)]
  0x000001ddadb90000 JavaThread "pool-2-thread-1" [_thread_in_vm, id=23112, stack(0x000000a18a800000,0x000000a18a900000)]

Other Threads:
  0x000001ddaa86d800 VMThread "VM Thread" [stack: 0x000000a186b00000,0x000000a186c00000] [id=46652]
  0x000001ddab367000 WatcherThread [stack: 0x000000a187500000,0x000000a187600000] [id=34884]
  0x000001dd8fda5800 GCTaskThread "GC Thread#0" [stack: 0x000000a186600000,0x000000a186700000] [id=43996]
  0x000001ddac2e2000 GCTaskThread "GC Thread#1" [stack: 0x000000a187800000,0x000000a187900000] [id=31852]
  0x000001ddabf7c800 GCTaskThread "GC Thread#2" [stack: 0x000000a187900000,0x000000a187a00000] [id=39388]
  0x000001ddab468800 GCTaskThread "GC Thread#3" [stack: 0x000000a188200000,0x000000a188300000] [id=40132]
  0x000001ddacffc000 GCTaskThread "GC Thread#4" [stack: 0x000000a188300000,0x000000a188400000] [id=10688]
  0x000001ddad123800 GCTaskThread "GC Thread#5" [stack: 0x000000a188400000,0x000000a188500000] [id=41256]
  0x000001ddac94c000 GCTaskThread "GC Thread#6" [stack: 0x000000a188500000,0x000000a188600000] [id=33096]
  0x000001ddad583800 GCTaskThread "GC Thread#7" [stack: 0x000000a188600000,0x000000a188700000] [id=41148]
  0x000001dd8fdd7800 ConcurrentGCThread "G1 Main Marker" [stack: 0x000000a186700000,0x000000a186800000] [id=47752]
  0x000001dd8fdd9000 ConcurrentGCThread "G1 Conc#0" [stack: 0x000000a186800000,0x000000a186900000] [id=36004]
  0x000001ddad095800 ConcurrentGCThread "G1 Conc#1" [stack: 0x000000a188900000,0x000000a188a00000] [id=11748]
  0x000001dd8fe68000 ConcurrentGCThread "G1 Refine#0" [stack: 0x000000a186900000,0x000000a186a00000] [id=46160]
  0x000001ddaa6c0800 ConcurrentGCThread "G1 Young RemSet Sampling" [stack: 0x000000a186a00000,0x000000a186b00000] [id=37940]

Threads with active compile tasks:
C2 CompilerThread0  17569 11587   !   4       java.net.URL::<init> (543 bytes)
C1 CompilerThread0  17569 11642       3       com.google.gson.stream.JsonWriter::string (169 bytes)
C2 CompilerThread1  17569 11618 %     4       java.math.BigInteger::implSquareToLen @ 9 (154 bytes)
C2 CompilerThread2  17569 11539  s!   4       jdk.internal.loader.URLClassPath::getLoader (194 bytes)

VM state:synchronizing (normal execution)

VM Mutex/Monitor currently owned by a thread:  ([mutex/lock_event])
[0x000001dd8fd876b0] Threads_lock - owner thread: 0x000001ddaa86d800

Heap address: 0x0000000080000000, size: 2048 MB, Compressed Oops mode: 32-bit
Narrow klass base: 0x0000000000000000, Narrow klass shift: 3
Compressed class space size: 1073741824 Address: 0x0000000100000000

Heap:
 garbage-first heap   total 189440K, used 127275K [0x0000000080000000, 0x0000000100000000)
  region size 1024K, 44 young (45056K), 7 survivors (7168K)
 Metaspace       used 99328K, capacity 101892K, committed 102144K, reserved 1136640K
  class space    used 13012K, capacity 14052K, committed 14080K, reserved 1048576K
Heap Regions: E=young(eden), S=young(survivor), O=old, HS=humongous(starts), HC=humongous(continues), CS=collection set, F=free, A=archive, TAMS=top-at-mark-start (previous, next)
|   0|0x0000000080000000, 0x0000000080100000, 0x0000000080100000|100%| O|  |TAMS 0x0000000080100000, 0x0000000080000000| Untracked 
|   1|0x0000000080100000, 0x0000000080200000, 0x0000000080200000|100%| O|  |TAMS 0x0000000080200000, 0x0000000080100000| Untracked 
|   2|0x0000000080200000, 0x0000000080300000, 0x0000000080300000|100%| O|  |TAMS 0x0000000080300000, 0x0000000080200000| Untracked 
|   3|0x0000000080300000, 0x0000000080400000, 0x0000000080400000|100%|HS|  |TAMS 0x0000000080400000, 0x0000000080300000| Complete 
|   4|0x0000000080400000, 0x0000000080500000, 0x0000000080500000|100%|HC|  |TAMS 0x0000000080500000, 0x0000000080400000| Complete 
|   5|0x0000000080500000, 0x0000000080600000, 0x0000000080600000|100%|HC|  |TAMS 0x0000000080600000, 0x0000000080500000| Complete 
|   6|0x0000000080600000, 0x0000000080700000, 0x0000000080700000|100%| O|  |TAMS 0x0000000080700000, 0x0000000080600000| Untracked 
|   7|0x0000000080700000, 0x0000000080800000, 0x0000000080800000|100%| O|  |TAMS 0x0000000080800000, 0x0000000080700000| Untracked 
|   8|0x0000000080800000, 0x0000000080900000, 0x0000000080900000|100%| O|  |TAMS 0x0000000080900000, 0x0000000080800000| Untracked 
|   9|0x0000000080900000, 0x0000000080a00000, 0x0000000080a00000|100%| O|  |TAMS 0x0000000080a00000, 0x0000000080900000| Untracked 
|  10|0x0000000080a00000, 0x0000000080b00000, 0x0000000080b00000|100%| O|  |TAMS 0x0000000080b00000, 0x0000000080a00000| Untracked 
|  11|0x0000000080b00000, 0x0000000080c00000, 0x0000000080c00000|100%| O|  |TAMS 0x0000000080c00000, 0x0000000080b00000| Untracked 
|  12|0x0000000080c00000, 0x0000000080d00000, 0x0000000080d00000|100%| O|  |TAMS 0x0000000080d00000, 0x0000000080c00000| Untracked 
|  13|0x0000000080d00000, 0x0000000080e00000, 0x0000000080e00000|100%| O|  |TAMS 0x0000000080e00000, 0x0000000080d00000| Untracked 
|  14|0x0000000080e00000, 0x0000000080f00000, 0x0000000080f00000|100%| O|  |TAMS 0x0000000080f00000, 0x0000000080e00000| Untracked 
|  15|0x0000000080f00000, 0x0000000081000000, 0x0000000081000000|100%| O|  |TAMS 0x0000000081000000, 0x0000000080f00000| Untracked 
|  16|0x0000000081000000, 0x0000000081100000, 0x0000000081100000|100%|HS|  |TAMS 0x0000000081100000, 0x0000000081000000| Complete 
|  17|0x0000000081100000, 0x0000000081200000, 0x0000000081200000|100%| O|  |TAMS 0x0000000081200000, 0x0000000081100000| Untracked 
|  18|0x0000000081200000, 0x0000000081300000, 0x0000000081300000|100%| O|  |TAMS 0x0000000081300000, 0x0000000081200000| Untracked 
|  19|0x0000000081300000, 0x0000000081400000, 0x0000000081400000|100%| O|  |TAMS 0x0000000081400000, 0x0000000081300000| Untracked 
|  20|0x0000000081400000, 0x0000000081500000, 0x0000000081500000|100%| O|  |TAMS 0x0000000081500000, 0x0000000081400000| Untracked 
|  21|0x0000000081500000, 0x0000000081600000, 0x0000000081600000|100%| O|  |TAMS 0x0000000081600000, 0x0000000081500000| Untracked 
|  22|0x0000000081600000, 0x0000000081700000, 0x0000000081700000|100%| O|  |TAMS 0x0000000081700000, 0x0000000081600000| Untracked 
|  23|0x0000000081700000, 0x0000000081800000, 0x0000000081800000|100%| O|  |TAMS 0x0000000081800000, 0x0000000081700000| Untracked 
|  24|0x0000000081800000, 0x0000000081900000, 0x0000000081900000|100%| O|  |TAMS 0x0000000081900000, 0x0000000081800000| Untracked 
|  25|0x0000000081900000, 0x0000000081a00000, 0x0000000081a00000|100%| O|  |TAMS 0x0000000081a00000, 0x0000000081900000| Untracked 
|  26|0x0000000081a00000, 0x0000000081b00000, 0x0000000081b00000|100%| O|  |TAMS 0x0000000081b00000, 0x0000000081a00000| Untracked 
|  27|0x0000000081b00000, 0x0000000081c00000, 0x0000000081c00000|100%|HS|  |TAMS 0x0000000081c00000, 0x0000000081b00000| Complete 
|  28|0x0000000081c00000, 0x0000000081d00000, 0x0000000081d00000|100%|HS|  |TAMS 0x0000000081d00000, 0x0000000081c00000| Complete 
|  29|0x0000000081d00000, 0x0000000081e00000, 0x0000000081e00000|100%|HC|  |TAMS 0x0000000081e00000, 0x0000000081d00000| Complete 
|  30|0x0000000081e00000, 0x0000000081f00000, 0x0000000081f00000|100%|HC|  |TAMS 0x0000000081f00000, 0x0000000081e00000| Complete 
|  31|0x0000000081f00000, 0x0000000082000000, 0x0000000082000000|100%|HS|  |TAMS 0x0000000082000000, 0x0000000081f00000| Complete 
|  32|0x0000000082000000, 0x0000000082100000, 0x0000000082100000|100%|HC|  |TAMS 0x0000000082100000, 0x0000000082000000| Complete 
|  33|0x0000000082100000, 0x0000000082200000, 0x0000000082200000|100%| O|  |TAMS 0x0000000082200000, 0x0000000082100000| Untracked 
|  34|0x0000000082200000, 0x0000000082300000, 0x0000000082300000|100%| O|  |TAMS 0x0000000082300000, 0x0000000082200000| Untracked 
|  35|0x0000000082300000, 0x0000000082400000, 0x0000000082400000|100%| O|  |TAMS 0x0000000082400000, 0x0000000082300000| Untracked 
|  36|0x0000000082400000, 0x0000000082500000, 0x0000000082500000|100%| O|  |TAMS 0x0000000082500000, 0x0000000082400000| Untracked 
|  37|0x0000000082500000, 0x0000000082600000, 0x0000000082600000|100%| O|  |TAMS 0x0000000082600000, 0x0000000082500000| Untracked 
|  38|0x0000000082600000, 0x0000000082700000, 0x0000000082700000|100%| O|  |TAMS 0x0000000082700000, 0x0000000082600000| Untracked 
|  39|0x0000000082700000, 0x0000000082800000, 0x0000000082800000|100%| O|  |TAMS 0x0000000082800000, 0x0000000082700000| Untracked 
|  40|0x0000000082800000, 0x0000000082900000, 0x0000000082900000|100%| O|  |TAMS 0x0000000082900000, 0x0000000082800000| Untracked 
|  41|0x0000000082900000, 0x0000000082a00000, 0x0000000082a00000|100%| O|  |TAMS 0x0000000082a00000, 0x0000000082900000| Untracked 
|  42|0x0000000082a00000, 0x0000000082b00000, 0x0000000082b00000|100%| O|  |TAMS 0x0000000082b00000, 0x0000000082a00000| Untracked 
|  43|0x0000000082b00000, 0x0000000082c00000, 0x0000000082c00000|100%| O|  |TAMS 0x0000000082c00000, 0x0000000082b00000| Untracked 
|  44|0x0000000082c00000, 0x0000000082d00000, 0x0000000082d00000|100%| O|  |TAMS 0x0000000082d00000, 0x0000000082c00000| Untracked 
|  45|0x0000000082d00000, 0x0000000082e00000, 0x0000000082e00000|100%| O|  |TAMS 0x0000000082d5aa00, 0x0000000082d00000| Untracked 
|  46|0x0000000082e00000, 0x0000000082f00000, 0x0000000082f00000|100%| O|  |TAMS 0x0000000082e00000, 0x0000000082e00000| Untracked 
|  47|0x0000000082f00000, 0x0000000083000000, 0x0000000083000000|100%| O|  |TAMS 0x0000000082f00000, 0x0000000082f00000| Untracked 
|  48|0x0000000083000000, 0x0000000083100000, 0x0000000083100000|100%| O|  |TAMS 0x0000000083000000, 0x0000000083000000| Untracked 
|  49|0x0000000083100000, 0x0000000083200000, 0x0000000083200000|100%| O|  |TAMS 0x0000000083100000, 0x0000000083100000| Untracked 
|  50|0x0000000083200000, 0x0000000083300000, 0x0000000083300000|100%| O|  |TAMS 0x0000000083200000, 0x0000000083200000| Untracked 
|  51|0x0000000083300000, 0x0000000083400000, 0x0000000083400000|100%| O|  |TAMS 0x0000000083300000, 0x0000000083300000| Untracked 
|  52|0x0000000083400000, 0x0000000083500000, 0x0000000083500000|100%| O|  |TAMS 0x0000000083400000, 0x0000000083400000| Untracked 
|  53|0x0000000083500000, 0x0000000083600000, 0x0000000083600000|100%| O|  |TAMS 0x0000000083500000, 0x0000000083500000| Untracked 
|  54|0x0000000083600000, 0x0000000083700000, 0x0000000083700000|100%| O|  |TAMS 0x0000000083600000, 0x0000000083600000| Untracked 
|  55|0x0000000083700000, 0x0000000083800000, 0x0000000083800000|100%| O|  |TAMS 0x0000000083700000, 0x0000000083700000| Untracked 
|  56|0x0000000083800000, 0x0000000083900000, 0x0000000083900000|100%| O|  |TAMS 0x0000000083800000, 0x0000000083800000| Untracked 
|  57|0x0000000083900000, 0x0000000083a00000, 0x0000000083a00000|100%| O|  |TAMS 0x0000000083900000, 0x0000000083900000| Untracked 
|  58|0x0000000083a00000, 0x0000000083b00000, 0x0000000083b00000|100%| O|  |TAMS 0x0000000083a00000, 0x0000000083a00000| Untracked 
|  59|0x0000000083b00000, 0x0000000083c00000, 0x0000000083c00000|100%| O|  |TAMS 0x0000000083b00000, 0x0000000083b00000| Untracked 
|  60|0x0000000083c00000, 0x0000000083d00000, 0x0000000083d00000|100%| O|  |TAMS 0x0000000083c00000, 0x0000000083c00000| Untracked 
|  61|0x0000000083d00000, 0x0000000083e00000, 0x0000000083e00000|100%| O|  |TAMS 0x0000000083d00000, 0x0000000083d00000| Untracked 
|  62|0x0000000083e00000, 0x0000000083f00000, 0x0000000083f00000|100%| O|  |TAMS 0x0000000083e00000, 0x0000000083e00000| Untracked 
|  63|0x0000000083f00000, 0x0000000084000000, 0x0000000084000000|100%| O|  |TAMS 0x0000000083f00000, 0x0000000083f00000| Untracked 
|  64|0x0000000084000000, 0x0000000084100000, 0x0000000084100000|100%| O|  |TAMS 0x0000000084000000, 0x0000000084000000| Untracked 
|  65|0x0000000084100000, 0x0000000084200000, 0x0000000084200000|100%| O|  |TAMS 0x0000000084100000, 0x0000000084100000| Untracked 
|  66|0x0000000084200000, 0x0000000084300000, 0x0000000084300000|100%| O|  |TAMS 0x0000000084200000, 0x0000000084200000| Untracked 
|  67|0x0000000084300000, 0x0000000084400000, 0x0000000084400000|100%| O|  |TAMS 0x0000000084300000, 0x0000000084300000| Untracked 
|  68|0x0000000084400000, 0x0000000084500000, 0x0000000084500000|100%| O|  |TAMS 0x0000000084400000, 0x0000000084400000| Untracked 
|  69|0x0000000084500000, 0x0000000084600000, 0x0000000084600000|100%| O|  |TAMS 0x0000000084500000, 0x0000000084500000| Untracked 
|  70|0x0000000084600000, 0x0000000084600000, 0x0000000084700000|  0%| F|  |TAMS 0x0000000084600000, 0x0000000084600000| Untracked 
|  71|0x0000000084700000, 0x0000000084800000, 0x0000000084800000|100%| O|  |TAMS 0x0000000084700000, 0x0000000084700000| Untracked 
|  72|0x0000000084800000, 0x0000000084900000, 0x0000000084900000|100%| O|  |TAMS 0x0000000084800000, 0x0000000084800000| Untracked 
|  73|0x0000000084900000, 0x0000000084954200, 0x0000000084a00000| 32%| O|  |TAMS 0x0000000084900000, 0x0000000084900000| Untracked 
|  74|0x0000000084a00000, 0x0000000084b00000, 0x0000000084b00000|100%|HS|  |TAMS 0x0000000084a00000, 0x0000000084a00000| Complete 
|  75|0x0000000084b00000, 0x0000000084c00000, 0x0000000084c00000|100%|HC|  |TAMS 0x0000000084b00000, 0x0000000084b00000| Complete 
|  76|0x0000000084c00000, 0x0000000084d00000, 0x0000000084d00000|100%|HS|  |TAMS 0x0000000084c00000, 0x0000000084c00000| Complete 
|  77|0x0000000084d00000, 0x0000000084e00000, 0x0000000084e00000|100%|HC|  |TAMS 0x0000000084d00000, 0x0000000084d00000| Complete 
|  78|0x0000000084e00000, 0x0000000084f00000, 0x0000000084f00000|100%|HS|  |TAMS 0x0000000084e00000, 0x0000000084e00000| Complete 
|  79|0x0000000084f00000, 0x0000000085000000, 0x0000000085000000|100%|HC|  |TAMS 0x0000000084f00000, 0x0000000084f00000| Complete 
|  80|0x0000000085000000, 0x0000000085100000, 0x0000000085100000|100%|HS|  |TAMS 0x0000000085000000, 0x0000000085000000| Complete 
|  81|0x0000000085100000, 0x0000000085200000, 0x0000000085200000|100%|HC|  |TAMS 0x0000000085100000, 0x0000000085100000| Complete 
|  82|0x0000000085200000, 0x0000000085300000, 0x0000000085300000|100%|HS|  |TAMS 0x0000000085200000, 0x0000000085200000| Complete 
|  83|0x0000000085300000, 0x0000000085400000, 0x0000000085400000|100%|HC|  |TAMS 0x0000000085300000, 0x0000000085300000| Complete 
|  84|0x0000000085400000, 0x0000000085400000, 0x0000000085500000|  0%| F|  |TAMS 0x0000000085400000, 0x0000000085400000| Untracked 
|  85|0x0000000085500000, 0x0000000085500000, 0x0000000085600000|  0%| F|  |TAMS 0x0000000085500000, 0x0000000085500000| Untracked 
|  86|0x0000000085600000, 0x0000000085600000, 0x0000000085700000|  0%| F|  |TAMS 0x0000000085600000, 0x0000000085600000| Untracked 
|  87|0x0000000085700000, 0x0000000085700000, 0x0000000085800000|  0%| F|  |TAMS 0x0000000085700000, 0x0000000085700000| Untracked 
|  88|0x0000000085800000, 0x0000000085800000, 0x0000000085900000|  0%| F|  |TAMS 0x0000000085800000, 0x0000000085800000| Untracked 
|  89|0x0000000085900000, 0x0000000085900000, 0x0000000085a00000|  0%| F|  |TAMS 0x0000000085900000, 0x0000000085900000| Untracked 
|  90|0x0000000085a00000, 0x0000000085a00000, 0x0000000085b00000|  0%| F|  |TAMS 0x0000000085a00000, 0x0000000085a00000| Untracked 
|  91|0x0000000085b00000, 0x0000000085b00000, 0x0000000085c00000|  0%| F|  |TAMS 0x0000000085b00000, 0x0000000085b00000| Untracked 
|  92|0x0000000085c00000, 0x0000000085c00000, 0x0000000085d00000|  0%| F|  |TAMS 0x0000000085c00000, 0x0000000085c00000| Untracked 
|  93|0x0000000085d00000, 0x0000000085d00000, 0x0000000085e00000|  0%| F|  |TAMS 0x0000000085d00000, 0x0000000085d00000| Untracked 
|  94|0x0000000085e00000, 0x0000000085e00000, 0x0000000085f00000|  0%| F|  |TAMS 0x0000000085e00000, 0x0000000085e00000| Untracked 
|  95|0x0000000085f00000, 0x0000000085f00000, 0x0000000086000000|  0%| F|  |TAMS 0x0000000085f00000, 0x0000000085f00000| Untracked 
|  96|0x0000000086000000, 0x0000000086000000, 0x0000000086100000|  0%| F|  |TAMS 0x0000000086000000, 0x0000000086000000| Untracked 
|  97|0x0000000086100000, 0x0000000086100000, 0x0000000086200000|  0%| F|  |TAMS 0x0000000086100000, 0x0000000086100000| Untracked 
|  98|0x0000000086200000, 0x0000000086200000, 0x0000000086300000|  0%| F|  |TAMS 0x0000000086200000, 0x0000000086200000| Untracked 
|  99|0x0000000086300000, 0x0000000086300000, 0x0000000086400000|  0%| F|  |TAMS 0x0000000086300000, 0x0000000086300000| Untracked 
| 100|0x0000000086400000, 0x0000000086400000, 0x0000000086500000|  0%| F|  |TAMS 0x0000000086400000, 0x0000000086400000| Untracked 
| 101|0x0000000086500000, 0x0000000086500000, 0x0000000086600000|  0%| F|  |TAMS 0x0000000086500000, 0x0000000086500000| Untracked 
| 102|0x0000000086600000, 0x0000000086600000, 0x0000000086700000|  0%| F|  |TAMS 0x0000000086600000, 0x0000000086600000| Untracked 
| 103|0x0000000086700000, 0x0000000086700000, 0x0000000086800000|  0%| F|  |TAMS 0x0000000086700000, 0x0000000086700000| Untracked 
| 104|0x0000000086800000, 0x0000000086800000, 0x0000000086900000|  0%| F|  |TAMS 0x0000000086800000, 0x0000000086800000| Untracked 
| 105|0x0000000086900000, 0x0000000086900000, 0x0000000086a00000|  0%| F|  |TAMS 0x0000000086900000, 0x0000000086900000| Untracked 
| 106|0x0000000086a00000, 0x0000000086a00000, 0x0000000086b00000|  0%| F|  |TAMS 0x0000000086a00000, 0x0000000086a00000| Untracked 
| 107|0x0000000086b00000, 0x0000000086b00000, 0x0000000086c00000|  0%| F|  |TAMS 0x0000000086b00000, 0x0000000086b00000| Untracked 
| 108|0x0000000086c00000, 0x0000000086c00000, 0x0000000086d00000|  0%| F|  |TAMS 0x0000000086c00000, 0x0000000086c00000| Untracked 
| 109|0x0000000086d00000, 0x0000000086d00000, 0x0000000086e00000|  0%| F|  |TAMS 0x0000000086d00000, 0x0000000086d00000| Untracked 
| 110|0x0000000086e00000, 0x0000000086e00000, 0x0000000086f00000|  0%| F|  |TAMS 0x0000000086e00000, 0x0000000086e00000| Untracked 
| 111|0x0000000086f00000, 0x0000000086f00000, 0x0000000087000000|  0%| F|  |TAMS 0x0000000086f00000, 0x0000000086f00000| Untracked 
| 112|0x0000000087000000, 0x00000000870f6ae0, 0x0000000087100000| 96%| S|CS|TAMS 0x0000000087000000, 0x0000000087000000| Complete 
| 113|0x0000000087100000, 0x0000000087200000, 0x0000000087200000|100%| S|CS|TAMS 0x0000000087100000, 0x0000000087100000| Complete 
| 114|0x0000000087200000, 0x0000000087300000, 0x0000000087300000|100%| S|CS|TAMS 0x0000000087200000, 0x0000000087200000| Complete 
| 115|0x0000000087300000, 0x0000000087400000, 0x0000000087400000|100%| S|CS|TAMS 0x0000000087300000, 0x0000000087300000| Complete 
| 116|0x0000000087400000, 0x0000000087500000, 0x0000000087500000|100%| S|CS|TAMS 0x0000000087400000, 0x0000000087400000| Complete 
| 117|0x0000000087500000, 0x0000000087600000, 0x0000000087600000|100%| S|CS|TAMS 0x0000000087500000, 0x0000000087500000| Complete 
| 118|0x0000000087600000, 0x0000000087700000, 0x0000000087700000|100%| S|CS|TAMS 0x0000000087600000, 0x0000000087600000| Complete 
| 119|0x0000000087700000, 0x0000000087700000, 0x0000000087800000|  0%| F|  |TAMS 0x0000000087700000, 0x0000000087700000| Untracked 
| 120|0x0000000087800000, 0x0000000087800000, 0x0000000087900000|  0%| F|  |TAMS 0x0000000087800000, 0x0000000087800000| Untracked 
| 121|0x0000000087900000, 0x0000000087900000, 0x0000000087a00000|  0%| F|  |TAMS 0x0000000087900000, 0x0000000087900000| Untracked 
| 122|0x0000000087a00000, 0x0000000087a00000, 0x0000000087b00000|  0%| F|  |TAMS 0x0000000087a00000, 0x0000000087a00000| Untracked 
| 123|0x0000000087b00000, 0x0000000087b00000, 0x0000000087c00000|  0%| F|  |TAMS 0x0000000087b00000, 0x0000000087b00000| Untracked 
| 124|0x0000000087c00000, 0x0000000087c00000, 0x0000000087d00000|  0%| F|  |TAMS 0x0000000087c00000, 0x0000000087c00000| Untracked 
| 125|0x0000000087d00000, 0x0000000087d00000, 0x0000000087e00000|  0%| F|  |TAMS 0x0000000087d00000, 0x0000000087d00000| Untracked 
| 126|0x0000000087e00000, 0x0000000087e00000, 0x0000000087f00000|  0%| F|  |TAMS 0x0000000087e00000, 0x0000000087e00000| Untracked 
| 127|0x0000000087f00000, 0x0000000087f00000, 0x0000000088000000|  0%| F|  |TAMS 0x0000000087f00000, 0x0000000087f00000| Untracked 
| 128|0x0000000088000000, 0x0000000088000000, 0x0000000088100000|  0%| F|  |TAMS 0x0000000088000000, 0x0000000088000000| Untracked 
| 129|0x0000000088100000, 0x0000000088100000, 0x0000000088200000|  0%| F|  |TAMS 0x0000000088100000, 0x0000000088100000| Untracked 
| 130|0x0000000088200000, 0x0000000088200000, 0x0000000088300000|  0%| F|  |TAMS 0x0000000088200000, 0x0000000088200000| Untracked 
| 131|0x0000000088300000, 0x0000000088300000, 0x0000000088400000|  0%| F|  |TAMS 0x0000000088300000, 0x0000000088300000| Untracked 
| 132|0x0000000088400000, 0x0000000088400000, 0x0000000088500000|  0%| F|  |TAMS 0x0000000088400000, 0x0000000088400000| Untracked 
| 133|0x0000000088500000, 0x0000000088500000, 0x0000000088600000|  0%| F|  |TAMS 0x0000000088500000, 0x0000000088500000| Untracked 
| 134|0x0000000088600000, 0x0000000088600000, 0x0000000088700000|  0%| F|  |TAMS 0x0000000088600000, 0x0000000088600000| Untracked 
| 135|0x0000000088700000, 0x0000000088700000, 0x0000000088800000|  0%| F|  |TAMS 0x0000000088700000, 0x0000000088700000| Untracked 
| 136|0x0000000088800000, 0x0000000088800000, 0x0000000088900000|  0%| F|  |TAMS 0x0000000088800000, 0x0000000088800000| Untracked 
| 137|0x0000000088900000, 0x0000000088900000, 0x0000000088a00000|  0%| F|  |TAMS 0x0000000088900000, 0x0000000088900000| Untracked 
| 138|0x0000000088a00000, 0x0000000088a00000, 0x0000000088b00000|  0%| F|  |TAMS 0x0000000088a00000, 0x0000000088a00000| Untracked 
| 139|0x0000000088b00000, 0x0000000088b00000, 0x0000000088c00000|  0%| F|  |TAMS 0x0000000088b00000, 0x0000000088b00000| Untracked 
| 140|0x0000000088c00000, 0x0000000088c00000, 0x0000000088d00000|  0%| F|  |TAMS 0x0000000088c00000, 0x0000000088c00000| Untracked 
| 141|0x0000000088d00000, 0x0000000088d00000, 0x0000000088e00000|  0%| F|  |TAMS 0x0000000088d00000, 0x0000000088d00000| Untracked 
| 142|0x0000000088e00000, 0x0000000088e00000, 0x0000000088f00000|  0%| F|  |TAMS 0x0000000088e00000, 0x0000000088e00000| Untracked 
| 143|0x0000000088f00000, 0x0000000088f00000, 0x0000000089000000|  0%| F|  |TAMS 0x0000000088f00000, 0x0000000088f00000| Untracked 
| 144|0x0000000089000000, 0x0000000089000000, 0x0000000089100000|  0%| F|  |TAMS 0x0000000089000000, 0x0000000089000000| Untracked 
| 145|0x0000000089100000, 0x0000000089100000, 0x0000000089200000|  0%| F|  |TAMS 0x0000000089100000, 0x0000000089100000| Untracked 
| 146|0x0000000089200000, 0x0000000089200000, 0x0000000089300000|  0%| F|  |TAMS 0x0000000089200000, 0x0000000089200000| Untracked 
| 147|0x0000000089300000, 0x0000000089300000, 0x0000000089400000|  0%| F|  |TAMS 0x0000000089300000, 0x0000000089300000| Untracked 
| 148|0x0000000089400000, 0x00000000894e4fd8, 0x0000000089500000| 89%| E|  |TAMS 0x0000000089400000, 0x0000000089400000| Complete 
| 149|0x0000000089500000, 0x0000000089600000, 0x0000000089600000|100%| E|CS|TAMS 0x0000000089500000, 0x0000000089500000| Complete 
| 150|0x0000000089600000, 0x0000000089700000, 0x0000000089700000|100%| E|CS|TAMS 0x0000000089600000, 0x0000000089600000| Complete 
| 151|0x0000000089700000, 0x0000000089800000, 0x0000000089800000|100%| E|  |TAMS 0x0000000089700000, 0x0000000089700000| Complete 
| 152|0x0000000089800000, 0x0000000089900000, 0x0000000089900000|100%| E|CS|TAMS 0x0000000089800000, 0x0000000089800000| Complete 
| 153|0x0000000089900000, 0x0000000089a00000, 0x0000000089a00000|100%| E|CS|TAMS 0x0000000089900000, 0x0000000089900000| Complete 
| 154|0x0000000089a00000, 0x0000000089b00000, 0x0000000089b00000|100%| E|CS|TAMS 0x0000000089a00000, 0x0000000089a00000| Complete 
| 155|0x0000000089b00000, 0x0000000089c00000, 0x0000000089c00000|100%| E|CS|TAMS 0x0000000089b00000, 0x0000000089b00000| Complete 
| 156|0x0000000089c00000, 0x0000000089d00000, 0x0000000089d00000|100%| E|CS|TAMS 0x0000000089c00000, 0x0000000089c00000| Complete 
| 157|0x0000000089d00000, 0x0000000089e00000, 0x0000000089e00000|100%| E|CS|TAMS 0x0000000089d00000, 0x0000000089d00000| Complete 
| 158|0x0000000089e00000, 0x0000000089f00000, 0x0000000089f00000|100%| E|CS|TAMS 0x0000000089e00000, 0x0000000089e00000| Complete 
| 159|0x0000000089f00000, 0x000000008a000000, 0x000000008a000000|100%| E|CS|TAMS 0x0000000089f00000, 0x0000000089f00000| Complete 
| 160|0x000000008a000000, 0x000000008a100000, 0x000000008a100000|100%| E|CS|TAMS 0x000000008a000000, 0x000000008a000000| Complete 
| 161|0x000000008a100000, 0x000000008a200000, 0x000000008a200000|100%| E|CS|TAMS 0x000000008a100000, 0x000000008a100000| Complete 
| 162|0x000000008a200000, 0x000000008a300000, 0x000000008a300000|100%| E|CS|TAMS 0x000000008a200000, 0x000000008a200000| Complete 
| 163|0x000000008a300000, 0x000000008a400000, 0x000000008a400000|100%| E|CS|TAMS 0x000000008a300000, 0x000000008a300000| Complete 
| 164|0x000000008a400000, 0x000000008a500000, 0x000000008a500000|100%| E|CS|TAMS 0x000000008a400000, 0x000000008a400000| Complete 
| 165|0x000000008a500000, 0x000000008a600000, 0x000000008a600000|100%| E|CS|TAMS 0x000000008a500000, 0x000000008a500000| Complete 
| 166|0x000000008a600000, 0x000000008a700000, 0x000000008a700000|100%| E|CS|TAMS 0x000000008a600000, 0x000000008a600000| Complete 
| 167|0x000000008a700000, 0x000000008a800000, 0x000000008a800000|100%| E|CS|TAMS 0x000000008a700000, 0x000000008a700000| Complete 
| 168|0x000000008a800000, 0x000000008a900000, 0x000000008a900000|100%| E|CS|TAMS 0x000000008a800000, 0x000000008a800000| Complete 
| 169|0x000000008a900000, 0x000000008aa00000, 0x000000008aa00000|100%| E|CS|TAMS 0x000000008a900000, 0x000000008a900000| Complete 
| 170|0x000000008aa00000, 0x000000008ab00000, 0x000000008ab00000|100%| E|CS|TAMS 0x000000008aa00000, 0x000000008aa00000| Complete 
| 171|0x000000008ab00000, 0x000000008ac00000, 0x000000008ac00000|100%| E|CS|TAMS 0x000000008ab00000, 0x000000008ab00000| Complete 
| 172|0x000000008ac00000, 0x000000008ad00000, 0x000000008ad00000|100%| E|CS|TAMS 0x000000008ac00000, 0x000000008ac00000| Complete 
| 173|0x000000008ad00000, 0x000000008ae00000, 0x000000008ae00000|100%| E|CS|TAMS 0x000000008ad00000, 0x000000008ad00000| Complete 
| 174|0x000000008ae00000, 0x000000008af00000, 0x000000008af00000|100%| E|CS|TAMS 0x000000008ae00000, 0x000000008ae00000| Complete 
| 175|0x000000008af00000, 0x000000008b000000, 0x000000008b000000|100%| E|CS|TAMS 0x000000008af00000, 0x000000008af00000| Complete 
| 176|0x000000008b000000, 0x000000008b100000, 0x000000008b100000|100%| E|CS|TAMS 0x000000008b000000, 0x000000008b000000| Complete 
| 177|0x000000008b100000, 0x000000008b200000, 0x000000008b200000|100%| E|CS|TAMS 0x000000008b100000, 0x000000008b100000| Complete 
| 178|0x000000008b200000, 0x000000008b300000, 0x000000008b300000|100%| E|CS|TAMS 0x000000008b200000, 0x000000008b200000| Complete 
| 179|0x000000008b300000, 0x000000008b400000, 0x000000008b400000|100%| E|CS|TAMS 0x000000008b300000, 0x000000008b300000| Complete 
| 180|0x000000008b400000, 0x000000008b500000, 0x000000008b500000|100%| E|CS|TAMS 0x000000008b400000, 0x000000008b400000| Complete 
| 181|0x000000008b500000, 0x000000008b600000, 0x000000008b600000|100%| E|CS|TAMS 0x000000008b500000, 0x000000008b500000| Complete 
| 182|0x000000008b600000, 0x000000008b700000, 0x000000008b700000|100%| E|CS|TAMS 0x000000008b600000, 0x000000008b600000| Complete 
| 183|0x000000008b700000, 0x000000008b800000, 0x000000008b800000|100%| E|CS|TAMS 0x000000008b700000, 0x000000008b700000| Complete 
| 184|0x000000008b800000, 0x000000008b900000, 0x000000008b900000|100%| E|CS|TAMS 0x000000008b800000, 0x000000008b800000| Complete 

Card table byte_map: [0x000001dda35a0000,0x000001dda39a0000] _byte_map_base: 0x000001dda31a0000

Marking Bits (Prev, Next): (CMBitMap*) 0x000001dd8fdceb38, (CMBitMap*) 0x000001dd8fdceb70
 Prev Bits: [0x000001dda3da0000, 0x000001dda5da0000)
 Next Bits: [0x000001dda5da0000, 0x000001dda7da0000)

Polling page: 0x000001dd93710000

Metaspace:

Usage:
  Non-class:     85.85 MB capacity,    84.32 MB ( 98%) used,     1.23 MB (  1%) free+waste,   308.25 KB ( <1%) overhead. 
      Class:     13.72 MB capacity,    12.71 MB ( 93%) used,   893.06 KB (  6%) free+waste,   142.31 KB (  1%) overhead. 
       Both:     99.57 MB capacity,    97.03 MB ( 97%) used,     2.10 MB (  2%) free+waste,   450.56 KB ( <1%) overhead. 

Virtual space:
  Non-class space:       86.00 MB reserved,      86.00 MB (100%) committed 
      Class space:        1.00 GB reserved,      13.75 MB (  1%) committed 
             Both:        1.08 GB reserved,      99.75 MB (  9%) committed 

Chunk freelists:
   Non-Class:  27.00 KB
       Class:  0 bytes
        Both:  27.00 KB

MaxMetaspaceSize: 17179869184.00 GB
CompressedClassSpaceSize: 1.00 GB

CodeHeap 'non-profiled nmethods': size=120000Kb used=7075Kb max_used=7075Kb free=112924Kb
 bounds [0x000001dd9b200000, 0x000001dd9b8f0000, 0x000001dda2730000]
CodeHeap 'profiled nmethods': size=120000Kb used=24003Kb max_used=24003Kb free=95996Kb
 bounds [0x000001dd93cd0000, 0x000001dd95450000, 0x000001dd9b200000]
CodeHeap 'non-nmethods': size=5760Kb used=2302Kb max_used=2342Kb free=3457Kb
 bounds [0x000001dd93730000, 0x000001dd939a0000, 0x000001dd93cd0000]
 total_blobs=12193 nmethods=11278 adapters=826
 compilation: enabled
              stopped_count=0, restarted_count=0
 full_count=0

Compilation events (20 events):
Event: 17.460 Thread 0x000001ddaa892000 11616       3       java.math.BigInteger::implMontgomeryMultiply (22 bytes)
Event: 17.460 Thread 0x000001ddaa892000 nmethod 11616 0x000001dd9543b710 code [0x000001dd9543b960, 0x000001dd9543c178]
Event: 17.464 Thread 0x000001ddaa892000 11619       3       java.math.MutableBigInteger::divWord (108 bytes)
Event: 17.464 Thread 0x000001ddaa892000 nmethod 11619 0x000001dd9543c510 code [0x000001dd9543c6e0, 0x000001dd9543ca38]
Event: 17.483 Thread 0x000001ddaa892000 11621       3       java.util.HashMap$KeySpliterator::<init> (12 bytes)
Event: 17.484 Thread 0x000001ddaa892000 nmethod 11621 0x000001dd9543cb90 code [0x000001dd9543cd40, 0x000001dd9543cf58]
Event: 17.492 Thread 0x000001ddaa892000 11623       3       java.lang.reflect.Field::get (29 bytes)
Event: 17.492 Thread 0x000001ddaa892000 nmethod 11623 0x000001dd9543d090 code [0x000001dd9543d2a0, 0x000001dd9543d818]
Event: 17.492 Thread 0x000001ddaa892000 11622       3       com.google.gson.TypeAdapter::<init> (5 bytes)
Event: 17.492 Thread 0x000001ddaa892000 nmethod 11622 0x000001dd9543da10 code [0x000001dd9543dbc0, 0x000001dd9543dd18]
Event: 17.492 Thread 0x000001ddaa892000 11624       3       java.io.StringWriter::write (11 bytes)
Event: 17.493 Thread 0x000001ddaa892000 nmethod 11624 0x000001dd9543de10 code [0x000001dd9543dfe0, 0x000001dd9543e348]
Event: 17.493 Thread 0x000001ddaa892000 11625       1       java.util.concurrent.atomic.AtomicReference::set (6 bytes)
Event: 17.493 Thread 0x000001ddaa892000 nmethod 11625 0x000001dd9b8e2290 code [0x000001dd9b8e2440, 0x000001dd9b8e2558]
Event: 17.506 Thread 0x000001ddaa892000 11626       3       java.io.FileInputStream::read (9 bytes)
Event: 17.506 Thread 0x000001ddaa892000 nmethod 11626 0x000001dd9543e490 code [0x000001dd9543e640, 0x000001dd9543e788]
Event: 17.507 Thread 0x000001ddaa892000 11627       3       com.google.common.io.ByteStreams$1::write (6 bytes)
Event: 17.507 Thread 0x000001ddaa892000 nmethod 11627 0x000001dd9543e890 code [0x000001dd9543ea60, 0x000001dd9543eca8]
Event: 17.507 Thread 0x000001ddaa892000 11628       3       org.gradle.internal.hash.Hashing$MessageDigestHasher::putBytes (11 bytes)
Event: 17.508 Thread 0x000001ddaa892000 nmethod 11628 0x000001dd9543ed90 code [0x000001dd9543ef60, 0x000001dd9543f298]

GC Heap History (20 events):
Event: 9.662 GC heap before
{Heap before GC invocations=11 (full 0):
 garbage-first heap   total 131072K, used 61702K [0x0000000080000000, 0x0000000100000000)
  region size 1024K, 16 young (16384K), 2 survivors (2048K)
 Metaspace       used 58524K, capacity 60006K, committed 60160K, reserved 1101824K
  class space    used 7416K, capacity 7959K, committed 8064K, reserved 1048576K
}
Event: 9.669 GC heap after
{Heap after GC invocations=12 (full 0):
 garbage-first heap   total 157696K, used 49514K [0x0000000080000000, 0x0000000100000000)
  region size 1024K, 3 young (3072K), 3 survivors (3072K)
 Metaspace       used 58524K, capacity 60006K, committed 60160K, reserved 1101824K
  class space    used 7416K, capacity 7959K, committed 8064K, reserved 1048576K
}
Event: 10.435 GC heap before
{Heap before GC invocations=13 (full 0):
 garbage-first heap   total 157696K, used 101738K [0x0000000080000000, 0x0000000100000000)
  region size 1024K, 54 young (55296K), 3 survivors (3072K)
 Metaspace       used 63271K, capacity 64806K, committed 65024K, reserved 1105920K
  class space    used 8009K, capacity 8587K, committed 8704K, reserved 1048576K
}
Event: 10.444 GC heap after
{Heap after GC invocations=14 (full 0):
 garbage-first heap   total 157696K, used 53153K [0x0000000080000000, 0x0000000100000000)
  region size 1024K, 7 young (7168K), 7 survivors (7168K)
 Metaspace       used 63271K, capacity 64806K, committed 65024K, reserved 1105920K
  class space    used 8009K, capacity 8587K, committed 8704K, reserved 1048576K
}
Event: 10.952 GC heap before
{Heap before GC invocations=15 (full 0):
 garbage-first heap   total 157696K, used 106401K [0x0000000080000000, 0x0000000100000000)
  region size 1024K, 59 young (60416K), 7 survivors (7168K)
 Metaspace       used 65838K, capacity 67451K, committed 67584K, reserved 1107968K
  class space    used 8298K, capacity 8951K, committed 8960K, reserved 1048576K
}
Event: 10.965 GC heap after
{Heap after GC invocations=16 (full 0):
 garbage-first heap   total 157696K, used 57112K [0x0000000080000000, 0x0000000100000000)
  region size 1024K, 8 young (8192K), 8 survivors (8192K)
 Metaspace       used 65838K, capacity 67451K, committed 67584K, reserved 1107968K
  class space    used 8298K, capacity 8951K, committed 8960K, reserved 1048576K
}
Event: 11.808 GC heap before
{Heap before GC invocations=16 (full 0):
 garbage-first heap   total 157696K, used 111384K [0x0000000080000000, 0x0000000100000000)
  region size 1024K, 61 young (62464K), 8 survivors (8192K)
 Metaspace       used 72816K, capacity 74455K, committed 74624K, reserved 1114112K
  class space    used 9370K, capacity 10017K, committed 10112K, reserved 1048576K
}
Event: 11.818 GC heap after
{Heap after GC invocations=17 (full 0):
 garbage-first heap   total 157696K, used 61107K [0x0000000080000000, 0x0000000100000000)
  region size 1024K, 8 young (8192K), 8 survivors (8192K)
 Metaspace       used 72816K, capacity 74455K, committed 74624K, reserved 1114112K
  class space    used 9370K, capacity 10017K, committed 10112K, reserved 1048576K
}
Event: 12.530 GC heap before
{Heap before GC invocations=17 (full 0):
 garbage-first heap   total 157696K, used 115379K [0x0000000080000000, 0x0000000100000000)
  region size 1024K, 61 young (62464K), 8 survivors (8192K)
 Metaspace       used 77778K, capacity 79567K, committed 79744K, reserved 1118208K
  class space    used 10113K, capacity 10787K, committed 10880K, reserved 1048576K
}
Event: 12.543 GC heap after
{Heap after GC invocations=18 (full 0):
 garbage-first heap   total 157696K, used 63575K [0x0000000080000000, 0x0000000100000000)
  region size 1024K, 7 young (7168K), 7 survivors (7168K)
 Metaspace       used 77778K, capacity 79567K, committed 79744K, reserved 1118208K
  class space    used 10113K, capacity 10787K, committed 10880K, reserved 1048576K
}
Event: 13.436 GC heap before
{Heap before GC invocations=18 (full 0):
 garbage-first heap   total 157696K, used 116823K [0x0000000080000000, 0x0000000100000000)
  region size 1024K, 60 young (61440K), 7 survivors (7168K)
 Metaspace       used 82092K, capacity 84149K, committed 84224K, reserved 1122304K
  class space    used 10686K, capacity 11478K, committed 11520K, reserved 1048576K
}
Event: 13.449 GC heap after
{Heap after GC invocations=19 (full 0):
 garbage-first heap   total 157696K, used 67716K [0x0000000080000000, 0x0000000100000000)
  region size 1024K, 7 young (7168K), 7 survivors (7168K)
 Metaspace       used 82092K, capacity 84149K, committed 84224K, reserved 1122304K
  class space    used 10686K, capacity 11478K, committed 11520K, reserved 1048576K
}
Event: 14.026 GC heap before
{Heap before GC invocations=19 (full 0):
 garbage-first heap   total 157696K, used 120964K [0x0000000080000000, 0x0000000100000000)
  region size 1024K, 60 young (61440K), 7 survivors (7168K)
 Metaspace       used 82588K, capacity 84746K, committed 84864K, reserved 1122304K
  class space    used 10709K, capacity 11533K, committed 11648K, reserved 1048576K
}
Event: 14.040 GC heap after
{Heap after GC invocations=20 (full 0):
 garbage-first heap   total 189440K, used 71371K [0x0000000080000000, 0x0000000100000000)
  region size 1024K, 8 young (8192K), 8 survivors (8192K)
 Metaspace       used 82588K, capacity 84746K, committed 84864K, reserved 1122304K
  class space    used 10709K, capacity 11533K, committed 11648K, reserved 1048576K
}
Event: 14.796 GC heap before
{Heap before GC invocations=20 (full 0):
 garbage-first heap   total 189440K, used 137931K [0x0000000080000000, 0x0000000100000000)
  region size 1024K, 73 young (74752K), 8 survivors (8192K)
 Metaspace       used 86402K, capacity 88581K, committed 88832K, reserved 1126400K
  class space    used 11184K, capacity 12025K, committed 12032K, reserved 1048576K
}
Event: 14.805 GC heap after
{Heap after GC invocations=21 (full 0):
 garbage-first heap   total 189440K, used 74255K [0x0000000080000000, 0x0000000100000000)
  region size 1024K, 7 young (7168K), 7 survivors (7168K)
 Metaspace       used 86402K, capacity 88581K, committed 88832K, reserved 1126400K
  class space    used 11184K, capacity 12025K, committed 12032K, reserved 1048576K
}
Event: 15.619 GC heap before
{Heap before GC invocations=21 (full 0):
 garbage-first heap   total 189440K, used 141839K [0x0000000080000000, 0x0000000100000000)
  region size 1024K, 74 young (75776K), 7 survivors (7168K)
 Metaspace       used 88956K, capacity 91095K, committed 91264K, reserved 1128448K
  class space    used 11477K, capacity 12313K, committed 12416K, reserved 1048576K
}
Event: 15.632 GC heap after
{Heap after GC invocations=22 (full 0):
 garbage-first heap   total 189440K, used 78746K [0x0000000080000000, 0x0000000100000000)
  region size 1024K, 8 young (8192K), 8 survivors (8192K)
 Metaspace       used 88956K, capacity 91095K, committed 91264K, reserved 1128448K
  class space    used 11477K, capacity 12313K, committed 12416K, reserved 1048576K
}
Event: 16.719 GC heap before
{Heap before GC invocations=22 (full 0):
 garbage-first heap   total 189440K, used 146330K [0x0000000080000000, 0x0000000100000000)
  region size 1024K, 74 young (75776K), 8 survivors (8192K)
 Metaspace       used 96599K, capacity 99208K, committed 99456K, reserved 1134592K
  class space    used 12667K, capacity 13641K, committed 13696K, reserved 1048576K
}
Event: 16.728 GC heap after
{Heap after GC invocations=23 (full 0):
 garbage-first heap   total 189440K, used 81195K [0x0000000080000000, 0x0000000100000000)
  region size 1024K, 7 young (7168K), 7 survivors (7168K)
 Metaspace       used 96599K, capacity 99208K, committed 99456K, reserved 1134592K
  class space    used 12667K, capacity 13641K, committed 13696K, reserved 1048576K
}

Deoptimization events (20 events):
Event: 17.382 Thread 0x000001ddae59c000 DEOPT PACKING pc=0x000001dd9b80f56c sp=0x000000a188efef80
Event: 17.382 Thread 0x000001ddae59c000 DEOPT UNPACKING pc=0x000001dd937574af sp=0x000000a188efeeb8 mode 2
Event: 17.388 Thread 0x000001ddae59c000 Uncommon trap: trap_request=0xffffff4d fr.pc=0x000001dd9b80f25c relative=0x000000000000061c
Event: 17.388 Thread 0x000001ddae59c000 Uncommon trap: reason=unstable_if action=reinterpret pc=0x000001dd9b80f25c method=org.gradle.internal.file.DefaultFileHierarchySet$Node.contains(Ljava/lang/String;I)Z @ 91 c2
Event: 17.388 Thread 0x000001ddae59c000 DEOPT PACKING pc=0x000001dd9b80f25c sp=0x000000a188efef80
Event: 17.388 Thread 0x000001ddae59c000 DEOPT UNPACKING pc=0x000001dd937574af sp=0x000000a188efef40 mode 2
Event: 17.444 Thread 0x000001ddadb85800 DEOPT PACKING pc=0x000001dd947c315d sp=0x000000a18b6fd020
Event: 17.444 Thread 0x000001ddadb85800 DEOPT UNPACKING pc=0x000001dd937572ce sp=0x000000a18b6fc4d8 mode 0
Event: 17.483 Thread 0x000001ddadb85800 Uncommon trap: trap_request=0xffffff4d fr.pc=0x000001dd9b43f21c relative=0x000000000000007c
Event: 17.483 Thread 0x000001ddadb85800 Uncommon trap: reason=unstable_if action=reinterpret pc=0x000001dd9b43f21c method=java.util.HashMap$HashMapSpliterator.getFence()I @ 37 c2
Event: 17.483 Thread 0x000001ddadb85800 DEOPT PACKING pc=0x000001dd9b43f21c sp=0x000000a18b6fe170
Event: 17.483 Thread 0x000001ddadb85800 DEOPT UNPACKING pc=0x000001dd937574af sp=0x000000a18b6fe0e8 mode 2
Event: 17.495 Thread 0x000001ddb12d8800 Uncommon trap: trap_request=0xffffffde fr.pc=0x000001dd9b7d8b14 relative=0x0000000000000e54
Event: 17.495 Thread 0x000001ddb12d8800 Uncommon trap: reason=class_check action=maybe_recompile pc=0x000001dd9b7d8b14 method=org.gradle.internal.snapshot.ChildMap$Entry.handleAncestorDescendantOrExactMatch(Lorg/gradle/internal/snapshot/VfsRelativePath;Lorg/gradle/internal/snapshot/CaseSensitiv
Event: 17.495 Thread 0x000001ddb12d8800 DEOPT PACKING pc=0x000001dd9b7d8b14 sp=0x000000a18aefb440
Event: 17.495 Thread 0x000001ddb12d8800 DEOPT UNPACKING pc=0x000001dd937574af sp=0x000000a18aefb430 mode 2
Event: 17.495 Thread 0x000001ddb12d8800 Uncommon trap: trap_request=0xffffffde fr.pc=0x000001dd9b7d8b14 relative=0x0000000000000e54
Event: 17.495 Thread 0x000001ddb12d8800 Uncommon trap: reason=class_check action=maybe_recompile pc=0x000001dd9b7d8b14 method=org.gradle.internal.snapshot.ChildMap$Entry.handleAncestorDescendantOrExactMatch(Lorg/gradle/internal/snapshot/VfsRelativePath;Lorg/gradle/internal/snapshot/CaseSensitiv
Event: 17.495 Thread 0x000001ddb12d8800 DEOPT PACKING pc=0x000001dd9b7d8b14 sp=0x000000a18aefb2e0
Event: 17.495 Thread 0x000001ddb12d8800 DEOPT UNPACKING pc=0x000001dd937574af sp=0x000000a18aefb2d0 mode 2

Classes redefined (0 events):
No events

Internal exceptions (20 events):
Event: 16.457 Thread 0x000001ddadb84800 Exception <a 'java/lang/NoSuchMethodError'{0x00000000883161c8}: 'void java.lang.invoke.DirectMethodHandle$Holder.invokeSpecial(java.lang.Object, java.lang.Object, int, java.lang.Object)'> (0x00000000883161c8) thrown at [./src/hotspot/share/interpreter/linkResolver.cpp, line 773]
Event: 16.457 Thread 0x000001ddadb82800 Exception <a 'java/lang/NoSuchMethodError'{0x00000000883249e0}: 'void java.lang.invoke.DirectMethodHandle$Holder.invokeSpecial(java.lang.Object, java.lang.Object, int, java.lang.Object)'> (0x00000000883249e0) thrown at [./src/hotspot/share/interpreter/linkResolver.cpp, line 773]
Event: 16.481 Thread 0x000001ddadb82800 Exception <a 'java/lang/NoSuchMethodError'{0x000000008822cfd8}: 'void java.lang.invoke.DirectMethodHandle$Holder.invokeStatic(java.lang.Object, java.lang.Object, java.lang.Object, java.lang.Object, java.lang.Object, java.lang.Object, java.lang.Object, java.lang.Object, java.lang.Object, java.lang.Object, java.lang.Object)'> (0x000000008822cfd8) thrown at [./src/hotspot/share/interpreter/linkResolver.cpp, line 773]
Event: 16.482 Thread 0x000001ddadb82800 Exception <a 'java/lang/NoSuchMethodError'{0x0000000088245160}: 'java.lang.Object java.lang.invoke.DirectMethodHandle$Holder.invokeSpecial(java.lang.Object, java.lang.Object, java.lang.Object, java.lang.Object, java.lang.Object, java.lang.Object, java.lang.Object, java.lang.Object, java.lang.Object, java.lang.Object)'> (0x0000000088245160) thrown at [./src/hotspot/share/interpreter/linkResolver.cpp, line 773]
Event: 16.482 Thread 0x000001ddadb82800 Exception <a 'java/lang/NoSuchMethodError'{0x0000000088249250}: 'java.lang.Object java.lang.invoke.Invokers$Holder.linkToTargetMethod(java.lang.Object, java.lang.Object, java.lang.Object, java.lang.Object, java.lang.Object, java.lang.Object, java.lang.Object, java.lang.Object, java.lang.Object)'> (0x0000000088249250) thrown at [./src/hotspot/share/interpreter/linkResolver.cpp, line 773]
Event: 16.562 Thread 0x000001ddadb82800 Implicit null exception at 0x000001dd9b85e2da to 0x000001dd9b85eed4
Event: 16.572 Thread 0x000001ddadb82800 Exception <a 'java/lang/NoSuchMethodError'{0x0000000087b52b18}: 'void java.lang.invoke.DirectMethodHandle$Holder.invokeVirtual(java.lang.Object, java.lang.Object, int)'> (0x0000000087b52b18) thrown at [./src/hotspot/share/interpreter/linkResolver.cpp, line 773]
Event: 16.606 Thread 0x000001ddadb82800 Exception <a 'sun/nio/fs/WindowsException'{0x0000000087beacb8}> (0x0000000087beacb8) thrown at [./src/hotspot/share/prims/jni.cpp, line 615]
Event: 16.708 Thread 0x000001ddadb84800 Exception <a 'sun/nio/fs/WindowsException'{0x000000008778ef28}> (0x000000008778ef28) thrown at [./src/hotspot/share/prims/jni.cpp, line 615]
Event: 16.731 Thread 0x000001ddb12d8800 Exception <a 'java/lang/NoSuchMethodError'{0x000000008b89e640}: 'void java.lang.invoke.DirectMethodHandle$Holder.invokeStatic(java.lang.Object, java.lang.Object, java.lang.Object, java.lang.Object, java.lang.Object, java.lang.Object, java.lang.Object)'> (0x000000008b89e640) thrown at [./src/hotspot/share/interpreter/linkResolver.cpp, line 773]
Event: 16.739 Thread 0x000001ddadeef800 Exception <a 'java/lang/NoSuchMethodError'{0x000000008b609d08}: <clinit>> (0x000000008b609d08) thrown at [./src/hotspot/share/prims/jni.cpp, line 1362]
Event: 16.933 Thread 0x000001ddb12d8800 Exception <a 'java/lang/NoSuchMethodError'{0x000000008ad60770}: <clinit>> (0x000000008ad60770) thrown at [./src/hotspot/share/prims/jni.cpp, line 1362]
Event: 17.056 Thread 0x000001ddadb85800 Exception <a 'sun/nio/fs/WindowsException'{0x000000008aa4cf08}> (0x000000008aa4cf08) thrown at [./src/hotspot/share/prims/jni.cpp, line 615]
Event: 17.064 Thread 0x000001ddadb85800 Implicit null exception at 0x000001dd9b7c6658 to 0x000001dd9b7c8ec0
Event: 17.161 Thread 0x000001ddadb85800 Exception <a 'java/lang/NoSuchMethodError'{0x000000008a666360}: 'java.lang.Object java.lang.invoke.DirectMethodHandle$Holder.invokeStatic(java.lang.Object, java.lang.Object, java.lang.Object, java.lang.Object, java.lang.Object, int, java.lang.Object)'> (0x000000008a666360) thrown at [./src/hotspot/share/interpreter/linkResolver.cpp, line 773]
Event: 17.214 Thread 0x000001ddadb85800 Exception <a 'java/lang/NoSuchMethodError'{0x000000008a2650c8}: 'java.lang.Object java.lang.invoke.DirectMethodHandle$Holder.invokeStatic(java.lang.Object, java.lang.Object, java.lang.Object, java.lang.Object, java.lang.Object, java.lang.Object, java.lang.Object, int)'> (0x000000008a2650c8) thrown at [./src/hotspot/share/interpreter/linkResolver.cpp, line 773]
Event: 17.214 Thread 0x000001ddadb85800 Exception <a 'java/lang/NoSuchMethodError'{0x000000008a2697a8}: 'java.lang.Object java.lang.invoke.DirectMethodHandle$Holder.invokeSpecial(java.lang.Object, java.lang.Object, java.lang.Object, java.lang.Object, java.lang.Object, java.lang.Object, java.lang.Object, java.lang.Object, int)'> (0x000000008a2697a8) thrown at [./src/hotspot/share/interpreter/linkResolver.cpp, line 773]
Event: 17.214 Thread 0x000001ddadb85800 Exception <a 'java/lang/NoSuchMethodError'{0x000000008a26d560}: 'java.lang.Object java.lang.invoke.Invokers$Holder.linkToTargetMethod(java.lang.Object, java.lang.Object, java.lang.Object, java.lang.Object, java.lang.Object, java.lang.Object, int, java.lang.Object)'> (0x000000008a26d560) thrown at [./src/hotspot/share/interpreter/linkResolver.cpp, line 773]
Event: 17.481 Thread 0x000001ddadb85800 Exception <a 'java/lang/NoSuchMethodError'{0x0000000089558098}: 'java.lang.Object java.lang.invoke.DirectMethodHandle$Holder.invokeVirtual(java.lang.Object, java.lang.Object, int)'> (0x0000000089558098) thrown at [./src/hotspot/share/interpreter/linkResolver.cpp, line 773]
Event: 17.483 Thread 0x000001ddadb85800 Implicit null exception at 0x000001dd9b43f1eb to 0x000001dd9b43f20c

Events (20 events):
Event: 17.484 loading class com/android/builder/files/RelativeFile
Event: 17.484 loading class com/android/builder/files/RelativeFile done
Event: 17.484 loading class java/util/stream/DistinctOps
Event: 17.484 loading class java/util/stream/DistinctOps done
Event: 17.484 loading class java/util/stream/DistinctOps$1
Event: 17.485 loading class java/util/stream/DistinctOps$1 done
Event: 17.485 Executing VM operation: Deoptimize
Event: 17.486 Executing VM operation: Deoptimize done
Event: 17.486 loading class com/android/builder/files/KeyedFileCache
Event: 17.486 loading class com/android/builder/files/KeyedFileCache done
Event: 17.486 loading class com/android/builder/files/KeyedFileCache
Event: 17.486 loading class com/android/builder/files/KeyedFileCache done
Event: 17.487 loading class java/util/stream/DistinctOps$1$2
Event: 17.487 loading class java/util/stream/DistinctOps$1$2 done
Event: 17.488 loading class com/android/build/api/variant/impl/BuiltArtifactsImpl$persist$1
Event: 17.488 loading class com/android/build/api/variant/impl/BuiltArtifactsImpl$persist$1 done
Event: 17.489 loading class com/google/gson/internal/Streams
Event: 17.489 loading class com/google/gson/internal/Streams done
Event: 17.490 loading class com/google/gson/internal/Streams$AppendableWriter
Event: 17.490 loading class com/google/gson/internal/Streams$AppendableWriter done


Dynamic libraries:
0x00007ff61e4e0000 - 0x00007ff61e4ea000 	C:\Users\Dark Knight\Desktop\Android Studio\jre\bin\java.exe
0x00007ffee3570000 - 0x00007ffee3765000 	C:\WINDOWS\SYSTEM32\ntdll.dll
0x00007ffee15f0000 - 0x00007ffee16ad000 	C:\WINDOWS\System32\KERNEL32.DLL
0x00007ffee12d0000 - 0x00007ffee1599000 	C:\WINDOWS\System32\KERNELBASE.dll
0x00007ffee0cd0000 - 0x00007ffee0dd0000 	C:\WINDOWS\System32\ucrtbase.dll
0x00007ffec8f70000 - 0x00007ffec8f87000 	C:\Users\Dark Knight\Desktop\Android Studio\jre\bin\VCRUNTIME140.dll
0x00007ffebbaa0000 - 0x00007ffebbab9000 	C:\Users\Dark Knight\Desktop\Android Studio\jre\bin\jli.dll
0x00007ffee1f30000 - 0x00007ffee20d0000 	C:\WINDOWS\System32\USER32.dll
0x00007ffee0ca0000 - 0x00007ffee0cc2000 	C:\WINDOWS\System32\win32u.dll
0x00007ffee20d0000 - 0x00007ffee20fa000 	C:\WINDOWS\System32\GDI32.dll
0x00007ffee11c0000 - 0x00007ffee12cb000 	C:\WINDOWS\System32\gdi32full.dll
0x00007ffecb000000 - 0x00007ffecb29a000 	C:\WINDOWS\WinSxS\amd64_microsoft.windows.common-controls_6595b64144ccf1df_6.0.19041.1110_none_60b5254171f9507e\COMCTL32.dll
0x00007ffee0dd0000 - 0x00007ffee0e6d000 	C:\WINDOWS\System32\msvcp_win.dll
0x00007ffee32b0000 - 0x00007ffee334e000 	C:\WINDOWS\System32\msvcrt.dll
0x00007ffee23d0000 - 0x00007ffee2400000 	C:\WINDOWS\System32\IMM32.DLL
0x00007ffea9a60000 - 0x00007ffea9afd000 	C:\Users\Dark Knight\Desktop\Android Studio\jre\bin\msvcp140.dll
0x00007ffe83f00000 - 0x00007ffe849bc000 	C:\Users\Dark Knight\Desktop\Android Studio\jre\bin\server\jvm.dll
0x00007ffee1780000 - 0x00007ffee182c000 	C:\WINDOWS\System32\ADVAPI32.dll
0x00007ffee1830000 - 0x00007ffee18cb000 	C:\WINDOWS\System32\sechost.dll
0x00007ffee3350000 - 0x00007ffee347a000 	C:\WINDOWS\System32\RPCRT4.dll
0x00007ffee2d90000 - 0x00007ffee2d98000 	C:\WINDOWS\System32\PSAPI.DLL
0x00007ffecdba0000 - 0x00007ffecdba9000 	C:\WINDOWS\SYSTEM32\WSOCK32.dll
0x00007ffecb2b0000 - 0x00007ffecb2d7000 	C:\WINDOWS\SYSTEM32\WINMM.dll
0x00007ffed7fc0000 - 0x00007ffed7fca000 	C:\WINDOWS\SYSTEM32\VERSION.dll
0x00007ffee2360000 - 0x00007ffee23cb000 	C:\WINDOWS\System32\WS2_32.dll
0x00007ffedf530000 - 0x00007ffedf542000 	C:\WINDOWS\SYSTEM32\kernel.appcore.dll
0x00007ffeafc50000 - 0x00007ffeafc61000 	C:\Users\Dark Knight\Desktop\Android Studio\jre\bin\verify.dll
0x00007ffedeab0000 - 0x00007ffedec94000 	C:\WINDOWS\SYSTEM32\DBGHELP.DLL
0x00007ffec9830000 - 0x00007ffec985c000 	C:\WINDOWS\SYSTEM32\dbgcore.DLL
0x00007ffee0f70000 - 0x00007ffee0ff3000 	C:\WINDOWS\System32\bcryptPrimitives.dll
0x00007ffe9f600000 - 0x00007ffe9f629000 	C:\Users\Dark Knight\Desktop\Android Studio\jre\bin\java.dll
0x00007ffec2780000 - 0x00007ffec278b000 	C:\Users\Dark Knight\Desktop\Android Studio\jre\bin\jimage.dll
0x00007ffeaf7a0000 - 0x00007ffeaf7b8000 	C:\Users\Dark Knight\Desktop\Android Studio\jre\bin\zip.dll
0x00007ffee25f0000 - 0x00007ffee2d2f000 	C:\WINDOWS\System32\SHELL32.dll
0x00007ffeded90000 - 0x00007ffedf520000 	C:\WINDOWS\SYSTEM32\windows.storage.dll
0x00007ffee2da0000 - 0x00007ffee30f5000 	C:\WINDOWS\System32\combase.dll
0x00007ffee0700000 - 0x00007ffee072c000 	C:\WINDOWS\SYSTEM32\Wldp.dll
0x00007ffee1e80000 - 0x00007ffee1f2e000 	C:\WINDOWS\System32\SHCORE.dll
0x00007ffee2400000 - 0x00007ffee2455000 	C:\WINDOWS\System32\shlwapi.dll
0x00007ffee0be0000 - 0x00007ffee0bff000 	C:\WINDOWS\SYSTEM32\profapi.dll
0x00007ffed8280000 - 0x00007ffed829a000 	C:\Users\Dark Knight\Desktop\Android Studio\jre\bin\net.dll
0x00007ffed5b40000 - 0x00007ffed5c48000 	C:\WINDOWS\SYSTEM32\WINHTTP.dll
0x00007ffee0460000 - 0x00007ffee04ca000 	C:\WINDOWS\system32\mswsock.dll
0x00007ffed8260000 - 0x00007ffed8274000 	C:\Users\Dark Knight\Desktop\Android Studio\jre\bin\nio.dll
0x00007ffeba130000 - 0x00007ffeba157000 	C:\Users\Dark Knight\.gradle\native\8bec1ad78214c89d9ad589b4d07fe93259594b29d510b10fafb7a158f7737e5d\windows-amd64\native-platform.dll
0x00007ffea9dc0000 - 0x00007ffea9efd000 	C:\Users\Dark Knight\.gradle\native\53dbd7edfb1c66fb8903c78663c9afc45aea4f116125fa6feffd364cf09443e8\windows-amd64\native-platform-file-events.dll
0x00007ffedc030000 - 0x00007ffedc03a000 	C:\Users\Dark Knight\Desktop\Android Studio\jre\bin\management.dll
0x00007ffed8250000 - 0x00007ffed825c000 	C:\Users\Dark Knight\Desktop\Android Studio\jre\bin\management_ext.dll
0x00007ffee0650000 - 0x00007ffee0668000 	C:\WINDOWS\SYSTEM32\CRYPTSP.dll
0x00007ffedfd70000 - 0x00007ffedfda4000 	C:\WINDOWS\system32\rsaenh.dll
0x00007ffee15a0000 - 0x00007ffee15c7000 	C:\WINDOWS\System32\bcrypt.dll
0x00007ffee0ba0000 - 0x00007ffee0bce000 	C:\WINDOWS\SYSTEM32\USERENV.dll
0x00007ffee0670000 - 0x00007ffee067c000 	C:\WINDOWS\SYSTEM32\CRYPTBASE.dll
0x00007ffee0100000 - 0x00007ffee013b000 	C:\WINDOWS\SYSTEM32\IPHLPAPI.DLL
0x00007ffee18d0000 - 0x00007ffee18d8000 	C:\WINDOWS\System32\NSI.dll
0x00007ffecfdf0000 - 0x00007ffecfe07000 	C:\WINDOWS\SYSTEM32\dhcpcsvc6.DLL
0x00007ffed0340000 - 0x00007ffed035d000 	C:\WINDOWS\SYSTEM32\dhcpcsvc.DLL
0x00007ffee0140000 - 0x00007ffee020c000 	C:\WINDOWS\SYSTEM32\DNSAPI.dll
0x00007ffed09f0000 - 0x00007ffed0a17000 	C:\Users\Dark Knight\Desktop\Android Studio\jre\bin\sunec.dll

dbghelp: loaded successfully - version: 4.0.5 - missing functions: none
symbol engine: initialized successfully - sym options: 0x614 - pdb path: .;C:\Users\Dark Knight\Desktop\Android Studio\jre\bin;C:\WINDOWS\SYSTEM32;C:\WINDOWS\WinSxS\amd64_microsoft.windows.common-controls_6595b64144ccf1df_6.0.19041.1110_none_60b5254171f9507e;C:\Users\Dark Knight\Desktop\Android Studio\jre\bin\server;C:\Users\Dark Knight\.gradle\native\8bec1ad78214c89d9ad589b4d07fe93259594b29d510b10fafb7a158f7737e5d\windows-amd64;C:\Users\Dark Knight\.gradle\native\53dbd7edfb1c66fb8903c78663c9afc45aea4f116125fa6feffd364cf09443e8\windows-amd64

VM Arguments:
jvm_args: --add-opens=java.base/java.util=ALL-UNNAMED --add-opens=java.base/java.lang=ALL-UNNAMED --add-opens=java.base/java.lang.invoke=ALL-UNNAMED --add-opens=java.base/java.util=ALL-UNNAMED --add-opens=java.prefs/java.util.prefs=ALL-UNNAMED --add-opens=java.prefs/java.util.prefs=ALL-UNNAMED --add-opens=java.base/java.nio.charset=ALL-UNNAMED --add-opens=java.base/java.net=ALL-UNNAMED --add-opens=java.base/java.util.concurrent.atomic=ALL-UNNAMED -Xmx2048m -Dfile.encoding=UTF-8 -Duser.country=IN -Duser.language=en -Duser.variant 
java_command: org.gradle.launcher.daemon.bootstrap.GradleDaemon 7.0.2
java_class_path (initial): C:\Users\Dark Knight\.gradle\wrapper\dists\gradle-7.0.2-bin\857tjihv64xamwrf0h14cai3r\gradle-7.0.2\lib\gradle-launcher-7.0.2.jar
Launcher Type: SUN_STANDARD

[Global flags]
     intx CICompilerCount                          = 4                                         {product} {ergonomic}
     uint ConcGCThreads                            = 2                                         {product} {ergonomic}
     uint G1ConcRefinementThreads                  = 8                                         {product} {ergonomic}
   size_t G1HeapRegionSize                         = 1048576                                   {product} {ergonomic}
    uintx GCDrainStackTargetSize                   = 64                                        {product} {ergonomic}
   size_t InitialHeapSize                          = 134217728                                 {product} {ergonomic}
   size_t MarkStackSize                            = 4194304                                   {product} {ergonomic}
   size_t MaxHeapSize                              = 2147483648                                {product} {command line}
   size_t MaxNewSize                               = 1287651328                                {product} {ergonomic}
   size_t MinHeapDeltaBytes                        = 1048576                                   {product} {ergonomic}
    uintx NonNMethodCodeHeapSize                   = 5836300                                {pd product} {ergonomic}
    uintx NonProfiledCodeHeapSize                  = 122910970                              {pd product} {ergonomic}
    uintx ProfiledCodeHeapSize                     = 122910970                              {pd product} {ergonomic}
    uintx ReservedCodeCacheSize                    = 251658240                              {pd product} {ergonomic}
     bool SegmentedCodeCache                       = true                                      {product} {ergonomic}
     bool UseCompressedClassPointers               = true                                 {lp64_product} {ergonomic}
     bool UseCompressedOops                        = true                                 {lp64_product} {ergonomic}
     bool UseG1GC                                  = true                                      {product} {ergonomic}
     bool UseLargePagesIndividualAllocation        = false                                  {pd product} {ergonomic}

Logging:
Log output configuration:
 #0: stdout all=warning uptime,level,tags
 #1: stderr all=off uptime,level,tags

Environment Variables:
PATH=C:\Windows\system32;C:\Windows;C:\Windows\System32\Wbem;C:\Windows\System32\WindowsPowerShell\v1.0\;C:\Windows\System32\OpenSSH\;C:\Program Files (x86)\NVIDIA Corporation\PhysX\Common;C:\Program Files\NVIDIA Corporation\NVIDIA NvDLISR;C:\WINDOWS\system32;C:\WINDOWS;C:\WINDOWS\System32\Wbem;C:\WINDOWS\System32\WindowsPowerShell\v1.0\;C:\WINDOWS\System32\OpenSSH\;C:\MinGW\bin;C:\Program Files\MEGA-X;C:\WINDOWS\system32;C:\WINDOWS;C:\WINDOWS\System32\Wbem;C:\WINDOWS\System32\WindowsPowerShell\v1.0\;C:\WINDOWS\System32\OpenSSH\;C:\Program Files\Git\cmd;C:\Users\Dark Knight\AppData\Local\Microsoft\WindowsApps;C:\Users\Dark Knight\AppData\Local\atom\bin;C:\MinGW\bin;C:\Program Files (x86)\Microsoft Visual Studio\2019\BuildTools\MSBuild\Current\Bin;C:\Users\Dark Knight\AppData\Local\Microsoft\WindowsApps
USERNAME=Dark Knight
OS=Windows_NT
PROCESSOR_IDENTIFIER=Intel64 Family 6 Model 158 Stepping 10, GenuineIntel



---------------  S Y S T E M  ---------------

OS: Windows 10 , 64 bit Build 19041 (10.0.19041.1151)
OS uptime: 17 days 0:10 hours

CPU:total 8 (initial active 8) (4 cores per cpu, 2 threads per core) family 6 model 158 stepping 10, cmov, cx8, fxsr, mmx, sse, sse2, sse3, ssse3, sse4.1, sse4.2, popcnt, avx, avx2, aes, clmul, erms, 3dnowpref, lzcnt, ht, tsc, tscinvbit, bmi1, bmi2, adx, fma

Memory: 4k page, system-wide physical 8072M (899M free)
TotalPageFile size 12168M (AvailPageFile size 5M)
current process WorkingSet (physical memory assigned to process): 475M, peak: 475M
current process commit charge ("private bytes"): 512M, peak: 513M

vm_info: OpenJDK 64-Bit Server VM (11.0.8+10-b944.6842174) for windows-amd64 JRE (11.0.8+10-b944.6842174), built on Sep 19 2020 01:11:42 by "builder" with MS VC++ 14.0 (VS2015)

END.
