#
# There is insufficient memory for the Java Runtime Environment to continue.
# Native memory allocation (malloc) failed to allocate 1714736 bytes for Chunk::new
# Possible reasons:
#   The system is out of physical RAM or swap space
#   The process is running with CompressedOops enabled, and the Java Heap may be blocking the growth of the native heap
# Possible solutions:
#   Reduce memory load on the system
#   Increase physical memory or swap space
#   Check if swap backing store is full
#   Decrease Java heap size (-Xmx/-Xms)
#   Decrease number of Java threads
#   Decrease Java thread stack sizes (-Xss)
#   Set larger code cache with -XX:ReservedCodeCacheSize=
#   JVM is running with Unscaled Compressed Oops mode in which the Java heap is
#     placed in the first 4GB address space. The Java Heap base address is the
#     maximum limit for the native heap growth. Please use -XX:HeapBaseMinAddress
#     to set the Java Heap base and to place the Java Heap above 4GB virtual address.
# This output file may be truncated or incomplete.
#
#  Out of Memory Error (./src/hotspot/share/memory/arena.cpp:197), pid=55064, tid=52080
#
# JRE version: OpenJDK Runtime Environment (11.0.8+10) (build 11.0.8+10-b944.6842174)
# Java VM: OpenJDK 64-Bit Server VM (11.0.8+10-b944.6842174, mixed mode, tiered, compressed oops, g1 gc, windows-amd64)
# No core dump will be written. Minidumps are not enabled by default on client versions of Windows
#

---------------  S U M M A R Y ------------

Command Line: --add-opens=java.base/java.util=ALL-UNNAMED --add-opens=java.base/java.lang=ALL-UNNAMED --add-opens=java.base/java.lang.invoke=ALL-UNNAMED --add-opens=java.base/java.util=ALL-UNNAMED --add-opens=java.prefs/java.util.prefs=ALL-UNNAMED --add-opens=java.prefs/java.util.prefs=ALL-UNNAMED --add-opens=java.base/java.nio.charset=ALL-UNNAMED --add-opens=java.base/java.net=ALL-UNNAMED --add-opens=java.base/java.util.concurrent.atomic=ALL-UNNAMED -Xmx2048m -Dfile.encoding=UTF-8 -Duser.country=IN -Duser.language=en -Duser.variant org.gradle.launcher.daemon.bootstrap.GradleDaemon 7.0.2

Host: Intel(R) Core(TM) i5-9300H CPU @ 2.40GHz, 8 cores, 7G,  Windows 10 , 64 bit Build 19041 (10.0.19041.1151)
Time: Wed Sep  1 19:45:03 2021 India Standard Time elapsed time: 299 seconds (0d 0h 4m 59s)

---------------  T H R E A D  ---------------

Current thread (0x00000299ffb50000):  JavaThread "C2 CompilerThread0" daemon [_thread_in_native, id=52080, stack(0x000000c002900000,0x000000c002a00000)]


Current CompileTask:
C2: 299537 17677   !   4       java.io.ObjectOutputStream::writeObject0 (619 bytes)

Stack: [0x000000c002900000,0x000000c002a00000]
Native frames: (J=compiled Java code, j=interpreted, Vv=VM code, C=native code)
V  [jvm.dll+0x5de50a]
V  [jvm.dll+0x7122f5]
V  [jvm.dll+0x71384d]
V  [jvm.dll+0x713f03]
V  [jvm.dll+0x23e728]
V  [jvm.dll+0xb899c]
V  [jvm.dll+0xb8e9c]
V  [jvm.dll+0x35020b]
V  [jvm.dll+0x193cbc]
V  [jvm.dll+0x1f780e]
V  [jvm.dll+0x1f68d4]
V  [jvm.dll+0x17f32c]
V  [jvm.dll+0x205047]
V  [jvm.dll+0x203891]
V  [jvm.dll+0x6dad3f]
V  [jvm.dll+0x6d3895]
V  [jvm.dll+0x5dd4a6]
C  [ucrtbase.dll+0x21bb2]
C  [KERNEL32.DLL+0x17034]
C  [ntdll.dll+0x52651]


---------------  P R O C E S S  ---------------

Threads class SMR info:
_java_thread_list=0x000002999ca1d860, length=86, elements={
0x00000299fc12d000, 0x00000299ffb34800, 0x00000299ffb35800, 0x00000299ffb4b800,
0x00000299ffb4c800, 0x00000299ffb50000, 0x00000299ffb54800, 0x00000299ffb59000,
0x000002999922f800, 0x0000029999240800, 0x000002999a8e5800, 0x000002999a6c0800,
0x000002999acce800, 0x000002999c193000, 0x000002999c191800, 0x000002999c18e000,
0x000002999c18d000, 0x000002999c18f000, 0x000002999fcb7800, 0x000002999fcb6800,
0x000002999fcba000, 0x000002999fcb4000, 0x000002999fcbb800, 0x000002999fcc1000,
0x000002999cb4f000, 0x000002999cb50000, 0x000002999cb4b800, 0x000002999cb4a000,
0x000002999cb50800, 0x000002999cb51800, 0x00000299a439d800, 0x00000299a43a0000,
0x00000299a439a800, 0x00000299a439d000, 0x00000299a43a1000, 0x000002999c98b000,
0x000002999c98c000, 0x000002999c98a800, 0x000002999cb52000, 0x000002999fcbe800,
0x000002999fcbd000, 0x000002999fcba800, 0x000002999fcbe000, 0x000002999fcb8000,
0x000002999fcbc000, 0x000002999fcb9000, 0x000002999fcc2000, 0x000002999fcbf800,
0x000002999fcc0800, 0x000002999c992800, 0x000002999c990000, 0x000002999c993800,
0x000002999c98f000, 0x000002999c991800, 0x000002999c98d800, 0x000002999c994000,
0x000002999c98e800, 0x000002999c995000, 0x000002999c996000, 0x000002999c996800,
0x000002999c998000, 0x00000299a4399800, 0x00000299a4398800, 0x00000299a439e800,
0x00000299a439f000, 0x00000299a439b000, 0x00000299a43a1800, 0x00000299a439c000,
0x00000299a43a4000, 0x00000299a43a6000, 0x00000299a43a2800, 0x00000299a43a5000,
0x00000299a43a3800, 0x00000299a43a6800, 0x000002999cb4c800, 0x000002999cb4b000,
0x000002999cb53000, 0x000002999cb54000, 0x000002999cb4e000, 0x000002999cb56800,
0x000002999cb58000, 0x000002999cb58800, 0x000002999cb57000, 0x000002999cb54800,
0x000002999cb55800, 0x000002999c18f800
}

Java Threads: ( => current thread )
  0x00000299fc12d000 JavaThread "main" [_thread_blocked, id=51268, stack(0x000000c001e00000,0x000000c001f00000)]
  0x00000299ffb34800 JavaThread "Reference Handler" daemon [_thread_blocked, id=33940, stack(0x000000c002500000,0x000000c002600000)]
  0x00000299ffb35800 JavaThread "Finalizer" daemon [_thread_blocked, id=26360, stack(0x000000c002600000,0x000000c002700000)]
  0x00000299ffb4b800 JavaThread "Signal Dispatcher" daemon [_thread_blocked, id=29060, stack(0x000000c002700000,0x000000c002800000)]
  0x00000299ffb4c800 JavaThread "Attach Listener" daemon [_thread_blocked, id=26944, stack(0x000000c002800000,0x000000c002900000)]
=>0x00000299ffb50000 JavaThread "C2 CompilerThread0" daemon [_thread_in_native, id=52080, stack(0x000000c002900000,0x000000c002a00000)]
  0x00000299ffb54800 JavaThread "C1 CompilerThread0" daemon [_thread_blocked, id=53284, stack(0x000000c002a00000,0x000000c002b00000)]
  0x00000299ffb59000 JavaThread "Sweeper thread" daemon [_thread_blocked, id=50588, stack(0x000000c002b00000,0x000000c002c00000)]
  0x000002999922f800 JavaThread "Common-Cleaner" daemon [_thread_blocked, id=53480, stack(0x000000c002c00000,0x000000c002d00000)]
  0x0000029999240800 JavaThread "Service Thread" daemon [_thread_blocked, id=51888, stack(0x000000c002d00000,0x000000c002e00000)]
  0x000002999a8e5800 JavaThread "Daemon health stats" [_thread_blocked, id=28900, stack(0x000000c003300000,0x000000c003400000)]
  0x000002999a6c0800 JavaThread "Incoming local TCP Connector on port 61957" [_thread_in_native, id=40748, stack(0x000000c002f00000,0x000000c003000000)]
  0x000002999acce800 JavaThread "Daemon periodic checks" [_thread_blocked, id=34100, stack(0x000000c003200000,0x000000c003300000)]
  0x000002999c193000 JavaThread "Cache worker for file hash cache (C:\Users\Dark Knight\.gradle\caches\7.0.2\fileHashes)" [_thread_blocked, id=28428, stack(0x000000c004100000,0x000000c004200000)]
  0x000002999c191800 JavaThread "File lock request listener" [_thread_in_native, id=54944, stack(0x000000c004200000,0x000000c004300000)]
  0x000002999c18e000 JavaThread "Cache worker for journal cache (C:\Users\Dark Knight\.gradle\caches\journal-1)" [_thread_blocked, id=52564, stack(0x000000c004400000,0x000000c004500000)]
  0x000002999c18d000 JavaThread "File watcher server" daemon [_thread_in_native, id=42524, stack(0x000000c004600000,0x000000c004700000)]
  0x000002999c18f000 JavaThread "File watcher consumer" daemon [_thread_blocked, id=44840, stack(0x000000c004700000,0x000000c004800000)]
  0x000002999fcb7800 JavaThread "Cache worker for execution history cache (C:\Users\Dark Knight\.gradle\caches\7.0.2\executionHistory)" [_thread_blocked, id=50392, stack(0x000000c004c00000,0x000000c004d00000)]
  0x000002999fcb6800 JavaThread "jar transforms" [_thread_blocked, id=48180, stack(0x000000c004d00000,0x000000c004e00000)]
  0x000002999fcba000 JavaThread "jar transforms Thread 2" [_thread_blocked, id=40320, stack(0x000000c004e00000,0x000000c004f00000)]
  0x000002999fcb4000 JavaThread "Cache worker for file content cache (C:\Users\Dark Knight\.gradle\caches\7.0.2\fileContent)" [_thread_blocked, id=15356, stack(0x000000c004f00000,0x000000c005000000)]
  0x000002999fcbb800 JavaThread "jar transforms Thread 3" [_thread_blocked, id=54004, stack(0x000000c005100000,0x000000c005200000)]
  0x000002999fcc1000 JavaThread "jar transforms Thread 4" [_thread_blocked, id=52516, stack(0x000000c005b00000,0x000000c005c00000)]
  0x000002999cb4f000 JavaThread "jar transforms Thread 5" [_thread_blocked, id=47560, stack(0x000000c005c00000,0x000000c005d00000)]
  0x000002999cb50000 JavaThread "jar transforms Thread 6" [_thread_blocked, id=50076, stack(0x000000c005d00000,0x000000c005e00000)]
  0x000002999cb4b800 JavaThread "jar transforms Thread 7" [_thread_blocked, id=39556, stack(0x000000c005e00000,0x000000c005f00000)]
  0x000002999cb4a000 JavaThread "jar transforms Thread 8" [_thread_blocked, id=48340, stack(0x000000c005f00000,0x000000c006000000)]
  0x000002999cb50800 JavaThread "Memory manager" [_thread_blocked, id=39116, stack(0x000000c006000000,0x000000c006100000)]
  0x000002999cb51800 JavaThread "pool-3-thread-1" [_thread_blocked, id=53200, stack(0x000000c006200000,0x000000c006300000)]
  0x00000299a439d800 JavaThread "RMI Scheduler(0)" daemon [_thread_blocked, id=48168, stack(0x000000c003800000,0x000000c003900000)]
  0x00000299a43a0000 JavaThread "RMI GC Daemon" daemon [_thread_blocked, id=48952, stack(0x000000c007700000,0x000000c007800000)]
  0x00000299a439a800 JavaThread "RMI TCP Accept-0" daemon [_thread_in_native, id=17364, stack(0x000000c007800000,0x000000c007900000)]
  0x00000299a439d000 JavaThread "RMI Reaper" [_thread_blocked, id=47136, stack(0x000000c007900000,0x000000c007a00000)]
  0x00000299a43a1000 JavaThread "Cache worker for Java compile cache (C:\Users\Dark Knight\.gradle\caches\7.0.2\javaCompile)" [_thread_blocked, id=53140, stack(0x000000c007e00000,0x000000c007f00000)]
  0x000002999c98b000 JavaThread "ForkJoinPool.commonPool-worker-9" daemon [_thread_blocked, id=37088, stack(0x000000c008800000,0x000000c008900000)]
  0x000002999c98c000 JavaThread "ForkJoinPool.commonPool-worker-11" daemon [_thread_blocked, id=49908, stack(0x000000c008900000,0x000000c008a00000)]
  0x000002999c98a800 JavaThread "ForkJoinPool.commonPool-worker-13" daemon [_thread_blocked, id=51260, stack(0x000000c008a00000,0x000000c008b00000)]
  0x000002999cb52000 JavaThread "pool-8-thread-1" [_thread_blocked, id=15344, stack(0x000000c005a00000,0x000000c005b00000)]
  0x000002999fcbe800 JavaThread "ForkJoinPool.commonPool-worker-1" daemon [_thread_blocked, id=52668, stack(0x000000c008000000,0x000000c008100000)]
  0x000002999fcbd000 JavaThread "Daemon Thread 3" [_thread_blocked, id=43740, stack(0x000000c001b00000,0x000000c001c00000)]
  0x000002999fcba800 JavaThread "Handler for socket connection from /127.0.0.1:61957 to /127.0.0.1:62029" [_thread_in_native, id=30768, stack(0x000000c001c00000,0x000000c001d00000)]
  0x000002999fcbe000 JavaThread "Cancel handler" [_thread_blocked, id=39812, stack(0x000000c001d00000,0x000000c001e00000)]
  0x000002999fcb8000 JavaThread "Daemon worker Thread 3" [_thread_blocked, id=45400, stack(0x000000c003400000,0x000000c003500000)]
  0x000002999fcbc000 JavaThread "Asynchronous log dispatcher for DefaultDaemonConnection: socket connection from /127.0.0.1:61957 to /127.0.0.1:62029" [_thread_blocked, id=53940, stack(0x000000c003500000,0x000000c003600000)]
  0x000002999fcb9000 JavaThread "Stdin handler" [_thread_blocked, id=40544, stack(0x000000c003600000,0x000000c003700000)]
  0x000002999fcc2000 JavaThread "Daemon client event forwarder" [_thread_blocked, id=38748, stack(0x000000c003700000,0x000000c003800000)]
  0x000002999fcbf800 JavaThread "Cache worker for file hash cache (C:\Android Projects\Udemy TUTORIAL\7MinuteWorkout2\.gradle\7.0.2\fileHashes)" [_thread_blocked, id=23364, stack(0x000000c003900000,0x000000c003a00000)]
  0x000002999fcc0800 JavaThread "Cache worker for checksums cache (C:\Android Projects\Udemy TUTORIAL\7MinuteWorkout2\.gradle\checksums)" [_thread_blocked, id=47212, stack(0x000000c003a00000,0x000000c003b00000)]
  0x000002999c992800 JavaThread "Cache worker for cache directory md-supplier (C:\Users\Dark Knight\.gradle\caches\7.0.2\md-supplier)" [_thread_blocked, id=25536, stack(0x000000c003b00000,0x000000c003c00000)]
  0x000002999c990000 JavaThread "Cache worker for cache directory md-rule (C:\Users\Dark Knight\.gradle\caches\7.0.2\md-rule)" [_thread_blocked, id=53392, stack(0x000000c004500000,0x000000c004600000)]
  0x000002999c993800 JavaThread "Cache worker for dependencies-accessors (C:\Android Projects\Udemy TUTORIAL\7MinuteWorkout2\.gradle\7.0.2\dependencies-accessors)" [_thread_blocked, id=30024, stack(0x000000c004800000,0x000000c004900000)]
  0x000002999c98f000 JavaThread "Cache worker for Build Output Cleanup Cache (C:\Android Projects\Udemy TUTORIAL\7MinuteWorkout2\.gradle\buildOutputCleanup)" [_thread_blocked, id=54776, stack(0x000000c004900000,0x000000c004a00000)]
  0x000002999c991800 JavaThread "Build operations" [_thread_blocked, id=54172, stack(0x000000c004b00000,0x000000c004c00000)]
  0x000002999c98d800 JavaThread "Build operations Thread 2" [_thread_blocked, id=51288, stack(0x000000c005000000,0x000000c005100000)]
  0x000002999c994000 JavaThread "Build operations Thread 3" [_thread_blocked, id=41236, stack(0x000000c005200000,0x000000c005300000)]
  0x000002999c98e800 JavaThread "Build operations Thread 4" [_thread_blocked, id=50692, stack(0x000000c005300000,0x000000c005400000)]
  0x000002999c995000 JavaThread "Build operations Thread 5" [_thread_blocked, id=22512, stack(0x000000c005400000,0x000000c005500000)]
  0x000002999c996000 JavaThread "Build operations Thread 6" [_thread_blocked, id=44796, stack(0x000000c005500000,0x000000c005600000)]
  0x000002999c996800 JavaThread "Build operations Thread 7" [_thread_blocked, id=49680, stack(0x000000c005600000,0x000000c005700000)]
  0x000002999c998000 JavaThread "Build operations Thread 8" [_thread_blocked, id=50892, stack(0x000000c005700000,0x000000c005800000)]
  0x00000299a4399800 JavaThread "build event listener" [_thread_blocked, id=53608, stack(0x000000c005900000,0x000000c005a00000)]
  0x00000299a4398800 JavaThread "pool-12-thread-1" [_thread_blocked, id=36944, stack(0x000000c006100000,0x000000c006200000)]
  0x00000299a439e800 JavaThread "build event listener" [_thread_blocked, id=19924, stack(0x000000c006300000,0x000000c006400000)]
  0x00000299a439f000 JavaThread "Execution worker for ':'" [_thread_blocked, id=13424, stack(0x000000c006400000,0x000000c006500000)]
  0x00000299a439b000 JavaThread "Execution worker for ':' Thread 2" [_thread_blocked, id=46340, stack(0x000000c006500000,0x000000c006600000)]
  0x00000299a43a1800 JavaThread "Execution worker for ':' Thread 3" [_thread_blocked, id=53300, stack(0x000000c006600000,0x000000c006700000)]
  0x00000299a439c000 JavaThread "Execution worker for ':' Thread 4" [_thread_blocked, id=54584, stack(0x000000c006700000,0x000000c006800000)]
  0x00000299a43a4000 JavaThread "Execution worker for ':' Thread 5" [_thread_blocked, id=34232, stack(0x000000c006800000,0x000000c006900000)]
  0x00000299a43a6000 JavaThread "Execution worker for ':' Thread 6" [_thread_blocked, id=27044, stack(0x000000c006900000,0x000000c006a00000)]
  0x00000299a43a2800 JavaThread "Execution worker for ':' Thread 7" [_thread_blocked, id=44724, stack(0x000000c006a00000,0x000000c006b00000)]
  0x00000299a43a5000 JavaThread "Cache worker for execution history cache (C:\Android Projects\Udemy TUTORIAL\7MinuteWorkout2\.gradle\7.0.2\executionHistory)" [_thread_blocked, id=53500, stack(0x000000c006b00000,0x000000c006c00000)]
  0x00000299a43a3800 JavaThread "RMI RenewClean-[127.0.0.1:17017,org.jetbrains.kotlin.daemon.common.LoopbackNetworkInterface$ClientLoopbackSocketFactory@43ca5f65]" daemon [_thread_blocked, id=53936, stack(0x000000c007000000,0x000000c007100000)]
  0x00000299a43a6800 JavaThread "RMI TCP Connection(4)-127.0.0.1" daemon [_thread_in_native, id=34768, stack(0x000000c007100000,0x000000c007200000)]
  0x000002999cb4c800 JavaThread "RMI TCP Connection(5)-127.0.0.1" daemon [_thread_in_native, id=53960, stack(0x000000c004a00000,0x000000c004b00000)]
  0x000002999cb4b000 JavaThread "C2 CompilerThread1" daemon [_thread_in_native, id=21444, stack(0x000000c005800000,0x000000c005900000)]
  0x000002999cb53000 JavaThread "C2 CompilerThread2" daemon [_thread_in_native, id=52460, stack(0x000000c007200000,0x000000c007300000)]
  0x000002999cb54000 JavaThread "WorkerExecutor Queue" [_thread_blocked, id=52076, stack(0x000000c007300000,0x000000c007400000)]
  0x000002999cb4e000 JavaThread "WorkerExecutor Queue Thread 2" [_thread_blocked, id=51068, stack(0x000000c007400000,0x000000c007500000)]
  0x000002999cb56800 JavaThread "WorkerExecutor Queue Thread 3" [_thread_blocked, id=44872, stack(0x000000c007500000,0x000000c007600000)]
  0x000002999cb58000 JavaThread "WorkerExecutor Queue Thread 4" [_thread_blocked, id=53772, stack(0x000000c007600000,0x000000c007700000)]
  0x000002999cb58800 JavaThread "WorkerExecutor Queue Thread 5" [_thread_in_Java, id=47268, stack(0x000000c007a00000,0x000000c007b00000)]
  0x000002999cb57000 JavaThread "WorkerExecutor Queue Thread 6" [_thread_blocked, id=52116, stack(0x000000c007b00000,0x000000c007c00000)]
  0x000002999cb54800 JavaThread "WorkerExecutor Queue Thread 7" [_thread_blocked, id=54392, stack(0x000000c007c00000,0x000000c007d00000)]
  0x000002999cb55800 JavaThread "WorkerExecutor Queue Thread 8" [_thread_blocked, id=37624, stack(0x000000c007d00000,0x000000c007e00000)]
  0x000002999c18f800 JavaThread "WorkerExecutor Queue Thread 9" [_thread_blocked, id=48420, stack(0x000000c007f00000,0x000000c008000000)]

Other Threads:
  0x00000299ffb2e000 VMThread "VM Thread" [stack: 0x000000c002400000,0x000000c002500000] [id=53568]
  0x000002999924b800 WatcherThread [stack: 0x000000c002e00000,0x000000c002f00000] [id=46904]
  0x00000299fc147000 GCTaskThread "GC Thread#0" [stack: 0x000000c001f00000,0x000000c002000000] [id=50564]
  0x000002999a407000 GCTaskThread "GC Thread#1" [stack: 0x000000c003000000,0x000000c003100000] [id=51056]
  0x000002999a470800 GCTaskThread "GC Thread#2" [stack: 0x000000c003100000,0x000000c003200000] [id=46828]
  0x000002999c199000 GCTaskThread "GC Thread#3" [stack: 0x000000c003c00000,0x000000c003d00000] [id=54304]
  0x000002999af29000 GCTaskThread "GC Thread#4" [stack: 0x000000c003d00000,0x000000c003e00000] [id=52524]
  0x000002999b8a1000 GCTaskThread "GC Thread#5" [stack: 0x000000c003e00000,0x000000c003f00000] [id=38560]
  0x000002999b393800 GCTaskThread "GC Thread#6" [stack: 0x000000c003f00000,0x000000c004000000] [id=39624]
  0x000002999a3b0800 GCTaskThread "GC Thread#7" [stack: 0x000000c004000000,0x000000c004100000] [id=24764]
  0x00000299fc178800 ConcurrentGCThread "G1 Main Marker" [stack: 0x000000c002000000,0x000000c002100000] [id=47588]
  0x00000299fc17a000 ConcurrentGCThread "G1 Conc#0" [stack: 0x000000c002100000,0x000000c002200000] [id=10536]
  0x000002999b193000 ConcurrentGCThread "G1 Conc#1" [stack: 0x000000c004300000,0x000000c004400000] [id=53820]
  0x00000299fc208800 ConcurrentGCThread "G1 Refine#0" [stack: 0x000000c002200000,0x000000c002300000] [id=54036]
  0x000002999eadb000 ConcurrentGCThread "G1 Refine#1" [stack: 0x000000c006c00000,0x000000c006d00000] [id=14136]
  0x00000299a1a16800 ConcurrentGCThread "G1 Refine#2" [stack: 0x000000c006d00000,0x000000c006e00000] [id=51676]
  0x00000299a14fc000 ConcurrentGCThread "G1 Refine#3" [stack: 0x000000c006e00000,0x000000c006f00000] [id=52636]
  0x00000299a03b8800 ConcurrentGCThread "G1 Refine#4" [stack: 0x000000c006f00000,0x000000c007000000] [id=22376]
  0x00000299ff980800 ConcurrentGCThread "G1 Young RemSet Sampling" [stack: 0x000000c002300000,0x000000c002400000] [id=44584]

Threads with active compile tasks:
C2 CompilerThread0 299571 17677   !   4       java.io.ObjectOutputStream::writeObject0 (619 bytes)
C2 CompilerThread1 299571 17687       4       org.gradle.internal.fingerprint.classpath.impl.ClasspathFingerprintingStrategy$ClasspathFingerprintingVisitor::hashContent (96 bytes)
C2 CompilerThread2 299571 17715       4       java.io.ObjectOutputStream::writeClassDesc (60 bytes)

VM state:not at safepoint (normal execution)

VM Mutex/Monitor currently owned by a thread: None

Heap address: 0x0000000080000000, size: 2048 MB, Compressed Oops mode: 32-bit
Narrow klass base: 0x0000000000000000, Narrow klass shift: 3
Compressed class space size: 1073741824 Address: 0x0000000100000000

Heap:
 garbage-first heap   total 189440K, used 148509K [0x0000000080000000, 0x0000000100000000)
  region size 1024K, 60 young (61440K), 1 survivors (1024K)
 Metaspace       used 116950K, capacity 120145K, committed 120448K, reserved 1153024K
  class space    used 14739K, capacity 15975K, committed 16256K, reserved 1048576K
Heap Regions: E=young(eden), S=young(survivor), O=old, HS=humongous(starts), HC=humongous(continues), CS=collection set, F=free, A=archive, TAMS=top-at-mark-start (previous, next)
|   0|0x0000000080000000, 0x0000000080100000, 0x0000000080100000|100%| O|  |TAMS 0x0000000080100000, 0x0000000080000000| Untracked 
|   1|0x0000000080100000, 0x0000000080200000, 0x0000000080200000|100%| O|  |TAMS 0x0000000080200000, 0x0000000080100000| Untracked 
|   2|0x0000000080200000, 0x0000000080300000, 0x0000000080300000|100%| O|  |TAMS 0x0000000080300000, 0x0000000080200000| Untracked 
|   3|0x0000000080300000, 0x0000000080400000, 0x0000000080400000|100%|HS|  |TAMS 0x0000000080400000, 0x0000000080300000| Complete 
|   4|0x0000000080400000, 0x0000000080500000, 0x0000000080500000|100%|HC|  |TAMS 0x0000000080500000, 0x0000000080400000| Complete 
|   5|0x0000000080500000, 0x0000000080600000, 0x0000000080600000|100%|HC|  |TAMS 0x0000000080600000, 0x0000000080500000| Complete 
|   6|0x0000000080600000, 0x0000000080700000, 0x0000000080700000|100%| O|  |TAMS 0x0000000080700000, 0x0000000080600000| Untracked 
|   7|0x0000000080700000, 0x0000000080800000, 0x0000000080800000|100%| O|  |TAMS 0x0000000080800000, 0x0000000080700000| Untracked 
|   8|0x0000000080800000, 0x0000000080900000, 0x0000000080900000|100%| O|  |TAMS 0x0000000080900000, 0x0000000080800000| Untracked 
|   9|0x0000000080900000, 0x0000000080a00000, 0x0000000080a00000|100%| O|  |TAMS 0x0000000080a00000, 0x0000000080900000| Untracked 
|  10|0x0000000080a00000, 0x0000000080b00000, 0x0000000080b00000|100%| O|  |TAMS 0x0000000080b00000, 0x0000000080a00000| Untracked 
|  11|0x0000000080b00000, 0x0000000080c00000, 0x0000000080c00000|100%| O|  |TAMS 0x0000000080c00000, 0x0000000080b00000| Untracked 
|  12|0x0000000080c00000, 0x0000000080d00000, 0x0000000080d00000|100%| O|  |TAMS 0x0000000080d00000, 0x0000000080c00000| Untracked 
|  13|0x0000000080d00000, 0x0000000080e00000, 0x0000000080e00000|100%| O|  |TAMS 0x0000000080e00000, 0x0000000080d00000| Untracked 
|  14|0x0000000080e00000, 0x0000000080f00000, 0x0000000080f00000|100%| O|  |TAMS 0x0000000080f00000, 0x0000000080e00000| Untracked 
|  15|0x0000000080f00000, 0x0000000081000000, 0x0000000081000000|100%| O|  |TAMS 0x0000000081000000, 0x0000000080f00000| Untracked 
|  16|0x0000000081000000, 0x0000000081100000, 0x0000000081100000|100%|HS|  |TAMS 0x0000000081100000, 0x0000000081000000| Complete 
|  17|0x0000000081100000, 0x0000000081200000, 0x0000000081200000|100%| O|  |TAMS 0x0000000081200000, 0x0000000081200000| Untracked 
|  18|0x0000000081200000, 0x0000000081300000, 0x0000000081300000|100%| O|  |TAMS 0x0000000081300000, 0x0000000081300000| Untracked 
|  19|0x0000000081300000, 0x0000000081400000, 0x0000000081400000|100%| O|  |TAMS 0x0000000081400000, 0x0000000081400000| Untracked 
|  20|0x0000000081400000, 0x0000000081500000, 0x0000000081500000|100%| O|  |TAMS 0x0000000081500000, 0x0000000081500000| Untracked 
|  21|0x0000000081500000, 0x0000000081600000, 0x0000000081600000|100%| O|  |TAMS 0x0000000081600000, 0x0000000081600000| Untracked 
|  22|0x0000000081600000, 0x0000000081700000, 0x0000000081700000|100%| O|  |TAMS 0x0000000081700000, 0x0000000081700000| Untracked 
|  23|0x0000000081700000, 0x0000000081800000, 0x0000000081800000|100%| O|  |TAMS 0x0000000081800000, 0x0000000081800000| Untracked 
|  24|0x0000000081800000, 0x0000000081900000, 0x0000000081900000|100%| O|  |TAMS 0x0000000081900000, 0x0000000081900000| Untracked 
|  25|0x0000000081900000, 0x0000000081a00000, 0x0000000081a00000|100%| O|  |TAMS 0x0000000081a00000, 0x0000000081a00000| Untracked 
|  26|0x0000000081a00000, 0x0000000081b00000, 0x0000000081b00000|100%| O|  |TAMS 0x0000000081b00000, 0x0000000081b00000| Untracked 
|  27|0x0000000081b00000, 0x0000000081c00000, 0x0000000081c00000|100%|HS|  |TAMS 0x0000000081c00000, 0x0000000081c00000| Complete 
|  28|0x0000000081c00000, 0x0000000081d00000, 0x0000000081d00000|100%|HS|  |TAMS 0x0000000081d00000, 0x0000000081d00000| Complete 
|  29|0x0000000081d00000, 0x0000000081e00000, 0x0000000081e00000|100%|HC|  |TAMS 0x0000000081e00000, 0x0000000081e00000| Complete 
|  30|0x0000000081e00000, 0x0000000081f00000, 0x0000000081f00000|100%|HC|  |TAMS 0x0000000081f00000, 0x0000000081f00000| Complete 
|  31|0x0000000081f00000, 0x0000000082000000, 0x0000000082000000|100%|HS|  |TAMS 0x0000000082000000, 0x0000000082000000| Complete 
|  32|0x0000000082000000, 0x0000000082100000, 0x0000000082100000|100%|HC|  |TAMS 0x0000000082100000, 0x0000000082100000| Complete 
|  33|0x0000000082100000, 0x0000000082200000, 0x0000000082200000|100%| O|  |TAMS 0x0000000082200000, 0x0000000082200000| Untracked 
|  34|0x0000000082200000, 0x0000000082200000, 0x0000000082300000|  0%| F|  |TAMS 0x0000000082200000, 0x0000000082200000| Untracked 
|  35|0x0000000082300000, 0x0000000082400000, 0x0000000082400000|100%| O|  |TAMS 0x0000000082400000, 0x0000000082400000| Untracked 
|  36|0x0000000082400000, 0x0000000082500000, 0x0000000082500000|100%| O|  |TAMS 0x0000000082500000, 0x0000000082500000| Untracked 
|  37|0x0000000082500000, 0x0000000082600000, 0x0000000082600000|100%| O|  |TAMS 0x0000000082600000, 0x0000000082600000| Untracked 
|  38|0x0000000082600000, 0x0000000082700000, 0x0000000082700000|100%| O|  |TAMS 0x0000000082700000, 0x0000000082700000| Untracked 
|  39|0x0000000082700000, 0x0000000082800000, 0x0000000082800000|100%| O|  |TAMS 0x0000000082800000, 0x0000000082800000| Untracked 
|  40|0x0000000082800000, 0x0000000082900000, 0x0000000082900000|100%| O|  |TAMS 0x0000000082900000, 0x0000000082900000| Untracked 
|  41|0x0000000082900000, 0x0000000082a00000, 0x0000000082a00000|100%| O|  |TAMS 0x0000000082a00000, 0x0000000082a00000| Untracked 
|  42|0x0000000082a00000, 0x0000000082b00000, 0x0000000082b00000|100%| O|  |TAMS 0x0000000082b00000, 0x0000000082b00000| Untracked 
|  43|0x0000000082b00000, 0x0000000082c00000, 0x0000000082c00000|100%| O|  |TAMS 0x0000000082c00000, 0x0000000082c00000| Untracked 
|  44|0x0000000082c00000, 0x0000000082d00000, 0x0000000082d00000|100%| O|  |TAMS 0x0000000082d00000, 0x0000000082d00000| Untracked 
|  45|0x0000000082d00000, 0x0000000082e00000, 0x0000000082e00000|100%| O|  |TAMS 0x0000000082e00000, 0x0000000082e00000| Untracked 
|  46|0x0000000082e00000, 0x0000000082f00000, 0x0000000082f00000|100%| O|  |TAMS 0x0000000082f00000, 0x0000000082f00000| Untracked 
|  47|0x0000000082f00000, 0x0000000083000000, 0x0000000083000000|100%| O|  |TAMS 0x0000000083000000, 0x0000000083000000| Untracked 
|  48|0x0000000083000000, 0x0000000083100000, 0x0000000083100000|100%| O|  |TAMS 0x0000000083100000, 0x0000000083100000| Untracked 
|  49|0x0000000083100000, 0x0000000083200000, 0x0000000083200000|100%| O|  |TAMS 0x0000000083200000, 0x0000000083200000| Untracked 
|  50|0x0000000083200000, 0x0000000083300000, 0x0000000083300000|100%| O|  |TAMS 0x0000000083300000, 0x0000000083300000| Untracked 
|  51|0x0000000083300000, 0x0000000083400000, 0x0000000083400000|100%| O|  |TAMS 0x0000000083400000, 0x0000000083400000| Untracked 
|  52|0x0000000083400000, 0x0000000083500000, 0x0000000083500000|100%| O|  |TAMS 0x0000000083500000, 0x0000000083500000| Untracked 
|  53|0x0000000083500000, 0x0000000083600000, 0x0000000083600000|100%| O|  |TAMS 0x0000000083600000, 0x0000000083600000| Untracked 
|  54|0x0000000083600000, 0x0000000083700000, 0x0000000083700000|100%| O|  |TAMS 0x0000000083700000, 0x0000000083700000| Untracked 
|  55|0x0000000083700000, 0x0000000083800000, 0x0000000083800000|100%| O|  |TAMS 0x0000000083800000, 0x0000000083800000| Untracked 
|  56|0x0000000083800000, 0x0000000083900000, 0x0000000083900000|100%| O|  |TAMS 0x0000000083900000, 0x0000000083900000| Untracked 
|  57|0x0000000083900000, 0x0000000083a00000, 0x0000000083a00000|100%| O|  |TAMS 0x0000000083a00000, 0x0000000083a00000| Untracked 
|  58|0x0000000083a00000, 0x0000000083b00000, 0x0000000083b00000|100%| O|  |TAMS 0x0000000083b00000, 0x0000000083b00000| Untracked 
|  59|0x0000000083b00000, 0x0000000083b00000, 0x0000000083c00000|  0%| F|  |TAMS 0x0000000083b00000, 0x0000000083b00000| Untracked 
|  60|0x0000000083c00000, 0x0000000083c00000, 0x0000000083d00000|  0%| F|  |TAMS 0x0000000083c00000, 0x0000000083c00000| Untracked 
|  61|0x0000000083d00000, 0x0000000083e00000, 0x0000000083e00000|100%| O|  |TAMS 0x0000000083e00000, 0x0000000083e00000| Untracked 
|  62|0x0000000083e00000, 0x0000000083f00000, 0x0000000083f00000|100%| O|  |TAMS 0x0000000083f00000, 0x0000000083f00000| Untracked 
|  63|0x0000000083f00000, 0x0000000084000000, 0x0000000084000000|100%| O|  |TAMS 0x0000000084000000, 0x0000000084000000| Untracked 
|  64|0x0000000084000000, 0x0000000084000000, 0x0000000084100000|  0%| F|  |TAMS 0x0000000084000000, 0x0000000084000000| Untracked 
|  65|0x0000000084100000, 0x0000000084100000, 0x0000000084200000|  0%| F|  |TAMS 0x0000000084100000, 0x0000000084100000| Untracked 
|  66|0x0000000084200000, 0x0000000084300000, 0x0000000084300000|100%| O|  |TAMS 0x0000000084300000, 0x0000000084300000| Untracked 
|  67|0x0000000084300000, 0x0000000084400000, 0x0000000084400000|100%| O|  |TAMS 0x0000000084400000, 0x0000000084400000| Untracked 
|  68|0x0000000084400000, 0x0000000084500000, 0x0000000084500000|100%| O|  |TAMS 0x0000000084500000, 0x0000000084500000| Untracked 
|  69|0x0000000084500000, 0x0000000084600000, 0x0000000084600000|100%| O|  |TAMS 0x0000000084500000, 0x0000000084600000| Untracked 
|  70|0x0000000084600000, 0x0000000084600000, 0x0000000084700000|  0%| F|  |TAMS 0x0000000084600000, 0x0000000084600000| Untracked 
|  71|0x0000000084700000, 0x0000000084800000, 0x0000000084800000|100%| O|  |TAMS 0x0000000084700000, 0x0000000084800000| Untracked 
|  72|0x0000000084800000, 0x0000000084800000, 0x0000000084900000|  0%| F|  |TAMS 0x0000000084800000, 0x0000000084800000| Untracked 
|  73|0x0000000084900000, 0x0000000084900000, 0x0000000084a00000|  0%| F|  |TAMS 0x0000000084900000, 0x0000000084900000| Untracked 
|  74|0x0000000084a00000, 0x0000000084b00000, 0x0000000084b00000|100%| O|  |TAMS 0x0000000084b00000, 0x0000000084b00000| Untracked 
|  75|0x0000000084b00000, 0x0000000084c00000, 0x0000000084c00000|100%| O|  |TAMS 0x0000000084c00000, 0x0000000084c00000| Untracked 
|  76|0x0000000084c00000, 0x0000000084d00000, 0x0000000084d00000|100%| O|  |TAMS 0x0000000084d00000, 0x0000000084d00000| Untracked 
|  77|0x0000000084d00000, 0x0000000084e00000, 0x0000000084e00000|100%| O|  |TAMS 0x0000000084e00000, 0x0000000084e00000| Untracked 
|  78|0x0000000084e00000, 0x0000000084f00000, 0x0000000084f00000|100%| O|  |TAMS 0x0000000084f00000, 0x0000000084f00000| Untracked 
|  79|0x0000000084f00000, 0x0000000085000000, 0x0000000085000000|100%| O|  |TAMS 0x0000000085000000, 0x0000000085000000| Untracked 
|  80|0x0000000085000000, 0x0000000085000000, 0x0000000085100000|  0%| F|  |TAMS 0x0000000085000000, 0x0000000085000000| Untracked 
|  81|0x0000000085100000, 0x0000000085100000, 0x0000000085200000|  0%| F|  |TAMS 0x0000000085100000, 0x0000000085100000| Untracked 
|  82|0x0000000085200000, 0x0000000085300000, 0x0000000085300000|100%| O|  |TAMS 0x0000000085300000, 0x0000000085300000| Untracked 
|  83|0x0000000085300000, 0x0000000085400000, 0x0000000085400000|100%| O|  |TAMS 0x0000000085300000, 0x0000000085400000| Untracked 
|  84|0x0000000085400000, 0x0000000085400000, 0x0000000085500000|  0%| F|  |TAMS 0x0000000085400000, 0x0000000085400000| Untracked 
|  85|0x0000000085500000, 0x0000000085600000, 0x0000000085600000|100%| O|  |TAMS 0x0000000085600000, 0x0000000085600000| Untracked 
|  86|0x0000000085600000, 0x0000000085700000, 0x0000000085700000|100%| O|  |TAMS 0x0000000085700000, 0x0000000085700000| Untracked 
|  87|0x0000000085700000, 0x0000000085800000, 0x0000000085800000|100%| O|  |TAMS 0x0000000085800000, 0x0000000085800000| Untracked 
|  88|0x0000000085800000, 0x0000000085900000, 0x0000000085900000|100%| O|  |TAMS 0x0000000085900000, 0x0000000085900000| Untracked 
|  89|0x0000000085900000, 0x0000000085a00000, 0x0000000085a00000|100%| O|  |TAMS 0x0000000085900000, 0x0000000085a00000| Untracked 
|  90|0x0000000085a00000, 0x0000000085b00000, 0x0000000085b00000|100%| O|  |TAMS 0x0000000085a00000, 0x0000000085b00000| Untracked 
|  91|0x0000000085b00000, 0x0000000085c00000, 0x0000000085c00000|100%| O|  |TAMS 0x0000000085c00000, 0x0000000085c00000| Untracked 
|  92|0x0000000085c00000, 0x0000000085d00000, 0x0000000085d00000|100%| O|  |TAMS 0x0000000085d00000, 0x0000000085d00000| Untracked 
|  93|0x0000000085d00000, 0x0000000085e00000, 0x0000000085e00000|100%| O|  |TAMS 0x0000000085e00000, 0x0000000085e00000| Untracked 
|  94|0x0000000085e00000, 0x0000000085f00000, 0x0000000085f00000|100%| O|  |TAMS 0x0000000085f00000, 0x0000000085f00000| Untracked 
|  95|0x0000000085f00000, 0x0000000086000000, 0x0000000086000000|100%| O|  |TAMS 0x0000000085f00000, 0x0000000086000000| Untracked 
|  96|0x0000000086000000, 0x0000000086000000, 0x0000000086100000|  0%| F|  |TAMS 0x0000000086000000, 0x0000000086000000| Untracked 
|  97|0x0000000086100000, 0x0000000086173200, 0x0000000086200000| 44%| O|  |TAMS 0x0000000086100000, 0x0000000086200000| Untracked 
|  98|0x0000000086200000, 0x0000000086200000, 0x0000000086300000|  0%| F|  |TAMS 0x0000000086200000, 0x0000000086200000| Untracked 
|  99|0x0000000086300000, 0x0000000086300000, 0x0000000086400000|  0%| F|  |TAMS 0x0000000086300000, 0x0000000086300000| Untracked 
| 100|0x0000000086400000, 0x0000000086400000, 0x0000000086500000|  0%| F|  |TAMS 0x0000000086400000, 0x0000000086400000| Untracked 
| 101|0x0000000086500000, 0x0000000086500000, 0x0000000086600000|  0%| F|  |TAMS 0x0000000086500000, 0x0000000086500000| Untracked 
| 102|0x0000000086600000, 0x0000000086600000, 0x0000000086700000|  0%| F|  |TAMS 0x0000000086600000, 0x0000000086600000| Untracked 
| 103|0x0000000086700000, 0x0000000086700000, 0x0000000086800000|  0%| F|  |TAMS 0x0000000086700000, 0x0000000086700000| Untracked 
| 104|0x0000000086800000, 0x0000000086800000, 0x0000000086900000|  0%| F|  |TAMS 0x0000000086800000, 0x0000000086800000| Untracked 
| 105|0x0000000086900000, 0x0000000086a00000, 0x0000000086a00000|100%| O|  |TAMS 0x0000000086a00000, 0x0000000086a00000| Untracked 
| 106|0x0000000086a00000, 0x0000000086a00000, 0x0000000086b00000|  0%| F|  |TAMS 0x0000000086a00000, 0x0000000086a00000| Untracked 
| 107|0x0000000086b00000, 0x0000000086b00000, 0x0000000086c00000|  0%| F|  |TAMS 0x0000000086b00000, 0x0000000086b00000| Untracked 
| 108|0x0000000086c00000, 0x0000000086d00000, 0x0000000086d00000|100%| O|  |TAMS 0x0000000086c9d200, 0x0000000086d00000| Untracked 
| 109|0x0000000086d00000, 0x0000000086d00000, 0x0000000086e00000|  0%| F|  |TAMS 0x0000000086d00000, 0x0000000086d00000| Untracked 
| 110|0x0000000086e00000, 0x0000000086e00000, 0x0000000086f00000|  0%| F|  |TAMS 0x0000000086e00000, 0x0000000086e00000| Untracked 
| 111|0x0000000086f00000, 0x0000000086f00000, 0x0000000087000000|  0%| F|  |TAMS 0x0000000086f00000, 0x0000000086f00000| Untracked 
| 112|0x0000000087000000, 0x0000000087000000, 0x0000000087100000|  0%| F|  |TAMS 0x0000000087000000, 0x0000000087000000| Untracked 
| 113|0x0000000087100000, 0x0000000087100000, 0x0000000087200000|  0%| F|  |TAMS 0x0000000087100000, 0x0000000087100000| Untracked 
| 114|0x0000000087200000, 0x0000000087200000, 0x0000000087300000|  0%| F|  |TAMS 0x0000000087200000, 0x0000000087200000| Untracked 
| 115|0x0000000087300000, 0x0000000087300000, 0x0000000087400000|  0%| F|  |TAMS 0x0000000087300000, 0x0000000087300000| Untracked 
| 116|0x0000000087400000, 0x0000000087400000, 0x0000000087500000|  0%| F|  |TAMS 0x0000000087400000, 0x0000000087400000| Untracked 
| 117|0x0000000087500000, 0x0000000087500000, 0x0000000087600000|  0%| F|  |TAMS 0x0000000087500000, 0x0000000087500000| Untracked 
| 118|0x0000000087600000, 0x0000000087600000, 0x0000000087700000|  0%| F|  |TAMS 0x0000000087600000, 0x0000000087600000| Untracked 
| 119|0x0000000087700000, 0x0000000087700000, 0x0000000087800000|  0%| F|  |TAMS 0x0000000087700000, 0x0000000087700000| Untracked 
| 120|0x0000000087800000, 0x0000000087800000, 0x0000000087900000|  0%| F|  |TAMS 0x0000000087800000, 0x0000000087800000| Untracked 
| 121|0x0000000087900000, 0x0000000087900000, 0x0000000087a00000|  0%| F|  |TAMS 0x0000000087900000, 0x0000000087900000| Untracked 
| 122|0x0000000087a00000, 0x0000000087a00000, 0x0000000087b00000|  0%| F|  |TAMS 0x0000000087a00000, 0x0000000087a00000| Untracked 
| 123|0x0000000087b00000, 0x0000000087b34f00, 0x0000000087c00000| 20%| S|  |TAMS 0x0000000087b00000, 0x0000000087b00000| Complete 
| 124|0x0000000087c00000, 0x0000000087d00000, 0x0000000087d00000|100%| S|  |TAMS 0x0000000087c00000, 0x0000000087c00000| Complete 
| 125|0x0000000087d00000, 0x0000000087e00000, 0x0000000087e00000|100%| E|CS|TAMS 0x0000000087d00000, 0x0000000087e00000| Complete 
| 126|0x0000000087e00000, 0x0000000087f00000, 0x0000000087f00000|100%| E|CS|TAMS 0x0000000087e00000, 0x0000000087f00000| Complete 
| 127|0x0000000087f00000, 0x0000000088000000, 0x0000000088000000|100%| E|CS|TAMS 0x0000000087f00000, 0x0000000088000000| Complete 
| 128|0x0000000088000000, 0x0000000088100000, 0x0000000088100000|100%| E|CS|TAMS 0x0000000088000000, 0x0000000088100000| Complete 
| 129|0x0000000088100000, 0x0000000088200000, 0x0000000088200000|100%| E|CS|TAMS 0x0000000088100000, 0x0000000088200000| Complete 
| 130|0x0000000088200000, 0x0000000088300000, 0x0000000088300000|100%| E|CS|TAMS 0x0000000088200000, 0x0000000088300000| Complete 
| 131|0x0000000088300000, 0x0000000088400000, 0x0000000088400000|100%| E|CS|TAMS 0x0000000088300000, 0x0000000088400000| Complete 
| 132|0x0000000088400000, 0x0000000088500000, 0x0000000088500000|100%| E|CS|TAMS 0x0000000088400000, 0x0000000088500000| Complete 
| 133|0x0000000088500000, 0x0000000088600000, 0x0000000088600000|100%| E|CS|TAMS 0x0000000088500000, 0x0000000088600000| Complete 
| 134|0x0000000088600000, 0x0000000088700000, 0x0000000088700000|100%| E|CS|TAMS 0x0000000088600000, 0x0000000088700000| Complete 
| 135|0x0000000088700000, 0x0000000088800000, 0x0000000088800000|100%| E|CS|TAMS 0x0000000088700000, 0x0000000088800000| Complete 
| 136|0x0000000088800000, 0x0000000088900000, 0x0000000088900000|100%| E|CS|TAMS 0x0000000088800000, 0x0000000088900000| Complete 
| 137|0x0000000088900000, 0x0000000088a00000, 0x0000000088a00000|100%| E|CS|TAMS 0x0000000088900000, 0x0000000088a00000| Complete 
| 138|0x0000000088a00000, 0x0000000088b00000, 0x0000000088b00000|100%| E|CS|TAMS 0x0000000088a00000, 0x0000000088b00000| Complete 
| 139|0x0000000088b00000, 0x0000000088c00000, 0x0000000088c00000|100%| E|CS|TAMS 0x0000000088b00000, 0x0000000088c00000| Complete 
| 140|0x0000000088c00000, 0x0000000088d00000, 0x0000000088d00000|100%| E|CS|TAMS 0x0000000088c00000, 0x0000000088d00000| Complete 
| 141|0x0000000088d00000, 0x0000000088e00000, 0x0000000088e00000|100%| E|CS|TAMS 0x0000000088d00000, 0x0000000088e00000| Complete 
| 142|0x0000000088e00000, 0x0000000088f00000, 0x0000000088f00000|100%| E|CS|TAMS 0x0000000088e00000, 0x0000000088f00000| Complete 
| 143|0x0000000088f00000, 0x0000000089000000, 0x0000000089000000|100%| E|CS|TAMS 0x0000000088f00000, 0x0000000089000000| Complete 
| 144|0x0000000089000000, 0x0000000089100000, 0x0000000089100000|100%| E|CS|TAMS 0x0000000089000000, 0x0000000089100000| Complete 
| 145|0x0000000089100000, 0x0000000089200000, 0x0000000089200000|100%| E|CS|TAMS 0x0000000089100000, 0x0000000089200000| Complete 
| 146|0x0000000089200000, 0x0000000089300000, 0x0000000089300000|100%| E|CS|TAMS 0x0000000089200000, 0x0000000089300000| Complete 
| 147|0x0000000089300000, 0x0000000089400000, 0x0000000089400000|100%| E|CS|TAMS 0x0000000089300000, 0x0000000089400000| Complete 
| 148|0x0000000089400000, 0x0000000089500000, 0x0000000089500000|100%| E|CS|TAMS 0x0000000089400000, 0x0000000089500000| Complete 
| 149|0x0000000089500000, 0x0000000089600000, 0x0000000089600000|100%| E|CS|TAMS 0x0000000089500000, 0x0000000089600000| Complete 
| 150|0x0000000089600000, 0x0000000089700000, 0x0000000089700000|100%| E|CS|TAMS 0x0000000089600000, 0x0000000089700000| Complete 
| 151|0x0000000089700000, 0x0000000089800000, 0x0000000089800000|100%| E|CS|TAMS 0x0000000089700000, 0x0000000089800000| Complete 
| 152|0x0000000089800000, 0x0000000089900000, 0x0000000089900000|100%| E|CS|TAMS 0x0000000089800000, 0x0000000089900000| Complete 
| 153|0x0000000089900000, 0x0000000089a00000, 0x0000000089a00000|100%| E|CS|TAMS 0x0000000089900000, 0x0000000089a00000| Complete 
| 154|0x0000000089a00000, 0x0000000089b00000, 0x0000000089b00000|100%| E|CS|TAMS 0x0000000089a00000, 0x0000000089b00000| Complete 
| 155|0x0000000089b00000, 0x0000000089c00000, 0x0000000089c00000|100%| E|CS|TAMS 0x0000000089b00000, 0x0000000089c00000| Complete 
| 156|0x0000000089c00000, 0x0000000089d00000, 0x0000000089d00000|100%| E|CS|TAMS 0x0000000089c00000, 0x0000000089d00000| Complete 
| 157|0x0000000089d00000, 0x0000000089e00000, 0x0000000089e00000|100%| E|CS|TAMS 0x0000000089d00000, 0x0000000089e00000| Complete 
| 158|0x0000000089e00000, 0x0000000089f00000, 0x0000000089f00000|100%| E|CS|TAMS 0x0000000089e00000, 0x0000000089f00000| Complete 
| 159|0x0000000089f00000, 0x000000008a000000, 0x000000008a000000|100%| E|CS|TAMS 0x0000000089f00000, 0x000000008a000000| Complete 
| 160|0x000000008a000000, 0x000000008a100000, 0x000000008a100000|100%| E|CS|TAMS 0x000000008a000000, 0x000000008a100000| Complete 
| 161|0x000000008a100000, 0x000000008a200000, 0x000000008a200000|100%| E|CS|TAMS 0x000000008a100000, 0x000000008a200000| Complete 
| 162|0x000000008a200000, 0x000000008a300000, 0x000000008a300000|100%| E|CS|TAMS 0x000000008a200000, 0x000000008a300000| Complete 
| 163|0x000000008a300000, 0x000000008a400000, 0x000000008a400000|100%| E|CS|TAMS 0x000000008a300000, 0x000000008a400000| Complete 
| 164|0x000000008a400000, 0x000000008a500000, 0x000000008a500000|100%| E|CS|TAMS 0x000000008a400000, 0x000000008a500000| Complete 
| 165|0x000000008a500000, 0x000000008a600000, 0x000000008a600000|100%| E|CS|TAMS 0x000000008a500000, 0x000000008a600000| Complete 
| 166|0x000000008a600000, 0x000000008a700000, 0x000000008a700000|100%| E|CS|TAMS 0x000000008a600000, 0x000000008a700000| Complete 
| 167|0x000000008a700000, 0x000000008a800000, 0x000000008a800000|100%| E|CS|TAMS 0x000000008a700000, 0x000000008a800000| Complete 
| 168|0x000000008a800000, 0x000000008a900000, 0x000000008a900000|100%| E|CS|TAMS 0x000000008a800000, 0x000000008a900000| Complete 
| 169|0x000000008a900000, 0x000000008aa00000, 0x000000008aa00000|100%| E|CS|TAMS 0x000000008a900000, 0x000000008aa00000| Complete 
| 170|0x000000008aa00000, 0x000000008ab00000, 0x000000008ab00000|100%| E|CS|TAMS 0x000000008aa00000, 0x000000008ab00000| Complete 
| 171|0x000000008ab00000, 0x000000008ac00000, 0x000000008ac00000|100%| E|CS|TAMS 0x000000008ab00000, 0x000000008ac00000| Complete 
| 172|0x000000008ac00000, 0x000000008ad00000, 0x000000008ad00000|100%| E|CS|TAMS 0x000000008ac00000, 0x000000008ad00000| Complete 
| 173|0x000000008ad00000, 0x000000008ae00000, 0x000000008ae00000|100%| E|CS|TAMS 0x000000008ad00000, 0x000000008ae00000| Complete 
| 174|0x000000008ae00000, 0x000000008af00000, 0x000000008af00000|100%| E|CS|TAMS 0x000000008ae00000, 0x000000008af00000| Complete 
| 175|0x000000008af00000, 0x000000008b000000, 0x000000008b000000|100%| E|CS|TAMS 0x000000008af00000, 0x000000008b000000| Complete 
| 176|0x000000008b000000, 0x000000008b100000, 0x000000008b100000|100%| E|CS|TAMS 0x000000008b000000, 0x000000008b100000| Complete 
| 177|0x000000008b100000, 0x000000008b194438, 0x000000008b200000| 57%| E|CS|TAMS 0x000000008b100000, 0x000000008b194438| Complete 
| 178|0x000000008b200000, 0x000000008b300000, 0x000000008b300000|100%| E|CS|TAMS 0x000000008b200000, 0x000000008b300000| Complete 
| 179|0x000000008b300000, 0x000000008b400000, 0x000000008b400000|100%| E|CS|TAMS 0x000000008b300000, 0x000000008b400000| Complete 
| 180|0x000000008b400000, 0x000000008b500000, 0x000000008b500000|100%| E|CS|TAMS 0x000000008b400000, 0x000000008b500000| Complete 
| 181|0x000000008b500000, 0x000000008b600000, 0x000000008b600000|100%| E|CS|TAMS 0x000000008b500000, 0x000000008b600000| Complete 
| 182|0x000000008b600000, 0x000000008b700000, 0x000000008b700000|100%| E|CS|TAMS 0x000000008b600000, 0x000000008b700000| Complete 
| 183|0x000000008b700000, 0x000000008b800000, 0x000000008b800000|100%| E|CS|TAMS 0x000000008b700000, 0x000000008b800000| Complete 
| 184|0x000000008b800000, 0x000000008b900000, 0x000000008b900000|100%| E|CS|TAMS 0x000000008b800000, 0x000000008b900000| Complete 

Card table byte_map: [0x00000299fe860000,0x00000299fec60000] _byte_map_base: 0x00000299fe460000

Marking Bits (Prev, Next): (CMBitMap*) 0x00000299fc16fcc0, (CMBitMap*) 0x00000299fc16fc88
 Prev Bits: [0x00000299948a0000, 0x00000299968a0000)
 Next Bits: [0x00000299928a0000, 0x00000299948a0000)

Polling page: 0x00000299fd9c0000

Metaspace:

Usage:
  Non-class:    101.73 MB capacity,    99.82 MB ( 98%) used,     1.55 MB (  2%) free+waste,   374.13 KB ( <1%) overhead. 
      Class:     15.60 MB capacity,    14.39 MB ( 92%) used,     1.05 MB (  7%) free+waste,   165.56 KB (  1%) overhead. 
       Both:    117.33 MB capacity,   114.21 MB ( 97%) used,     2.59 MB (  2%) free+waste,   539.69 KB ( <1%) overhead. 

Virtual space:
  Non-class space:      102.00 MB reserved,     101.75 MB (>99%) committed 
      Class space:        1.00 GB reserved,      15.88 MB (  2%) committed 
             Both:        1.10 GB reserved,     117.63 MB ( 10%) committed 

Chunk freelists:
   Non-Class:  22.00 KB
       Class:  249.00 KB
        Both:  271.00 KB

MaxMetaspaceSize: 17179869184.00 GB
CompressedClassSpaceSize: 1.00 GB

CodeHeap 'non-profiled nmethods': size=120000Kb used=10563Kb max_used=10563Kb free=109436Kb
 bounds [0x000002998b370000, 0x000002998bdd0000, 0x00000299928a0000]
CodeHeap 'profiled nmethods': size=120000Kb used=37835Kb max_used=37835Kb free=82164Kb
 bounds [0x0000029983e40000, 0x0000029986340000, 0x000002998b370000]
CodeHeap 'non-nmethods': size=5760Kb used=2361Kb max_used=2414Kb free=3399Kb
 bounds [0x00000299838a0000, 0x0000029983b10000, 0x0000029983e40000]
 total_blobs=18000 nmethods=17010 adapters=900
 compilation: enabled
              stopped_count=0, restarted_count=0
 full_count=0

Compilation events (20 events):
Event: 299.417 Thread 0x00000299ffb54800 17923       2       org.gradle.internal.resources.DefaultResourceLockCoordinationService::unlock (9 bytes)
Event: 299.417 Thread 0x00000299ffb54800 nmethod 17923 0x0000029986334610 code [0x00000299863347c0, 0x0000029986334938]
Event: 299.417 Thread 0x00000299ffb54800 17924       2       org.gradle.internal.resources.DefaultResourceLockCoordinationService$ReleaseLocks::<init> (10 bytes)
Event: 299.418 Thread 0x00000299ffb54800 nmethod 17924 0x0000029986334a10 code [0x0000029986334bc0, 0x0000029986334cf8]
Event: 299.418 Thread 0x00000299ffb54800 17922   !   2       org.gradle.internal.snapshot.impl.DefaultValueSnapshotter::serialize (88 bytes)
Event: 299.418 Thread 0x00000299ffb54800 nmethod 17922 0x0000029986334d90 code [0x0000029986335000, 0x0000029986335818]
Event: 299.418 Thread 0x00000299ffb54800 17926       2       java.io.ObjectInputStream$GetFieldImpl::readFields (114 bytes)
Event: 299.419 Thread 0x00000299ffb54800 nmethod 17926 0x0000029986335d10 code [0x0000029986335f00, 0x0000029986336298]
Event: 299.420 Thread 0x00000299ffb54800 17927       2       java.io.ObjectInputStream$GetFieldImpl::get (67 bytes)
Event: 299.420 Thread 0x00000299ffb54800 nmethod 17927 0x0000029986336610 code [0x0000029986336800, 0x0000029986336ad8]
Event: 299.424 Thread 0x00000299ffb54800 17928       2       com.google.gson.stream.JsonReader::beginObject (70 bytes)
Event: 299.425 Thread 0x00000299ffb54800 nmethod 17928 0x0000029986336d90 code [0x0000029986336fe0, 0x00000299863374c8]
Event: 299.425 Thread 0x00000299ffb54800 17929       2       com.google.gson.stream.JsonReader::endObject (100 bytes)
Event: 299.426 Thread 0x00000299ffb54800 nmethod 17929 0x0000029986337790 code [0x00000299863379e0, 0x0000029986337f38]
Event: 299.426 Thread 0x00000299ffb54800 17930       2       sun.security.util.DerValue::init (206 bytes)
Event: 299.428 Thread 0x00000299ffb54800 nmethod 17930 0x0000029986338290 code [0x0000029986338580, 0x0000029986339488]
Event: 299.491 Thread 0x00000299ffb54800 17931       2       sun.security.jca.Providers::getProviderList (14 bytes)
Event: 299.491 Thread 0x00000299ffb54800 nmethod 17931 0x0000029986339b10 code [0x0000029986339cc0, 0x0000029986339e28]
Event: 299.491 Thread 0x00000299ffb54800 17932       2       sun.security.jca.Providers::getThreadProviderList (18 bytes)
Event: 299.491 Thread 0x00000299ffb54800 nmethod 17932 0x0000029986339f10 code [0x000002998633a0c0, 0x000002998633a228]

GC Heap History (20 events):
Event: 40.101 GC heap before
{Heap before GC invocations=37 (full 0):
 garbage-first heap   total 189440K, used 105972K [0x0000000080000000, 0x0000000100000000)
  region size 1024K, 9 young (9216K), 7 survivors (7168K)
 Metaspace       used 103882K, capacity 106702K, committed 106880K, reserved 1142784K
  class space    used 13389K, capacity 14454K, committed 14464K, reserved 1048576K
}
Event: 40.110 GC heap after
{Heap after GC invocations=38 (full 0):
 garbage-first heap   total 189440K, used 103701K [0x0000000080000000, 0x0000000100000000)
  region size 1024K, 2 young (2048K), 2 survivors (2048K)
 Metaspace       used 103882K, capacity 106702K, committed 106880K, reserved 1142784K
  class space    used 13389K, capacity 14454K, committed 14464K, reserved 1048576K
}
Event: 40.488 GC heap before
{Heap before GC invocations=38 (full 0):
 garbage-first heap   total 189440K, used 147733K [0x0000000080000000, 0x0000000100000000)
  region size 1024K, 46 young (47104K), 2 survivors (2048K)
 Metaspace       used 108804K, capacity 112048K, committed 112384K, reserved 1146880K
  class space    used 14213K, capacity 15491K, committed 15616K, reserved 1048576K
}
Event: 40.498 GC heap after
{Heap after GC invocations=39 (full 0):
 garbage-first heap   total 189440K, used 109305K [0x0000000080000000, 0x0000000100000000)
  region size 1024K, 6 young (6144K), 6 survivors (6144K)
 Metaspace       used 108804K, capacity 112048K, committed 112384K, reserved 1146880K
  class space    used 14213K, capacity 15491K, committed 15616K, reserved 1048576K
}
Event: 40.928 GC heap before
{Heap before GC invocations=40 (full 0):
 garbage-first heap   total 189440K, used 152313K [0x0000000080000000, 0x0000000100000000)
  region size 1024K, 48 young (49152K), 6 survivors (6144K)
 Metaspace       used 109016K, capacity 112069K, committed 112896K, reserved 1146880K
  class space    used 14142K, capacity 15322K, committed 15616K, reserved 1048576K
}
Event: 40.936 GC heap after
{Heap after GC invocations=41 (full 0):
 garbage-first heap   total 189440K, used 113136K [0x0000000080000000, 0x0000000100000000)
  region size 1024K, 6 young (6144K), 6 survivors (6144K)
 Metaspace       used 109016K, capacity 112069K, committed 112896K, reserved 1146880K
  class space    used 14142K, capacity 15322K, committed 15616K, reserved 1048576K
}
Event: 41.028 GC heap before
{Heap before GC invocations=41 (full 0):
 garbage-first heap   total 189440K, used 117232K [0x0000000080000000, 0x0000000100000000)
  region size 1024K, 9 young (9216K), 6 survivors (6144K)
 Metaspace       used 109155K, capacity 112232K, committed 112896K, reserved 1146880K
  class space    used 14157K, capacity 15367K, committed 15616K, reserved 1048576K
}
Event: 41.033 GC heap after
{Heap after GC invocations=42 (full 0):
 garbage-first heap   total 189440K, used 106258K [0x0000000080000000, 0x0000000100000000)
  region size 1024K, 1 young (1024K), 1 survivors (1024K)
 Metaspace       used 109155K, capacity 112232K, committed 112896K, reserved 1146880K
  class space    used 14157K, capacity 15367K, committed 15616K, reserved 1048576K
}
Event: 41.286 GC heap before
{Heap before GC invocations=42 (full 0):
 garbage-first heap   total 189440K, used 131858K [0x0000000080000000, 0x0000000100000000)
  region size 1024K, 28 young (28672K), 1 survivors (1024K)
 Metaspace       used 110296K, capacity 113435K, committed 113792K, reserved 1146880K
  class space    used 14339K, capacity 15559K, committed 15744K, reserved 1048576K
}
Event: 41.302 GC heap after
{Heap after GC invocations=43 (full 0):
 garbage-first heap   total 189440K, used 112260K [0x0000000080000000, 0x0000000100000000)
  region size 1024K, 6 young (6144K), 6 survivors (6144K)
 Metaspace       used 110296K, capacity 113435K, committed 113792K, reserved 1146880K
  class space    used 14339K, capacity 15559K, committed 15744K, reserved 1048576K
}
Event: 42.097 GC heap before
{Heap before GC invocations=44 (full 0):
 garbage-first heap   total 189440K, used 162436K [0x0000000080000000, 0x0000000100000000)
  region size 1024K, 45 young (46080K), 6 survivors (6144K)
 Metaspace       used 114185K, capacity 117199K, committed 118016K, reserved 1150976K
  class space    used 14649K, capacity 15804K, committed 16128K, reserved 1048576K
}
Event: 42.102 GC heap after
{Heap after GC invocations=45 (full 0):
 garbage-first heap   total 189440K, used 108801K [0x0000000080000000, 0x0000000100000000)
  region size 1024K, 2 young (2048K), 2 survivors (2048K)
 Metaspace       used 114185K, capacity 117199K, committed 118016K, reserved 1150976K
  class space    used 14649K, capacity 15804K, committed 16128K, reserved 1048576K
}
Event: 111.749 GC heap before
{Heap before GC invocations=45 (full 0):
 garbage-first heap   total 189440K, used 115969K [0x0000000080000000, 0x0000000100000000)
  region size 1024K, 9 young (9216K), 2 survivors (2048K)
 Metaspace       used 114846K, capacity 117866K, committed 118656K, reserved 1150976K
  class space    used 14688K, capacity 15846K, committed 16256K, reserved 1048576K
}
Event: 111.759 GC heap after
{Heap after GC invocations=46 (full 0):
 garbage-first heap   total 189440K, used 100122K [0x0000000080000000, 0x0000000100000000)
  region size 1024K, 2 young (2048K), 2 survivors (2048K)
 Metaspace       used 114846K, capacity 117866K, committed 118656K, reserved 1150976K
  class space    used 14688K, capacity 15846K, committed 16256K, reserved 1048576K
}
Event: 115.660 GC heap before
{Heap before GC invocations=46 (full 0):
 garbage-first heap   total 189440K, used 149274K [0x0000000080000000, 0x0000000100000000)
  region size 1024K, 51 young (52224K), 2 survivors (2048K)
 Metaspace       used 115590K, capacity 118678K, committed 119424K, reserved 1153024K
  class space    used 14696K, capacity 15859K, committed 16256K, reserved 1048576K
}
Event: 115.677 GC heap after
{Heap after GC invocations=47 (full 0):
 garbage-first heap   total 189440K, used 104687K [0x0000000080000000, 0x0000000100000000)
  region size 1024K, 6 young (6144K), 6 survivors (6144K)
 Metaspace       used 115590K, capacity 118678K, committed 119424K, reserved 1153024K
  class space    used 14696K, capacity 15859K, committed 16256K, reserved 1048576K
}
Event: 296.192 GC heap before
{Heap before GC invocations=48 (full 0):
 garbage-first heap   total 189440K, used 162031K [0x0000000080000000, 0x0000000100000000)
  region size 1024K, 53 young (54272K), 6 survivors (6144K)
 Metaspace       used 116404K, capacity 119590K, committed 120192K, reserved 1153024K
  class space    used 14721K, capacity 15913K, committed 16256K, reserved 1048576K
}
Event: 296.196 GC heap after
{Heap after GC invocations=49 (full 0):
 garbage-first heap   total 189440K, used 101622K [0x0000000080000000, 0x0000000100000000)
  region size 1024K, 2 young (2048K), 2 survivors (2048K)
 Metaspace       used 116404K, capacity 119590K, committed 120192K, reserved 1153024K
  class space    used 14721K, capacity 15913K, committed 16256K, reserved 1048576K
}
Event: 296.250 GC heap before
{Heap before GC invocations=49 (full 0):
 garbage-first heap   total 189440K, used 107766K [0x0000000080000000, 0x0000000100000000)
  region size 1024K, 9 young (9216K), 2 survivors (2048K)
 Metaspace       used 116433K, capacity 119607K, committed 120192K, reserved 1153024K
  class space    used 14723K, capacity 15916K, committed 16256K, reserved 1048576K
}
Event: 296.261 GC heap after
{Heap after GC invocations=50 (full 0):
 garbage-first heap   total 189440K, used 90141K [0x0000000080000000, 0x0000000100000000)
  region size 1024K, 1 young (1024K), 1 survivors (1024K)
 Metaspace       used 116433K, capacity 119607K, committed 120192K, reserved 1153024K
  class space    used 14723K, capacity 15916K, committed 16256K, reserved 1048576K
}

Deoptimization events (20 events):
Event: 299.376 Thread 0x000002999c18f800 Uncommon trap: trap_request=0xffffffd6 fr.pc=0x000002998bd12754 relative=0x0000000000000694
Event: 299.376 Thread 0x000002999c18f800 Uncommon trap: reason=array_check action=maybe_recompile pc=0x000002998bd12754 method=java.util.TimSort.reverseRange([Ljava/lang/Object;II)V @ 20 c2
Event: 299.376 Thread 0x000002999c18f800 DEOPT PACKING pc=0x000002998bd12754 sp=0x000000c007ffd070
Event: 299.376 Thread 0x000002999c18f800 DEOPT UNPACKING pc=0x00000299838c74af sp=0x000000c007ffcfa0 mode 2
Event: 299.377 Thread 0x000002999c18f800 Uncommon trap: trap_request=0xffffffd6 fr.pc=0x000002998bd12754 relative=0x0000000000000694
Event: 299.377 Thread 0x000002999c18f800 Uncommon trap: reason=array_check action=maybe_recompile pc=0x000002998bd12754 method=java.util.TimSort.reverseRange([Ljava/lang/Object;II)V @ 20 c2
Event: 299.377 Thread 0x000002999c18f800 DEOPT PACKING pc=0x000002998bd12754 sp=0x000000c007ffd070
Event: 299.377 Thread 0x000002999c18f800 DEOPT UNPACKING pc=0x00000299838c74af sp=0x000000c007ffcfa0 mode 2
Event: 299.397 Thread 0x00000299a43a2800 Uncommon trap: trap_request=0xffffffde fr.pc=0x000002998baa70b8 relative=0x00000000000002d8
Event: 299.397 Thread 0x00000299a43a2800 Uncommon trap: reason=class_check action=maybe_recompile pc=0x000002998baa70b8 method=org.gradle.internal.snapshot.ChildMapFactory.childMapFromSorted(Ljava/util/List;)Lorg/gradle/internal/snapshot/ChildMap; @ 46 c2
Event: 299.397 Thread 0x00000299a43a2800 DEOPT PACKING pc=0x000002998baa70b8 sp=0x000000c006afded0
Event: 299.397 Thread 0x00000299a43a2800 DEOPT UNPACKING pc=0x00000299838c74af sp=0x000000c006afde80 mode 2
Event: 299.402 Thread 0x00000299a43a2800 DEOPT PACKING pc=0x0000029984c75730 sp=0x000000c006afbdb0
Event: 299.402 Thread 0x00000299a43a2800 DEOPT UNPACKING pc=0x00000299838c72ce sp=0x000000c006afb2d0 mode 0
Event: 299.430 Thread 0x000002999cb58800 DEOPT PACKING pc=0x00000299860371f6 sp=0x000000c007afd280
Event: 299.430 Thread 0x000002999cb58800 DEOPT UNPACKING pc=0x00000299838c72ce sp=0x000000c007afc800 mode 0
Event: 299.463 Thread 0x000002999cb58800 DEOPT PACKING pc=0x00000299860371f6 sp=0x000000c007afd280
Event: 299.463 Thread 0x000002999cb58800 DEOPT UNPACKING pc=0x00000299838c72ce sp=0x000000c007afc800 mode 0
Event: 299.494 Thread 0x000002999cb58800 DEOPT PACKING pc=0x00000299860371f6 sp=0x000000c007afd570
Event: 299.494 Thread 0x000002999cb58800 DEOPT UNPACKING pc=0x00000299838c72ce sp=0x000000c007afcaf0 mode 0

Classes redefined (0 events):
No events

Internal exceptions (20 events):
Event: 41.970 Thread 0x000002999b119800 Exception <a 'java/lang/NoSuchMethodError'{0x0000000089441478}: 'java.lang.Object java.lang.invoke.DirectMethodHandle$Holder.invokeSpecial(java.lang.Object, java.lang.Object, java.lang.Object, java.lang.Object, int, java.lang.Object, java.lang.Object)'> (0x0000000089441478) thrown at [./src/hotspot/share/interpreter/linkResolver.cpp, line 773]
Event: 43.587 Thread 0x000002999acce800 Implicit null exception at 0x000002998b740c94 to 0x000002998b741280
Event: 43.587 Thread 0x000002999acce800 Implicit null exception at 0x000002998b6f7914 to 0x000002998b6f7ee8
Event: 111.633 Thread 0x000002999c995000 Implicit null exception at 0x000002998b972fe2 to 0x000002998b973af8
Event: 112.202 Thread 0x000002999c995000 Exception <a 'sun/nio/fs/WindowsException'{0x0000000089fcb110}> (0x0000000089fcb110) thrown at [./src/hotspot/share/prims/jni.cpp, line 615]
Event: 112.265 Thread 0x000002999c995000 Exception <a 'sun/nio/fs/WindowsException'{0x0000000089b0c708}> (0x0000000089b0c708) thrown at [./src/hotspot/share/prims/jni.cpp, line 615]
Event: 112.826 Thread 0x00000299a43a2800 Exception <a 'java/lang/InterruptedException'{0x0000000088a43ef0}> (0x0000000088a43ef0) thrown at [./src/hotspot/share/runtime/objectMonitor.cpp, line 1635]
Event: 115.892 Thread 0x000002999fcbc000 Exception <a 'sun/nio/fs/WindowsException'{0x000000008b2a5818}> (0x000000008b2a5818) thrown at [./src/hotspot/share/prims/jni.cpp, line 615]
Event: 116.012 Thread 0x000002999fcbc000 Exception <a 'java/lang/NoSuchMethodError'{0x000000008b0e25d8}: 'java.lang.Object java.lang.invoke.DirectMethodHandle$Holder.invokeInterface(java.lang.Object, java.lang.Object, int)'> (0x000000008b0e25d8) thrown at [./src/hotspot/share/interpreter/linkResolver.cpp, line 773]
Event: 116.096 Thread 0x000002999fcbc000 Exception <a 'sun/nio/fs/WindowsException'{0x000000008adf0238}> (0x000000008adf0238) thrown at [./src/hotspot/share/prims/jni.cpp, line 615]
Event: 116.180 Thread 0x000002999fcb8000 Exception <a 'sun/nio/fs/WindowsException'{0x000000008abd12a8}> (0x000000008abd12a8) thrown at [./src/hotspot/share/prims/jni.cpp, line 615]
Event: 116.217 Thread 0x000002999fcb8000 Exception <a 'sun/nio/fs/WindowsException'{0x000000008a823a08}> (0x000000008a823a08) thrown at [./src/hotspot/share/prims/jni.cpp, line 615]
Event: 116.654 Thread 0x000002999fcc0800 Exception <a 'sun/nio/fs/WindowsException'{0x00000000898ec4f8}> (0x00000000898ec4f8) thrown at [./src/hotspot/share/prims/jni.cpp, line 615]
Event: 296.399 Thread 0x000002999fcb8000 Exception <a 'sun/nio/fs/WindowsException'{0x000000008ae27118}> (0x000000008ae27118) thrown at [./src/hotspot/share/prims/jni.cpp, line 615]
Event: 296.484 Thread 0x000002999fcb8000 Exception <a 'sun/nio/fs/WindowsException'{0x000000008a952618}> (0x000000008a952618) thrown at [./src/hotspot/share/prims/jni.cpp, line 615]
Event: 296.879 Thread 0x00000299a43a3800 Exception <a 'java/lang/InterruptedException'{0x000000008985c570}> (0x000000008985c570) thrown at [./src/hotspot/share/runtime/objectMonitor.cpp, line 1635]
Event: 299.263 Thread 0x000002999cb56800 Exception <a 'sun/nio/fs/WindowsException'{0x0000000088fbd880}> (0x0000000088fbd880) thrown at [./src/hotspot/share/prims/jni.cpp, line 615]
Event: 299.296 Thread 0x000002999cb56800 Exception <a 'sun/nio/fs/WindowsException'{0x0000000088c6bf48}> (0x0000000088c6bf48) thrown at [./src/hotspot/share/prims/jni.cpp, line 615]
Event: 299.354 Thread 0x000002999c18f800 Exception <a 'sun/nio/fs/WindowsException'{0x0000000088a8f9e0}> (0x0000000088a8f9e0) thrown at [./src/hotspot/share/prims/jni.cpp, line 615]
Event: 299.389 Thread 0x000002999c18f800 Exception <a 'sun/nio/fs/WindowsException'{0x00000000888e1300}> (0x00000000888e1300) thrown at [./src/hotspot/share/prims/jni.cpp, line 615]

Events (20 events):
Event: 299.310 Executing VM operation: RevokeBias
Event: 299.310 Executing VM operation: RevokeBias done
Event: 299.312 Executing VM operation: RevokeBias
Event: 299.312 Executing VM operation: RevokeBias done
Event: 299.312 Executing VM operation: RevokeBias
Event: 299.312 Executing VM operation: RevokeBias done
Event: 299.312 Executing VM operation: RevokeBias
Event: 299.312 Executing VM operation: RevokeBias done
Event: 299.313 Executing VM operation: RevokeBias
Event: 299.313 Executing VM operation: RevokeBias done
Event: 299.313 Executing VM operation: RevokeBias
Event: 299.313 Executing VM operation: RevokeBias done
Event: 299.313 Executing VM operation: RevokeBias
Event: 299.313 Executing VM operation: RevokeBias done
Event: 299.316 Executing VM operation: RevokeBias
Event: 299.317 Executing VM operation: RevokeBias done
Event: 299.321 Executing VM operation: RevokeBias
Event: 299.321 Executing VM operation: RevokeBias done
Event: 299.419 Executing VM operation: RevokeBias
Event: 299.419 Executing VM operation: RevokeBias done


Dynamic libraries:
0x00007ff6bd2f0000 - 0x00007ff6bd2fa000 	C:\Users\Dark Knight\Desktop\Android Studio\jre\bin\java.exe
0x00007ffee3570000 - 0x00007ffee3765000 	C:\WINDOWS\SYSTEM32\ntdll.dll
0x00007ffee15f0000 - 0x00007ffee16ad000 	C:\WINDOWS\System32\KERNEL32.DLL
0x00007ffee12d0000 - 0x00007ffee1599000 	C:\WINDOWS\System32\KERNELBASE.dll
0x00007ffee0cd0000 - 0x00007ffee0dd0000 	C:\WINDOWS\System32\ucrtbase.dll
0x00007ffed9230000 - 0x00007ffed9249000 	C:\Users\Dark Knight\Desktop\Android Studio\jre\bin\jli.dll
0x00007ffed7f70000 - 0x00007ffed7f87000 	C:\Users\Dark Knight\Desktop\Android Studio\jre\bin\VCRUNTIME140.dll
0x00007ffee1f30000 - 0x00007ffee20d0000 	C:\WINDOWS\System32\USER32.dll
0x00007ffee0ca0000 - 0x00007ffee0cc2000 	C:\WINDOWS\System32\win32u.dll
0x00007ffee20d0000 - 0x00007ffee20fa000 	C:\WINDOWS\System32\GDI32.dll
0x00007ffecb000000 - 0x00007ffecb29a000 	C:\WINDOWS\WinSxS\amd64_microsoft.windows.common-controls_6595b64144ccf1df_6.0.19041.1110_none_60b5254171f9507e\COMCTL32.dll
0x00007ffee11c0000 - 0x00007ffee12cb000 	C:\WINDOWS\System32\gdi32full.dll
0x00007ffee32b0000 - 0x00007ffee334e000 	C:\WINDOWS\System32\msvcrt.dll
0x00007ffee0dd0000 - 0x00007ffee0e6d000 	C:\WINDOWS\System32\msvcp_win.dll
0x00007ffee23d0000 - 0x00007ffee2400000 	C:\WINDOWS\System32\IMM32.DLL
0x00007ffed0660000 - 0x00007ffed06fd000 	C:\Users\Dark Knight\Desktop\Android Studio\jre\bin\msvcp140.dll
0x00007ffe81d00000 - 0x00007ffe827bc000 	C:\Users\Dark Knight\Desktop\Android Studio\jre\bin\server\jvm.dll
0x00007ffee1780000 - 0x00007ffee182c000 	C:\WINDOWS\System32\ADVAPI32.dll
0x00007ffee1830000 - 0x00007ffee18cb000 	C:\WINDOWS\System32\sechost.dll
0x00007ffee3350000 - 0x00007ffee347a000 	C:\WINDOWS\System32\RPCRT4.dll
0x00007ffee2d90000 - 0x00007ffee2d98000 	C:\WINDOWS\System32\PSAPI.DLL
0x00007ffebdcc0000 - 0x00007ffebdcc9000 	C:\WINDOWS\SYSTEM32\WSOCK32.dll
0x00007ffed7fc0000 - 0x00007ffed7fca000 	C:\WINDOWS\SYSTEM32\VERSION.dll
0x00007ffecb2b0000 - 0x00007ffecb2d7000 	C:\WINDOWS\SYSTEM32\WINMM.dll
0x00007ffee2360000 - 0x00007ffee23cb000 	C:\WINDOWS\System32\WS2_32.dll
0x00007ffedf530000 - 0x00007ffedf542000 	C:\WINDOWS\SYSTEM32\kernel.appcore.dll
0x00007ffed0ea0000 - 0x00007ffed0eb1000 	C:\Users\Dark Knight\Desktop\Android Studio\jre\bin\verify.dll
0x00007ffedeab0000 - 0x00007ffedec94000 	C:\WINDOWS\SYSTEM32\DBGHELP.DLL
0x00007ffec9830000 - 0x00007ffec985c000 	C:\WINDOWS\SYSTEM32\dbgcore.DLL
0x00007ffee0f70000 - 0x00007ffee0ff3000 	C:\WINDOWS\System32\bcryptPrimitives.dll
0x00007ffea4b70000 - 0x00007ffea4b99000 	C:\Users\Dark Knight\Desktop\Android Studio\jre\bin\java.dll
0x00007ffed7d80000 - 0x00007ffed7d8b000 	C:\Users\Dark Knight\Desktop\Android Studio\jre\bin\jimage.dll
0x00007ffed0dc0000 - 0x00007ffed0dd8000 	C:\Users\Dark Knight\Desktop\Android Studio\jre\bin\zip.dll
0x00007ffee25f0000 - 0x00007ffee2d2f000 	C:\WINDOWS\System32\SHELL32.dll
0x00007ffeded90000 - 0x00007ffedf520000 	C:\WINDOWS\SYSTEM32\windows.storage.dll
0x00007ffee2da0000 - 0x00007ffee30f5000 	C:\WINDOWS\System32\combase.dll
0x00007ffee0700000 - 0x00007ffee072c000 	C:\WINDOWS\SYSTEM32\Wldp.dll
0x00007ffee1e80000 - 0x00007ffee1f2e000 	C:\WINDOWS\System32\SHCORE.dll
0x00007ffee2400000 - 0x00007ffee2455000 	C:\WINDOWS\System32\shlwapi.dll
0x00007ffee0be0000 - 0x00007ffee0bff000 	C:\WINDOWS\SYSTEM32\profapi.dll
0x00007ffeb35f0000 - 0x00007ffeb360a000 	C:\Users\Dark Knight\Desktop\Android Studio\jre\bin\net.dll
0x00007ffed5b40000 - 0x00007ffed5c48000 	C:\WINDOWS\SYSTEM32\WINHTTP.dll
0x00007ffee0460000 - 0x00007ffee04ca000 	C:\WINDOWS\system32\mswsock.dll
0x00007ffeb2bd0000 - 0x00007ffeb2be4000 	C:\Users\Dark Knight\Desktop\Android Studio\jre\bin\nio.dll
0x00007ffed78b0000 - 0x00007ffed78d7000 	C:\Users\Dark Knight\.gradle\native\8bec1ad78214c89d9ad589b4d07fe93259594b29d510b10fafb7a158f7737e5d\windows-amd64\native-platform.dll
0x00007ffed0700000 - 0x00007ffed083d000 	C:\Users\Dark Knight\.gradle\native\53dbd7edfb1c66fb8903c78663c9afc45aea4f116125fa6feffd364cf09443e8\windows-amd64\native-platform-file-events.dll
0x00007ffed7880000 - 0x00007ffed788a000 	C:\Users\Dark Knight\Desktop\Android Studio\jre\bin\management.dll
0x00007ffeca360000 - 0x00007ffeca36c000 	C:\Users\Dark Knight\Desktop\Android Studio\jre\bin\management_ext.dll
0x00007ffee0650000 - 0x00007ffee0668000 	C:\WINDOWS\SYSTEM32\CRYPTSP.dll
0x00007ffedfd70000 - 0x00007ffedfda4000 	C:\WINDOWS\system32\rsaenh.dll
0x00007ffee15a0000 - 0x00007ffee15c7000 	C:\WINDOWS\System32\bcrypt.dll
0x00007ffee0ba0000 - 0x00007ffee0bce000 	C:\WINDOWS\SYSTEM32\USERENV.dll
0x00007ffee0670000 - 0x00007ffee067c000 	C:\WINDOWS\SYSTEM32\CRYPTBASE.dll
0x00007ffee0100000 - 0x00007ffee013b000 	C:\WINDOWS\SYSTEM32\IPHLPAPI.DLL
0x00007ffee18d0000 - 0x00007ffee18d8000 	C:\WINDOWS\System32\NSI.dll
0x00007ffecfdf0000 - 0x00007ffecfe07000 	C:\WINDOWS\SYSTEM32\dhcpcsvc6.DLL
0x00007ffed0340000 - 0x00007ffed035d000 	C:\WINDOWS\SYSTEM32\dhcpcsvc.DLL
0x00007ffee0140000 - 0x00007ffee020c000 	C:\WINDOWS\SYSTEM32\DNSAPI.dll
0x00007ffed7f50000 - 0x00007ffed7f6e000 	C:\Users\Dark Knight\AppData\Local\Temp\native-platform10544048745533414809dir\native-platform.dll
0x00007ffedc060000 - 0x00007ffedc068000 	C:\Users\Dark Knight\Desktop\Android Studio\jre\bin\rmi.dll
0x00007ffea36f0000 - 0x00007ffea3717000 	C:\Users\Dark Knight\Desktop\Android Studio\jre\bin\sunec.dll

dbghelp: loaded successfully - version: 4.0.5 - missing functions: none
symbol engine: initialized successfully - sym options: 0x614 - pdb path: .;C:\Users\Dark Knight\Desktop\Android Studio\jre\bin;C:\WINDOWS\SYSTEM32;C:\WINDOWS\WinSxS\amd64_microsoft.windows.common-controls_6595b64144ccf1df_6.0.19041.1110_none_60b5254171f9507e;C:\Users\Dark Knight\Desktop\Android Studio\jre\bin\server;C:\Users\Dark Knight\.gradle\native\8bec1ad78214c89d9ad589b4d07fe93259594b29d510b10fafb7a158f7737e5d\windows-amd64;C:\Users\Dark Knight\.gradle\native\53dbd7edfb1c66fb8903c78663c9afc45aea4f116125fa6feffd364cf09443e8\windows-amd64;C:\Users\Dark Knight\AppData\Local\Temp\native-platform10544048745533414809dir

VM Arguments:
jvm_args: --add-opens=java.base/java.util=ALL-UNNAMED --add-opens=java.base/java.lang=ALL-UNNAMED --add-opens=java.base/java.lang.invoke=ALL-UNNAMED --add-opens=java.base/java.util=ALL-UNNAMED --add-opens=java.prefs/java.util.prefs=ALL-UNNAMED --add-opens=java.prefs/java.util.prefs=ALL-UNNAMED --add-opens=java.base/java.nio.charset=ALL-UNNAMED --add-opens=java.base/java.net=ALL-UNNAMED --add-opens=java.base/java.util.concurrent.atomic=ALL-UNNAMED -Xmx2048m -Dfile.encoding=UTF-8 -Duser.country=IN -Duser.language=en -Duser.variant 
java_command: org.gradle.launcher.daemon.bootstrap.GradleDaemon 7.0.2
java_class_path (initial): C:\Users\Dark Knight\.gradle\wrapper\dists\gradle-7.0.2-bin\857tjihv64xamwrf0h14cai3r\gradle-7.0.2\lib\gradle-launcher-7.0.2.jar
Launcher Type: SUN_STANDARD

[Global flags]
     intx CICompilerCount                          = 4                                         {product} {ergonomic}
     uint ConcGCThreads                            = 2                                         {product} {ergonomic}
     uint G1ConcRefinementThreads                  = 8                                         {product} {ergonomic}
   size_t G1HeapRegionSize                         = 1048576                                   {product} {ergonomic}
    uintx GCDrainStackTargetSize                   = 64                                        {product} {ergonomic}
   size_t InitialHeapSize                          = 134217728                                 {product} {ergonomic}
   size_t MarkStackSize                            = 4194304                                   {product} {ergonomic}
   size_t MaxHeapSize                              = 2147483648                                {product} {command line}
   size_t MaxNewSize                               = 1287651328                                {product} {ergonomic}
   size_t MinHeapDeltaBytes                        = 1048576                                   {product} {ergonomic}
    uintx NonNMethodCodeHeapSize                   = 5836300                                {pd product} {ergonomic}
    uintx NonProfiledCodeHeapSize                  = 122910970                              {pd product} {ergonomic}
    uintx ProfiledCodeHeapSize                     = 122910970                              {pd product} {ergonomic}
    uintx ReservedCodeCacheSize                    = 251658240                              {pd product} {ergonomic}
     bool SegmentedCodeCache                       = true                                      {product} {ergonomic}
     bool UseCompressedClassPointers               = true                                 {lp64_product} {ergonomic}
     bool UseCompressedOops                        = true                                 {lp64_product} {ergonomic}
     bool UseG1GC                                  = true                                      {product} {ergonomic}
     bool UseLargePagesIndividualAllocation        = false                                  {pd product} {ergonomic}

Logging:
Log output configuration:
 #0: stdout all=warning uptime,level,tags
 #1: stderr all=off uptime,level,tags

Environment Variables:
PATH=C:\Windows\system32;C:\Windows;C:\Windows\System32\Wbem;C:\Windows\System32\WindowsPowerShell\v1.0\;C:\Windows\System32\OpenSSH\;C:\Program Files (x86)\NVIDIA Corporation\PhysX\Common;C:\Program Files\NVIDIA Corporation\NVIDIA NvDLISR;C:\WINDOWS\system32;C:\WINDOWS;C:\WINDOWS\System32\Wbem;C:\WINDOWS\System32\WindowsPowerShell\v1.0\;C:\WINDOWS\System32\OpenSSH\;C:\MinGW\bin;C:\Program Files\MEGA-X;C:\WINDOWS\system32;C:\WINDOWS;C:\WINDOWS\System32\Wbem;C:\WINDOWS\System32\WindowsPowerShell\v1.0\;C:\WINDOWS\System32\OpenSSH\;C:\Program Files\Git\cmd;C:\Users\Dark Knight\AppData\Local\Microsoft\WindowsApps;C:\Users\Dark Knight\AppData\Local\atom\bin;C:\MinGW\bin;C:\Program Files (x86)\Microsoft Visual Studio\2019\BuildTools\MSBuild\Current\Bin;C:\Users\Dark Knight\AppData\Local\Microsoft\WindowsApps
USERNAME=Dark Knight
OS=Windows_NT
PROCESSOR_IDENTIFIER=Intel64 Family 6 Model 158 Stepping 10, GenuineIntel



---------------  S Y S T E M  ---------------

OS: Windows 10 , 64 bit Build 19041 (10.0.19041.1151)
OS uptime: 19 days 6:59 hours

CPU:total 8 (initial active 8) (4 cores per cpu, 2 threads per core) family 6 model 158 stepping 10, cmov, cx8, fxsr, mmx, sse, sse2, sse3, ssse3, sse4.1, sse4.2, popcnt, avx, avx2, aes, clmul, erms, 3dnowpref, lzcnt, ht, tsc, tscinvbit, bmi1, bmi2, adx, fma

Memory: 4k page, system-wide physical 8072M (841M free)
TotalPageFile size 12168M (AvailPageFile size 5M)
current process WorkingSet (physical memory assigned to process): 523M, peak: 544M
current process commit charge ("private bytes"): 561M, peak: 583M

vm_info: OpenJDK 64-Bit Server VM (11.0.8+10-b944.6842174) for windows-amd64 JRE (11.0.8+10-b944.6842174), built on Sep 19 2020 01:11:42 by "builder" with MS VC++ 14.0 (VS2015)

END.
