#
# There is insufficient memory for the Java Runtime Environment to continue.
# Native memory allocation (mmap) failed to map 76546048 bytes for Failed to commit area from 0x000000008b900000 to 0x0000000090200000 of length 76546048.
# Possible reasons:
#   The system is out of physical RAM or swap space
#   The process is running with CompressedOops enabled, and the Java Heap may be blocking the growth of the native heap
# Possible solutions:
#   Reduce memory load on the system
#   Increase physical memory or swap space
#   Check if swap backing store is full
#   Decrease Java heap size (-Xmx/-Xms)
#   Decrease number of Java threads
#   Decrease Java thread stack sizes (-Xss)
#   Set larger code cache with -XX:ReservedCodeCacheSize=
#   JVM is running with Unscaled Compressed Oops mode in which the Java heap is
#     placed in the first 4GB address space. The Java Heap base address is the
#     maximum limit for the native heap growth. Please use -XX:HeapBaseMinAddress
#     to set the Java Heap base and to place the Java Heap above 4GB virtual address.
# This output file may be truncated or incomplete.
#
#  Out of Memory Error (./src/hotspot/os/windows/os_windows.cpp:3303), pid=47860, tid=43856
#
# JRE version: OpenJDK Runtime Environment (11.0.8+10) (build 11.0.8+10-b944.6842174)
# Java VM: OpenJDK 64-Bit Server VM (11.0.8+10-b944.6842174, mixed mode, tiered, compressed oops, g1 gc, windows-amd64)
# No core dump will be written. Minidumps are not enabled by default on client versions of Windows
#

---------------  S U M M A R Y ------------

Command Line: --add-opens=java.base/java.util=ALL-UNNAMED --add-opens=java.base/java.lang=ALL-UNNAMED --add-opens=java.base/java.lang.invoke=ALL-UNNAMED --add-opens=java.base/java.util=ALL-UNNAMED --add-opens=java.prefs/java.util.prefs=ALL-UNNAMED --add-opens=java.prefs/java.util.prefs=ALL-UNNAMED --add-opens=java.base/java.nio.charset=ALL-UNNAMED --add-opens=java.base/java.net=ALL-UNNAMED --add-opens=java.base/java.util.concurrent.atomic=ALL-UNNAMED -Xmx2048m -Dfile.encoding=UTF-8 -Duser.country=IN -Duser.language=en -Duser.variant org.gradle.launcher.daemon.bootstrap.GradleDaemon 7.0.2

Host: Intel(R) Core(TM) i5-9300H CPU @ 2.40GHz, 8 cores, 7G,  Windows 10 , 64 bit Build 19041 (10.0.19041.1151)
Time: Tue Aug 31 10:55:59 2021 India Standard Time elapsed time: 18 seconds (0d 0h 0m 18s)

---------------  T H R E A D  ---------------

Current thread (0x000001cca7b30800):  VMThread "VM Thread" [stack: 0x00000043fdf00000,0x00000043fe000000] [id=43856]

Stack: [0x00000043fdf00000,0x00000043fe000000]
[error occurred during error reporting (printing stack bounds), id 0xc0000005, EXCEPTION_ACCESS_VIOLATION (0xc0000005) at pc=0x000001cc911a0dad]

Native frames: (J=compiled Java code, j=interpreted, Vv=VM code, C=native code)
V  [jvm.dll+0x5de50a]
V  [jvm.dll+0x7122f5]
V  [jvm.dll+0x71384d]
V  [jvm.dll+0x713e65]
V  [jvm.dll+0x713e1b]
V  [jvm.dll+0x5dd958]
V  [jvm.dll+0x5de0f8]
C  [ntdll.dll+0xa217f]
C  [ntdll.dll+0x51454]
C  [ntdll.dll+0xa0cae]
C  0x000001cc911a0dad

VM_Operation (0x00000043816f9590): G1CollectForAllocation, mode: safepoint, requested by thread 0x000001ccae4bb000


---------------  P R O C E S S  ---------------

Threads class SMR info:
_java_thread_list=0x000001ccaf52dc30, length=64, elements={
0x000001cc8d824000, 0x000001cca8351800, 0x000001cca835f800, 0x000001cca83a5800,
0x000001cca83a7800, 0x000001cca83a9000, 0x000001cca83ad800, 0x000001cca83b0000,
0x000001cca8507800, 0x000001cca8537800, 0x000001ccaa545800, 0x000001cca9be3800,
0x000001cca860f800, 0x000001ccaa5d6800, 0x000001ccaa3d6000, 0x000001ccab456000,
0x000001ccaa6dc800, 0x000001cca94ed000, 0x000001cca99a2800, 0x000001ccaacf9000,
0x000001ccab888800, 0x000001ccab886000, 0x000001ccab88b000, 0x000001ccab88c000,
0x000001ccab889800, 0x000001ccab88c800, 0x000001ccab887000, 0x000001ccab888000,
0x000001ccae4ae000, 0x000001ccae4ac800, 0x000001ccae4af800, 0x000001ccae4b0800,
0x000001ccae4b3000, 0x000001ccae4ad800, 0x000001ccae4b4800, 0x000001ccae4b5800,
0x000001ccae4b8800, 0x000001ccae4b9800, 0x000001ccae4b6800, 0x000001ccae4b8000,
0x000001ccae4b4000, 0x000001ccae4ba800, 0x000001ccae4b7000, 0x000001ccae4bb000,
0x000001ccaf078800, 0x000001ccaf076800, 0x000001ccaf07a800, 0x000001ccaf07b000,
0x000001ccaf07c000, 0x000001ccaf07d000, 0x000001ccaf077000, 0x000001ccaf07d800,
0x000001ccaf078000, 0x000001ccaf07f000, 0x000001ccaf080000, 0x000001ccaf07e800,
0x000001ccaf081000, 0x000001ccaf081800, 0x000001ccaf084000, 0x000001ccaf082800,
0x000001ccaf083800, 0x000001ccaf085000, 0x000001ccab88a800, 0x000001ccafa12000
}

Java Threads: ( => current thread )
  0x000001cc8d824000 JavaThread "main" [_thread_blocked, id=31460, stack(0x00000043fd900000,0x00000043fda00000)]
  0x000001cca8351800 JavaThread "Reference Handler" daemon [_thread_blocked, id=42752, stack(0x00000043fe000000,0x00000043fe100000)]
  0x000001cca835f800 JavaThread "Finalizer" daemon [_thread_blocked, id=45340, stack(0x00000043fe100000,0x00000043fe200000)]
  0x000001cca83a5800 JavaThread "Signal Dispatcher" daemon [_thread_blocked, id=49920, stack(0x00000043fe200000,0x00000043fe300000)]
  0x000001cca83a7800 JavaThread "Attach Listener" daemon [_thread_blocked, id=16728, stack(0x00000043fe300000,0x00000043fe400000)]
  0x000001cca83a9000 JavaThread "C2 CompilerThread0" daemon [_thread_in_native, id=14132, stack(0x00000043fe400000,0x00000043fe500000)]
  0x000001cca83ad800 JavaThread "C1 CompilerThread0" daemon [_thread_blocked, id=46016, stack(0x00000043fe500000,0x00000043fe600000)]
  0x000001cca83b0000 JavaThread "Sweeper thread" daemon [_thread_blocked, id=31820, stack(0x00000043fe600000,0x00000043fe700000)]
  0x000001cca8507800 JavaThread "Common-Cleaner" daemon [_thread_blocked, id=49504, stack(0x00000043fe700000,0x00000043fe800000)]
  0x000001cca8537800 JavaThread "Service Thread" daemon [_thread_blocked, id=40896, stack(0x00000043fe800000,0x00000043fe900000)]
  0x000001ccaa545800 JavaThread "Daemon health stats" [_thread_blocked, id=43280, stack(0x00000043fee00000,0x00000043fef00000)]
  0x000001cca9be3800 JavaThread "Incoming local TCP Connector on port 52137" [_thread_in_native, id=37604, stack(0x00000043fea00000,0x00000043feb00000)]
  0x000001cca860f800 JavaThread "Daemon periodic checks" [_thread_blocked, id=47188, stack(0x00000043feb00000,0x00000043fec00000)]
  0x000001ccaa5d6800 JavaThread "Daemon" [_thread_blocked, id=23400, stack(0x00000043fef00000,0x00000043ff000000)]
  0x000001ccaa3d6000 JavaThread "Handler for socket connection from /127.0.0.1:52137 to /127.0.0.1:52138" [_thread_in_native, id=2316, stack(0x00000043ff000000,0x00000043ff100000)]
  0x000001ccab456000 JavaThread "Cancel handler" [_thread_blocked, id=25988, stack(0x00000043ff100000,0x00000043ff200000)]
  0x000001ccaa6dc800 JavaThread "Daemon worker" [_thread_blocked, id=31868, stack(0x00000043ff200000,0x00000043ff300000)]
  0x000001cca94ed000 JavaThread "Asynchronous log dispatcher for DefaultDaemonConnection: socket connection from /127.0.0.1:52137 to /127.0.0.1:52138" [_thread_blocked, id=45036, stack(0x00000043ff300000,0x00000043ff400000)]
  0x000001cca99a2800 JavaThread "Stdin handler" [_thread_blocked, id=28816, stack(0x00000043ff400000,0x00000043ff500000)]
  0x000001ccaacf9000 JavaThread "Daemon client event forwarder" [_thread_blocked, id=48696, stack(0x00000043ff500000,0x00000043ff600000)]
  0x000001ccab888800 JavaThread "Cache worker for file hash cache (C:\Users\Dark Knight\.gradle\caches\7.0.2\fileHashes)" [_thread_blocked, id=48940, stack(0x00000043ffb00000,0x00000043ffc00000)]
  0x000001ccab886000 JavaThread "File lock request listener" [_thread_in_native, id=49460, stack(0x00000043ffc00000,0x00000043ffd00000)]
  0x000001ccab88b000 JavaThread "Cache worker for journal cache (C:\Users\Dark Knight\.gradle\caches\journal-1)" [_thread_blocked, id=44560, stack(0x00000043ffe00000,0x00000043fff00000)]
  0x000001ccab88c000 JavaThread "Cache worker for file hash cache (C:\Android Projects\Udemy TUTORIAL\7MinuteWorkout2\.gradle\7.0.2\fileHashes)" [_thread_blocked, id=41604, stack(0x0000004380100000,0x0000004380200000)]
  0x000001ccab889800 JavaThread "File watcher server" daemon [_thread_blocked, id=47668, stack(0x0000004380200000,0x0000004380300000)]
  0x000001ccab88c800 JavaThread "File watcher consumer" daemon [_thread_blocked, id=31816, stack(0x0000004380300000,0x0000004380400000)]
  0x000001ccab887000 JavaThread "Cache worker for checksums cache (C:\Android Projects\Udemy TUTORIAL\7MinuteWorkout2\.gradle\checksums)" [_thread_blocked, id=49752, stack(0x0000004380400000,0x0000004380500000)]
  0x000001ccab888000 JavaThread "Cache worker for cache directory md-supplier (C:\Users\Dark Knight\.gradle\caches\7.0.2\md-supplier)" [_thread_blocked, id=37452, stack(0x0000004380500000,0x0000004380600000)]
  0x000001ccae4ae000 JavaThread "Cache worker for cache directory md-rule (C:\Users\Dark Knight\.gradle\caches\7.0.2\md-rule)" [_thread_blocked, id=22156, stack(0x0000004380700000,0x0000004380800000)]
  0x000001ccae4ac800 JavaThread "Cache worker for execution history cache (C:\Users\Dark Knight\.gradle\caches\7.0.2\executionHistory)" [_thread_blocked, id=27580, stack(0x0000004380800000,0x0000004380900000)]
  0x000001ccae4af800 JavaThread "jar transforms" [_thread_blocked, id=39820, stack(0x0000004380900000,0x0000004380a00000)]
  0x000001ccae4b0800 JavaThread "jar transforms Thread 2" [_thread_blocked, id=46984, stack(0x0000004380a00000,0x0000004380b00000)]
  0x000001ccae4b3000 JavaThread "Cache worker for file content cache (C:\Users\Dark Knight\.gradle\caches\7.0.2\fileContent)" [_thread_blocked, id=48896, stack(0x0000004380b00000,0x0000004380c00000)]
  0x000001ccae4ad800 JavaThread "Cache worker for dependencies-accessors (C:\Android Projects\Udemy TUTORIAL\7MinuteWorkout2\.gradle\7.0.2\dependencies-accessors)" [_thread_blocked, id=14084, stack(0x0000004380c00000,0x0000004380d00000)]
  0x000001ccae4b4800 JavaThread "jar transforms Thread 3" [_thread_blocked, id=22796, stack(0x0000004380d00000,0x0000004380e00000)]
  0x000001ccae4b5800 JavaThread "Cache worker for Build Output Cleanup Cache (C:\Android Projects\Udemy TUTORIAL\7MinuteWorkout2\.gradle\buildOutputCleanup)" [_thread_blocked, id=42444, stack(0x0000004380e00000,0x0000004380f00000)]
  0x000001ccae4b8800 JavaThread "Build operations" [_thread_blocked, id=43068, stack(0x0000004380f00000,0x0000004381000000)]
  0x000001ccae4b9800 JavaThread "Build operations Thread 2" [_thread_blocked, id=34784, stack(0x0000004381000000,0x0000004381100000)]
  0x000001ccae4b6800 JavaThread "Build operations Thread 3" [_thread_blocked, id=46252, stack(0x0000004381100000,0x0000004381200000)]
  0x000001ccae4b8000 JavaThread "Build operations Thread 4" [_thread_blocked, id=48172, stack(0x0000004381200000,0x0000004381300000)]
  0x000001ccae4b4000 JavaThread "Build operations Thread 5" [_thread_blocked, id=49656, stack(0x0000004381300000,0x0000004381400000)]
  0x000001ccae4ba800 JavaThread "Build operations Thread 6" [_thread_blocked, id=48344, stack(0x0000004381400000,0x0000004381500000)]
  0x000001ccae4b7000 JavaThread "Build operations Thread 7" [_thread_blocked, id=15748, stack(0x0000004381500000,0x0000004381600000)]
  0x000001ccae4bb000 JavaThread "Build operations Thread 8" [_thread_blocked, id=32640, stack(0x0000004381600000,0x0000004381700000)]
  0x000001ccaf078800 JavaThread "jar transforms Thread 4" [_thread_blocked, id=40656, stack(0x0000004381700000,0x0000004381800000)]
  0x000001ccaf076800 JavaThread "jar transforms Thread 5" [_thread_blocked, id=32336, stack(0x0000004381800000,0x0000004381900000)]
  0x000001ccaf07a800 JavaThread "jar transforms Thread 6" [_thread_blocked, id=49980, stack(0x0000004381900000,0x0000004381a00000)]
  0x000001ccaf07b000 JavaThread "jar transforms Thread 7" [_thread_blocked, id=43812, stack(0x0000004381a00000,0x0000004381b00000)]
  0x000001ccaf07c000 JavaThread "jar transforms Thread 8" [_thread_blocked, id=40020, stack(0x0000004381b00000,0x0000004381c00000)]
  0x000001ccaf07d000 JavaThread "Memory manager" [_thread_blocked, id=15956, stack(0x0000004381c00000,0x0000004381d00000)]
  0x000001ccaf077000 JavaThread "C2 CompilerThread1" daemon [_thread_blocked, id=39000, stack(0x0000004380000000,0x0000004380100000)]
  0x000001ccaf07d800 JavaThread "C2 CompilerThread2" daemon [_thread_in_native, id=49924, stack(0x0000004380600000,0x0000004380700000)]
  0x000001ccaf078000 JavaThread "build event listener" [_thread_blocked, id=31148, stack(0x0000004381d00000,0x0000004381e00000)]
  0x000001ccaf07f000 JavaThread "pool-3-thread-1" [_thread_blocked, id=29576, stack(0x0000004381e00000,0x0000004381f00000)]
  0x000001ccaf080000 JavaThread "build event listener" [_thread_blocked, id=29872, stack(0x0000004381f00000,0x0000004382000000)]
  0x000001ccaf07e800 JavaThread "Execution worker for ':'" [_thread_blocked, id=1280, stack(0x0000004382000000,0x0000004382100000)]
  0x000001ccaf081000 JavaThread "Execution worker for ':' Thread 2" [_thread_blocked, id=48116, stack(0x0000004382100000,0x0000004382200000)]
  0x000001ccaf081800 JavaThread "Execution worker for ':' Thread 3" [_thread_blocked, id=32100, stack(0x0000004382200000,0x0000004382300000)]
  0x000001ccaf084000 JavaThread "Execution worker for ':' Thread 4" [_thread_blocked, id=39632, stack(0x0000004382300000,0x0000004382400000)]
  0x000001ccaf082800 JavaThread "Execution worker for ':' Thread 5" [_thread_blocked, id=46128, stack(0x0000004382400000,0x0000004382500000)]
  0x000001ccaf083800 JavaThread "Execution worker for ':' Thread 6" [_thread_blocked, id=40044, stack(0x0000004382500000,0x0000004382600000)]
  0x000001ccaf085000 JavaThread "Execution worker for ':' Thread 7" [_thread_blocked, id=38300, stack(0x0000004382600000,0x0000004382700000)]
  0x000001ccab88a800 JavaThread "Cache worker for execution history cache (C:\Android Projects\Udemy TUTORIAL\7MinuteWorkout2\.gradle\7.0.2\executionHistory)" [_thread_blocked, id=40764, stack(0x0000004382700000,0x0000004382800000)]
  0x000001ccafa12000 JavaThread "WorkerExecutor Queue" [_thread_blocked, id=42604, stack(0x0000004382800000,0x0000004382900000)]

Other Threads:
=>0x000001cca7b30800 VMThread "VM Thread" [stack: 0x00000043fdf00000,0x00000043fe000000] [id=43856]
  0x000001cca8538800 WatcherThread [stack: 0x00000043fe900000,0x00000043fea00000] [id=39580]
  0x000001cc8d836000 GCTaskThread "GC Thread#0" [stack: 0x00000043fda00000,0x00000043fdb00000] [id=48628]
  0x000001cca9b52800 GCTaskThread "GC Thread#1" [stack: 0x00000043fec00000,0x00000043fed00000] [id=45076]
  0x000001cca96a6000 GCTaskThread "GC Thread#2" [stack: 0x00000043fed00000,0x00000043fee00000] [id=11272]
  0x000001ccaaba8000 GCTaskThread "GC Thread#3" [stack: 0x00000043ff600000,0x00000043ff700000] [id=27248]
  0x000001ccaad0b800 GCTaskThread "GC Thread#4" [stack: 0x00000043ff700000,0x00000043ff800000] [id=26328]
  0x000001cca99f0000 GCTaskThread "GC Thread#5" [stack: 0x00000043ff800000,0x00000043ff900000] [id=9124]
  0x000001cca9d6d000 GCTaskThread "GC Thread#6" [stack: 0x00000043ff900000,0x00000043ffa00000] [id=30644]
  0x000001cca8d58800 GCTaskThread "GC Thread#7" [stack: 0x00000043ffa00000,0x00000043ffb00000] [id=48912]
  0x000001cc8d869000 ConcurrentGCThread "G1 Main Marker" [stack: 0x00000043fdb00000,0x00000043fdc00000] [id=17092]
  0x000001cc8d86a800 ConcurrentGCThread "G1 Conc#0" [stack: 0x00000043fdc00000,0x00000043fdd00000] [id=7148]
  0x000001ccaa73f000 ConcurrentGCThread "G1 Conc#1" [stack: 0x00000043ffd00000,0x00000043ffe00000] [id=48408]
  0x000001cca7980800 ConcurrentGCThread "G1 Refine#0" [stack: 0x00000043fdd00000,0x00000043fde00000] [id=28096]
  0x000001cca7981000 ConcurrentGCThread "G1 Young RemSet Sampling" [stack: 0x00000043fde00000,0x00000043fdf00000] [id=42072]

Threads with active compile tasks:
C2 CompilerThread0  18215 10721       4       com.android.tools.r8.utils.V::e (290 bytes)
C1 CompilerThread0  18215 10729       3       com.android.tools.r8.C.a.a.f::a (6058 bytes)
C2 CompilerThread1  18215 10202   !   4       org.gradle.internal.classloader.CachingClassLoader::loadClass (85 bytes)
C2 CompilerThread2  18215 10619       4       com.android.tools.r8.graph.a1$d::c (803 bytes)

VM state:at safepoint (normal execution)

VM Mutex/Monitor currently owned by a thread:  ([mutex/lock_event])
[0x000001cc8d817ae0] Threads_lock - owner thread: 0x000001cca7b30800
[0x000001cc8d820620] Heap_lock - owner thread: 0x000001ccae4bb000

OutOfMemory and StackOverflow Exception counts:
OutOfMemoryError java_heap_errors=1
LinkageErrors=137

Heap address: 0x0000000080000000, size: 2048 MB, Compressed Oops mode: 32-bit
Narrow klass base: 0x0000000000000000, Narrow klass shift: 3
Compressed class space size: 1073741824 Address: 0x0000000100000000

Heap:
 garbage-first heap   total 264192K, used 130635K [0x0000000080000000, 0x0000000100000000)
  region size 1024K, 4 young (4096K), 4 survivors (4096K)
 Metaspace       used 93383K, capacity 95734K, committed 96000K, reserved 1132544K
  class space    used 12098K, capacity 12982K, committed 13056K, reserved 1048576K
Heap Regions: E=young(eden), S=young(survivor), O=old, HS=humongous(starts), HC=humongous(continues), CS=collection set, F=free, A=archive, TAMS=top-at-mark-start (previous, next)
|   0|0x0000000080000000, 0x0000000080100000, 0x0000000080100000|100%| O|  |TAMS 0x0000000080100000, 0x0000000080100000| Untracked 
|   1|0x0000000080100000, 0x0000000080200000, 0x0000000080200000|100%| O|  |TAMS 0x0000000080200000, 0x0000000080200000| Untracked 
|   2|0x0000000080200000, 0x0000000080300000, 0x0000000080300000|100%| O|  |TAMS 0x0000000080300000, 0x0000000080300000| Untracked 
|   3|0x0000000080300000, 0x0000000080400000, 0x0000000080400000|100%|HS|  |TAMS 0x0000000080400000, 0x0000000080400000| Complete 
|   4|0x0000000080400000, 0x0000000080500000, 0x0000000080500000|100%|HC|  |TAMS 0x0000000080500000, 0x0000000080500000| Complete 
|   5|0x0000000080500000, 0x0000000080600000, 0x0000000080600000|100%|HC|  |TAMS 0x0000000080600000, 0x0000000080600000| Complete 
|   6|0x0000000080600000, 0x0000000080700000, 0x0000000080700000|100%| O|  |TAMS 0x0000000080700000, 0x0000000080700000| Untracked 
|   7|0x0000000080700000, 0x0000000080800000, 0x0000000080800000|100%| O|  |TAMS 0x0000000080800000, 0x0000000080800000| Untracked 
|   8|0x0000000080800000, 0x0000000080900000, 0x0000000080900000|100%| O|  |TAMS 0x0000000080900000, 0x0000000080900000| Untracked 
|   9|0x0000000080900000, 0x0000000080a00000, 0x0000000080a00000|100%| O|  |TAMS 0x0000000080a00000, 0x0000000080a00000| Untracked 
|  10|0x0000000080a00000, 0x0000000080b00000, 0x0000000080b00000|100%| O|  |TAMS 0x0000000080b00000, 0x0000000080b00000| Untracked 
|  11|0x0000000080b00000, 0x0000000080c00000, 0x0000000080c00000|100%| O|  |TAMS 0x0000000080c00000, 0x0000000080c00000| Untracked 
|  12|0x0000000080c00000, 0x0000000080d00000, 0x0000000080d00000|100%| O|  |TAMS 0x0000000080d00000, 0x0000000080d00000| Untracked 
|  13|0x0000000080d00000, 0x0000000080e00000, 0x0000000080e00000|100%| O|  |TAMS 0x0000000080e00000, 0x0000000080e00000| Untracked 
|  14|0x0000000080e00000, 0x0000000080f00000, 0x0000000080f00000|100%| O|  |TAMS 0x0000000080f00000, 0x0000000080f00000| Untracked 
|  15|0x0000000080f00000, 0x0000000081000000, 0x0000000081000000|100%| O|  |TAMS 0x0000000081000000, 0x0000000081000000| Untracked 
|  16|0x0000000081000000, 0x0000000081100000, 0x0000000081100000|100%| O|  |TAMS 0x0000000081100000, 0x0000000081100000| Untracked 
|  17|0x0000000081100000, 0x0000000081200000, 0x0000000081200000|100%| O|  |TAMS 0x0000000081200000, 0x0000000081200000| Untracked 
|  18|0x0000000081200000, 0x0000000081300000, 0x0000000081300000|100%|HS|  |TAMS 0x0000000081300000, 0x0000000081300000| Complete 
|  19|0x0000000081300000, 0x0000000081400000, 0x0000000081400000|100%| O|  |TAMS 0x0000000081400000, 0x0000000081400000| Untracked 
|  20|0x0000000081400000, 0x0000000081500000, 0x0000000081500000|100%| O|  |TAMS 0x0000000081500000, 0x0000000081500000| Untracked 
|  21|0x0000000081500000, 0x0000000081600000, 0x0000000081600000|100%| O|  |TAMS 0x0000000081600000, 0x0000000081600000| Untracked 
|  22|0x0000000081600000, 0x0000000081700000, 0x0000000081700000|100%| O|  |TAMS 0x0000000081700000, 0x0000000081700000| Untracked 
|  23|0x0000000081700000, 0x0000000081800000, 0x0000000081800000|100%| O|  |TAMS 0x0000000081800000, 0x0000000081800000| Untracked 
|  24|0x0000000081800000, 0x0000000081900000, 0x0000000081900000|100%| O|  |TAMS 0x0000000081900000, 0x0000000081900000| Untracked 
|  25|0x0000000081900000, 0x0000000081a00000, 0x0000000081a00000|100%| O|  |TAMS 0x0000000081a00000, 0x0000000081a00000| Untracked 
|  26|0x0000000081a00000, 0x0000000081b00000, 0x0000000081b00000|100%|HS|  |TAMS 0x0000000081b00000, 0x0000000081b00000| Complete 
|  27|0x0000000081b00000, 0x0000000081c00000, 0x0000000081c00000|100%|HS|  |TAMS 0x0000000081c00000, 0x0000000081c00000| Complete 
|  28|0x0000000081c00000, 0x0000000081d00000, 0x0000000081d00000|100%|HC|  |TAMS 0x0000000081d00000, 0x0000000081d00000| Complete 
|  29|0x0000000081d00000, 0x0000000081e00000, 0x0000000081e00000|100%|HC|  |TAMS 0x0000000081e00000, 0x0000000081e00000| Complete 
|  30|0x0000000081e00000, 0x0000000081f00000, 0x0000000081f00000|100%|HS|  |TAMS 0x0000000081f00000, 0x0000000081f00000| Complete 
|  31|0x0000000081f00000, 0x0000000082000000, 0x0000000082000000|100%|HC|  |TAMS 0x0000000082000000, 0x0000000082000000| Complete 
|  32|0x0000000082000000, 0x0000000082100000, 0x0000000082100000|100%| O|  |TAMS 0x0000000082100000, 0x0000000082100000| Untracked 
|  33|0x0000000082100000, 0x0000000082200000, 0x0000000082200000|100%| O|  |TAMS 0x0000000082200000, 0x0000000082200000| Untracked 
|  34|0x0000000082200000, 0x0000000082300000, 0x0000000082300000|100%| O|  |TAMS 0x0000000082300000, 0x0000000082300000| Untracked 
|  35|0x0000000082300000, 0x0000000082400000, 0x0000000082400000|100%| O|  |TAMS 0x0000000082400000, 0x0000000082400000| Untracked 
|  36|0x0000000082400000, 0x0000000082500000, 0x0000000082500000|100%| O|  |TAMS 0x0000000082500000, 0x0000000082500000| Untracked 
|  37|0x0000000082500000, 0x0000000082600000, 0x0000000082600000|100%| O|  |TAMS 0x0000000082600000, 0x0000000082600000| Untracked 
|  38|0x0000000082600000, 0x0000000082700000, 0x0000000082700000|100%| O|  |TAMS 0x0000000082700000, 0x0000000082700000| Untracked 
|  39|0x0000000082700000, 0x0000000082800000, 0x0000000082800000|100%| O|  |TAMS 0x0000000082800000, 0x0000000082800000| Untracked 
|  40|0x0000000082800000, 0x0000000082900000, 0x0000000082900000|100%| O|  |TAMS 0x0000000082900000, 0x0000000082900000| Untracked 
|  41|0x0000000082900000, 0x0000000082a00000, 0x0000000082a00000|100%| O|  |TAMS 0x0000000082a00000, 0x0000000082a00000| Untracked 
|  42|0x0000000082a00000, 0x0000000082b00000, 0x0000000082b00000|100%| O|  |TAMS 0x0000000082b00000, 0x0000000082b00000| Untracked 
|  43|0x0000000082b00000, 0x0000000082c00000, 0x0000000082c00000|100%| O|  |TAMS 0x0000000082c00000, 0x0000000082c00000| Untracked 
|  44|0x0000000082c00000, 0x0000000082d00000, 0x0000000082d00000|100%| O|  |TAMS 0x0000000082d00000, 0x0000000082d00000| Untracked 
|  45|0x0000000082d00000, 0x0000000082e00000, 0x0000000082e00000|100%| O|  |TAMS 0x0000000082e00000, 0x0000000082e00000| Untracked 
|  46|0x0000000082e00000, 0x0000000082f00000, 0x0000000082f00000|100%| O|  |TAMS 0x0000000082f00000, 0x0000000082f00000| Untracked 
|  47|0x0000000082f00000, 0x0000000083000000, 0x0000000083000000|100%| O|  |TAMS 0x0000000083000000, 0x0000000083000000| Untracked 
|  48|0x0000000083000000, 0x0000000083100000, 0x0000000083100000|100%| O|  |TAMS 0x0000000083100000, 0x0000000083100000| Untracked 
|  49|0x0000000083100000, 0x0000000083200000, 0x0000000083200000|100%| O|  |TAMS 0x0000000083200000, 0x0000000083200000| Untracked 
|  50|0x0000000083200000, 0x0000000083300000, 0x0000000083300000|100%| O|  |TAMS 0x0000000083300000, 0x0000000083300000| Untracked 
|  51|0x0000000083300000, 0x0000000083400000, 0x0000000083400000|100%| O|  |TAMS 0x0000000083400000, 0x0000000083400000| Untracked 
|  52|0x0000000083400000, 0x0000000083500000, 0x0000000083500000|100%| O|  |TAMS 0x0000000083500000, 0x0000000083500000| Untracked 
|  53|0x0000000083500000, 0x0000000083600000, 0x0000000083600000|100%| O|  |TAMS 0x0000000083600000, 0x0000000083600000| Untracked 
|  54|0x0000000083600000, 0x0000000083700000, 0x0000000083700000|100%| O|  |TAMS 0x0000000083700000, 0x0000000083700000| Untracked 
|  55|0x0000000083700000, 0x0000000083800000, 0x0000000083800000|100%| O|  |TAMS 0x0000000083800000, 0x0000000083800000| Untracked 
|  56|0x0000000083800000, 0x0000000083900000, 0x0000000083900000|100%| O|  |TAMS 0x0000000083900000, 0x0000000083900000| Untracked 
|  57|0x0000000083900000, 0x0000000083a00000, 0x0000000083a00000|100%| O|  |TAMS 0x0000000083a00000, 0x0000000083a00000| Untracked 
|  58|0x0000000083a00000, 0x0000000083b00000, 0x0000000083b00000|100%| O|  |TAMS 0x0000000083b00000, 0x0000000083b00000| Untracked 
|  59|0x0000000083b00000, 0x0000000083c00000, 0x0000000083c00000|100%| O|  |TAMS 0x0000000083c00000, 0x0000000083c00000| Untracked 
|  60|0x0000000083c00000, 0x0000000083d00000, 0x0000000083d00000|100%| O|  |TAMS 0x0000000083d00000, 0x0000000083d00000| Untracked 
|  61|0x0000000083d00000, 0x0000000083e00000, 0x0000000083e00000|100%| O|  |TAMS 0x0000000083e00000, 0x0000000083e00000| Untracked 
|  62|0x0000000083e00000, 0x0000000083f00000, 0x0000000083f00000|100%| O|  |TAMS 0x0000000083f00000, 0x0000000083f00000| Untracked 
|  63|0x0000000083f00000, 0x0000000084000000, 0x0000000084000000|100%| O|  |TAMS 0x0000000084000000, 0x0000000084000000| Untracked 
|  64|0x0000000084000000, 0x0000000084100000, 0x0000000084100000|100%| O|  |TAMS 0x0000000084100000, 0x0000000084100000| Untracked 
|  65|0x0000000084100000, 0x0000000084200000, 0x0000000084200000|100%| O|  |TAMS 0x0000000084200000, 0x0000000084200000| Untracked 
|  66|0x0000000084200000, 0x0000000084300000, 0x0000000084300000|100%| O|  |TAMS 0x0000000084300000, 0x0000000084300000| Untracked 
|  67|0x0000000084300000, 0x0000000084400000, 0x0000000084400000|100%|HS|  |TAMS 0x0000000084400000, 0x0000000084400000| Complete 
|  68|0x0000000084400000, 0x0000000084500000, 0x0000000084500000|100%|HC|  |TAMS 0x0000000084500000, 0x0000000084500000| Complete 
|  69|0x0000000084500000, 0x0000000084600000, 0x0000000084600000|100%| O|  |TAMS 0x0000000084600000, 0x0000000084600000| Untracked 
|  70|0x0000000084600000, 0x0000000084700000, 0x0000000084700000|100%| O|  |TAMS 0x0000000084700000, 0x0000000084700000| Untracked 
|  71|0x0000000084700000, 0x0000000084800000, 0x0000000084800000|100%| O|  |TAMS 0x0000000084800000, 0x0000000084800000| Untracked 
|  72|0x0000000084800000, 0x0000000084900000, 0x0000000084900000|100%| O|  |TAMS 0x0000000084900000, 0x0000000084900000| Untracked 
|  73|0x0000000084900000, 0x0000000084a00000, 0x0000000084a00000|100%| O|  |TAMS 0x0000000084a00000, 0x0000000084a00000| Untracked 
|  74|0x0000000084a00000, 0x0000000084b00000, 0x0000000084b00000|100%| O|  |TAMS 0x0000000084b00000, 0x0000000084b00000| Untracked 
|  75|0x0000000084b00000, 0x0000000084c00000, 0x0000000084c00000|100%| O|  |TAMS 0x0000000084c00000, 0x0000000084c00000| Untracked 
|  76|0x0000000084c00000, 0x0000000084d00000, 0x0000000084d00000|100%| O|  |TAMS 0x0000000084d00000, 0x0000000084d00000| Untracked 
|  77|0x0000000084d00000, 0x0000000084e00000, 0x0000000084e00000|100%| O|  |TAMS 0x0000000084e00000, 0x0000000084e00000| Untracked 
|  78|0x0000000084e00000, 0x0000000084f00000, 0x0000000084f00000|100%| O|  |TAMS 0x0000000084f00000, 0x0000000084f00000| Untracked 
|  79|0x0000000084f00000, 0x0000000085000000, 0x0000000085000000|100%| O|  |TAMS 0x0000000085000000, 0x0000000085000000| Untracked 
|  80|0x0000000085000000, 0x0000000085100000, 0x0000000085100000|100%| O|  |TAMS 0x0000000085100000, 0x0000000085100000| Untracked 
|  81|0x0000000085100000, 0x0000000085200000, 0x0000000085200000|100%| O|  |TAMS 0x0000000085200000, 0x0000000085200000| Untracked 
|  82|0x0000000085200000, 0x0000000085300000, 0x0000000085300000|100%| O|  |TAMS 0x0000000085300000, 0x0000000085300000| Untracked 
|  83|0x0000000085300000, 0x0000000085400000, 0x0000000085400000|100%| O|  |TAMS 0x0000000085400000, 0x0000000085400000| Untracked 
|  84|0x0000000085400000, 0x0000000085500000, 0x0000000085500000|100%| O|  |TAMS 0x0000000085500000, 0x0000000085500000| Untracked 
|  85|0x0000000085500000, 0x0000000085600000, 0x0000000085600000|100%| O|  |TAMS 0x0000000085600000, 0x0000000085600000| Untracked 
|  86|0x0000000085600000, 0x0000000085700000, 0x0000000085700000|100%| O|  |TAMS 0x0000000085700000, 0x0000000085700000| Untracked 
|  87|0x0000000085700000, 0x0000000085800000, 0x0000000085800000|100%| O|  |TAMS 0x0000000085800000, 0x0000000085800000| Untracked 
|  88|0x0000000085800000, 0x0000000085900000, 0x0000000085900000|100%| O|  |TAMS 0x0000000085900000, 0x0000000085900000| Untracked 
|  89|0x0000000085900000, 0x0000000085a00000, 0x0000000085a00000|100%| O|  |TAMS 0x0000000085a00000, 0x0000000085a00000| Untracked 
|  90|0x0000000085a00000, 0x0000000085b00000, 0x0000000085b00000|100%| O|  |TAMS 0x0000000085b00000, 0x0000000085b00000| Untracked 
|  91|0x0000000085b00000, 0x0000000085c00000, 0x0000000085c00000|100%| O|  |TAMS 0x0000000085c00000, 0x0000000085c00000| Untracked 
|  92|0x0000000085c00000, 0x0000000085d00000, 0x0000000085d00000|100%| O|  |TAMS 0x0000000085d00000, 0x0000000085d00000| Untracked 
|  93|0x0000000085d00000, 0x0000000085e00000, 0x0000000085e00000|100%| O|  |TAMS 0x0000000085e00000, 0x0000000085e00000| Untracked 
|  94|0x0000000085e00000, 0x0000000085f00000, 0x0000000085f00000|100%| O|  |TAMS 0x0000000085f00000, 0x0000000085f00000| Untracked 
|  95|0x0000000085f00000, 0x0000000086000000, 0x0000000086000000|100%| O|  |TAMS 0x0000000086000000, 0x0000000086000000| Untracked 
|  96|0x0000000086000000, 0x0000000086100000, 0x0000000086100000|100%| O|  |TAMS 0x0000000086000000, 0x0000000086100000| Untracked 
|  97|0x0000000086100000, 0x0000000086200000, 0x0000000086200000|100%| O|  |TAMS 0x0000000086100000, 0x0000000086200000| Untracked 
|  98|0x0000000086200000, 0x0000000086300000, 0x0000000086300000|100%| O|  |TAMS 0x0000000086200000, 0x0000000086300000| Untracked 
|  99|0x0000000086300000, 0x0000000086400000, 0x0000000086400000|100%| O|  |TAMS 0x0000000086300000, 0x0000000086400000| Untracked 
| 100|0x0000000086400000, 0x0000000086500000, 0x0000000086500000|100%| O|  |TAMS 0x0000000086400000, 0x0000000086500000| Untracked 
| 101|0x0000000086500000, 0x0000000086600000, 0x0000000086600000|100%| O|  |TAMS 0x0000000086500000, 0x0000000086600000| Untracked 
| 102|0x0000000086600000, 0x0000000086700000, 0x0000000086700000|100%| O|  |TAMS 0x0000000086600000, 0x0000000086700000| Untracked 
| 103|0x0000000086700000, 0x0000000086800000, 0x0000000086800000|100%| O|  |TAMS 0x0000000086700000, 0x0000000086800000| Untracked 
| 104|0x0000000086800000, 0x0000000086900000, 0x0000000086900000|100%| O|  |TAMS 0x0000000086800000, 0x0000000086900000| Untracked 
| 105|0x0000000086900000, 0x0000000086a00000, 0x0000000086a00000|100%| O|  |TAMS 0x0000000086900000, 0x0000000086a00000| Untracked 
| 106|0x0000000086a00000, 0x0000000086b00000, 0x0000000086b00000|100%| O|  |TAMS 0x0000000086a00000, 0x0000000086b00000| Untracked 
| 107|0x0000000086b00000, 0x0000000086c00000, 0x0000000086c00000|100%| O|  |TAMS 0x0000000086b00000, 0x0000000086c00000| Untracked 
| 108|0x0000000086c00000, 0x0000000086d00000, 0x0000000086d00000|100%| O|  |TAMS 0x0000000086c00000, 0x0000000086d00000| Untracked 
| 109|0x0000000086d00000, 0x0000000086e00000, 0x0000000086e00000|100%| O|  |TAMS 0x0000000086d00000, 0x0000000086e00000| Untracked 
| 110|0x0000000086e00000, 0x0000000086f00000, 0x0000000086f00000|100%| O|  |TAMS 0x0000000086e00000, 0x0000000086f00000| Untracked 
| 111|0x0000000086f00000, 0x0000000087000000, 0x0000000087000000|100%| O|  |TAMS 0x0000000086f00000, 0x0000000087000000| Untracked 
| 112|0x0000000087000000, 0x0000000087100000, 0x0000000087100000|100%| O|  |TAMS 0x0000000087000000, 0x0000000087100000| Untracked 
| 113|0x0000000087100000, 0x0000000087200000, 0x0000000087200000|100%| O|  |TAMS 0x0000000087100000, 0x0000000087200000| Untracked 
| 114|0x0000000087200000, 0x0000000087300000, 0x0000000087300000|100%| O|  |TAMS 0x0000000087200000, 0x0000000087300000| Untracked 
| 115|0x0000000087300000, 0x0000000087400000, 0x0000000087400000|100%| O|  |TAMS 0x0000000087300000, 0x0000000087400000| Untracked 
| 116|0x0000000087400000, 0x0000000087500000, 0x0000000087500000|100%| O|  |TAMS 0x0000000087400000, 0x0000000087500000| Untracked 
| 117|0x0000000087500000, 0x0000000087600000, 0x0000000087600000|100%| O|  |TAMS 0x0000000087500000, 0x0000000087600000| Untracked 
| 118|0x0000000087600000, 0x0000000087700000, 0x0000000087700000|100%| O|  |TAMS 0x0000000087600000, 0x0000000087700000| Untracked 
| 119|0x0000000087700000, 0x0000000087800000, 0x0000000087800000|100%| O|  |TAMS 0x0000000087700000, 0x0000000087800000| Untracked 
| 120|0x0000000087800000, 0x0000000087900000, 0x0000000087900000|100%| O|  |TAMS 0x0000000087800000, 0x0000000087900000| Untracked 
| 121|0x0000000087900000, 0x0000000087a00000, 0x0000000087a00000|100%| O|  |TAMS 0x0000000087900000, 0x0000000087a00000| Untracked 
| 122|0x0000000087a00000, 0x0000000087b00000, 0x0000000087b00000|100%| O|  |TAMS 0x0000000087a00000, 0x0000000087b00000| Untracked 
| 123|0x0000000087b00000, 0x0000000087b92c00, 0x0000000087c00000| 57%| O|  |TAMS 0x0000000087b00000, 0x0000000087b92c00| Untracked 
| 124|0x0000000087c00000, 0x0000000087c00000, 0x0000000087d00000|  0%| F|  |TAMS 0x0000000087c00000, 0x0000000087c00000| Untracked 
| 125|0x0000000087d00000, 0x0000000087d00000, 0x0000000087e00000|  0%| F|  |TAMS 0x0000000087d00000, 0x0000000087d00000| Untracked 
| 126|0x0000000087e00000, 0x0000000087e00000, 0x0000000087f00000|  0%| F|  |TAMS 0x0000000087e00000, 0x0000000087e00000| Untracked 
| 127|0x0000000087f00000, 0x0000000087f00000, 0x0000000088000000|  0%| F|  |TAMS 0x0000000087f00000, 0x0000000087f00000| Untracked 
| 128|0x0000000088000000, 0x0000000088000000, 0x0000000088100000|  0%| F|  |TAMS 0x0000000088000000, 0x0000000088000000| Untracked 
| 129|0x0000000088100000, 0x0000000088100000, 0x0000000088200000|  0%| F|  |TAMS 0x0000000088100000, 0x0000000088100000| Untracked 
| 130|0x0000000088200000, 0x0000000088200000, 0x0000000088300000|  0%| F|  |TAMS 0x0000000088200000, 0x0000000088200000| Untracked 
| 131|0x0000000088300000, 0x0000000088300000, 0x0000000088400000|  0%| F|  |TAMS 0x0000000088300000, 0x0000000088300000| Untracked 
| 132|0x0000000088400000, 0x0000000088400000, 0x0000000088500000|  0%| F|  |TAMS 0x0000000088400000, 0x0000000088400000| Untracked 
| 133|0x0000000088500000, 0x0000000088500000, 0x0000000088600000|  0%| F|  |TAMS 0x0000000088500000, 0x0000000088500000| Untracked 
| 134|0x0000000088600000, 0x0000000088600000, 0x0000000088700000|  0%| F|  |TAMS 0x0000000088600000, 0x0000000088600000| Untracked 
| 135|0x0000000088700000, 0x0000000088700000, 0x0000000088800000|  0%| F|  |TAMS 0x0000000088700000, 0x0000000088700000| Untracked 
| 136|0x0000000088800000, 0x0000000088800000, 0x0000000088900000|  0%| F|  |TAMS 0x0000000088800000, 0x0000000088800000| Untracked 
| 137|0x0000000088900000, 0x0000000088900000, 0x0000000088a00000|  0%| F|  |TAMS 0x0000000088900000, 0x0000000088900000| Untracked 
| 138|0x0000000088a00000, 0x0000000088a00000, 0x0000000088b00000|  0%| F|  |TAMS 0x0000000088a00000, 0x0000000088a00000| Untracked 
| 139|0x0000000088b00000, 0x0000000088b00000, 0x0000000088c00000|  0%| F|  |TAMS 0x0000000088b00000, 0x0000000088b00000| Untracked 
| 140|0x0000000088c00000, 0x0000000088c00000, 0x0000000088d00000|  0%| F|  |TAMS 0x0000000088c00000, 0x0000000088c00000| Untracked 
| 141|0x0000000088d00000, 0x0000000088d00000, 0x0000000088e00000|  0%| F|  |TAMS 0x0000000088d00000, 0x0000000088d00000| Untracked 
| 142|0x0000000088e00000, 0x0000000088e00000, 0x0000000088f00000|  0%| F|  |TAMS 0x0000000088e00000, 0x0000000088e00000| Untracked 
| 143|0x0000000088f00000, 0x0000000088f00000, 0x0000000089000000|  0%| F|  |TAMS 0x0000000088f00000, 0x0000000088f00000| Untracked 
| 144|0x0000000089000000, 0x0000000089000000, 0x0000000089100000|  0%| F|  |TAMS 0x0000000089000000, 0x0000000089000000| Untracked 
| 145|0x0000000089100000, 0x0000000089100000, 0x0000000089200000|  0%| F|  |TAMS 0x0000000089100000, 0x0000000089100000| Untracked 
| 146|0x0000000089200000, 0x0000000089200000, 0x0000000089300000|  0%| F|  |TAMS 0x0000000089200000, 0x0000000089200000| Untracked 
| 147|0x0000000089300000, 0x0000000089300000, 0x0000000089400000|  0%| F|  |TAMS 0x0000000089300000, 0x0000000089300000| Untracked 
| 148|0x0000000089400000, 0x0000000089400000, 0x0000000089500000|  0%| F|  |TAMS 0x0000000089400000, 0x0000000089400000| Untracked 
| 149|0x0000000089500000, 0x0000000089500000, 0x0000000089600000|  0%| F|  |TAMS 0x0000000089500000, 0x0000000089500000| Untracked 
| 150|0x0000000089600000, 0x0000000089600000, 0x0000000089700000|  0%| F|  |TAMS 0x0000000089600000, 0x0000000089600000| Untracked 
| 151|0x0000000089700000, 0x0000000089700000, 0x0000000089800000|  0%| F|  |TAMS 0x0000000089700000, 0x0000000089700000| Untracked 
| 152|0x0000000089800000, 0x0000000089800000, 0x0000000089900000|  0%| F|  |TAMS 0x0000000089800000, 0x0000000089800000| Untracked 
| 153|0x0000000089900000, 0x0000000089900000, 0x0000000089a00000|  0%| F|  |TAMS 0x0000000089900000, 0x0000000089900000| Untracked 
| 154|0x0000000089a00000, 0x0000000089b00000, 0x0000000089b00000|100%| S|CS|TAMS 0x0000000089a00000, 0x0000000089a00000| Complete 
| 155|0x0000000089b00000, 0x0000000089c00000, 0x0000000089c00000|100%| S|CS|TAMS 0x0000000089b00000, 0x0000000089b00000| Complete 
| 156|0x0000000089c00000, 0x0000000089d00000, 0x0000000089d00000|100%| S|CS|TAMS 0x0000000089c00000, 0x0000000089c00000| Complete 
| 157|0x0000000089d00000, 0x0000000089e00000, 0x0000000089e00000|100%| S|CS|TAMS 0x0000000089d00000, 0x0000000089d00000| Complete 
| 158|0x0000000089e00000, 0x0000000089e00000, 0x0000000089f00000|  0%| F|  |TAMS 0x0000000089e00000, 0x0000000089e00000| Untracked 
| 159|0x0000000089f00000, 0x0000000089f00000, 0x000000008a000000|  0%| F|  |TAMS 0x0000000089f00000, 0x0000000089f00000| Untracked 
| 160|0x000000008a000000, 0x000000008a000000, 0x000000008a100000|  0%| F|  |TAMS 0x000000008a000000, 0x000000008a000000| Untracked 
| 161|0x000000008a100000, 0x000000008a100000, 0x000000008a200000|  0%| F|  |TAMS 0x000000008a100000, 0x000000008a100000| Untracked 
| 162|0x000000008a200000, 0x000000008a200000, 0x000000008a300000|  0%| F|  |TAMS 0x000000008a200000, 0x000000008a200000| Untracked 
| 163|0x000000008a300000, 0x000000008a300000, 0x000000008a400000|  0%| F|  |TAMS 0x000000008a300000, 0x000000008a300000| Untracked 
| 164|0x000000008a400000, 0x000000008a400000, 0x000000008a500000|  0%| F|  |TAMS 0x000000008a400000, 0x000000008a400000| Untracked 
| 165|0x000000008a500000, 0x000000008a500000, 0x000000008a600000|  0%| F|  |TAMS 0x000000008a500000, 0x000000008a500000| Untracked 
| 166|0x000000008a600000, 0x000000008a600000, 0x000000008a700000|  0%| F|  |TAMS 0x000000008a600000, 0x000000008a600000| Untracked 
| 167|0x000000008a700000, 0x000000008a700000, 0x000000008a800000|  0%| F|  |TAMS 0x000000008a700000, 0x000000008a700000| Untracked 
| 168|0x000000008a800000, 0x000000008a800000, 0x000000008a900000|  0%| F|  |TAMS 0x000000008a800000, 0x000000008a800000| Untracked 
| 169|0x000000008a900000, 0x000000008a900000, 0x000000008aa00000|  0%| F|  |TAMS 0x000000008a900000, 0x000000008a900000| Untracked 
| 170|0x000000008aa00000, 0x000000008aa00000, 0x000000008ab00000|  0%| F|  |TAMS 0x000000008aa00000, 0x000000008aa00000| Untracked 
| 171|0x000000008ab00000, 0x000000008ab00000, 0x000000008ac00000|  0%| F|  |TAMS 0x000000008ab00000, 0x000000008ab00000| Untracked 
| 172|0x000000008ac00000, 0x000000008ac00000, 0x000000008ad00000|  0%| F|  |TAMS 0x000000008ac00000, 0x000000008ac00000| Untracked 
| 173|0x000000008ad00000, 0x000000008ad00000, 0x000000008ae00000|  0%| F|  |TAMS 0x000000008ad00000, 0x000000008ad00000| Untracked 
| 174|0x000000008ae00000, 0x000000008ae00000, 0x000000008af00000|  0%| F|  |TAMS 0x000000008ae00000, 0x000000008ae00000| Untracked 
| 175|0x000000008af00000, 0x000000008af00000, 0x000000008b000000|  0%| F|  |TAMS 0x000000008af00000, 0x000000008af00000| Untracked 
| 176|0x000000008b000000, 0x000000008b000000, 0x000000008b100000|  0%| F|  |TAMS 0x000000008b000000, 0x000000008b000000| Untracked 
| 177|0x000000008b100000, 0x000000008b100000, 0x000000008b200000|  0%| F|  |TAMS 0x000000008b100000, 0x000000008b100000| Untracked 
| 178|0x000000008b200000, 0x000000008b200000, 0x000000008b300000|  0%| F|  |TAMS 0x000000008b200000, 0x000000008b200000| Untracked 
| 179|0x000000008b300000, 0x000000008b300000, 0x000000008b400000|  0%| F|  |TAMS 0x000000008b300000, 0x000000008b300000| Untracked 
| 180|0x000000008b400000, 0x000000008b400000, 0x000000008b500000|  0%| F|  |TAMS 0x000000008b400000, 0x000000008b400000| Untracked 
| 181|0x000000008b500000, 0x000000008b500000, 0x000000008b600000|  0%| F|  |TAMS 0x000000008b500000, 0x000000008b500000| Untracked 
| 182|0x000000008b600000, 0x000000008b600000, 0x000000008b700000|  0%| F|  |TAMS 0x000000008b600000, 0x000000008b600000| Untracked 
| 183|0x000000008b700000, 0x000000008b700000, 0x000000008b800000|  0%| F|  |TAMS 0x000000008b700000, 0x000000008b700000| Untracked 
| 184|0x000000008b800000, 0x000000008b800000, 0x000000008b900000|  0%| F|  |TAMS 0x000000008b800000, 0x000000008b800000| Untracked 

Card table byte_map: [0x000001cca08d0000,0x000001cca0cd0000] _byte_map_base: 0x000001cca04d0000

Marking Bits (Prev, Next): (CMBitMap*) 0x000001cc8d860350, (CMBitMap*) 0x000001cc8d860318
 Prev Bits: [0x000001cca30d0000, 0x000001cca50d0000)
 Next Bits: [0x000001cca10d0000, 0x000001cca30d0000)

Polling page: 0x000001cc8d000000

Metaspace:

Usage:
  Non-class:     80.81 MB capacity,    79.38 MB ( 98%) used,     1.18 MB (  1%) free+waste,   263.25 KB ( <1%) overhead. 
      Class:     12.68 MB capacity,    11.81 MB ( 93%) used,   763.61 KB (  6%) free+waste,   119.94 KB ( <1%) overhead. 
       Both:     93.49 MB capacity,    91.19 MB ( 98%) used,     1.92 MB (  2%) free+waste,   383.19 KB ( <1%) overhead. 

Virtual space:
  Non-class space:       82.00 MB reserved,      81.00 MB ( 99%) committed 
      Class space:        1.00 GB reserved,      12.75 MB (  1%) committed 
             Both:        1.08 GB reserved,      93.75 MB (  8%) committed 

Chunk freelists:
   Non-Class:  64.00 KB
       Class:  10.00 KB
        Both:  74.00 KB

MaxMetaspaceSize: 17179869184.00 GB
CompressedClassSpaceSize: 1.00 GB

CodeHeap 'non-profiled nmethods': size=120000Kb used=6406Kb max_used=6406Kb free=113593Kb
 bounds [0x000001cc98c70000, 0x000001cc992c0000, 0x000001cca01a0000]
CodeHeap 'profiled nmethods': size=120000Kb used=22488Kb max_used=22488Kb free=97512Kb
 bounds [0x000001cc91740000, 0x000001cc92d40000, 0x000001cc98c70000]
CodeHeap 'non-nmethods': size=5760Kb used=2322Kb max_used=2347Kb free=3437Kb
 bounds [0x000001cc911a0000, 0x000001cc91410000, 0x000001cc91740000]
 total_blobs=11259 nmethods=10368 adapters=800
 compilation: enabled
              stopped_count=0, restarted_count=0
 full_count=0

Compilation events (20 events):
Event: 18.022 Thread 0x000001cca83ad800 nmethod 10657 0x000001cc92d05a90 code [0x000001cc92d05c60, 0x000001cc92d060a8]
Event: 18.022 Thread 0x000001cca83ad800 10665       2       com.android.tools.r8.C.a.a.s::a (63 bytes)
Event: 18.022 Thread 0x000001cca83ad800 nmethod 10665 0x000001cc92d06290 code [0x000001cc92d06480, 0x000001cc92d06728]
Event: 18.022 Thread 0x000001cca83ad800 10667       2       com.android.tools.r8.v.b.b1::<init> (62 bytes)
Event: 18.023 Thread 0x000001cca83ad800 nmethod 10667 0x000001cc92d06910 code [0x000001cc92d06ac0, 0x000001cc92d06cd8]
Event: 18.023 Thread 0x000001cca83ad800 10700       3       com.android.tools.r8.utils.V::e (290 bytes)
Event: 18.026 Thread 0x000001cca83ad800 nmethod 10700 0x000001cc92d06d90 code [0x000001cc92d07220, 0x000001cc92d09958]
Event: 18.026 Thread 0x000001cca83ad800 10701 %     3       com.android.tools.r8.C.a.a.f::a @ 66 (6058 bytes)
Event: 18.076 Thread 0x000001cca83ad800 nmethod 10701% 0x000001cc92d0a710 code [0x000001cc92d0c020, 0x000001cc92d22a28]
Event: 18.076 Thread 0x000001cca83ad800 10709 %     3       com.android.tools.r8.w.a.a.a.f.K::a @ 366 (979 bytes)
Event: 18.081 Thread 0x000001cca83ad800 nmethod 10709% 0x000001cc92d2d910 code [0x000001cc92d2dda0, 0x000001cc92d30fa8]
Event: 18.081 Thread 0x000001cca83ad800 10707       2       com.android.tools.r8.graph.g1::a (138 bytes)
Event: 18.082 Thread 0x000001cca83ad800 nmethod 10707 0x000001cc92d31b90 code [0x000001cc92d31dc0, 0x000001cc92d32508]
Event: 18.082 Thread 0x000001cca83ad800 10726       3       com.android.tools.r8.w.a.a.a.f.K::a (979 bytes)
Event: 18.118 Thread 0x000001cca83a9000 nmethod 10558 0x000001cc992aab90 code [0x000001cc992ab020, 0x000001cc992af8b0]
Event: 18.118 Thread 0x000001cca83a9000 10721       4       com.android.tools.r8.utils.V::e (290 bytes)
Event: 18.121 Thread 0x000001cca83ad800 nmethod 10726 0x000001cc92d32910 code [0x000001cc92d32d80, 0x000001cc92d35e08]
Event: 18.121 Thread 0x000001cca83ad800 10739   !   2       java.util.concurrent.ConcurrentHashMap::putVal (432 bytes)
Event: 18.124 Thread 0x000001cca83ad800 nmethod 10739 0x000001cc92d36910 code [0x000001cc92d36bc0, 0x000001cc92d37d18]
Event: 18.124 Thread 0x000001cca83ad800 10729       3       com.android.tools.r8.C.a.a.f::a (6058 bytes)

GC Heap History (20 events):
Event: 15.142 GC heap after
{Heap after GC invocations=21 (full 0):
 garbage-first heap   total 157696K, used 68571K [0x0000000080000000, 0x0000000100000000)
  region size 1024K, 8 young (8192K), 8 survivors (8192K)
 Metaspace       used 82393K, capacity 84601K, committed 84864K, reserved 1122304K
  class space    used 10693K, capacity 11530K, committed 11648K, reserved 1048576K
}
Event: 16.057 GC heap before
{Heap before GC invocations=21 (full 0):
 garbage-first heap   total 157696K, used 119771K [0x0000000080000000, 0x0000000100000000)
  region size 1024K, 59 young (60416K), 8 survivors (8192K)
 Metaspace       used 85727K, capacity 88002K, committed 88064K, reserved 1126400K
  class space    used 11135K, capacity 11994K, committed 12032K, reserved 1048576K
}
Event: 16.066 GC heap after
{Heap after GC invocations=22 (full 0):
 garbage-first heap   total 157696K, used 69634K [0x0000000080000000, 0x0000000100000000)
  region size 1024K, 5 young (5120K), 5 survivors (5120K)
 Metaspace       used 85727K, capacity 88002K, committed 88064K, reserved 1126400K
  class space    used 11135K, capacity 11994K, committed 12032K, reserved 1048576K
}
Event: 16.798 GC heap before
{Heap before GC invocations=22 (full 0):
 garbage-first heap   total 157696K, used 122882K [0x0000000080000000, 0x0000000100000000)
  region size 1024K, 58 young (59392K), 5 survivors (5120K)
 Metaspace       used 87902K, capacity 90094K, committed 90368K, reserved 1128448K
  class space    used 11385K, capacity 12233K, committed 12288K, reserved 1048576K
}
Event: 16.807 GC heap after
{Heap after GC invocations=23 (full 0):
 garbage-first heap   total 157696K, used 73425K [0x0000000080000000, 0x0000000100000000)
  region size 1024K, 5 young (5120K), 5 survivors (5120K)
 Metaspace       used 87902K, capacity 90094K, committed 90368K, reserved 1128448K
  class space    used 11385K, capacity 12233K, committed 12288K, reserved 1048576K
}
Event: 16.900 GC heap before
{Heap before GC invocations=23 (full 0):
 garbage-first heap   total 157696K, used 83665K [0x0000000080000000, 0x0000000100000000)
  region size 1024K, 14 young (14336K), 5 survivors (5120K)
 Metaspace       used 88144K, capacity 90350K, committed 90624K, reserved 1128448K
  class space    used 11419K, capacity 12252K, committed 12288K, reserved 1048576K
}
Event: 16.908 GC heap after
{Heap after GC invocations=24 (full 0):
 garbage-first heap   total 157696K, used 76048K [0x0000000080000000, 0x0000000100000000)
  region size 1024K, 5 young (5120K), 5 survivors (5120K)
 Metaspace       used 88144K, capacity 90350K, committed 90624K, reserved 1128448K
  class space    used 11419K, capacity 12252K, committed 12288K, reserved 1048576K
}
Event: 17.125 GC heap before
{Heap before GC invocations=25 (full 0):
 garbage-first heap   total 157696K, used 136464K [0x0000000080000000, 0x0000000100000000)
  region size 1024K, 54 young (55296K), 5 survivors (5120K)
 Metaspace       used 88378K, capacity 90558K, committed 91008K, reserved 1128448K
  class space    used 11434K, capacity 12233K, committed 12416K, reserved 1048576K
}
Event: 17.136 GC heap after
{Heap after GC invocations=26 (full 0):
 garbage-first heap   total 157696K, used 82508K [0x0000000080000000, 0x0000000100000000)
  region size 1024K, 7 young (7168K), 7 survivors (7168K)
 Metaspace       used 88378K, capacity 90558K, committed 91008K, reserved 1128448K
  class space    used 11434K, capacity 12233K, committed 12416K, reserved 1048576K
}
Event: 17.244 GC heap before
{Heap before GC invocations=26 (full 0):
 garbage-first heap   total 157696K, used 118348K [0x0000000080000000, 0x0000000100000000)
  region size 1024K, 44 young (45056K), 7 survivors (7168K)
 Metaspace       used 88992K, capacity 91143K, committed 91520K, reserved 1128448K
  class space    used 11513K, capacity 12320K, committed 12416K, reserved 1048576K
}
Event: 17.255 GC heap after
{Heap after GC invocations=27 (full 0):
 garbage-first heap   total 189440K, used 93798K [0x0000000080000000, 0x0000000100000000)
  region size 1024K, 7 young (7168K), 7 survivors (7168K)
 Metaspace       used 88992K, capacity 91143K, committed 91520K, reserved 1128448K
  class space    used 11513K, capacity 12320K, committed 12416K, reserved 1048576K
}
Event: 17.502 GC heap before
{Heap before GC invocations=28 (full 0):
 garbage-first heap   total 189440K, used 141926K [0x0000000080000000, 0x0000000100000000)
  region size 1024K, 53 young (54272K), 7 survivors (7168K)
 Metaspace       used 90707K, capacity 92920K, committed 93056K, reserved 1130496K
  class space    used 11774K, capacity 12622K, committed 12672K, reserved 1048576K
}
Event: 17.509 GC heap after
{Heap after GC invocations=29 (full 0):
 garbage-first heap   total 189440K, used 96203K [0x0000000080000000, 0x0000000100000000)
  region size 1024K, 7 young (7168K), 7 survivors (7168K)
 Metaspace       used 90707K, capacity 92920K, committed 93056K, reserved 1130496K
  class space    used 11774K, capacity 12622K, committed 12672K, reserved 1048576K
}
Event: 17.730 GC heap before
{Heap before GC invocations=29 (full 0):
 garbage-first heap   total 189440K, used 143307K [0x0000000080000000, 0x0000000100000000)
  region size 1024K, 53 young (54272K), 7 survivors (7168K)
 Metaspace       used 91592K, capacity 93941K, committed 94208K, reserved 1130496K
  class space    used 11887K, capacity 12769K, committed 12800K, reserved 1048576K
}
Event: 17.759 GC heap after
{Heap after GC invocations=30 (full 0):
 garbage-first heap   total 189440K, used 105472K [0x0000000080000000, 0x0000000100000000)
  region size 1024K, 7 young (7168K), 7 survivors (7168K)
 Metaspace       used 91592K, capacity 93941K, committed 94208K, reserved 1130496K
  class space    used 11887K, capacity 12769K, committed 12800K, reserved 1048576K
}
Event: 17.900 GC heap before
{Heap before GC invocations=30 (full 0):
 garbage-first heap   total 189440K, used 145408K [0x0000000080000000, 0x0000000100000000)
  region size 1024K, 47 young (48128K), 7 survivors (7168K)
 Metaspace       used 91992K, capacity 94364K, committed 94592K, reserved 1130496K
  class space    used 11940K, capacity 12821K, committed 12928K, reserved 1048576K
}
Event: 17.923 GC heap after
{Heap after GC invocations=31 (full 0):
 garbage-first heap   total 189440K, used 118114K [0x0000000080000000, 0x0000000100000000)
  region size 1024K, 6 young (6144K), 6 survivors (6144K)
 Metaspace       used 91992K, capacity 94364K, committed 94592K, reserved 1130496K
  class space    used 11940K, capacity 12821K, committed 12928K, reserved 1048576K
}
Event: 18.083 GC heap before
{Heap before GC invocations=32 (full 0):
 garbage-first heap   total 189440K, used 149858K [0x0000000080000000, 0x0000000100000000)
  region size 1024K, 37 young (37888K), 6 survivors (6144K)
 Metaspace       used 92904K, capacity 95196K, committed 95488K, reserved 1132544K
  class space    used 12052K, capacity 12927K, committed 13056K, reserved 1048576K
}
Event: 18.100 GC heap after
{Heap after GC invocations=33 (full 0):
 garbage-first heap   total 189440K, used 125203K [0x0000000080000000, 0x0000000100000000)
  region size 1024K, 5 young (5120K), 5 survivors (5120K)
 Metaspace       used 92904K, capacity 95196K, committed 95488K, reserved 1132544K
  class space    used 12052K, capacity 12927K, committed 13056K, reserved 1048576K
}
Event: 18.170 GC heap before
{Heap before GC invocations=33 (full 0):
 garbage-first heap   total 189440K, used 151827K [0x0000000080000000, 0x0000000100000000)
  region size 1024K, 32 young (32768K), 5 survivors (5120K)
 Metaspace       used 93383K, capacity 95734K, committed 96000K, reserved 1132544K
  class space    used 12098K, capacity 12982K, committed 13056K, reserved 1048576K
}

Deoptimization events (20 events):
Event: 18.111 Thread 0x000001ccae4bb000 DEOPT PACKING pc=0x000001cc92ce8f53 sp=0x00000043816f9c10
Event: 18.111 Thread 0x000001ccae4bb000 DEOPT UNPACKING pc=0x000001cc911c72ce sp=0x00000043816f93a0 mode 0
Event: 18.115 Thread 0x000001ccae4ba800 DEOPT PACKING pc=0x000001cc92d0963e sp=0x00000043814f98b0
Event: 18.115 Thread 0x000001ccae4ba800 DEOPT UNPACKING pc=0x000001cc911c72ce sp=0x00000043814f8e28 mode 0
Event: 18.140 Thread 0x000001ccae4b8800 Uncommon trap: trap_request=0xffffff4d fr.pc=0x000001cc992af008 relative=0x0000000000003fe8
Event: 18.140 Thread 0x000001ccae4b8800 Uncommon trap: reason=unstable_if action=reinterpret pc=0x000001cc992af008 method=com.android.tools.r8.utils.V.e(Ljava/lang/String;)[Ljava/lang/String; @ 149 c2
Event: 18.140 Thread 0x000001ccae4b8800 DEOPT PACKING pc=0x000001cc992af008 sp=0x0000004380ff9610
Event: 18.140 Thread 0x000001ccae4b8800 DEOPT UNPACKING pc=0x000001cc911c74af sp=0x0000004380ff9588 mode 2
Event: 18.141 Thread 0x000001ccae4b8800 DEOPT PACKING pc=0x000001cc92d0963e sp=0x0000004380ff94f0
Event: 18.141 Thread 0x000001ccae4b8800 DEOPT UNPACKING pc=0x000001cc911c72ce sp=0x0000004380ff8a70 mode 0
Event: 18.146 Thread 0x000001ccae4b8800 DEOPT PACKING pc=0x000001cc92d0963e sp=0x0000004380ff9900
Event: 18.146 Thread 0x000001ccae4b8800 DEOPT UNPACKING pc=0x000001cc911c72ce sp=0x0000004380ff8e80 mode 0
Event: 18.151 Thread 0x000001ccae4b8800 DEOPT PACKING pc=0x000001cc92d0963e sp=0x0000004380ff94f0
Event: 18.151 Thread 0x000001ccae4b8800 DEOPT UNPACKING pc=0x000001cc911c72ce sp=0x0000004380ff8a70 mode 0
Event: 18.154 Thread 0x000001ccae4b8800 DEOPT PACKING pc=0x000001cc92d0963e sp=0x0000004380ff9900
Event: 18.154 Thread 0x000001ccae4b8800 DEOPT UNPACKING pc=0x000001cc911c72ce sp=0x0000004380ff8e80 mode 0
Event: 18.158 Thread 0x000001ccae4b8800 DEOPT PACKING pc=0x000001cc92d0963e sp=0x0000004380ff9900
Event: 18.158 Thread 0x000001ccae4b8800 DEOPT UNPACKING pc=0x000001cc911c72ce sp=0x0000004380ff8e80 mode 0
Event: 18.163 Thread 0x000001ccae4bb000 DEOPT PACKING pc=0x000001cc92d0963e sp=0x00000043816f9830
Event: 18.163 Thread 0x000001ccae4bb000 DEOPT UNPACKING pc=0x000001cc911c72ce sp=0x00000043816f8db0 mode 0

Classes redefined (0 events):
No events

Internal exceptions (20 events):
Event: 17.292 Thread 0x000001ccae4ba800 Exception <a 'sun/nio/fs/WindowsException'{0x000000008af96cf0}> (0x000000008af96cf0) thrown at [./src/hotspot/share/prims/jni.cpp, line 615]
Event: 17.338 Thread 0x000001ccae4b4000 Exception <a 'java/lang/NoSuchMethodError'{0x000000008a917d20}: 'int java.lang.invoke.DirectMethodHandle$Holder.invokeVirtual(java.lang.Object, java.lang.Object, java.lang.Object)'> (0x000000008a917d20) thrown at [./src/hotspot/share/interpreter/linkResolver.cpp, line 773]
Event: 17.338 Thread 0x000001ccae4b8000 Exception <a 'java/lang/NoSuchMethodError'{0x000000008aa8f868}: 'int java.lang.invoke.DirectMethodHandle$Holder.invokeVirtual(java.lang.Object, java.lang.Object, java.lang.Object)'> (0x000000008aa8f868) thrown at [./src/hotspot/share/interpreter/linkResolver.cpp, line 773]
Event: 17.421 Thread 0x000001ccae4b8000 Exception <a 'java/lang/NoSuchMethodError'{0x0000000089987880}: 'java.lang.Object java.lang.invoke.DirectMethodHandle$Holder.invokeStatic(java.lang.Object, java.lang.Object, java.lang.Object, java.lang.Object, java.lang.Object, java.lang.Object, java.lang.Object, java.lang.Object, java.lang.Object, java.lang.Object, java.lang.Object, java.lang.Object, java.lang.Object, java.lang.Object, java.lang.Object, java.lang.Object, java.lang.Object, int, java.lang.Object)'> (0x0000000089987880) thrown at [./src/hots
Event: 17.422 Thread 0x000001ccae4b8000 Exception <a 'java/lang/NoSuchMethodError'{0x000000008998d6c8}: 'java.lang.Object java.lang.invoke.DirectMethodHandle$Holder.invokeStaticInit(java.lang.Object, java.lang.Object, java.lang.Object, java.lang.Object, java.lang.Object, java.lang.Object, java.lang.Object, java.lang.Object, java.lang.Object, java.lang.Object, java.lang.Object, java.lang.Object, java.lang.Object, java.lang.Object, java.lang.Object, java.lang.Object, java.lang.Object, int, java.lang.Object)'> (0x000000008998d6c8) thrown at [./src/
Event: 17.425 Thread 0x000001ccae4b9800 Exception <a 'java/lang/OutOfMemoryError'{0x00000000898e6920}> (0x00000000898e6920) thrown at [./src/hotspot/share/prims/jni.cpp, line 636]
Event: 17.455 Thread 0x000001ccae4b8800 Exception <a 'sun/nio/fs/WindowsException'{0x000000008921daf8}> (0x000000008921daf8) thrown at [./src/hotspot/share/prims/jni.cpp, line 615]
Event: 17.481 Thread 0x000001ccae4b9800 Exception <a 'sun/nio/fs/WindowsException'{0x0000000088df1878}> (0x0000000088df1878) thrown at [./src/hotspot/share/prims/jni.cpp, line 615]
Event: 17.512 Thread 0x000001ccae4b8000 Exception <a 'java/lang/NoSuchMethodError'{0x000000008b8dd5d0}: 'long java.lang.invoke.DirectMethodHandle$Holder.invokeStatic(java.lang.Object, long, java.lang.Object)'> (0x000000008b8dd5d0) thrown at [./src/hotspot/share/interpreter/linkResolver.cpp, line 773]
Event: 17.513 Thread 0x000001ccae4b8000 Exception <a 'java/lang/NoSuchMethodError'{0x000000008b8e2cd8}: 'java.lang.Object java.lang.invoke.DirectMethodHandle$Holder.invokeStatic(java.lang.Object, long)'> (0x000000008b8e2cd8) thrown at [./src/hotspot/share/interpreter/linkResolver.cpp, line 773]
Event: 17.513 Thread 0x000001ccae4b7000 Exception <a 'java/lang/NoSuchMethodError'{0x000000008b8c1668}: 'java.lang.Object java.lang.invoke.DirectMethodHandle$Holder.invokeStatic(java.lang.Object, long)'> (0x000000008b8c1668) thrown at [./src/hotspot/share/interpreter/linkResolver.cpp, line 773]
Event: 17.514 Thread 0x000001ccae4b8000 Exception <a 'java/lang/NoSuchMethodError'{0x000000008b8e67e8}: 'java.lang.Object java.lang.invoke.Invokers$Holder.linkToTargetMethod(long, java.lang.Object)'> (0x000000008b8e67e8) thrown at [./src/hotspot/share/interpreter/linkResolver.cpp, line 773]
Event: 17.514 Thread 0x000001ccae4b6800 Exception <a 'java/lang/NoSuchMethodError'{0x000000008b8ff2e8}: 'java.lang.Object java.lang.invoke.Invokers$Holder.linkToTargetMethod(long, java.lang.Object)'> (0x000000008b8ff2e8) thrown at [./src/hotspot/share/interpreter/linkResolver.cpp, line 773]
Event: 17.514 Thread 0x000001ccae4b9800 Exception <a 'java/lang/NoSuchMethodError'{0x000000008b81a2e0}: 'java.lang.Object java.lang.invoke.Invokers$Holder.linkToTargetMethod(long, java.lang.Object)'> (0x000000008b81a2e0) thrown at [./src/hotspot/share/interpreter/linkResolver.cpp, line 773]
Event: 17.514 Thread 0x000001ccae4bb000 Exception <a 'java/lang/NoSuchMethodError'{0x000000008b8ae198}: 'java.lang.Object java.lang.invoke.Invokers$Holder.linkToTargetMethod(long, java.lang.Object)'> (0x000000008b8ae198) thrown at [./src/hotspot/share/interpreter/linkResolver.cpp, line 773]
Event: 17.713 Thread 0x000001ccae4b9800 Exception <a 'java/lang/NoSuchMethodError'{0x0000000089110710}: 'long java.lang.invoke.DirectMethodHandle$Holder.invokeStatic(java.lang.Object, java.lang.Object)'> (0x0000000089110710) thrown at [./src/hotspot/share/interpreter/linkResolver.cpp, line 773]
Event: 17.713 Thread 0x000001ccae4b4000 Exception <a 'java/lang/NoSuchMethodError'{0x00000000891a3330}: 'long java.lang.invoke.DirectMethodHandle$Holder.invokeStatic(java.lang.Object, java.lang.Object)'> (0x00000000891a3330) thrown at [./src/hotspot/share/interpreter/linkResolver.cpp, line 773]
Event: 17.820 Thread 0x000001ccae4ba800 Exception <a 'java/lang/NoSuchMethodError'{0x000000008a846fa0}: 'java.lang.Object java.lang.invoke.DirectMethodHandle$Holder.newInvokeSpecial(java.lang.Object, int)'> (0x000000008a846fa0) thrown at [./src/hotspot/share/interpreter/linkResolver.cpp, line 773]
Event: 17.859 Thread 0x000001ccae4ba800 Exception <a 'java/lang/NoSuchMethodError'{0x0000000089ce8d18}: 'void java.lang.invoke.DirectMethodHandle$Holder.invokeStatic(java.lang.Object, java.lang.Object, java.lang.Object, int)'> (0x0000000089ce8d18) thrown at [./src/hotspot/share/interpreter/linkResolver.cpp, line 773]
Event: 17.866 Thread 0x000001ccae4ba800 Exception <a 'java/lang/IncompatibleClassChangeError'{0x0000000089cf2cb0}: Found class java.lang.Object, but interface was expected> (0x0000000089cf2cb0) thrown at [./src/hotspot/share/interpreter/linkResolver.cpp, line 839]

Events (20 events):
Event: 18.153 loading class com/android/tools/r8/v/c/b$c done
Event: 18.153 loading class com/android/tools/r8/v/b/x0
Event: 18.153 loading class com/android/tools/r8/v/b/x0 done
Event: 18.153 loading class com/android/tools/r8/v/c/b$c
Event: 18.153 loading class com/android/tools/r8/v/c/b$c done
Event: 18.153 loading class com/android/tools/r8/utils/m0
Event: 18.153 loading class com/android/tools/r8/utils/m0 done
Event: 18.153 loading class com/android/tools/r8/v/c/i0/a
Event: 18.153 loading class com/android/tools/r8/v/c/i0/a done
Event: 18.154 loading class com/android/tools/r8/v/b/x0
Event: 18.154 loading class com/android/tools/r8/v/b/x0 done
Event: 18.154 loading class com/android/tools/r8/v/b/x0
Event: 18.154 loading class com/android/tools/r8/v/b/x0 done
Event: 18.154 loading class com/android/tools/r8/v/b/x0
Event: 18.154 loading class com/android/tools/r8/v/b/x0 done
Event: 18.154 loading class com/android/tools/r8/v/b/x0
Event: 18.154 loading class com/android/tools/r8/v/b/x0 done
Event: 18.167 Executing VM operation: G1CollectForAllocation
Event: 18.170 loading class com/android/tools/r8/utils/m0
Event: 18.170 loading class com/android/tools/r8/utils/m0 done


Dynamic libraries:
0x00007ff728850000 - 0x00007ff72885a000 	C:\Users\Dark Knight\Desktop\Android Studio\jre\bin\java.exe
0x00007ffee3570000 - 0x00007ffee3765000 	C:\WINDOWS\SYSTEM32\ntdll.dll
0x00007ffee15f0000 - 0x00007ffee16ad000 	C:\WINDOWS\System32\KERNEL32.DLL
0x00007ffee12d0000 - 0x00007ffee1599000 	C:\WINDOWS\System32\KERNELBASE.dll
0x00007ffee0cd0000 - 0x00007ffee0dd0000 	C:\WINDOWS\System32\ucrtbase.dll
0x00007ffed9f20000 - 0x00007ffed9f39000 	C:\Users\Dark Knight\Desktop\Android Studio\jre\bin\jli.dll
0x00007ffed9f00000 - 0x00007ffed9f17000 	C:\Users\Dark Knight\Desktop\Android Studio\jre\bin\VCRUNTIME140.dll
0x00007ffee1f30000 - 0x00007ffee20d0000 	C:\WINDOWS\System32\USER32.dll
0x00007ffee0ca0000 - 0x00007ffee0cc2000 	C:\WINDOWS\System32\win32u.dll
0x00007ffee20d0000 - 0x00007ffee20fa000 	C:\WINDOWS\System32\GDI32.dll
0x00007ffecb000000 - 0x00007ffecb29a000 	C:\WINDOWS\WinSxS\amd64_microsoft.windows.common-controls_6595b64144ccf1df_6.0.19041.1110_none_60b5254171f9507e\COMCTL32.dll
0x00007ffee11c0000 - 0x00007ffee12cb000 	C:\WINDOWS\System32\gdi32full.dll
0x00007ffee32b0000 - 0x00007ffee334e000 	C:\WINDOWS\System32\msvcrt.dll
0x00007ffee0dd0000 - 0x00007ffee0e6d000 	C:\WINDOWS\System32\msvcp_win.dll
0x00007ffee23d0000 - 0x00007ffee2400000 	C:\WINDOWS\System32\IMM32.DLL
0x00007ffecf2d0000 - 0x00007ffecf36d000 	C:\Users\Dark Knight\Desktop\Android Studio\jre\bin\msvcp140.dll
0x00007ffe82710000 - 0x00007ffe831cc000 	C:\Users\Dark Knight\Desktop\Android Studio\jre\bin\server\jvm.dll
0x00007ffee1780000 - 0x00007ffee182c000 	C:\WINDOWS\System32\ADVAPI32.dll
0x00007ffee1830000 - 0x00007ffee18cb000 	C:\WINDOWS\System32\sechost.dll
0x00007ffee3350000 - 0x00007ffee347a000 	C:\WINDOWS\System32\RPCRT4.dll
0x00007ffee2d90000 - 0x00007ffee2d98000 	C:\WINDOWS\System32\PSAPI.DLL
0x00007ffed8b70000 - 0x00007ffed8b79000 	C:\WINDOWS\SYSTEM32\WSOCK32.dll
0x00007ffecb2b0000 - 0x00007ffecb2d7000 	C:\WINDOWS\SYSTEM32\WINMM.dll
0x00007ffed7fc0000 - 0x00007ffed7fca000 	C:\WINDOWS\SYSTEM32\VERSION.dll
0x00007ffee2360000 - 0x00007ffee23cb000 	C:\WINDOWS\System32\WS2_32.dll
0x00007ffedf530000 - 0x00007ffedf542000 	C:\WINDOWS\SYSTEM32\kernel.appcore.dll
0x00007ffec9e60000 - 0x00007ffec9e71000 	C:\Users\Dark Knight\Desktop\Android Studio\jre\bin\verify.dll
0x00007ffedeab0000 - 0x00007ffedec94000 	C:\WINDOWS\SYSTEM32\DBGHELP.DLL
0x00007ffec9830000 - 0x00007ffec985c000 	C:\WINDOWS\SYSTEM32\dbgcore.DLL
0x00007ffee0f70000 - 0x00007ffee0ff3000 	C:\WINDOWS\System32\bcryptPrimitives.dll
0x00007ffeb99b0000 - 0x00007ffeb99d9000 	C:\Users\Dark Knight\Desktop\Android Studio\jre\bin\java.dll
0x00007ffed9240000 - 0x00007ffed924b000 	C:\Users\Dark Knight\Desktop\Android Studio\jre\bin\jimage.dll
0x00007ffeb9990000 - 0x00007ffeb99a8000 	C:\Users\Dark Knight\Desktop\Android Studio\jre\bin\zip.dll
0x00007ffee25f0000 - 0x00007ffee2d2f000 	C:\WINDOWS\System32\SHELL32.dll
0x00007ffeded90000 - 0x00007ffedf520000 	C:\WINDOWS\SYSTEM32\windows.storage.dll
0x00007ffee2da0000 - 0x00007ffee30f5000 	C:\WINDOWS\System32\combase.dll
0x00007ffee0700000 - 0x00007ffee072c000 	C:\WINDOWS\SYSTEM32\Wldp.dll
0x00007ffee1e80000 - 0x00007ffee1f2e000 	C:\WINDOWS\System32\SHCORE.dll
0x00007ffee2400000 - 0x00007ffee2455000 	C:\WINDOWS\System32\shlwapi.dll
0x00007ffee0be0000 - 0x00007ffee0bff000 	C:\WINDOWS\SYSTEM32\profapi.dll
0x00007ffeafe40000 - 0x00007ffeafe5a000 	C:\Users\Dark Knight\Desktop\Android Studio\jre\bin\net.dll
0x00007ffed5b40000 - 0x00007ffed5c48000 	C:\WINDOWS\SYSTEM32\WINHTTP.dll
0x00007ffee0460000 - 0x00007ffee04ca000 	C:\WINDOWS\system32\mswsock.dll
0x00007ffeafc50000 - 0x00007ffeafc64000 	C:\Users\Dark Knight\Desktop\Android Studio\jre\bin\nio.dll
0x00007ffedbf90000 - 0x00007ffedbfb7000 	C:\Users\Dark Knight\.gradle\native\8bec1ad78214c89d9ad589b4d07fe93259594b29d510b10fafb7a158f7737e5d\windows-amd64\native-platform.dll
0x00007ffed7bd0000 - 0x00007ffed7d0d000 	C:\Users\Dark Knight\.gradle\native\53dbd7edfb1c66fb8903c78663c9afc45aea4f116125fa6feffd364cf09443e8\windows-amd64\native-platform-file-events.dll
0x00007ffed81f0000 - 0x00007ffed81fa000 	C:\Users\Dark Knight\Desktop\Android Studio\jre\bin\management.dll
0x00007ffed0860000 - 0x00007ffed086c000 	C:\Users\Dark Knight\Desktop\Android Studio\jre\bin\management_ext.dll
0x00007ffee0650000 - 0x00007ffee0668000 	C:\WINDOWS\SYSTEM32\CRYPTSP.dll
0x00007ffedfd70000 - 0x00007ffedfda4000 	C:\WINDOWS\system32\rsaenh.dll
0x00007ffee15a0000 - 0x00007ffee15c7000 	C:\WINDOWS\System32\bcrypt.dll
0x00007ffee0ba0000 - 0x00007ffee0bce000 	C:\WINDOWS\SYSTEM32\USERENV.dll
0x00007ffee0670000 - 0x00007ffee067c000 	C:\WINDOWS\SYSTEM32\CRYPTBASE.dll
0x00007ffee0100000 - 0x00007ffee013b000 	C:\WINDOWS\SYSTEM32\IPHLPAPI.DLL
0x00007ffee18d0000 - 0x00007ffee18d8000 	C:\WINDOWS\System32\NSI.dll
0x00007ffecfdf0000 - 0x00007ffecfe07000 	C:\WINDOWS\SYSTEM32\dhcpcsvc6.DLL
0x00007ffed0340000 - 0x00007ffed035d000 	C:\WINDOWS\SYSTEM32\dhcpcsvc.DLL
0x00007ffee0140000 - 0x00007ffee020c000 	C:\WINDOWS\SYSTEM32\DNSAPI.dll

dbghelp: loaded successfully - version: 4.0.5 - missing functions: none
symbol engine: initialized successfully - sym options: 0x614 - pdb path: .;C:\Users\Dark Knight\Desktop\Android Studio\jre\bin;C:\WINDOWS\SYSTEM32;C:\WINDOWS\WinSxS\amd64_microsoft.windows.common-controls_6595b64144ccf1df_6.0.19041.1110_none_60b5254171f9507e;C:\Users\Dark Knight\Desktop\Android Studio\jre\bin\server;C:\Users\Dark Knight\.gradle\native\8bec1ad78214c89d9ad589b4d07fe93259594b29d510b10fafb7a158f7737e5d\windows-amd64;C:\Users\Dark Knight\.gradle\native\53dbd7edfb1c66fb8903c78663c9afc45aea4f116125fa6feffd364cf09443e8\windows-amd64

VM Arguments:
jvm_args: --add-opens=java.base/java.util=ALL-UNNAMED --add-opens=java.base/java.lang=ALL-UNNAMED --add-opens=java.base/java.lang.invoke=ALL-UNNAMED --add-opens=java.base/java.util=ALL-UNNAMED --add-opens=java.prefs/java.util.prefs=ALL-UNNAMED --add-opens=java.prefs/java.util.prefs=ALL-UNNAMED --add-opens=java.base/java.nio.charset=ALL-UNNAMED --add-opens=java.base/java.net=ALL-UNNAMED --add-opens=java.base/java.util.concurrent.atomic=ALL-UNNAMED -Xmx2048m -Dfile.encoding=UTF-8 -Duser.country=IN -Duser.language=en -Duser.variant 
java_command: org.gradle.launcher.daemon.bootstrap.GradleDaemon 7.0.2
java_class_path (initial): C:\Users\Dark Knight\.gradle\wrapper\dists\gradle-7.0.2-bin\857tjihv64xamwrf0h14cai3r\gradle-7.0.2\lib\gradle-launcher-7.0.2.jar
Launcher Type: SUN_STANDARD

[Global flags]
     intx CICompilerCount                          = 4                                         {product} {ergonomic}
     uint ConcGCThreads                            = 2                                         {product} {ergonomic}
     uint G1ConcRefinementThreads                  = 8                                         {product} {ergonomic}
   size_t G1HeapRegionSize                         = 1048576                                   {product} {ergonomic}
    uintx GCDrainStackTargetSize                   = 64                                        {product} {ergonomic}
   size_t InitialHeapSize                          = 134217728                                 {product} {ergonomic}
   size_t MarkStackSize                            = 4194304                                   {product} {ergonomic}
   size_t MaxHeapSize                              = 2147483648                                {product} {command line}
   size_t MaxNewSize                               = 1287651328                                {product} {ergonomic}
   size_t MinHeapDeltaBytes                        = 1048576                                   {product} {ergonomic}
    uintx NonNMethodCodeHeapSize                   = 5836300                                {pd product} {ergonomic}
    uintx NonProfiledCodeHeapSize                  = 122910970                              {pd product} {ergonomic}
    uintx ProfiledCodeHeapSize                     = 122910970                              {pd product} {ergonomic}
    uintx ReservedCodeCacheSize                    = 251658240                              {pd product} {ergonomic}
     bool SegmentedCodeCache                       = true                                      {product} {ergonomic}
     bool UseCompressedClassPointers               = true                                 {lp64_product} {ergonomic}
     bool UseCompressedOops                        = true                                 {lp64_product} {ergonomic}
     bool UseG1GC                                  = true                                      {product} {ergonomic}
     bool UseLargePagesIndividualAllocation        = false                                  {pd product} {ergonomic}

Logging:
Log output configuration:
 #0: stdout all=warning uptime,level,tags
 #1: stderr all=off uptime,level,tags

Environment Variables:
PATH=C:\Windows\system32;C:\Windows;C:\Windows\System32\Wbem;C:\Windows\System32\WindowsPowerShell\v1.0\;C:\Windows\System32\OpenSSH\;C:\Program Files (x86)\NVIDIA Corporation\PhysX\Common;C:\Program Files\NVIDIA Corporation\NVIDIA NvDLISR;C:\WINDOWS\system32;C:\WINDOWS;C:\WINDOWS\System32\Wbem;C:\WINDOWS\System32\WindowsPowerShell\v1.0\;C:\WINDOWS\System32\OpenSSH\;C:\MinGW\bin;C:\Program Files\MEGA-X;C:\WINDOWS\system32;C:\WINDOWS;C:\WINDOWS\System32\Wbem;C:\WINDOWS\System32\WindowsPowerShell\v1.0\;C:\WINDOWS\System32\OpenSSH\;C:\Program Files\Git\cmd;C:\Users\Dark Knight\AppData\Local\Microsoft\WindowsApps;C:\Users\Dark Knight\AppData\Local\atom\bin;C:\MinGW\bin;C:\Program Files (x86)\Microsoft Visual Studio\2019\BuildTools\MSBuild\Current\Bin;C:\Users\Dark Knight\AppData\Local\Microsoft\WindowsApps
USERNAME=Dark Knight
OS=Windows_NT
PROCESSOR_IDENTIFIER=Intel64 Family 6 Model 158 Stepping 10, GenuineIntel



---------------  S Y S T E M  ---------------

OS: Windows 10 , 64 bit Build 19041 (10.0.19041.1151)
OS uptime: 17 days 22:09 hours

CPU:total 8 (initial active 8) (4 cores per cpu, 2 threads per core) family 6 model 158 stepping 10, cmov, cx8, fxsr, mmx, sse, sse2, sse3, ssse3, sse4.1, sse4.2, popcnt, avx, avx2, aes, clmul, erms, 3dnowpref, lzcnt, ht, tsc, tscinvbit, bmi1, bmi2, adx, fma

Memory: 4k page, system-wide physical 8072M (678M free)
TotalPageFile size 12168M (AvailPageFile size 10M)
current process WorkingSet (physical memory assigned to process): 484M, peak: 486M
current process commit charge ("private bytes"): 541M, peak: 612M

vm_info: OpenJDK 64-Bit Server VM (11.0.8+10-b944.6842174) for windows-amd64 JRE (11.0.8+10-b944.6842174), built on Sep 19 2020 01:11:42 by "builder" with MS VC++ 14.0 (VS2015)

END.
