#
# There is insufficient memory for the Java Runtime Environment to continue.
# Native memory allocation (mmap) failed to map 38797312 bytes for Failed to commit area from 0x000000008b900000 to 0x000000008de00000 of length 38797312.
# Possible reasons:
#   The system is out of physical RAM or swap space
#   The process is running with CompressedOops enabled, and the Java Heap may be blocking the growth of the native heap
# Possible solutions:
#   Reduce memory load on the system
#   Increase physical memory or swap space
#   Check if swap backing store is full
#   Decrease Java heap size (-Xmx/-Xms)
#   Decrease number of Java threads
#   Decrease Java thread stack sizes (-Xss)
#   Set larger code cache with -XX:ReservedCodeCacheSize=
#   JVM is running with Unscaled Compressed Oops mode in which the Java heap is
#     placed in the first 4GB address space. The Java Heap base address is the
#     maximum limit for the native heap growth. Please use -XX:HeapBaseMinAddress
#     to set the Java Heap base and to place the Java Heap above 4GB virtual address.
# This output file may be truncated or incomplete.
#
#  Out of Memory Error (./src/hotspot/os/windows/os_windows.cpp:3303), pid=43112, tid=1400
#
# JRE version: OpenJDK Runtime Environment (11.0.8+10) (build 11.0.8+10-b944.6842174)
# Java VM: OpenJDK 64-Bit Server VM (11.0.8+10-b944.6842174, mixed mode, tiered, compressed oops, g1 gc, windows-amd64)
# No core dump will be written. Minidumps are not enabled by default on client versions of Windows
#

---------------  S U M M A R Y ------------

Command Line: --add-opens=java.base/java.util=ALL-UNNAMED --add-opens=java.base/java.lang=ALL-UNNAMED --add-opens=java.base/java.lang.invoke=ALL-UNNAMED --add-opens=java.base/java.util=ALL-UNNAMED --add-opens=java.prefs/java.util.prefs=ALL-UNNAMED --add-opens=java.prefs/java.util.prefs=ALL-UNNAMED --add-opens=java.base/java.nio.charset=ALL-UNNAMED --add-opens=java.base/java.net=ALL-UNNAMED --add-opens=java.base/java.util.concurrent.atomic=ALL-UNNAMED -Xmx2048m -Dfile.encoding=UTF-8 -Duser.country=IN -Duser.language=en -Duser.variant org.gradle.launcher.daemon.bootstrap.GradleDaemon 7.0.2

Host: Intel(R) Core(TM) i5-9300H CPU @ 2.40GHz, 8 cores, 7G,  Windows 10 , 64 bit Build 19041 (10.0.19041.1151)
Time: Wed Sep  1 19:51:36 2021 India Standard Time elapsed time: 38 seconds (0d 0h 0m 38s)

---------------  T H R E A D  ---------------

Current thread (0x00000203b288c000):  VMThread "VM Thread" [stack: 0x0000004919800000,0x0000004919900000] [id=1400]

Stack: [0x0000004919800000,0x0000004919900000]
[error occurred during error reporting (printing stack bounds), id 0xc0000005, EXCEPTION_ACCESS_VIOLATION (0xc0000005) at pc=0x000002039bef0dad]

Native frames: (J=compiled Java code, j=interpreted, Vv=VM code, C=native code)
V  [jvm.dll+0x5de50a]
V  [jvm.dll+0x7122f5]
V  [jvm.dll+0x71384d]
V  [jvm.dll+0x713e65]
V  [jvm.dll+0x713e1b]
V  [jvm.dll+0x5dd958]
V  [jvm.dll+0x5de0f8]
C  [ntdll.dll+0xa217f]
C  [ntdll.dll+0x51454]
C  [ntdll.dll+0xa0cae]
C  0x000002039bef0dad

VM_Operation (0x000000491abf82f0): G1CollectForAllocation, mode: safepoint, requested by thread 0x00000203b3fa6800


---------------  P R O C E S S  ---------------

Threads class SMR info:
_java_thread_list=0x00000203ba8de910, length=54, elements={
0x000002039856c800, 0x00000203b2890000, 0x00000203b289b800, 0x00000203b28a7000,
0x00000203b28a8800, 0x00000203b28ab800, 0x00000203b28b6000, 0x00000203b28ba800,
0x00000203b335a800, 0x00000203b3373000, 0x00000203b5efc800, 0x00000203b520a800,
0x00000203b35cd800, 0x00000203b3490800, 0x00000203b3fa6800, 0x00000203b3fa5800,
0x00000203b3fa9000, 0x00000203b3fa7800, 0x00000203b8270800, 0x00000203b8274800,
0x00000203b8272800, 0x00000203b8277000, 0x00000203b8271000, 0x00000203b827b800,
0x00000203b827e000, 0x00000203b8932800, 0x00000203b8930000, 0x00000203b892d800,
0x00000203b8934000, 0x00000203b8932000, 0x00000203b8935000, 0x00000203b8936000,
0x00000203b3fa8000, 0x00000203b8276000, 0x00000203b8275000, 0x00000203b8277800,
0x00000203b8272000, 0x00000203b8278800, 0x00000203b8273800, 0x00000203b827b000,
0x00000203b8279800, 0x00000203b827a000, 0x00000203b827d800, 0x00000203b827f000,
0x00000203b892c000, 0x00000203b892f800, 0x00000203b892d000, 0x00000203b8931000,
0x00000203b8933800, 0x00000203b8936800, 0x00000203b8937800, 0x00000203b893a000,
0x00000203b8938800, 0x00000203b8939000
}

Java Threads: ( => current thread )
  0x000002039856c800 JavaThread "main" [_thread_blocked, id=26152, stack(0x0000004919200000,0x0000004919300000)]
  0x00000203b2890000 JavaThread "Reference Handler" daemon [_thread_blocked, id=26508, stack(0x0000004919900000,0x0000004919a00000)]
  0x00000203b289b800 JavaThread "Finalizer" daemon [_thread_blocked, id=35452, stack(0x0000004919a00000,0x0000004919b00000)]
  0x00000203b28a7000 JavaThread "Signal Dispatcher" daemon [_thread_blocked, id=54440, stack(0x0000004919b00000,0x0000004919c00000)]
  0x00000203b28a8800 JavaThread "Attach Listener" daemon [_thread_blocked, id=29504, stack(0x0000004919c00000,0x0000004919d00000)]
  0x00000203b28ab800 JavaThread "C2 CompilerThread0" daemon [_thread_blocked, id=47300, stack(0x0000004919d00000,0x0000004919e00000)]
  0x00000203b28b6000 JavaThread "C1 CompilerThread0" daemon [_thread_blocked, id=42280, stack(0x0000004919e00000,0x0000004919f00000)]
  0x00000203b28ba800 JavaThread "Sweeper thread" daemon [_thread_blocked, id=8588, stack(0x0000004919f00000,0x000000491a000000)]
  0x00000203b335a800 JavaThread "Common-Cleaner" daemon [_thread_blocked, id=53684, stack(0x000000491a000000,0x000000491a100000)]
  0x00000203b3373000 JavaThread "Service Thread" daemon [_thread_blocked, id=47872, stack(0x000000491a100000,0x000000491a200000)]
  0x00000203b5efc800 JavaThread "Daemon health stats" [_thread_blocked, id=28080, stack(0x000000491a700000,0x000000491a800000)]
  0x00000203b520a800 JavaThread "Incoming local TCP Connector on port 62594" [_thread_in_native, id=46820, stack(0x000000491a300000,0x000000491a400000)]
  0x00000203b35cd800 JavaThread "Daemon periodic checks" [_thread_blocked, id=55248, stack(0x000000491a400000,0x000000491a500000)]
  0x00000203b3490800 JavaThread "Daemon" [_thread_blocked, id=50044, stack(0x000000491a800000,0x000000491a900000)]
  0x00000203b3fa6800 JavaThread "Daemon worker" [_thread_blocked, id=48744, stack(0x000000491ab00000,0x000000491ac00000)]
  0x00000203b3fa5800 JavaThread "Cache worker for file hash cache (C:\Users\Dark Knight\.gradle\caches\7.0.2\fileHashes)" [_thread_blocked, id=47264, stack(0x000000491b500000,0x000000491b600000)]
  0x00000203b3fa9000 JavaThread "File lock request listener" [_thread_in_native, id=32100, stack(0x000000491b600000,0x000000491b700000)]
  0x00000203b3fa7800 JavaThread "Cache worker for journal cache (C:\Users\Dark Knight\.gradle\caches\journal-1)" [_thread_blocked, id=44012, stack(0x000000491b800000,0x000000491b900000)]
  0x00000203b8270800 JavaThread "File watcher server" daemon [_thread_blocked, id=50332, stack(0x000000491bb00000,0x000000491bc00000)]
  0x00000203b8274800 JavaThread "File watcher consumer" daemon [_thread_blocked, id=47352, stack(0x000000491bc00000,0x000000491bd00000)]
  0x00000203b8272800 JavaThread "Cache worker for execution history cache (C:\Users\Dark Knight\.gradle\caches\7.0.2\executionHistory)" [_thread_blocked, id=54536, stack(0x000000491c000000,0x000000491c100000)]
  0x00000203b8277000 JavaThread "jar transforms" [_thread_blocked, id=42584, stack(0x000000491c100000,0x000000491c200000)]
  0x00000203b8271000 JavaThread "jar transforms Thread 2" [_thread_blocked, id=51296, stack(0x000000491c200000,0x000000491c300000)]
  0x00000203b827b800 JavaThread "Cache worker for file content cache (C:\Users\Dark Knight\.gradle\caches\7.0.2\fileContent)" [_thread_blocked, id=30236, stack(0x000000491c300000,0x000000491c400000)]
  0x00000203b827e000 JavaThread "jar transforms Thread 3" [_thread_blocked, id=47848, stack(0x000000491c500000,0x000000491c600000)]
  0x00000203b8932800 JavaThread "jar transforms Thread 4" [_thread_blocked, id=50384, stack(0x000000491cf00000,0x000000491d000000)]
  0x00000203b8930000 JavaThread "jar transforms Thread 5" [_thread_blocked, id=51404, stack(0x000000491d000000,0x000000491d100000)]
  0x00000203b892d800 JavaThread "jar transforms Thread 6" [_thread_blocked, id=51792, stack(0x000000491d100000,0x000000491d200000)]
  0x00000203b8934000 JavaThread "jar transforms Thread 7" [_thread_blocked, id=47804, stack(0x000000491d200000,0x000000491d300000)]
  0x00000203b8932000 JavaThread "jar transforms Thread 8" [_thread_blocked, id=52584, stack(0x000000491d300000,0x000000491d400000)]
  0x00000203b8935000 JavaThread "Memory manager" [_thread_blocked, id=51988, stack(0x000000491d400000,0x000000491d500000)]
  0x00000203b8936000 JavaThread "pool-3-thread-1" [_thread_blocked, id=54700, stack(0x000000491d600000,0x000000491d700000)]
  0x00000203b3fa8000 JavaThread "pool-7-thread-1" [_thread_blocked, id=48352, stack(0x000000491d700000,0x000000491d800000)]
  0x00000203b8276000 JavaThread "Handler for socket connection from /127.0.0.1:62594 to /127.0.0.1:62650" [_thread_in_native, id=55124, stack(0x000000491ac00000,0x000000491ad00000)]
  0x00000203b8275000 JavaThread "Cancel handler" [_thread_blocked, id=48508, stack(0x000000491ad00000,0x000000491ae00000)]
  0x00000203b8277800 JavaThread "Asynchronous log dispatcher for DefaultDaemonConnection: socket connection from /127.0.0.1:62594 to /127.0.0.1:62650" [_thread_blocked, id=39872, stack(0x000000491ae00000,0x000000491af00000)]
  0x00000203b8272000 JavaThread "Stdin handler" [_thread_blocked, id=44900, stack(0x000000491af00000,0x000000491b000000)]
  0x00000203b8278800 JavaThread "Daemon client event forwarder" [_thread_blocked, id=48956, stack(0x000000491b900000,0x000000491ba00000)]
  0x00000203b8273800 JavaThread "Cache worker for file hash cache (C:\Android Projects\Udemy TUTORIAL\7MinuteWorkout2\.gradle\7.0.2\fileHashes)" [_thread_blocked, id=43860, stack(0x000000491ba00000,0x000000491bb00000)]
  0x00000203b827b000 JavaThread "C2 CompilerThread1" daemon [_thread_blocked, id=30856, stack(0x000000491bd00000,0x000000491be00000)]
  0x00000203b8279800 JavaThread "C2 CompilerThread2" daemon [_thread_blocked, id=53256, stack(0x000000491be00000,0x000000491bf00000)]
  0x00000203b827a000 JavaThread "Cache worker for checksums cache (C:\Android Projects\Udemy TUTORIAL\7MinuteWorkout2\.gradle\checksums)" [_thread_blocked, id=51172, stack(0x000000491bf00000,0x000000491c000000)]
  0x00000203b827d800 JavaThread "Cache worker for cache directory md-supplier (C:\Users\Dark Knight\.gradle\caches\7.0.2\md-supplier)" [_thread_blocked, id=47740, stack(0x000000491c400000,0x000000491c500000)]
  0x00000203b827f000 JavaThread "Cache worker for cache directory md-rule (C:\Users\Dark Knight\.gradle\caches\7.0.2\md-rule)" [_thread_blocked, id=39820, stack(0x000000491c600000,0x000000491c700000)]
  0x00000203b892c000 JavaThread "Cache worker for dependencies-accessors (C:\Android Projects\Udemy TUTORIAL\7MinuteWorkout2\.gradle\7.0.2\dependencies-accessors)" [_thread_blocked, id=54276, stack(0x000000491c700000,0x000000491c800000)]
  0x00000203b892f800 JavaThread "Cache worker for Build Output Cleanup Cache (C:\Android Projects\Udemy TUTORIAL\7MinuteWorkout2\.gradle\buildOutputCleanup)" [_thread_blocked, id=50312, stack(0x000000491c800000,0x000000491c900000)]
  0x00000203b892d000 JavaThread "Build operations" [_thread_blocked, id=49764, stack(0x000000491c900000,0x000000491ca00000)]
  0x00000203b8931000 JavaThread "Build operations Thread 2" [_thread_blocked, id=23344, stack(0x000000491ca00000,0x000000491cb00000)]
  0x00000203b8933800 JavaThread "Build operations Thread 3" [_thread_blocked, id=50688, stack(0x000000491cb00000,0x000000491cc00000)]
  0x00000203b8936800 JavaThread "Build operations Thread 4" [_thread_blocked, id=45312, stack(0x000000491cc00000,0x000000491cd00000)]
  0x00000203b8937800 JavaThread "Build operations Thread 5" [_thread_blocked, id=47304, stack(0x000000491cd00000,0x000000491ce00000)]
  0x00000203b893a000 JavaThread "Build operations Thread 6" [_thread_blocked, id=36688, stack(0x000000491ce00000,0x000000491cf00000)]
  0x00000203b8938800 JavaThread "Build operations Thread 7" [_thread_blocked, id=42540, stack(0x000000491d500000,0x000000491d600000)]
  0x00000203b8939000 JavaThread "Build operations Thread 8" [_thread_blocked, id=34140, stack(0x000000491d800000,0x000000491d900000)]

Other Threads:
=>0x00000203b288c000 VMThread "VM Thread" [stack: 0x0000004919800000,0x0000004919900000] [id=1400]
  0x00000203b3374000 WatcherThread [stack: 0x000000491a200000,0x000000491a300000] [id=35188]
  0x0000020398583800 GCTaskThread "GC Thread#0" [stack: 0x0000004919300000,0x0000004919400000] [id=42236]
  0x00000203b3a04800 GCTaskThread "GC Thread#1" [stack: 0x000000491a500000,0x000000491a600000] [id=43784]
  0x00000203b4582800 GCTaskThread "GC Thread#2" [stack: 0x000000491a600000,0x000000491a700000] [id=37060]
  0x00000203b4974800 GCTaskThread "GC Thread#3" [stack: 0x000000491b000000,0x000000491b100000] [id=44464]
  0x00000203b4b46800 GCTaskThread "GC Thread#4" [stack: 0x000000491b100000,0x000000491b200000] [id=29452]
  0x00000203b4756000 GCTaskThread "GC Thread#5" [stack: 0x000000491b200000,0x000000491b300000] [id=48636]
  0x00000203b5efc000 GCTaskThread "GC Thread#6" [stack: 0x000000491b300000,0x000000491b400000] [id=36856]
  0x00000203b62a8800 GCTaskThread "GC Thread#7" [stack: 0x000000491b400000,0x000000491b500000] [id=29244]
  0x00000203985b6800 ConcurrentGCThread "G1 Main Marker" [stack: 0x0000004919400000,0x0000004919500000] [id=41628]
  0x00000203985b7800 ConcurrentGCThread "G1 Conc#0" [stack: 0x0000004919500000,0x0000004919600000] [id=22728]
  0x00000203b442b000 ConcurrentGCThread "G1 Conc#1" [stack: 0x000000491b700000,0x000000491b800000] [id=44080]
  0x0000020398649000 ConcurrentGCThread "G1 Refine#0" [stack: 0x0000004919600000,0x0000004919700000] [id=53164]
  0x00000203bca57000 ConcurrentGCThread "G1 Refine#1" [stack: 0x000000491e100000,0x000000491e200000] [id=49396]
  0x00000203b26e0800 ConcurrentGCThread "G1 Young RemSet Sampling" [stack: 0x0000004919700000,0x0000004919800000] [id=48224]

Threads with active compile tasks:
C2 CompilerThread0  38883 12128   !   4       org.gradle.api.internal.attributes.DefaultImmutableAttributesFactory::doConcatIsolatable (128 bytes)
C2 CompilerThread1  38884 12186       4       org.gradle.internal.component.external.model.DefaultConfigurationMetadata::getCapabilities (28 bytes)
C2 CompilerThread2  38884 12193       4       com.esotericsoftware.kryo.io.Output::writeVarLong (1304 bytes)

VM state:at safepoint (normal execution)

VM Mutex/Monitor currently owned by a thread:  ([mutex/lock_event])
[0x00000203985617c0] Threads_lock - owner thread: 0x00000203b288c000
[0x00000203985697c0] Heap_lock - owner thread: 0x00000203b3fa6800

Heap address: 0x0000000080000000, size: 2048 MB, Compressed Oops mode: 32-bit
Narrow klass base: 0x0000000000000000, Narrow klass shift: 3
Compressed class space size: 1073741824 Address: 0x0000000100000000

Heap:
 garbage-first heap   total 227328K, used 111522K [0x0000000080000000, 0x0000000100000000)
  region size 1024K, 4 young (4096K), 4 survivors (4096K)
 Metaspace       used 94629K, capacity 96992K, committed 97356K, reserved 1134592K
  class space    used 11855K, capacity 12700K, committed 12876K, reserved 1048576K
Heap Regions: E=young(eden), S=young(survivor), O=old, HS=humongous(starts), HC=humongous(continues), CS=collection set, F=free, A=archive, TAMS=top-at-mark-start (previous, next)
|   0|0x0000000080000000, 0x0000000080100000, 0x0000000080100000|100%| O|  |TAMS 0x0000000080100000, 0x0000000080000000| Untracked 
|   1|0x0000000080100000, 0x0000000080200000, 0x0000000080200000|100%| O|  |TAMS 0x0000000080200000, 0x0000000080100000| Untracked 
|   2|0x0000000080200000, 0x0000000080300000, 0x0000000080300000|100%| O|  |TAMS 0x0000000080300000, 0x0000000080200000| Untracked 
|   3|0x0000000080300000, 0x0000000080400000, 0x0000000080400000|100%|HS|  |TAMS 0x0000000080400000, 0x0000000080300000| Complete 
|   4|0x0000000080400000, 0x0000000080500000, 0x0000000080500000|100%|HC|  |TAMS 0x0000000080500000, 0x0000000080400000| Complete 
|   5|0x0000000080500000, 0x0000000080600000, 0x0000000080600000|100%|HC|  |TAMS 0x0000000080600000, 0x0000000080500000| Complete 
|   6|0x0000000080600000, 0x0000000080700000, 0x0000000080700000|100%| O|  |TAMS 0x0000000080700000, 0x0000000080600000| Untracked 
|   7|0x0000000080700000, 0x0000000080800000, 0x0000000080800000|100%| O|  |TAMS 0x0000000080800000, 0x0000000080700000| Untracked 
|   8|0x0000000080800000, 0x0000000080900000, 0x0000000080900000|100%| O|  |TAMS 0x0000000080900000, 0x0000000080800000| Untracked 
|   9|0x0000000080900000, 0x0000000080a00000, 0x0000000080a00000|100%| O|  |TAMS 0x0000000080a00000, 0x0000000080900000| Untracked 
|  10|0x0000000080a00000, 0x0000000080b00000, 0x0000000080b00000|100%| O|  |TAMS 0x0000000080b00000, 0x0000000080a00000| Untracked 
|  11|0x0000000080b00000, 0x0000000080c00000, 0x0000000080c00000|100%| O|  |TAMS 0x0000000080c00000, 0x0000000080b00000| Untracked 
|  12|0x0000000080c00000, 0x0000000080d00000, 0x0000000080d00000|100%| O|  |TAMS 0x0000000080d00000, 0x0000000080c00000| Untracked 
|  13|0x0000000080d00000, 0x0000000080e00000, 0x0000000080e00000|100%| O|  |TAMS 0x0000000080e00000, 0x0000000080d00000| Untracked 
|  14|0x0000000080e00000, 0x0000000080f00000, 0x0000000080f00000|100%| O|  |TAMS 0x0000000080f00000, 0x0000000080e00000| Untracked 
|  15|0x0000000080f00000, 0x0000000081000000, 0x0000000081000000|100%| O|  |TAMS 0x0000000081000000, 0x0000000080f00000| Untracked 
|  16|0x0000000081000000, 0x0000000081100000, 0x0000000081100000|100%|HS|  |TAMS 0x0000000081100000, 0x0000000081000000| Complete 
|  17|0x0000000081100000, 0x0000000081200000, 0x0000000081200000|100%| O|  |TAMS 0x0000000081200000, 0x0000000081100000| Untracked 
|  18|0x0000000081200000, 0x0000000081300000, 0x0000000081300000|100%| O|  |TAMS 0x0000000081300000, 0x0000000081200000| Untracked 
|  19|0x0000000081300000, 0x0000000081400000, 0x0000000081400000|100%| O|  |TAMS 0x0000000081400000, 0x0000000081300000| Untracked 
|  20|0x0000000081400000, 0x0000000081500000, 0x0000000081500000|100%| O|  |TAMS 0x0000000081500000, 0x0000000081400000| Untracked 
|  21|0x0000000081500000, 0x0000000081600000, 0x0000000081600000|100%| O|  |TAMS 0x0000000081600000, 0x0000000081500000| Untracked 
|  22|0x0000000081600000, 0x0000000081700000, 0x0000000081700000|100%| O|  |TAMS 0x0000000081700000, 0x0000000081600000| Untracked 
|  23|0x0000000081700000, 0x0000000081800000, 0x0000000081800000|100%| O|  |TAMS 0x0000000081800000, 0x0000000081700000| Untracked 
|  24|0x0000000081800000, 0x0000000081900000, 0x0000000081900000|100%| O|  |TAMS 0x0000000081900000, 0x0000000081800000| Untracked 
|  25|0x0000000081900000, 0x0000000081a00000, 0x0000000081a00000|100%| O|  |TAMS 0x0000000081a00000, 0x0000000081900000| Untracked 
|  26|0x0000000081a00000, 0x0000000081b00000, 0x0000000081b00000|100%| O|  |TAMS 0x0000000081b00000, 0x0000000081a00000| Untracked 
|  27|0x0000000081b00000, 0x0000000081c00000, 0x0000000081c00000|100%|HS|  |TAMS 0x0000000081c00000, 0x0000000081b00000| Complete 
|  28|0x0000000081c00000, 0x0000000081d00000, 0x0000000081d00000|100%|HS|  |TAMS 0x0000000081d00000, 0x0000000081c00000| Complete 
|  29|0x0000000081d00000, 0x0000000081e00000, 0x0000000081e00000|100%|HC|  |TAMS 0x0000000081e00000, 0x0000000081d00000| Complete 
|  30|0x0000000081e00000, 0x0000000081f00000, 0x0000000081f00000|100%|HC|  |TAMS 0x0000000081f00000, 0x0000000081e00000| Complete 
|  31|0x0000000081f00000, 0x0000000082000000, 0x0000000082000000|100%|HS|  |TAMS 0x0000000082000000, 0x0000000081f00000| Complete 
|  32|0x0000000082000000, 0x0000000082100000, 0x0000000082100000|100%|HC|  |TAMS 0x0000000082100000, 0x0000000082000000| Complete 
|  33|0x0000000082100000, 0x0000000082200000, 0x0000000082200000|100%| O|  |TAMS 0x0000000082200000, 0x0000000082100000| Untracked 
|  34|0x0000000082200000, 0x0000000082300000, 0x0000000082300000|100%| O|  |TAMS 0x0000000082300000, 0x0000000082200000| Untracked 
|  35|0x0000000082300000, 0x0000000082400000, 0x0000000082400000|100%| O|  |TAMS 0x0000000082400000, 0x0000000082300000| Untracked 
|  36|0x0000000082400000, 0x0000000082500000, 0x0000000082500000|100%| O|  |TAMS 0x0000000082500000, 0x0000000082400000| Untracked 
|  37|0x0000000082500000, 0x0000000082600000, 0x0000000082600000|100%| O|  |TAMS 0x0000000082600000, 0x0000000082500000| Untracked 
|  38|0x0000000082600000, 0x0000000082700000, 0x0000000082700000|100%| O|  |TAMS 0x0000000082700000, 0x0000000082600000| Untracked 
|  39|0x0000000082700000, 0x0000000082800000, 0x0000000082800000|100%| O|  |TAMS 0x0000000082800000, 0x0000000082700000| Untracked 
|  40|0x0000000082800000, 0x0000000082900000, 0x0000000082900000|100%| O|  |TAMS 0x0000000082900000, 0x0000000082800000| Untracked 
|  41|0x0000000082900000, 0x0000000082a00000, 0x0000000082a00000|100%| O|  |TAMS 0x0000000082a00000, 0x0000000082900000| Untracked 
|  42|0x0000000082a00000, 0x0000000082b00000, 0x0000000082b00000|100%| O|  |TAMS 0x0000000082b00000, 0x0000000082a00000| Untracked 
|  43|0x0000000082b00000, 0x0000000082c00000, 0x0000000082c00000|100%| O|  |TAMS 0x0000000082c00000, 0x0000000082b00000| Untracked 
|  44|0x0000000082c00000, 0x0000000082d00000, 0x0000000082d00000|100%| O|  |TAMS 0x0000000082d00000, 0x0000000082c00000| Untracked 
|  45|0x0000000082d00000, 0x0000000082e00000, 0x0000000082e00000|100%| O|  |TAMS 0x0000000082e00000, 0x0000000082d00000| Untracked 
|  46|0x0000000082e00000, 0x0000000082f00000, 0x0000000082f00000|100%| O|  |TAMS 0x0000000082f00000, 0x0000000082e00000| Untracked 
|  47|0x0000000082f00000, 0x0000000083000000, 0x0000000083000000|100%| O|  |TAMS 0x0000000083000000, 0x0000000082f00000| Untracked 
|  48|0x0000000083000000, 0x0000000083100000, 0x0000000083100000|100%| O|  |TAMS 0x0000000083100000, 0x0000000083000000| Untracked 
|  49|0x0000000083100000, 0x0000000083200000, 0x0000000083200000|100%| O|  |TAMS 0x0000000083200000, 0x0000000083100000| Untracked 
|  50|0x0000000083200000, 0x0000000083300000, 0x0000000083300000|100%| O|  |TAMS 0x0000000083300000, 0x0000000083200000| Untracked 
|  51|0x0000000083300000, 0x0000000083400000, 0x0000000083400000|100%| O|  |TAMS 0x0000000083400000, 0x0000000083300000| Untracked 
|  52|0x0000000083400000, 0x0000000083500000, 0x0000000083500000|100%| O|  |TAMS 0x0000000083500000, 0x0000000083400000| Untracked 
|  53|0x0000000083500000, 0x0000000083600000, 0x0000000083600000|100%| O|  |TAMS 0x0000000083600000, 0x0000000083500000| Untracked 
|  54|0x0000000083600000, 0x0000000083700000, 0x0000000083700000|100%| O|  |TAMS 0x0000000083700000, 0x0000000083600000| Untracked 
|  55|0x0000000083700000, 0x0000000083800000, 0x0000000083800000|100%| O|  |TAMS 0x0000000083800000, 0x0000000083700000| Untracked 
|  56|0x0000000083800000, 0x0000000083900000, 0x0000000083900000|100%| O|  |TAMS 0x0000000083900000, 0x0000000083800000| Untracked 
|  57|0x0000000083900000, 0x0000000083a00000, 0x0000000083a00000|100%| O|  |TAMS 0x0000000083a00000, 0x0000000083900000| Untracked 
|  58|0x0000000083a00000, 0x0000000083b00000, 0x0000000083b00000|100%| O|  |TAMS 0x0000000083b00000, 0x0000000083a00000| Untracked 
|  59|0x0000000083b00000, 0x0000000083c00000, 0x0000000083c00000|100%| O|  |TAMS 0x0000000083c00000, 0x0000000083b00000| Untracked 
|  60|0x0000000083c00000, 0x0000000083d00000, 0x0000000083d00000|100%| O|  |TAMS 0x0000000083d00000, 0x0000000083c00000| Untracked 
|  61|0x0000000083d00000, 0x0000000083e00000, 0x0000000083e00000|100%| O|  |TAMS 0x0000000083e00000, 0x0000000083d00000| Untracked 
|  62|0x0000000083e00000, 0x0000000083f00000, 0x0000000083f00000|100%| O|  |TAMS 0x0000000083f00000, 0x0000000083e00000| Untracked 
|  63|0x0000000083f00000, 0x0000000084000000, 0x0000000084000000|100%| O|  |TAMS 0x0000000084000000, 0x0000000083f00000| Untracked 
|  64|0x0000000084000000, 0x0000000084100000, 0x0000000084100000|100%| O|  |TAMS 0x0000000084100000, 0x0000000084000000| Untracked 
|  65|0x0000000084100000, 0x0000000084200000, 0x0000000084200000|100%| O|  |TAMS 0x0000000084200000, 0x0000000084100000| Untracked 
|  66|0x0000000084200000, 0x0000000084300000, 0x0000000084300000|100%| O|  |TAMS 0x0000000084300000, 0x0000000084200000| Untracked 
|  67|0x0000000084300000, 0x0000000084400000, 0x0000000084400000|100%| O|  |TAMS 0x0000000084400000, 0x0000000084300000| Untracked 
|  68|0x0000000084400000, 0x0000000084500000, 0x0000000084500000|100%| O|  |TAMS 0x0000000084500000, 0x0000000084400000| Untracked 
|  69|0x0000000084500000, 0x0000000084600000, 0x0000000084600000|100%| O|  |TAMS 0x0000000084600000, 0x0000000084500000| Untracked 
|  70|0x0000000084600000, 0x0000000084700000, 0x0000000084700000|100%| O|  |TAMS 0x0000000084700000, 0x0000000084600000| Untracked 
|  71|0x0000000084700000, 0x0000000084800000, 0x0000000084800000|100%|HS|  |TAMS 0x0000000084700000, 0x0000000084700000| Complete 
|  72|0x0000000084800000, 0x0000000084900000, 0x0000000084900000|100%|HC|  |TAMS 0x0000000084800000, 0x0000000084800000| Complete 
|  73|0x0000000084900000, 0x0000000084a00000, 0x0000000084a00000|100%|HC|  |TAMS 0x0000000084900000, 0x0000000084900000| Complete 
|  74|0x0000000084a00000, 0x0000000084b00000, 0x0000000084b00000|100%| O|  |TAMS 0x0000000084a00000, 0x0000000084a00000| Untracked 
|  75|0x0000000084b00000, 0x0000000084c00000, 0x0000000084c00000|100%| O|  |TAMS 0x0000000084b00000, 0x0000000084b00000| Untracked 
|  76|0x0000000084c00000, 0x0000000084d00000, 0x0000000084d00000|100%|HS|  |TAMS 0x0000000084d00000, 0x0000000084c00000| Complete 
|  77|0x0000000084d00000, 0x0000000084e00000, 0x0000000084e00000|100%|HC|  |TAMS 0x0000000084e00000, 0x0000000084d00000| Complete 
|  78|0x0000000084e00000, 0x0000000084f00000, 0x0000000084f00000|100%|HC|  |TAMS 0x0000000084f00000, 0x0000000084e00000| Complete 
|  79|0x0000000084f00000, 0x0000000085000000, 0x0000000085000000|100%|HC|  |TAMS 0x0000000085000000, 0x0000000084f00000| Complete 
|  80|0x0000000085000000, 0x0000000085100000, 0x0000000085100000|100%| O|  |TAMS 0x0000000085000000, 0x0000000085000000| Untracked 
|  81|0x0000000085100000, 0x0000000085200000, 0x0000000085200000|100%| O|  |TAMS 0x0000000085100000, 0x0000000085100000| Untracked 
|  82|0x0000000085200000, 0x0000000085300000, 0x0000000085300000|100%| O|  |TAMS 0x0000000085300000, 0x0000000085200000| Untracked 
|  83|0x0000000085300000, 0x0000000085400000, 0x0000000085400000|100%| O|  |TAMS 0x0000000085400000, 0x0000000085300000| Untracked 
|  84|0x0000000085400000, 0x0000000085500000, 0x0000000085500000|100%| O|  |TAMS 0x0000000085500000, 0x0000000085400000| Untracked 
|  85|0x0000000085500000, 0x0000000085600000, 0x0000000085600000|100%| O|  |TAMS 0x0000000085600000, 0x0000000085500000| Untracked 
|  86|0x0000000085600000, 0x0000000085700000, 0x0000000085700000|100%| O|  |TAMS 0x0000000085700000, 0x0000000085600000| Untracked 
|  87|0x0000000085700000, 0x0000000085800000, 0x0000000085800000|100%| O|  |TAMS 0x0000000085800000, 0x0000000085700000| Untracked 
|  88|0x0000000085800000, 0x0000000085900000, 0x0000000085900000|100%| O|  |TAMS 0x0000000085900000, 0x0000000085800000| Untracked 
|  89|0x0000000085900000, 0x0000000085a00000, 0x0000000085a00000|100%| O|  |TAMS 0x0000000085a00000, 0x0000000085900000| Untracked 
|  90|0x0000000085a00000, 0x0000000085b00000, 0x0000000085b00000|100%| O|  |TAMS 0x0000000085b00000, 0x0000000085a00000| Untracked 
|  91|0x0000000085b00000, 0x0000000085c00000, 0x0000000085c00000|100%| O|  |TAMS 0x0000000085c00000, 0x0000000085b00000| Untracked 
|  92|0x0000000085c00000, 0x0000000085d00000, 0x0000000085d00000|100%| O|  |TAMS 0x0000000085d00000, 0x0000000085c00000| Untracked 
|  93|0x0000000085d00000, 0x0000000085e00000, 0x0000000085e00000|100%| O|  |TAMS 0x0000000085e00000, 0x0000000085d00000| Untracked 
|  94|0x0000000085e00000, 0x0000000085f00000, 0x0000000085f00000|100%| O|  |TAMS 0x0000000085f00000, 0x0000000085e00000| Untracked 
|  95|0x0000000085f00000, 0x0000000086000000, 0x0000000086000000|100%| O|  |TAMS 0x0000000086000000, 0x0000000085f00000| Untracked 
|  96|0x0000000086000000, 0x0000000086100000, 0x0000000086100000|100%| O|  |TAMS 0x0000000086100000, 0x0000000086000000| Untracked 
|  97|0x0000000086100000, 0x0000000086200000, 0x0000000086200000|100%| O|  |TAMS 0x0000000086200000, 0x0000000086100000| Untracked 
|  98|0x0000000086200000, 0x0000000086300000, 0x0000000086300000|100%| O|  |TAMS 0x000000008621ca00, 0x0000000086200000| Untracked 
|  99|0x0000000086300000, 0x0000000086300000, 0x0000000086400000|  0%| F|  |TAMS 0x0000000086300000, 0x0000000086300000| Untracked 
| 100|0x0000000086400000, 0x0000000086400000, 0x0000000086500000|  0%| F|  |TAMS 0x0000000086400000, 0x0000000086400000| Untracked 
| 101|0x0000000086500000, 0x0000000086500000, 0x0000000086600000|  0%| F|  |TAMS 0x0000000086500000, 0x0000000086500000| Untracked 
| 102|0x0000000086600000, 0x0000000086700000, 0x0000000086700000|100%| O|  |TAMS 0x0000000086600000, 0x0000000086600000| Untracked 
| 103|0x0000000086700000, 0x0000000086800000, 0x0000000086800000|100%| O|  |TAMS 0x0000000086700000, 0x0000000086700000| Untracked 
| 104|0x0000000086800000, 0x0000000086900000, 0x0000000086900000|100%| O|  |TAMS 0x0000000086800000, 0x0000000086800000| Untracked 
| 105|0x0000000086900000, 0x0000000086a00000, 0x0000000086a00000|100%| O|  |TAMS 0x0000000086900000, 0x0000000086900000| Untracked 
| 106|0x0000000086a00000, 0x0000000086b00000, 0x0000000086b00000|100%| O|  |TAMS 0x0000000086a00000, 0x0000000086a00000| Untracked 
| 107|0x0000000086b00000, 0x0000000086bff800, 0x0000000086c00000| 99%| O|  |TAMS 0x0000000086b00000, 0x0000000086b00000| Untracked 
| 108|0x0000000086c00000, 0x0000000086c00000, 0x0000000086d00000|  0%| F|  |TAMS 0x0000000086c00000, 0x0000000086c00000| Untracked 
| 109|0x0000000086d00000, 0x0000000086d00000, 0x0000000086e00000|  0%| F|  |TAMS 0x0000000086d00000, 0x0000000086d00000| Untracked 
| 110|0x0000000086e00000, 0x0000000086e00000, 0x0000000086f00000|  0%| F|  |TAMS 0x0000000086e00000, 0x0000000086e00000| Untracked 
| 111|0x0000000086f00000, 0x0000000086f00000, 0x0000000087000000|  0%| F|  |TAMS 0x0000000086f00000, 0x0000000086f00000| Untracked 
| 112|0x0000000087000000, 0x0000000087000000, 0x0000000087100000|  0%| F|  |TAMS 0x0000000087000000, 0x0000000087000000| Untracked 
| 113|0x0000000087100000, 0x0000000087100000, 0x0000000087200000|  0%| F|  |TAMS 0x0000000087100000, 0x0000000087100000| Untracked 
| 114|0x0000000087200000, 0x0000000087200000, 0x0000000087300000|  0%| F|  |TAMS 0x0000000087200000, 0x0000000087200000| Untracked 
| 115|0x0000000087300000, 0x0000000087300000, 0x0000000087400000|  0%| F|  |TAMS 0x0000000087300000, 0x0000000087300000| Untracked 
| 116|0x0000000087400000, 0x0000000087400000, 0x0000000087500000|  0%| F|  |TAMS 0x0000000087400000, 0x0000000087400000| Untracked 
| 117|0x0000000087500000, 0x0000000087500000, 0x0000000087600000|  0%| F|  |TAMS 0x0000000087500000, 0x0000000087500000| Untracked 
| 118|0x0000000087600000, 0x0000000087600000, 0x0000000087700000|  0%| F|  |TAMS 0x0000000087600000, 0x0000000087600000| Untracked 
| 119|0x0000000087700000, 0x0000000087700000, 0x0000000087800000|  0%| F|  |TAMS 0x0000000087700000, 0x0000000087700000| Untracked 
| 120|0x0000000087800000, 0x0000000087800000, 0x0000000087900000|  0%| F|  |TAMS 0x0000000087800000, 0x0000000087800000| Untracked 
| 121|0x0000000087900000, 0x0000000087900000, 0x0000000087a00000|  0%| F|  |TAMS 0x0000000087900000, 0x0000000087900000| Untracked 
| 122|0x0000000087a00000, 0x0000000087a00000, 0x0000000087b00000|  0%| F|  |TAMS 0x0000000087a00000, 0x0000000087a00000| Untracked 
| 123|0x0000000087b00000, 0x0000000087b00000, 0x0000000087c00000|  0%| F|  |TAMS 0x0000000087b00000, 0x0000000087b00000| Untracked 
| 124|0x0000000087c00000, 0x0000000087c00000, 0x0000000087d00000|  0%| F|  |TAMS 0x0000000087c00000, 0x0000000087c00000| Untracked 
| 125|0x0000000087d00000, 0x0000000087d00000, 0x0000000087e00000|  0%| F|  |TAMS 0x0000000087d00000, 0x0000000087d00000| Untracked 
| 126|0x0000000087e00000, 0x0000000087e00000, 0x0000000087f00000|  0%| F|  |TAMS 0x0000000087e00000, 0x0000000087e00000| Untracked 
| 127|0x0000000087f00000, 0x0000000087f00000, 0x0000000088000000|  0%| F|  |TAMS 0x0000000087f00000, 0x0000000087f00000| Untracked 
| 128|0x0000000088000000, 0x0000000088000000, 0x0000000088100000|  0%| F|  |TAMS 0x0000000088000000, 0x0000000088000000| Untracked 
| 129|0x0000000088100000, 0x0000000088100000, 0x0000000088200000|  0%| F|  |TAMS 0x0000000088100000, 0x0000000088100000| Untracked 
| 130|0x0000000088200000, 0x0000000088200000, 0x0000000088300000|  0%| F|  |TAMS 0x0000000088200000, 0x0000000088200000| Untracked 
| 131|0x0000000088300000, 0x0000000088300000, 0x0000000088400000|  0%| F|  |TAMS 0x0000000088300000, 0x0000000088300000| Untracked 
| 132|0x0000000088400000, 0x0000000088400000, 0x0000000088500000|  0%| F|  |TAMS 0x0000000088400000, 0x0000000088400000| Untracked 
| 133|0x0000000088500000, 0x0000000088500000, 0x0000000088600000|  0%| F|  |TAMS 0x0000000088500000, 0x0000000088500000| Untracked 
| 134|0x0000000088600000, 0x0000000088600000, 0x0000000088700000|  0%| F|  |TAMS 0x0000000088600000, 0x0000000088600000| Untracked 
| 135|0x0000000088700000, 0x0000000088700000, 0x0000000088800000|  0%| F|  |TAMS 0x0000000088700000, 0x0000000088700000| Untracked 
| 136|0x0000000088800000, 0x0000000088800000, 0x0000000088900000|  0%| F|  |TAMS 0x0000000088800000, 0x0000000088800000| Untracked 
| 137|0x0000000088900000, 0x0000000088900000, 0x0000000088a00000|  0%| F|  |TAMS 0x0000000088900000, 0x0000000088900000| Untracked 
| 138|0x0000000088a00000, 0x0000000088a00000, 0x0000000088b00000|  0%| F|  |TAMS 0x0000000088a00000, 0x0000000088a00000| Untracked 
| 139|0x0000000088b00000, 0x0000000088b00000, 0x0000000088c00000|  0%| F|  |TAMS 0x0000000088b00000, 0x0000000088b00000| Untracked 
| 140|0x0000000088c00000, 0x0000000088ce91c0, 0x0000000088d00000| 91%| S|CS|TAMS 0x0000000088c00000, 0x0000000088c00000| Complete 
| 141|0x0000000088d00000, 0x0000000088e00000, 0x0000000088e00000|100%| S|CS|TAMS 0x0000000088d00000, 0x0000000088d00000| Complete 
| 142|0x0000000088e00000, 0x0000000088f00000, 0x0000000088f00000|100%| S|CS|TAMS 0x0000000088e00000, 0x0000000088e00000| Complete 
| 143|0x0000000088f00000, 0x0000000089000000, 0x0000000089000000|100%| S|CS|TAMS 0x0000000088f00000, 0x0000000088f00000| Complete 
| 144|0x0000000089000000, 0x0000000089000000, 0x0000000089100000|  0%| F|  |TAMS 0x0000000089000000, 0x0000000089000000| Untracked 
| 145|0x0000000089100000, 0x0000000089100000, 0x0000000089200000|  0%| F|  |TAMS 0x0000000089100000, 0x0000000089100000| Untracked 
| 146|0x0000000089200000, 0x0000000089200000, 0x0000000089300000|  0%| F|  |TAMS 0x0000000089200000, 0x0000000089200000| Untracked 
| 147|0x0000000089300000, 0x0000000089300000, 0x0000000089400000|  0%| F|  |TAMS 0x0000000089300000, 0x0000000089300000| Untracked 
| 148|0x0000000089400000, 0x0000000089400000, 0x0000000089500000|  0%| F|  |TAMS 0x0000000089400000, 0x0000000089400000| Untracked 
| 149|0x0000000089500000, 0x0000000089500000, 0x0000000089600000|  0%| F|  |TAMS 0x0000000089500000, 0x0000000089500000| Untracked 
| 150|0x0000000089600000, 0x0000000089600000, 0x0000000089700000|  0%| F|  |TAMS 0x0000000089600000, 0x0000000089600000| Untracked 
| 151|0x0000000089700000, 0x0000000089700000, 0x0000000089800000|  0%| F|  |TAMS 0x0000000089700000, 0x0000000089700000| Untracked 
| 152|0x0000000089800000, 0x0000000089800000, 0x0000000089900000|  0%| F|  |TAMS 0x0000000089800000, 0x0000000089800000| Untracked 
| 153|0x0000000089900000, 0x0000000089900000, 0x0000000089a00000|  0%| F|  |TAMS 0x0000000089900000, 0x0000000089900000| Untracked 
| 154|0x0000000089a00000, 0x0000000089a00000, 0x0000000089b00000|  0%| F|  |TAMS 0x0000000089a00000, 0x0000000089a00000| Untracked 
| 155|0x0000000089b00000, 0x0000000089b00000, 0x0000000089c00000|  0%| F|  |TAMS 0x0000000089b00000, 0x0000000089b00000| Untracked 
| 156|0x0000000089c00000, 0x0000000089c00000, 0x0000000089d00000|  0%| F|  |TAMS 0x0000000089c00000, 0x0000000089c00000| Untracked 
| 157|0x0000000089d00000, 0x0000000089d00000, 0x0000000089e00000|  0%| F|  |TAMS 0x0000000089d00000, 0x0000000089d00000| Untracked 
| 158|0x0000000089e00000, 0x0000000089e00000, 0x0000000089f00000|  0%| F|  |TAMS 0x0000000089e00000, 0x0000000089e00000| Untracked 
| 159|0x0000000089f00000, 0x0000000089f00000, 0x000000008a000000|  0%| F|  |TAMS 0x0000000089f00000, 0x0000000089f00000| Untracked 
| 160|0x000000008a000000, 0x000000008a000000, 0x000000008a100000|  0%| F|  |TAMS 0x000000008a000000, 0x000000008a000000| Untracked 
| 161|0x000000008a100000, 0x000000008a100000, 0x000000008a200000|  0%| F|  |TAMS 0x000000008a100000, 0x000000008a100000| Untracked 
| 162|0x000000008a200000, 0x000000008a200000, 0x000000008a300000|  0%| F|  |TAMS 0x000000008a200000, 0x000000008a200000| Untracked 
| 163|0x000000008a300000, 0x000000008a300000, 0x000000008a400000|  0%| F|  |TAMS 0x000000008a300000, 0x000000008a300000| Untracked 
| 164|0x000000008a400000, 0x000000008a400000, 0x000000008a500000|  0%| F|  |TAMS 0x000000008a400000, 0x000000008a400000| Untracked 
| 165|0x000000008a500000, 0x000000008a500000, 0x000000008a600000|  0%| F|  |TAMS 0x000000008a500000, 0x000000008a500000| Untracked 
| 166|0x000000008a600000, 0x000000008a600000, 0x000000008a700000|  0%| F|  |TAMS 0x000000008a600000, 0x000000008a600000| Untracked 
| 167|0x000000008a700000, 0x000000008a700000, 0x000000008a800000|  0%| F|  |TAMS 0x000000008a700000, 0x000000008a700000| Untracked 
| 168|0x000000008a800000, 0x000000008a800000, 0x000000008a900000|  0%| F|  |TAMS 0x000000008a800000, 0x000000008a800000| Untracked 
| 169|0x000000008a900000, 0x000000008a900000, 0x000000008aa00000|  0%| F|  |TAMS 0x000000008a900000, 0x000000008a900000| Untracked 
| 170|0x000000008aa00000, 0x000000008aa00000, 0x000000008ab00000|  0%| F|  |TAMS 0x000000008aa00000, 0x000000008aa00000| Untracked 
| 171|0x000000008ab00000, 0x000000008ab00000, 0x000000008ac00000|  0%| F|  |TAMS 0x000000008ab00000, 0x000000008ab00000| Untracked 
| 172|0x000000008ac00000, 0x000000008ac00000, 0x000000008ad00000|  0%| F|  |TAMS 0x000000008ac00000, 0x000000008ac00000| Untracked 
| 173|0x000000008ad00000, 0x000000008ad00000, 0x000000008ae00000|  0%| F|  |TAMS 0x000000008ad00000, 0x000000008ad00000| Untracked 
| 174|0x000000008ae00000, 0x000000008ae00000, 0x000000008af00000|  0%| F|  |TAMS 0x000000008ae00000, 0x000000008ae00000| Untracked 
| 175|0x000000008af00000, 0x000000008af00000, 0x000000008b000000|  0%| F|  |TAMS 0x000000008af00000, 0x000000008af00000| Untracked 
| 176|0x000000008b000000, 0x000000008b000000, 0x000000008b100000|  0%| F|  |TAMS 0x000000008b000000, 0x000000008b000000| Untracked 
| 177|0x000000008b100000, 0x000000008b100000, 0x000000008b200000|  0%| F|  |TAMS 0x000000008b100000, 0x000000008b100000| Untracked 
| 178|0x000000008b200000, 0x000000008b200000, 0x000000008b300000|  0%| F|  |TAMS 0x000000008b200000, 0x000000008b200000| Untracked 
| 179|0x000000008b300000, 0x000000008b300000, 0x000000008b400000|  0%| F|  |TAMS 0x000000008b300000, 0x000000008b300000| Untracked 
| 180|0x000000008b400000, 0x000000008b400000, 0x000000008b500000|  0%| F|  |TAMS 0x000000008b400000, 0x000000008b400000| Untracked 
| 181|0x000000008b500000, 0x000000008b500000, 0x000000008b600000|  0%| F|  |TAMS 0x000000008b500000, 0x000000008b500000| Untracked 
| 182|0x000000008b600000, 0x000000008b600000, 0x000000008b700000|  0%| F|  |TAMS 0x000000008b600000, 0x000000008b600000| Untracked 
| 183|0x000000008b700000, 0x000000008b700000, 0x000000008b800000|  0%| F|  |TAMS 0x000000008b700000, 0x000000008b700000| Untracked 
| 184|0x000000008b800000, 0x000000008b800000, 0x000000008b900000|  0%| F|  |TAMS 0x000000008b800000, 0x000000008b800000| Untracked 

Card table byte_map: [0x00000203ab630000,0x00000203aba30000] _byte_map_base: 0x00000203ab230000

Marking Bits (Prev, Next): (CMBitMap*) 0x00000203985ad890, (CMBitMap*) 0x00000203985ad858
 Prev Bits: [0x00000203ade30000, 0x00000203afe30000)
 Next Bits: [0x00000203abe30000, 0x00000203ade30000)

Polling page: 0x00000203964c0000

Metaspace:

Usage:
  Non-class:     82.32 MB capacity,    80.83 MB ( 98%) used,     1.22 MB (  1%) free+waste,   264.25 KB ( <1%) overhead. 
      Class:     12.40 MB capacity,    11.58 MB ( 93%) used,   728.95 KB (  6%) free+waste,   115.88 KB ( <1%) overhead. 
       Both:     94.72 MB capacity,    92.41 MB ( 98%) used,     1.94 MB (  2%) free+waste,   380.13 KB ( <1%) overhead. 

Virtual space:
  Non-class space:       84.00 MB reserved,      82.50 MB ( 98%) committed 
      Class space:        1.00 GB reserved,      12.57 MB (  1%) committed 
             Both:        1.08 GB reserved,      95.07 MB (  9%) committed 

Chunk freelists:
   Non-Class:  188.00 KB
       Class:  132.00 KB
        Both:  320.00 KB

MaxMetaspaceSize: 17179869184.00 GB
CompressedClassSpaceSize: 1.00 GB

CodeHeap 'non-profiled nmethods': size=120000Kb used=6884Kb max_used=6884Kb free=113115Kb
 bounds [0x00000203a39c0000, 0x00000203a4080000, 0x00000203aaef0000]
CodeHeap 'profiled nmethods': size=120000Kb used=24959Kb max_used=24959Kb free=95040Kb
 bounds [0x000002039c490000, 0x000002039dd00000, 0x00000203a39c0000]
CodeHeap 'non-nmethods': size=5760Kb used=2284Kb max_used=2352Kb free=3475Kb
 bounds [0x000002039bef0000, 0x000002039c160000, 0x000002039c490000]
 total_blobs=12463 nmethods=11575 adapters=799
 compilation: enabled
              stopped_count=0, restarted_count=0
 full_count=0

Compilation events (20 events):
Event: 38.758 Thread 0x00000203b8279800 nmethod 12221 0x00000203a4078f10 code [0x00000203a40790a0, 0x00000203a40790f8]
Event: 38.758 Thread 0x00000203b8279800 12193       4       com.esotericsoftware.kryo.io.Output::writeVarLong (1304 bytes)
Event: 38.758 Thread 0x00000203b827b000 nmethod 12233 0x00000203a4079190 code [0x00000203a4079340, 0x00000203a40793e8]
Event: 38.758 Thread 0x00000203b827b000 12187       4       org.gradle.internal.serialize.kryo.StringDeduplicatingKryoBackedEncoder::writeByte (9 bytes)
Event: 38.759 Thread 0x00000203b28b6000 12269       3       java.lang.reflect.Constructor::getGenericParameterTypes (5 bytes)
Event: 38.760 Thread 0x00000203b827b000 nmethod 12187 0x00000203a4079490 code [0x00000203a4079640, 0x00000203a4079768]
Event: 38.760 Thread 0x00000203b827b000 12268       4       org.gradle.api.internal.collections.AbstractIterationOrderRetainingElementSource$RealizedElementCollectionIterator::hasNext (13 bytes)
Event: 38.761 Thread 0x00000203b28b6000 nmethod 12269 0x000002039dcf5d90 code [0x000002039dcf6040, 0x000002039dcf6fd8]
Event: 38.761 Thread 0x00000203b827b000 nmethod 12268 0x00000203a4079890 code [0x00000203a4079a20, 0x00000203a4079a98]
Event: 38.761 Thread 0x00000203b827b000 12185       4       org.gradle.internal.serialize.kryo.StringDeduplicatingKryoBackedEncoder::writeSmallInt (11 bytes)
Event: 38.761 Thread 0x00000203b28b6000 12270       3       org.gradle.model.internal.type.ClassTypeWrapper::<init> (31 bytes)
Event: 38.762 Thread 0x00000203b827b000 nmethod 12185 0x00000203a4079b10 code [0x00000203a4079cc0, 0x00000203a4079d68]
Event: 38.762 Thread 0x00000203b827b000 12232       4       java.util.concurrent.ThreadPoolExecutor::beforeExecute (1 bytes)
Event: 38.762 Thread 0x00000203b827b000 nmethod 12232 0x00000203a4079e90 code [0x00000203a407a020, 0x00000203a407a078]
Event: 38.762 Thread 0x00000203b827b000 12186       4       org.gradle.internal.component.external.model.DefaultConfigurationMetadata::getCapabilities (28 bytes)
Event: 38.762 Thread 0x00000203b28b6000 nmethod 12270 0x000002039dcf7490 code [0x000002039dcf76e0, 0x000002039dcf7f48]
Event: 38.762 Thread 0x00000203b28b6000 12271       3       org.gradle.model.internal.type.ClassTypeWrapper::effectiveClassOf (28 bytes)
Event: 38.763 Thread 0x00000203b28b6000 nmethod 12271 0x000002039dcf8290 code [0x000002039dcf8480, 0x000002039dcf8838]
Event: 38.763 Thread 0x00000203b28b6000 12272       3       com.google.common.collect.Platform::newHashMapWithExpectedSize (5 bytes)
Event: 38.763 Thread 0x00000203b28b6000 nmethod 12272 0x000002039dcf8990 code [0x000002039dcf8b80, 0x000002039dcf8df8]

GC Heap History (20 events):
Event: 7.918 GC heap after
{Heap after GC invocations=11 (full 0):
 garbage-first heap   total 157696K, used 45955K [0x0000000080000000, 0x0000000100000000)
  region size 1024K, 9 young (9216K), 9 survivors (9216K)
 Metaspace       used 48802K, capacity 50145K, committed 50380K, reserved 1093632K
  class space    used 6243K, capacity 6749K, committed 6860K, reserved 1048576K
}
Event: 8.903 GC heap before
{Heap before GC invocations=11 (full 0):
 garbage-first heap   total 157696K, used 110467K [0x0000000080000000, 0x0000000100000000)
  region size 1024K, 73 young (74752K), 9 survivors (9216K)
 Metaspace       used 58730K, capacity 60216K, committed 60236K, reserved 1101824K
  class space    used 7440K, capacity 7992K, committed 8012K, reserved 1048576K
}
Event: 8.921 GC heap after
{Heap after GC invocations=12 (full 0):
 garbage-first heap   total 157696K, used 50119K [0x0000000080000000, 0x0000000100000000)
  region size 1024K, 4 young (4096K), 4 survivors (4096K)
 Metaspace       used 58730K, capacity 60216K, committed 60236K, reserved 1101824K
  class space    used 7440K, capacity 7992K, committed 8012K, reserved 1048576K
}
Event: 9.785 GC heap before
{Heap before GC invocations=13 (full 0):
 garbage-first heap   total 157696K, used 116679K [0x0000000080000000, 0x0000000100000000)
  region size 1024K, 69 young (70656K), 4 survivors (4096K)
 Metaspace       used 64482K, capacity 66048K, committed 66124K, reserved 1105920K
  class space    used 8152K, capacity 8746K, committed 8780K, reserved 1048576K
}
Event: 9.793 GC heap after
{Heap after GC invocations=14 (full 0):
 garbage-first heap   total 157696K, used 54075K [0x0000000080000000, 0x0000000100000000)
  region size 1024K, 8 young (8192K), 8 survivors (8192K)
 Metaspace       used 64482K, capacity 66048K, committed 66124K, reserved 1105920K
  class space    used 8152K, capacity 8746K, committed 8780K, reserved 1048576K
}
Event: 10.595 GC heap before
{Heap before GC invocations=15 (full 0):
 garbage-first heap   total 157696K, used 119611K [0x0000000080000000, 0x0000000100000000)
  region size 1024K, 72 young (73728K), 8 survivors (8192K)
 Metaspace       used 69079K, capacity 70823K, committed 71116K, reserved 1110016K
  class space    used 8904K, capacity 9569K, committed 9676K, reserved 1048576K
}
Event: 10.609 GC heap after
{Heap after GC invocations=16 (full 0):
 garbage-first heap   total 157696K, used 59328K [0x0000000080000000, 0x0000000100000000)
  region size 1024K, 6 young (6144K), 6 survivors (6144K)
 Metaspace       used 69079K, capacity 70823K, committed 71116K, reserved 1110016K
  class space    used 8904K, capacity 9569K, committed 9676K, reserved 1048576K
}
Event: 11.593 GC heap before
{Heap before GC invocations=16 (full 0):
 garbage-first heap   total 157696K, used 122816K [0x0000000080000000, 0x0000000100000000)
  region size 1024K, 68 young (69632K), 6 survivors (6144K)
 Metaspace       used 75922K, capacity 77617K, committed 77900K, reserved 1116160K
  class space    used 9866K, capacity 10535K, committed 10572K, reserved 1048576K
}
Event: 11.602 GC heap after
{Heap after GC invocations=17 (full 0):
 garbage-first heap   total 157696K, used 63045K [0x0000000080000000, 0x0000000100000000)
  region size 1024K, 4 young (4096K), 4 survivors (4096K)
 Metaspace       used 75922K, capacity 77617K, committed 77900K, reserved 1116160K
  class space    used 9866K, capacity 10535K, committed 10572K, reserved 1048576K
}
Event: 12.555 GC heap before
{Heap before GC invocations=17 (full 0):
 garbage-first heap   total 157696K, used 125509K [0x0000000080000000, 0x0000000100000000)
  region size 1024K, 65 young (66560K), 4 survivors (4096K)
 Metaspace       used 81659K, capacity 83613K, committed 83916K, reserved 1122304K
  class space    used 10616K, capacity 11346K, committed 11468K, reserved 1048576K
}
Event: 12.568 GC heap after
{Heap after GC invocations=18 (full 0):
 garbage-first heap   total 189440K, used 67083K [0x0000000080000000, 0x0000000100000000)
  region size 1024K, 8 young (8192K), 8 survivors (8192K)
 Metaspace       used 81659K, capacity 83613K, committed 83916K, reserved 1122304K
  class space    used 10616K, capacity 11346K, committed 11468K, reserved 1048576K
}
Event: 13.346 GC heap before
{Heap before GC invocations=18 (full 0):
 garbage-first heap   total 189440K, used 142859K [0x0000000080000000, 0x0000000100000000)
  region size 1024K, 83 young (84992K), 8 survivors (8192K)
 Metaspace       used 82790K, capacity 84921K, committed 85068K, reserved 1122304K
  class space    used 10736K, capacity 11570K, committed 11596K, reserved 1048576K
}
Event: 13.359 GC heap after
{Heap after GC invocations=19 (full 0):
 garbage-first heap   total 189440K, used 72433K [0x0000000080000000, 0x0000000100000000)
  region size 1024K, 10 young (10240K), 10 survivors (10240K)
 Metaspace       used 82790K, capacity 84921K, committed 85068K, reserved 1122304K
  class space    used 10736K, capacity 11570K, committed 11596K, reserved 1048576K
}
Event: 14.047 GC heap before
{Heap before GC invocations=19 (full 0):
 garbage-first heap   total 189440K, used 147185K [0x0000000080000000, 0x0000000100000000)
  region size 1024K, 84 young (86016K), 10 survivors (10240K)
 Metaspace       used 85288K, capacity 87576K, committed 87756K, reserved 1124352K
  class space    used 11043K, capacity 11907K, committed 11980K, reserved 1048576K
}
Event: 14.062 GC heap after
{Heap after GC invocations=20 (full 0):
 garbage-first heap   total 189440K, used 75782K [0x0000000080000000, 0x0000000100000000)
  region size 1024K, 9 young (9216K), 9 survivors (9216K)
 Metaspace       used 85288K, capacity 87576K, committed 87756K, reserved 1124352K
  class space    used 11043K, capacity 11907K, committed 11980K, reserved 1048576K
}
Event: 23.176 GC heap before
{Heap before GC invocations=20 (full 0):
 garbage-first heap   total 189440K, used 150534K [0x0000000080000000, 0x0000000100000000)
  region size 1024K, 83 young (84992K), 9 survivors (9216K)
 Metaspace       used 91417K, capacity 93845K, committed 94028K, reserved 1130496K
  class space    used 11635K, capacity 12519K, committed 12620K, reserved 1048576K
}
Event: 23.192 GC heap after
{Heap after GC invocations=21 (full 0):
 garbage-first heap   total 189440K, used 81169K [0x0000000080000000, 0x0000000100000000)
  region size 1024K, 9 young (9216K), 9 survivors (9216K)
 Metaspace       used 91417K, capacity 93845K, committed 94028K, reserved 1130496K
  class space    used 11635K, capacity 12519K, committed 12620K, reserved 1048576K
}
Event: 24.096 GC heap before
{Heap before GC invocations=21 (full 0):
 garbage-first heap   total 189440K, used 146705K [0x0000000080000000, 0x0000000100000000)
  region size 1024K, 64 young (65536K), 9 survivors (9216K)
 Metaspace       used 92988K, capacity 95379K, committed 95692K, reserved 1132544K
  class space    used 11764K, capacity 12635K, committed 12748K, reserved 1048576K
}
Event: 24.159 GC heap after
{Heap after GC invocations=22 (full 0):
 garbage-first heap   total 189440K, used 103538K [0x0000000080000000, 0x0000000100000000)
  region size 1024K, 10 young (10240K), 10 survivors (10240K)
 Metaspace       used 92988K, capacity 95379K, committed 95692K, reserved 1132544K
  class space    used 11764K, capacity 12635K, committed 12748K, reserved 1048576K
}
Event: 38.765 GC heap before
{Heap before GC invocations=23 (full 0):
 garbage-first heap   total 189440K, used 150642K [0x0000000080000000, 0x0000000100000000)
  region size 1024K, 51 young (52224K), 10 survivors (10240K)
 Metaspace       used 94629K, capacity 96992K, committed 97356K, reserved 1134592K
  class space    used 11855K, capacity 12700K, committed 12876K, reserved 1048576K
}

Deoptimization events (20 events):
Event: 26.248 Thread 0x00000203b3fa6800 Uncommon trap: trap_request=0xffffffde fr.pc=0x00000203a3f95c48 relative=0x0000000000000cc8
Event: 26.248 Thread 0x00000203b3fa6800 Uncommon trap: reason=class_check action=maybe_recompile pc=0x00000203a3f95c48 method=java.util.HashMap.removeNode(ILjava/lang/Object;Ljava/lang/Object;ZZ)Ljava/util/HashMap$Node; @ 143 c2
Event: 26.248 Thread 0x00000203b3fa6800 DEOPT PACKING pc=0x00000203a3f95c48 sp=0x000000491abfbe50
Event: 26.248 Thread 0x00000203b3fa6800 DEOPT UNPACKING pc=0x000002039bf174af sp=0x000000491abfbde8 mode 2
Event: 26.273 Thread 0x00000203b3fa6800 Uncommon trap: trap_request=0xffffffc6 fr.pc=0x00000203a3a10684 relative=0x0000000000002824
Event: 26.273 Thread 0x00000203b3fa6800 Uncommon trap: reason=bimorphic_or_optimized_type_check action=maybe_recompile pc=0x00000203a3a10684 method=java.util.HashMap.putVal(ILjava/lang/Object;Ljava/lang/Object;ZZ)Ljava/lang/Object; @ 203 c2
Event: 26.273 Thread 0x00000203b3fa6800 DEOPT PACKING pc=0x00000203a3a10684 sp=0x000000491abfda30
Event: 26.273 Thread 0x00000203b3fa6800 DEOPT UNPACKING pc=0x000002039bf174af sp=0x000000491abfd8f8 mode 2
Event: 26.286 Thread 0x00000203b3fa6800 Uncommon trap: trap_request=0xffffffde fr.pc=0x00000203a3f95c48 relative=0x0000000000000cc8
Event: 26.286 Thread 0x00000203b3fa6800 Uncommon trap: reason=class_check action=maybe_recompile pc=0x00000203a3f95c48 method=java.util.HashMap.removeNode(ILjava/lang/Object;Ljava/lang/Object;ZZ)Ljava/util/HashMap$Node; @ 143 c2
Event: 26.286 Thread 0x00000203b3fa6800 DEOPT PACKING pc=0x00000203a3f95c48 sp=0x000000491abfcf40
Event: 26.286 Thread 0x00000203b3fa6800 DEOPT UNPACKING pc=0x000002039bf174af sp=0x000000491abfced8 mode 2
Event: 33.158 Thread 0x00000203b35cd800 Uncommon trap: trap_request=0xffffff4d fr.pc=0x00000203a3d78b18 relative=0x0000000000000638
Event: 33.158 Thread 0x00000203b35cd800 Uncommon trap: reason=unstable_if action=reinterpret pc=0x00000203a3d78b18 method=java.lang.AbstractStringBuilder.append(Ljava/lang/String;)Ljava/lang/AbstractStringBuilder; @ 1 c2
Event: 33.158 Thread 0x00000203b35cd800 DEOPT PACKING pc=0x00000203a3d78b18 sp=0x000000491a4fe2f0
Event: 33.158 Thread 0x00000203b35cd800 DEOPT UNPACKING pc=0x000002039bf174af sp=0x000000491a4fe270 mode 2
Event: 33.159 Thread 0x00000203b35cd800 Uncommon trap: trap_request=0xffffff4d fr.pc=0x00000203a3d71d80 relative=0x0000000000000620
Event: 33.159 Thread 0x00000203b35cd800 Uncommon trap: reason=unstable_if action=reinterpret pc=0x00000203a3d71d80 method=java.lang.AbstractStringBuilder.append(Ljava/lang/String;)Ljava/lang/AbstractStringBuilder; @ 1 c2
Event: 33.159 Thread 0x00000203b35cd800 DEOPT PACKING pc=0x00000203a3d71d80 sp=0x000000491a4fe290
Event: 33.159 Thread 0x00000203b35cd800 DEOPT UNPACKING pc=0x000002039bf174af sp=0x000000491a4fe278 mode 2

Classes redefined (0 events):
No events

Internal exceptions (20 events):
Event: 16.767 Thread 0x00000203b3490800 Exception <a 'java/lang/NoSuchMethodError'{0x00000000887347a0}: <clinit>> (0x00000000887347a0) thrown at [./src/hotspot/share/prims/jni.cpp, line 1362]
Event: 16.773 Thread 0x00000203b3490800 Exception <a 'java/lang/NoSuchMethodError'{0x00000000887430f0}: <clinit>> (0x00000000887430f0) thrown at [./src/hotspot/share/prims/jni.cpp, line 1362]
Event: 23.231 Thread 0x00000203b3fa6800 Implicit null exception at 0x00000203a3fdfeb4 to 0x00000203a3fe07c4
Event: 23.231 Thread 0x00000203b3fa6800 Implicit null exception at 0x00000203a3fd9052 to 0x00000203a3fd9458
Event: 23.244 Thread 0x00000203b3fa6800 Exception <a 'sun/nio/fs/WindowsException'{0x000000008b6ceac8}> (0x000000008b6ceac8) thrown at [./src/hotspot/share/prims/jni.cpp, line 615]
Event: 23.341 Thread 0x00000203b3fa6800 Exception <a 'sun/nio/fs/WindowsException'{0x000000008b1d8300}> (0x000000008b1d8300) thrown at [./src/hotspot/share/prims/jni.cpp, line 615]
Event: 23.760 Thread 0x00000203b3fa4000 Implicit null exception at 0x00000203a3cc2004 to 0x00000203a3cc21fc
Event: 24.226 Thread 0x00000203b3fa4000 Exception <a 'java/lang/NoSuchMethodError'{0x000000008b8fe130}: <clinit>> (0x000000008b8fe130) thrown at [./src/hotspot/share/prims/jni.cpp, line 1362]
Event: 24.594 Thread 0x00000203b3fa4000 Exception <a 'sun/nio/fs/WindowsException'{0x000000008a6bf280}> (0x000000008a6bf280) thrown at [./src/hotspot/share/prims/jni.cpp, line 615]
Event: 24.594 Thread 0x00000203b3fa4000 Exception <a 'sun/nio/fs/WindowsException'{0x000000008a6c0148}> (0x000000008a6c0148) thrown at [./src/hotspot/share/prims/jni.cpp, line 615]
Event: 24.595 Thread 0x00000203b3fa4000 Exception <a 'sun/nio/fs/WindowsException'{0x000000008a6c0550}> (0x000000008a6c0550) thrown at [./src/hotspot/share/prims/jni.cpp, line 615]
Event: 24.595 Thread 0x00000203b3fa4000 Exception <a 'sun/nio/fs/WindowsException'{0x000000008a6c13f8}> (0x000000008a6c13f8) thrown at [./src/hotspot/share/prims/jni.cpp, line 615]
Event: 24.596 Thread 0x00000203b3fa4000 Exception <a 'sun/nio/fs/WindowsException'{0x000000008a6c1758}> (0x000000008a6c1758) thrown at [./src/hotspot/share/prims/jni.cpp, line 615]
Event: 24.596 Thread 0x00000203b3fa4000 Exception <a 'sun/nio/fs/WindowsException'{0x000000008a6c2618}> (0x000000008a6c2618) thrown at [./src/hotspot/share/prims/jni.cpp, line 615]
Event: 24.596 Thread 0x00000203b3fa4000 Exception <a 'sun/nio/fs/WindowsException'{0x000000008a6c2918}> (0x000000008a6c2918) thrown at [./src/hotspot/share/prims/jni.cpp, line 615]
Event: 24.596 Thread 0x00000203b3fa4000 Exception <a 'sun/nio/fs/WindowsException'{0x000000008a6c37a8}> (0x000000008a6c37a8) thrown at [./src/hotspot/share/prims/jni.cpp, line 615]
Event: 26.139 Thread 0x00000203b57b1000 Exception <a 'java/io/IOException'{0x000000008a5d94e8}> (0x000000008a5d94e8) thrown at [./src/hotspot/share/prims/jni.cpp, line 615]
Event: 26.171 Thread 0x00000203b57ad800 Exception <a 'sun/nio/fs/WindowsException'{0x000000008a3daa30}> (0x000000008a3daa30) thrown at [./src/hotspot/share/prims/jni.cpp, line 615]
Event: 33.158 Thread 0x00000203b35cd800 Implicit null exception at 0x00000203a3d78514 to 0x00000203a3d78b00
Event: 33.159 Thread 0x00000203b35cd800 Implicit null exception at 0x00000203a3d71794 to 0x00000203a3d71d68

Events (20 events):
Event: 38.515 Executing VM operation: RevokeBias
Event: 38.515 Executing VM operation: RevokeBias done
Event: 38.522 Thread 0x00000203b827b000 Thread added: 0x00000203b827b000
Event: 38.522 Thread 0x00000203b8279800 Thread added: 0x00000203b8279800
Event: 38.528 Thread 0x00000203b827a000 Thread added: 0x00000203b827a000
Event: 38.533 Thread 0x00000203b827d800 Thread added: 0x00000203b827d800
Event: 38.538 Thread 0x00000203b827f000 Thread added: 0x00000203b827f000
Event: 38.549 Thread 0x00000203b892c000 Thread added: 0x00000203b892c000
Event: 38.571 Thread 0x00000203b892f800 Thread added: 0x00000203b892f800
Event: 38.693 Thread 0x00000203b892d000 Thread added: 0x00000203b892d000
Event: 38.693 Thread 0x00000203b8931000 Thread added: 0x00000203b8931000
Event: 38.694 Thread 0x00000203b8933800 Thread added: 0x00000203b8933800
Event: 38.694 Thread 0x00000203b8936800 Thread added: 0x00000203b8936800
Event: 38.694 Thread 0x00000203b8937800 Thread added: 0x00000203b8937800
Event: 38.694 Executing VM operation: RevokeBias
Event: 38.695 Executing VM operation: RevokeBias done
Event: 38.695 Thread 0x00000203b893a000 Thread added: 0x00000203b893a000
Event: 38.695 Thread 0x00000203b8938800 Thread added: 0x00000203b8938800
Event: 38.696 Thread 0x00000203b8939000 Thread added: 0x00000203b8939000
Event: 38.764 Executing VM operation: G1CollectForAllocation


Dynamic libraries:
0x00007ff6bd2f0000 - 0x00007ff6bd2fa000 	C:\Users\Dark Knight\Desktop\Android Studio\jre\bin\java.exe
0x00007ffee3570000 - 0x00007ffee3765000 	C:\WINDOWS\SYSTEM32\ntdll.dll
0x00007ffee15f0000 - 0x00007ffee16ad000 	C:\WINDOWS\System32\KERNEL32.DLL
0x00007ffee12d0000 - 0x00007ffee1599000 	C:\WINDOWS\System32\KERNELBASE.dll
0x00007ffee0cd0000 - 0x00007ffee0dd0000 	C:\WINDOWS\System32\ucrtbase.dll
0x00007ffed9230000 - 0x00007ffed9249000 	C:\Users\Dark Knight\Desktop\Android Studio\jre\bin\jli.dll
0x00007ffed7f70000 - 0x00007ffed7f87000 	C:\Users\Dark Knight\Desktop\Android Studio\jre\bin\VCRUNTIME140.dll
0x00007ffee1f30000 - 0x00007ffee20d0000 	C:\WINDOWS\System32\USER32.dll
0x00007ffee0ca0000 - 0x00007ffee0cc2000 	C:\WINDOWS\System32\win32u.dll
0x00007ffee20d0000 - 0x00007ffee20fa000 	C:\WINDOWS\System32\GDI32.dll
0x00007ffecb000000 - 0x00007ffecb29a000 	C:\WINDOWS\WinSxS\amd64_microsoft.windows.common-controls_6595b64144ccf1df_6.0.19041.1110_none_60b5254171f9507e\COMCTL32.dll
0x00007ffee11c0000 - 0x00007ffee12cb000 	C:\WINDOWS\System32\gdi32full.dll
0x00007ffee0dd0000 - 0x00007ffee0e6d000 	C:\WINDOWS\System32\msvcp_win.dll
0x00007ffee32b0000 - 0x00007ffee334e000 	C:\WINDOWS\System32\msvcrt.dll
0x00007ffee23d0000 - 0x00007ffee2400000 	C:\WINDOWS\System32\IMM32.DLL
0x00007ffed0660000 - 0x00007ffed06fd000 	C:\Users\Dark Knight\Desktop\Android Studio\jre\bin\msvcp140.dll
0x00007ffe81d00000 - 0x00007ffe827bc000 	C:\Users\Dark Knight\Desktop\Android Studio\jre\bin\server\jvm.dll
0x00007ffee1780000 - 0x00007ffee182c000 	C:\WINDOWS\System32\ADVAPI32.dll
0x00007ffee1830000 - 0x00007ffee18cb000 	C:\WINDOWS\System32\sechost.dll
0x00007ffee3350000 - 0x00007ffee347a000 	C:\WINDOWS\System32\RPCRT4.dll
0x00007ffee2d90000 - 0x00007ffee2d98000 	C:\WINDOWS\System32\PSAPI.DLL
0x00007ffebdcc0000 - 0x00007ffebdcc9000 	C:\WINDOWS\SYSTEM32\WSOCK32.dll
0x00007ffecb2b0000 - 0x00007ffecb2d7000 	C:\WINDOWS\SYSTEM32\WINMM.dll
0x00007ffed7fc0000 - 0x00007ffed7fca000 	C:\WINDOWS\SYSTEM32\VERSION.dll
0x00007ffee2360000 - 0x00007ffee23cb000 	C:\WINDOWS\System32\WS2_32.dll
0x00007ffedf530000 - 0x00007ffedf542000 	C:\WINDOWS\SYSTEM32\kernel.appcore.dll
0x00007ffed0ea0000 - 0x00007ffed0eb1000 	C:\Users\Dark Knight\Desktop\Android Studio\jre\bin\verify.dll
0x00007ffedeab0000 - 0x00007ffedec94000 	C:\WINDOWS\SYSTEM32\DBGHELP.DLL
0x00007ffec9830000 - 0x00007ffec985c000 	C:\WINDOWS\SYSTEM32\dbgcore.DLL
0x00007ffee0f70000 - 0x00007ffee0ff3000 	C:\WINDOWS\System32\bcryptPrimitives.dll
0x00007ffea4b70000 - 0x00007ffea4b99000 	C:\Users\Dark Knight\Desktop\Android Studio\jre\bin\java.dll
0x00007ffed7d80000 - 0x00007ffed7d8b000 	C:\Users\Dark Knight\Desktop\Android Studio\jre\bin\jimage.dll
0x00007ffed0dc0000 - 0x00007ffed0dd8000 	C:\Users\Dark Knight\Desktop\Android Studio\jre\bin\zip.dll
0x00007ffee25f0000 - 0x00007ffee2d2f000 	C:\WINDOWS\System32\SHELL32.dll
0x00007ffeded90000 - 0x00007ffedf520000 	C:\WINDOWS\SYSTEM32\windows.storage.dll
0x00007ffee2da0000 - 0x00007ffee30f5000 	C:\WINDOWS\System32\combase.dll
0x00007ffee0700000 - 0x00007ffee072c000 	C:\WINDOWS\SYSTEM32\Wldp.dll
0x00007ffee1e80000 - 0x00007ffee1f2e000 	C:\WINDOWS\System32\SHCORE.dll
0x00007ffee2400000 - 0x00007ffee2455000 	C:\WINDOWS\System32\shlwapi.dll
0x00007ffee0be0000 - 0x00007ffee0bff000 	C:\WINDOWS\SYSTEM32\profapi.dll
0x00007ffeb35f0000 - 0x00007ffeb360a000 	C:\Users\Dark Knight\Desktop\Android Studio\jre\bin\net.dll
0x00007ffed5b40000 - 0x00007ffed5c48000 	C:\WINDOWS\SYSTEM32\WINHTTP.dll
0x00007ffee0460000 - 0x00007ffee04ca000 	C:\WINDOWS\system32\mswsock.dll
0x00007ffeb2bd0000 - 0x00007ffeb2be4000 	C:\Users\Dark Knight\Desktop\Android Studio\jre\bin\nio.dll
0x00007ffed8bc0000 - 0x00007ffed8be7000 	C:\Users\Dark Knight\.gradle\native\8bec1ad78214c89d9ad589b4d07fe93259594b29d510b10fafb7a158f7737e5d\windows-amd64\native-platform.dll
0x00007ffed0af0000 - 0x00007ffed0c2d000 	C:\Users\Dark Knight\.gradle\native\53dbd7edfb1c66fb8903c78663c9afc45aea4f116125fa6feffd364cf09443e8\windows-amd64\native-platform-file-events.dll
0x00007ffed7880000 - 0x00007ffed788a000 	C:\Users\Dark Knight\Desktop\Android Studio\jre\bin\management.dll
0x00007ffeca360000 - 0x00007ffeca36c000 	C:\Users\Dark Knight\Desktop\Android Studio\jre\bin\management_ext.dll
0x00007ffee0650000 - 0x00007ffee0668000 	C:\WINDOWS\SYSTEM32\CRYPTSP.dll
0x00007ffedfd70000 - 0x00007ffedfda4000 	C:\WINDOWS\system32\rsaenh.dll
0x00007ffee15a0000 - 0x00007ffee15c7000 	C:\WINDOWS\System32\bcrypt.dll
0x00007ffee0ba0000 - 0x00007ffee0bce000 	C:\WINDOWS\SYSTEM32\USERENV.dll
0x00007ffee0670000 - 0x00007ffee067c000 	C:\WINDOWS\SYSTEM32\CRYPTBASE.dll
0x00007ffee0100000 - 0x00007ffee013b000 	C:\WINDOWS\SYSTEM32\IPHLPAPI.DLL
0x00007ffee18d0000 - 0x00007ffee18d8000 	C:\WINDOWS\System32\NSI.dll
0x00007ffecfdf0000 - 0x00007ffecfe07000 	C:\WINDOWS\SYSTEM32\dhcpcsvc6.DLL
0x00007ffed0340000 - 0x00007ffed035d000 	C:\WINDOWS\SYSTEM32\dhcpcsvc.DLL
0x00007ffee0140000 - 0x00007ffee020c000 	C:\WINDOWS\SYSTEM32\DNSAPI.dll

dbghelp: loaded successfully - version: 4.0.5 - missing functions: none
symbol engine: initialized successfully - sym options: 0x614 - pdb path: .;C:\Users\Dark Knight\Desktop\Android Studio\jre\bin;C:\WINDOWS\SYSTEM32;C:\WINDOWS\WinSxS\amd64_microsoft.windows.common-controls_6595b64144ccf1df_6.0.19041.1110_none_60b5254171f9507e;C:\Users\Dark Knight\Desktop\Android Studio\jre\bin\server;C:\Users\Dark Knight\.gradle\native\8bec1ad78214c89d9ad589b4d07fe93259594b29d510b10fafb7a158f7737e5d\windows-amd64;C:\Users\Dark Knight\.gradle\native\53dbd7edfb1c66fb8903c78663c9afc45aea4f116125fa6feffd364cf09443e8\windows-amd64

VM Arguments:
jvm_args: --add-opens=java.base/java.util=ALL-UNNAMED --add-opens=java.base/java.lang=ALL-UNNAMED --add-opens=java.base/java.lang.invoke=ALL-UNNAMED --add-opens=java.base/java.util=ALL-UNNAMED --add-opens=java.prefs/java.util.prefs=ALL-UNNAMED --add-opens=java.prefs/java.util.prefs=ALL-UNNAMED --add-opens=java.base/java.nio.charset=ALL-UNNAMED --add-opens=java.base/java.net=ALL-UNNAMED --add-opens=java.base/java.util.concurrent.atomic=ALL-UNNAMED -Xmx2048m -Dfile.encoding=UTF-8 -Duser.country=IN -Duser.language=en -Duser.variant 
java_command: org.gradle.launcher.daemon.bootstrap.GradleDaemon 7.0.2
java_class_path (initial): C:\Users\Dark Knight\.gradle\wrapper\dists\gradle-7.0.2-bin\857tjihv64xamwrf0h14cai3r\gradle-7.0.2\lib\gradle-launcher-7.0.2.jar
Launcher Type: SUN_STANDARD

[Global flags]
     intx CICompilerCount                          = 4                                         {product} {ergonomic}
     uint ConcGCThreads                            = 2                                         {product} {ergonomic}
     uint G1ConcRefinementThreads                  = 8                                         {product} {ergonomic}
   size_t G1HeapRegionSize                         = 1048576                                   {product} {ergonomic}
    uintx GCDrainStackTargetSize                   = 64                                        {product} {ergonomic}
   size_t InitialHeapSize                          = 134217728                                 {product} {ergonomic}
   size_t MarkStackSize                            = 4194304                                   {product} {ergonomic}
   size_t MaxHeapSize                              = 2147483648                                {product} {command line}
   size_t MaxNewSize                               = 1287651328                                {product} {ergonomic}
   size_t MinHeapDeltaBytes                        = 1048576                                   {product} {ergonomic}
    uintx NonNMethodCodeHeapSize                   = 5836300                                {pd product} {ergonomic}
    uintx NonProfiledCodeHeapSize                  = 122910970                              {pd product} {ergonomic}
    uintx ProfiledCodeHeapSize                     = 122910970                              {pd product} {ergonomic}
    uintx ReservedCodeCacheSize                    = 251658240                              {pd product} {ergonomic}
     bool SegmentedCodeCache                       = true                                      {product} {ergonomic}
     bool UseCompressedClassPointers               = true                                 {lp64_product} {ergonomic}
     bool UseCompressedOops                        = true                                 {lp64_product} {ergonomic}
     bool UseG1GC                                  = true                                      {product} {ergonomic}
     bool UseLargePagesIndividualAllocation        = false                                  {pd product} {ergonomic}

Logging:
Log output configuration:
 #0: stdout all=warning uptime,level,tags
 #1: stderr all=off uptime,level,tags

Environment Variables:
PATH=C:\Windows\system32;C:\Windows;C:\Windows\System32\Wbem;C:\Windows\System32\WindowsPowerShell\v1.0\;C:\Windows\System32\OpenSSH\;C:\Program Files (x86)\NVIDIA Corporation\PhysX\Common;C:\Program Files\NVIDIA Corporation\NVIDIA NvDLISR;C:\WINDOWS\system32;C:\WINDOWS;C:\WINDOWS\System32\Wbem;C:\WINDOWS\System32\WindowsPowerShell\v1.0\;C:\WINDOWS\System32\OpenSSH\;C:\MinGW\bin;C:\Program Files\MEGA-X;C:\WINDOWS\system32;C:\WINDOWS;C:\WINDOWS\System32\Wbem;C:\WINDOWS\System32\WindowsPowerShell\v1.0\;C:\WINDOWS\System32\OpenSSH\;C:\Program Files\Git\cmd;C:\Users\Dark Knight\AppData\Local\Microsoft\WindowsApps;C:\Users\Dark Knight\AppData\Local\atom\bin;C:\MinGW\bin;C:\Program Files (x86)\Microsoft Visual Studio\2019\BuildTools\MSBuild\Current\Bin;C:\Users\Dark Knight\AppData\Local\Microsoft\WindowsApps
USERNAME=Dark Knight
OS=Windows_NT
PROCESSOR_IDENTIFIER=Intel64 Family 6 Model 158 Stepping 10, GenuineIntel



---------------  S Y S T E M  ---------------

OS: Windows 10 , 64 bit Build 19041 (10.0.19041.1151)
OS uptime: 19 days 7:05 hours

CPU:total 8 (initial active 8) (4 cores per cpu, 2 threads per core) family 6 model 158 stepping 10, cmov, cx8, fxsr, mmx, sse, sse2, sse3, ssse3, sse4.1, sse4.2, popcnt, avx, avx2, aes, clmul, erms, 3dnowpref, lzcnt, ht, tsc, tscinvbit, bmi1, bmi2, adx, fma

Memory: 4k page, system-wide physical 8072M (905M free)
TotalPageFile size 12168M (AvailPageFile size 28M)
current process WorkingSet (physical memory assigned to process): 436M, peak: 477M
current process commit charge ("private bytes"): 473M, peak: 516M

vm_info: OpenJDK 64-Bit Server VM (11.0.8+10-b944.6842174) for windows-amd64 JRE (11.0.8+10-b944.6842174), built on Sep 19 2020 01:11:42 by "builder" with MS VC++ 14.0 (VS2015)

END.
