#
# There is insufficient memory for the Java Runtime Environment to continue.
# Native memory allocation (malloc) failed to allocate 32744 bytes for ChunkPool::allocate
# Possible reasons:
#   The system is out of physical RAM or swap space
#   The process is running with CompressedOops enabled, and the Java Heap may be blocking the growth of the native heap
# Possible solutions:
#   Reduce memory load on the system
#   Increase physical memory or swap space
#   Check if swap backing store is full
#   Decrease Java heap size (-Xmx/-Xms)
#   Decrease number of Java threads
#   Decrease Java thread stack sizes (-Xss)
#   Set larger code cache with -XX:ReservedCodeCacheSize=
#   JVM is running with Unscaled Compressed Oops mode in which the Java heap is
#     placed in the first 4GB address space. The Java Heap base address is the
#     maximum limit for the native heap growth. Please use -XX:HeapBaseMinAddress
#     to set the Java Heap base and to place the Java Heap above 4GB virtual address.
# This output file may be truncated or incomplete.
#
#  Out of Memory Error (./src/hotspot/share/memory/arena.cpp:81), pid=48308, tid=37328
#
# JRE version: OpenJDK Runtime Environment (11.0.8+10) (build 11.0.8+10-b944.6842174)
# Java VM: OpenJDK 64-Bit Server VM (11.0.8+10-b944.6842174, mixed mode, tiered, compressed oops, g1 gc, windows-amd64)
# No core dump will be written. Minidumps are not enabled by default on client versions of Windows
#

---------------  S U M M A R Y ------------

Command Line: org.jetbrains.kotlin.cli.jvm.K2JVMCompiler @C:\Android Projects\Udemy TUTORIAL\7MinuteWorkout2\app\build\20210831_2114420867728161939.compiler.options

Host: Intel(R) Core(TM) i5-9300H CPU @ 2.40GHz, 8 cores, 7G,  Windows 10 , 64 bit Build 19041 (10.0.19041.1151)
Time: Tue Aug 31 18:44:49 2021 India Standard Time elapsed time: 5 seconds (0d 0h 0m 5s)

---------------  T H R E A D  ---------------

Current thread (0x00000132fc699800):  JavaThread "C2 CompilerThread2" daemon [_thread_in_native, id=37328, stack(0x0000001774500000,0x0000001774600000)]


Current CompileTask:
C2:   5528 3872   !   4       org.jetbrains.kotlin.metadata.ProtoBuf$Function::<init> (1112 bytes)

Stack: [0x0000001774500000,0x0000001774600000]
Native frames: (J=compiled Java code, j=interpreted, Vv=VM code, C=native code)
V  [jvm.dll+0x5de50a]
V  [jvm.dll+0x7122f5]
V  [jvm.dll+0x71384d]
V  [jvm.dll+0x713f03]
V  [jvm.dll+0x23e728]
V  [jvm.dll+0xb8beb]
V  [jvm.dll+0xb8e9c]
V  [jvm.dll+0x35555e]
V  [jvm.dll+0x4e6114]
V  [jvm.dll+0x31ded2]
V  [jvm.dll+0x31d39a]
V  [jvm.dll+0x1f7702]
V  [jvm.dll+0x1f68d4]
V  [jvm.dll+0x17f32c]
V  [jvm.dll+0x205047]
V  [jvm.dll+0x203891]
V  [jvm.dll+0x6dad3f]
V  [jvm.dll+0x6d3895]
V  [jvm.dll+0x5dd4a6]
C  [ucrtbase.dll+0x21bb2]
C  [KERNEL32.DLL+0x17034]
C  [ntdll.dll+0x52651]


---------------  P R O C E S S  ---------------

Threads class SMR info:
_java_thread_list=0x00000132fe4ad1a0, length=12, elements={
0x00000132de15a000, 0x00000132f8b48000, 0x00000132f8b52800, 0x00000132f94c7800,
0x00000132f94c9800, 0x00000132f94cb000, 0x00000132f94cc000, 0x00000132f94cf000,
0x00000132f9630800, 0x00000132f9639800, 0x00000132f9d4c800, 0x00000132fc699800
}

Java Threads: ( => current thread )
  0x00000132de15a000 JavaThread "main" [_thread_in_Java, id=46416, stack(0x0000001773000000,0x0000001773100000)]
  0x00000132f8b48000 JavaThread "Reference Handler" daemon [_thread_blocked, id=35424, stack(0x0000001773700000,0x0000001773800000)]
  0x00000132f8b52800 JavaThread "Finalizer" daemon [_thread_blocked, id=33000, stack(0x0000001773800000,0x0000001773900000)]
  0x00000132f94c7800 JavaThread "Signal Dispatcher" daemon [_thread_blocked, id=47776, stack(0x0000001773900000,0x0000001773a00000)]
  0x00000132f94c9800 JavaThread "Attach Listener" daemon [_thread_blocked, id=42776, stack(0x0000001773a00000,0x0000001773b00000)]
  0x00000132f94cb000 JavaThread "C2 CompilerThread0" daemon [_thread_in_native, id=40892, stack(0x0000001773b00000,0x0000001773c00000)]
  0x00000132f94cc000 JavaThread "C1 CompilerThread0" daemon [_thread_in_vm, id=44812, stack(0x0000001773c00000,0x0000001773d00000)]
  0x00000132f94cf000 JavaThread "Sweeper thread" daemon [_thread_blocked, id=43220, stack(0x0000001773d00000,0x0000001773e00000)]
  0x00000132f9630800 JavaThread "Service Thread" daemon [_thread_blocked, id=40748, stack(0x0000001773e00000,0x0000001773f00000)]
  0x00000132f9639800 JavaThread "Common-Cleaner" daemon [_thread_blocked, id=23816, stack(0x0000001774000000,0x0000001774100000)]
  0x00000132f9d4c800 JavaThread "C2 CompilerThread1" daemon [_thread_in_native, id=31824, stack(0x0000001774300000,0x0000001774400000)]
=>0x00000132fc699800 JavaThread "C2 CompilerThread2" daemon [_thread_in_native, id=37328, stack(0x0000001774500000,0x0000001774600000)]

Other Threads:
  0x00000132f8b44000 VMThread "VM Thread" [stack: 0x0000001773600000,0x0000001773700000] [id=34164]
  0x00000132f9631000 WatcherThread [stack: 0x0000001773f00000,0x0000001774000000] [id=43836]
  0x00000132de173000 GCTaskThread "GC Thread#0" [stack: 0x0000001773100000,0x0000001773200000] [id=47192]
  0x00000132f9c9f000 GCTaskThread "GC Thread#1" [stack: 0x0000001774100000,0x0000001774200000] [id=46884]
  0x00000132f9ca0000 GCTaskThread "GC Thread#2" [stack: 0x0000001774200000,0x0000001774300000] [id=32828]
  0x00000132de1a2000 ConcurrentGCThread "G1 Main Marker" [stack: 0x0000001773200000,0x0000001773300000] [id=41972]
  0x00000132de1a3800 ConcurrentGCThread "G1 Conc#0" [stack: 0x0000001773300000,0x0000001773400000] [id=31672]
  0x00000132f9e2b800 ConcurrentGCThread "G1 Conc#1" [stack: 0x0000001774400000,0x0000001774500000] [id=40812]
  0x00000132de237000 ConcurrentGCThread "G1 Refine#0" [stack: 0x0000001773400000,0x0000001773500000] [id=50964]
  0x00000132f8991800 ConcurrentGCThread "G1 Young RemSet Sampling" [stack: 0x0000001773500000,0x0000001773600000] [id=49568]

Threads with active compile tasks:
C2 CompilerThread0   5561 4326       4       java.lang.AbstractStringBuilder::append (54 bytes)
C1 CompilerThread0   5561 4329       3       org.jetbrains.kotlin.load.kotlin.FileBasedKotlinClass::resolveNameByInternalName (178 bytes)
C2 CompilerThread1   5561 4311   !   4       org.jetbrains.kotlin.storage.LockBasedStorageManager$LockBasedLazyValue::invoke (257 bytes)
C2 CompilerThread2   5561 3872   !   4       org.jetbrains.kotlin.metadata.ProtoBuf$Function::<init> (1112 bytes)

VM state:not at safepoint (normal execution)

VM Mutex/Monitor currently owned by a thread: None

Heap address: 0x0000000081c00000, size: 2020 MB, Compressed Oops mode: 32-bit
Narrow klass base: 0x0000000000000000, Narrow klass shift: 3
Compressed class space size: 1073741824 Address: 0x0000000100000000

Heap:
 garbage-first heap   total 131072K, used 45712K [0x0000000081c00000, 0x0000000100000000)
  region size 1024K, 20 young (20480K), 7 survivors (7168K)
 Metaspace       used 49117K, capacity 49729K, committed 49996K, reserved 1093632K
  class space    used 5701K, capacity 5897K, committed 5964K, reserved 1048576K
Heap Regions: E=young(eden), S=young(survivor), O=old, HS=humongous(starts), HC=humongous(continues), CS=collection set, F=free, A=archive, TAMS=top-at-mark-start (previous, next)
|   0|0x0000000081c00000, 0x0000000081d00000, 0x0000000081d00000|100%|HS|  |TAMS 0x0000000081d00000, 0x0000000081c00000| Complete 
|   1|0x0000000081d00000, 0x0000000081e00000, 0x0000000081e00000|100%|HC|  |TAMS 0x0000000081e00000, 0x0000000081d00000| Complete 
|   2|0x0000000081e00000, 0x0000000081f00000, 0x0000000081f00000|100%|HC|  |TAMS 0x0000000081f00000, 0x0000000081e00000| Complete 
|   3|0x0000000081f00000, 0x0000000082000000, 0x0000000082000000|100%|HS|  |TAMS 0x0000000082000000, 0x0000000081f00000| Complete 
|   4|0x0000000082000000, 0x0000000082100000, 0x0000000082100000|100%|HC|  |TAMS 0x0000000082100000, 0x0000000082000000| Complete 
|   5|0x0000000082100000, 0x0000000082200000, 0x0000000082200000|100%|HC|  |TAMS 0x0000000082200000, 0x0000000082100000| Complete 
|   6|0x0000000082200000, 0x0000000082300000, 0x0000000082300000|100%|HS|  |TAMS 0x0000000082300000, 0x0000000082200000| Complete 
|   7|0x0000000082300000, 0x0000000082400000, 0x0000000082400000|100%|HC|  |TAMS 0x0000000082400000, 0x0000000082300000| Complete 
|   8|0x0000000082400000, 0x0000000082500000, 0x0000000082500000|100%|HC|  |TAMS 0x0000000082500000, 0x0000000082400000| Complete 
|   9|0x0000000082500000, 0x0000000082600000, 0x0000000082600000|100%|HS|  |TAMS 0x0000000082600000, 0x0000000082500000| Complete 
|  10|0x0000000082600000, 0x0000000082700000, 0x0000000082700000|100%|HC|  |TAMS 0x0000000082700000, 0x0000000082600000| Complete 
|  11|0x0000000082700000, 0x0000000082800000, 0x0000000082800000|100%| O|  |TAMS 0x0000000082800000, 0x0000000082700000| Untracked 
|  12|0x0000000082800000, 0x0000000082900000, 0x0000000082900000|100%| O|  |TAMS 0x0000000082900000, 0x0000000082800000| Untracked 
|  13|0x0000000082900000, 0x0000000082a00000, 0x0000000082a00000|100%| O|  |TAMS 0x0000000082a00000, 0x0000000082900000| Untracked 
|  14|0x0000000082a00000, 0x0000000082b00000, 0x0000000082b00000|100%| O|  |TAMS 0x0000000082b00000, 0x0000000082a00000| Untracked 
|  15|0x0000000082b00000, 0x0000000082c00000, 0x0000000082c00000|100%| O|  |TAMS 0x0000000082c00000, 0x0000000082b00000| Untracked 
|  16|0x0000000082c00000, 0x0000000082d00000, 0x0000000082d00000|100%| O|  |TAMS 0x0000000082d00000, 0x0000000082c00000| Untracked 
|  17|0x0000000082d00000, 0x0000000082e00000, 0x0000000082e00000|100%| O|  |TAMS 0x0000000082e00000, 0x0000000082d00000| Untracked 
|  18|0x0000000082e00000, 0x0000000082f00000, 0x0000000082f00000|100%| O|  |TAMS 0x0000000082f00000, 0x0000000082e00000| Untracked 
|  19|0x0000000082f00000, 0x0000000083000000, 0x0000000083000000|100%| O|  |TAMS 0x0000000083000000, 0x0000000082f00000| Untracked 
|  20|0x0000000083000000, 0x0000000083100000, 0x0000000083100000|100%| O|  |TAMS 0x0000000083100000, 0x0000000083000000| Untracked 
|  21|0x0000000083100000, 0x0000000083200000, 0x0000000083200000|100%| O|  |TAMS 0x0000000083200000, 0x0000000083100000| Untracked 
|  22|0x0000000083200000, 0x0000000083300000, 0x0000000083300000|100%| O|  |TAMS 0x00000000832e1800, 0x0000000083200000| Untracked 
|  23|0x0000000083300000, 0x0000000083300000, 0x0000000083400000|  0%| F|  |TAMS 0x0000000083300000, 0x0000000083300000| Untracked 
|  24|0x0000000083400000, 0x0000000083500000, 0x0000000083500000|100%| O|  |TAMS 0x0000000083400000, 0x0000000083400000| Untracked 
|  25|0x0000000083500000, 0x0000000083600000, 0x0000000083600000|100%| O|  |TAMS 0x0000000083500000, 0x0000000083500000| Untracked 
|  26|0x0000000083600000, 0x00000000836a4200, 0x0000000083700000| 64%| O|  |TAMS 0x0000000083600000, 0x0000000083600000| Untracked 
|  27|0x0000000083700000, 0x0000000083700000, 0x0000000083800000|  0%| F|  |TAMS 0x0000000083700000, 0x0000000083700000| Untracked 
|  28|0x0000000083800000, 0x0000000083800000, 0x0000000083900000|  0%| F|  |TAMS 0x0000000083800000, 0x0000000083800000| Untracked 
|  29|0x0000000083900000, 0x0000000083900000, 0x0000000083a00000|  0%| F|  |TAMS 0x0000000083900000, 0x0000000083900000| Untracked 
|  30|0x0000000083a00000, 0x0000000083a00000, 0x0000000083b00000|  0%| F|  |TAMS 0x0000000083a00000, 0x0000000083a00000| Untracked 
|  31|0x0000000083b00000, 0x0000000083b00000, 0x0000000083c00000|  0%| F|  |TAMS 0x0000000083b00000, 0x0000000083b00000| Untracked 
|  32|0x0000000083c00000, 0x0000000083c00000, 0x0000000083d00000|  0%| F|  |TAMS 0x0000000083c00000, 0x0000000083c00000| Untracked 
|  33|0x0000000083d00000, 0x0000000083d00000, 0x0000000083e00000|  0%| F|  |TAMS 0x0000000083d00000, 0x0000000083d00000| Untracked 
|  34|0x0000000083e00000, 0x0000000083e00000, 0x0000000083f00000|  0%| F|  |TAMS 0x0000000083e00000, 0x0000000083e00000| Untracked 
|  35|0x0000000083f00000, 0x0000000083f00000, 0x0000000084000000|  0%| F|  |TAMS 0x0000000083f00000, 0x0000000083f00000| Untracked 
|  36|0x0000000084000000, 0x0000000084000000, 0x0000000084100000|  0%| F|  |TAMS 0x0000000084000000, 0x0000000084000000| Untracked 
|  37|0x0000000084100000, 0x0000000084100000, 0x0000000084200000|  0%| F|  |TAMS 0x0000000084100000, 0x0000000084100000| Untracked 
|  38|0x0000000084200000, 0x0000000084200000, 0x0000000084300000|  0%| F|  |TAMS 0x0000000084200000, 0x0000000084200000| Untracked 
|  39|0x0000000084300000, 0x0000000084300000, 0x0000000084400000|  0%| F|  |TAMS 0x0000000084300000, 0x0000000084300000| Untracked 
|  40|0x0000000084400000, 0x0000000084400000, 0x0000000084500000|  0%| F|  |TAMS 0x0000000084400000, 0x0000000084400000| Untracked 
|  41|0x0000000084500000, 0x0000000084500000, 0x0000000084600000|  0%| F|  |TAMS 0x0000000084500000, 0x0000000084500000| Untracked 
|  42|0x0000000084600000, 0x0000000084600000, 0x0000000084700000|  0%| F|  |TAMS 0x0000000084600000, 0x0000000084600000| Untracked 
|  43|0x0000000084700000, 0x0000000084700000, 0x0000000084800000|  0%| F|  |TAMS 0x0000000084700000, 0x0000000084700000| Untracked 
|  44|0x0000000084800000, 0x0000000084800000, 0x0000000084900000|  0%| F|  |TAMS 0x0000000084800000, 0x0000000084800000| Untracked 
|  45|0x0000000084900000, 0x0000000084900000, 0x0000000084a00000|  0%| F|  |TAMS 0x0000000084900000, 0x0000000084900000| Untracked 
|  46|0x0000000084a00000, 0x0000000084a00000, 0x0000000084b00000|  0%| F|  |TAMS 0x0000000084a00000, 0x0000000084a00000| Untracked 
|  47|0x0000000084b00000, 0x0000000084b00000, 0x0000000084c00000|  0%| F|  |TAMS 0x0000000084b00000, 0x0000000084b00000| Untracked 
|  48|0x0000000084c00000, 0x0000000084c00000, 0x0000000084d00000|  0%| F|  |TAMS 0x0000000084c00000, 0x0000000084c00000| Untracked 
|  49|0x0000000084d00000, 0x0000000084d00000, 0x0000000084e00000|  0%| F|  |TAMS 0x0000000084d00000, 0x0000000084d00000| Untracked 
|  50|0x0000000084e00000, 0x0000000084e00000, 0x0000000084f00000|  0%| F|  |TAMS 0x0000000084e00000, 0x0000000084e00000| Untracked 
|  51|0x0000000084f00000, 0x0000000084f00000, 0x0000000085000000|  0%| F|  |TAMS 0x0000000084f00000, 0x0000000084f00000| Untracked 
|  52|0x0000000085000000, 0x0000000085000000, 0x0000000085100000|  0%| F|  |TAMS 0x0000000085000000, 0x0000000085000000| Untracked 
|  53|0x0000000085100000, 0x0000000085100000, 0x0000000085200000|  0%| F|  |TAMS 0x0000000085100000, 0x0000000085100000| Untracked 
|  54|0x0000000085200000, 0x0000000085200000, 0x0000000085300000|  0%| F|  |TAMS 0x0000000085200000, 0x0000000085200000| Untracked 
|  55|0x0000000085300000, 0x0000000085300000, 0x0000000085400000|  0%| F|  |TAMS 0x0000000085300000, 0x0000000085300000| Untracked 
|  56|0x0000000085400000, 0x0000000085400000, 0x0000000085500000|  0%| F|  |TAMS 0x0000000085400000, 0x0000000085400000| Untracked 
|  57|0x0000000085500000, 0x0000000085500000, 0x0000000085600000|  0%| F|  |TAMS 0x0000000085500000, 0x0000000085500000| Untracked 
|  58|0x0000000085600000, 0x0000000085600000, 0x0000000085700000|  0%| F|  |TAMS 0x0000000085600000, 0x0000000085600000| Untracked 
|  59|0x0000000085700000, 0x0000000085700000, 0x0000000085800000|  0%| F|  |TAMS 0x0000000085700000, 0x0000000085700000| Untracked 
|  60|0x0000000085800000, 0x0000000085800000, 0x0000000085900000|  0%| F|  |TAMS 0x0000000085800000, 0x0000000085800000| Untracked 
|  61|0x0000000085900000, 0x0000000085900000, 0x0000000085a00000|  0%| F|  |TAMS 0x0000000085900000, 0x0000000085900000| Untracked 
|  62|0x0000000085a00000, 0x0000000085a00000, 0x0000000085b00000|  0%| F|  |TAMS 0x0000000085a00000, 0x0000000085a00000| Untracked 
|  63|0x0000000085b00000, 0x0000000085b00000, 0x0000000085c00000|  0%| F|  |TAMS 0x0000000085b00000, 0x0000000085b00000| Untracked 
|  64|0x0000000085c00000, 0x0000000085c00000, 0x0000000085d00000|  0%| F|  |TAMS 0x0000000085c00000, 0x0000000085c00000| Untracked 
|  65|0x0000000085d00000, 0x0000000085d00000, 0x0000000085e00000|  0%| F|  |TAMS 0x0000000085d00000, 0x0000000085d00000| Untracked 
|  66|0x0000000085e00000, 0x0000000085e00000, 0x0000000085f00000|  0%| F|  |TAMS 0x0000000085e00000, 0x0000000085e00000| Untracked 
|  67|0x0000000085f00000, 0x0000000085f00000, 0x0000000086000000|  0%| F|  |TAMS 0x0000000085f00000, 0x0000000085f00000| Untracked 
|  68|0x0000000086000000, 0x0000000086100000, 0x0000000086100000|100%| S|CS|TAMS 0x0000000086000000, 0x0000000086000000| Complete 
|  69|0x0000000086100000, 0x0000000086200000, 0x0000000086200000|100%| S|CS|TAMS 0x0000000086100000, 0x0000000086100000| Complete 
|  70|0x0000000086200000, 0x0000000086300000, 0x0000000086300000|100%| S|CS|TAMS 0x0000000086200000, 0x0000000086200000| Complete 
|  71|0x0000000086300000, 0x0000000086400000, 0x0000000086400000|100%| S|CS|TAMS 0x0000000086300000, 0x0000000086300000| Complete 
|  72|0x0000000086400000, 0x0000000086500000, 0x0000000086500000|100%| S|CS|TAMS 0x0000000086400000, 0x0000000086400000| Complete 
|  73|0x0000000086500000, 0x0000000086600000, 0x0000000086600000|100%| S|CS|TAMS 0x0000000086500000, 0x0000000086500000| Complete 
|  74|0x0000000086600000, 0x0000000086700000, 0x0000000086700000|100%| S|CS|TAMS 0x0000000086600000, 0x0000000086600000| Complete 
|  75|0x0000000086700000, 0x0000000086700000, 0x0000000086800000|  0%| F|  |TAMS 0x0000000086700000, 0x0000000086700000| Untracked 
|  76|0x0000000086800000, 0x0000000086800000, 0x0000000086900000|  0%| F|  |TAMS 0x0000000086800000, 0x0000000086800000| Untracked 
|  77|0x0000000086900000, 0x0000000086900000, 0x0000000086a00000|  0%| F|  |TAMS 0x0000000086900000, 0x0000000086900000| Untracked 
|  78|0x0000000086a00000, 0x0000000086a00000, 0x0000000086b00000|  0%| F|  |TAMS 0x0000000086a00000, 0x0000000086a00000| Untracked 
|  79|0x0000000086b00000, 0x0000000086b00000, 0x0000000086c00000|  0%| F|  |TAMS 0x0000000086b00000, 0x0000000086b00000| Untracked 
|  80|0x0000000086c00000, 0x0000000086c00000, 0x0000000086d00000|  0%| F|  |TAMS 0x0000000086c00000, 0x0000000086c00000| Untracked 
|  81|0x0000000086d00000, 0x0000000086d00000, 0x0000000086e00000|  0%| F|  |TAMS 0x0000000086d00000, 0x0000000086d00000| Untracked 
|  82|0x0000000086e00000, 0x0000000086e00000, 0x0000000086f00000|  0%| F|  |TAMS 0x0000000086e00000, 0x0000000086e00000| Untracked 
|  83|0x0000000086f00000, 0x0000000086f00000, 0x0000000087000000|  0%| F|  |TAMS 0x0000000086f00000, 0x0000000086f00000| Untracked 
|  84|0x0000000087000000, 0x0000000087000000, 0x0000000087100000|  0%| F|  |TAMS 0x0000000087000000, 0x0000000087000000| Untracked 
|  85|0x0000000087100000, 0x0000000087100000, 0x0000000087200000|  0%| F|  |TAMS 0x0000000087100000, 0x0000000087100000| Untracked 
|  86|0x0000000087200000, 0x0000000087200000, 0x0000000087300000|  0%| F|  |TAMS 0x0000000087200000, 0x0000000087200000| Untracked 
|  87|0x0000000087300000, 0x0000000087300000, 0x0000000087400000|  0%| F|  |TAMS 0x0000000087300000, 0x0000000087300000| Untracked 
|  88|0x0000000087400000, 0x0000000087400000, 0x0000000087500000|  0%| F|  |TAMS 0x0000000087400000, 0x0000000087400000| Untracked 
|  89|0x0000000087500000, 0x0000000087500000, 0x0000000087600000|  0%| F|  |TAMS 0x0000000087500000, 0x0000000087500000| Untracked 
|  90|0x0000000087600000, 0x0000000087600000, 0x0000000087700000|  0%| F|  |TAMS 0x0000000087600000, 0x0000000087600000| Untracked 
|  91|0x0000000087700000, 0x0000000087700000, 0x0000000087800000|  0%| F|  |TAMS 0x0000000087700000, 0x0000000087700000| Untracked 
|  92|0x0000000087800000, 0x0000000087800000, 0x0000000087900000|  0%| F|  |TAMS 0x0000000087800000, 0x0000000087800000| Untracked 
|  93|0x0000000087900000, 0x0000000087900000, 0x0000000087a00000|  0%| F|  |TAMS 0x0000000087900000, 0x0000000087900000| Untracked 
|  94|0x0000000087a00000, 0x0000000087a00000, 0x0000000087b00000|  0%| F|  |TAMS 0x0000000087a00000, 0x0000000087a00000| Untracked 
|  95|0x0000000087b00000, 0x0000000087b00000, 0x0000000087c00000|  0%| F|  |TAMS 0x0000000087b00000, 0x0000000087b00000| Untracked 
|  96|0x0000000087c00000, 0x0000000087c00000, 0x0000000087d00000|  0%| F|  |TAMS 0x0000000087c00000, 0x0000000087c00000| Untracked 
|  97|0x0000000087d00000, 0x0000000087d00000, 0x0000000087e00000|  0%| F|  |TAMS 0x0000000087d00000, 0x0000000087d00000| Untracked 
|  98|0x0000000087e00000, 0x0000000087e00000, 0x0000000087f00000|  0%| F|  |TAMS 0x0000000087e00000, 0x0000000087e00000| Untracked 
|  99|0x0000000087f00000, 0x0000000087f00000, 0x0000000088000000|  0%| F|  |TAMS 0x0000000087f00000, 0x0000000087f00000| Untracked 
| 100|0x0000000088000000, 0x0000000088000000, 0x0000000088100000|  0%| F|  |TAMS 0x0000000088000000, 0x0000000088000000| Untracked 
| 101|0x0000000088100000, 0x0000000088100000, 0x0000000088200000|  0%| F|  |TAMS 0x0000000088100000, 0x0000000088100000| Untracked 
| 102|0x0000000088200000, 0x0000000088200000, 0x0000000088300000|  0%| F|  |TAMS 0x0000000088200000, 0x0000000088200000| Untracked 
| 103|0x0000000088300000, 0x0000000088300000, 0x0000000088400000|  0%| F|  |TAMS 0x0000000088300000, 0x0000000088300000| Untracked 
| 104|0x0000000088400000, 0x0000000088400000, 0x0000000088500000|  0%| F|  |TAMS 0x0000000088400000, 0x0000000088400000| Untracked 
| 105|0x0000000088500000, 0x0000000088500000, 0x0000000088600000|  0%| F|  |TAMS 0x0000000088500000, 0x0000000088500000| Untracked 
| 106|0x0000000088600000, 0x0000000088600000, 0x0000000088700000|  0%| F|  |TAMS 0x0000000088600000, 0x0000000088600000| Untracked 
| 107|0x0000000088700000, 0x0000000088700000, 0x0000000088800000|  0%| F|  |TAMS 0x0000000088700000, 0x0000000088700000| Untracked 
| 108|0x0000000088800000, 0x0000000088800000, 0x0000000088900000|  0%| F|  |TAMS 0x0000000088800000, 0x0000000088800000| Untracked 
| 109|0x0000000088900000, 0x0000000088900000, 0x0000000088a00000|  0%| F|  |TAMS 0x0000000088900000, 0x0000000088900000| Untracked 
| 110|0x0000000088a00000, 0x0000000088a00000, 0x0000000088b00000|  0%| F|  |TAMS 0x0000000088a00000, 0x0000000088a00000| Untracked 
| 111|0x0000000088b00000, 0x0000000088b00000, 0x0000000088c00000|  0%| F|  |TAMS 0x0000000088b00000, 0x0000000088b00000| Untracked 
| 112|0x0000000088c00000, 0x0000000088c00000, 0x0000000088d00000|  0%| F|  |TAMS 0x0000000088c00000, 0x0000000088c00000| Untracked 
| 113|0x0000000088d00000, 0x0000000088d00000, 0x0000000088e00000|  0%| F|  |TAMS 0x0000000088d00000, 0x0000000088d00000| Untracked 
| 114|0x0000000088e00000, 0x0000000088e00000, 0x0000000088f00000|  0%| F|  |TAMS 0x0000000088e00000, 0x0000000088e00000| Untracked 
| 115|0x0000000088f00000, 0x0000000089000000, 0x0000000089000000|100%| E|  |TAMS 0x0000000088f00000, 0x0000000088f00000| Complete 
| 116|0x0000000089000000, 0x0000000089100000, 0x0000000089100000|100%| E|CS|TAMS 0x0000000089000000, 0x0000000089000000| Complete 
| 117|0x0000000089100000, 0x0000000089200000, 0x0000000089200000|100%| E|CS|TAMS 0x0000000089100000, 0x0000000089100000| Complete 
| 118|0x0000000089200000, 0x0000000089300000, 0x0000000089300000|100%| E|CS|TAMS 0x0000000089200000, 0x0000000089200000| Complete 
| 119|0x0000000089300000, 0x0000000089400000, 0x0000000089400000|100%| E|CS|TAMS 0x0000000089300000, 0x0000000089300000| Complete 
| 120|0x0000000089400000, 0x0000000089500000, 0x0000000089500000|100%| E|CS|TAMS 0x0000000089400000, 0x0000000089400000| Complete 
| 121|0x0000000089500000, 0x0000000089600000, 0x0000000089600000|100%| E|CS|TAMS 0x0000000089500000, 0x0000000089500000| Complete 
| 122|0x0000000089600000, 0x0000000089700000, 0x0000000089700000|100%| E|CS|TAMS 0x0000000089600000, 0x0000000089600000| Complete 
| 123|0x0000000089700000, 0x0000000089800000, 0x0000000089800000|100%| E|CS|TAMS 0x0000000089700000, 0x0000000089700000| Complete 
| 124|0x0000000089800000, 0x0000000089900000, 0x0000000089900000|100%| E|CS|TAMS 0x0000000089800000, 0x0000000089800000| Complete 
| 125|0x0000000089900000, 0x0000000089a00000, 0x0000000089a00000|100%| E|CS|TAMS 0x0000000089900000, 0x0000000089900000| Complete 
| 126|0x0000000089a00000, 0x0000000089b00000, 0x0000000089b00000|100%| E|CS|TAMS 0x0000000089a00000, 0x0000000089a00000| Complete 
| 127|0x0000000089b00000, 0x0000000089c00000, 0x0000000089c00000|100%| E|CS|TAMS 0x0000000089b00000, 0x0000000089b00000| Complete 

Card table byte_map: [0x00000132f1940000,0x00000132f1d40000] _byte_map_base: 0x00000132f1532000

Marking Bits (Prev, Next): (CMBitMap*) 0x00000132de1997f8, (CMBitMap*) 0x00000132de199830
 Prev Bits: [0x00000132f2140000, 0x00000132f40d0000)
 Next Bits: [0x00000132f40d0000, 0x00000132f6060000)

Polling page: 0x00000132dc940000

Metaspace:

Usage:
  Non-class:     42.87 MB capacity,    42.47 MB (>99%) used,   337.32 KB ( <1%) free+waste,    71.25 KB ( <1%) overhead. 
      Class:      5.76 MB capacity,     5.57 MB ( 97%) used,   160.98 KB (  3%) free+waste,    29.75 KB ( <1%) overhead. 
       Both:     48.63 MB capacity,    48.04 MB ( 99%) used,   498.30 KB (  1%) free+waste,   101.00 KB ( <1%) overhead. 

Virtual space:
  Non-class space:       44.00 MB reserved,      43.00 MB ( 98%) committed 
      Class space:        1.00 GB reserved,       5.82 MB ( <1%) committed 
             Both:        1.04 GB reserved,      48.82 MB (  5%) committed 

Chunk freelists:
   Non-Class:  8.00 KB
       Class:  0 bytes
        Both:  8.00 KB

MaxMetaspaceSize: 17179869184.00 GB
CompressedClassSpaceSize: 1.00 GB

CodeHeap 'non-profiled nmethods': size=120000Kb used=1870Kb max_used=1870Kb free=118129Kb
 bounds [0x00000132e95b0000, 0x00000132e9820000, 0x00000132f0ae0000]
CodeHeap 'profiled nmethods': size=120000Kb used=8812Kb max_used=8812Kb free=111187Kb
 bounds [0x00000132e2080000, 0x00000132e2920000, 0x00000132e95b0000]
CodeHeap 'non-nmethods': size=5760Kb used=1189Kb max_used=1259Kb free=4570Kb
 bounds [0x00000132e1ae0000, 0x00000132e1d50000, 0x00000132e2080000]
 total_blobs=4832 nmethods=4281 adapters=460
 compilation: enabled
              stopped_count=0, restarted_count=0
 full_count=0

Compilation events (20 events):
Event: 5.470 Thread 0x00000132f94cc000 nmethod 4147 0x00000132e28d9a90 code [0x00000132e28d9c40, 0x00000132e28d9d38]
Event: 5.470 Thread 0x00000132f94cc000 4148       2       org.jetbrains.kotlin.parsing.KotlinParsing::parseCommonDeclaration (153 bytes)
Event: 5.471 Thread 0x00000132f94cc000 nmethod 4148 0x00000132e28d9e10 code [0x00000132e28da060, 0x00000132e28da4e8]
Event: 5.471 Thread 0x00000132f94cc000 4149       1       org.jetbrains.kotlin.parsing.KotlinParsing$ModifierDetector::isEnumDetected (5 bytes)
Event: 5.471 Thread 0x00000132f94cc000 nmethod 4149 0x00000132e9750590 code [0x00000132e9750740, 0x00000132e97507f8]
Event: 5.471 Thread 0x00000132f94cc000 4150       2       org.jetbrains.kotlin.com.intellij.util.containers.ConcurrentLongObjectHashMap::spread (12 bytes)
Event: 5.471 Thread 0x00000132f94cc000 nmethod 4150 0x00000132e28da790 code [0x00000132e28da940, 0x00000132e28daa38]
Event: 5.471 Thread 0x00000132f94cc000 4152       2       org.jetbrains.kotlin.psi.typeRefHelpers.TypeRefHelpersKt$getTypeReference$1::invoke (12 bytes)
Event: 5.472 Thread 0x00000132f94cc000 nmethod 4152 0x00000132e28dab10 code [0x00000132e28dacc0, 0x00000132e28dae48]
Event: 5.472 Thread 0x00000132f94cc000 4153       2       org.jetbrains.kotlin.psi.typeRefHelpers.TypeRefHelpersKt$getTypeReference$1::invoke (38 bytes)
Event: 5.472 Thread 0x00000132f94cc000 nmethod 4153 0x00000132e28daf10 code [0x00000132e28db160, 0x00000132e28db628]
Event: 5.472 Thread 0x00000132f94cc000 4154       2       org.jetbrains.kotlin.psi.psiUtil.PsiUtilsKt$siblings$1$iterator$1::<init> (34 bytes)
Event: 5.472 Thread 0x00000132f94cc000 nmethod 4154 0x00000132e28db990 code [0x00000132e28dbb40, 0x00000132e28dbcc8]
Event: 5.473 Thread 0x00000132f94cc000 4155       1       org.jetbrains.kotlin.resolve.QualifiedExpressionResolver$TypeQualifierResolutionResult::getClassifierDescriptor (5 bytes)
Event: 5.473 Thread 0x00000132f94cc000 nmethod 4155 0x00000132e9750890 code [0x00000132e9750a40, 0x00000132e9750af8]
Event: 5.473 Thread 0x00000132f94cc000 4156       2       org.jetbrains.kotlin.com.intellij.psi.impl.source.tree.CompositeElement::getFirstChildNode (5 bytes)
Event: 5.473 Thread 0x00000132f94cc000 nmethod 4156 0x00000132e28dbd90 code [0x00000132e28dbf40, 0x00000132e28dc068]
Event: 5.473 Thread 0x00000132f94cc000 4151       1       org.jetbrains.kotlin.descriptors.impl.FunctionDescriptorImpl::getReturnType (5 bytes)
Event: 5.473 Thread 0x00000132f94cc000 nmethod 4151 0x00000132e9750b90 code [0x00000132e9750d40, 0x00000132e9750df8]
Event: 5.473 Thread 0x00000132f94cc000 4157       2       org.jetbrains.kotlin.lexer._JetLexer::advance (2227 bytes)

GC Heap History (12 events):
Event: 1.121 GC heap before
{Heap before GC invocations=0 (full 0):
 garbage-first heap   total 131072K, used 27648K [0x0000000081c00000, 0x0000000100000000)
  region size 1024K, 24 young (24576K), 0 survivors (0K)
 Metaspace       used 12315K, capacity 12405K, committed 12544K, reserved 1060864K
  class space    used 1155K, capacity 1174K, committed 1280K, reserved 1048576K
}
Event: 1.125 GC heap after
{Heap after GC invocations=1 (full 0):
 garbage-first heap   total 131072K, used 5638K [0x0000000081c00000, 0x0000000100000000)
  region size 1024K, 3 young (3072K), 3 survivors (3072K)
 Metaspace       used 12315K, capacity 12405K, committed 12544K, reserved 1060864K
  class space    used 1155K, capacity 1174K, committed 1280K, reserved 1048576K
}
Event: 1.917 GC heap before
{Heap before GC invocations=1 (full 0):
 garbage-first heap   total 131072K, used 42502K [0x0000000081c00000, 0x0000000100000000)
  region size 1024K, 40 young (40960K), 3 survivors (3072K)
 Metaspace       used 20977K, capacity 21201K, committed 21248K, reserved 1069056K
  class space    used 2215K, capacity 2297K, committed 2304K, reserved 1048576K
}
Event: 1.930 GC heap after
{Heap after GC invocations=2 (full 0):
 garbage-first heap   total 131072K, used 9545K [0x0000000081c00000, 0x0000000100000000)
  region size 1024K, 7 young (7168K), 7 survivors (7168K)
 Metaspace       used 20977K, capacity 21201K, committed 21248K, reserved 1069056K
  class space    used 2215K, capacity 2297K, committed 2304K, reserved 1048576K
}
Event: 2.895 GC heap before
{Heap before GC invocations=3 (full 0):
 garbage-first heap   total 131072K, used 68937K [0x0000000081c00000, 0x0000000100000000)
  region size 1024K, 57 young (58368K), 7 survivors (7168K)
 Metaspace       used 32262K, capacity 32734K, committed 33024K, reserved 1079296K
  class space    used 3839K, capacity 4003K, committed 4096K, reserved 1048576K
}
Event: 2.915 GC heap after
{Heap after GC invocations=4 (full 0):
 garbage-first heap   total 131072K, used 23235K [0x0000000081c00000, 0x0000000100000000)
  region size 1024K, 8 young (8192K), 8 survivors (8192K)
 Metaspace       used 32262K, capacity 32734K, committed 33024K, reserved 1079296K
  class space    used 3839K, capacity 4003K, committed 4096K, reserved 1048576K
}
Event: 3.183 GC heap before
{Heap before GC invocations=4 (full 0):
 garbage-first heap   total 131072K, used 37571K [0x0000000081c00000, 0x0000000100000000)
  region size 1024K, 23 young (23552K), 8 survivors (8192K)
 Metaspace       used 35270K, capacity 35768K, committed 35840K, reserved 1081344K
  class space    used 4154K, capacity 4332K, committed 4352K, reserved 1048576K
}
Event: 3.213 GC heap after
{Heap after GC invocations=5 (full 0):
 garbage-first heap   total 131072K, used 25478K [0x0000000081c00000, 0x0000000100000000)
  region size 1024K, 2 young (2048K), 2 survivors (2048K)
 Metaspace       used 35270K, capacity 35768K, committed 35840K, reserved 1081344K
  class space    used 4154K, capacity 4332K, committed 4352K, reserved 1048576K
}
Event: 4.662 GC heap before
{Heap before GC invocations=6 (full 0):
 garbage-first heap   total 131072K, used 71558K [0x0000000081c00000, 0x0000000100000000)
  region size 1024K, 47 young (48128K), 2 survivors (2048K)
 Metaspace       used 45142K, capacity 45728K, committed 45772K, reserved 1089536K
  class space    used 5359K, capacity 5555K, committed 5580K, reserved 1048576K
}
Event: 4.669 GC heap after
{Heap after GC invocations=7 (full 0):
 garbage-first heap   total 131072K, used 28751K [0x0000000081c00000, 0x0000000100000000)
  region size 1024K, 6 young (6144K), 6 survivors (6144K)
 Metaspace       used 45142K, capacity 45728K, committed 45772K, reserved 1089536K
  class space    used 5359K, capacity 5555K, committed 5580K, reserved 1048576K
}
Event: 5.221 GC heap before
{Heap before GC invocations=7 (full 0):
 garbage-first heap   total 131072K, used 77903K [0x0000000081c00000, 0x0000000100000000)
  region size 1024K, 53 young (54272K), 6 survivors (6144K)
 Metaspace       used 47663K, capacity 48233K, committed 48332K, reserved 1091584K
  class space    used 5583K, capacity 5790K, committed 5836K, reserved 1048576K
}
Event: 5.234 GC heap after
{Heap after GC invocations=8 (full 0):
 garbage-first heap   total 131072K, used 33424K [0x0000000081c00000, 0x0000000100000000)
  region size 1024K, 7 young (7168K), 7 survivors (7168K)
 Metaspace       used 47663K, capacity 48233K, committed 48332K, reserved 1091584K
  class space    used 5583K, capacity 5790K, committed 5836K, reserved 1048576K
}

Deoptimization events (20 events):
Event: 5.111 Thread 0x00000132de15a000 DEOPT PACKING pc=0x00000132e2577e7f sp=0x00000017730fa990
Event: 5.111 Thread 0x00000132de15a000 DEOPT UNPACKING pc=0x00000132e1b072ce sp=0x00000017730f9de0 mode 0
Event: 5.156 Thread 0x00000132de15a000 DEOPT PACKING pc=0x00000132e237fb5b sp=0x00000017730fb270
Event: 5.156 Thread 0x00000132de15a000 DEOPT UNPACKING pc=0x00000132e1b072ce sp=0x00000017730fa6e8 mode 0
Event: 5.203 Thread 0x00000132de15a000 DEOPT PACKING pc=0x00000132e2577e7f sp=0x00000017730f8c30
Event: 5.203 Thread 0x00000132de15a000 DEOPT UNPACKING pc=0x00000132e1b072ce sp=0x00000017730f8080 mode 0
Event: 5.215 Thread 0x00000132de15a000 DEOPT PACKING pc=0x00000132e237fb5b sp=0x00000017730fa190
Event: 5.215 Thread 0x00000132de15a000 DEOPT UNPACKING pc=0x00000132e1b072ce sp=0x00000017730f9608 mode 0
Event: 5.360 Thread 0x00000132de15a000 Uncommon trap: trap_request=0xffffff4d fr.pc=0x00000132e9731644 relative=0x0000000000000ba4
Event: 5.360 Thread 0x00000132de15a000 Uncommon trap: reason=unstable_if action=reinterpret pc=0x00000132e9731644 method=gnu.trove.TObjectHash.insertionIndex(Ljava/lang/Object;)I @ 65 c2
Event: 5.360 Thread 0x00000132de15a000 DEOPT PACKING pc=0x00000132e9731644 sp=0x00000017730fd2d0
Event: 5.360 Thread 0x00000132de15a000 DEOPT UNPACKING pc=0x00000132e1b074af sp=0x00000017730fd270 mode 2
Event: 5.374 Thread 0x00000132de15a000 Uncommon trap: trap_request=0xffffff4d fr.pc=0x00000132e96df494 relative=0x0000000000000074
Event: 5.374 Thread 0x00000132de15a000 Uncommon trap: reason=unstable_if action=reinterpret pc=0x00000132e96df494 method=org.jetbrains.kotlin.parsing.AbstractKotlinParsing.tokenMatches(Lorg/jetbrains/kotlin/com/intellij/psi/tree/IElementType;Lorg/jetbrains/kotlin/com/intellij/psi/tree/IElement
Event: 5.374 Thread 0x00000132de15a000 DEOPT PACKING pc=0x00000132e96df494 sp=0x00000017730fb9d0
Event: 5.374 Thread 0x00000132de15a000 DEOPT UNPACKING pc=0x00000132e1b074af sp=0x00000017730fb950 mode 2
Event: 5.471 Thread 0x00000132de15a000 Uncommon trap: trap_request=0xffffff4d fr.pc=0x00000132e96dd398 relative=0x0000000000000dd8
Event: 5.471 Thread 0x00000132de15a000 Uncommon trap: reason=unstable_if action=reinterpret pc=0x00000132e96dd398 method=org.jetbrains.kotlin.lexer._JetLexer.advance()Lorg/jetbrains/kotlin/com/intellij/psi/tree/IElementType; @ 403 c2
Event: 5.471 Thread 0x00000132de15a000 DEOPT PACKING pc=0x00000132e96dd398 sp=0x00000017730fcbc0
Event: 5.471 Thread 0x00000132de15a000 DEOPT UNPACKING pc=0x00000132e1b074af sp=0x00000017730fcb60 mode 2

Classes redefined (0 events):
No events

Internal exceptions (20 events):
Event: 1.913 Thread 0x00000132de15a000 Exception <a 'java/lang/NoSuchMethodError'{0x000000008743fb08}: 'int java.lang.invoke.DirectMethodHandle$Holder.invokeStaticInit(java.lang.Object, java.lang.Object)'> (0x000000008743fb08) thrown at [./src/hotspot/share/interpreter/linkResolver.cpp, line 773]
Event: 2.127 Thread 0x00000132de15a000 Exception <a 'java/lang/NoSuchMethodError'{0x00000000892c9e38}: 'java.lang.Object java.lang.invoke.DirectMethodHandle$Holder.invokeStatic(java.lang.Object, java.lang.Object, java.lang.Object, java.lang.Object, java.lang.Object, java.lang.Object, java.lang.Object, java.lang.Object, java.lang.Object, java.lang.Object, java.lang.Object, java.lang.Object, java.lang.Object, java.lang.Object, java.lang.Object)'> (0x00000000892c9e38) thrown at [./src/hotspot/share/interpreter/linkResolver.cpp, line 773]
Event: 2.128 Thread 0x00000132de15a000 Exception <a 'java/lang/NoSuchMethodError'{0x00000000892d7e40}: 'java.lang.Object java.lang.invoke.DirectMethodHandle$Holder.invokeStatic(java.lang.Object, java.lang.Object, java.lang.Object, java.lang.Object, java.lang.Object, java.lang.Object, java.lang.Object, java.lang.Object, java.lang.Object, java.lang.Object, java.lang.Object, java.lang.Object, java.lang.Object, java.lang.Object, java.lang.Object, java.lang.Object)'> (0x00000000892d7e40) thrown at [./src/hotspot/share/interpreter/linkResolver.cpp, l
Event: 2.129 Thread 0x00000132de15a000 Exception <a 'java/lang/NoSuchMethodError'{0x00000000892e5d58}: 'java.lang.Object java.lang.invoke.DirectMethodHandle$Holder.invokeSpecial(java.lang.Object, java.lang.Object, int, int, java.lang.Object, java.lang.Object, java.lang.Object)'> (0x00000000892e5d58) thrown at [./src/hotspot/share/interpreter/linkResolver.cpp, line 773]
Event: 2.129 Thread 0x00000132de15a000 Exception <a 'java/lang/NoSuchMethodError'{0x00000000892e9590}: 'java.lang.Object java.lang.invoke.DelegatingMethodHandle$Holder.reinvoke_L(java.lang.Object, int, int, java.lang.Object, java.lang.Object, java.lang.Object)'> (0x00000000892e9590) thrown at [./src/hotspot/share/interpreter/linkResolver.cpp, line 773]
Event: 2.130 Thread 0x00000132de15a000 Exception <a 'java/lang/NoSuchMethodError'{0x00000000892ed918}: 'java.lang.Object java.lang.invoke.DirectMethodHandle$Holder.invokeStatic(java.lang.Object, java.lang.Object, java.lang.Object, java.lang.Object, int)'> (0x00000000892ed918) thrown at [./src/hotspot/share/interpreter/linkResolver.cpp, line 773]
Event: 2.168 Thread 0x00000132de15a000 Implicit null exception at 0x00000132e9637bac to 0x00000132e9637d5a
Event: 2.202 Thread 0x00000132de15a000 Exception <a 'java/lang/NoSuchMethodError'{0x0000000088c6b4c0}: 'void java.lang.invoke.DirectMethodHandle$Holder.invokeStatic(java.lang.Object, java.lang.Object, java.lang.Object, java.lang.Object)'> (0x0000000088c6b4c0) thrown at [./src/hotspot/share/interpreter/linkResolver.cpp, line 773]
Event: 2.229 Thread 0x00000132de15a000 Exception <a 'java/lang/NoSuchMethodError'{0x0000000088bbb370}: 'void java.lang.invoke.DirectMethodHandle$Holder.invokeSpecial(java.lang.Object, java.lang.Object)'> (0x0000000088bbb370) thrown at [./src/hotspot/share/interpreter/linkResolver.cpp, line 773]
Event: 2.279 Thread 0x00000132de15a000 Exception <a 'java/lang/NoSuchMethodError'{0x00000000888615a8}: 'void java.lang.invoke.DirectMethodHandle$Holder.invokeStaticInit(java.lang.Object, java.lang.Object)'> (0x00000000888615a8) thrown at [./src/hotspot/share/interpreter/linkResolver.cpp, line 773]
Event: 2.289 Thread 0x00000132de15a000 Exception <a 'java/lang/NoSuchMethodError'{0x000000008889ffb0}: 'void java.lang.invoke.DirectMethodHandle$Holder.invokeInterface(java.lang.Object, java.lang.Object)'> (0x000000008889ffb0) thrown at [./src/hotspot/share/interpreter/linkResolver.cpp, line 773]
Event: 2.426 Thread 0x00000132de15a000 Exception <a 'java/lang/NoSuchMethodError'{0x00000000883b4710}: 'void java.lang.invoke.DirectMethodHandle$Holder.invokeVirtual(java.lang.Object, java.lang.Object)'> (0x00000000883b4710) thrown at [./src/hotspot/share/interpreter/linkResolver.cpp, line 773]
Event: 2.437 Thread 0x00000132de15a000 Exception <a 'java/lang/NoSuchMethodError'{0x000000008822bc90}: 'int java.lang.invoke.DirectMethodHandle$Holder.invokeVirtual(java.lang.Object, java.lang.Object)'> (0x000000008822bc90) thrown at [./src/hotspot/share/interpreter/linkResolver.cpp, line 773]
Event: 3.021 Thread 0x00000132de15a000 Exception <a 'java/lang/NoSuchMethodError'{0x000000008958aed8}: 'java.lang.Object java.lang.invoke.DirectMethodHandle$Holder.invokeVirtual(java.lang.Object, java.lang.Object, java.lang.Object)'> (0x000000008958aed8) thrown at [./src/hotspot/share/interpreter/linkResolver.cpp, line 773]
Event: 4.144 Thread 0x00000132de15a000 Implicit null exception at 0x00000132e96d0684 to 0x00000132e96d080c
Event: 4.151 Thread 0x00000132de15a000 Implicit null exception at 0x00000132e96d01f0 to 0x00000132e96d02b0
Event: 4.166 Thread 0x00000132de15a000 Exception <a 'java/lang/NoSuchMethodError'{0x00000000879cd1a0}: 'java.lang.Object java.lang.invoke.Invokers$Holder.linkToTargetMethod(java.lang.Object, int, java.lang.Object)'> (0x00000000879cd1a0) thrown at [./src/hotspot/share/interpreter/linkResolver.cpp, line 773]
Event: 4.307 Thread 0x00000132de15a000 Exception <a 'java/lang/NoSuchMethodError'{0x000000008777cc40}: 'java.lang.Object java.lang.invoke.DirectMethodHandle$Holder.invokeStatic(java.lang.Object, java.lang.Object, java.lang.Object, int)'> (0x000000008777cc40) thrown at [./src/hotspot/share/interpreter/linkResolver.cpp, line 773]
Event: 4.307 Thread 0x00000132de15a000 Exception <a 'java/lang/NoSuchMethodError'{0x00000000877808b0}: 'java.lang.Object java.lang.invoke.DirectMethodHandle$Holder.invokeSpecial(java.lang.Object, java.lang.Object, java.lang.Object, java.lang.Object, int)'> (0x00000000877808b0) thrown at [./src/hotspot/share/interpreter/linkResolver.cpp, line 773]
Event: 4.308 Thread 0x00000132de15a000 Exception <a 'java/lang/NoSuchMethodError'{0x0000000087783bc0}: 'java.lang.Object java.lang.invoke.Invokers$Holder.linkToTargetMethod(java.lang.Object, java.lang.Object, int, java.lang.Object)'> (0x0000000087783bc0) thrown at [./src/hotspot/share/interpreter/linkResolver.cpp, line 773]

Events (20 events):
Event: 5.370 loading class org/jetbrains/kotlin/com/intellij/psi/impl/source/tree/injected/CommentLiteralEscaper
Event: 5.370 loading class org/jetbrains/kotlin/com/intellij/psi/impl/source/tree/injected/CommentLiteralEscaper done
Event: 5.379 loading class org/jetbrains/kotlin/com/google/common/collect/SingletonImmutableBiMap
Event: 5.379 loading class org/jetbrains/kotlin/com/google/common/collect/SingletonImmutableBiMap done
Event: 5.380 loading class org/jetbrains/kotlin/com/google/common/collect/RegularImmutableBiMap
Event: 5.380 loading class org/jetbrains/kotlin/com/google/common/collect/RegularImmutableBiMap done
Event: 5.420 loading class org/jetbrains/kotlin/load/kotlin/JvmTypeFactoryImpl$WhenMappings
Event: 5.420 loading class org/jetbrains/kotlin/load/kotlin/JvmTypeFactoryImpl$WhenMappings done
Event: 5.433 Executing VM operation: ICBufferFull
Event: 5.433 Executing VM operation: ICBufferFull done
Event: 5.446 loading class org/jetbrains/kotlin/types/typesApproximation/CapturedTypeApproximationKt
Event: 5.446 loading class org/jetbrains/kotlin/types/typesApproximation/CapturedTypeApproximationKt done
Event: 5.447 loading class org/jetbrains/kotlin/types/typesApproximation/CapturedTypeApproximationKt$approximateCapturedTypesIfNecessary$1
Event: 5.447 loading class org/jetbrains/kotlin/types/typesApproximation/CapturedTypeApproximationKt$approximateCapturedTypesIfNecessary$1 done
Event: 5.448 loading class org/jetbrains/kotlin/descriptors/impl/ReceiverParameterDescriptorImpl
Event: 5.448 loading class org/jetbrains/kotlin/descriptors/impl/ReceiverParameterDescriptorImpl done
Event: 5.448 loading class org/jetbrains/kotlin/resolve/scopes/receivers/TransientReceiver
Event: 5.448 loading class org/jetbrains/kotlin/resolve/scopes/receivers/TransientReceiver done
Event: 5.448 loading class org/jetbrains/kotlin/resolve/scopes/receivers/AbstractReceiverValue
Event: 5.448 loading class org/jetbrains/kotlin/resolve/scopes/receivers/AbstractReceiverValue done


Dynamic libraries:
0x00007ff734e60000 - 0x00007ff734e6a000 	C:\Users\Dark Knight\Desktop\Android Studio\jre\bin\java.exe
0x00007ffee3570000 - 0x00007ffee3765000 	C:\WINDOWS\SYSTEM32\ntdll.dll
0x00007ffee15f0000 - 0x00007ffee16ad000 	C:\WINDOWS\System32\KERNEL32.DLL
0x00007ffee12d0000 - 0x00007ffee1599000 	C:\WINDOWS\System32\KERNELBASE.dll
0x00007ffee0cd0000 - 0x00007ffee0dd0000 	C:\WINDOWS\System32\ucrtbase.dll
0x00007ffed9d00000 - 0x00007ffed9d19000 	C:\Users\Dark Knight\Desktop\Android Studio\jre\bin\jli.dll
0x00007ffed0a20000 - 0x00007ffed0a37000 	C:\Users\Dark Knight\Desktop\Android Studio\jre\bin\VCRUNTIME140.dll
0x00007ffee1f30000 - 0x00007ffee20d0000 	C:\WINDOWS\System32\USER32.dll
0x00007ffee0ca0000 - 0x00007ffee0cc2000 	C:\WINDOWS\System32\win32u.dll
0x00007ffee20d0000 - 0x00007ffee20fa000 	C:\WINDOWS\System32\GDI32.dll
0x00007ffecb000000 - 0x00007ffecb29a000 	C:\WINDOWS\WinSxS\amd64_microsoft.windows.common-controls_6595b64144ccf1df_6.0.19041.1110_none_60b5254171f9507e\COMCTL32.dll
0x00007ffee11c0000 - 0x00007ffee12cb000 	C:\WINDOWS\System32\gdi32full.dll
0x00007ffee32b0000 - 0x00007ffee334e000 	C:\WINDOWS\System32\msvcrt.dll
0x00007ffee0dd0000 - 0x00007ffee0e6d000 	C:\WINDOWS\System32\msvcp_win.dll
0x00007ffee23d0000 - 0x00007ffee2400000 	C:\WINDOWS\System32\IMM32.DLL
0x00007ffeb2d70000 - 0x00007ffeb2e0d000 	C:\Users\Dark Knight\Desktop\Android Studio\jre\bin\msvcp140.dll
0x00007ffe81b70000 - 0x00007ffe8262c000 	C:\Users\Dark Knight\Desktop\Android Studio\jre\bin\server\jvm.dll
0x00007ffee1780000 - 0x00007ffee182c000 	C:\WINDOWS\System32\ADVAPI32.dll
0x00007ffee1830000 - 0x00007ffee18cb000 	C:\WINDOWS\System32\sechost.dll
0x00007ffee3350000 - 0x00007ffee347a000 	C:\WINDOWS\System32\RPCRT4.dll
0x00007ffee2d90000 - 0x00007ffee2d98000 	C:\WINDOWS\System32\PSAPI.DLL
0x00007ffed0c80000 - 0x00007ffed0c89000 	C:\WINDOWS\SYSTEM32\WSOCK32.dll
0x00007ffecb2b0000 - 0x00007ffecb2d7000 	C:\WINDOWS\SYSTEM32\WINMM.dll
0x00007ffed7fc0000 - 0x00007ffed7fca000 	C:\WINDOWS\SYSTEM32\VERSION.dll
0x00007ffee2360000 - 0x00007ffee23cb000 	C:\WINDOWS\System32\WS2_32.dll
0x00007ffedf530000 - 0x00007ffedf542000 	C:\WINDOWS\SYSTEM32\kernel.appcore.dll
0x00007ffed8c00000 - 0x00007ffed8c11000 	C:\Users\Dark Knight\Desktop\Android Studio\jre\bin\verify.dll
0x00007ffedeab0000 - 0x00007ffedec94000 	C:\WINDOWS\SYSTEM32\DBGHELP.DLL
0x00007ffec9830000 - 0x00007ffec985c000 	C:\WINDOWS\SYSTEM32\dbgcore.DLL
0x00007ffee0f70000 - 0x00007ffee0ff3000 	C:\WINDOWS\System32\bcryptPrimitives.dll
0x00007ffed0990000 - 0x00007ffed09b9000 	C:\Users\Dark Knight\Desktop\Android Studio\jre\bin\java.dll
0x00007ffedc040000 - 0x00007ffedc04b000 	C:\Users\Dark Knight\Desktop\Android Studio\jre\bin\jimage.dll
0x00007ffed0970000 - 0x00007ffed0988000 	C:\Users\Dark Knight\Desktop\Android Studio\jre\bin\zip.dll
0x00007ffee25f0000 - 0x00007ffee2d2f000 	C:\WINDOWS\System32\SHELL32.dll
0x00007ffeded90000 - 0x00007ffedf520000 	C:\WINDOWS\SYSTEM32\windows.storage.dll
0x00007ffee2da0000 - 0x00007ffee30f5000 	C:\WINDOWS\System32\combase.dll
0x00007ffee0700000 - 0x00007ffee072c000 	C:\WINDOWS\SYSTEM32\Wldp.dll
0x00007ffee1e80000 - 0x00007ffee1f2e000 	C:\WINDOWS\System32\SHCORE.dll
0x00007ffee2400000 - 0x00007ffee2455000 	C:\WINDOWS\System32\shlwapi.dll
0x00007ffee0be0000 - 0x00007ffee0bff000 	C:\WINDOWS\SYSTEM32\profapi.dll
0x00007ffed0950000 - 0x00007ffed096a000 	C:\Users\Dark Knight\Desktop\Android Studio\jre\bin\net.dll
0x00007ffed5b40000 - 0x00007ffed5c48000 	C:\WINDOWS\SYSTEM32\WINHTTP.dll
0x00007ffee0460000 - 0x00007ffee04ca000 	C:\WINDOWS\system32\mswsock.dll
0x00007ffed0930000 - 0x00007ffed0944000 	C:\Users\Dark Knight\Desktop\Android Studio\jre\bin\nio.dll

dbghelp: loaded successfully - version: 4.0.5 - missing functions: none
symbol engine: initialized successfully - sym options: 0x614 - pdb path: .;C:\Users\Dark Knight\Desktop\Android Studio\jre\bin;C:\WINDOWS\SYSTEM32;C:\WINDOWS\WinSxS\amd64_microsoft.windows.common-controls_6595b64144ccf1df_6.0.19041.1110_none_60b5254171f9507e;C:\Users\Dark Knight\Desktop\Android Studio\jre\bin\server

VM Arguments:
java_command: org.jetbrains.kotlin.cli.jvm.K2JVMCompiler @C:\Android Projects\Udemy TUTORIAL\7MinuteWorkout2\app\build\20210831_2114420867728161939.compiler.options
java_class_path (initial): C:\Users\Dark Knight\.gradle\caches\modules-2\files-2.1\org.jetbrains.kotlin\kotlin-compiler-embeddable\1.5.21\40ddbcae9ff100473f95370c2d589ba3fc48eed5\kotlin-compiler-embeddable-1.5.21.jar;C:\Users\Dark Knight\.gradle\caches\modules-2\files-2.1\org.jetbrains.kotlin\kotlin-reflect\1.5.21\802f1f39735ae1eb2b75714a40fa19bb2e687e96\kotlin-reflect-1.5.21.jar;C:\Users\Dark Knight\.gradle\caches\modules-2\files-2.1\org.jetbrains.kotlin\kotlin-stdlib\1.5.21\2f537cad7e9eeb9da73738c8812e1e4cf9b62e4e\kotlin-stdlib-1.5.21.jar;C:\Users\Dark Knight\.gradle\caches\modules-2\files-2.1\org.jetbrains.kotlin\kotlin-script-runtime\1.5.21\96d49e89873fde985750af354b6eabb60cfa999b\kotlin-script-runtime-1.5.21.jar;C:\Users\Dark Knight\.gradle\caches\modules-2\files-2.1\org.jetbrains.kotlin\kotlin-daemon-embeddable\1.5.21\17255809e66a940dfdf6289bccbdfb5a09f3145\kotlin-daemon-embeddable-1.5.21.jar;C:\Users\Dark Knight\.gradle\caches\modules-2\files-2.1\org.jetbrains.intellij.deps\trove4j\1.0.20181211\216c2e14b070f334479d800987affe4054cd563f\trove4j-1.0.20181211.jar;C:\Users\Dark Knight\.gradle\caches\modules-2\files-2.1\org.jetbrains\annotations\13.0\919f0dfe192fb4e063e7dacadee7f8bb9a2672a9\annotations-13.0.jar;C:\Users\Dark Knight\.gradle\caches\modules-2\files-2.1\org.jetbrains.kotlin\kotlin-stdlib-common\1.5.21\cc8bf3586fd2ebcf234058b9440bb406e62dfacb\kotlin-stdlib-common-1.5.21.jar
Launcher Type: SUN_STANDARD

[Global flags]
     intx CICompilerCount                          = 4                                         {product} {ergonomic}
     uint ConcGCThreads                            = 2                                         {product} {ergonomic}
     uint G1ConcRefinementThreads                  = 8                                         {product} {ergonomic}
   size_t G1HeapRegionSize                         = 1048576                                   {product} {ergonomic}
    uintx GCDrainStackTargetSize                   = 64                                        {product} {ergonomic}
   size_t InitialHeapSize                          = 134217728                                 {product} {ergonomic}
   size_t MarkStackSize                            = 4194304                                   {product} {ergonomic}
   size_t MaxHeapSize                              = 2118123520                                {product} {ergonomic}
   size_t MaxNewSize                               = 1270874112                                {product} {ergonomic}
   size_t MinHeapDeltaBytes                        = 1048576                                   {product} {ergonomic}
    uintx NonNMethodCodeHeapSize                   = 5836300                                {pd product} {ergonomic}
    uintx NonProfiledCodeHeapSize                  = 122910970                              {pd product} {ergonomic}
    uintx ProfiledCodeHeapSize                     = 122910970                              {pd product} {ergonomic}
    uintx ReservedCodeCacheSize                    = 251658240                              {pd product} {ergonomic}
     bool SegmentedCodeCache                       = true                                      {product} {ergonomic}
     bool UseCompressedClassPointers               = true                                 {lp64_product} {ergonomic}
     bool UseCompressedOops                        = true                                 {lp64_product} {ergonomic}
     bool UseG1GC                                  = true                                      {product} {ergonomic}
     bool UseLargePagesIndividualAllocation        = false                                  {pd product} {ergonomic}

Logging:
Log output configuration:
 #0: stdout all=warning uptime,level,tags
 #1: stderr all=off uptime,level,tags

Environment Variables:
PATH=C:\Windows\system32;C:\Windows;C:\Windows\System32\Wbem;C:\Windows\System32\WindowsPowerShell\v1.0\;C:\Windows\System32\OpenSSH\;C:\Program Files (x86)\NVIDIA Corporation\PhysX\Common;C:\Program Files\NVIDIA Corporation\NVIDIA NvDLISR;C:\WINDOWS\system32;C:\WINDOWS;C:\WINDOWS\System32\Wbem;C:\WINDOWS\System32\WindowsPowerShell\v1.0\;C:\WINDOWS\System32\OpenSSH\;C:\MinGW\bin;C:\Program Files\MEGA-X;C:\WINDOWS\system32;C:\WINDOWS;C:\WINDOWS\System32\Wbem;C:\WINDOWS\System32\WindowsPowerShell\v1.0\;C:\WINDOWS\System32\OpenSSH\;C:\Program Files\Git\cmd;C:\Users\Dark Knight\AppData\Local\Microsoft\WindowsApps;C:\Users\Dark Knight\AppData\Local\atom\bin;C:\MinGW\bin;C:\Program Files (x86)\Microsoft Visual Studio\2019\BuildTools\MSBuild\Current\Bin;C:\Users\Dark Knight\AppData\Local\Microsoft\WindowsApps
USERNAME=Dark Knight
OS=Windows_NT
PROCESSOR_IDENTIFIER=Intel64 Family 6 Model 158 Stepping 10, GenuineIntel



---------------  S Y S T E M  ---------------

OS: Windows 10 , 64 bit Build 19041 (10.0.19041.1151)
OS uptime: 18 days 5:58 hours

CPU:total 8 (initial active 8) (4 cores per cpu, 2 threads per core) family 6 model 158 stepping 10, cmov, cx8, fxsr, mmx, sse, sse2, sse3, ssse3, sse4.1, sse4.2, popcnt, avx, avx2, aes, clmul, erms, 3dnowpref, lzcnt, ht, tsc, tscinvbit, bmi1, bmi2, adx, fma

Memory: 4k page, system-wide physical 8072M (950M free)
TotalPageFile size 12168M (AvailPageFile size 12M)
current process WorkingSet (physical memory assigned to process): 275M, peak: 283M
current process commit charge ("private bytes"): 350M, peak: 359M

vm_info: OpenJDK 64-Bit Server VM (11.0.8+10-b944.6842174) for windows-amd64 JRE (11.0.8+10-b944.6842174), built on Sep 19 2020 01:11:42 by "builder" with MS VC++ 14.0 (VS2015)

END.
