#
# There is insufficient memory for the Java Runtime Environment to continue.
# Native memory allocation (malloc) failed to allocate 2046896 bytes for Chunk::new
# Possible reasons:
#   The system is out of physical RAM or swap space
#   The process is running with CompressedOops enabled, and the Java Heap may be blocking the growth of the native heap
# Possible solutions:
#   Reduce memory load on the system
#   Increase physical memory or swap space
#   Check if swap backing store is full
#   Decrease Java heap size (-Xmx/-Xms)
#   Decrease number of Java threads
#   Decrease Java thread stack sizes (-Xss)
#   Set larger code cache with -XX:ReservedCodeCacheSize=
#   JVM is running with Unscaled Compressed Oops mode in which the Java heap is
#     placed in the first 4GB address space. The Java Heap base address is the
#     maximum limit for the native heap growth. Please use -XX:HeapBaseMinAddress
#     to set the Java Heap base and to place the Java Heap above 4GB virtual address.
# This output file may be truncated or incomplete.
#
#  Out of Memory Error (./src/hotspot/share/memory/arena.cpp:197), pid=48848, tid=44152
#
# JRE version: OpenJDK Runtime Environment (11.0.8+10) (build 11.0.8+10-b944.6842174)
# Java VM: OpenJDK 64-Bit Server VM (11.0.8+10-b944.6842174, mixed mode, tiered, compressed oops, g1 gc, windows-amd64)
# No core dump will be written. Minidumps are not enabled by default on client versions of Windows
#

---------------  S U M M A R Y ------------

Command Line: org.jetbrains.kotlin.cli.jvm.K2JVMCompiler @C:\Android Projects\Udemy TUTORIAL\7MinuteWorkout2\app\build\20210831_11606352543963401784.compiler.options

Host: Intel(R) Core(TM) i5-9300H CPU @ 2.40GHz, 8 cores, 7G,  Windows 10 , 64 bit Build 19041 (10.0.19041.1151)
Time: Tue Aug 31 10:33:16 2021 India Standard Time elapsed time: 10 seconds (0d 0h 0m 10s)

---------------  T H R E A D  ---------------

Current thread (0x000001e21d3ec800):  JavaThread "C2 CompilerThread2" daemon [_thread_in_native, id=44152, stack(0x0000006aed300000,0x0000006aed400000)]


Current CompileTask:
C2:  10098 8303   !   4       org.jetbrains.kotlin.metadata.ProtoBuf$Function::<init> (1112 bytes)

Stack: [0x0000006aed300000,0x0000006aed400000]
Native frames: (J=compiled Java code, j=interpreted, Vv=VM code, C=native code)
V  [jvm.dll+0x5de50a]
V  [jvm.dll+0x7122f5]
V  [jvm.dll+0x71384d]
V  [jvm.dll+0x713f03]
V  [jvm.dll+0x23e728]
V  [jvm.dll+0xb899c]
V  [jvm.dll+0xb8e9c]
V  [jvm.dll+0x35020b]
V  [jvm.dll+0x31dea3]
V  [jvm.dll+0x31d39a]
V  [jvm.dll+0x1f7702]
V  [jvm.dll+0x1f68d4]
V  [jvm.dll+0x17f32c]
V  [jvm.dll+0x205047]
V  [jvm.dll+0x203891]
V  [jvm.dll+0x6dad3f]
V  [jvm.dll+0x6d3895]
V  [jvm.dll+0x5dd4a6]
C  [ucrtbase.dll+0x21bb2]
C  [KERNEL32.DLL+0x17034]
C  [ntdll.dll+0x52651]


---------------  P R O C E S S  ---------------

Threads class SMR info:
_java_thread_list=0x000001e21d0ab260, length=12, elements={
0x000001e27f4bc000, 0x000001e21b351800, 0x000001e21b354800, 0x000001e21bb76800,
0x000001e21bb77800, 0x000001e21bb7b800, 0x000001e21bb7d000, 0x000001e21bbcc800,
0x000001e21bd28000, 0x000001e21bd27000, 0x000001e21d3e6000, 0x000001e21d3ec800
}

Java Threads: ( => current thread )
  0x000001e27f4bc000 JavaThread "main" [_thread_in_Java, id=43400, stack(0x0000006aebe00000,0x0000006aebf00000)]
  0x000001e21b351800 JavaThread "Reference Handler" daemon [_thread_blocked, id=24116, stack(0x0000006aec500000,0x0000006aec600000)]
  0x000001e21b354800 JavaThread "Finalizer" daemon [_thread_blocked, id=45180, stack(0x0000006aec600000,0x0000006aec700000)]
  0x000001e21bb76800 JavaThread "Signal Dispatcher" daemon [_thread_blocked, id=47236, stack(0x0000006aec700000,0x0000006aec800000)]
  0x000001e21bb77800 JavaThread "Attach Listener" daemon [_thread_blocked, id=40080, stack(0x0000006aec800000,0x0000006aec900000)]
  0x000001e21bb7b800 JavaThread "C2 CompilerThread0" daemon [_thread_in_native, id=41408, stack(0x0000006aec900000,0x0000006aeca00000)]
  0x000001e21bb7d000 JavaThread "C1 CompilerThread0" daemon [_thread_in_native, id=50124, stack(0x0000006aeca00000,0x0000006aecb00000)]
  0x000001e21bbcc800 JavaThread "Sweeper thread" daemon [_thread_blocked, id=46268, stack(0x0000006aecb00000,0x0000006aecc00000)]
  0x000001e21bd28000 JavaThread "Service Thread" daemon [_thread_blocked, id=3076, stack(0x0000006aecc00000,0x0000006aecd00000)]
  0x000001e21bd27000 JavaThread "Common-Cleaner" daemon [_thread_blocked, id=45444, stack(0x0000006aece00000,0x0000006aecf00000)]
  0x000001e21d3e6000 JavaThread "C2 CompilerThread1" daemon [_thread_in_native, id=47064, stack(0x0000006aecf00000,0x0000006aed000000)]
=>0x000001e21d3ec800 JavaThread "C2 CompilerThread2" daemon [_thread_in_native, id=44152, stack(0x0000006aed300000,0x0000006aed400000)]

Other Threads:
  0x000001e21b34f000 VMThread "VM Thread" [stack: 0x0000006aec400000,0x0000006aec500000] [id=47748]
  0x000001e21bd25800 WatcherThread [stack: 0x0000006aecd00000,0x0000006aece00000] [id=27400]
  0x000001e27f4d4000 GCTaskThread "GC Thread#0" [stack: 0x0000006aebf00000,0x0000006aec000000] [id=44652]
  0x000001e21c466000 GCTaskThread "GC Thread#1" [stack: 0x0000006aed100000,0x0000006aed200000] [id=34500]
  0x000001e21c475800 GCTaskThread "GC Thread#2" [stack: 0x0000006aed200000,0x0000006aed300000] [id=45640]
  0x000001e27f503800 ConcurrentGCThread "G1 Main Marker" [stack: 0x0000006aec000000,0x0000006aec100000] [id=34084]
  0x000001e27f505800 ConcurrentGCThread "G1 Conc#0" [stack: 0x0000006aec100000,0x0000006aec200000] [id=26508]
  0x000001e21c4e8800 ConcurrentGCThread "G1 Conc#1" [stack: 0x0000006aed000000,0x0000006aed100000] [id=48076]
  0x000001e21b191800 ConcurrentGCThread "G1 Refine#0" [stack: 0x0000006aec200000,0x0000006aec300000] [id=34472]
  0x000001e21b195000 ConcurrentGCThread "G1 Young RemSet Sampling" [stack: 0x0000006aec300000,0x0000006aec400000] [id=27444]

Threads with active compile tasks:
C2 CompilerThread0  10132 8208       4       org.jetbrains.kotlin.resolve.calls.tower.NoExplicitReceiverScopeTowerProcessor::simpleProcess (103 bytes)
C1 CompilerThread0  10132 8462       3       com.sun.org.apache.xerces.internal.impl.XMLScanner::scanAttributeValue (991 bytes)
C2 CompilerThread1  10132 8244       4       org.jetbrains.kotlin.types.TypeUtils::contains (298 bytes)
C2 CompilerThread2  10132 8303   !   4       org.jetbrains.kotlin.metadata.ProtoBuf$Function::<init> (1112 bytes)

VM state:not at safepoint (normal execution)

VM Mutex/Monitor currently owned by a thread: None

Heap address: 0x0000000081c00000, size: 2020 MB, Compressed Oops mode: 32-bit
Narrow klass base: 0x0000000000000000, Narrow klass shift: 3
Compressed class space size: 1073741824 Address: 0x0000000100000000

Heap:
 garbage-first heap   total 157696K, used 105777K [0x0000000081c00000, 0x0000000100000000)
  region size 1024K, 68 young (69632K), 11 survivors (11264K)
 Metaspace       used 58979K, capacity 59653K, committed 59724K, reserved 1101824K
  class space    used 6482K, capacity 6739K, committed 6784K, reserved 1048576K
Heap Regions: E=young(eden), S=young(survivor), O=old, HS=humongous(starts), HC=humongous(continues), CS=collection set, F=free, A=archive, TAMS=top-at-mark-start (previous, next)
|   0|0x0000000081c00000, 0x0000000081d00000, 0x0000000081d00000|100%|HS|  |TAMS 0x0000000081d00000, 0x0000000081c00000| Complete 
|   1|0x0000000081d00000, 0x0000000081e00000, 0x0000000081e00000|100%|HC|  |TAMS 0x0000000081e00000, 0x0000000081d00000| Complete 
|   2|0x0000000081e00000, 0x0000000081f00000, 0x0000000081f00000|100%|HC|  |TAMS 0x0000000081f00000, 0x0000000081e00000| Complete 
|   3|0x0000000081f00000, 0x0000000082000000, 0x0000000082000000|100%|HS|  |TAMS 0x0000000082000000, 0x0000000081f00000| Complete 
|   4|0x0000000082000000, 0x0000000082100000, 0x0000000082100000|100%|HC|  |TAMS 0x0000000082100000, 0x0000000082000000| Complete 
|   5|0x0000000082100000, 0x0000000082200000, 0x0000000082200000|100%|HC|  |TAMS 0x0000000082200000, 0x0000000082100000| Complete 
|   6|0x0000000082200000, 0x0000000082300000, 0x0000000082300000|100%|HS|  |TAMS 0x0000000082300000, 0x0000000082200000| Complete 
|   7|0x0000000082300000, 0x0000000082400000, 0x0000000082400000|100%|HC|  |TAMS 0x0000000082400000, 0x0000000082300000| Complete 
|   8|0x0000000082400000, 0x0000000082500000, 0x0000000082500000|100%|HC|  |TAMS 0x0000000082500000, 0x0000000082400000| Complete 
|   9|0x0000000082500000, 0x0000000082600000, 0x0000000082600000|100%|HS|  |TAMS 0x0000000082600000, 0x0000000082500000| Complete 
|  10|0x0000000082600000, 0x0000000082700000, 0x0000000082700000|100%|HC|  |TAMS 0x0000000082700000, 0x0000000082600000| Complete 
|  11|0x0000000082700000, 0x0000000082800000, 0x0000000082800000|100%| O|  |TAMS 0x0000000082800000, 0x0000000082700000| Untracked 
|  12|0x0000000082800000, 0x0000000082900000, 0x0000000082900000|100%| O|  |TAMS 0x0000000082900000, 0x0000000082800000| Untracked 
|  13|0x0000000082900000, 0x0000000082a00000, 0x0000000082a00000|100%| O|  |TAMS 0x0000000082a00000, 0x0000000082900000| Untracked 
|  14|0x0000000082a00000, 0x0000000082b00000, 0x0000000082b00000|100%| O|  |TAMS 0x0000000082b00000, 0x0000000082a00000| Untracked 
|  15|0x0000000082b00000, 0x0000000082c00000, 0x0000000082c00000|100%| O|  |TAMS 0x0000000082c00000, 0x0000000082b00000| Untracked 
|  16|0x0000000082c00000, 0x0000000082d00000, 0x0000000082d00000|100%| O|  |TAMS 0x0000000082d00000, 0x0000000082c00000| Untracked 
|  17|0x0000000082d00000, 0x0000000082e00000, 0x0000000082e00000|100%| O|  |TAMS 0x0000000082e00000, 0x0000000082d00000| Untracked 
|  18|0x0000000082e00000, 0x0000000082f00000, 0x0000000082f00000|100%| O|  |TAMS 0x0000000082f00000, 0x0000000082e00000| Untracked 
|  19|0x0000000082f00000, 0x0000000083000000, 0x0000000083000000|100%| O|  |TAMS 0x0000000083000000, 0x0000000082f00000| Untracked 
|  20|0x0000000083000000, 0x0000000083100000, 0x0000000083100000|100%| O|  |TAMS 0x0000000083100000, 0x0000000083000000| Untracked 
|  21|0x0000000083100000, 0x0000000083200000, 0x0000000083200000|100%| O|  |TAMS 0x0000000083200000, 0x0000000083100000| Untracked 
|  22|0x0000000083200000, 0x0000000083300000, 0x0000000083300000|100%| O|  |TAMS 0x0000000083300000, 0x0000000083200000| Untracked 
|  23|0x0000000083300000, 0x0000000083400000, 0x0000000083400000|100%| O|  |TAMS 0x0000000083300000, 0x0000000083300000| Untracked 
|  24|0x0000000083400000, 0x0000000083500000, 0x0000000083500000|100%| O|  |TAMS 0x0000000083400000, 0x0000000083400000| Untracked 
|  25|0x0000000083500000, 0x0000000083600000, 0x0000000083600000|100%| O|  |TAMS 0x0000000083500000, 0x0000000083500000| Untracked 
|  26|0x0000000083600000, 0x0000000083700000, 0x0000000083700000|100%| O|  |TAMS 0x0000000083600000, 0x0000000083600000| Untracked 
|  27|0x0000000083700000, 0x0000000083800000, 0x0000000083800000|100%| O|  |TAMS 0x0000000083700000, 0x0000000083700000| Untracked 
|  28|0x0000000083800000, 0x0000000083900000, 0x0000000083900000|100%| O|  |TAMS 0x0000000083800000, 0x0000000083800000| Untracked 
|  29|0x0000000083900000, 0x0000000083a00000, 0x0000000083a00000|100%| O|  |TAMS 0x0000000083900000, 0x0000000083900000| Untracked 
|  30|0x0000000083a00000, 0x0000000083b00000, 0x0000000083b00000|100%| O|  |TAMS 0x0000000083a00000, 0x0000000083a00000| Untracked 
|  31|0x0000000083b00000, 0x0000000083c00000, 0x0000000083c00000|100%| O|  |TAMS 0x0000000083b00000, 0x0000000083b00000| Untracked 
|  32|0x0000000083c00000, 0x0000000083d00000, 0x0000000083d00000|100%| O|  |TAMS 0x0000000083c00000, 0x0000000083c00000| Untracked 
|  33|0x0000000083d00000, 0x0000000083e00000, 0x0000000083e00000|100%| O|  |TAMS 0x0000000083d00000, 0x0000000083d00000| Untracked 
|  34|0x0000000083e00000, 0x0000000083f00000, 0x0000000083f00000|100%| O|  |TAMS 0x0000000083e00000, 0x0000000083e00000| Untracked 
|  35|0x0000000083f00000, 0x0000000083f4c400, 0x0000000084000000| 29%| O|  |TAMS 0x0000000083f00000, 0x0000000083f00000| Untracked 
|  36|0x0000000084000000, 0x0000000084100000, 0x0000000084100000|100%|HS|  |TAMS 0x0000000084000000, 0x0000000084000000| Complete 
|  37|0x0000000084100000, 0x0000000084100000, 0x0000000084200000|  0%| F|  |TAMS 0x0000000084100000, 0x0000000084100000| Untracked 
|  38|0x0000000084200000, 0x0000000084200000, 0x0000000084300000|  0%| F|  |TAMS 0x0000000084200000, 0x0000000084200000| Untracked 
|  39|0x0000000084300000, 0x0000000084300000, 0x0000000084400000|  0%| F|  |TAMS 0x0000000084300000, 0x0000000084300000| Untracked 
|  40|0x0000000084400000, 0x0000000084400000, 0x0000000084500000|  0%| F|  |TAMS 0x0000000084400000, 0x0000000084400000| Untracked 
|  41|0x0000000084500000, 0x0000000084500000, 0x0000000084600000|  0%| F|  |TAMS 0x0000000084500000, 0x0000000084500000| Untracked 
|  42|0x0000000084600000, 0x0000000084600000, 0x0000000084700000|  0%| F|  |TAMS 0x0000000084600000, 0x0000000084600000| Untracked 
|  43|0x0000000084700000, 0x0000000084700000, 0x0000000084800000|  0%| F|  |TAMS 0x0000000084700000, 0x0000000084700000| Untracked 
|  44|0x0000000084800000, 0x0000000084800000, 0x0000000084900000|  0%| F|  |TAMS 0x0000000084800000, 0x0000000084800000| Untracked 
|  45|0x0000000084900000, 0x0000000084900000, 0x0000000084a00000|  0%| F|  |TAMS 0x0000000084900000, 0x0000000084900000| Untracked 
|  46|0x0000000084a00000, 0x0000000084a00000, 0x0000000084b00000|  0%| F|  |TAMS 0x0000000084a00000, 0x0000000084a00000| Untracked 
|  47|0x0000000084b00000, 0x0000000084b00000, 0x0000000084c00000|  0%| F|  |TAMS 0x0000000084b00000, 0x0000000084b00000| Untracked 
|  48|0x0000000084c00000, 0x0000000084c00000, 0x0000000084d00000|  0%| F|  |TAMS 0x0000000084c00000, 0x0000000084c00000| Untracked 
|  49|0x0000000084d00000, 0x0000000084d00000, 0x0000000084e00000|  0%| F|  |TAMS 0x0000000084d00000, 0x0000000084d00000| Untracked 
|  50|0x0000000084e00000, 0x0000000084e00000, 0x0000000084f00000|  0%| F|  |TAMS 0x0000000084e00000, 0x0000000084e00000| Untracked 
|  51|0x0000000084f00000, 0x0000000084f00000, 0x0000000085000000|  0%| F|  |TAMS 0x0000000084f00000, 0x0000000084f00000| Untracked 
|  52|0x0000000085000000, 0x0000000085000000, 0x0000000085100000|  0%| F|  |TAMS 0x0000000085000000, 0x0000000085000000| Untracked 
|  53|0x0000000085100000, 0x0000000085100000, 0x0000000085200000|  0%| F|  |TAMS 0x0000000085100000, 0x0000000085100000| Untracked 
|  54|0x0000000085200000, 0x0000000085200000, 0x0000000085300000|  0%| F|  |TAMS 0x0000000085200000, 0x0000000085200000| Untracked 
|  55|0x0000000085300000, 0x0000000085300000, 0x0000000085400000|  0%| F|  |TAMS 0x0000000085300000, 0x0000000085300000| Untracked 
|  56|0x0000000085400000, 0x0000000085400000, 0x0000000085500000|  0%| F|  |TAMS 0x0000000085400000, 0x0000000085400000| Untracked 
|  57|0x0000000085500000, 0x0000000085500000, 0x0000000085600000|  0%| F|  |TAMS 0x0000000085500000, 0x0000000085500000| Untracked 
|  58|0x0000000085600000, 0x0000000085600000, 0x0000000085700000|  0%| F|  |TAMS 0x0000000085600000, 0x0000000085600000| Untracked 
|  59|0x0000000085700000, 0x0000000085700000, 0x0000000085800000|  0%| F|  |TAMS 0x0000000085700000, 0x0000000085700000| Untracked 
|  60|0x0000000085800000, 0x0000000085800000, 0x0000000085900000|  0%| F|  |TAMS 0x0000000085800000, 0x0000000085800000| Untracked 
|  61|0x0000000085900000, 0x0000000085900000, 0x0000000085a00000|  0%| F|  |TAMS 0x0000000085900000, 0x0000000085900000| Untracked 
|  62|0x0000000085a00000, 0x0000000085b00000, 0x0000000085b00000|100%| S|CS|TAMS 0x0000000085a00000, 0x0000000085a00000| Complete 
|  63|0x0000000085b00000, 0x0000000085b00000, 0x0000000085c00000|  0%| F|  |TAMS 0x0000000085b00000, 0x0000000085b00000| Untracked 
|  64|0x0000000085c00000, 0x0000000085c00000, 0x0000000085d00000|  0%| F|  |TAMS 0x0000000085c00000, 0x0000000085c00000| Untracked 
|  65|0x0000000085d00000, 0x0000000085d00000, 0x0000000085e00000|  0%| F|  |TAMS 0x0000000085d00000, 0x0000000085d00000| Untracked 
|  66|0x0000000085e00000, 0x0000000085e00000, 0x0000000085f00000|  0%| F|  |TAMS 0x0000000085e00000, 0x0000000085e00000| Untracked 
|  67|0x0000000085f00000, 0x0000000085f00000, 0x0000000086000000|  0%| F|  |TAMS 0x0000000085f00000, 0x0000000085f00000| Untracked 
|  68|0x0000000086000000, 0x0000000086000000, 0x0000000086100000|  0%| F|  |TAMS 0x0000000086000000, 0x0000000086000000| Untracked 
|  69|0x0000000086100000, 0x0000000086200000, 0x0000000086200000|100%| S|CS|TAMS 0x0000000086100000, 0x0000000086100000| Complete 
|  70|0x0000000086200000, 0x0000000086300000, 0x0000000086300000|100%| S|CS|TAMS 0x0000000086200000, 0x0000000086200000| Complete 
|  71|0x0000000086300000, 0x0000000086400000, 0x0000000086400000|100%| S|CS|TAMS 0x0000000086300000, 0x0000000086300000| Complete 
|  72|0x0000000086400000, 0x0000000086500000, 0x0000000086500000|100%| S|CS|TAMS 0x0000000086400000, 0x0000000086400000| Complete 
|  73|0x0000000086500000, 0x0000000086600000, 0x0000000086600000|100%| S|CS|TAMS 0x0000000086500000, 0x0000000086500000| Complete 
|  74|0x0000000086600000, 0x0000000086700000, 0x0000000086700000|100%| S|CS|TAMS 0x0000000086600000, 0x0000000086600000| Complete 
|  75|0x0000000086700000, 0x0000000086800000, 0x0000000086800000|100%| S|CS|TAMS 0x0000000086700000, 0x0000000086700000| Complete 
|  76|0x0000000086800000, 0x0000000086800000, 0x0000000086900000|  0%| F|  |TAMS 0x0000000086800000, 0x0000000086800000| Untracked 
|  77|0x0000000086900000, 0x0000000086a00000, 0x0000000086a00000|100%| S|CS|TAMS 0x0000000086900000, 0x0000000086900000| Complete 
|  78|0x0000000086a00000, 0x0000000086b00000, 0x0000000086b00000|100%| S|CS|TAMS 0x0000000086a00000, 0x0000000086a00000| Complete 
|  79|0x0000000086b00000, 0x0000000086c00000, 0x0000000086c00000|100%| S|CS|TAMS 0x0000000086b00000, 0x0000000086b00000| Complete 
|  80|0x0000000086c00000, 0x0000000086c00000, 0x0000000086d00000|  0%| F|  |TAMS 0x0000000086c00000, 0x0000000086c00000| Untracked 
|  81|0x0000000086d00000, 0x0000000086d00000, 0x0000000086e00000|  0%| F|  |TAMS 0x0000000086d00000, 0x0000000086d00000| Untracked 
|  82|0x0000000086e00000, 0x0000000086e00000, 0x0000000086f00000|  0%| F|  |TAMS 0x0000000086e00000, 0x0000000086e00000| Untracked 
|  83|0x0000000086f00000, 0x0000000086f00000, 0x0000000087000000|  0%| F|  |TAMS 0x0000000086f00000, 0x0000000086f00000| Untracked 
|  84|0x0000000087000000, 0x0000000087000000, 0x0000000087100000|  0%| F|  |TAMS 0x0000000087000000, 0x0000000087000000| Untracked 
|  85|0x0000000087100000, 0x0000000087100000, 0x0000000087200000|  0%| F|  |TAMS 0x0000000087100000, 0x0000000087100000| Untracked 
|  86|0x0000000087200000, 0x0000000087200000, 0x0000000087300000|  0%| F|  |TAMS 0x0000000087200000, 0x0000000087200000| Untracked 
|  87|0x0000000087300000, 0x0000000087300000, 0x0000000087400000|  0%| F|  |TAMS 0x0000000087300000, 0x0000000087300000| Untracked 
|  88|0x0000000087400000, 0x0000000087400000, 0x0000000087500000|  0%| F|  |TAMS 0x0000000087400000, 0x0000000087400000| Untracked 
|  89|0x0000000087500000, 0x0000000087500000, 0x0000000087600000|  0%| F|  |TAMS 0x0000000087500000, 0x0000000087500000| Untracked 
|  90|0x0000000087600000, 0x0000000087600000, 0x0000000087700000|  0%| F|  |TAMS 0x0000000087600000, 0x0000000087600000| Untracked 
|  91|0x0000000087700000, 0x0000000087700000, 0x0000000087800000|  0%| F|  |TAMS 0x0000000087700000, 0x0000000087700000| Untracked 
|  92|0x0000000087800000, 0x0000000087800000, 0x0000000087900000|  0%| F|  |TAMS 0x0000000087800000, 0x0000000087800000| Untracked 
|  93|0x0000000087900000, 0x0000000087900000, 0x0000000087a00000|  0%| F|  |TAMS 0x0000000087900000, 0x0000000087900000| Untracked 
|  94|0x0000000087a00000, 0x0000000087a00000, 0x0000000087b00000|  0%| F|  |TAMS 0x0000000087a00000, 0x0000000087a00000| Untracked 
|  95|0x0000000087b00000, 0x0000000087b00000, 0x0000000087c00000|  0%| F|  |TAMS 0x0000000087b00000, 0x0000000087b00000| Untracked 
|  96|0x0000000087c00000, 0x0000000087c00000, 0x0000000087d00000|  0%| F|  |TAMS 0x0000000087c00000, 0x0000000087c00000| Untracked 
|  97|0x0000000087d00000, 0x0000000087e00000, 0x0000000087e00000|100%| E|  |TAMS 0x0000000087d00000, 0x0000000087d00000| Complete 
|  98|0x0000000087e00000, 0x0000000087f00000, 0x0000000087f00000|100%| E|CS|TAMS 0x0000000087e00000, 0x0000000087e00000| Complete 
|  99|0x0000000087f00000, 0x0000000088000000, 0x0000000088000000|100%| E|CS|TAMS 0x0000000087f00000, 0x0000000087f00000| Complete 
| 100|0x0000000088000000, 0x0000000088100000, 0x0000000088100000|100%| E|CS|TAMS 0x0000000088000000, 0x0000000088000000| Complete 
| 101|0x0000000088100000, 0x0000000088200000, 0x0000000088200000|100%| E|CS|TAMS 0x0000000088100000, 0x0000000088100000| Complete 
| 102|0x0000000088200000, 0x0000000088300000, 0x0000000088300000|100%| E|CS|TAMS 0x0000000088200000, 0x0000000088200000| Complete 
| 103|0x0000000088300000, 0x0000000088400000, 0x0000000088400000|100%| E|CS|TAMS 0x0000000088300000, 0x0000000088300000| Complete 
| 104|0x0000000088400000, 0x0000000088500000, 0x0000000088500000|100%| E|CS|TAMS 0x0000000088400000, 0x0000000088400000| Complete 
| 105|0x0000000088500000, 0x0000000088600000, 0x0000000088600000|100%| E|CS|TAMS 0x0000000088500000, 0x0000000088500000| Complete 
| 106|0x0000000088600000, 0x0000000088700000, 0x0000000088700000|100%| E|CS|TAMS 0x0000000088600000, 0x0000000088600000| Complete 
| 107|0x0000000088700000, 0x0000000088800000, 0x0000000088800000|100%| E|CS|TAMS 0x0000000088700000, 0x0000000088700000| Complete 
| 108|0x0000000088800000, 0x0000000088900000, 0x0000000088900000|100%| E|CS|TAMS 0x0000000088800000, 0x0000000088800000| Complete 
| 109|0x0000000088900000, 0x0000000088a00000, 0x0000000088a00000|100%| E|CS|TAMS 0x0000000088900000, 0x0000000088900000| Complete 
| 110|0x0000000088a00000, 0x0000000088b00000, 0x0000000088b00000|100%| E|CS|TAMS 0x0000000088a00000, 0x0000000088a00000| Complete 
| 111|0x0000000088b00000, 0x0000000088c00000, 0x0000000088c00000|100%| E|CS|TAMS 0x0000000088b00000, 0x0000000088b00000| Complete 
| 112|0x0000000088c00000, 0x0000000088d00000, 0x0000000088d00000|100%| E|CS|TAMS 0x0000000088c00000, 0x0000000088c00000| Complete 
| 113|0x0000000088d00000, 0x0000000088e00000, 0x0000000088e00000|100%| E|CS|TAMS 0x0000000088d00000, 0x0000000088d00000| Complete 
| 114|0x0000000088e00000, 0x0000000088f00000, 0x0000000088f00000|100%| E|CS|TAMS 0x0000000088e00000, 0x0000000088e00000| Complete 
| 115|0x0000000088f00000, 0x0000000089000000, 0x0000000089000000|100%| E|CS|TAMS 0x0000000088f00000, 0x0000000088f00000| Complete 
| 116|0x0000000089000000, 0x0000000089100000, 0x0000000089100000|100%| E|CS|TAMS 0x0000000089000000, 0x0000000089000000| Complete 
| 117|0x0000000089100000, 0x0000000089200000, 0x0000000089200000|100%| E|CS|TAMS 0x0000000089100000, 0x0000000089100000| Complete 
| 118|0x0000000089200000, 0x0000000089300000, 0x0000000089300000|100%| E|CS|TAMS 0x0000000089200000, 0x0000000089200000| Complete 
| 119|0x0000000089300000, 0x0000000089400000, 0x0000000089400000|100%| E|CS|TAMS 0x0000000089300000, 0x0000000089300000| Complete 
| 120|0x0000000089400000, 0x0000000089500000, 0x0000000089500000|100%| E|CS|TAMS 0x0000000089400000, 0x0000000089400000| Complete 
| 121|0x0000000089500000, 0x0000000089600000, 0x0000000089600000|100%| E|CS|TAMS 0x0000000089500000, 0x0000000089500000| Complete 
| 122|0x0000000089600000, 0x0000000089700000, 0x0000000089700000|100%| E|CS|TAMS 0x0000000089600000, 0x0000000089600000| Complete 
| 123|0x0000000089700000, 0x0000000089800000, 0x0000000089800000|100%| E|CS|TAMS 0x0000000089700000, 0x0000000089700000| Complete 
| 124|0x0000000089800000, 0x0000000089900000, 0x0000000089900000|100%| E|CS|TAMS 0x0000000089800000, 0x0000000089800000| Complete 
| 125|0x0000000089900000, 0x0000000089a00000, 0x0000000089a00000|100%| E|CS|TAMS 0x0000000089900000, 0x0000000089900000| Complete 
| 126|0x0000000089a00000, 0x0000000089b00000, 0x0000000089b00000|100%| E|CS|TAMS 0x0000000089a00000, 0x0000000089a00000| Complete 
| 127|0x0000000089b00000, 0x0000000089c00000, 0x0000000089c00000|100%| E|CS|TAMS 0x0000000089b00000, 0x0000000089b00000| Complete 
| 128|0x0000000089c00000, 0x0000000089d00000, 0x0000000089d00000|100%| E|CS|TAMS 0x0000000089c00000, 0x0000000089c00000| Complete 
| 129|0x0000000089d00000, 0x0000000089e00000, 0x0000000089e00000|100%| E|CS|TAMS 0x0000000089d00000, 0x0000000089d00000| Complete 
| 130|0x0000000089e00000, 0x0000000089f00000, 0x0000000089f00000|100%| E|CS|TAMS 0x0000000089e00000, 0x0000000089e00000| Complete 
| 131|0x0000000089f00000, 0x000000008a000000, 0x000000008a000000|100%| E|CS|TAMS 0x0000000089f00000, 0x0000000089f00000| Complete 
| 132|0x000000008a000000, 0x000000008a100000, 0x000000008a100000|100%| E|CS|TAMS 0x000000008a000000, 0x000000008a000000| Complete 
| 133|0x000000008a100000, 0x000000008a200000, 0x000000008a200000|100%| E|CS|TAMS 0x000000008a100000, 0x000000008a100000| Complete 
| 134|0x000000008a200000, 0x000000008a300000, 0x000000008a300000|100%| E|CS|TAMS 0x000000008a200000, 0x000000008a200000| Complete 
| 135|0x000000008a300000, 0x000000008a400000, 0x000000008a400000|100%| E|CS|TAMS 0x000000008a300000, 0x000000008a300000| Complete 
| 136|0x000000008a400000, 0x000000008a500000, 0x000000008a500000|100%| E|CS|TAMS 0x000000008a400000, 0x000000008a400000| Complete 
| 137|0x000000008a500000, 0x000000008a600000, 0x000000008a600000|100%| E|CS|TAMS 0x000000008a500000, 0x000000008a500000| Complete 
| 138|0x000000008a600000, 0x000000008a700000, 0x000000008a700000|100%| E|CS|TAMS 0x000000008a600000, 0x000000008a600000| Complete 
| 139|0x000000008a700000, 0x000000008a800000, 0x000000008a800000|100%| E|CS|TAMS 0x000000008a700000, 0x000000008a700000| Complete 
| 140|0x000000008a800000, 0x000000008a900000, 0x000000008a900000|100%| E|CS|TAMS 0x000000008a800000, 0x000000008a800000| Complete 
| 141|0x000000008a900000, 0x000000008aa00000, 0x000000008aa00000|100%| E|CS|TAMS 0x000000008a900000, 0x000000008a900000| Complete 
| 142|0x000000008aa00000, 0x000000008ab00000, 0x000000008ab00000|100%| E|CS|TAMS 0x000000008aa00000, 0x000000008aa00000| Complete 
| 143|0x000000008ab00000, 0x000000008ac00000, 0x000000008ac00000|100%| E|CS|TAMS 0x000000008ab00000, 0x000000008ab00000| Complete 
| 144|0x000000008ac00000, 0x000000008ad00000, 0x000000008ad00000|100%| E|CS|TAMS 0x000000008ac00000, 0x000000008ac00000| Complete 
| 145|0x000000008ad00000, 0x000000008ae00000, 0x000000008ae00000|100%| E|CS|TAMS 0x000000008ad00000, 0x000000008ad00000| Complete 
| 146|0x000000008ae00000, 0x000000008af00000, 0x000000008af00000|100%| E|CS|TAMS 0x000000008ae00000, 0x000000008ae00000| Complete 
| 147|0x000000008af00000, 0x000000008b000000, 0x000000008b000000|100%| E|CS|TAMS 0x000000008af00000, 0x000000008af00000| Complete 
| 148|0x000000008b000000, 0x000000008b100000, 0x000000008b100000|100%| E|CS|TAMS 0x000000008b000000, 0x000000008b000000| Complete 
| 149|0x000000008b100000, 0x000000008b200000, 0x000000008b200000|100%| E|CS|TAMS 0x000000008b100000, 0x000000008b100000| Complete 
| 150|0x000000008b200000, 0x000000008b300000, 0x000000008b300000|100%| E|CS|TAMS 0x000000008b200000, 0x000000008b200000| Complete 
| 151|0x000000008b300000, 0x000000008b400000, 0x000000008b400000|100%| E|CS|TAMS 0x000000008b300000, 0x000000008b300000| Complete 
| 152|0x000000008b400000, 0x000000008b500000, 0x000000008b500000|100%| E|CS|TAMS 0x000000008b400000, 0x000000008b400000| Complete 
| 153|0x000000008b500000, 0x000000008b600000, 0x000000008b600000|100%| E|CS|TAMS 0x000000008b500000, 0x000000008b500000| Complete 

Card table byte_map: [0x000001e2141c0000,0x000001e2145c0000] _byte_map_base: 0x000001e213db2000

Marking Bits (Prev, Next): (CMBitMap*) 0x000001e27f4fab78, (CMBitMap*) 0x000001e27f4fabb0
 Prev Bits: [0x000001e2149c0000, 0x000001e216950000)
 Next Bits: [0x000001e216950000, 0x000001e2188e0000)

Polling page: 0x000001e27f280000

Metaspace:

Usage:
  Non-class:     51.67 MB capacity,    51.27 MB (>99%) used,   319.69 KB ( <1%) free+waste,    89.25 KB ( <1%) overhead. 
      Class:      6.58 MB capacity,     6.33 MB ( 96%) used,   220.16 KB (  3%) free+waste,    35.88 KB ( <1%) overhead. 
       Both:     58.25 MB capacity,    57.61 MB ( 99%) used,   539.84 KB ( <1%) free+waste,   125.13 KB ( <1%) overhead. 

Virtual space:
  Non-class space:       52.00 MB reserved,      51.70 MB (>99%) committed 
      Class space:        1.00 GB reserved,       6.63 MB ( <1%) committed 
             Both:        1.05 GB reserved,      58.32 MB (  5%) committed 

Chunk freelists:
   Non-Class:  26.00 KB
       Class:  13.00 KB
        Both:  39.00 KB

MaxMetaspaceSize: 17179869184.00 GB
CompressedClassSpaceSize: 1.00 GB

CodeHeap 'non-profiled nmethods': size=120000Kb used=4267Kb max_used=4267Kb free=115732Kb
 bounds [0x000001e20c780000, 0x000001e20cbb0000, 0x000001e213cb0000]
CodeHeap 'profiled nmethods': size=120000Kb used=24102Kb max_used=24102Kb free=95897Kb
 bounds [0x000001e205250000, 0x000001e2069e0000, 0x000001e20c780000]
CodeHeap 'non-nmethods': size=5760Kb used=1212Kb max_used=1264Kb free=4547Kb
 bounds [0x000001e204cb0000, 0x000001e204f20000, 0x000001e205250000]
 total_blobs=8986 nmethods=8417 adapters=477
 compilation: enabled
              stopped_count=0, restarted_count=0
 full_count=0

Compilation events (20 events):
Event: 10.047 Thread 0x000001e21bb7d000 nmethod 8418 0x000001e206995910 code [0x000001e206996020, 0x000001e20699a4b8]
Event: 10.048 Thread 0x000001e21bb7d000 8417       3       org.jetbrains.kotlin.resolve.calls.components.InferenceSession$Companion$default$1::shouldCompleteResolvedSubAtomsOf (8 bytes)
Event: 10.048 Thread 0x000001e21bb7d000 nmethod 8417 0x000001e20699b990 code [0x000001e20699bbc0, 0x000001e20699c138]
Event: 10.048 Thread 0x000001e21bb7d000 8419       3       org.jetbrains.kotlin.resolve.calls.tower.ResolvedAtomCompleter::completeResolvedCall (348 bytes)
Event: 10.050 Thread 0x000001e21bb7d000 nmethod 8419 0x000001e20699c390 code [0x000001e20699c820, 0x000001e20699e998]
Event: 10.051 Thread 0x000001e21bb7d000 8410       3       org.jetbrains.kotlin.extensions.internal.CandidateInterceptor::interceptFunctionCandidates (134 bytes)
Event: 10.053 Thread 0x000001e21bb7d000 nmethod 8410 0x000001e20699f410 code [0x000001e20699f980, 0x000001e2069a2078]
Event: 10.053 Thread 0x000001e21bb7d000 8420       3       org.jetbrains.kotlin.resolve.calls.tower.KotlinToResolvedCallTransformer::bind$frontend (119 bytes)
Event: 10.054 Thread 0x000001e21bb7d000 nmethod 8420 0x000001e2069a2f10 code [0x000001e2069a3200, 0x000001e2069a4178]
Event: 10.054 Thread 0x000001e21bb7d000 8421       3       org.jetbrains.kotlin.resolve.calls.tower.KotlinToResolvedCallTransformer::bind (37 bytes)
Event: 10.055 Thread 0x000001e21bb7d000 nmethod 8421 0x000001e2069a4610 code [0x000001e2069a4820, 0x000001e2069a4c88]
Event: 10.055 Thread 0x000001e21bb7d000 8422       3       org.jetbrains.kotlin.resolve.calls.checkers.ImplicitNothingAsTypeParameterCallChecker::findFunctionsWithImplicitNothingAndReport (514 bytes)
Event: 10.057 Thread 0x000001e21bb7d000 nmethod 8422 0x000001e2069a4e10 code [0x000001e2069a54a0, 0x000001e2069a91e8]
Event: 10.057 Thread 0x000001e21bb7d000 8423       3       org.jetbrains.kotlin.resolve.calls.tower.KotlinToResolvedCallTransformer::runAdditionalReceiversCheckers (86 bytes)
Event: 10.058 Thread 0x000001e21bb7d000 nmethod 8423 0x000001e2069aa510 code [0x000001e2069aa880, 0x000001e2069abcb8]
Event: 10.058 Thread 0x000001e21bb7d000 8424       3       org.jetbrains.kotlin.resolve.calls.tasks.ExplicitReceiverKind::isExtensionReceiver (20 bytes)
Event: 10.058 Thread 0x000001e21bb7d000 nmethod 8424 0x000001e2069ac310 code [0x000001e2069ac4c0, 0x000001e2069ac678]
Event: 10.058 Thread 0x000001e21bb7d000 8425       3       org.jetbrains.kotlin.resolve.calls.tasks.ExplicitReceiverKind::isDispatchReceiver (20 bytes)
Event: 10.059 Thread 0x000001e21bb7d000 nmethod 8425 0x000001e2069ac710 code [0x000001e2069ac8c0, 0x000001e2069aca78]
Event: 10.059 Thread 0x000001e21bb7d000 8426       3       org.jetbrains.kotlin.resolve.calls.tower.KotlinToResolvedCallTransformer::reportDiagnostics (130 bytes)

GC Heap History (14 events):
Event: 1.306 GC heap before
{Heap before GC invocations=0 (full 0):
 garbage-first heap   total 131072K, used 27648K [0x0000000081c00000, 0x0000000100000000)
  region size 1024K, 24 young (24576K), 0 survivors (0K)
 Metaspace       used 12313K, capacity 12405K, committed 12544K, reserved 1060864K
  class space    used 1155K, capacity 1174K, committed 1280K, reserved 1048576K
}
Event: 1.311 GC heap after
{Heap after GC invocations=1 (full 0):
 garbage-first heap   total 131072K, used 5633K [0x0000000081c00000, 0x0000000100000000)
  region size 1024K, 3 young (3072K), 3 survivors (3072K)
 Metaspace       used 12313K, capacity 12405K, committed 12544K, reserved 1060864K
  class space    used 1155K, capacity 1174K, committed 1280K, reserved 1048576K
}
Event: 2.442 GC heap before
{Heap before GC invocations=1 (full 0):
 garbage-first heap   total 131072K, used 41473K [0x0000000081c00000, 0x0000000100000000)
  region size 1024K, 39 young (39936K), 3 survivors (3072K)
 Metaspace       used 20965K, capacity 21201K, committed 21248K, reserved 1069056K
  class space    used 2216K, capacity 2297K, committed 2304K, reserved 1048576K
}
Event: 2.462 GC heap after
{Heap after GC invocations=2 (full 0):
 garbage-first heap   total 131072K, used 9436K [0x0000000081c00000, 0x0000000100000000)
  region size 1024K, 7 young (7168K), 7 survivors (7168K)
 Metaspace       used 20965K, capacity 21201K, committed 21248K, reserved 1069056K
  class space    used 2216K, capacity 2297K, committed 2304K, reserved 1048576K
}
Event: 3.666 GC heap before
{Heap before GC invocations=3 (full 0):
 garbage-first heap   total 131072K, used 66780K [0x0000000081c00000, 0x0000000100000000)
  region size 1024K, 55 young (56320K), 7 survivors (7168K)
 Metaspace       used 31727K, capacity 32222K, committed 32384K, reserved 1077248K
  class space    used 3776K, capacity 3939K, committed 3968K, reserved 1048576K
}
Event: 3.683 GC heap after
{Heap after GC invocations=4 (full 0):
 garbage-first heap   total 131072K, used 23639K [0x0000000081c00000, 0x0000000100000000)
  region size 1024K, 6 young (6144K), 6 survivors (6144K)
 Metaspace       used 31727K, capacity 32222K, committed 32384K, reserved 1077248K
  class space    used 3776K, capacity 3939K, committed 3968K, reserved 1048576K
}
Event: 3.984 GC heap before
{Heap before GC invocations=4 (full 0):
 garbage-first heap   total 131072K, used 40023K [0x0000000081c00000, 0x0000000100000000)
  region size 1024K, 23 young (23552K), 6 survivors (6144K)
 Metaspace       used 35189K, capacity 35704K, committed 35840K, reserved 1081344K
  class space    used 4147K, capacity 4332K, committed 4352K, reserved 1048576K
}
Event: 4.003 GC heap after
{Heap after GC invocations=5 (full 0):
 garbage-first heap   total 131072K, used 25600K [0x0000000081c00000, 0x0000000100000000)
  region size 1024K, 2 young (2048K), 2 survivors (2048K)
 Metaspace       used 35189K, capacity 35704K, committed 35840K, reserved 1081344K
  class space    used 4147K, capacity 4332K, committed 4352K, reserved 1048576K
}
Event: 5.367 GC heap before
{Heap before GC invocations=6 (full 0):
 garbage-first heap   total 131072K, used 76800K [0x0000000081c00000, 0x0000000100000000)
  region size 1024K, 52 young (53248K), 2 survivors (2048K)
 Metaspace       used 46329K, capacity 46840K, committed 46924K, reserved 1091584K
  class space    used 5497K, capacity 5692K, committed 5760K, reserved 1048576K
}
Event: 5.376 GC heap after
{Heap after GC invocations=7 (full 0):
 garbage-first heap   total 131072K, used 29869K [0x0000000081c00000, 0x0000000100000000)
  region size 1024K, 7 young (7168K), 7 survivors (7168K)
 Metaspace       used 46329K, capacity 46840K, committed 46924K, reserved 1091584K
  class space    used 5497K, capacity 5692K, committed 5760K, reserved 1048576K
}
Event: 6.043 GC heap before
{Heap before GC invocations=7 (full 0):
 garbage-first heap   total 131072K, used 83117K [0x0000000081c00000, 0x0000000100000000)
  region size 1024K, 58 young (59392K), 7 survivors (7168K)
 Metaspace       used 48834K, capacity 49403K, committed 49740K, reserved 1093632K
  class space    used 5690K, capacity 5895K, committed 6016K, reserved 1048576K
}
Event: 6.058 GC heap after
{Heap after GC invocations=8 (full 0):
 garbage-first heap   total 157696K, used 35869K [0x0000000081c00000, 0x0000000100000000)
  region size 1024K, 7 young (7168K), 7 survivors (7168K)
 Metaspace       used 48834K, capacity 49403K, committed 49740K, reserved 1093632K
  class space    used 5690K, capacity 5895K, committed 6016K, reserved 1048576K
}
Event: 7.814 GC heap before
{Heap before GC invocations=8 (full 0):
 garbage-first heap   total 157696K, used 111645K [0x0000000081c00000, 0x0000000100000000)
  region size 1024K, 81 young (82944K), 7 survivors (7168K)
 Metaspace       used 54918K, capacity 55568K, committed 55628K, reserved 1097728K
  class space    used 6261K, capacity 6521K, committed 6528K, reserved 1048576K
}
Event: 7.847 GC heap after
{Heap after GC invocations=9 (full 0):
 garbage-first heap   total 157696K, used 47409K [0x0000000081c00000, 0x0000000100000000)
  region size 1024K, 11 young (11264K), 11 survivors (11264K)
 Metaspace       used 54918K, capacity 55568K, committed 55628K, reserved 1097728K
  class space    used 6261K, capacity 6521K, committed 6528K, reserved 1048576K
}

Deoptimization events (20 events):
Event: 10.037 Thread 0x000001e27f4bc000 Uncommon trap: trap_request=0xffffffde fr.pc=0x000001e20cad065c relative=0x000000000000003c
Event: 10.037 Thread 0x000001e27f4bc000 Uncommon trap: reason=class_check action=maybe_recompile pc=0x000001e20cad065c method=org.jetbrains.kotlin.resolve.calls.tower.PSIKotlinCallsKt.getPsiKotlinCall(Lorg/jetbrains/kotlin/resolve/calls/model/KotlinCall;)Lorg/jetbrains/kotlin/resolve/calls/towe
Event: 10.037 Thread 0x000001e27f4bc000 DEOPT PACKING pc=0x000001e20cad065c sp=0x0000006aebefb1d0
Event: 10.037 Thread 0x000001e27f4bc000 DEOPT UNPACKING pc=0x000001e204cd74af sp=0x0000006aebefb158 mode 2
Event: 10.044 Thread 0x000001e27f4bc000 Uncommon trap: trap_request=0xffffffc6 fr.pc=0x000001e20ca4f7b8 relative=0x0000000000000078
Event: 10.044 Thread 0x000001e27f4bc000 Uncommon trap: reason=bimorphic_or_optimized_type_check action=maybe_recompile pc=0x000001e20ca4f7b8 method=gnu.trove.TIntObjectHashMap.index(I)I @ 28 c2
Event: 10.044 Thread 0x000001e27f4bc000 DEOPT PACKING pc=0x000001e20ca4f7b8 sp=0x0000006aebefc310
Event: 10.044 Thread 0x000001e27f4bc000 DEOPT UNPACKING pc=0x000001e204cd74af sp=0x0000006aebefc278 mode 2
Event: 10.044 Thread 0x000001e27f4bc000 Uncommon trap: trap_request=0xffffffc6 fr.pc=0x000001e20ca4f7b8 relative=0x0000000000000078
Event: 10.044 Thread 0x000001e27f4bc000 Uncommon trap: reason=bimorphic_or_optimized_type_check action=maybe_recompile pc=0x000001e20ca4f7b8 method=gnu.trove.TIntObjectHashMap.index(I)I @ 28 c2
Event: 10.044 Thread 0x000001e27f4bc000 DEOPT PACKING pc=0x000001e20ca4f7b8 sp=0x0000006aebefc310
Event: 10.044 Thread 0x000001e27f4bc000 DEOPT UNPACKING pc=0x000001e204cd74af sp=0x0000006aebefc278 mode 2
Event: 10.044 Thread 0x000001e27f4bc000 Uncommon trap: trap_request=0xffffffc6 fr.pc=0x000001e20ca4f7b8 relative=0x0000000000000078
Event: 10.044 Thread 0x000001e27f4bc000 Uncommon trap: reason=bimorphic_or_optimized_type_check action=maybe_recompile pc=0x000001e20ca4f7b8 method=gnu.trove.TIntObjectHashMap.index(I)I @ 28 c2
Event: 10.044 Thread 0x000001e27f4bc000 DEOPT PACKING pc=0x000001e20ca4f7b8 sp=0x0000006aebefc310
Event: 10.044 Thread 0x000001e27f4bc000 DEOPT UNPACKING pc=0x000001e204cd74af sp=0x0000006aebefc278 mode 2
Event: 10.044 Thread 0x000001e27f4bc000 Uncommon trap: trap_request=0xffffffc6 fr.pc=0x000001e20ca4f7b8 relative=0x0000000000000078
Event: 10.044 Thread 0x000001e27f4bc000 Uncommon trap: reason=bimorphic_or_optimized_type_check action=maybe_recompile pc=0x000001e20ca4f7b8 method=gnu.trove.TIntObjectHashMap.index(I)I @ 28 c2
Event: 10.044 Thread 0x000001e27f4bc000 DEOPT PACKING pc=0x000001e20ca4f7b8 sp=0x0000006aebefc310
Event: 10.044 Thread 0x000001e27f4bc000 DEOPT UNPACKING pc=0x000001e204cd74af sp=0x0000006aebefc278 mode 2

Classes redefined (0 events):
No events

Internal exceptions (20 events):
Event: 4.817 Thread 0x000001e27f4bc000 Implicit null exception at 0x000001e20c89af04 to 0x000001e20c89b08c
Event: 4.821 Thread 0x000001e27f4bc000 Implicit null exception at 0x000001e20c89aa70 to 0x000001e20c89ab30
Event: 4.829 Thread 0x000001e27f4bc000 Exception <a 'java/lang/NoSuchMethodError'{0x00000000879a23b8}: 'java.lang.Object java.lang.invoke.Invokers$Holder.linkToTargetMethod(java.lang.Object, int, java.lang.Object)'> (0x00000000879a23b8) thrown at [./src/hotspot/share/interpreter/linkResolver.cpp, line 773]
Event: 4.891 Thread 0x000001e27f4bc000 Exception <a 'java/lang/NoSuchMethodError'{0x000000008774e898}: 'java.lang.Object java.lang.invoke.DirectMethodHandle$Holder.invokeStatic(java.lang.Object, java.lang.Object, java.lang.Object, int)'> (0x000000008774e898) thrown at [./src/hotspot/share/interpreter/linkResolver.cpp, line 773]
Event: 4.891 Thread 0x000001e27f4bc000 Exception <a 'java/lang/NoSuchMethodError'{0x0000000087752508}: 'java.lang.Object java.lang.invoke.DirectMethodHandle$Holder.invokeSpecial(java.lang.Object, java.lang.Object, java.lang.Object, java.lang.Object, int)'> (0x0000000087752508) thrown at [./src/hotspot/share/interpreter/linkResolver.cpp, line 773]
Event: 4.891 Thread 0x000001e27f4bc000 Exception <a 'java/lang/NoSuchMethodError'{0x0000000087755818}: 'java.lang.Object java.lang.invoke.Invokers$Holder.linkToTargetMethod(java.lang.Object, java.lang.Object, int, java.lang.Object)'> (0x0000000087755818) thrown at [./src/hotspot/share/interpreter/linkResolver.cpp, line 773]
Event: 6.160 Thread 0x000001e27f4bc000 Exception <a 'java/lang/NoSuchMethodError'{0x000000008b149750}: 'java.lang.Object java.lang.invoke.DirectMethodHandle$Holder.invokeStaticInit(java.lang.Object, java.lang.Object, java.lang.Object)'> (0x000000008b149750) thrown at [./src/hotspot/share/interpreter/linkResolver.cpp, line 773]
Event: 6.888 Thread 0x000001e27f4bc000 Exception <a 'java/lang/NoSuchMethodError'{0x0000000089053848}: 'int java.lang.invoke.DirectMethodHandle$Holder.invokeInterface(java.lang.Object, java.lang.Object)'> (0x0000000089053848) thrown at [./src/hotspot/share/interpreter/linkResolver.cpp, line 773]
Event: 7.154 Thread 0x000001e27f4bc000 Exception <a 'java/lang/NoSuchMethodError'{0x0000000088006d48}: 'java.lang.Object java.lang.invoke.Invokers$Holder.linkToTargetMethod(java.lang.Object, java.lang.Object, java.lang.Object, int, int, java.lang.Object)'> (0x0000000088006d48) thrown at [./src/hotspot/share/interpreter/linkResolver.cpp, line 773]
Event: 7.166 Thread 0x000001e27f4bc000 Exception <a 'java/lang/NoSuchMethodError'{0x000000008806ef50}: 'java.lang.Object java.lang.invoke.Invokers$Holder.linkToTargetMethod(java.lang.Object, java.lang.Object, java.lang.Object, java.lang.Object, java.lang.Object, java.lang.Object)'> (0x000000008806ef50) thrown at [./src/hotspot/share/interpreter/linkResolver.cpp, line 773]
Event: 7.228 Thread 0x000001e27f4bc000 Implicit null exception at 0x000001e20c89e04c to 0x000001e20c89e128
Event: 7.228 Thread 0x000001e27f4bc000 Implicit null exception at 0x000001e20c7ddbde to 0x000001e20c7de342
Event: 7.228 Thread 0x000001e27f4bc000 Implicit null exception at 0x000001e20c81e32f to 0x000001e20c81e39d
Event: 7.238 Thread 0x000001e27f4bc000 Exception <a 'java/lang/NoSuchMethodError'{0x0000000087da0530}: 'int java.lang.invoke.DirectMethodHandle$Holder.invokeStaticInit(java.lang.Object, int)'> (0x0000000087da0530) thrown at [./src/hotspot/share/interpreter/linkResolver.cpp, line 773]
Event: 7.611 Thread 0x000001e27f4bc000 Exception <a 'java/lang/NoSuchMethodError'{0x0000000087210160}: 'java.lang.Object java.lang.invoke.DirectMethodHandle$Holder.invokeInterface(java.lang.Object, java.lang.Object, java.lang.Object)'> (0x0000000087210160) thrown at [./src/hotspot/share/interpreter/linkResolver.cpp, line 773]
Event: 7.630 Thread 0x000001e27f4bc000 Exception <a 'java/lang/IncompatibleClassChangeError'{0x00000000872663f8}: Found class java.lang.Object, but interface was expected> (0x00000000872663f8) thrown at [./src/hotspot/share/interpreter/linkResolver.cpp, line 839]
Event: 7.746 Thread 0x000001e27f4bc000 Exception <a 'java/lang/NoSuchMethodError'{0x0000000086fc4b10}: 'java.lang.Object java.lang.invoke.DirectMethodHandle$Holder.invokeStatic(java.lang.Object, int, java.lang.Object, java.lang.Object)'> (0x0000000086fc4b10) thrown at [./src/hotspot/share/interpreter/linkResolver.cpp, line 773]
Event: 7.759 Thread 0x000001e27f4bc000 Exception <a 'java/lang/NoSuchMethodError'{0x0000000086e36f18}: 'java.lang.Object java.lang.invoke.Invokers$Holder.linkToTargetMethod(java.lang.Object, java.lang.Object, java.lang.Object, java.lang.Object, java.lang.Object, java.lang.Object, java.lang.Object)'> (0x0000000086e36f18) thrown at [./src/hotspot/share/interpreter/linkResolver.cpp, line 773]
Event: 9.103 Thread 0x000001e27f4bc000 Implicit null exception at 0x000001e20c7d91f5 to 0x000001e20c7d93bc
Event: 9.374 Thread 0x000001e27f4bc000 Implicit null exception at 0x000001e20c9c485e to 0x000001e20c9c5250

Events (20 events):
Event: 9.947 loading class org/jetbrains/kotlin/load/java/ClassicBuiltinSpecialProperties$getBuiltinSpecialPropertyGetterName$descriptor$1
Event: 9.947 loading class org/jetbrains/kotlin/load/java/ClassicBuiltinSpecialProperties$getBuiltinSpecialPropertyGetterName$descriptor$1 done
Event: 9.948 loading class org/jetbrains/kotlin/load/java/lazy/descriptors/LazyJavaClassMemberScope$isVisibleAsFunctionInCurrentClass$1$1$1
Event: 9.948 loading class org/jetbrains/kotlin/load/java/lazy/descriptors/LazyJavaClassMemberScope$isVisibleAsFunctionInCurrentClass$1$1$1 done
Event: 9.949 loading class org/jetbrains/kotlin/load/java/descriptors/JavaForKotlinOverridePropertyDescriptor
Event: 9.949 loading class org/jetbrains/kotlin/load/java/descriptors/JavaForKotlinOverridePropertyDescriptor done
Event: 9.949 Executing VM operation: Deoptimize
Event: 9.950 Executing VM operation: Deoptimize done
Event: 10.034 loading class org/jetbrains/kotlin/resolve/calls/tower/SubKotlinCallArgumentImpl
Event: 10.034 loading class org/jetbrains/kotlin/resolve/calls/tower/SubKotlinCallArgumentImpl done
Event: 10.036 loading class org/jetbrains/kotlin/resolve/calls/tasks/TracingStrategyForInvoke
Event: 10.036 loading class org/jetbrains/kotlin/resolve/calls/tasks/TracingStrategyForInvoke done
Event: 10.036 loading class org/jetbrains/kotlin/resolve/calls/tower/InvokeTowerProcessor$createInvokeProcessor$1
Event: 10.036 loading class org/jetbrains/kotlin/resolve/calls/tower/InvokeTowerProcessor$createInvokeProcessor$1 done
Event: 10.036 loading class org/jetbrains/kotlin/resolve/calls/tower/AbstractInvokeTowerProcessor$VariableInvokeProcessor
Event: 10.036 loading class org/jetbrains/kotlin/resolve/calls/tower/AbstractInvokeTowerProcessor$VariableInvokeProcessor done
Event: 10.038 loading class org/jetbrains/kotlin/resolve/calls/tower/InvokeProcessorsKt
Event: 10.038 loading class org/jetbrains/kotlin/resolve/calls/tower/InvokeProcessorsKt done
Event: 10.043 loading class org/jetbrains/kotlin/com/intellij/util/keyFMap/MapBackedFMap
Event: 10.043 loading class org/jetbrains/kotlin/com/intellij/util/keyFMap/MapBackedFMap done


Dynamic libraries:
0x00007ff672ed0000 - 0x00007ff672eda000 	C:\Users\Dark Knight\Desktop\Android Studio\jre\bin\java.exe
0x00007ffee3570000 - 0x00007ffee3765000 	C:\WINDOWS\SYSTEM32\ntdll.dll
0x00007ffee15f0000 - 0x00007ffee16ad000 	C:\WINDOWS\System32\KERNEL32.DLL
0x00007ffee12d0000 - 0x00007ffee1599000 	C:\WINDOWS\System32\KERNELBASE.dll
0x00007ffee0cd0000 - 0x00007ffee0dd0000 	C:\WINDOWS\System32\ucrtbase.dll
0x00007ffecdb10000 - 0x00007ffecdb27000 	C:\Users\Dark Knight\Desktop\Android Studio\jre\bin\VCRUNTIME140.dll
0x00007ffed78b0000 - 0x00007ffed78c9000 	C:\Users\Dark Knight\Desktop\Android Studio\jre\bin\jli.dll
0x00007ffee1f30000 - 0x00007ffee20d0000 	C:\WINDOWS\System32\USER32.dll
0x00007ffee0ca0000 - 0x00007ffee0cc2000 	C:\WINDOWS\System32\win32u.dll
0x00007ffee20d0000 - 0x00007ffee20fa000 	C:\WINDOWS\System32\GDI32.dll
0x00007ffecb000000 - 0x00007ffecb29a000 	C:\WINDOWS\WinSxS\amd64_microsoft.windows.common-controls_6595b64144ccf1df_6.0.19041.1110_none_60b5254171f9507e\COMCTL32.dll
0x00007ffee11c0000 - 0x00007ffee12cb000 	C:\WINDOWS\System32\gdi32full.dll
0x00007ffee32b0000 - 0x00007ffee334e000 	C:\WINDOWS\System32\msvcrt.dll
0x00007ffee0dd0000 - 0x00007ffee0e6d000 	C:\WINDOWS\System32\msvcp_win.dll
0x00007ffee23d0000 - 0x00007ffee2400000 	C:\WINDOWS\System32\IMM32.DLL
0x00007ffec27f0000 - 0x00007ffec288d000 	C:\Users\Dark Knight\Desktop\Android Studio\jre\bin\msvcp140.dll
0x00007ffe838e0000 - 0x00007ffe8439c000 	C:\Users\Dark Knight\Desktop\Android Studio\jre\bin\server\jvm.dll
0x00007ffee1780000 - 0x00007ffee182c000 	C:\WINDOWS\System32\ADVAPI32.dll
0x00007ffee1830000 - 0x00007ffee18cb000 	C:\WINDOWS\System32\sechost.dll
0x00007ffee3350000 - 0x00007ffee347a000 	C:\WINDOWS\System32\RPCRT4.dll
0x00007ffee2d90000 - 0x00007ffee2d98000 	C:\WINDOWS\System32\PSAPI.DLL
0x00007ffec6fa0000 - 0x00007ffec6fa9000 	C:\WINDOWS\SYSTEM32\WSOCK32.dll
0x00007ffecb2b0000 - 0x00007ffecb2d7000 	C:\WINDOWS\SYSTEM32\WINMM.dll
0x00007ffed7fc0000 - 0x00007ffed7fca000 	C:\WINDOWS\SYSTEM32\VERSION.dll
0x00007ffee2360000 - 0x00007ffee23cb000 	C:\WINDOWS\System32\WS2_32.dll
0x00007ffedf530000 - 0x00007ffedf542000 	C:\WINDOWS\SYSTEM32\kernel.appcore.dll
0x00007ffed7ab0000 - 0x00007ffed7ac1000 	C:\Users\Dark Knight\Desktop\Android Studio\jre\bin\verify.dll
0x00007ffedeab0000 - 0x00007ffedec94000 	C:\WINDOWS\SYSTEM32\DBGHELP.DLL
0x00007ffec9830000 - 0x00007ffec985c000 	C:\WINDOWS\SYSTEM32\dbgcore.DLL
0x00007ffee0f70000 - 0x00007ffee0ff3000 	C:\WINDOWS\System32\bcryptPrimitives.dll
0x00007ffed1070000 - 0x00007ffed1099000 	C:\Users\Dark Knight\Desktop\Android Studio\jre\bin\java.dll
0x00007ffedc080000 - 0x00007ffedc08b000 	C:\Users\Dark Knight\Desktop\Android Studio\jre\bin\jimage.dll
0x00007ffed0f30000 - 0x00007ffed0f48000 	C:\Users\Dark Knight\Desktop\Android Studio\jre\bin\zip.dll
0x00007ffee25f0000 - 0x00007ffee2d2f000 	C:\WINDOWS\System32\SHELL32.dll
0x00007ffeded90000 - 0x00007ffedf520000 	C:\WINDOWS\SYSTEM32\windows.storage.dll
0x00007ffee2da0000 - 0x00007ffee30f5000 	C:\WINDOWS\System32\combase.dll
0x00007ffee0700000 - 0x00007ffee072c000 	C:\WINDOWS\SYSTEM32\Wldp.dll
0x00007ffee1e80000 - 0x00007ffee1f2e000 	C:\WINDOWS\System32\SHCORE.dll
0x00007ffee2400000 - 0x00007ffee2455000 	C:\WINDOWS\System32\shlwapi.dll
0x00007ffee0be0000 - 0x00007ffee0bff000 	C:\WINDOWS\SYSTEM32\profapi.dll
0x00007ffed0b80000 - 0x00007ffed0b9a000 	C:\Users\Dark Knight\Desktop\Android Studio\jre\bin\net.dll
0x00007ffed5b40000 - 0x00007ffed5c48000 	C:\WINDOWS\SYSTEM32\WINHTTP.dll
0x00007ffee0460000 - 0x00007ffee04ca000 	C:\WINDOWS\system32\mswsock.dll
0x00007ffed0b60000 - 0x00007ffed0b74000 	C:\Users\Dark Knight\Desktop\Android Studio\jre\bin\nio.dll

dbghelp: loaded successfully - version: 4.0.5 - missing functions: none
symbol engine: initialized successfully - sym options: 0x614 - pdb path: .;C:\Users\Dark Knight\Desktop\Android Studio\jre\bin;C:\WINDOWS\SYSTEM32;C:\WINDOWS\WinSxS\amd64_microsoft.windows.common-controls_6595b64144ccf1df_6.0.19041.1110_none_60b5254171f9507e;C:\Users\Dark Knight\Desktop\Android Studio\jre\bin\server

VM Arguments:
java_command: org.jetbrains.kotlin.cli.jvm.K2JVMCompiler @C:\Android Projects\Udemy TUTORIAL\7MinuteWorkout2\app\build\20210831_11606352543963401784.compiler.options
java_class_path (initial): C:\Users\Dark Knight\.gradle\caches\modules-2\files-2.1\org.jetbrains.kotlin\kotlin-compiler-embeddable\1.5.21\40ddbcae9ff100473f95370c2d589ba3fc48eed5\kotlin-compiler-embeddable-1.5.21.jar;C:\Users\Dark Knight\.gradle\caches\modules-2\files-2.1\org.jetbrains.kotlin\kotlin-reflect\1.5.21\802f1f39735ae1eb2b75714a40fa19bb2e687e96\kotlin-reflect-1.5.21.jar;C:\Users\Dark Knight\.gradle\caches\modules-2\files-2.1\org.jetbrains.kotlin\kotlin-stdlib\1.5.21\2f537cad7e9eeb9da73738c8812e1e4cf9b62e4e\kotlin-stdlib-1.5.21.jar;C:\Users\Dark Knight\.gradle\caches\modules-2\files-2.1\org.jetbrains.kotlin\kotlin-script-runtime\1.5.21\96d49e89873fde985750af354b6eabb60cfa999b\kotlin-script-runtime-1.5.21.jar;C:\Users\Dark Knight\.gradle\caches\modules-2\files-2.1\org.jetbrains.kotlin\kotlin-daemon-embeddable\1.5.21\17255809e66a940dfdf6289bccbdfb5a09f3145\kotlin-daemon-embeddable-1.5.21.jar;C:\Users\Dark Knight\.gradle\caches\modules-2\files-2.1\org.jetbrains.intellij.deps\trove4j\1.0.20181211\216c2e14b070f334479d800987affe4054cd563f\trove4j-1.0.20181211.jar;C:\Users\Dark Knight\.gradle\caches\modules-2\files-2.1\org.jetbrains\annotations\13.0\919f0dfe192fb4e063e7dacadee7f8bb9a2672a9\annotations-13.0.jar;C:\Users\Dark Knight\.gradle\caches\modules-2\files-2.1\org.jetbrains.kotlin\kotlin-stdlib-common\1.5.21\cc8bf3586fd2ebcf234058b9440bb406e62dfacb\kotlin-stdlib-common-1.5.21.jar
Launcher Type: SUN_STANDARD

[Global flags]
     intx CICompilerCount                          = 4                                         {product} {ergonomic}
     uint ConcGCThreads                            = 2                                         {product} {ergonomic}
     uint G1ConcRefinementThreads                  = 8                                         {product} {ergonomic}
   size_t G1HeapRegionSize                         = 1048576                                   {product} {ergonomic}
    uintx GCDrainStackTargetSize                   = 64                                        {product} {ergonomic}
   size_t InitialHeapSize                          = 134217728                                 {product} {ergonomic}
   size_t MarkStackSize                            = 4194304                                   {product} {ergonomic}
   size_t MaxHeapSize                              = 2118123520                                {product} {ergonomic}
   size_t MaxNewSize                               = 1270874112                                {product} {ergonomic}
   size_t MinHeapDeltaBytes                        = 1048576                                   {product} {ergonomic}
    uintx NonNMethodCodeHeapSize                   = 5836300                                {pd product} {ergonomic}
    uintx NonProfiledCodeHeapSize                  = 122910970                              {pd product} {ergonomic}
    uintx ProfiledCodeHeapSize                     = 122910970                              {pd product} {ergonomic}
    uintx ReservedCodeCacheSize                    = 251658240                              {pd product} {ergonomic}
     bool SegmentedCodeCache                       = true                                      {product} {ergonomic}
     bool UseCompressedClassPointers               = true                                 {lp64_product} {ergonomic}
     bool UseCompressedOops                        = true                                 {lp64_product} {ergonomic}
     bool UseG1GC                                  = true                                      {product} {ergonomic}
     bool UseLargePagesIndividualAllocation        = false                                  {pd product} {ergonomic}

Logging:
Log output configuration:
 #0: stdout all=warning uptime,level,tags
 #1: stderr all=off uptime,level,tags

Environment Variables:
PATH=C:\Windows\system32;C:\Windows;C:\Windows\System32\Wbem;C:\Windows\System32\WindowsPowerShell\v1.0\;C:\Windows\System32\OpenSSH\;C:\Program Files (x86)\NVIDIA Corporation\PhysX\Common;C:\Program Files\NVIDIA Corporation\NVIDIA NvDLISR;C:\WINDOWS\system32;C:\WINDOWS;C:\WINDOWS\System32\Wbem;C:\WINDOWS\System32\WindowsPowerShell\v1.0\;C:\WINDOWS\System32\OpenSSH\;C:\MinGW\bin;C:\Program Files\MEGA-X;C:\WINDOWS\system32;C:\WINDOWS;C:\WINDOWS\System32\Wbem;C:\WINDOWS\System32\WindowsPowerShell\v1.0\;C:\WINDOWS\System32\OpenSSH\;C:\Program Files\Git\cmd;C:\Users\Dark Knight\AppData\Local\Microsoft\WindowsApps;C:\Users\Dark Knight\AppData\Local\atom\bin;C:\MinGW\bin;C:\Program Files (x86)\Microsoft Visual Studio\2019\BuildTools\MSBuild\Current\Bin;C:\Users\Dark Knight\AppData\Local\Microsoft\WindowsApps
USERNAME=Dark Knight
OS=Windows_NT
PROCESSOR_IDENTIFIER=Intel64 Family 6 Model 158 Stepping 10, GenuineIntel



---------------  S Y S T E M  ---------------

OS: Windows 10 , 64 bit Build 19041 (10.0.19041.1151)
OS uptime: 17 days 21:47 hours

CPU:total 8 (initial active 8) (4 cores per cpu, 2 threads per core) family 6 model 158 stepping 10, cmov, cx8, fxsr, mmx, sse, sse2, sse3, ssse3, sse4.1, sse4.2, popcnt, avx, avx2, aes, clmul, erms, 3dnowpref, lzcnt, ht, tsc, tscinvbit, bmi1, bmi2, adx, fma

Memory: 4k page, system-wide physical 8072M (732M free)
TotalPageFile size 12168M (AvailPageFile size 6M)
current process WorkingSet (physical memory assigned to process): 350M, peak: 352M
current process commit charge ("private bytes"): 416M, peak: 418M

vm_info: OpenJDK 64-Bit Server VM (11.0.8+10-b944.6842174) for windows-amd64 JRE (11.0.8+10-b944.6842174), built on Sep 19 2020 01:11:42 by "builder" with MS VC++ 14.0 (VS2015)

END.
