#
# There is insufficient memory for the Java Runtime Environment to continue.
# Native memory allocation (malloc) failed to allocate 1412176 bytes for Chunk::new
# Possible reasons:
#   The system is out of physical RAM or swap space
#   The process is running with CompressedOops enabled, and the Java Heap may be blocking the growth of the native heap
# Possible solutions:
#   Reduce memory load on the system
#   Increase physical memory or swap space
#   Check if swap backing store is full
#   Decrease Java heap size (-Xmx/-Xms)
#   Decrease number of Java threads
#   Decrease Java thread stack sizes (-Xss)
#   Set larger code cache with -XX:ReservedCodeCacheSize=
#   JVM is running with Unscaled Compressed Oops mode in which the Java heap is
#     placed in the first 4GB address space. The Java Heap base address is the
#     maximum limit for the native heap growth. Please use -XX:HeapBaseMinAddress
#     to set the Java Heap base and to place the Java Heap above 4GB virtual address.
# This output file may be truncated or incomplete.
#
#  Out of Memory Error (./src/hotspot/share/memory/arena.cpp:197), pid=49292, tid=54220
#
# JRE version: OpenJDK Runtime Environment (11.0.8+10) (build 11.0.8+10-b944.6842174)
# Java VM: OpenJDK 64-Bit Server VM (11.0.8+10-b944.6842174, mixed mode, tiered, compressed oops, g1 gc, windows-amd64)
# No core dump will be written. Minidumps are not enabled by default on client versions of Windows
#

---------------  S U M M A R Y ------------

Command Line: --add-opens=java.base/java.util=ALL-UNNAMED --add-opens=java.base/java.lang=ALL-UNNAMED --add-opens=java.base/java.lang.invoke=ALL-UNNAMED --add-opens=java.base/java.util=ALL-UNNAMED --add-opens=java.prefs/java.util.prefs=ALL-UNNAMED --add-opens=java.prefs/java.util.prefs=ALL-UNNAMED --add-opens=java.base/java.nio.charset=ALL-UNNAMED --add-opens=java.base/java.net=ALL-UNNAMED --add-opens=java.base/java.util.concurrent.atomic=ALL-UNNAMED -Xmx2048m -Dfile.encoding=UTF-8 -Duser.country=IN -Duser.language=en -Duser.variant org.gradle.launcher.daemon.bootstrap.GradleDaemon 7.0.2

Host: Intel(R) Core(TM) i5-9300H CPU @ 2.40GHz, 8 cores, 7G,  Windows 10 , 64 bit Build 19041 (10.0.19041.1151)
Time: Wed Sep  1 11:19:26 2021 India Standard Time elapsed time: 31 seconds (0d 0h 0m 31s)

---------------  T H R E A D  ---------------

Current thread (0x000002a47d969000):  JavaThread "C2 CompilerThread0" daemon [_thread_in_native, id=54220, stack(0x000000e513900000,0x000000e513a00000)]


Current CompileTask:
C2:  31037 10335       4       org.gradle.internal.service.DefaultServiceRegistry$OwnServices$ProviderAnalyser::analyseType (114 bytes)

Stack: [0x000000e513900000,0x000000e513a00000]
Native frames: (J=compiled Java code, j=interpreted, Vv=VM code, C=native code)
V  [jvm.dll+0x5de50a]
V  [jvm.dll+0x7122f5]
V  [jvm.dll+0x71384d]
V  [jvm.dll+0x713f03]
V  [jvm.dll+0x23e728]
V  [jvm.dll+0xb899c]
V  [jvm.dll+0xb8e9c]
V  [jvm.dll+0x35024d]
V  [jvm.dll+0x193cbc]
V  [jvm.dll+0x1f780e]
V  [jvm.dll+0x1f68d4]
V  [jvm.dll+0x17f32c]
V  [jvm.dll+0x205047]
V  [jvm.dll+0x203891]
V  [jvm.dll+0x6dad3f]
V  [jvm.dll+0x6d3895]
V  [jvm.dll+0x5dd4a6]
C  [ucrtbase.dll+0x21bb2]
C  [KERNEL32.DLL+0x17034]
C  [ntdll.dll+0x52651]


---------------  P R O C E S S  ---------------

Threads class SMR info:
_java_thread_list=0x000002a40539fe60, length=53, elements={
0x000002a46251b000, 0x000002a47cfe2000, 0x000002a47cfe3800, 0x000002a47d965800,
0x000002a47d966800, 0x000002a47d969000, 0x000002a47d96c000, 0x000002a47d96d000,
0x000002a47dac7800, 0x000002a47dad2000, 0x000002a4003cb000, 0x000002a47eb9b000,
0x000002a4003b0000, 0x000002a4000c7800, 0x000002a4003e6800, 0x000002a4011d7800,
0x000002a4011dd000, 0x000002a4011da800, 0x000002a4011da000, 0x000002a4011db800,
0x000002a401c13000, 0x000002a401c13800, 0x000002a401c10800, 0x000002a401c0e000,
0x000002a401c11000, 0x000002a4011d9000, 0x000002a405454000, 0x000002a405454800,
0x000002a405457000, 0x000002a405455800, 0x000002a405456800, 0x000002a405452000,
0x000002a405458000, 0x000002a405458800, 0x000002a405453000, 0x000002a40545c000,
0x000002a40545d800, 0x000002a40545d000, 0x000002a40545e800, 0x000002a40545f000,
0x000002a405459800, 0x000002a405460000, 0x000002a40545a800, 0x000002a40545b000,
0x000002a401c0f000, 0x000002a401c12000, 0x000002a401c15800, 0x000002a401c0f800,
0x000002a401c18000, 0x000002a401c16000, 0x000002a401c18800, 0x000002a401c19800,
0x000002a401c1a000
}

Java Threads: ( => current thread )
  0x000002a46251b000 JavaThread "main" [_thread_blocked, id=26968, stack(0x000000e512e00000,0x000000e512f00000)]
  0x000002a47cfe2000 JavaThread "Reference Handler" daemon [_thread_blocked, id=39288, stack(0x000000e513500000,0x000000e513600000)]
  0x000002a47cfe3800 JavaThread "Finalizer" daemon [_thread_blocked, id=38744, stack(0x000000e513600000,0x000000e513700000)]
  0x000002a47d965800 JavaThread "Signal Dispatcher" daemon [_thread_blocked, id=46804, stack(0x000000e513700000,0x000000e513800000)]
  0x000002a47d966800 JavaThread "Attach Listener" daemon [_thread_blocked, id=16532, stack(0x000000e513800000,0x000000e513900000)]
=>0x000002a47d969000 JavaThread "C2 CompilerThread0" daemon [_thread_in_native, id=54220, stack(0x000000e513900000,0x000000e513a00000)]
  0x000002a47d96c000 JavaThread "C1 CompilerThread0" daemon [_thread_in_vm, id=50844, stack(0x000000e513a00000,0x000000e513b00000)]
  0x000002a47d96d000 JavaThread "Sweeper thread" daemon [_thread_blocked, id=40508, stack(0x000000e513b00000,0x000000e513c00000)]
  0x000002a47dac7800 JavaThread "Common-Cleaner" daemon [_thread_blocked, id=53880, stack(0x000000e513c00000,0x000000e513d00000)]
  0x000002a47dad2000 JavaThread "Service Thread" daemon [_thread_blocked, id=52356, stack(0x000000e513d00000,0x000000e513e00000)]
  0x000002a4003cb000 JavaThread "Daemon health stats" [_thread_blocked, id=41768, stack(0x000000e514300000,0x000000e514400000)]
  0x000002a47eb9b000 JavaThread "Incoming local TCP Connector on port 52306" [_thread_in_native, id=48924, stack(0x000000e513f00000,0x000000e514000000)]
  0x000002a4003b0000 JavaThread "Daemon periodic checks" [_thread_blocked, id=41740, stack(0x000000e514000000,0x000000e514100000)]
  0x000002a4000c7800 JavaThread "Daemon" [_thread_blocked, id=51444, stack(0x000000e514400000,0x000000e514500000)]
  0x000002a4003e6800 JavaThread "Daemon worker" [_thread_in_Java, id=54708, stack(0x000000e514700000,0x000000e514800000)]
  0x000002a4011d7800 JavaThread "Cache worker for file hash cache (C:\Users\Dark Knight\.gradle\caches\7.0.2\fileHashes)" [_thread_blocked, id=47916, stack(0x000000e515100000,0x000000e515200000)]
  0x000002a4011dd000 JavaThread "File lock request listener" [_thread_in_native, id=54256, stack(0x000000e515200000,0x000000e515300000)]
  0x000002a4011da800 JavaThread "Cache worker for journal cache (C:\Users\Dark Knight\.gradle\caches\journal-1)" [_thread_blocked, id=13592, stack(0x000000e515400000,0x000000e515500000)]
  0x000002a4011da000 JavaThread "File watcher server" daemon [_thread_in_native, id=51000, stack(0x000000e515600000,0x000000e515700000)]
  0x000002a4011db800 JavaThread "File watcher consumer" daemon [_thread_blocked, id=49916, stack(0x000000e515700000,0x000000e515800000)]
  0x000002a401c13000 JavaThread "Cache worker for execution history cache (C:\Users\Dark Knight\.gradle\caches\7.0.2\executionHistory)" [_thread_blocked, id=47024, stack(0x000000e515b00000,0x000000e515c00000)]
  0x000002a401c13800 JavaThread "jar transforms" [_thread_blocked, id=53124, stack(0x000000e515d00000,0x000000e515e00000)]
  0x000002a401c10800 JavaThread "jar transforms Thread 2" [_thread_blocked, id=43720, stack(0x000000e515e00000,0x000000e515f00000)]
  0x000002a401c0e000 JavaThread "Cache worker for file content cache (C:\Users\Dark Knight\.gradle\caches\7.0.2\fileContent)" [_thread_blocked, id=15344, stack(0x000000e515f00000,0x000000e516000000)]
  0x000002a401c11000 JavaThread "jar transforms Thread 3" [_thread_blocked, id=53348, stack(0x000000e515c00000,0x000000e515d00000)]
  0x000002a4011d9000 JavaThread "jar transforms Thread 4" [_thread_blocked, id=2996, stack(0x000000e516b00000,0x000000e516c00000)]
  0x000002a405454000 JavaThread "jar transforms Thread 5" [_thread_blocked, id=13888, stack(0x000000e516c00000,0x000000e516d00000)]
  0x000002a405454800 JavaThread "jar transforms Thread 6" [_thread_blocked, id=52956, stack(0x000000e516d00000,0x000000e516e00000)]
  0x000002a405457000 JavaThread "jar transforms Thread 7" [_thread_blocked, id=38816, stack(0x000000e516e00000,0x000000e516f00000)]
  0x000002a405455800 JavaThread "jar transforms Thread 8" [_thread_blocked, id=42140, stack(0x000000e516f00000,0x000000e517000000)]
  0x000002a405456800 JavaThread "Memory manager" [_thread_blocked, id=51544, stack(0x000000e517000000,0x000000e517100000)]
  0x000002a405452000 JavaThread "pool-3-thread-1" [_thread_blocked, id=53332, stack(0x000000e517200000,0x000000e517300000)]
  0x000002a405458000 JavaThread "Handler for socket connection from /127.0.0.1:52306 to /127.0.0.1:52315" [_thread_in_native, id=54268, stack(0x000000e514500000,0x000000e514600000)]
  0x000002a405458800 JavaThread "Cancel handler" [_thread_blocked, id=54608, stack(0x000000e514600000,0x000000e514700000)]
  0x000002a405453000 JavaThread "Asynchronous log dispatcher for DefaultDaemonConnection: socket connection from /127.0.0.1:52306 to /127.0.0.1:52315" [_thread_blocked, id=35040, stack(0x000000e514800000,0x000000e514900000)]
  0x000002a40545c000 JavaThread "Stdin handler" [_thread_blocked, id=48408, stack(0x000000e514900000,0x000000e514a00000)]
  0x000002a40545d800 JavaThread "Daemon client event forwarder" [_thread_blocked, id=49216, stack(0x000000e514a00000,0x000000e514b00000)]
  0x000002a40545d000 JavaThread "Cache worker for file hash cache (C:\Android Projects\Udemy TUTORIAL\7MinuteWorkout2\.gradle\7.0.2\fileHashes)" [_thread_blocked, id=51952, stack(0x000000e514b00000,0x000000e514c00000)]
  0x000002a40545e800 JavaThread "C2 CompilerThread1" daemon [_thread_in_native, id=49900, stack(0x000000e515500000,0x000000e515600000)]
  0x000002a40545f000 JavaThread "Cache worker for checksums cache (C:\Android Projects\Udemy TUTORIAL\7MinuteWorkout2\.gradle\checksums)" [_thread_blocked, id=53508, stack(0x000000e515800000,0x000000e515900000)]
  0x000002a405459800 JavaThread "Cache worker for cache directory md-supplier (C:\Users\Dark Knight\.gradle\caches\7.0.2\md-supplier)" [_thread_blocked, id=46092, stack(0x000000e515900000,0x000000e515a00000)]
  0x000002a405460000 JavaThread "Cache worker for cache directory md-rule (C:\Users\Dark Knight\.gradle\caches\7.0.2\md-rule)" [_thread_blocked, id=54716, stack(0x000000e515a00000,0x000000e515b00000)]
  0x000002a40545a800 JavaThread "Cache worker for dependencies-accessors (C:\Android Projects\Udemy TUTORIAL\7MinuteWorkout2\.gradle\7.0.2\dependencies-accessors)" [_thread_blocked, id=47328, stack(0x000000e516000000,0x000000e516100000)]
  0x000002a40545b000 JavaThread "C2 CompilerThread2" daemon [_thread_in_native, id=44784, stack(0x000000e516100000,0x000000e516200000)]
  0x000002a401c0f000 JavaThread "Cache worker for Build Output Cleanup Cache (C:\Android Projects\Udemy TUTORIAL\7MinuteWorkout2\.gradle\buildOutputCleanup)" [_thread_blocked, id=34500, stack(0x000000e516200000,0x000000e516300000)]
  0x000002a401c12000 JavaThread "Build operations" [_thread_blocked, id=25388, stack(0x000000e516300000,0x000000e516400000)]
  0x000002a401c15800 JavaThread "Build operations Thread 2" [_thread_blocked, id=52196, stack(0x000000e516400000,0x000000e516500000)]
  0x000002a401c0f800 JavaThread "Build operations Thread 3" [_thread_blocked, id=25160, stack(0x000000e516500000,0x000000e516600000)]
  0x000002a401c18000 JavaThread "Build operations Thread 4" [_thread_blocked, id=42672, stack(0x000000e516600000,0x000000e516700000)]
  0x000002a401c16000 JavaThread "Build operations Thread 5" [_thread_blocked, id=41832, stack(0x000000e516700000,0x000000e516800000)]
  0x000002a401c18800 JavaThread "Build operations Thread 6" [_thread_blocked, id=51356, stack(0x000000e516800000,0x000000e516900000)]
  0x000002a401c19800 JavaThread "Build operations Thread 7" [_thread_blocked, id=50336, stack(0x000000e516900000,0x000000e516a00000)]
  0x000002a401c1a000 JavaThread "Build operations Thread 8" [_thread_blocked, id=51520, stack(0x000000e516a00000,0x000000e516b00000)]

Other Threads:
  0x000002a47cfdb800 VMThread "VM Thread" [stack: 0x000000e513400000,0x000000e513500000] [id=53996]
  0x000002a47dad3000 WatcherThread [stack: 0x000000e513e00000,0x000000e513f00000] [id=22980]
  0x000002a462534000 GCTaskThread "GC Thread#0" [stack: 0x000000e512f00000,0x000000e513000000] [id=53516]
  0x000002a47e231000 GCTaskThread "GC Thread#1" [stack: 0x000000e514100000,0x000000e514200000] [id=36040]
  0x000002a47e124800 GCTaskThread "GC Thread#2" [stack: 0x000000e514200000,0x000000e514300000] [id=53112]
  0x000002a4003e7800 GCTaskThread "GC Thread#3" [stack: 0x000000e514c00000,0x000000e514d00000] [id=3728]
  0x000002a400fb6000 GCTaskThread "GC Thread#4" [stack: 0x000000e514d00000,0x000000e514e00000] [id=33624]
  0x000002a47f484800 GCTaskThread "GC Thread#5" [stack: 0x000000e514e00000,0x000000e514f00000] [id=53820]
  0x000002a47f485000 GCTaskThread "GC Thread#6" [stack: 0x000000e514f00000,0x000000e515000000] [id=51604]
  0x000002a47e858000 GCTaskThread "GC Thread#7" [stack: 0x000000e515000000,0x000000e515100000] [id=32652]
  0x000002a462566000 ConcurrentGCThread "G1 Main Marker" [stack: 0x000000e513000000,0x000000e513100000] [id=52796]
  0x000002a462567000 ConcurrentGCThread "G1 Conc#0" [stack: 0x000000e513100000,0x000000e513200000] [id=41340]
  0x000002a47e978000 ConcurrentGCThread "G1 Conc#1" [stack: 0x000000e515300000,0x000000e515400000] [id=29424]
  0x000002a4625f6000 ConcurrentGCThread "G1 Refine#0" [stack: 0x000000e513200000,0x000000e513300000] [id=33752]
  0x000002a47ce30800 ConcurrentGCThread "G1 Young RemSet Sampling" [stack: 0x000000e513300000,0x000000e513400000] [id=14136]

Threads with active compile tasks:
C2 CompilerThread0  31087 10335       4       org.gradle.internal.service.DefaultServiceRegistry$OwnServices$ProviderAnalyser::analyseType (114 bytes)
C1 CompilerThread0  31087 10810       3       org.gradle.api.internal.collections.DefaultCollectionEventRegister::registerLazyAddAction (6 bytes)
C2 CompilerThread1  31087 10696       4       java.lang.reflect.Constructor::newInstance (76 bytes)
C2 CompilerThread2  31087 10763       4       java.util.Collections$SetFromMap::contains (11 bytes)

VM state:not at safepoint (normal execution)

VM Mutex/Monitor currently owned by a thread: None

Heap address: 0x0000000080000000, size: 2048 MB, Compressed Oops mode: 32-bit
Narrow klass base: 0x0000000000000000, Narrow klass shift: 3
Compressed class space size: 1073741824 Address: 0x0000000100000000

Heap:
 garbage-first heap   total 189440K, used 91058K [0x0000000080000000, 0x0000000100000000)
  region size 1024K, 20 young (20480K), 7 survivors (7168K)
 Metaspace       used 94118K, capacity 96424K, committed 96640K, reserved 1132544K
  class space    used 12039K, capacity 12921K, committed 12928K, reserved 1048576K
Heap Regions: E=young(eden), S=young(survivor), O=old, HS=humongous(starts), HC=humongous(continues), CS=collection set, F=free, A=archive, TAMS=top-at-mark-start (previous, next)
|   0|0x0000000080000000, 0x0000000080100000, 0x0000000080100000|100%| O|  |TAMS 0x0000000080100000, 0x0000000080000000| Untracked 
|   1|0x0000000080100000, 0x0000000080200000, 0x0000000080200000|100%| O|  |TAMS 0x0000000080200000, 0x0000000080100000| Untracked 
|   2|0x0000000080200000, 0x0000000080300000, 0x0000000080300000|100%| O|  |TAMS 0x0000000080300000, 0x0000000080200000| Untracked 
|   3|0x0000000080300000, 0x0000000080400000, 0x0000000080400000|100%|HS|  |TAMS 0x0000000080400000, 0x0000000080300000| Complete 
|   4|0x0000000080400000, 0x0000000080500000, 0x0000000080500000|100%|HC|  |TAMS 0x0000000080500000, 0x0000000080400000| Complete 
|   5|0x0000000080500000, 0x0000000080600000, 0x0000000080600000|100%|HC|  |TAMS 0x0000000080600000, 0x0000000080500000| Complete 
|   6|0x0000000080600000, 0x0000000080700000, 0x0000000080700000|100%| O|  |TAMS 0x0000000080700000, 0x0000000080600000| Untracked 
|   7|0x0000000080700000, 0x0000000080800000, 0x0000000080800000|100%| O|  |TAMS 0x0000000080800000, 0x0000000080700000| Untracked 
|   8|0x0000000080800000, 0x0000000080900000, 0x0000000080900000|100%| O|  |TAMS 0x0000000080900000, 0x0000000080800000| Untracked 
|   9|0x0000000080900000, 0x0000000080a00000, 0x0000000080a00000|100%| O|  |TAMS 0x0000000080a00000, 0x0000000080900000| Untracked 
|  10|0x0000000080a00000, 0x0000000080b00000, 0x0000000080b00000|100%| O|  |TAMS 0x0000000080b00000, 0x0000000080a00000| Untracked 
|  11|0x0000000080b00000, 0x0000000080c00000, 0x0000000080c00000|100%| O|  |TAMS 0x0000000080c00000, 0x0000000080b00000| Untracked 
|  12|0x0000000080c00000, 0x0000000080d00000, 0x0000000080d00000|100%| O|  |TAMS 0x0000000080d00000, 0x0000000080c00000| Untracked 
|  13|0x0000000080d00000, 0x0000000080e00000, 0x0000000080e00000|100%| O|  |TAMS 0x0000000080e00000, 0x0000000080d00000| Untracked 
|  14|0x0000000080e00000, 0x0000000080f00000, 0x0000000080f00000|100%| O|  |TAMS 0x0000000080f00000, 0x0000000080e00000| Untracked 
|  15|0x0000000080f00000, 0x0000000081000000, 0x0000000081000000|100%| O|  |TAMS 0x0000000081000000, 0x0000000080f00000| Untracked 
|  16|0x0000000081000000, 0x0000000081100000, 0x0000000081100000|100%|HS|  |TAMS 0x0000000081100000, 0x0000000081000000| Complete 
|  17|0x0000000081100000, 0x0000000081200000, 0x0000000081200000|100%| O|  |TAMS 0x0000000081200000, 0x0000000081100000| Untracked 
|  18|0x0000000081200000, 0x0000000081300000, 0x0000000081300000|100%| O|  |TAMS 0x0000000081300000, 0x0000000081200000| Untracked 
|  19|0x0000000081300000, 0x0000000081400000, 0x0000000081400000|100%| O|  |TAMS 0x0000000081400000, 0x0000000081300000| Untracked 
|  20|0x0000000081400000, 0x0000000081500000, 0x0000000081500000|100%| O|  |TAMS 0x0000000081500000, 0x0000000081400000| Untracked 
|  21|0x0000000081500000, 0x0000000081600000, 0x0000000081600000|100%| O|  |TAMS 0x0000000081600000, 0x0000000081500000| Untracked 
|  22|0x0000000081600000, 0x0000000081700000, 0x0000000081700000|100%| O|  |TAMS 0x0000000081700000, 0x0000000081600000| Untracked 
|  23|0x0000000081700000, 0x0000000081800000, 0x0000000081800000|100%| O|  |TAMS 0x0000000081800000, 0x0000000081700000| Untracked 
|  24|0x0000000081800000, 0x0000000081900000, 0x0000000081900000|100%| O|  |TAMS 0x0000000081900000, 0x0000000081800000| Untracked 
|  25|0x0000000081900000, 0x0000000081a00000, 0x0000000081a00000|100%| O|  |TAMS 0x0000000081a00000, 0x0000000081900000| Untracked 
|  26|0x0000000081a00000, 0x0000000081b00000, 0x0000000081b00000|100%| O|  |TAMS 0x0000000081b00000, 0x0000000081a00000| Untracked 
|  27|0x0000000081b00000, 0x0000000081c00000, 0x0000000081c00000|100%|HS|  |TAMS 0x0000000081c00000, 0x0000000081b00000| Complete 
|  28|0x0000000081c00000, 0x0000000081d00000, 0x0000000081d00000|100%|HS|  |TAMS 0x0000000081d00000, 0x0000000081c00000| Complete 
|  29|0x0000000081d00000, 0x0000000081e00000, 0x0000000081e00000|100%|HC|  |TAMS 0x0000000081e00000, 0x0000000081d00000| Complete 
|  30|0x0000000081e00000, 0x0000000081f00000, 0x0000000081f00000|100%|HC|  |TAMS 0x0000000081f00000, 0x0000000081e00000| Complete 
|  31|0x0000000081f00000, 0x0000000082000000, 0x0000000082000000|100%|HS|  |TAMS 0x0000000082000000, 0x0000000081f00000| Complete 
|  32|0x0000000082000000, 0x0000000082100000, 0x0000000082100000|100%|HC|  |TAMS 0x0000000082100000, 0x0000000082000000| Complete 
|  33|0x0000000082100000, 0x0000000082200000, 0x0000000082200000|100%| O|  |TAMS 0x0000000082200000, 0x0000000082100000| Untracked 
|  34|0x0000000082200000, 0x0000000082300000, 0x0000000082300000|100%| O|  |TAMS 0x0000000082300000, 0x0000000082200000| Untracked 
|  35|0x0000000082300000, 0x0000000082400000, 0x0000000082400000|100%| O|  |TAMS 0x0000000082400000, 0x0000000082300000| Untracked 
|  36|0x0000000082400000, 0x0000000082500000, 0x0000000082500000|100%| O|  |TAMS 0x0000000082500000, 0x0000000082400000| Untracked 
|  37|0x0000000082500000, 0x0000000082600000, 0x0000000082600000|100%| O|  |TAMS 0x0000000082600000, 0x0000000082500000| Untracked 
|  38|0x0000000082600000, 0x0000000082700000, 0x0000000082700000|100%| O|  |TAMS 0x0000000082700000, 0x0000000082600000| Untracked 
|  39|0x0000000082700000, 0x0000000082800000, 0x0000000082800000|100%| O|  |TAMS 0x0000000082800000, 0x0000000082700000| Untracked 
|  40|0x0000000082800000, 0x0000000082900000, 0x0000000082900000|100%| O|  |TAMS 0x0000000082900000, 0x0000000082800000| Untracked 
|  41|0x0000000082900000, 0x0000000082a00000, 0x0000000082a00000|100%| O|  |TAMS 0x0000000082a00000, 0x0000000082900000| Untracked 
|  42|0x0000000082a00000, 0x0000000082b00000, 0x0000000082b00000|100%| O|  |TAMS 0x0000000082b00000, 0x0000000082a00000| Untracked 
|  43|0x0000000082b00000, 0x0000000082c00000, 0x0000000082c00000|100%| O|  |TAMS 0x0000000082c00000, 0x0000000082b00000| Untracked 
|  44|0x0000000082c00000, 0x0000000082d00000, 0x0000000082d00000|100%| O|  |TAMS 0x0000000082d00000, 0x0000000082c00000| Untracked 
|  45|0x0000000082d00000, 0x0000000082e00000, 0x0000000082e00000|100%| O|  |TAMS 0x0000000082d15e00, 0x0000000082d00000| Untracked 
|  46|0x0000000082e00000, 0x0000000082f00000, 0x0000000082f00000|100%| O|  |TAMS 0x0000000082e00000, 0x0000000082e00000| Untracked 
|  47|0x0000000082f00000, 0x0000000083000000, 0x0000000083000000|100%| O|  |TAMS 0x0000000082f00000, 0x0000000082f00000| Untracked 
|  48|0x0000000083000000, 0x0000000083100000, 0x0000000083100000|100%| O|  |TAMS 0x0000000083000000, 0x0000000083000000| Untracked 
|  49|0x0000000083100000, 0x0000000083200000, 0x0000000083200000|100%| O|  |TAMS 0x0000000083100000, 0x0000000083100000| Untracked 
|  50|0x0000000083200000, 0x0000000083300000, 0x0000000083300000|100%| O|  |TAMS 0x0000000083200000, 0x0000000083200000| Untracked 
|  51|0x0000000083300000, 0x0000000083400000, 0x0000000083400000|100%| O|  |TAMS 0x0000000083300000, 0x0000000083300000| Untracked 
|  52|0x0000000083400000, 0x0000000083500000, 0x0000000083500000|100%| O|  |TAMS 0x0000000083400000, 0x0000000083400000| Untracked 
|  53|0x0000000083500000, 0x0000000083600000, 0x0000000083600000|100%| O|  |TAMS 0x0000000083500000, 0x0000000083500000| Untracked 
|  54|0x0000000083600000, 0x0000000083700000, 0x0000000083700000|100%| O|  |TAMS 0x0000000083600000, 0x0000000083600000| Untracked 
|  55|0x0000000083700000, 0x0000000083800000, 0x0000000083800000|100%| O|  |TAMS 0x0000000083700000, 0x0000000083700000| Untracked 
|  56|0x0000000083800000, 0x0000000083900000, 0x0000000083900000|100%| O|  |TAMS 0x0000000083800000, 0x0000000083800000| Untracked 
|  57|0x0000000083900000, 0x0000000083a00000, 0x0000000083a00000|100%| O|  |TAMS 0x0000000083900000, 0x0000000083900000| Untracked 
|  58|0x0000000083a00000, 0x0000000083b00000, 0x0000000083b00000|100%| O|  |TAMS 0x0000000083a00000, 0x0000000083a00000| Untracked 
|  59|0x0000000083b00000, 0x0000000083c00000, 0x0000000083c00000|100%| O|  |TAMS 0x0000000083b00000, 0x0000000083b00000| Untracked 
|  60|0x0000000083c00000, 0x0000000083d00000, 0x0000000083d00000|100%| O|  |TAMS 0x0000000083c00000, 0x0000000083c00000| Untracked 
|  61|0x0000000083d00000, 0x0000000083e00000, 0x0000000083e00000|100%| O|  |TAMS 0x0000000083d00000, 0x0000000083d00000| Untracked 
|  62|0x0000000083e00000, 0x0000000083f00000, 0x0000000083f00000|100%| O|  |TAMS 0x0000000083e00000, 0x0000000083e00000| Untracked 
|  63|0x0000000083f00000, 0x0000000084000000, 0x0000000084000000|100%| O|  |TAMS 0x0000000083f00000, 0x0000000083f00000| Untracked 
|  64|0x0000000084000000, 0x0000000084100000, 0x0000000084100000|100%| O|  |TAMS 0x0000000084000000, 0x0000000084000000| Untracked 
|  65|0x0000000084100000, 0x0000000084200000, 0x0000000084200000|100%| O|  |TAMS 0x0000000084100000, 0x0000000084100000| Untracked 
|  66|0x0000000084200000, 0x0000000084300000, 0x0000000084300000|100%| O|  |TAMS 0x0000000084200000, 0x0000000084200000| Untracked 
|  67|0x0000000084300000, 0x0000000084400000, 0x0000000084400000|100%| O|  |TAMS 0x0000000084300000, 0x0000000084300000| Untracked 
|  68|0x0000000084400000, 0x0000000084500000, 0x0000000084500000|100%| O|  |TAMS 0x0000000084400000, 0x0000000084400000| Untracked 
|  69|0x0000000084500000, 0x0000000084600000, 0x0000000084600000|100%| O|  |TAMS 0x0000000084500000, 0x0000000084500000| Untracked 
|  70|0x0000000084600000, 0x00000000846c9000, 0x0000000084700000| 78%| O|  |TAMS 0x0000000084600000, 0x0000000084600000| Untracked 
|  71|0x0000000084700000, 0x0000000084700000, 0x0000000084800000|  0%| F|  |TAMS 0x0000000084700000, 0x0000000084700000| Untracked 
|  72|0x0000000084800000, 0x0000000084800000, 0x0000000084900000|  0%| F|  |TAMS 0x0000000084800000, 0x0000000084800000| Untracked 
|  73|0x0000000084900000, 0x0000000084900000, 0x0000000084a00000|  0%| F|  |TAMS 0x0000000084900000, 0x0000000084900000| Untracked 
|  74|0x0000000084a00000, 0x0000000084a00000, 0x0000000084b00000|  0%| F|  |TAMS 0x0000000084a00000, 0x0000000084a00000| Untracked 
|  75|0x0000000084b00000, 0x0000000084b00000, 0x0000000084c00000|  0%| F|  |TAMS 0x0000000084b00000, 0x0000000084b00000| Untracked 
|  76|0x0000000084c00000, 0x0000000084c00000, 0x0000000084d00000|  0%| F|  |TAMS 0x0000000084c00000, 0x0000000084c00000| Untracked 
|  77|0x0000000084d00000, 0x0000000084d00000, 0x0000000084e00000|  0%| F|  |TAMS 0x0000000084d00000, 0x0000000084d00000| Untracked 
|  78|0x0000000084e00000, 0x0000000084e00000, 0x0000000084f00000|  0%| F|  |TAMS 0x0000000084e00000, 0x0000000084e00000| Untracked 
|  79|0x0000000084f00000, 0x0000000084f00000, 0x0000000085000000|  0%| F|  |TAMS 0x0000000084f00000, 0x0000000084f00000| Untracked 
|  80|0x0000000085000000, 0x0000000085000000, 0x0000000085100000|  0%| F|  |TAMS 0x0000000085000000, 0x0000000085000000| Untracked 
|  81|0x0000000085100000, 0x0000000085100000, 0x0000000085200000|  0%| F|  |TAMS 0x0000000085100000, 0x0000000085100000| Untracked 
|  82|0x0000000085200000, 0x0000000085200000, 0x0000000085300000|  0%| F|  |TAMS 0x0000000085200000, 0x0000000085200000| Untracked 
|  83|0x0000000085300000, 0x0000000085300000, 0x0000000085400000|  0%| F|  |TAMS 0x0000000085300000, 0x0000000085300000| Untracked 
|  84|0x0000000085400000, 0x0000000085400000, 0x0000000085500000|  0%| F|  |TAMS 0x0000000085400000, 0x0000000085400000| Untracked 
|  85|0x0000000085500000, 0x0000000085500000, 0x0000000085600000|  0%| F|  |TAMS 0x0000000085500000, 0x0000000085500000| Untracked 
|  86|0x0000000085600000, 0x0000000085600000, 0x0000000085700000|  0%| F|  |TAMS 0x0000000085600000, 0x0000000085600000| Untracked 
|  87|0x0000000085700000, 0x0000000085700000, 0x0000000085800000|  0%| F|  |TAMS 0x0000000085700000, 0x0000000085700000| Untracked 
|  88|0x0000000085800000, 0x0000000085800000, 0x0000000085900000|  0%| F|  |TAMS 0x0000000085800000, 0x0000000085800000| Untracked 
|  89|0x0000000085900000, 0x0000000085900000, 0x0000000085a00000|  0%| F|  |TAMS 0x0000000085900000, 0x0000000085900000| Untracked 
|  90|0x0000000085a00000, 0x0000000085a00000, 0x0000000085b00000|  0%| F|  |TAMS 0x0000000085a00000, 0x0000000085a00000| Untracked 
|  91|0x0000000085b00000, 0x0000000085b23890, 0x0000000085c00000| 13%| S|CS|TAMS 0x0000000085b00000, 0x0000000085b00000| Complete 
|  92|0x0000000085c00000, 0x0000000085d00000, 0x0000000085d00000|100%| S|CS|TAMS 0x0000000085c00000, 0x0000000085c00000| Complete 
|  93|0x0000000085d00000, 0x0000000085d00000, 0x0000000085e00000|  0%| F|  |TAMS 0x0000000085d00000, 0x0000000085d00000| Untracked 
|  94|0x0000000085e00000, 0x0000000085e00000, 0x0000000085f00000|  0%| F|  |TAMS 0x0000000085e00000, 0x0000000085e00000| Untracked 
|  95|0x0000000085f00000, 0x0000000085f00000, 0x0000000086000000|  0%| F|  |TAMS 0x0000000085f00000, 0x0000000085f00000| Untracked 
|  96|0x0000000086000000, 0x0000000086000000, 0x0000000086100000|  0%| F|  |TAMS 0x0000000086000000, 0x0000000086000000| Untracked 
|  97|0x0000000086100000, 0x0000000086100000, 0x0000000086200000|  0%| F|  |TAMS 0x0000000086100000, 0x0000000086100000| Untracked 
|  98|0x0000000086200000, 0x0000000086300000, 0x0000000086300000|100%| S|CS|TAMS 0x0000000086200000, 0x0000000086200000| Complete 
|  99|0x0000000086300000, 0x0000000086400000, 0x0000000086400000|100%| S|CS|TAMS 0x0000000086300000, 0x0000000086300000| Complete 
| 100|0x0000000086400000, 0x0000000086400000, 0x0000000086500000|  0%| F|  |TAMS 0x0000000086400000, 0x0000000086400000| Untracked 
| 101|0x0000000086500000, 0x0000000086600000, 0x0000000086600000|100%| S|CS|TAMS 0x0000000086500000, 0x0000000086500000| Complete 
| 102|0x0000000086600000, 0x0000000086600000, 0x0000000086700000|  0%| F|  |TAMS 0x0000000086600000, 0x0000000086600000| Untracked 
| 103|0x0000000086700000, 0x0000000086800000, 0x0000000086800000|100%| S|CS|TAMS 0x0000000086700000, 0x0000000086700000| Complete 
| 104|0x0000000086800000, 0x0000000086900000, 0x0000000086900000|100%| S|CS|TAMS 0x0000000086800000, 0x0000000086800000| Complete 
| 105|0x0000000086900000, 0x0000000086900000, 0x0000000086a00000|  0%| F|  |TAMS 0x0000000086900000, 0x0000000086900000| Untracked 
| 106|0x0000000086a00000, 0x0000000086a00000, 0x0000000086b00000|  0%| F|  |TAMS 0x0000000086a00000, 0x0000000086a00000| Untracked 
| 107|0x0000000086b00000, 0x0000000086b00000, 0x0000000086c00000|  0%| F|  |TAMS 0x0000000086b00000, 0x0000000086b00000| Untracked 
| 108|0x0000000086c00000, 0x0000000086c00000, 0x0000000086d00000|  0%| F|  |TAMS 0x0000000086c00000, 0x0000000086c00000| Untracked 
| 109|0x0000000086d00000, 0x0000000086d00000, 0x0000000086e00000|  0%| F|  |TAMS 0x0000000086d00000, 0x0000000086d00000| Untracked 
| 110|0x0000000086e00000, 0x0000000086e00000, 0x0000000086f00000|  0%| F|  |TAMS 0x0000000086e00000, 0x0000000086e00000| Untracked 
| 111|0x0000000086f00000, 0x0000000086f00000, 0x0000000087000000|  0%| F|  |TAMS 0x0000000086f00000, 0x0000000086f00000| Untracked 
| 112|0x0000000087000000, 0x0000000087000000, 0x0000000087100000|  0%| F|  |TAMS 0x0000000087000000, 0x0000000087000000| Untracked 
| 113|0x0000000087100000, 0x0000000087100000, 0x0000000087200000|  0%| F|  |TAMS 0x0000000087100000, 0x0000000087100000| Untracked 
| 114|0x0000000087200000, 0x0000000087200000, 0x0000000087300000|  0%| F|  |TAMS 0x0000000087200000, 0x0000000087200000| Untracked 
| 115|0x0000000087300000, 0x0000000087300000, 0x0000000087400000|  0%| F|  |TAMS 0x0000000087300000, 0x0000000087300000| Untracked 
| 116|0x0000000087400000, 0x0000000087400000, 0x0000000087500000|  0%| F|  |TAMS 0x0000000087400000, 0x0000000087400000| Untracked 
| 117|0x0000000087500000, 0x0000000087500000, 0x0000000087600000|  0%| F|  |TAMS 0x0000000087500000, 0x0000000087500000| Untracked 
| 118|0x0000000087600000, 0x0000000087600000, 0x0000000087700000|  0%| F|  |TAMS 0x0000000087600000, 0x0000000087600000| Untracked 
| 119|0x0000000087700000, 0x0000000087700000, 0x0000000087800000|  0%| F|  |TAMS 0x0000000087700000, 0x0000000087700000| Untracked 
| 120|0x0000000087800000, 0x0000000087800000, 0x0000000087900000|  0%| F|  |TAMS 0x0000000087800000, 0x0000000087800000| Untracked 
| 121|0x0000000087900000, 0x0000000087900000, 0x0000000087a00000|  0%| F|  |TAMS 0x0000000087900000, 0x0000000087900000| Untracked 
| 122|0x0000000087a00000, 0x0000000087a00000, 0x0000000087b00000|  0%| F|  |TAMS 0x0000000087a00000, 0x0000000087a00000| Untracked 
| 123|0x0000000087b00000, 0x0000000087b00000, 0x0000000087c00000|  0%| F|  |TAMS 0x0000000087b00000, 0x0000000087b00000| Untracked 
| 124|0x0000000087c00000, 0x0000000087c00000, 0x0000000087d00000|  0%| F|  |TAMS 0x0000000087c00000, 0x0000000087c00000| Untracked 
| 125|0x0000000087d00000, 0x0000000087d00000, 0x0000000087e00000|  0%| F|  |TAMS 0x0000000087d00000, 0x0000000087d00000| Untracked 
| 126|0x0000000087e00000, 0x0000000087e00000, 0x0000000087f00000|  0%| F|  |TAMS 0x0000000087e00000, 0x0000000087e00000| Untracked 
| 127|0x0000000087f00000, 0x0000000087f00000, 0x0000000088000000|  0%| F|  |TAMS 0x0000000087f00000, 0x0000000087f00000| Untracked 
| 128|0x0000000088000000, 0x0000000088000000, 0x0000000088100000|  0%| F|  |TAMS 0x0000000088000000, 0x0000000088000000| Untracked 
| 129|0x0000000088100000, 0x0000000088100000, 0x0000000088200000|  0%| F|  |TAMS 0x0000000088100000, 0x0000000088100000| Untracked 
| 130|0x0000000088200000, 0x0000000088200000, 0x0000000088300000|  0%| F|  |TAMS 0x0000000088200000, 0x0000000088200000| Untracked 
| 131|0x0000000088300000, 0x0000000088300000, 0x0000000088400000|  0%| F|  |TAMS 0x0000000088300000, 0x0000000088300000| Untracked 
| 132|0x0000000088400000, 0x0000000088400000, 0x0000000088500000|  0%| F|  |TAMS 0x0000000088400000, 0x0000000088400000| Untracked 
| 133|0x0000000088500000, 0x0000000088500000, 0x0000000088600000|  0%| F|  |TAMS 0x0000000088500000, 0x0000000088500000| Untracked 
| 134|0x0000000088600000, 0x0000000088600000, 0x0000000088700000|  0%| F|  |TAMS 0x0000000088600000, 0x0000000088600000| Untracked 
| 135|0x0000000088700000, 0x0000000088700000, 0x0000000088800000|  0%| F|  |TAMS 0x0000000088700000, 0x0000000088700000| Untracked 
| 136|0x0000000088800000, 0x0000000088800000, 0x0000000088900000|  0%| F|  |TAMS 0x0000000088800000, 0x0000000088800000| Untracked 
| 137|0x0000000088900000, 0x0000000088900000, 0x0000000088a00000|  0%| F|  |TAMS 0x0000000088900000, 0x0000000088900000| Untracked 
| 138|0x0000000088a00000, 0x0000000088a00000, 0x0000000088b00000|  0%| F|  |TAMS 0x0000000088a00000, 0x0000000088a00000| Untracked 
| 139|0x0000000088b00000, 0x0000000088b00000, 0x0000000088c00000|  0%| F|  |TAMS 0x0000000088b00000, 0x0000000088b00000| Untracked 
| 140|0x0000000088c00000, 0x0000000088c00000, 0x0000000088d00000|  0%| F|  |TAMS 0x0000000088c00000, 0x0000000088c00000| Untracked 
| 141|0x0000000088d00000, 0x0000000088d00000, 0x0000000088e00000|  0%| F|  |TAMS 0x0000000088d00000, 0x0000000088d00000| Untracked 
| 142|0x0000000088e00000, 0x0000000088e00000, 0x0000000088f00000|  0%| F|  |TAMS 0x0000000088e00000, 0x0000000088e00000| Untracked 
| 143|0x0000000088f00000, 0x0000000088f00000, 0x0000000089000000|  0%| F|  |TAMS 0x0000000088f00000, 0x0000000088f00000| Untracked 
| 144|0x0000000089000000, 0x0000000089000000, 0x0000000089100000|  0%| F|  |TAMS 0x0000000089000000, 0x0000000089000000| Untracked 
| 145|0x0000000089100000, 0x0000000089100000, 0x0000000089200000|  0%| F|  |TAMS 0x0000000089100000, 0x0000000089100000| Untracked 
| 146|0x0000000089200000, 0x0000000089200000, 0x0000000089300000|  0%| F|  |TAMS 0x0000000089200000, 0x0000000089200000| Untracked 
| 147|0x0000000089300000, 0x0000000089300000, 0x0000000089400000|  0%| F|  |TAMS 0x0000000089300000, 0x0000000089300000| Untracked 
| 148|0x0000000089400000, 0x0000000089400000, 0x0000000089500000|  0%| F|  |TAMS 0x0000000089400000, 0x0000000089400000| Untracked 
| 149|0x0000000089500000, 0x0000000089500000, 0x0000000089600000|  0%| F|  |TAMS 0x0000000089500000, 0x0000000089500000| Untracked 
| 150|0x0000000089600000, 0x0000000089600000, 0x0000000089700000|  0%| F|  |TAMS 0x0000000089600000, 0x0000000089600000| Untracked 
| 151|0x0000000089700000, 0x0000000089700000, 0x0000000089800000|  0%| F|  |TAMS 0x0000000089700000, 0x0000000089700000| Untracked 
| 152|0x0000000089800000, 0x0000000089800000, 0x0000000089900000|  0%| F|  |TAMS 0x0000000089800000, 0x0000000089800000| Untracked 
| 153|0x0000000089900000, 0x0000000089900000, 0x0000000089a00000|  0%| F|  |TAMS 0x0000000089900000, 0x0000000089900000| Untracked 
| 154|0x0000000089a00000, 0x0000000089a00000, 0x0000000089b00000|  0%| F|  |TAMS 0x0000000089a00000, 0x0000000089a00000| Untracked 
| 155|0x0000000089b00000, 0x0000000089b00000, 0x0000000089c00000|  0%| F|  |TAMS 0x0000000089b00000, 0x0000000089b00000| Untracked 
| 156|0x0000000089c00000, 0x0000000089c00000, 0x0000000089d00000|  0%| F|  |TAMS 0x0000000089c00000, 0x0000000089c00000| Untracked 
| 157|0x0000000089d00000, 0x0000000089d00000, 0x0000000089e00000|  0%| F|  |TAMS 0x0000000089d00000, 0x0000000089d00000| Untracked 
| 158|0x0000000089e00000, 0x0000000089e00000, 0x0000000089f00000|  0%| F|  |TAMS 0x0000000089e00000, 0x0000000089e00000| Untracked 
| 159|0x0000000089f00000, 0x0000000089f00000, 0x000000008a000000|  0%| F|  |TAMS 0x0000000089f00000, 0x0000000089f00000| Untracked 
| 160|0x000000008a000000, 0x000000008a000000, 0x000000008a100000|  0%| F|  |TAMS 0x000000008a000000, 0x000000008a000000| Untracked 
| 161|0x000000008a100000, 0x000000008a100000, 0x000000008a200000|  0%| F|  |TAMS 0x000000008a100000, 0x000000008a100000| Untracked 
| 162|0x000000008a200000, 0x000000008a200000, 0x000000008a300000|  0%| F|  |TAMS 0x000000008a200000, 0x000000008a200000| Untracked 
| 163|0x000000008a300000, 0x000000008a300000, 0x000000008a400000|  0%| F|  |TAMS 0x000000008a300000, 0x000000008a300000| Untracked 
| 164|0x000000008a400000, 0x000000008a400000, 0x000000008a500000|  0%| F|  |TAMS 0x000000008a400000, 0x000000008a400000| Untracked 
| 165|0x000000008a500000, 0x000000008a500000, 0x000000008a600000|  0%| F|  |TAMS 0x000000008a500000, 0x000000008a500000| Untracked 
| 166|0x000000008a600000, 0x000000008a600000, 0x000000008a700000|  0%| F|  |TAMS 0x000000008a600000, 0x000000008a600000| Untracked 
| 167|0x000000008a700000, 0x000000008a700000, 0x000000008a800000|  0%| F|  |TAMS 0x000000008a700000, 0x000000008a700000| Untracked 
| 168|0x000000008a800000, 0x000000008a800000, 0x000000008a900000|  0%| F|  |TAMS 0x000000008a800000, 0x000000008a800000| Untracked 
| 169|0x000000008a900000, 0x000000008a900000, 0x000000008aa00000|  0%| F|  |TAMS 0x000000008a900000, 0x000000008a900000| Untracked 
| 170|0x000000008aa00000, 0x000000008aa00000, 0x000000008ab00000|  0%| F|  |TAMS 0x000000008aa00000, 0x000000008aa00000| Untracked 
| 171|0x000000008ab00000, 0x000000008ab00000, 0x000000008ac00000|  0%| F|  |TAMS 0x000000008ab00000, 0x000000008ab00000| Untracked 
| 172|0x000000008ac00000, 0x000000008acdd7b0, 0x000000008ad00000| 86%| E|  |TAMS 0x000000008ac00000, 0x000000008ac00000| Complete 
| 173|0x000000008ad00000, 0x000000008ae00000, 0x000000008ae00000|100%| E|CS|TAMS 0x000000008ad00000, 0x000000008ad00000| Complete 
| 174|0x000000008ae00000, 0x000000008af00000, 0x000000008af00000|100%| E|CS|TAMS 0x000000008ae00000, 0x000000008ae00000| Complete 
| 175|0x000000008af00000, 0x000000008b000000, 0x000000008b000000|100%| E|CS|TAMS 0x000000008af00000, 0x000000008af00000| Complete 
| 176|0x000000008b000000, 0x000000008b100000, 0x000000008b100000|100%| E|CS|TAMS 0x000000008b000000, 0x000000008b000000| Complete 
| 177|0x000000008b100000, 0x000000008b200000, 0x000000008b200000|100%| E|CS|TAMS 0x000000008b100000, 0x000000008b100000| Complete 
| 178|0x000000008b200000, 0x000000008b300000, 0x000000008b300000|100%| E|CS|TAMS 0x000000008b200000, 0x000000008b200000| Complete 
| 179|0x000000008b300000, 0x000000008b400000, 0x000000008b400000|100%| E|CS|TAMS 0x000000008b300000, 0x000000008b300000| Complete 
| 180|0x000000008b400000, 0x000000008b500000, 0x000000008b500000|100%| E|CS|TAMS 0x000000008b400000, 0x000000008b400000| Complete 
| 181|0x000000008b500000, 0x000000008b600000, 0x000000008b600000|100%| E|CS|TAMS 0x000000008b500000, 0x000000008b500000| Complete 
| 182|0x000000008b600000, 0x000000008b700000, 0x000000008b700000|100%| E|CS|TAMS 0x000000008b600000, 0x000000008b600000| Complete 
| 183|0x000000008b700000, 0x000000008b800000, 0x000000008b800000|100%| E|CS|TAMS 0x000000008b700000, 0x000000008b700000| Complete 
| 184|0x000000008b800000, 0x000000008b900000, 0x000000008b900000|100%| E|CS|TAMS 0x000000008b800000, 0x000000008b800000| Complete 

Card table byte_map: [0x000002a475d10000,0x000002a476110000] _byte_map_base: 0x000002a475910000

Marking Bits (Prev, Next): (CMBitMap*) 0x000002a46255cf88, (CMBitMap*) 0x000002a46255cfc0
 Prev Bits: [0x000002a476510000, 0x000002a478510000)
 Next Bits: [0x000002a478510000, 0x000002a47a510000)

Polling page: 0x000002a460d00000

Metaspace:

Usage:
  Non-class:     81.61 MB capacity,    80.16 MB ( 98%) used,     1.19 MB (  1%) free+waste,   266.06 KB ( <1%) overhead. 
      Class:     12.62 MB capacity,    11.76 MB ( 93%) used,   761.41 KB (  6%) free+waste,   120.00 KB ( <1%) overhead. 
       Both:     94.23 MB capacity,    91.92 MB ( 98%) used,     1.93 MB (  2%) free+waste,   386.06 KB ( <1%) overhead. 

Virtual space:
  Non-class space:       82.00 MB reserved,      81.75 MB (>99%) committed 
      Class space:        1.00 GB reserved,      12.63 MB (  1%) committed 
             Both:        1.08 GB reserved,      94.38 MB (  9%) committed 

Chunk freelists:
   Non-Class:  15.00 KB
       Class:  7.00 KB
        Both:  22.00 KB

MaxMetaspaceSize: 17179869184.00 GB
CompressedClassSpaceSize: 1.00 GB

CodeHeap 'non-profiled nmethods': size=120000Kb used=6144Kb max_used=6504Kb free=113855Kb
 bounds [0x000002a46d970000, 0x000002a46dfd0000, 0x000002a474ea0000]
CodeHeap 'profiled nmethods': size=120000Kb used=21614Kb max_used=21614Kb free=98386Kb
 bounds [0x000002a466440000, 0x000002a467970000, 0x000002a46d970000]
CodeHeap 'non-nmethods': size=5760Kb used=2287Kb max_used=2336Kb free=3472Kb
 bounds [0x000002a465ea0000, 0x000002a466110000, 0x000002a466440000]
 total_blobs=11092 nmethods=10196 adapters=807
 compilation: enabled
              stopped_count=0, restarted_count=0
 full_count=0

Compilation events (20 events):
Event: 31.018 Thread 0x000002a47d96c000 10733       3       org.gradle.api.internal.artifacts.configurations.DefaultConfiguration::setCanBeConsumed (13 bytes)
Event: 31.018 Thread 0x000002a47d96c000 nmethod 10733 0x000002a467925790 code [0x000002a467925960, 0x000002a467925c58]
Event: 31.019 Thread 0x000002a47d96c000 10736       3       org.gradle.internal.event.DefaultListenerManager::assertCanBroadcast (101 bytes)
Event: 31.021 Thread 0x000002a47d96c000 nmethod 10736 0x000002a467925d90 code [0x000002a4679262a0, 0x000002a467928bf8]
Event: 31.021 Thread 0x000002a47d96c000 10737       3       java.util.logging.Logger::isLoggable (27 bytes)
Event: 31.021 Thread 0x000002a47d96c000 nmethod 10737 0x000002a467929a10 code [0x000002a467929bc0, 0x000002a467929d78]
Event: 31.022 Thread 0x000002a47d96c000 10738       1       org.gradle.internal.action.DefaultConfigurableRule::isCacheable (5 bytes)
Event: 31.022 Thread 0x000002a47d96c000 nmethod 10738 0x000002a46da1ba10 code [0x000002a46da1bbc0, 0x000002a46da1bc78]
Event: 31.022 Thread 0x000002a47d96c000 10739       3       org.gradle.api.internal.DefaultDomainObjectCollection::all (119 bytes)
Event: 31.023 Thread 0x000002a47d96c000 nmethod 10739 0x000002a467929e90 code [0x000002a46792a1e0, 0x000002a46792b698]
Event: 31.023 Thread 0x000002a47d96c000 10740       3       kotlin.collections.CollectionsKt___CollectionsKt::drop (312 bytes)
Event: 31.026 Thread 0x000002a47d96c000 nmethod 10740 0x000002a46792bd10 code [0x000002a46792c340, 0x000002a46792fdf8]
Event: 31.026 Thread 0x000002a47d96c000 10741       3       org.jetbrains.kotlin.gradle.plugin.sources.DefaultKotlinSourceSetKt::disambiguateName (151 bytes)
Event: 31.028 Thread 0x000002a47d96c000 nmethod 10741 0x000002a467930f90 code [0x000002a467931360, 0x000002a467932e28]
Event: 31.028 Thread 0x000002a47d96c000 10743       3       org.gradle.api.internal.plugins.DefaultPluginRegistry$PluginIdLookupCacheKey::hashCode (23 bytes)
Event: 31.029 Thread 0x000002a47d96c000 nmethod 10743 0x000002a467933710 code [0x000002a4679338e0, 0x000002a467933b78]
Event: 31.029 Thread 0x000002a47d96c000 10742       1       com.google.common.cache.LocalCache$WeakEntry::getHash (5 bytes)
Event: 31.029 Thread 0x000002a47d96c000 nmethod 10742 0x000002a46da1b710 code [0x000002a46da1b8c0, 0x000002a46da1b978]
Event: 31.029 Thread 0x000002a47d96c000 10744       3       com.google.common.collect.FluentIterable::<init> (12 bytes)
Event: 31.029 Thread 0x000002a47d96c000 nmethod 10744 0x000002a467933c90 code [0x000002a467933e60, 0x000002a4679340d8]

GC Heap History (20 events):
Event: 11.490 GC heap before
{Heap before GC invocations=12 (full 0):
 garbage-first heap   total 157696K, used 50263K [0x0000000080000000, 0x0000000100000000)
  region size 1024K, 5 young (5120K), 3 survivors (3072K)
 Metaspace       used 58560K, capacity 60050K, committed 60160K, reserved 1101824K
  class space    used 7425K, capacity 7994K, committed 8064K, reserved 1048576K
}
Event: 11.497 GC heap after
{Heap after GC invocations=13 (full 0):
 garbage-first heap   total 157696K, used 49310K [0x0000000080000000, 0x0000000100000000)
  region size 1024K, 4 young (4096K), 4 survivors (4096K)
 Metaspace       used 58560K, capacity 60050K, committed 60160K, reserved 1101824K
  class space    used 7425K, capacity 7994K, committed 8064K, reserved 1048576K
}
Event: 12.306 GC heap before
{Heap before GC invocations=14 (full 0):
 garbage-first heap   total 157696K, used 97438K [0x0000000080000000, 0x0000000100000000)
  region size 1024K, 51 young (52224K), 4 survivors (4096K)
 Metaspace       used 62818K, capacity 64338K, committed 64640K, reserved 1105920K
  class space    used 7941K, capacity 8516K, committed 8576K, reserved 1048576K
}
Event: 12.318 GC heap after
{Heap after GC invocations=15 (full 0):
 garbage-first heap   total 157696K, used 52781K [0x0000000080000000, 0x0000000100000000)
  region size 1024K, 7 young (7168K), 7 survivors (7168K)
 Metaspace       used 62818K, capacity 64338K, committed 64640K, reserved 1105920K
  class space    used 7941K, capacity 8516K, committed 8576K, reserved 1048576K
}
Event: 12.973 GC heap before
{Heap before GC invocations=16 (full 0):
 garbage-first heap   total 157696K, used 102957K [0x0000000080000000, 0x0000000100000000)
  region size 1024K, 56 young (57344K), 7 survivors (7168K)
 Metaspace       used 64950K, capacity 66550K, committed 66688K, reserved 1107968K
  class space    used 8196K, capacity 8821K, committed 8832K, reserved 1048576K
}
Event: 12.982 GC heap after
{Heap after GC invocations=17 (full 0):
 garbage-first heap   total 157696K, used 56995K [0x0000000080000000, 0x0000000100000000)
  region size 1024K, 5 young (5120K), 5 survivors (5120K)
 Metaspace       used 64950K, capacity 66550K, committed 66688K, reserved 1107968K
  class space    used 8196K, capacity 8821K, committed 8832K, reserved 1048576K
}
Event: 13.767 GC heap before
{Heap before GC invocations=17 (full 0):
 garbage-first heap   total 157696K, used 108195K [0x0000000080000000, 0x0000000100000000)
  region size 1024K, 55 young (56320K), 5 survivors (5120K)
 Metaspace       used 70704K, capacity 72390K, committed 72576K, reserved 1112064K
  class space    used 9115K, capacity 9760K, committed 9856K, reserved 1048576K
}
Event: 13.775 GC heap after
{Heap after GC invocations=18 (full 0):
 garbage-first heap   total 157696K, used 60173K [0x0000000080000000, 0x0000000100000000)
  region size 1024K, 4 young (4096K), 4 survivors (4096K)
 Metaspace       used 70704K, capacity 72390K, committed 72576K, reserved 1112064K
  class space    used 9115K, capacity 9760K, committed 9856K, reserved 1048576K
}
Event: 14.571 GC heap before
{Heap before GC invocations=18 (full 0):
 garbage-first heap   total 157696K, used 113421K [0x0000000080000000, 0x0000000100000000)
  region size 1024K, 56 young (57344K), 4 survivors (4096K)
 Metaspace       used 76875K, capacity 78694K, committed 78848K, reserved 1118208K
  class space    used 9982K, capacity 10671K, committed 10752K, reserved 1048576K
}
Event: 14.578 GC heap after
{Heap after GC invocations=19 (full 0):
 garbage-first heap   total 157696K, used 62404K [0x0000000080000000, 0x0000000100000000)
  region size 1024K, 6 young (6144K), 6 survivors (6144K)
 Metaspace       used 76875K, capacity 78694K, committed 78848K, reserved 1118208K
  class space    used 9982K, capacity 10671K, committed 10752K, reserved 1048576K
}
Event: 15.513 GC heap before
{Heap before GC invocations=19 (full 0):
 garbage-first heap   total 157696K, used 116676K [0x0000000080000000, 0x0000000100000000)
  region size 1024K, 60 young (61440K), 6 survivors (6144K)
 Metaspace       used 81718K, capacity 83706K, committed 83840K, reserved 1122304K
  class space    used 10625K, capacity 11349K, committed 11392K, reserved 1048576K
}
Event: 15.524 GC heap after
{Heap after GC invocations=20 (full 0):
 garbage-first heap   total 157696K, used 66425K [0x0000000080000000, 0x0000000100000000)
  region size 1024K, 7 young (7168K), 7 survivors (7168K)
 Metaspace       used 81718K, capacity 83706K, committed 83840K, reserved 1122304K
  class space    used 10625K, capacity 11349K, committed 11392K, reserved 1048576K
}
Event: 16.142 GC heap before
{Heap before GC invocations=20 (full 0):
 garbage-first heap   total 157696K, used 119673K [0x0000000080000000, 0x0000000100000000)
  region size 1024K, 60 young (61440K), 7 survivors (7168K)
 Metaspace       used 82526K, capacity 84660K, committed 84864K, reserved 1122304K
  class space    used 10715K, capacity 11548K, committed 11648K, reserved 1048576K
}
Event: 16.154 GC heap after
{Heap after GC invocations=21 (full 0):
 garbage-first heap   total 157696K, used 70533K [0x0000000080000000, 0x0000000100000000)
  region size 1024K, 8 young (8192K), 8 survivors (8192K)
 Metaspace       used 82526K, capacity 84660K, committed 84864K, reserved 1122304K
  class space    used 10715K, capacity 11548K, committed 11648K, reserved 1048576K
}
Event: 16.714 GC heap before
{Heap before GC invocations=21 (full 0):
 garbage-first heap   total 157696K, used 122757K [0x0000000080000000, 0x0000000100000000)
  region size 1024K, 60 young (61440K), 8 survivors (8192K)
 Metaspace       used 84539K, capacity 86745K, committed 86912K, reserved 1124352K
  class space    used 10964K, capacity 11816K, committed 11904K, reserved 1048576K
}
Event: 16.725 GC heap after
{Heap after GC invocations=22 (full 0):
 garbage-first heap   total 157696K, used 72938K [0x0000000080000000, 0x0000000100000000)
  region size 1024K, 7 young (7168K), 7 survivors (7168K)
 Metaspace       used 84539K, capacity 86745K, committed 86912K, reserved 1124352K
  class space    used 10964K, capacity 11816K, committed 11904K, reserved 1048576K
}
Event: 17.341 GC heap before
{Heap before GC invocations=22 (full 0):
 garbage-first heap   total 157696K, used 125162K [0x0000000080000000, 0x0000000100000000)
  region size 1024K, 58 young (59392K), 7 survivors (7168K)
 Metaspace       used 88348K, capacity 90554K, committed 90624K, reserved 1128448K
  class space    used 11429K, capacity 12273K, committed 12288K, reserved 1048576K
}
Event: 17.352 GC heap after
{Heap after GC invocations=23 (full 0):
 garbage-first heap   total 157696K, used 76337K [0x0000000080000000, 0x0000000100000000)
  region size 1024K, 7 young (7168K), 7 survivors (7168K)
 Metaspace       used 88348K, capacity 90554K, committed 90624K, reserved 1128448K
  class space    used 11429K, capacity 12273K, committed 12288K, reserved 1048576K
}
Event: 30.913 GC heap before
{Heap before GC invocations=23 (full 0):
 garbage-first heap   total 157696K, used 125489K [0x0000000080000000, 0x0000000100000000)
  region size 1024K, 56 young (57344K), 7 survivors (7168K)
 Metaspace       used 93995K, capacity 96345K, committed 96384K, reserved 1132544K
  class space    used 12037K, capacity 12919K, committed 12928K, reserved 1048576K
}
Event: 30.926 GC heap after
{Heap after GC invocations=24 (full 0):
 garbage-first heap   total 189440K, used 78770K [0x0000000080000000, 0x0000000100000000)
  region size 1024K, 7 young (7168K), 7 survivors (7168K)
 Metaspace       used 93995K, capacity 96345K, committed 96384K, reserved 1132544K
  class space    used 12037K, capacity 12919K, committed 12928K, reserved 1048576K
}

Deoptimization events (20 events):
Event: 30.701 Thread 0x000002a4003e6800 DEOPT PACKING pc=0x000002a46df74de4 sp=0x000000e5147fd450
Event: 30.701 Thread 0x000002a4003e6800 DEOPT UNPACKING pc=0x000002a465ec74af sp=0x000000e5147fd3f8 mode 2
Event: 30.723 Thread 0x000002a4003e6800 Uncommon trap: trap_request=0xffffffcc fr.pc=0x000002a46deacfac relative=0x0000000000004a8c
Event: 30.723 Thread 0x000002a4003e6800 Uncommon trap: reason=intrinsic_or_type_checked_inlining action=make_not_entrant pc=0x000002a46deacfac method=java.util.ArrayList$SubList.toArray([Ljava/lang/Object;)[Ljava/lang/Object; @ 58 c2
Event: 30.723 Thread 0x000002a4003e6800 DEOPT PACKING pc=0x000002a46deacfac sp=0x000000e5147f9a30
Event: 30.723 Thread 0x000002a4003e6800 DEOPT UNPACKING pc=0x000002a465ec74af sp=0x000000e5147f99c8 mode 2
Event: 30.744 Thread 0x000002a4003e6800 DEOPT PACKING pc=0x000002a46685f1f9 sp=0x000000e5147fbb00
Event: 30.744 Thread 0x000002a4003e6800 DEOPT UNPACKING pc=0x000002a465ec72ce sp=0x000000e5147fafc8 mode 0
Event: 30.796 Thread 0x000002a4003e6800 DEOPT PACKING pc=0x000002a4675badcd sp=0x000000e5147f9260
Event: 30.796 Thread 0x000002a4003e6800 DEOPT UNPACKING pc=0x000002a465ec72ce sp=0x000000e5147f8780 mode 0
Event: 30.887 Thread 0x000002a4003e6800 DEOPT PACKING pc=0x000002a4675badcd sp=0x000000e5147f89f0
Event: 30.887 Thread 0x000002a4003e6800 DEOPT UNPACKING pc=0x000002a465ec72ce sp=0x000000e5147f7f10 mode 0
Event: 30.926 Thread 0x000002a47dac7800 Uncommon trap: trap_request=0xffffffde fr.pc=0x000002a46dab0b6c relative=0x000000000000052c
Event: 30.926 Thread 0x000002a47dac7800 Uncommon trap: reason=class_check action=maybe_recompile pc=0x000002a46dab0b6c method=jdk.internal.ref.PhantomCleanable.clean()V @ 12 c2
Event: 30.926 Thread 0x000002a47dac7800 DEOPT PACKING pc=0x000002a46dab0b6c sp=0x000000e513cfef70
Event: 30.926 Thread 0x000002a47dac7800 DEOPT UNPACKING pc=0x000002a465ec74af sp=0x000000e513cfef50 mode 2
Event: 30.968 Thread 0x000002a40545d800 Uncommon trap: trap_request=0xffffff4d fr.pc=0x000002a46da3a73c relative=0x000000000000467c
Event: 30.968 Thread 0x000002a40545d800 Uncommon trap: reason=unstable_if action=reinterpret pc=0x000002a46da3a73c method=java.io.ObjectOutputStream.writeOrdinaryObject(Ljava/lang/Object;Ljava/io/ObjectStreamClass;Z)V @ 113 c2
Event: 30.968 Thread 0x000002a40545d800 DEOPT PACKING pc=0x000002a46da3a73c sp=0x000000e514afdc40
Event: 30.968 Thread 0x000002a40545d800 DEOPT UNPACKING pc=0x000002a465ec74af sp=0x000000e514afdc00 mode 2

Classes redefined (0 events):
No events

Internal exceptions (20 events):
Event: 19.795 Thread 0x000002a405458800 Exception <a 'java/net/ConnectException'{0x0000000088b523d8}: Connection refused: connect> (0x0000000088b523d8) thrown at [./src/hotspot/share/prims/jni.cpp, line 636]
Event: 21.847 Thread 0x000002a405458800 Exception <a 'java/net/ConnectException'{0x0000000088b53a98}: Connection refused: connect> (0x0000000088b53a98) thrown at [./src/hotspot/share/prims/jni.cpp, line 636]
Event: 23.901 Thread 0x000002a405458800 Exception <a 'java/net/ConnectException'{0x0000000088b54fc0}: Connection refused: connect> (0x0000000088b54fc0) thrown at [./src/hotspot/share/prims/jni.cpp, line 636]
Event: 24.062 Thread 0x000002a405458800 Exception <a 'java/lang/NoSuchMethodError'{0x00000000888a5c60}: 'void java.lang.invoke.DirectMethodHandle$Holder.invokeStatic(java.lang.Object, long)'> (0x00000000888a5c60) thrown at [./src/hotspot/share/interpreter/linkResolver.cpp, line 773]
Event: 24.063 Thread 0x000002a405458800 Exception <a 'java/lang/NoSuchMethodError'{0x00000000888ab918}: 'java.lang.Object java.lang.invoke.DirectMethodHandle$Holder.invokeStatic(java.lang.Object, long)'> (0x00000000888ab918) thrown at [./src/hotspot/share/interpreter/linkResolver.cpp, line 773]
Event: 24.067 Thread 0x000002a405458800 Exception <a 'java/lang/NoSuchMethodError'{0x00000000888ba3d8}: 'java.lang.Object java.lang.invoke.DirectMethodHandle$Holder.invokeStaticInit(java.lang.Object, java.lang.Object, long, java.lang.Object)'> (0x00000000888ba3d8) thrown at [./src/hotspot/share/interpreter/linkResolver.cpp, line 773]
Event: 24.068 Thread 0x000002a405458800 Exception <a 'java/lang/NoSuchMethodError'{0x00000000888c0d68}: 'java.lang.Object java.lang.invoke.DirectMethodHandle$Holder.invokeStatic(java.lang.Object, java.lang.Object, long)'> (0x00000000888c0d68) thrown at [./src/hotspot/share/interpreter/linkResolver.cpp, line 773]
Event: 24.070 Thread 0x000002a405458800 Exception <a 'java/lang/NoSuchMethodError'{0x00000000888c7ad8}: 'java.lang.Object java.lang.invoke.Invokers$Holder.linkToTargetMethod(java.lang.Object, long, java.lang.Object)'> (0x00000000888c7ad8) thrown at [./src/hotspot/share/interpreter/linkResolver.cpp, line 773]
Event: 25.167 Thread 0x000002a405458800 Exception <a 'java/lang/reflect/InvocationTargetException'{0x00000000886f6650}> (0x00000000886f6650) thrown at [./src/hotspot/share/runtime/reflection.cpp, line 1247]
Event: 25.190 Thread 0x000002a405458800 Exception <a 'java/lang/NoSuchMethodError'{0x000000008856fa30}: 'void java.lang.invoke.DirectMethodHandle$Holder.invokeStatic(java.lang.Object, java.lang.Object, java.lang.Object, java.lang.Object, java.lang.Object, java.lang.Object, java.lang.Object)'> (0x000000008856fa30) thrown at [./src/hotspot/share/interpreter/linkResolver.cpp, line 773]
Event: 25.212 Thread 0x000002a400fb5800 Exception <a 'java/lang/NoSuchMethodError'{0x000000008820bf98}: <clinit>> (0x000000008820bf98) thrown at [./src/hotspot/share/prims/jni.cpp, line 1362]
Event: 25.223 Thread 0x000002a400fb5800 Exception <a 'java/lang/NoSuchMethodError'{0x0000000088257298}: <clinit>> (0x0000000088257298) thrown at [./src/hotspot/share/prims/jni.cpp, line 1362]
Event: 25.227 Thread 0x000002a400fb5800 Exception <a 'java/lang/NoSuchMethodError'{0x00000000882697b0}: <clinit>> (0x00000000882697b0) thrown at [./src/hotspot/share/prims/jni.cpp, line 1362]
Event: 25.269 Thread 0x000002a405453000 Exception <a 'sun/nio/fs/WindowsException'{0x0000000088101040}> (0x0000000088101040) thrown at [./src/hotspot/share/prims/jni.cpp, line 615]
Event: 25.310 Thread 0x000002a4003e6800 Exception <a 'java/lang/NoSuchMethodError'{0x0000000087f6b6b0}: 'int java.lang.invoke.DirectMethodHandle$Holder.invokeVirtual(java.lang.Object, java.lang.Object, java.lang.Object)'> (0x0000000087f6b6b0) thrown at [./src/hotspot/share/interpreter/linkResolver.cpp, line 773]
Event: 25.439 Thread 0x000002a4000c7800 Exception <a 'java/lang/NoSuchMethodError'{0x0000000087494f18}: <clinit>> (0x0000000087494f18) thrown at [./src/hotspot/share/prims/jni.cpp, line 1362]
Event: 25.440 Thread 0x000002a4000c7800 Exception <a 'java/lang/NoSuchMethodError'{0x00000000874a5cd8}: <clinit>> (0x00000000874a5cd8) thrown at [./src/hotspot/share/prims/jni.cpp, line 1362]
Event: 25.440 Thread 0x000002a4000c7800 Exception <a 'java/lang/NoSuchMethodError'{0x00000000874a73c0}: <clinit>> (0x00000000874a73c0) thrown at [./src/hotspot/share/prims/jni.cpp, line 1362]
Event: 25.441 Thread 0x000002a4000c7800 Exception <a 'java/lang/NoSuchMethodError'{0x00000000874b94f0}: <clinit>> (0x00000000874b94f0) thrown at [./src/hotspot/share/prims/jni.cpp, line 1362]
Event: 25.442 Thread 0x000002a4000c7800 Exception <a 'java/lang/NoSuchMethodError'{0x00000000874c5640}: <clinit>> (0x00000000874c5640) thrown at [./src/hotspot/share/prims/jni.cpp, line 1362]

Events (20 events):
Event: 30.721 Thread 0x000002a40545f000 Thread added: 0x000002a40545f000
Event: 30.725 Thread 0x000002a405459800 Thread added: 0x000002a405459800
Event: 30.730 Thread 0x000002a405460000 Thread added: 0x000002a405460000
Event: 30.740 Thread 0x000002a40545a800 Thread added: 0x000002a40545a800
Event: 30.753 Thread 0x000002a40545b000 Thread added: 0x000002a40545b000
Event: 30.763 Thread 0x000002a401c0f000 Thread added: 0x000002a401c0f000
Event: 30.907 Thread 0x000002a401c12000 Thread added: 0x000002a401c12000
Event: 30.908 Thread 0x000002a401c15800 Thread added: 0x000002a401c15800
Event: 30.909 Thread 0x000002a401c0f800 Thread added: 0x000002a401c0f800
Event: 30.909 Executing VM operation: RevokeBias
Event: 30.910 Executing VM operation: RevokeBias done
Event: 30.910 Thread 0x000002a401c18000 Thread added: 0x000002a401c18000
Event: 30.910 Thread 0x000002a401c16000 Thread added: 0x000002a401c16000
Event: 30.911 Thread 0x000002a401c18800 Thread added: 0x000002a401c18800
Event: 30.911 Thread 0x000002a401c19800 Thread added: 0x000002a401c19800
Event: 30.911 Thread 0x000002a401c1a000 Thread added: 0x000002a401c1a000
Event: 30.913 Executing VM operation: G1CollectForAllocation
Event: 30.926 Executing VM operation: G1CollectForAllocation done
Event: 31.021 loading class kotlin/reflect/jvm/internal/pcollections/ConsPStack$Itr
Event: 31.021 loading class kotlin/reflect/jvm/internal/pcollections/ConsPStack$Itr done


Dynamic libraries:
0x00007ff610f50000 - 0x00007ff610f5a000 	C:\Users\Dark Knight\Desktop\Android Studio\jre\bin\java.exe
0x00007ffee3570000 - 0x00007ffee3765000 	C:\WINDOWS\SYSTEM32\ntdll.dll
0x00007ffee15f0000 - 0x00007ffee16ad000 	C:\WINDOWS\System32\KERNEL32.DLL
0x00007ffee12d0000 - 0x00007ffee1599000 	C:\WINDOWS\System32\KERNELBASE.dll
0x00007ffee0cd0000 - 0x00007ffee0dd0000 	C:\WINDOWS\System32\ucrtbase.dll
0x00007ffedc030000 - 0x00007ffedc049000 	C:\Users\Dark Knight\Desktop\Android Studio\jre\bin\jli.dll
0x00007ffeda6d0000 - 0x00007ffeda6e7000 	C:\Users\Dark Knight\Desktop\Android Studio\jre\bin\VCRUNTIME140.dll
0x00007ffee1f30000 - 0x00007ffee20d0000 	C:\WINDOWS\System32\USER32.dll
0x00007ffee0ca0000 - 0x00007ffee0cc2000 	C:\WINDOWS\System32\win32u.dll
0x00007ffee20d0000 - 0x00007ffee20fa000 	C:\WINDOWS\System32\GDI32.dll
0x00007ffecb000000 - 0x00007ffecb29a000 	C:\WINDOWS\WinSxS\amd64_microsoft.windows.common-controls_6595b64144ccf1df_6.0.19041.1110_none_60b5254171f9507e\COMCTL32.dll
0x00007ffee11c0000 - 0x00007ffee12cb000 	C:\WINDOWS\System32\gdi32full.dll
0x00007ffee32b0000 - 0x00007ffee334e000 	C:\WINDOWS\System32\msvcrt.dll
0x00007ffee0dd0000 - 0x00007ffee0e6d000 	C:\WINDOWS\System32\msvcp_win.dll
0x00007ffee23d0000 - 0x00007ffee2400000 	C:\WINDOWS\System32\IMM32.DLL
0x00007ffed0f80000 - 0x00007ffed101d000 	C:\Users\Dark Knight\Desktop\Android Studio\jre\bin\msvcp140.dll
0x00007ffe83f00000 - 0x00007ffe849bc000 	C:\Users\Dark Knight\Desktop\Android Studio\jre\bin\server\jvm.dll
0x00007ffee1780000 - 0x00007ffee182c000 	C:\WINDOWS\System32\ADVAPI32.dll
0x00007ffee1830000 - 0x00007ffee18cb000 	C:\WINDOWS\System32\sechost.dll
0x00007ffee3350000 - 0x00007ffee347a000 	C:\WINDOWS\System32\RPCRT4.dll
0x00007ffee2d90000 - 0x00007ffee2d98000 	C:\WINDOWS\System32\PSAPI.DLL
0x00007ffecb2b0000 - 0x00007ffecb2d7000 	C:\WINDOWS\SYSTEM32\WINMM.dll
0x00007ffedbfe0000 - 0x00007ffedbfe9000 	C:\WINDOWS\SYSTEM32\WSOCK32.dll
0x00007ffed7fc0000 - 0x00007ffed7fca000 	C:\WINDOWS\SYSTEM32\VERSION.dll
0x00007ffee2360000 - 0x00007ffee23cb000 	C:\WINDOWS\System32\WS2_32.dll
0x00007ffedf530000 - 0x00007ffedf542000 	C:\WINDOWS\SYSTEM32\kernel.appcore.dll
0x00007ffed8250000 - 0x00007ffed8261000 	C:\Users\Dark Knight\Desktop\Android Studio\jre\bin\verify.dll
0x00007ffedeab0000 - 0x00007ffedec94000 	C:\WINDOWS\SYSTEM32\DBGHELP.DLL
0x00007ffec9830000 - 0x00007ffec985c000 	C:\WINDOWS\SYSTEM32\dbgcore.DLL
0x00007ffee0f70000 - 0x00007ffee0ff3000 	C:\WINDOWS\System32\bcryptPrimitives.dll
0x00007ffed20b0000 - 0x00007ffed20d9000 	C:\Users\Dark Knight\Desktop\Android Studio\jre\bin\java.dll
0x00007ffed9ce0000 - 0x00007ffed9ceb000 	C:\Users\Dark Knight\Desktop\Android Studio\jre\bin\jimage.dll
0x00007ffed0ca0000 - 0x00007ffed0cb8000 	C:\Users\Dark Knight\Desktop\Android Studio\jre\bin\zip.dll
0x00007ffee25f0000 - 0x00007ffee2d2f000 	C:\WINDOWS\System32\SHELL32.dll
0x00007ffeded90000 - 0x00007ffedf520000 	C:\WINDOWS\SYSTEM32\windows.storage.dll
0x00007ffee2da0000 - 0x00007ffee30f5000 	C:\WINDOWS\System32\combase.dll
0x00007ffee0700000 - 0x00007ffee072c000 	C:\WINDOWS\SYSTEM32\Wldp.dll
0x00007ffee1e80000 - 0x00007ffee1f2e000 	C:\WINDOWS\System32\SHCORE.dll
0x00007ffee2400000 - 0x00007ffee2455000 	C:\WINDOWS\System32\shlwapi.dll
0x00007ffee0be0000 - 0x00007ffee0bff000 	C:\WINDOWS\SYSTEM32\profapi.dll
0x00007ffecf7d0000 - 0x00007ffecf7ea000 	C:\Users\Dark Knight\Desktop\Android Studio\jre\bin\net.dll
0x00007ffed5b40000 - 0x00007ffed5c48000 	C:\WINDOWS\SYSTEM32\WINHTTP.dll
0x00007ffee0460000 - 0x00007ffee04ca000 	C:\WINDOWS\system32\mswsock.dll
0x00007ffecf7b0000 - 0x00007ffecf7c4000 	C:\Users\Dark Knight\Desktop\Android Studio\jre\bin\nio.dll
0x00007ffeca5f0000 - 0x00007ffeca617000 	C:\Users\Dark Knight\.gradle\native\8bec1ad78214c89d9ad589b4d07fe93259594b29d510b10fafb7a158f7737e5d\windows-amd64\native-platform.dll
0x00007ffea99c0000 - 0x00007ffea9afd000 	C:\Users\Dark Knight\.gradle\native\53dbd7edfb1c66fb8903c78663c9afc45aea4f116125fa6feffd364cf09443e8\windows-amd64\native-platform-file-events.dll
0x00007ffed7ec0000 - 0x00007ffed7eca000 	C:\Users\Dark Knight\Desktop\Android Studio\jre\bin\management.dll
0x00007ffed20a0000 - 0x00007ffed20ac000 	C:\Users\Dark Knight\Desktop\Android Studio\jre\bin\management_ext.dll
0x00007ffee0650000 - 0x00007ffee0668000 	C:\WINDOWS\SYSTEM32\CRYPTSP.dll
0x00007ffedfd70000 - 0x00007ffedfda4000 	C:\WINDOWS\system32\rsaenh.dll
0x00007ffee15a0000 - 0x00007ffee15c7000 	C:\WINDOWS\System32\bcrypt.dll
0x00007ffee0ba0000 - 0x00007ffee0bce000 	C:\WINDOWS\SYSTEM32\USERENV.dll
0x00007ffee0670000 - 0x00007ffee067c000 	C:\WINDOWS\SYSTEM32\CRYPTBASE.dll
0x00007ffee0100000 - 0x00007ffee013b000 	C:\WINDOWS\SYSTEM32\IPHLPAPI.DLL
0x00007ffee18d0000 - 0x00007ffee18d8000 	C:\WINDOWS\System32\NSI.dll
0x00007ffecfdf0000 - 0x00007ffecfe07000 	C:\WINDOWS\SYSTEM32\dhcpcsvc6.DLL
0x00007ffed0340000 - 0x00007ffed035d000 	C:\WINDOWS\SYSTEM32\dhcpcsvc.DLL
0x00007ffee0140000 - 0x00007ffee020c000 	C:\WINDOWS\SYSTEM32\DNSAPI.dll
0x00007ffeda120000 - 0x00007ffeda13e000 	C:\Users\Dark Knight\AppData\Local\Temp\native-platform8955192906154370968dir\native-platform.dll

dbghelp: loaded successfully - version: 4.0.5 - missing functions: none
symbol engine: initialized successfully - sym options: 0x614 - pdb path: .;C:\Users\Dark Knight\Desktop\Android Studio\jre\bin;C:\WINDOWS\SYSTEM32;C:\WINDOWS\WinSxS\amd64_microsoft.windows.common-controls_6595b64144ccf1df_6.0.19041.1110_none_60b5254171f9507e;C:\Users\Dark Knight\Desktop\Android Studio\jre\bin\server;C:\Users\Dark Knight\.gradle\native\8bec1ad78214c89d9ad589b4d07fe93259594b29d510b10fafb7a158f7737e5d\windows-amd64;C:\Users\Dark Knight\.gradle\native\53dbd7edfb1c66fb8903c78663c9afc45aea4f116125fa6feffd364cf09443e8\windows-amd64;C:\Users\Dark Knight\AppData\Local\Temp\native-platform8955192906154370968dir

VM Arguments:
jvm_args: --add-opens=java.base/java.util=ALL-UNNAMED --add-opens=java.base/java.lang=ALL-UNNAMED --add-opens=java.base/java.lang.invoke=ALL-UNNAMED --add-opens=java.base/java.util=ALL-UNNAMED --add-opens=java.prefs/java.util.prefs=ALL-UNNAMED --add-opens=java.prefs/java.util.prefs=ALL-UNNAMED --add-opens=java.base/java.nio.charset=ALL-UNNAMED --add-opens=java.base/java.net=ALL-UNNAMED --add-opens=java.base/java.util.concurrent.atomic=ALL-UNNAMED -Xmx2048m -Dfile.encoding=UTF-8 -Duser.country=IN -Duser.language=en -Duser.variant 
java_command: org.gradle.launcher.daemon.bootstrap.GradleDaemon 7.0.2
java_class_path (initial): C:\Users\Dark Knight\.gradle\wrapper\dists\gradle-7.0.2-bin\857tjihv64xamwrf0h14cai3r\gradle-7.0.2\lib\gradle-launcher-7.0.2.jar
Launcher Type: SUN_STANDARD

[Global flags]
     intx CICompilerCount                          = 4                                         {product} {ergonomic}
     uint ConcGCThreads                            = 2                                         {product} {ergonomic}
     uint G1ConcRefinementThreads                  = 8                                         {product} {ergonomic}
   size_t G1HeapRegionSize                         = 1048576                                   {product} {ergonomic}
    uintx GCDrainStackTargetSize                   = 64                                        {product} {ergonomic}
   size_t InitialHeapSize                          = 134217728                                 {product} {ergonomic}
   size_t MarkStackSize                            = 4194304                                   {product} {ergonomic}
   size_t MaxHeapSize                              = 2147483648                                {product} {command line}
   size_t MaxNewSize                               = 1287651328                                {product} {ergonomic}
   size_t MinHeapDeltaBytes                        = 1048576                                   {product} {ergonomic}
    uintx NonNMethodCodeHeapSize                   = 5836300                                {pd product} {ergonomic}
    uintx NonProfiledCodeHeapSize                  = 122910970                              {pd product} {ergonomic}
    uintx ProfiledCodeHeapSize                     = 122910970                              {pd product} {ergonomic}
    uintx ReservedCodeCacheSize                    = 251658240                              {pd product} {ergonomic}
     bool SegmentedCodeCache                       = true                                      {product} {ergonomic}
     bool UseCompressedClassPointers               = true                                 {lp64_product} {ergonomic}
     bool UseCompressedOops                        = true                                 {lp64_product} {ergonomic}
     bool UseG1GC                                  = true                                      {product} {ergonomic}
     bool UseLargePagesIndividualAllocation        = false                                  {pd product} {ergonomic}

Logging:
Log output configuration:
 #0: stdout all=warning uptime,level,tags
 #1: stderr all=off uptime,level,tags

Environment Variables:
PATH=C:\Windows\system32;C:\Windows;C:\Windows\System32\Wbem;C:\Windows\System32\WindowsPowerShell\v1.0\;C:\Windows\System32\OpenSSH\;C:\Program Files (x86)\NVIDIA Corporation\PhysX\Common;C:\Program Files\NVIDIA Corporation\NVIDIA NvDLISR;C:\WINDOWS\system32;C:\WINDOWS;C:\WINDOWS\System32\Wbem;C:\WINDOWS\System32\WindowsPowerShell\v1.0\;C:\WINDOWS\System32\OpenSSH\;C:\MinGW\bin;C:\Program Files\MEGA-X;C:\WINDOWS\system32;C:\WINDOWS;C:\WINDOWS\System32\Wbem;C:\WINDOWS\System32\WindowsPowerShell\v1.0\;C:\WINDOWS\System32\OpenSSH\;C:\Program Files\Git\cmd;C:\Users\Dark Knight\AppData\Local\Microsoft\WindowsApps;C:\Users\Dark Knight\AppData\Local\atom\bin;C:\MinGW\bin;C:\Program Files (x86)\Microsoft Visual Studio\2019\BuildTools\MSBuild\Current\Bin;C:\Users\Dark Knight\AppData\Local\Microsoft\WindowsApps
USERNAME=Dark Knight
OS=Windows_NT
PROCESSOR_IDENTIFIER=Intel64 Family 6 Model 158 Stepping 10, GenuineIntel



---------------  S Y S T E M  ---------------

OS: Windows 10 , 64 bit Build 19041 (10.0.19041.1151)
OS uptime: 18 days 22:33 hours

CPU:total 8 (initial active 8) (4 cores per cpu, 2 threads per core) family 6 model 158 stepping 10, cmov, cx8, fxsr, mmx, sse, sse2, sse3, ssse3, sse4.1, sse4.2, popcnt, avx, avx2, aes, clmul, erms, 3dnowpref, lzcnt, ht, tsc, tscinvbit, bmi1, bmi2, adx, fma

Memory: 4k page, system-wide physical 8072M (778M free)
TotalPageFile size 12168M (AvailPageFile size 4M)
current process WorkingSet (physical memory assigned to process): 427M, peak: 427M
current process commit charge ("private bytes"): 485M, peak: 486M

vm_info: OpenJDK 64-Bit Server VM (11.0.8+10-b944.6842174) for windows-amd64 JRE (11.0.8+10-b944.6842174), built on Sep 19 2020 01:11:42 by "builder" with MS VC++ 14.0 (VS2015)

END.
