#
# There is insufficient memory for the Java Runtime Environment to continue.
# Native memory allocation (malloc) failed to allocate 32744 bytes for ChunkPool::allocate
# Possible reasons:
#   The system is out of physical RAM or swap space
#   The process is running with CompressedOops enabled, and the Java Heap may be blocking the growth of the native heap
# Possible solutions:
#   Reduce memory load on the system
#   Increase physical memory or swap space
#   Check if swap backing store is full
#   Decrease Java heap size (-Xmx/-Xms)
#   Decrease number of Java threads
#   Decrease Java thread stack sizes (-Xss)
#   Set larger code cache with -XX:ReservedCodeCacheSize=
#   JVM is running with Unscaled Compressed Oops mode in which the Java heap is
#     placed in the first 4GB address space. The Java Heap base address is the
#     maximum limit for the native heap growth. Please use -XX:HeapBaseMinAddress
#     to set the Java Heap base and to place the Java Heap above 4GB virtual address.
# This output file may be truncated or incomplete.
#
#  Out of Memory Error (./src/hotspot/share/memory/arena.cpp:81), pid=40976, tid=28648
#
# JRE version: OpenJDK Runtime Environment (11.0.8+10) (build 11.0.8+10-b944.6842174)
# Java VM: OpenJDK 64-Bit Server VM (11.0.8+10-b944.6842174, mixed mode, tiered, compressed oops, g1 gc, windows-amd64)
# No core dump will be written. Minidumps are not enabled by default on client versions of Windows
#

---------------  S U M M A R Y ------------

Command Line: --add-opens=java.base/java.util=ALL-UNNAMED --add-opens=java.base/java.lang=ALL-UNNAMED --add-opens=java.base/java.lang.invoke=ALL-UNNAMED --add-opens=java.base/java.util=ALL-UNNAMED --add-opens=java.prefs/java.util.prefs=ALL-UNNAMED --add-opens=java.prefs/java.util.prefs=ALL-UNNAMED --add-opens=java.base/java.nio.charset=ALL-UNNAMED --add-opens=java.base/java.net=ALL-UNNAMED --add-opens=java.base/java.util.concurrent.atomic=ALL-UNNAMED -Xmx2048m -Dfile.encoding=UTF-8 -Duser.country=IN -Duser.language=en -Duser.variant org.gradle.launcher.daemon.bootstrap.GradleDaemon 7.0.2

Host: Intel(R) Core(TM) i5-9300H CPU @ 2.40GHz, 8 cores, 7G,  Windows 10 , 64 bit Build 19041 (10.0.19041.1151)
Time: Tue Aug 31 10:37:02 2021 India Standard Time elapsed time: 278 seconds (0d 0h 4m 38s)

---------------  T H R E A D  ---------------

Current thread (0x00000218379f3800):  JavaThread "C2 CompilerThread2" daemon [_thread_in_native, id=28648, stack(0x00000049f2e00000,0x00000049f2f00000)]


Current CompileTask:
C2: 278315 13658       4       org.gradle.internal.snapshot.ChildMap$Entry::handleAncestorDescendantOrExactMatch (110 bytes)

Stack: [0x00000049f2e00000,0x00000049f2f00000]
Native frames: (J=compiled Java code, j=interpreted, Vv=VM code, C=native code)
V  [jvm.dll+0x5de50a]
V  [jvm.dll+0x7122f5]
V  [jvm.dll+0x71384d]
V  [jvm.dll+0x713f03]
V  [jvm.dll+0x23e728]
V  [jvm.dll+0xb8beb]
V  [jvm.dll+0xb8e9c]
V  [jvm.dll+0x18494a]
V  [jvm.dll+0x32ffd4]
V  [jvm.dll+0x337762]
V  [jvm.dll+0x5f0c90]
V  [jvm.dll+0x181b0c]
V  [jvm.dll+0x2b11b3]
V  [jvm.dll+0x5fb7e9]
V  [jvm.dll+0x5f364a]
V  [jvm.dll+0x5f2cb8]
V  [jvm.dll+0x5f0cb2]
V  [jvm.dll+0x181b0c]
V  [jvm.dll+0x1f65f5]
V  [jvm.dll+0x17f32c]
V  [jvm.dll+0x205047]
V  [jvm.dll+0x203891]
V  [jvm.dll+0x6dad3f]
V  [jvm.dll+0x6d3895]
V  [jvm.dll+0x5dd4a6]
C  [ucrtbase.dll+0x21bb2]
C  [KERNEL32.DLL+0x17034]
C  [ntdll.dll+0x52651]


---------------  P R O C E S S  ---------------

Threads class SMR info:
_java_thread_list=0x0000021834120440, length=64, elements={
0x0000021813c4d000, 0x000002182fee4800, 0x000002182fee6000, 0x000002182fefa000,
0x000002182fefb000, 0x000002182fefe000, 0x000002182ff02800, 0x000002182ff06800,
0x00000218309f6000, 0x00000218309f9000, 0x0000021832286000, 0x000002183261a800,
0x0000021831d73000, 0x00000218334e1800, 0x00000218329a9000, 0x0000021832f09800,
0x0000021832f0a800, 0x0000021832f08800, 0x000002183410f000, 0x000002183410f800,
0x0000021834114000, 0x000002183410e000, 0x0000021834115800, 0x0000021834114800,
0x000002183411a800, 0x00000218379ed000, 0x00000218379ee800, 0x00000218379ed800,
0x00000218379e8800, 0x00000218379ef000, 0x00000218379e9800, 0x00000218379f1800,
0x000002183681f000, 0x000002183681b000, 0x000002183681b800, 0x000002183681c800,
0x000002183681d000, 0x00000218379f6000, 0x0000021834118800, 0x0000021836828000,
0x00000218379f4000, 0x000002183411c000, 0x00000218379f5000, 0x000002183681e000,
0x0000021836819000, 0x000002183681f800, 0x000002183681a000, 0x0000021836822000,
0x0000021836823000, 0x0000021836820800, 0x0000021836825800, 0x0000021836821800,
0x0000021836826000, 0x0000021836827000, 0x0000021836823800, 0x0000021836824800,
0x00000218379f0000, 0x00000218379ea800, 0x00000218379f1000, 0x00000218379eb000,
0x00000218379ec000, 0x00000218379f7800, 0x00000218379f2800, 0x00000218379f3800
}

Java Threads: ( => current thread )
  0x0000021813c4d000 JavaThread "main" [_thread_blocked, id=46000, stack(0x00000049ee800000,0x00000049ee900000)]
  0x000002182fee4800 JavaThread "Reference Handler" daemon [_thread_blocked, id=29804, stack(0x00000049eef00000,0x00000049ef000000)]
  0x000002182fee6000 JavaThread "Finalizer" daemon [_thread_blocked, id=49504, stack(0x00000049ef000000,0x00000049ef100000)]
  0x000002182fefa000 JavaThread "Signal Dispatcher" daemon [_thread_blocked, id=36368, stack(0x00000049ef100000,0x00000049ef200000)]
  0x000002182fefb000 JavaThread "Attach Listener" daemon [_thread_blocked, id=38352, stack(0x00000049ef200000,0x00000049ef300000)]
  0x000002182fefe000 JavaThread "C2 CompilerThread0" daemon [_thread_in_native, id=31096, stack(0x00000049ef300000,0x00000049ef400000)]
  0x000002182ff02800 JavaThread "C1 CompilerThread0" daemon [_thread_in_vm, id=33752, stack(0x00000049ef400000,0x00000049ef500000)]
  0x000002182ff06800 JavaThread "Sweeper thread" daemon [_thread_blocked, id=40012, stack(0x00000049ef500000,0x00000049ef600000)]
  0x00000218309f6000 JavaThread "Common-Cleaner" daemon [_thread_blocked, id=39044, stack(0x00000049ef600000,0x00000049ef700000)]
  0x00000218309f9000 JavaThread "Service Thread" daemon [_thread_blocked, id=32272, stack(0x00000049ef700000,0x00000049ef800000)]
  0x0000021832286000 JavaThread "Daemon health stats" [_thread_blocked, id=48456, stack(0x00000049efd00000,0x00000049efe00000)]
  0x000002183261a800 JavaThread "Incoming local TCP Connector on port 63946" [_thread_in_native, id=35832, stack(0x00000049ef900000,0x00000049efa00000)]
  0x0000021831d73000 JavaThread "Daemon periodic checks" [_thread_blocked, id=4824, stack(0x00000049efa00000,0x00000049efb00000)]
  0x00000218334e1800 JavaThread "Daemon" [_thread_blocked, id=42528, stack(0x00000049efe00000,0x00000049eff00000)]
  0x00000218329a9000 JavaThread "Daemon worker" [_thread_in_native, id=2592, stack(0x00000049f0100000,0x00000049f0200000)]
  0x0000021832f09800 JavaThread "Cache worker for file hash cache (C:\Users\Dark Knight\.gradle\caches\7.0.2\fileHashes)" [_thread_blocked, id=38180, stack(0x00000049f0a00000,0x00000049f0b00000)]
  0x0000021832f0a800 JavaThread "File lock request listener" [_thread_in_native, id=41632, stack(0x00000049f0b00000,0x00000049f0c00000)]
  0x0000021832f08800 JavaThread "Cache worker for journal cache (C:\Users\Dark Knight\.gradle\caches\journal-1)" [_thread_blocked, id=48560, stack(0x00000049f0e00000,0x00000049f0f00000)]
  0x000002183410f000 JavaThread "File watcher server" daemon [_thread_in_native, id=7612, stack(0x00000049f1000000,0x00000049f1100000)]
  0x000002183410f800 JavaThread "File watcher consumer" daemon [_thread_blocked, id=29436, stack(0x00000049f1100000,0x00000049f1200000)]
  0x0000021834114000 JavaThread "Cache worker for execution history cache (C:\Users\Dark Knight\.gradle\caches\7.0.2\executionHistory)" [_thread_blocked, id=25592, stack(0x00000049f1600000,0x00000049f1700000)]
  0x000002183410e000 JavaThread "jar transforms" [_thread_blocked, id=46444, stack(0x00000049f1700000,0x00000049f1800000)]
  0x0000021834115800 JavaThread "jar transforms Thread 2" [_thread_blocked, id=43060, stack(0x00000049f1800000,0x00000049f1900000)]
  0x0000021834114800 JavaThread "Cache worker for file content cache (C:\Users\Dark Knight\.gradle\caches\7.0.2\fileContent)" [_thread_blocked, id=23324, stack(0x00000049f1900000,0x00000049f1a00000)]
  0x000002183411a800 JavaThread "jar transforms Thread 3" [_thread_blocked, id=45876, stack(0x00000049f1b00000,0x00000049f1c00000)]
  0x00000218379ed000 JavaThread "jar transforms Thread 4" [_thread_blocked, id=44796, stack(0x00000049f2500000,0x00000049f2600000)]
  0x00000218379ee800 JavaThread "jar transforms Thread 5" [_thread_blocked, id=46560, stack(0x00000049f2600000,0x00000049f2700000)]
  0x00000218379ed800 JavaThread "jar transforms Thread 6" [_thread_blocked, id=35968, stack(0x00000049f2700000,0x00000049f2800000)]
  0x00000218379e8800 JavaThread "jar transforms Thread 7" [_thread_blocked, id=48276, stack(0x00000049f2800000,0x00000049f2900000)]
  0x00000218379ef000 JavaThread "jar transforms Thread 8" [_thread_blocked, id=33728, stack(0x00000049f2900000,0x00000049f2a00000)]
  0x00000218379e9800 JavaThread "Memory manager" [_thread_blocked, id=13080, stack(0x00000049f2a00000,0x00000049f2b00000)]
  0x00000218379f1800 JavaThread "pool-3-thread-1" [_thread_blocked, id=29552, stack(0x00000049f2c00000,0x00000049f2d00000)]
  0x000002183681f000 JavaThread "RMI Scheduler(0)" daemon [_thread_blocked, id=49616, stack(0x00000049f0c00000,0x00000049f0d00000)]
  0x000002183681b000 JavaThread "RMI RenewClean-[127.0.0.1:17179,org.jetbrains.kotlin.daemon.common.LoopbackNetworkInterface$ClientLoopbackSocketFactory@6dfd5051]" daemon [_thread_blocked, id=31112, stack(0x00000049f1500000,0x00000049f1600000)]
  0x000002183681b800 JavaThread "RMI GC Daemon" daemon [_thread_blocked, id=35148, stack(0x00000049f3600000,0x00000049f3700000)]
  0x000002183681c800 JavaThread "RMI TCP Accept-0" daemon [_thread_in_native, id=34020, stack(0x00000049f3700000,0x00000049f3800000)]
  0x000002183681d000 JavaThread "RMI Reaper" [_thread_blocked, id=1044, stack(0x00000049f3800000,0x00000049f3900000)]
  0x00000218379f6000 JavaThread "pool-6-thread-1" [_thread_blocked, id=47576, stack(0x00000049f2f00000,0x00000049f3000000)]
  0x0000021834118800 JavaThread "RMI RenewClean-[127.0.0.1:17168,org.jetbrains.kotlin.daemon.common.LoopbackNetworkInterface$ClientLoopbackSocketFactory@48ded316]" daemon [_thread_blocked, id=30484, stack(0x00000049ee500000,0x00000049ee600000)]
  0x0000021836828000 JavaThread "pool-9-thread-1" [_thread_blocked, id=48552, stack(0x00000049f2d00000,0x00000049f2e00000)]
  0x00000218379f4000 JavaThread "RMI RenewClean-[127.0.0.1:17628,org.jetbrains.kotlin.daemon.common.LoopbackNetworkInterface$ClientLoopbackSocketFactory@1d4af90f]" daemon [_thread_blocked, id=45512, stack(0x00000049f1a00000,0x00000049f1b00000)]
  0x000002183411c000 JavaThread "pool-12-thread-1" [_thread_blocked, id=38836, stack(0x00000049f3100000,0x00000049f3200000)]
  0x00000218379f5000 JavaThread "RMI TCP Connection(idle)" daemon [_thread_blocked, id=18716, stack(0x00000049f2400000,0x00000049f2500000)]
  0x000002183681e000 JavaThread "Handler for socket connection from /127.0.0.1:63946 to /127.0.0.1:64345" [_thread_in_native, id=48936, stack(0x00000049ee600000,0x00000049ee700000)]
  0x0000021836819000 JavaThread "Cancel handler" [_thread_blocked, id=45688, stack(0x00000049ee700000,0x00000049ee800000)]
  0x000002183681f800 JavaThread "Asynchronous log dispatcher for DefaultDaemonConnection: socket connection from /127.0.0.1:63946 to /127.0.0.1:64345" [_thread_blocked, id=27060, stack(0x00000049eff00000,0x00000049f0000000)]
  0x000002183681a000 JavaThread "Stdin handler" [_thread_blocked, id=40160, stack(0x00000049f0000000,0x00000049f0100000)]
  0x0000021836822000 JavaThread "Daemon client event forwarder" [_thread_blocked, id=40600, stack(0x00000049f0200000,0x00000049f0300000)]
  0x0000021836823000 JavaThread "Cache worker for file hash cache (C:\Android Projects\Udemy TUTORIAL\7MinuteWorkout2\.gradle\7.0.2\fileHashes)" [_thread_blocked, id=42000, stack(0x00000049f0300000,0x00000049f0400000)]
  0x0000021836820800 JavaThread "Cache worker for checksums cache (C:\Android Projects\Udemy TUTORIAL\7MinuteWorkout2\.gradle\checksums)" [_thread_blocked, id=48972, stack(0x00000049f0400000,0x00000049f0500000)]
  0x0000021836825800 JavaThread "Cache worker for cache directory md-supplier (C:\Users\Dark Knight\.gradle\caches\7.0.2\md-supplier)" [_thread_blocked, id=44084, stack(0x00000049f0f00000,0x00000049f1000000)]
  0x0000021836821800 JavaThread "Cache worker for cache directory md-rule (C:\Users\Dark Knight\.gradle\caches\7.0.2\md-rule)" [_thread_blocked, id=43836, stack(0x00000049f1200000,0x00000049f1300000)]
  0x0000021836826000 JavaThread "Cache worker for dependencies-accessors (C:\Android Projects\Udemy TUTORIAL\7MinuteWorkout2\.gradle\7.0.2\dependencies-accessors)" [_thread_blocked, id=47484, stack(0x00000049f1300000,0x00000049f1400000)]
  0x0000021836827000 JavaThread "Cache worker for Build Output Cleanup Cache (C:\Android Projects\Udemy TUTORIAL\7MinuteWorkout2\.gradle\buildOutputCleanup)" [_thread_blocked, id=37624, stack(0x00000049f1400000,0x00000049f1500000)]
  0x0000021836823800 JavaThread "C2 CompilerThread1" daemon [_thread_in_native, id=47552, stack(0x00000049f1d00000,0x00000049f1e00000)]
  0x0000021836824800 JavaThread "Build operations" [_thread_blocked, id=38944, stack(0x00000049f1c00000,0x00000049f1d00000)]
  0x00000218379f0000 JavaThread "Build operations Thread 2" [_thread_blocked, id=36948, stack(0x00000049f1e00000,0x00000049f1f00000)]
  0x00000218379ea800 JavaThread "Build operations Thread 3" [_thread_blocked, id=10700, stack(0x00000049f1f00000,0x00000049f2000000)]
  0x00000218379f1000 JavaThread "Build operations Thread 4" [_thread_blocked, id=34784, stack(0x00000049f2000000,0x00000049f2100000)]
  0x00000218379eb000 JavaThread "Build operations Thread 5" [_thread_blocked, id=9308, stack(0x00000049f2100000,0x00000049f2200000)]
  0x00000218379ec000 JavaThread "Build operations Thread 6" [_thread_blocked, id=37604, stack(0x00000049f2200000,0x00000049f2300000)]
  0x00000218379f7800 JavaThread "Build operations Thread 7" [_thread_blocked, id=50024, stack(0x00000049f2300000,0x00000049f2400000)]
  0x00000218379f2800 JavaThread "Build operations Thread 8" [_thread_blocked, id=48756, stack(0x00000049f2b00000,0x00000049f2c00000)]
=>0x00000218379f3800 JavaThread "C2 CompilerThread2" daemon [_thread_in_native, id=28648, stack(0x00000049f2e00000,0x00000049f2f00000)]

Other Threads:
  0x000002182fede800 VMThread "VM Thread" [stack: 0x00000049eee00000,0x00000049eef00000] [id=39488]
  0x00000218309fb800 WatcherThread [stack: 0x00000049ef800000,0x00000049ef900000] [id=49124]
  0x0000021813c67000 GCTaskThread "GC Thread#0" [stack: 0x00000049ee900000,0x00000049eea00000] [id=47932]
  0x000002183159d000 GCTaskThread "GC Thread#1" [stack: 0x00000049efb00000,0x00000049efc00000] [id=42700]
  0x000002183122d000 GCTaskThread "GC Thread#2" [stack: 0x00000049efc00000,0x00000049efd00000] [id=28764]
  0x000002183311b000 GCTaskThread "GC Thread#3" [stack: 0x00000049f0500000,0x00000049f0600000] [id=50028]
  0x0000021831e9f000 GCTaskThread "GC Thread#4" [stack: 0x00000049f0600000,0x00000049f0700000] [id=48596]
  0x0000021833101800 GCTaskThread "GC Thread#5" [stack: 0x00000049f0700000,0x00000049f0800000] [id=18316]
  0x0000021832b92800 GCTaskThread "GC Thread#6" [stack: 0x00000049f0800000,0x00000049f0900000] [id=39780]
  0x0000021832e4d800 GCTaskThread "GC Thread#7" [stack: 0x00000049f0900000,0x00000049f0a00000] [id=30768]
  0x0000021813c98800 ConcurrentGCThread "G1 Main Marker" [stack: 0x00000049eea00000,0x00000049eeb00000] [id=10484]
  0x0000021813c9a000 ConcurrentGCThread "G1 Conc#0" [stack: 0x00000049eeb00000,0x00000049eec00000] [id=47796]
  0x0000021833144800 ConcurrentGCThread "G1 Conc#1" [stack: 0x00000049f0d00000,0x00000049f0e00000] [id=47764]
  0x0000021813d28800 ConcurrentGCThread "G1 Refine#0" [stack: 0x00000049eec00000,0x00000049eed00000] [id=44876]
  0x000002182fd30800 ConcurrentGCThread "G1 Young RemSet Sampling" [stack: 0x00000049eed00000,0x00000049eee00000] [id=40204]

Threads with active compile tasks:
C2 CompilerThread0 278372 13620       4       org.gradle.api.internal.attributes.DefaultAttributesSchema$MergedSchema::matchValue (138 bytes)
C1 CompilerThread0 278372 13690       2       jdk.internal.ref.PhantomCleanable::clean (16 bytes)
C2 CompilerThread1 278372 13634       4       org.gradle.api.internal.artifacts.ivyservice.resolveengine.result.ResolvedVariantResultSerializer::write (150 bytes)
C2 CompilerThread2 278373 13658       4       org.gradle.internal.snapshot.ChildMap$Entry::handleAncestorDescendantOrExactMatch (110 bytes)

VM state:not at safepoint (normal execution)

VM Mutex/Monitor currently owned by a thread: None

Heap address: 0x0000000080000000, size: 2048 MB, Compressed Oops mode: 32-bit
Narrow klass base: 0x0000000000000000, Narrow klass shift: 3
Compressed class space size: 1073741824 Address: 0x0000000100000000

Heap:
 garbage-first heap   total 157696K, used 92453K [0x0000000080000000, 0x0000000100000000)
  region size 1024K, 16 young (16384K), 2 survivors (2048K)
 Metaspace       used 96819K, capacity 99377K, committed 99456K, reserved 1136640K
  class space    used 12194K, capacity 13129K, committed 13184K, reserved 1048576K
Heap Regions: E=young(eden), S=young(survivor), O=old, HS=humongous(starts), HC=humongous(continues), CS=collection set, F=free, A=archive, TAMS=top-at-mark-start (previous, next)
|   0|0x0000000080000000, 0x0000000080100000, 0x0000000080100000|100%| O|  |TAMS 0x0000000080100000, 0x0000000080000000| Updating 
|   1|0x0000000080100000, 0x0000000080200000, 0x0000000080200000|100%| O|  |TAMS 0x0000000080200000, 0x0000000080100000| Updating 
|   2|0x0000000080200000, 0x0000000080300000, 0x0000000080300000|100%| O|  |TAMS 0x0000000080300000, 0x0000000080200000| Updating 
|   3|0x0000000080300000, 0x0000000080400000, 0x0000000080400000|100%|HS|  |TAMS 0x0000000080400000, 0x0000000080300000| Complete 
|   4|0x0000000080400000, 0x0000000080500000, 0x0000000080500000|100%|HC|  |TAMS 0x0000000080500000, 0x0000000080400000| Complete 
|   5|0x0000000080500000, 0x0000000080600000, 0x0000000080600000|100%|HC|  |TAMS 0x0000000080600000, 0x0000000080500000| Complete 
|   6|0x0000000080600000, 0x0000000080700000, 0x0000000080700000|100%| O|  |TAMS 0x0000000080700000, 0x0000000080600000| Updating 
|   7|0x0000000080700000, 0x0000000080800000, 0x0000000080800000|100%| O|  |TAMS 0x0000000080800000, 0x0000000080700000| Updating 
|   8|0x0000000080800000, 0x0000000080900000, 0x0000000080900000|100%| O|  |TAMS 0x0000000080900000, 0x0000000080800000| Updating 
|   9|0x0000000080900000, 0x0000000080a00000, 0x0000000080a00000|100%| O|  |TAMS 0x0000000080a00000, 0x0000000080900000| Updating 
|  10|0x0000000080a00000, 0x0000000080b00000, 0x0000000080b00000|100%| O|  |TAMS 0x0000000080b00000, 0x0000000080a00000| Updating 
|  11|0x0000000080b00000, 0x0000000080c00000, 0x0000000080c00000|100%| O|  |TAMS 0x0000000080c00000, 0x0000000080b00000| Updating 
|  12|0x0000000080c00000, 0x0000000080d00000, 0x0000000080d00000|100%| O|  |TAMS 0x0000000080d00000, 0x0000000080c00000| Updating 
|  13|0x0000000080d00000, 0x0000000080e00000, 0x0000000080e00000|100%| O|  |TAMS 0x0000000080e00000, 0x0000000080d00000| Updating 
|  14|0x0000000080e00000, 0x0000000080f00000, 0x0000000080f00000|100%| O|  |TAMS 0x0000000080f00000, 0x0000000080e00000| Updating 
|  15|0x0000000080f00000, 0x0000000081000000, 0x0000000081000000|100%| O|  |TAMS 0x0000000081000000, 0x0000000080f00000| Updating 
|  16|0x0000000081000000, 0x0000000081100000, 0x0000000081100000|100%|HS|  |TAMS 0x0000000081100000, 0x0000000081000000| Complete 
|  17|0x0000000081100000, 0x0000000081200000, 0x0000000081200000|100%| O|  |TAMS 0x0000000081200000, 0x0000000081100000| Updating 
|  18|0x0000000081200000, 0x0000000081300000, 0x0000000081300000|100%| O|  |TAMS 0x0000000081300000, 0x0000000081200000| Updating 
|  19|0x0000000081300000, 0x0000000081400000, 0x0000000081400000|100%| O|  |TAMS 0x0000000081400000, 0x0000000081300000| Updating 
|  20|0x0000000081400000, 0x0000000081500000, 0x0000000081500000|100%| O|  |TAMS 0x0000000081500000, 0x0000000081400000| Updating 
|  21|0x0000000081500000, 0x0000000081600000, 0x0000000081600000|100%| O|  |TAMS 0x0000000081600000, 0x0000000081500000| Updating 
|  22|0x0000000081600000, 0x0000000081700000, 0x0000000081700000|100%| O|  |TAMS 0x0000000081700000, 0x0000000081600000| Updating 
|  23|0x0000000081700000, 0x0000000081800000, 0x0000000081800000|100%| O|  |TAMS 0x0000000081800000, 0x0000000081700000| Updating 
|  24|0x0000000081800000, 0x0000000081900000, 0x0000000081900000|100%| O|  |TAMS 0x0000000081900000, 0x0000000081800000| Updating 
|  25|0x0000000081900000, 0x0000000081a00000, 0x0000000081a00000|100%| O|  |TAMS 0x0000000081a00000, 0x0000000081900000| Updating 
|  26|0x0000000081a00000, 0x0000000081b00000, 0x0000000081b00000|100%| O|  |TAMS 0x0000000081b00000, 0x0000000081a00000| Updating 
|  27|0x0000000081b00000, 0x0000000081c00000, 0x0000000081c00000|100%|HS|  |TAMS 0x0000000081c00000, 0x0000000081b00000| Complete 
|  28|0x0000000081c00000, 0x0000000081d00000, 0x0000000081d00000|100%|HS|  |TAMS 0x0000000081d00000, 0x0000000081c00000| Complete 
|  29|0x0000000081d00000, 0x0000000081e00000, 0x0000000081e00000|100%|HC|  |TAMS 0x0000000081e00000, 0x0000000081d00000| Complete 
|  30|0x0000000081e00000, 0x0000000081f00000, 0x0000000081f00000|100%|HC|  |TAMS 0x0000000081f00000, 0x0000000081e00000| Complete 
|  31|0x0000000081f00000, 0x0000000082000000, 0x0000000082000000|100%|HS|  |TAMS 0x0000000082000000, 0x0000000081f00000| Complete 
|  32|0x0000000082000000, 0x0000000082100000, 0x0000000082100000|100%|HC|  |TAMS 0x0000000082100000, 0x0000000082000000| Complete 
|  33|0x0000000082100000, 0x0000000082200000, 0x0000000082200000|100%| O|  |TAMS 0x0000000082200000, 0x0000000082100000| Updating 
|  34|0x0000000082200000, 0x0000000082300000, 0x0000000082300000|100%| O|  |TAMS 0x0000000082300000, 0x0000000082200000| Updating 
|  35|0x0000000082300000, 0x0000000082400000, 0x0000000082400000|100%| O|  |TAMS 0x0000000082400000, 0x0000000082300000| Updating 
|  36|0x0000000082400000, 0x0000000082500000, 0x0000000082500000|100%| O|  |TAMS 0x0000000082500000, 0x0000000082400000| Updating 
|  37|0x0000000082500000, 0x0000000082600000, 0x0000000082600000|100%| O|  |TAMS 0x0000000082600000, 0x0000000082500000| Updating 
|  38|0x0000000082600000, 0x0000000082700000, 0x0000000082700000|100%| O|  |TAMS 0x0000000082700000, 0x0000000082600000| Updating 
|  39|0x0000000082700000, 0x0000000082800000, 0x0000000082800000|100%| O|  |TAMS 0x0000000082800000, 0x0000000082700000| Updating 
|  40|0x0000000082800000, 0x0000000082900000, 0x0000000082900000|100%| O|  |TAMS 0x0000000082900000, 0x0000000082800000| Updating 
|  41|0x0000000082900000, 0x0000000082a00000, 0x0000000082a00000|100%| O|  |TAMS 0x0000000082a00000, 0x0000000082900000| Updating 
|  42|0x0000000082a00000, 0x0000000082b00000, 0x0000000082b00000|100%| O|  |TAMS 0x0000000082b00000, 0x0000000082a00000| Updating 
|  43|0x0000000082b00000, 0x0000000082c00000, 0x0000000082c00000|100%| O|  |TAMS 0x0000000082c00000, 0x0000000082b00000| Updating 
|  44|0x0000000082c00000, 0x0000000082d00000, 0x0000000082d00000|100%| O|  |TAMS 0x0000000082d00000, 0x0000000082c00000| Updating 
|  45|0x0000000082d00000, 0x0000000082e00000, 0x0000000082e00000|100%| O|  |TAMS 0x0000000082e00000, 0x0000000082d00000| Updating 
|  46|0x0000000082e00000, 0x0000000082f00000, 0x0000000082f00000|100%| O|  |TAMS 0x0000000082f00000, 0x0000000082e00000| Updating 
|  47|0x0000000082f00000, 0x0000000083000000, 0x0000000083000000|100%| O|  |TAMS 0x0000000083000000, 0x0000000082f00000| Updating 
|  48|0x0000000083000000, 0x0000000083100000, 0x0000000083100000|100%| O|  |TAMS 0x0000000083100000, 0x0000000083000000| Updating 
|  49|0x0000000083100000, 0x0000000083200000, 0x0000000083200000|100%| O|  |TAMS 0x0000000083200000, 0x0000000083100000| Updating 
|  50|0x0000000083200000, 0x0000000083300000, 0x0000000083300000|100%| O|  |TAMS 0x0000000083300000, 0x0000000083200000| Updating 
|  51|0x0000000083300000, 0x0000000083400000, 0x0000000083400000|100%| O|  |TAMS 0x0000000083400000, 0x0000000083300000| Updating 
|  52|0x0000000083400000, 0x0000000083500000, 0x0000000083500000|100%| O|  |TAMS 0x0000000083500000, 0x0000000083400000| Updating 
|  53|0x0000000083500000, 0x0000000083600000, 0x0000000083600000|100%| O|  |TAMS 0x0000000083600000, 0x0000000083500000| Updating 
|  54|0x0000000083600000, 0x0000000083700000, 0x0000000083700000|100%| O|  |TAMS 0x0000000083700000, 0x0000000083600000| Updating 
|  55|0x0000000083700000, 0x0000000083800000, 0x0000000083800000|100%| O|  |TAMS 0x0000000083800000, 0x0000000083700000| Updating 
|  56|0x0000000083800000, 0x0000000083900000, 0x0000000083900000|100%| O|  |TAMS 0x0000000083900000, 0x0000000083800000| Updating 
|  57|0x0000000083900000, 0x0000000083a00000, 0x0000000083a00000|100%| O|  |TAMS 0x0000000083a00000, 0x0000000083900000| Updating 
|  58|0x0000000083a00000, 0x0000000083b00000, 0x0000000083b00000|100%| O|  |TAMS 0x0000000083b00000, 0x0000000083a00000| Updating 
|  59|0x0000000083b00000, 0x0000000083c00000, 0x0000000083c00000|100%| O|  |TAMS 0x0000000083c00000, 0x0000000083b00000| Updating 
|  60|0x0000000083c00000, 0x0000000083d00000, 0x0000000083d00000|100%| O|  |TAMS 0x0000000083d00000, 0x0000000083c00000| Updating 
|  61|0x0000000083d00000, 0x0000000083e00000, 0x0000000083e00000|100%| O|  |TAMS 0x0000000083e00000, 0x0000000083d00000| Updating 
|  62|0x0000000083e00000, 0x0000000083f00000, 0x0000000083f00000|100%| O|  |TAMS 0x0000000083f00000, 0x0000000083e00000| Updating 
|  63|0x0000000083f00000, 0x0000000084000000, 0x0000000084000000|100%| O|  |TAMS 0x0000000084000000, 0x0000000083f00000| Updating 
|  64|0x0000000084000000, 0x0000000084100000, 0x0000000084100000|100%| O|  |TAMS 0x0000000084100000, 0x0000000084000000| Updating 
|  65|0x0000000084100000, 0x0000000084200000, 0x0000000084200000|100%| O|  |TAMS 0x0000000084200000, 0x0000000084100000| Updating 
|  66|0x0000000084200000, 0x0000000084300000, 0x0000000084300000|100%| O|  |TAMS 0x0000000084300000, 0x0000000084200000| Updating 
|  67|0x0000000084300000, 0x0000000084400000, 0x0000000084400000|100%| O|  |TAMS 0x0000000084400000, 0x0000000084300000| Updating 
|  68|0x0000000084400000, 0x0000000084500000, 0x0000000084500000|100%| O|  |TAMS 0x0000000084500000, 0x0000000084400000| Updating 
|  69|0x0000000084500000, 0x0000000084600000, 0x0000000084600000|100%| O|  |TAMS 0x0000000084600000, 0x0000000084500000| Updating 
|  70|0x0000000084600000, 0x0000000084700000, 0x0000000084700000|100%| O|  |TAMS 0x0000000084700000, 0x0000000084600000| Updating 
|  71|0x0000000084700000, 0x0000000084800000, 0x0000000084800000|100%| O|  |TAMS 0x0000000084800000, 0x0000000084700000| Updating 
|  72|0x0000000084800000, 0x0000000084900000, 0x0000000084900000|100%| O|  |TAMS 0x0000000084900000, 0x0000000084800000| Updating 
|  73|0x0000000084900000, 0x0000000084a00000, 0x0000000084a00000|100%| O|  |TAMS 0x0000000084a00000, 0x0000000084900000| Updating 
|  74|0x0000000084a00000, 0x0000000084b00000, 0x0000000084b00000|100%| O|  |TAMS 0x0000000084b00000, 0x0000000084a00000| Updating 
|  75|0x0000000084b00000, 0x0000000084bc4c00, 0x0000000084c00000| 76%| O|  |TAMS 0x0000000084bc4c00, 0x0000000084b00000| Updating 
|  76|0x0000000084c00000, 0x0000000084c00000, 0x0000000084d00000|  0%| F|  |TAMS 0x0000000084c00000, 0x0000000084c00000| Untracked 
|  77|0x0000000084d00000, 0x0000000084d00000, 0x0000000084e00000|  0%| F|  |TAMS 0x0000000084d00000, 0x0000000084d00000| Untracked 
|  78|0x0000000084e00000, 0x0000000084e00000, 0x0000000084f00000|  0%| F|  |TAMS 0x0000000084e00000, 0x0000000084e00000| Untracked 
|  79|0x0000000084f00000, 0x0000000084f00000, 0x0000000085000000|  0%| F|  |TAMS 0x0000000084f00000, 0x0000000084f00000| Untracked 
|  80|0x0000000085000000, 0x0000000085000000, 0x0000000085100000|  0%| F|  |TAMS 0x0000000085000000, 0x0000000085000000| Untracked 
|  81|0x0000000085100000, 0x0000000085100000, 0x0000000085200000|  0%| F|  |TAMS 0x0000000085100000, 0x0000000085100000| Untracked 
|  82|0x0000000085200000, 0x0000000085200000, 0x0000000085300000|  0%| F|  |TAMS 0x0000000085200000, 0x0000000085200000| Untracked 
|  83|0x0000000085300000, 0x0000000085300000, 0x0000000085400000|  0%| F|  |TAMS 0x0000000085300000, 0x0000000085300000| Untracked 
|  84|0x0000000085400000, 0x0000000085400000, 0x0000000085500000|  0%| F|  |TAMS 0x0000000085400000, 0x0000000085400000| Untracked 
|  85|0x0000000085500000, 0x0000000085500000, 0x0000000085600000|  0%| F|  |TAMS 0x0000000085500000, 0x0000000085500000| Untracked 
|  86|0x0000000085600000, 0x0000000085600000, 0x0000000085700000|  0%| F|  |TAMS 0x0000000085600000, 0x0000000085600000| Untracked 
|  87|0x0000000085700000, 0x0000000085700000, 0x0000000085800000|  0%| F|  |TAMS 0x0000000085700000, 0x0000000085700000| Untracked 
|  88|0x0000000085800000, 0x0000000085800000, 0x0000000085900000|  0%| F|  |TAMS 0x0000000085800000, 0x0000000085800000| Untracked 
|  89|0x0000000085900000, 0x0000000085900000, 0x0000000085a00000|  0%| F|  |TAMS 0x0000000085900000, 0x0000000085900000| Untracked 
|  90|0x0000000085a00000, 0x0000000085a00000, 0x0000000085b00000|  0%| F|  |TAMS 0x0000000085a00000, 0x0000000085a00000| Untracked 
|  91|0x0000000085b00000, 0x0000000085b00000, 0x0000000085c00000|  0%| F|  |TAMS 0x0000000085b00000, 0x0000000085b00000| Untracked 
|  92|0x0000000085c00000, 0x0000000085c00000, 0x0000000085d00000|  0%| F|  |TAMS 0x0000000085c00000, 0x0000000085c00000| Untracked 
|  93|0x0000000085d00000, 0x0000000085d00000, 0x0000000085e00000|  0%| F|  |TAMS 0x0000000085d00000, 0x0000000085d00000| Untracked 
|  94|0x0000000085e00000, 0x0000000085e00000, 0x0000000085f00000|  0%| F|  |TAMS 0x0000000085e00000, 0x0000000085e00000| Untracked 
|  95|0x0000000085f00000, 0x0000000085f00000, 0x0000000086000000|  0%| F|  |TAMS 0x0000000085f00000, 0x0000000085f00000| Untracked 
|  96|0x0000000086000000, 0x0000000086000000, 0x0000000086100000|  0%| F|  |TAMS 0x0000000086000000, 0x0000000086000000| Untracked 
|  97|0x0000000086100000, 0x0000000086100000, 0x0000000086200000|  0%| F|  |TAMS 0x0000000086100000, 0x0000000086100000| Untracked 
|  98|0x0000000086200000, 0x0000000086200000, 0x0000000086300000|  0%| F|  |TAMS 0x0000000086200000, 0x0000000086200000| Untracked 
|  99|0x0000000086300000, 0x0000000086300000, 0x0000000086400000|  0%| F|  |TAMS 0x0000000086300000, 0x0000000086300000| Untracked 
| 100|0x0000000086400000, 0x0000000086484a40, 0x0000000086500000| 51%| S|CS|TAMS 0x0000000086400000, 0x0000000086400000| Complete 
| 101|0x0000000086500000, 0x0000000086500000, 0x0000000086600000|  0%| F|  |TAMS 0x0000000086500000, 0x0000000086500000| Untracked 
| 102|0x0000000086600000, 0x0000000086600000, 0x0000000086700000|  0%| F|  |TAMS 0x0000000086600000, 0x0000000086600000| Untracked 
| 103|0x0000000086700000, 0x0000000086800000, 0x0000000086800000|100%| S|CS|TAMS 0x0000000086700000, 0x0000000086700000| Complete 
| 104|0x0000000086800000, 0x0000000086800000, 0x0000000086900000|  0%| F|  |TAMS 0x0000000086800000, 0x0000000086800000| Untracked 
| 105|0x0000000086900000, 0x0000000086900000, 0x0000000086a00000|  0%| F|  |TAMS 0x0000000086900000, 0x0000000086900000| Untracked 
| 106|0x0000000086a00000, 0x0000000086a00000, 0x0000000086b00000|  0%| F|  |TAMS 0x0000000086a00000, 0x0000000086a00000| Untracked 
| 107|0x0000000086b00000, 0x0000000086b00000, 0x0000000086c00000|  0%| F|  |TAMS 0x0000000086b00000, 0x0000000086b00000| Untracked 
| 108|0x0000000086c00000, 0x0000000086c00000, 0x0000000086d00000|  0%| F|  |TAMS 0x0000000086c00000, 0x0000000086c00000| Untracked 
| 109|0x0000000086d00000, 0x0000000086d00000, 0x0000000086e00000|  0%| F|  |TAMS 0x0000000086d00000, 0x0000000086d00000| Untracked 
| 110|0x0000000086e00000, 0x0000000086e00000, 0x0000000086f00000|  0%| F|  |TAMS 0x0000000086e00000, 0x0000000086e00000| Untracked 
| 111|0x0000000086f00000, 0x0000000086f00000, 0x0000000087000000|  0%| F|  |TAMS 0x0000000086f00000, 0x0000000086f00000| Untracked 
| 112|0x0000000087000000, 0x0000000087000000, 0x0000000087100000|  0%| F|  |TAMS 0x0000000087000000, 0x0000000087000000| Untracked 
| 113|0x0000000087100000, 0x0000000087100000, 0x0000000087200000|  0%| F|  |TAMS 0x0000000087100000, 0x0000000087100000| Untracked 
| 114|0x0000000087200000, 0x0000000087200000, 0x0000000087300000|  0%| F|  |TAMS 0x0000000087200000, 0x0000000087200000| Untracked 
| 115|0x0000000087300000, 0x0000000087300000, 0x0000000087400000|  0%| F|  |TAMS 0x0000000087300000, 0x0000000087300000| Untracked 
| 116|0x0000000087400000, 0x0000000087400000, 0x0000000087500000|  0%| F|  |TAMS 0x0000000087400000, 0x0000000087400000| Untracked 
| 117|0x0000000087500000, 0x0000000087500000, 0x0000000087600000|  0%| F|  |TAMS 0x0000000087500000, 0x0000000087500000| Untracked 
| 118|0x0000000087600000, 0x0000000087600000, 0x0000000087700000|  0%| F|  |TAMS 0x0000000087600000, 0x0000000087600000| Untracked 
| 119|0x0000000087700000, 0x0000000087700000, 0x0000000087800000|  0%| F|  |TAMS 0x0000000087700000, 0x0000000087700000| Untracked 
| 120|0x0000000087800000, 0x0000000087800000, 0x0000000087900000|  0%| F|  |TAMS 0x0000000087800000, 0x0000000087800000| Untracked 
| 121|0x0000000087900000, 0x0000000087900000, 0x0000000087a00000|  0%| F|  |TAMS 0x0000000087900000, 0x0000000087900000| Untracked 
| 122|0x0000000087a00000, 0x0000000087a00000, 0x0000000087b00000|  0%| F|  |TAMS 0x0000000087a00000, 0x0000000087a00000| Untracked 
| 123|0x0000000087b00000, 0x0000000087b00000, 0x0000000087c00000|  0%| F|  |TAMS 0x0000000087b00000, 0x0000000087b00000| Untracked 
| 124|0x0000000087c00000, 0x0000000087c00000, 0x0000000087d00000|  0%| F|  |TAMS 0x0000000087c00000, 0x0000000087c00000| Untracked 
| 125|0x0000000087d00000, 0x0000000087d00000, 0x0000000087e00000|  0%| F|  |TAMS 0x0000000087d00000, 0x0000000087d00000| Untracked 
| 126|0x0000000087e00000, 0x0000000087e00000, 0x0000000087f00000|  0%| F|  |TAMS 0x0000000087e00000, 0x0000000087e00000| Untracked 
| 127|0x0000000087f00000, 0x0000000087f00000, 0x0000000088000000|  0%| F|  |TAMS 0x0000000087f00000, 0x0000000087f00000| Untracked 
| 128|0x0000000088000000, 0x0000000088000000, 0x0000000088100000|  0%| F|  |TAMS 0x0000000088000000, 0x0000000088000000| Untracked 
| 129|0x0000000088100000, 0x0000000088100000, 0x0000000088200000|  0%| F|  |TAMS 0x0000000088100000, 0x0000000088100000| Untracked 
| 130|0x0000000088200000, 0x0000000088200000, 0x0000000088300000|  0%| F|  |TAMS 0x0000000088200000, 0x0000000088200000| Untracked 
| 131|0x0000000088300000, 0x0000000088300000, 0x0000000088400000|  0%| F|  |TAMS 0x0000000088300000, 0x0000000088300000| Untracked 
| 132|0x0000000088400000, 0x0000000088400000, 0x0000000088500000|  0%| F|  |TAMS 0x0000000088400000, 0x0000000088400000| Untracked 
| 133|0x0000000088500000, 0x0000000088500000, 0x0000000088600000|  0%| F|  |TAMS 0x0000000088500000, 0x0000000088500000| Untracked 
| 134|0x0000000088600000, 0x0000000088600000, 0x0000000088700000|  0%| F|  |TAMS 0x0000000088600000, 0x0000000088600000| Untracked 
| 135|0x0000000088700000, 0x0000000088700000, 0x0000000088800000|  0%| F|  |TAMS 0x0000000088700000, 0x0000000088700000| Untracked 
| 136|0x0000000088800000, 0x0000000088800000, 0x0000000088900000|  0%| F|  |TAMS 0x0000000088800000, 0x0000000088800000| Untracked 
| 137|0x0000000088900000, 0x0000000088900000, 0x0000000088a00000|  0%| F|  |TAMS 0x0000000088900000, 0x0000000088900000| Untracked 
| 138|0x0000000088a00000, 0x0000000088a00000, 0x0000000088b00000|  0%| F|  |TAMS 0x0000000088a00000, 0x0000000088a00000| Untracked 
| 139|0x0000000088b00000, 0x0000000088b80800, 0x0000000088c00000| 50%| E|  |TAMS 0x0000000088b00000, 0x0000000088b00000| Complete 
| 140|0x0000000088c00000, 0x0000000088d00000, 0x0000000088d00000|100%| E|CS|TAMS 0x0000000088c00000, 0x0000000088c00000| Complete 
| 141|0x0000000088d00000, 0x0000000088e00000, 0x0000000088e00000|100%| E|CS|TAMS 0x0000000088d00000, 0x0000000088d00000| Complete 
| 142|0x0000000088e00000, 0x0000000088f00000, 0x0000000088f00000|100%| E|CS|TAMS 0x0000000088e00000, 0x0000000088e00000| Complete 
| 143|0x0000000088f00000, 0x0000000089000000, 0x0000000089000000|100%| E|CS|TAMS 0x0000000088f00000, 0x0000000088f00000| Complete 
| 144|0x0000000089000000, 0x0000000089100000, 0x0000000089100000|100%| E|CS|TAMS 0x0000000089000000, 0x0000000089000000| Complete 
| 145|0x0000000089100000, 0x0000000089200000, 0x0000000089200000|100%| E|CS|TAMS 0x0000000089100000, 0x0000000089100000| Complete 
| 146|0x0000000089200000, 0x0000000089300000, 0x0000000089300000|100%| E|CS|TAMS 0x0000000089200000, 0x0000000089200000| Complete 
| 147|0x0000000089300000, 0x0000000089400000, 0x0000000089400000|100%| E|CS|TAMS 0x0000000089300000, 0x0000000089300000| Complete 
| 148|0x0000000089400000, 0x0000000089500000, 0x0000000089500000|100%| E|CS|TAMS 0x0000000089400000, 0x0000000089400000| Complete 
| 149|0x0000000089500000, 0x0000000089600000, 0x0000000089600000|100%| E|CS|TAMS 0x0000000089500000, 0x0000000089500000| Complete 
| 150|0x0000000089600000, 0x0000000089700000, 0x0000000089700000|100%| E|CS|TAMS 0x0000000089600000, 0x0000000089600000| Complete 
| 151|0x0000000089700000, 0x0000000089800000, 0x0000000089800000|100%| E|CS|TAMS 0x0000000089700000, 0x0000000089700000| Complete 
| 152|0x0000000089800000, 0x0000000089900000, 0x0000000089900000|100%| E|CS|TAMS 0x0000000089800000, 0x0000000089800000| Complete 
| 153|0x0000000089900000, 0x0000000089a00000, 0x0000000089a00000|100%| E|CS|TAMS 0x0000000089900000, 0x0000000089900000| Complete 

Card table byte_map: [0x0000021828c10000,0x0000021829010000] _byte_map_base: 0x0000021828810000

Marking Bits (Prev, Next): (CMBitMap*) 0x0000021813c8fc88, (CMBitMap*) 0x0000021813c8fcc0
 Prev Bits: [0x0000021829410000, 0x000002182b410000)
 Next Bits: [0x000002182b410000, 0x000002182d410000)

Polling page: 0x0000021813d30000

Metaspace:

Usage:
  Non-class:     84.23 MB capacity,    82.64 MB ( 98%) used,     1.30 MB (  2%) free+waste,   286.00 KB ( <1%) overhead. 
      Class:     12.82 MB capacity,    11.91 MB ( 93%) used,   807.59 KB (  6%) free+waste,   127.19 KB ( <1%) overhead. 
       Both:     97.05 MB capacity,    94.55 MB ( 97%) used,     2.09 MB (  2%) free+waste,   413.19 KB ( <1%) overhead. 

Virtual space:
  Non-class space:       86.00 MB reserved,      84.25 MB ( 98%) committed 
      Class space:        1.00 GB reserved,      12.88 MB (  1%) committed 
             Both:        1.08 GB reserved,      97.13 MB (  9%) committed 

Chunk freelists:
   Non-Class:  24.00 KB
       Class:  43.00 KB
        Both:  67.00 KB

MaxMetaspaceSize: 17179869184.00 GB
CompressedClassSpaceSize: 1.00 GB

CodeHeap 'non-profiled nmethods': size=120000Kb used=7353Kb max_used=7353Kb free=112646Kb
 bounds [0x0000021820880000, 0x0000021820fc0000, 0x0000021827db0000]
CodeHeap 'profiled nmethods': size=120000Kb used=26348Kb max_used=26348Kb free=93651Kb
 bounds [0x0000021819350000, 0x000002181ad20000, 0x0000021820880000]
CodeHeap 'non-nmethods': size=5760Kb used=2302Kb max_used=2359Kb free=3457Kb
 bounds [0x0000021818db0000, 0x0000021819020000, 0x0000021819350000]
 total_blobs=13302 nmethods=12384 adapters=829
 compilation: enabled
              stopped_count=0, restarted_count=0
 full_count=0

Compilation events (20 events):
Event: 278.303 Thread 0x000002182ff02800 nmethod 13648 0x000002181ad02810 code [0x000002181ad02a40, 0x000002181ad03428]
Event: 278.305 Thread 0x000002182ff02800 13649       3       java.util.concurrent.ThreadPoolExecutor$Worker::tryRelease (12 bytes)
Event: 278.305 Thread 0x000002182ff02800 nmethod 13649 0x000002181ad03790 code [0x000002181ad03940, 0x000002181ad03a98]
Event: 278.305 Thread 0x000002182ff02800 13650       3       org.gradle.internal.work.DefaultWorkerLeaseService$DefaultWorkerLease::releaseLock (90 bytes)
Event: 278.307 Thread 0x000002182ff02800 nmethod 13650 0x000002181ad03b10 code [0x000002181ad03e40, 0x000002181ad05298]
Event: 278.307 Thread 0x000002182ff02800 13653       3       org.gradle.api.internal.initialization.DefaultScriptClassPathResolver::lambda$resolveClassPath$0 (37 bytes)
Event: 278.307 Thread 0x000002182ff02800 nmethod 13653 0x000002181ad05990 code [0x000002181ad05b80, 0x000002181ad06108]
Event: 278.307 Thread 0x000002182ff02800 13651       3       org.gradle.internal.resources.AbstractResourceLockRegistry$ThreadLockDetails::access$102 (7 bytes)
Event: 278.307 Thread 0x000002182ff02800 nmethod 13651 0x000002181ad06210 code [0x000002181ad063c0, 0x000002181ad064b8]
Event: 278.307 Thread 0x000002182ff02800 13654       3       org.gradle.internal.snapshot.impl.IntegerValueSnapshot::isolate (5 bytes)
Event: 278.307 Thread 0x000002182ff02800 nmethod 13654 0x000002181ad06590 code [0x000002181ad06740, 0x000002181ad06918]
Event: 278.307 Thread 0x000002182ff02800 13655       3       org.gradle.internal.snapshot.impl.IntegerValueSnapshot::getValue (5 bytes)
Event: 278.307 Thread 0x000002182ff02800 nmethod 13655 0x000002181ad06a10 code [0x000002181ad06bc0, 0x000002181ad06cd8]
Event: 278.307 Thread 0x000002182ff02800 13657       3       org.gradle.internal.classpath.DefaultClassPath$ImmutableUniqueList::<init> (110 bytes)
Event: 278.309 Thread 0x000002182ff02800 nmethod 13657 0x000002181ad06d90 code [0x000002181ad07060, 0x000002181ad08018]
Event: 278.309 Thread 0x000002182ff02800 13659       3       org.gradle.internal.classpath.DefaultCachedClasspathTransformer$TransformFile::<init> (44 bytes)
Event: 278.309 Thread 0x00000218379f3800 13658       4       org.gradle.internal.snapshot.ChildMap$Entry::handleAncestorDescendantOrExactMatch (110 bytes)
Event: 278.309 Thread 0x000002182ff02800 nmethod 13659 0x000002181ad08490 code [0x000002181ad08680, 0x000002181ad08b28]
Event: 278.309 Thread 0x000002182ff02800 13652       3       org.gradle.internal.work.DefaultWorkerLeaseService$DefaultWorkerLease::releaseLease (28 bytes)
Event: 278.310 Thread 0x000002182ff02800 nmethod 13652 0x000002181ad08c90 code [0x000002181ad08e40, 0x000002181ad09018]

GC Heap History (20 events):
Event: 14.921 GC heap before
{Heap before GC invocations=18 (full 0):
 garbage-first heap   total 131072K, used 108105K [0x0000000080000000, 0x0000000100000000)
  region size 1024K, 50 young (51200K), 5 survivors (5120K)
 Metaspace       used 80778K, capacity 82693K, committed 82944K, reserved 1120256K
  class space    used 10476K, capacity 11193K, committed 11264K, reserved 1048576K
}
Event: 14.931 GC heap after
{Heap after GC invocations=19 (full 0):
 garbage-first heap   total 131072K, used 65163K [0x0000000080000000, 0x0000000100000000)
  region size 1024K, 6 young (6144K), 6 survivors (6144K)
 Metaspace       used 80778K, capacity 82693K, committed 82944K, reserved 1120256K
  class space    used 10476K, capacity 11193K, committed 11264K, reserved 1048576K
}
Event: 15.528 GC heap before
{Heap before GC invocations=19 (full 0):
 garbage-first heap   total 131072K, used 106123K [0x0000000080000000, 0x0000000100000000)
  region size 1024K, 47 young (48128K), 6 survivors (6144K)
 Metaspace       used 82235K, capacity 84336K, committed 84608K, reserved 1122304K
  class space    used 10707K, capacity 11539K, committed 11648K, reserved 1048576K
}
Event: 15.541 GC heap after
{Heap after GC invocations=20 (full 0):
 garbage-first heap   total 131072K, used 68308K [0x0000000080000000, 0x0000000100000000)
  region size 1024K, 4 young (4096K), 4 survivors (4096K)
 Metaspace       used 82235K, capacity 84336K, committed 84608K, reserved 1122304K
  class space    used 10707K, capacity 11539K, committed 11648K, reserved 1048576K
}
Event: 16.006 GC heap before
{Heap before GC invocations=21 (full 0):
 garbage-first heap   total 131072K, used 107220K [0x0000000080000000, 0x0000000100000000)
  region size 1024K, 43 young (44032K), 4 survivors (4096K)
 Metaspace       used 82626K, capacity 84824K, committed 85120K, reserved 1122304K
  class space    used 10727K, capacity 11558K, committed 11648K, reserved 1048576K
}
Event: 16.013 GC heap after
{Heap after GC invocations=22 (full 0):
 garbage-first heap   total 131072K, used 70640K [0x0000000080000000, 0x0000000100000000)
  region size 1024K, 6 young (6144K), 6 survivors (6144K)
 Metaspace       used 82626K, capacity 84824K, committed 85120K, reserved 1122304K
  class space    used 10727K, capacity 11558K, committed 11648K, reserved 1048576K
}
Event: 16.415 GC heap before
{Heap before GC invocations=22 (full 0):
 garbage-first heap   total 131072K, used 107504K [0x0000000080000000, 0x0000000100000000)
  region size 1024K, 43 young (44032K), 6 survivors (6144K)
 Metaspace       used 84193K, capacity 86321K, committed 86528K, reserved 1124352K
  class space    used 10922K, capacity 11762K, committed 11776K, reserved 1048576K
}
Event: 16.423 GC heap after
{Heap after GC invocations=23 (full 0):
 garbage-first heap   total 131072K, used 72524K [0x0000000080000000, 0x0000000100000000)
  region size 1024K, 5 young (5120K), 5 survivors (5120K)
 Metaspace       used 84193K, capacity 86321K, committed 86528K, reserved 1124352K
  class space    used 10922K, capacity 11762K, committed 11776K, reserved 1048576K
}
Event: 16.760 GC heap before
{Heap before GC invocations=24 (full 0):
 garbage-first heap   total 131072K, used 109388K [0x0000000080000000, 0x0000000100000000)
  region size 1024K, 41 young (41984K), 5 survivors (5120K)
 Metaspace       used 86786K, capacity 88904K, committed 89216K, reserved 1126400K
  class space    used 11239K, capacity 12068K, committed 12160K, reserved 1048576K
}
Event: 16.769 GC heap after
{Heap after GC invocations=25 (full 0):
 garbage-first heap   total 157696K, used 73665K [0x0000000080000000, 0x0000000100000000)
  region size 1024K, 4 young (4096K), 4 survivors (4096K)
 Metaspace       used 86786K, capacity 88904K, committed 89216K, reserved 1126400K
  class space    used 11239K, capacity 12068K, committed 12160K, reserved 1048576K
}
Event: 26.120 GC heap before
{Heap before GC invocations=25 (full 0):
 garbage-first heap   total 157696K, used 125889K [0x0000000080000000, 0x0000000100000000)
  region size 1024K, 55 young (56320K), 4 survivors (4096K)
 Metaspace       used 91090K, capacity 93515K, committed 93696K, reserved 1130496K
  class space    used 11858K, capacity 12748K, committed 12800K, reserved 1048576K
}
Event: 26.128 GC heap after
{Heap after GC invocations=26 (full 0):
 garbage-first heap   total 157696K, used 77408K [0x0000000080000000, 0x0000000100000000)
  region size 1024K, 7 young (7168K), 7 survivors (7168K)
 Metaspace       used 91090K, capacity 93515K, committed 93696K, reserved 1130496K
  class space    used 11858K, capacity 12748K, committed 12800K, reserved 1048576K
}
Event: 59.174 GC heap before
{Heap before GC invocations=26 (full 0):
 garbage-first heap   total 157696K, used 126560K [0x0000000080000000, 0x0000000100000000)
  region size 1024K, 56 young (57344K), 7 survivors (7168K)
 Metaspace       used 95137K, capacity 97734K, committed 97920K, reserved 1134592K
  class space    used 12195K, capacity 13142K, committed 13184K, reserved 1048576K
}
Event: 59.188 GC heap after
{Heap after GC invocations=27 (full 0):
 garbage-first heap   total 157696K, used 80759K [0x0000000080000000, 0x0000000100000000)
  region size 1024K, 5 young (5120K), 5 survivors (5120K)
 Metaspace       used 95137K, capacity 97734K, committed 97920K, reserved 1134592K
  class space    used 12195K, capacity 13142K, committed 13184K, reserved 1048576K
}
Event: 126.490 GC heap before
{Heap before GC invocations=27 (full 0):
 garbage-first heap   total 157696K, used 126839K [0x0000000080000000, 0x0000000100000000)
  region size 1024K, 51 young (52224K), 5 survivors (5120K)
 Metaspace       used 95861K, capacity 98422K, committed 98688K, reserved 1134592K
  class space    used 12214K, capacity 13171K, committed 13184K, reserved 1048576K
}
Event: 126.498 GC heap after
{Heap after GC invocations=28 (full 0):
 garbage-first heap   total 157696K, used 79635K [0x0000000080000000, 0x0000000100000000)
  region size 1024K, 2 young (2048K), 2 survivors (2048K)
 Metaspace       used 95861K, capacity 98422K, committed 98688K, reserved 1134592K
  class space    used 12214K, capacity 13171K, committed 13184K, reserved 1048576K
}
Event: 189.300 GC heap before
{Heap before GC invocations=29 (full 0):
 garbage-first heap   total 157696K, used 128787K [0x0000000080000000, 0x0000000100000000)
  region size 1024K, 51 young (52224K), 2 survivors (2048K)
 Metaspace       used 96290K, capacity 98843K, committed 99200K, reserved 1134592K
  class space    used 12175K, capacity 13099K, committed 13184K, reserved 1048576K
}
Event: 189.306 GC heap after
{Heap after GC invocations=30 (full 0):
 garbage-first heap   total 157696K, used 79314K [0x0000000080000000, 0x0000000100000000)
  region size 1024K, 2 young (2048K), 2 survivors (2048K)
 Metaspace       used 96290K, capacity 98843K, committed 99200K, reserved 1134592K
  class space    used 12175K, capacity 13099K, committed 13184K, reserved 1048576K
}
Event: 278.226 GC heap before
{Heap before GC invocations=30 (full 0):
 garbage-first heap   total 157696K, used 129490K [0x0000000080000000, 0x0000000100000000)
  region size 1024K, 52 young (53248K), 2 survivors (2048K)
 Metaspace       used 96778K, capacity 99311K, committed 99456K, reserved 1136640K
  class space    used 12193K, capacity 13128K, committed 13184K, reserved 1048576K
}
Event: 278.232 GC heap after
{Heap after GC invocations=31 (full 0):
 garbage-first heap   total 157696K, used 79141K [0x0000000080000000, 0x0000000100000000)
  region size 1024K, 2 young (2048K), 2 survivors (2048K)
 Metaspace       used 96778K, capacity 99311K, committed 99456K, reserved 1136640K
  class space    used 12193K, capacity 13128K, committed 13184K, reserved 1048576K
}

Deoptimization events (20 events):
Event: 231.159 Thread 0x00000218379f1000 Uncommon trap: trap_request=0xffffff4d fr.pc=0x0000021820d2eab4 relative=0x0000000000000274
Event: 231.159 Thread 0x00000218379f1000 Uncommon trap: reason=unstable_if action=reinterpret pc=0x0000021820d2eab4 method=java.lang.Integer.getChars(II[B)I @ 4 c2
Event: 231.159 Thread 0x00000218379f1000 DEOPT PACKING pc=0x0000021820d2eab4 sp=0x00000049f34f9d20
Event: 231.159 Thread 0x00000218379f1000 DEOPT UNPACKING pc=0x0000021818dd74af sp=0x00000049f34f9c98 mode 2
Event: 231.432 Thread 0x000002183410f800 Uncommon trap: trap_request=0xffffffde fr.pc=0x0000021820e62788 relative=0x0000000000000dc8
Event: 231.432 Thread 0x000002183410f800 Uncommon trap: reason=class_check action=maybe_recompile pc=0x0000021820e62788 method=org.gradle.internal.snapshot.ChildMap$Entry.handleAncestorDescendantOrExactMatch(Lorg/gradle/internal/snapshot/VfsRelativePath;Lorg/gradle/internal/snapshot/CaseSensitiv
Event: 231.432 Thread 0x000002183410f800 DEOPT PACKING pc=0x0000021820e62788 sp=0x00000049f11fdcc0
Event: 231.432 Thread 0x000002183410f800 DEOPT UNPACKING pc=0x0000021818dd74af sp=0x00000049f11fdca0 mode 2
Event: 244.638 Thread 0x00000218379f5000 Uncommon trap: trap_request=0xffffff4d fr.pc=0x0000021820a5c640 relative=0x00000000000000a0
Event: 244.638 Thread 0x00000218379f5000 Uncommon trap: reason=unstable_if action=reinterpret pc=0x0000021820a5c640 method=java.io.BufferedInputStream.fill()V @ 222 c2
Event: 244.638 Thread 0x00000218379f5000 DEOPT PACKING pc=0x0000021820a5c640 sp=0x00000049f24fd9e0
Event: 244.638 Thread 0x00000218379f5000 DEOPT UNPACKING pc=0x0000021818dd74af sp=0x00000049f24fd960 mode 2
Event: 278.198 Thread 0x00000218329a9000 Uncommon trap: trap_request=0xffffffbe fr.pc=0x0000021820f5d8e0 relative=0x00000000000014e0
Event: 278.198 Thread 0x00000218329a9000 Uncommon trap: reason=profile_predicate action=maybe_recompile pc=0x0000021820f5d8e0 method=org.gradle.api.internal.artifacts.ivyservice.resolveengine.result.DesugaredAttributeContainerSerializer.read(Lorg/gradle/internal/serialize/Decoder;)Lorg/gradle/ap
Event: 278.198 Thread 0x00000218329a9000 DEOPT PACKING pc=0x0000021820f5d8e0 sp=0x00000049f01f9220
Event: 278.198 Thread 0x00000218329a9000 DEOPT UNPACKING pc=0x0000021818dd74af sp=0x00000049f01f9208 mode 2
Event: 278.235 Thread 0x00000218329a9000 Uncommon trap: trap_request=0xffffffdc fr.pc=0x0000021820b1deb8 relative=0x00000000000002f8
Event: 278.235 Thread 0x00000218329a9000 Uncommon trap: reason=class_check action=make_not_entrant pc=0x0000021820b1deb8 method=java.util.ArrayList$SubList.toArray([Ljava/lang/Object;)[Ljava/lang/Object; @ 37 c2
Event: 278.235 Thread 0x00000218329a9000 DEOPT PACKING pc=0x0000021820b1deb8 sp=0x00000049f01f9630
Event: 278.235 Thread 0x00000218329a9000 DEOPT UNPACKING pc=0x0000021818dd74af sp=0x00000049f01f95f8 mode 2

Classes redefined (0 events):
No events

Internal exceptions (20 events):
Event: 195.439 Thread 0x00000218379f4000 Exception <a 'java/net/ConnectException'{0x000000008990a9a0}: Connection refused: connect> (0x000000008990a9a0) thrown at [./src/hotspot/share/prims/jni.cpp, line 636]
Event: 196.130 Thread 0x00000218379f1000 Exception <a 'java/net/ConnectException'{0x00000000874e89b0}: Connection refused: connect> (0x00000000874e89b0) thrown at [./src/hotspot/share/prims/jni.cpp, line 636]
Event: 198.184 Thread 0x00000218379f1000 Exception <a 'java/net/ConnectException'{0x000000008730df58}: Connection refused: connect> (0x000000008730df58) thrown at [./src/hotspot/share/prims/jni.cpp, line 636]
Event: 200.229 Thread 0x00000218379f1000 Exception <a 'java/net/ConnectException'{0x000000008730f480}: Connection refused: connect> (0x000000008730f480) thrown at [./src/hotspot/share/prims/jni.cpp, line 636]
Event: 202.267 Thread 0x00000218379f1000 Exception <a 'java/net/ConnectException'{0x00000000873109a8}: Connection refused: connect> (0x00000000873109a8) thrown at [./src/hotspot/share/prims/jni.cpp, line 636]
Event: 204.303 Thread 0x00000218379f1000 Exception <a 'java/net/ConnectException'{0x00000000873137c0}: Connection refused: connect> (0x00000000873137c0) thrown at [./src/hotspot/share/prims/jni.cpp, line 636]
Event: 206.342 Thread 0x00000218379f1000 Exception <a 'java/net/ConnectException'{0x0000000087336d08}: Connection refused: connect> (0x0000000087336d08) thrown at [./src/hotspot/share/prims/jni.cpp, line 636]
Event: 208.407 Thread 0x00000218379f1000 Exception <a 'java/net/ConnectException'{0x0000000087338230}: Connection refused: connect> (0x0000000087338230) thrown at [./src/hotspot/share/prims/jni.cpp, line 636]
Event: 212.918 Thread 0x00000218379f1000 Exception <a 'java/net/ConnectException'{0x000000008737d150}: Connection refused: connect> (0x000000008737d150) thrown at [./src/hotspot/share/prims/jni.cpp, line 636]
Event: 214.954 Thread 0x00000218379f1000 Exception <a 'java/net/ConnectException'{0x000000008737e678}: Connection refused: connect> (0x000000008737e678) thrown at [./src/hotspot/share/prims/jni.cpp, line 636]
Event: 217.013 Thread 0x00000218379f1000 Exception <a 'java/net/ConnectException'{0x000000008737fba0}: Connection refused: connect> (0x000000008737fba0) thrown at [./src/hotspot/share/prims/jni.cpp, line 636]
Event: 219.062 Thread 0x00000218379f1000 Exception <a 'java/net/ConnectException'{0x00000000873a2310}: Connection refused: connect> (0x00000000873a2310) thrown at [./src/hotspot/share/prims/jni.cpp, line 636]
Event: 221.137 Thread 0x00000218379f1000 Exception <a 'java/net/ConnectException'{0x00000000873a3838}: Connection refused: connect> (0x00000000873a3838) thrown at [./src/hotspot/share/prims/jni.cpp, line 636]
Event: 223.195 Thread 0x00000218379f1000 Exception <a 'java/net/ConnectException'{0x00000000873a4d60}: Connection refused: connect> (0x00000000873a4d60) thrown at [./src/hotspot/share/prims/jni.cpp, line 636]
Event: 225.231 Thread 0x00000218379f1000 Exception <a 'java/net/ConnectException'{0x00000000873bb4b8}: Connection refused: connect> (0x00000000873bb4b8) thrown at [./src/hotspot/share/prims/jni.cpp, line 636]
Event: 227.276 Thread 0x00000218379f1000 Exception <a 'java/net/ConnectException'{0x00000000873bc9e0}: Connection refused: connect> (0x00000000873bc9e0) thrown at [./src/hotspot/share/prims/jni.cpp, line 636]
Event: 229.334 Thread 0x00000218379f1000 Exception <a 'java/net/ConnectException'{0x00000000873bdf08}: Connection refused: connect> (0x00000000873bdf08) thrown at [./src/hotspot/share/prims/jni.cpp, line 636]
Event: 229.459 Thread 0x0000021832f0b000 Exception <a 'java/lang/InterruptedException'{0x00000000873f6a98}> (0x00000000873f6a98) thrown at [./src/hotspot/share/runtime/objectMonitor.cpp, line 1635]
Event: 231.270 Thread 0x00000218379f1000 Exception <a 'java/lang/reflect/InvocationTargetException'{0x0000000087063838}> (0x0000000087063838) thrown at [./src/hotspot/share/runtime/reflection.cpp, line 1247]
Event: 231.293 Thread 0x0000021836823800 Exception <a 'sun/nio/fs/WindowsException'{0x0000000086e25560}> (0x0000000086e25560) thrown at [./src/hotspot/share/prims/jni.cpp, line 615]

Events (20 events):
Event: 278.232 Executing VM operation: G1CollectForAllocation done
Event: 278.235 Thread 0x0000021836823800 Thread added: 0x0000021836823800
Event: 278.236 Thread 0x0000021832f0b000 Thread exited: 0x0000021832f0b000
Event: 278.280 Thread 0x0000021836824800 Thread added: 0x0000021836824800
Event: 278.280 Thread 0x00000218379f0000 Thread added: 0x00000218379f0000
Event: 278.280 Thread 0x00000218379ea800 Thread added: 0x00000218379ea800
Event: 278.280 Executing VM operation: RevokeBias
Event: 278.280 Thread 0x00000218379f1000 Thread added: 0x00000218379f1000
Event: 278.281 Executing coalesced safepoint VM operation: RevokeBias
Event: 278.281 Executing coalesced safepoint VM operation: RevokeBias done
Event: 278.281 Executing coalesced safepoint VM operation: RevokeBias
Event: 278.281 Executing coalesced safepoint VM operation: RevokeBias done
Event: 278.281 Executing VM operation: RevokeBias done
Event: 278.282 Thread 0x00000218379eb000 Thread added: 0x00000218379eb000
Event: 278.282 Thread 0x00000218379ec000 Thread added: 0x00000218379ec000
Event: 278.282 Thread 0x00000218379f7800 Thread added: 0x00000218379f7800
Event: 278.282 Thread 0x00000218379f2800 Thread added: 0x00000218379f2800
Event: 278.283 loading class org/gradle/internal/operations/BuildOperationDescriptor$1
Event: 278.283 loading class org/gradle/internal/operations/BuildOperationDescriptor$1 done
Event: 278.309 Thread 0x00000218379f3800 Thread added: 0x00000218379f3800


Dynamic libraries:
0x00007ff672ed0000 - 0x00007ff672eda000 	C:\Users\Dark Knight\Desktop\Android Studio\jre\bin\java.exe
0x00007ffee3570000 - 0x00007ffee3765000 	C:\WINDOWS\SYSTEM32\ntdll.dll
0x00007ffee15f0000 - 0x00007ffee16ad000 	C:\WINDOWS\System32\KERNEL32.DLL
0x00007ffee12d0000 - 0x00007ffee1599000 	C:\WINDOWS\System32\KERNELBASE.dll
0x00007ffee0cd0000 - 0x00007ffee0dd0000 	C:\WINDOWS\System32\ucrtbase.dll
0x00007ffed78b0000 - 0x00007ffed78c9000 	C:\Users\Dark Knight\Desktop\Android Studio\jre\bin\jli.dll
0x00007ffecdb10000 - 0x00007ffecdb27000 	C:\Users\Dark Knight\Desktop\Android Studio\jre\bin\VCRUNTIME140.dll
0x00007ffee1f30000 - 0x00007ffee20d0000 	C:\WINDOWS\System32\USER32.dll
0x00007ffee0ca0000 - 0x00007ffee0cc2000 	C:\WINDOWS\System32\win32u.dll
0x00007ffee20d0000 - 0x00007ffee20fa000 	C:\WINDOWS\System32\GDI32.dll
0x00007ffecb000000 - 0x00007ffecb29a000 	C:\WINDOWS\WinSxS\amd64_microsoft.windows.common-controls_6595b64144ccf1df_6.0.19041.1110_none_60b5254171f9507e\COMCTL32.dll
0x00007ffee11c0000 - 0x00007ffee12cb000 	C:\WINDOWS\System32\gdi32full.dll
0x00007ffee32b0000 - 0x00007ffee334e000 	C:\WINDOWS\System32\msvcrt.dll
0x00007ffee0dd0000 - 0x00007ffee0e6d000 	C:\WINDOWS\System32\msvcp_win.dll
0x00007ffee23d0000 - 0x00007ffee2400000 	C:\WINDOWS\System32\IMM32.DLL
0x00007ffec27f0000 - 0x00007ffec288d000 	C:\Users\Dark Knight\Desktop\Android Studio\jre\bin\msvcp140.dll
0x00007ffe838e0000 - 0x00007ffe8439c000 	C:\Users\Dark Knight\Desktop\Android Studio\jre\bin\server\jvm.dll
0x00007ffee1780000 - 0x00007ffee182c000 	C:\WINDOWS\System32\ADVAPI32.dll
0x00007ffee1830000 - 0x00007ffee18cb000 	C:\WINDOWS\System32\sechost.dll
0x00007ffee3350000 - 0x00007ffee347a000 	C:\WINDOWS\System32\RPCRT4.dll
0x00007ffee2d90000 - 0x00007ffee2d98000 	C:\WINDOWS\System32\PSAPI.DLL
0x00007ffec6fa0000 - 0x00007ffec6fa9000 	C:\WINDOWS\SYSTEM32\WSOCK32.dll
0x00007ffecb2b0000 - 0x00007ffecb2d7000 	C:\WINDOWS\SYSTEM32\WINMM.dll
0x00007ffed7fc0000 - 0x00007ffed7fca000 	C:\WINDOWS\SYSTEM32\VERSION.dll
0x00007ffee2360000 - 0x00007ffee23cb000 	C:\WINDOWS\System32\WS2_32.dll
0x00007ffedf530000 - 0x00007ffedf542000 	C:\WINDOWS\SYSTEM32\kernel.appcore.dll
0x00007ffed7ab0000 - 0x00007ffed7ac1000 	C:\Users\Dark Knight\Desktop\Android Studio\jre\bin\verify.dll
0x00007ffedeab0000 - 0x00007ffedec94000 	C:\WINDOWS\SYSTEM32\DBGHELP.DLL
0x00007ffec9830000 - 0x00007ffec985c000 	C:\WINDOWS\SYSTEM32\dbgcore.DLL
0x00007ffee0f70000 - 0x00007ffee0ff3000 	C:\WINDOWS\System32\bcryptPrimitives.dll
0x00007ffed1070000 - 0x00007ffed1099000 	C:\Users\Dark Knight\Desktop\Android Studio\jre\bin\java.dll
0x00007ffedc080000 - 0x00007ffedc08b000 	C:\Users\Dark Knight\Desktop\Android Studio\jre\bin\jimage.dll
0x00007ffed0f30000 - 0x00007ffed0f48000 	C:\Users\Dark Knight\Desktop\Android Studio\jre\bin\zip.dll
0x00007ffee25f0000 - 0x00007ffee2d2f000 	C:\WINDOWS\System32\SHELL32.dll
0x00007ffeded90000 - 0x00007ffedf520000 	C:\WINDOWS\SYSTEM32\windows.storage.dll
0x00007ffee2da0000 - 0x00007ffee30f5000 	C:\WINDOWS\System32\combase.dll
0x00007ffee0700000 - 0x00007ffee072c000 	C:\WINDOWS\SYSTEM32\Wldp.dll
0x00007ffee1e80000 - 0x00007ffee1f2e000 	C:\WINDOWS\System32\SHCORE.dll
0x00007ffee2400000 - 0x00007ffee2455000 	C:\WINDOWS\System32\shlwapi.dll
0x00007ffee0be0000 - 0x00007ffee0bff000 	C:\WINDOWS\SYSTEM32\profapi.dll
0x00007ffed0b80000 - 0x00007ffed0b9a000 	C:\Users\Dark Knight\Desktop\Android Studio\jre\bin\net.dll
0x00007ffed5b40000 - 0x00007ffed5c48000 	C:\WINDOWS\SYSTEM32\WINHTTP.dll
0x00007ffee0460000 - 0x00007ffee04ca000 	C:\WINDOWS\system32\mswsock.dll
0x00007ffed0b60000 - 0x00007ffed0b74000 	C:\Users\Dark Knight\Desktop\Android Studio\jre\bin\nio.dll
0x00007ffeccb20000 - 0x00007ffeccb47000 	C:\Users\Dark Knight\.gradle\native\8bec1ad78214c89d9ad589b4d07fe93259594b29d510b10fafb7a158f7737e5d\windows-amd64\native-platform.dll
0x00007ffeb2a50000 - 0x00007ffeb2b8d000 	C:\Users\Dark Knight\.gradle\native\53dbd7edfb1c66fb8903c78663c9afc45aea4f116125fa6feffd364cf09443e8\windows-amd64\native-platform-file-events.dll
0x00007ffeda140000 - 0x00007ffeda14a000 	C:\Users\Dark Knight\Desktop\Android Studio\jre\bin\management.dll
0x00007ffed9ff0000 - 0x00007ffed9ffc000 	C:\Users\Dark Knight\Desktop\Android Studio\jre\bin\management_ext.dll
0x00007ffee0650000 - 0x00007ffee0668000 	C:\WINDOWS\SYSTEM32\CRYPTSP.dll
0x00007ffedfd70000 - 0x00007ffedfda4000 	C:\WINDOWS\system32\rsaenh.dll
0x00007ffee15a0000 - 0x00007ffee15c7000 	C:\WINDOWS\System32\bcrypt.dll
0x00007ffee0ba0000 - 0x00007ffee0bce000 	C:\WINDOWS\SYSTEM32\USERENV.dll
0x00007ffee0670000 - 0x00007ffee067c000 	C:\WINDOWS\SYSTEM32\CRYPTBASE.dll
0x00007ffee0100000 - 0x00007ffee013b000 	C:\WINDOWS\SYSTEM32\IPHLPAPI.DLL
0x00007ffee18d0000 - 0x00007ffee18d8000 	C:\WINDOWS\System32\NSI.dll
0x00007ffecfdf0000 - 0x00007ffecfe07000 	C:\WINDOWS\SYSTEM32\dhcpcsvc6.DLL
0x00007ffed0340000 - 0x00007ffed035d000 	C:\WINDOWS\SYSTEM32\dhcpcsvc.DLL
0x00007ffee0140000 - 0x00007ffee020c000 	C:\WINDOWS\SYSTEM32\DNSAPI.dll
0x00007ffecda80000 - 0x00007ffecda9e000 	C:\Users\Dark Knight\AppData\Local\Temp\native-platform7490907806019628379dir\native-platform.dll
0x00007ffed81f0000 - 0x00007ffed81f8000 	C:\Users\Dark Knight\Desktop\Android Studio\jre\bin\rmi.dll

dbghelp: loaded successfully - version: 4.0.5 - missing functions: none
symbol engine: initialized successfully - sym options: 0x614 - pdb path: .;C:\Users\Dark Knight\Desktop\Android Studio\jre\bin;C:\WINDOWS\SYSTEM32;C:\WINDOWS\WinSxS\amd64_microsoft.windows.common-controls_6595b64144ccf1df_6.0.19041.1110_none_60b5254171f9507e;C:\Users\Dark Knight\Desktop\Android Studio\jre\bin\server;C:\Users\Dark Knight\.gradle\native\8bec1ad78214c89d9ad589b4d07fe93259594b29d510b10fafb7a158f7737e5d\windows-amd64;C:\Users\Dark Knight\.gradle\native\53dbd7edfb1c66fb8903c78663c9afc45aea4f116125fa6feffd364cf09443e8\windows-amd64;C:\Users\Dark Knight\AppData\Local\Temp\native-platform7490907806019628379dir

VM Arguments:
jvm_args: --add-opens=java.base/java.util=ALL-UNNAMED --add-opens=java.base/java.lang=ALL-UNNAMED --add-opens=java.base/java.lang.invoke=ALL-UNNAMED --add-opens=java.base/java.util=ALL-UNNAMED --add-opens=java.prefs/java.util.prefs=ALL-UNNAMED --add-opens=java.prefs/java.util.prefs=ALL-UNNAMED --add-opens=java.base/java.nio.charset=ALL-UNNAMED --add-opens=java.base/java.net=ALL-UNNAMED --add-opens=java.base/java.util.concurrent.atomic=ALL-UNNAMED -Xmx2048m -Dfile.encoding=UTF-8 -Duser.country=IN -Duser.language=en -Duser.variant 
java_command: org.gradle.launcher.daemon.bootstrap.GradleDaemon 7.0.2
java_class_path (initial): C:\Users\Dark Knight\.gradle\wrapper\dists\gradle-7.0.2-bin\857tjihv64xamwrf0h14cai3r\gradle-7.0.2\lib\gradle-launcher-7.0.2.jar
Launcher Type: SUN_STANDARD

[Global flags]
     intx CICompilerCount                          = 4                                         {product} {ergonomic}
     uint ConcGCThreads                            = 2                                         {product} {ergonomic}
     uint G1ConcRefinementThreads                  = 8                                         {product} {ergonomic}
   size_t G1HeapRegionSize                         = 1048576                                   {product} {ergonomic}
    uintx GCDrainStackTargetSize                   = 64                                        {product} {ergonomic}
   size_t InitialHeapSize                          = 134217728                                 {product} {ergonomic}
   size_t MarkStackSize                            = 4194304                                   {product} {ergonomic}
   size_t MaxHeapSize                              = 2147483648                                {product} {command line}
   size_t MaxNewSize                               = 1287651328                                {product} {ergonomic}
   size_t MinHeapDeltaBytes                        = 1048576                                   {product} {ergonomic}
    uintx NonNMethodCodeHeapSize                   = 5836300                                {pd product} {ergonomic}
    uintx NonProfiledCodeHeapSize                  = 122910970                              {pd product} {ergonomic}
    uintx ProfiledCodeHeapSize                     = 122910970                              {pd product} {ergonomic}
    uintx ReservedCodeCacheSize                    = 251658240                              {pd product} {ergonomic}
     bool SegmentedCodeCache                       = true                                      {product} {ergonomic}
     bool UseCompressedClassPointers               = true                                 {lp64_product} {ergonomic}
     bool UseCompressedOops                        = true                                 {lp64_product} {ergonomic}
     bool UseG1GC                                  = true                                      {product} {ergonomic}
     bool UseLargePagesIndividualAllocation        = false                                  {pd product} {ergonomic}

Logging:
Log output configuration:
 #0: stdout all=warning uptime,level,tags
 #1: stderr all=off uptime,level,tags

Environment Variables:
PATH=C:\Windows\system32;C:\Windows;C:\Windows\System32\Wbem;C:\Windows\System32\WindowsPowerShell\v1.0\;C:\Windows\System32\OpenSSH\;C:\Program Files (x86)\NVIDIA Corporation\PhysX\Common;C:\Program Files\NVIDIA Corporation\NVIDIA NvDLISR;C:\WINDOWS\system32;C:\WINDOWS;C:\WINDOWS\System32\Wbem;C:\WINDOWS\System32\WindowsPowerShell\v1.0\;C:\WINDOWS\System32\OpenSSH\;C:\MinGW\bin;C:\Program Files\MEGA-X;C:\WINDOWS\system32;C:\WINDOWS;C:\WINDOWS\System32\Wbem;C:\WINDOWS\System32\WindowsPowerShell\v1.0\;C:\WINDOWS\System32\OpenSSH\;C:\Program Files\Git\cmd;C:\Users\Dark Knight\AppData\Local\Microsoft\WindowsApps;C:\Users\Dark Knight\AppData\Local\atom\bin;C:\MinGW\bin;C:\Program Files (x86)\Microsoft Visual Studio\2019\BuildTools\MSBuild\Current\Bin;C:\Users\Dark Knight\AppData\Local\Microsoft\WindowsApps
USERNAME=Dark Knight
OS=Windows_NT
PROCESSOR_IDENTIFIER=Intel64 Family 6 Model 158 Stepping 10, GenuineIntel



---------------  S Y S T E M  ---------------

OS: Windows 10 , 64 bit Build 19041 (10.0.19041.1151)
OS uptime: 17 days 21:50 hours

CPU:total 8 (initial active 8) (4 cores per cpu, 2 threads per core) family 6 model 158 stepping 10, cmov, cx8, fxsr, mmx, sse, sse2, sse3, ssse3, sse4.1, sse4.2, popcnt, avx, avx2, aes, clmul, erms, 3dnowpref, lzcnt, ht, tsc, tscinvbit, bmi1, bmi2, adx, fma

Memory: 4k page, system-wide physical 8072M (778M free)
TotalPageFile size 12168M (AvailPageFile size 4M)
current process WorkingSet (physical memory assigned to process): 405M, peak: 440M
current process commit charge ("private bytes"): 441M, peak: 476M

vm_info: OpenJDK 64-Bit Server VM (11.0.8+10-b944.6842174) for windows-amd64 JRE (11.0.8+10-b944.6842174), built on Sep 19 2020 01:11:42 by "builder" with MS VC++ 14.0 (VS2015)

END.
