#
# There is insufficient memory for the Java Runtime Environment to continue.
# Native memory allocation (malloc) failed to allocate 1029216 bytes for Chunk::new
# Possible reasons:
#   The system is out of physical RAM or swap space
#   The process is running with CompressedOops enabled, and the Java Heap may be blocking the growth of the native heap
# Possible solutions:
#   Reduce memory load on the system
#   Increase physical memory or swap space
#   Check if swap backing store is full
#   Decrease Java heap size (-Xmx/-Xms)
#   Decrease number of Java threads
#   Decrease Java thread stack sizes (-Xss)
#   Set larger code cache with -XX:ReservedCodeCacheSize=
#   JVM is running with Unscaled Compressed Oops mode in which the Java heap is
#     placed in the first 4GB address space. The Java Heap base address is the
#     maximum limit for the native heap growth. Please use -XX:HeapBaseMinAddress
#     to set the Java Heap base and to place the Java Heap above 4GB virtual address.
# This output file may be truncated or incomplete.
#
#  Out of Memory Error (./src/hotspot/share/memory/arena.cpp:197), pid=16596, tid=18488
#
# JRE version: OpenJDK Runtime Environment (11.0.8+10) (build 11.0.8+10-b944.6842174)
# Java VM: OpenJDK 64-Bit Server VM (11.0.8+10-b944.6842174, mixed mode, tiered, compressed oops, g1 gc, windows-amd64)
# No core dump will be written. Minidumps are not enabled by default on client versions of Windows
#

---------------  S U M M A R Y ------------

Command Line: --add-opens=java.base/java.util=ALL-UNNAMED --add-opens=java.base/java.lang=ALL-UNNAMED --add-opens=java.base/java.lang.invoke=ALL-UNNAMED --add-opens=java.base/java.util=ALL-UNNAMED --add-opens=java.prefs/java.util.prefs=ALL-UNNAMED --add-opens=java.prefs/java.util.prefs=ALL-UNNAMED --add-opens=java.base/java.nio.charset=ALL-UNNAMED --add-opens=java.base/java.net=ALL-UNNAMED --add-opens=java.base/java.util.concurrent.atomic=ALL-UNNAMED -Xmx2048m -Dfile.encoding=UTF-8 -Duser.country=IN -Duser.language=en -Duser.variant org.gradle.launcher.daemon.bootstrap.GradleDaemon 7.0.2

Host: Intel(R) Core(TM) i5-9300H CPU @ 2.40GHz, 8 cores, 7G,  Windows 10 , 64 bit Build 19041 (10.0.19041.1151)
Time: Thu Aug 26 18:03:32 2021 India Standard Time elapsed time: 38 seconds (0d 0h 0m 38s)

---------------  T H R E A D  ---------------

Current thread (0x0000015eb7f38000):  JavaThread "C2 CompilerThread0" daemon [_thread_in_native, id=18488, stack(0x0000000801f00000,0x0000000802000000)]


Current CompileTask:
C2:  38753 13850 %     4       org.gradle.internal.instantiation.generator.AbstractClassGenerator::inspectType @ 107 (560 bytes)

Stack: [0x0000000801f00000,0x0000000802000000]
Native frames: (J=compiled Java code, j=interpreted, Vv=VM code, C=native code)
V  [jvm.dll+0x5de50a]
V  [jvm.dll+0x7122f5]
V  [jvm.dll+0x71384d]
V  [jvm.dll+0x713f03]
V  [jvm.dll+0x23e728]
V  [jvm.dll+0xb899c]
V  [jvm.dll+0xb8e9c]
V  [jvm.dll+0x2b20e4]
V  [jvm.dll+0x502098]
V  [jvm.dll+0x1f8df6]
V  [jvm.dll+0x1f685f]
V  [jvm.dll+0x17f32c]
V  [jvm.dll+0x205047]
V  [jvm.dll+0x203891]
V  [jvm.dll+0x6dad3f]
V  [jvm.dll+0x6d3895]
V  [jvm.dll+0x5dd4a6]
C  [ucrtbase.dll+0x21bb2]
C  [KERNEL32.DLL+0x17034]
C  [ntdll.dll+0x52651]


---------------  P R O C E S S  ---------------

Threads class SMR info:
_java_thread_list=0x0000015ebf3fa4c0, length=80, elements={
0x0000015e9b2f3800, 0x0000015eb75b3000, 0x0000015eb75b4000, 0x0000015eb7f35800,
0x0000015eb7f37000, 0x0000015eb7f38000, 0x0000015eb7f3c800, 0x0000015eb7f3e000,
0x0000015eb807c000, 0x0000015eb807d800, 0x0000015eba9a5800, 0x0000015eb98c7000,
0x0000015eba5db000, 0x0000015eba21c000, 0x0000015eb9f32800, 0x0000015eba33a800,
0x0000015eb9d4b800, 0x0000015eb9f46000, 0x0000015eba9bd000, 0x0000015eb93dd000,
0x0000015eba32e000, 0x0000015eba32c800, 0x0000015eba32b000, 0x0000015eba329800,
0x0000015eba32f000, 0x0000015eba32a000, 0x0000015eba32c000, 0x0000015eba32d800,
0x0000015eba330000, 0x0000015ebaaea000, 0x0000015ebaae9000, 0x0000015ebaaeb800,
0x0000015ebaae8800, 0x0000015ebaaee000, 0x0000015ebaaea800, 0x0000015ebb767800,
0x0000015ebb768800, 0x0000015ebb766000, 0x0000015ebb769000, 0x0000015ebb76a000,
0x0000015ebb766800, 0x0000015ebb764800, 0x0000015ebb76b000, 0x0000015ebb765000,
0x0000015ebd603000, 0x0000015ebd604000, 0x0000015ebd602800, 0x0000015ebd605800,
0x0000015ebd604800, 0x0000015ebd607000, 0x0000015ec0cc4800, 0x0000015ec0cc3800,
0x0000015ec0cc2800, 0x0000015ec0cc5000, 0x0000015ec0cc0800, 0x0000015ec0cc6000,
0x0000015ec0cc7000, 0x0000015ec0cc1000, 0x0000015ec0cc7800, 0x0000015ec0cc2000,
0x0000015ec0ccb800, 0x0000015ec0cce000, 0x0000015ec0ccd800, 0x0000015ec0cc8800,
0x0000015ec0ccf000, 0x0000015ec0cc9800, 0x0000015ec0ccb000, 0x0000015ebb750800,
0x0000015ebb74d800, 0x0000015ebb74e000, 0x0000015ebb751800, 0x0000015ebb752000,
0x0000015ebb74c800, 0x0000015ebb750000, 0x0000015ebb74f000, 0x0000015ebb757000,
0x0000015ebb758000, 0x0000015ebb759000, 0x0000015ebb754000, 0x0000015ebb753000
}

Java Threads: ( => current thread )
  0x0000015e9b2f3800 JavaThread "main" [_thread_blocked, id=12736, stack(0x0000000801400000,0x0000000801500000)]
  0x0000015eb75b3000 JavaThread "Reference Handler" daemon [_thread_blocked, id=35588, stack(0x0000000801b00000,0x0000000801c00000)]
  0x0000015eb75b4000 JavaThread "Finalizer" daemon [_thread_blocked, id=22344, stack(0x0000000801c00000,0x0000000801d00000)]
  0x0000015eb7f35800 JavaThread "Signal Dispatcher" daemon [_thread_blocked, id=40912, stack(0x0000000801d00000,0x0000000801e00000)]
  0x0000015eb7f37000 JavaThread "Attach Listener" daemon [_thread_blocked, id=31300, stack(0x0000000801e00000,0x0000000801f00000)]
=>0x0000015eb7f38000 JavaThread "C2 CompilerThread0" daemon [_thread_in_native, id=18488, stack(0x0000000801f00000,0x0000000802000000)]
  0x0000015eb7f3c800 JavaThread "C1 CompilerThread0" daemon [_thread_blocked, id=19620, stack(0x0000000802000000,0x0000000802100000)]
  0x0000015eb7f3e000 JavaThread "Sweeper thread" daemon [_thread_blocked, id=39016, stack(0x0000000802100000,0x0000000802200000)]
  0x0000015eb807c000 JavaThread "Common-Cleaner" daemon [_thread_blocked, id=28280, stack(0x0000000802200000,0x0000000802300000)]
  0x0000015eb807d800 JavaThread "Service Thread" daemon [_thread_blocked, id=40800, stack(0x0000000802300000,0x0000000802400000)]
  0x0000015eba9a5800 JavaThread "Daemon health stats" [_thread_blocked, id=2556, stack(0x0000000802900000,0x0000000802a00000)]
  0x0000015eb98c7000 JavaThread "Incoming local TCP Connector on port 51835" [_thread_in_native, id=40408, stack(0x0000000802500000,0x0000000802600000)]
  0x0000015eba5db000 JavaThread "Daemon periodic checks" [_thread_blocked, id=24676, stack(0x0000000802600000,0x0000000802700000)]
  0x0000015eba21c000 JavaThread "Daemon" [_thread_blocked, id=19068, stack(0x0000000802a00000,0x0000000802b00000)]
  0x0000015eb9f32800 JavaThread "Handler for socket connection from /127.0.0.1:51835 to /127.0.0.1:51836" [_thread_in_native, id=35912, stack(0x0000000802b00000,0x0000000802c00000)]
  0x0000015eba33a800 JavaThread "Cancel handler" [_thread_blocked, id=15456, stack(0x0000000802c00000,0x0000000802d00000)]
  0x0000015eb9d4b800 JavaThread "Daemon worker" [_thread_blocked, id=20248, stack(0x0000000802d00000,0x0000000802e00000)]
  0x0000015eb9f46000 JavaThread "Asynchronous log dispatcher for DefaultDaemonConnection: socket connection from /127.0.0.1:51835 to /127.0.0.1:51836" [_thread_blocked, id=38328, stack(0x0000000802e00000,0x0000000802f00000)]
  0x0000015eba9bd000 JavaThread "Stdin handler" [_thread_blocked, id=34720, stack(0x0000000802f00000,0x0000000803000000)]
  0x0000015eb93dd000 JavaThread "Daemon client event forwarder" [_thread_blocked, id=39600, stack(0x0000000803000000,0x0000000803100000)]
  0x0000015eba32e000 JavaThread "Cache worker for file hash cache (C:\Users\Dark Knight\.gradle\caches\7.0.2\fileHashes)" [_thread_blocked, id=35064, stack(0x0000000803600000,0x0000000803700000)]
  0x0000015eba32c800 JavaThread "File lock request listener" [_thread_in_native, id=21332, stack(0x0000000803700000,0x0000000803800000)]
  0x0000015eba32b000 JavaThread "Cache worker for journal cache (C:\Users\Dark Knight\.gradle\caches\journal-1)" [_thread_blocked, id=12436, stack(0x0000000803900000,0x0000000803a00000)]
  0x0000015eba329800 JavaThread "Cache worker for file hash cache (C:\Android Projects\Udemy TUTORIAL\7MinuteWorkout2\.gradle\7.0.2\fileHashes)" [_thread_blocked, id=40556, stack(0x0000000803c00000,0x0000000803d00000)]
  0x0000015eba32f000 JavaThread "File watcher server" daemon [_thread_in_native, id=29868, stack(0x0000000803d00000,0x0000000803e00000)]
  0x0000015eba32a000 JavaThread "File watcher consumer" daemon [_thread_blocked, id=39128, stack(0x0000000803e00000,0x0000000803f00000)]
  0x0000015eba32c000 JavaThread "Cache worker for checksums cache (C:\Android Projects\Udemy TUTORIAL\7MinuteWorkout2\.gradle\checksums)" [_thread_blocked, id=35528, stack(0x0000000803f00000,0x0000000804000000)]
  0x0000015eba32d800 JavaThread "Cache worker for cache directory md-supplier (C:\Users\Dark Knight\.gradle\caches\7.0.2\md-supplier)" [_thread_blocked, id=31332, stack(0x0000000804000000,0x0000000804100000)]
  0x0000015eba330000 JavaThread "Cache worker for cache directory md-rule (C:\Users\Dark Knight\.gradle\caches\7.0.2\md-rule)" [_thread_blocked, id=33200, stack(0x0000000804100000,0x0000000804200000)]
  0x0000015ebaaea000 JavaThread "Cache worker for execution history cache (C:\Users\Dark Knight\.gradle\caches\7.0.2\executionHistory)" [_thread_blocked, id=39232, stack(0x0000000804200000,0x0000000804300000)]
  0x0000015ebaae9000 JavaThread "jar transforms" [_thread_blocked, id=9636, stack(0x0000000804300000,0x0000000804400000)]
  0x0000015ebaaeb800 JavaThread "jar transforms Thread 2" [_thread_blocked, id=17488, stack(0x0000000804400000,0x0000000804500000)]
  0x0000015ebaae8800 JavaThread "Cache worker for file content cache (C:\Users\Dark Knight\.gradle\caches\7.0.2\fileContent)" [_thread_blocked, id=33004, stack(0x0000000804500000,0x0000000804600000)]
  0x0000015ebaaee000 JavaThread "Cache worker for dependencies-accessors (C:\Android Projects\Udemy TUTORIAL\7MinuteWorkout2\.gradle\7.0.2\dependencies-accessors)" [_thread_blocked, id=40820, stack(0x0000000804600000,0x0000000804700000)]
  0x0000015ebaaea800 JavaThread "jar transforms Thread 3" [_thread_blocked, id=7000, stack(0x0000000804700000,0x0000000804800000)]
  0x0000015ebb767800 JavaThread "Cache worker for Build Output Cleanup Cache (C:\Android Projects\Udemy TUTORIAL\7MinuteWorkout2\.gradle\buildOutputCleanup)" [_thread_blocked, id=20508, stack(0x0000000804800000,0x0000000804900000)]
  0x0000015ebb768800 JavaThread "Build operations" [_thread_blocked, id=23360, stack(0x0000000804900000,0x0000000804a00000)]
  0x0000015ebb766000 JavaThread "Build operations Thread 2" [_thread_blocked, id=37620, stack(0x0000000804a00000,0x0000000804b00000)]
  0x0000015ebb769000 JavaThread "Build operations Thread 3" [_thread_blocked, id=40452, stack(0x0000000804b00000,0x0000000804c00000)]
  0x0000015ebb76a000 JavaThread "Build operations Thread 4" [_thread_blocked, id=38320, stack(0x0000000804c00000,0x0000000804d00000)]
  0x0000015ebb766800 JavaThread "Build operations Thread 5" [_thread_blocked, id=27272, stack(0x0000000804d00000,0x0000000804e00000)]
  0x0000015ebb764800 JavaThread "Build operations Thread 6" [_thread_blocked, id=34680, stack(0x0000000804e00000,0x0000000804f00000)]
  0x0000015ebb76b000 JavaThread "Build operations Thread 7" [_thread_blocked, id=24344, stack(0x0000000804f00000,0x0000000805000000)]
  0x0000015ebb765000 JavaThread "Build operations Thread 8" [_thread_blocked, id=39676, stack(0x0000000805000000,0x0000000805100000)]
  0x0000015ebd603000 JavaThread "jar transforms Thread 4" [_thread_blocked, id=24392, stack(0x0000000805100000,0x0000000805200000)]
  0x0000015ebd604000 JavaThread "jar transforms Thread 5" [_thread_blocked, id=38920, stack(0x0000000805200000,0x0000000805300000)]
  0x0000015ebd602800 JavaThread "jar transforms Thread 6" [_thread_blocked, id=32724, stack(0x0000000805300000,0x0000000805400000)]
  0x0000015ebd605800 JavaThread "jar transforms Thread 7" [_thread_blocked, id=26104, stack(0x0000000805400000,0x0000000805500000)]
  0x0000015ebd604800 JavaThread "jar transforms Thread 8" [_thread_blocked, id=26224, stack(0x0000000805500000,0x0000000805600000)]
  0x0000015ebd607000 JavaThread "Memory manager" [_thread_blocked, id=13864, stack(0x0000000805600000,0x0000000805700000)]
  0x0000015ec0cc4800 JavaThread "build event listener" [_thread_blocked, id=36688, stack(0x0000000805700000,0x0000000805800000)]
  0x0000015ec0cc3800 JavaThread "pool-3-thread-1" [_thread_blocked, id=9068, stack(0x0000000805800000,0x0000000805900000)]
  0x0000015ec0cc2800 JavaThread "build event listener" [_thread_blocked, id=30976, stack(0x0000000805900000,0x0000000805a00000)]
  0x0000015ec0cc5000 JavaThread "Execution worker for ':'" [_thread_blocked, id=36588, stack(0x0000000805a00000,0x0000000805b00000)]
  0x0000015ec0cc0800 JavaThread "Execution worker for ':' Thread 2" [_thread_blocked, id=29272, stack(0x0000000805b00000,0x0000000805c00000)]
  0x0000015ec0cc6000 JavaThread "Execution worker for ':' Thread 3" [_thread_blocked, id=29376, stack(0x0000000805c00000,0x0000000805d00000)]
  0x0000015ec0cc7000 JavaThread "Execution worker for ':' Thread 4" [_thread_blocked, id=29672, stack(0x0000000805d00000,0x0000000805e00000)]
  0x0000015ec0cc1000 JavaThread "Execution worker for ':' Thread 5" [_thread_blocked, id=37644, stack(0x0000000805e00000,0x0000000805f00000)]
  0x0000015ec0cc7800 JavaThread "Execution worker for ':' Thread 6" [_thread_blocked, id=30304, stack(0x0000000805f00000,0x0000000806000000)]
  0x0000015ec0cc2000 JavaThread "Execution worker for ':' Thread 7" [_thread_blocked, id=10480, stack(0x0000000806000000,0x0000000806100000)]
  0x0000015ec0ccb800 JavaThread "Cache worker for execution history cache (C:\Android Projects\Udemy TUTORIAL\7MinuteWorkout2\.gradle\7.0.2\executionHistory)" [_thread_blocked, id=25332, stack(0x0000000806100000,0x0000000806200000)]
  0x0000015ec0cce000 JavaThread "WorkerExecutor Queue" [_thread_blocked, id=4204, stack(0x0000000806200000,0x0000000806300000)]
  0x0000015ec0ccd800 JavaThread "WorkerExecutor Queue Thread 2" [_thread_blocked, id=39068, stack(0x0000000806300000,0x0000000806400000)]
  0x0000015ec0cc8800 JavaThread "pool-4-thread-1" [_thread_blocked, id=28960, stack(0x0000000806400000,0x0000000806500000)]
  0x0000015ec0ccf000 JavaThread "stderr" [_thread_in_native, id=24784, stack(0x0000000806500000,0x0000000806600000)]
  0x0000015ec0cc9800 JavaThread "stdout" [_thread_in_native, id=3512, stack(0x0000000806600000,0x0000000806700000)]
  0x0000015ec0ccb000 JavaThread "RMI Scheduler(0)" daemon [_thread_blocked, id=33688, stack(0x0000000803b00000,0x0000000803c00000)]
  0x0000015ebb750800 JavaThread "RMI GC Daemon" daemon [_thread_blocked, id=37080, stack(0x0000000806800000,0x0000000806900000)]
  0x0000015ebb74d800 JavaThread "RMI TCP Accept-0" daemon [_thread_in_native, id=10836, stack(0x0000000806900000,0x0000000806a00000)]
  0x0000015ebb74e000 JavaThread "RMI Reaper" [_thread_blocked, id=1452, stack(0x0000000806a00000,0x0000000806b00000)]
  0x0000015ebb751800 JavaThread "RMI TCP Connection(1)-127.0.0.1" daemon [_thread_in_native, id=37076, stack(0x0000000806b00000,0x0000000806c00000)]
  0x0000015ebb752000 JavaThread "Cache worker for Java compile cache (C:\Users\Dark Knight\.gradle\caches\7.0.2\javaCompile)" [_thread_blocked, id=30040, stack(0x0000000806700000,0x0000000806800000)]
  0x0000015ebb74c800 JavaThread "Cache worker for Java compile cache (C:\Android Projects\Udemy TUTORIAL\7MinuteWorkout2\.gradle\7.0.2\javaCompile)" [_thread_blocked, id=16760, stack(0x0000000806d00000,0x0000000806e00000)]
  0x0000015ebb750000 JavaThread "WorkerExecutor Queue Thread 3" [_thread_blocked, id=10996, stack(0x0000000806e00000,0x0000000806f00000)]
  0x0000015ebb74f000 JavaThread "WorkerExecutor Queue Thread 4" [_thread_in_Java, id=15428, stack(0x0000000806f00000,0x0000000807000000)]
  0x0000015ebb757000 JavaThread "WorkerExecutor Queue Thread 5" [_thread_blocked, id=18456, stack(0x0000000807000000,0x0000000807100000)]
  0x0000015ebb758000 JavaThread "WorkerExecutor Queue Thread 6" [_thread_blocked, id=40144, stack(0x0000000807100000,0x0000000807200000)]
  0x0000015ebb759000 JavaThread "WorkerExecutor Queue Thread 7" [_thread_blocked, id=18336, stack(0x0000000807200000,0x0000000807300000)]
  0x0000015ebb754000 JavaThread "WorkerExecutor Queue Thread 8" [_thread_blocked, id=34812, stack(0x0000000807300000,0x0000000807400000)]
  0x0000015ebb753000 JavaThread "WorkerExecutor Queue Thread 9" [_thread_blocked, id=32744, stack(0x0000000807400000,0x0000000807500000)]

Other Threads:
  0x0000015eb75ac800 VMThread "VM Thread" [stack: 0x0000000801a00000,0x0000000801b00000] [id=39964]
  0x0000015eb807e800 WatcherThread [stack: 0x0000000802400000,0x0000000802500000] [id=33080]
  0x0000015e9b307000 GCTaskThread "GC Thread#0" [stack: 0x0000000801500000,0x0000000801600000] [id=30752]
  0x0000015eb8ccc000 GCTaskThread "GC Thread#1" [stack: 0x0000000802700000,0x0000000802800000] [id=29352]
  0x0000015eb8460800 GCTaskThread "GC Thread#2" [stack: 0x0000000802800000,0x0000000802900000] [id=40016]
  0x0000015eb914a000 GCTaskThread "GC Thread#3" [stack: 0x0000000803100000,0x0000000803200000] [id=31236]
  0x0000015eba9bd800 GCTaskThread "GC Thread#4" [stack: 0x0000000803200000,0x0000000803300000] [id=32652]
  0x0000015eb93de000 GCTaskThread "GC Thread#5" [stack: 0x0000000803300000,0x0000000803400000] [id=28352]
  0x0000015eb8882000 GCTaskThread "GC Thread#6" [stack: 0x0000000803400000,0x0000000803500000] [id=20600]
  0x0000015eba9a3000 GCTaskThread "GC Thread#7" [stack: 0x0000000803500000,0x0000000803600000] [id=12064]
  0x0000015e9b338800 ConcurrentGCThread "G1 Main Marker" [stack: 0x0000000801600000,0x0000000801700000] [id=12664]
  0x0000015e9b33a000 ConcurrentGCThread "G1 Conc#0" [stack: 0x0000000801700000,0x0000000801800000] [id=39024]
  0x0000015eb9dcb000 ConcurrentGCThread "G1 Conc#1" [stack: 0x0000000803800000,0x0000000803900000] [id=18448]
  0x0000015e9b3c9000 ConcurrentGCThread "G1 Refine#0" [stack: 0x0000000801800000,0x0000000801900000] [id=20376]
  0x0000015eb7400800 ConcurrentGCThread "G1 Young RemSet Sampling" [stack: 0x0000000801900000,0x0000000801a00000] [id=16704]

Threads with active compile tasks:
C2 CompilerThread0  38783 13850 %     4       org.gradle.internal.instantiation.generator.AbstractClassGenerator::inspectType @ 107 (560 bytes)

VM state:not at safepoint (normal execution)

VM Mutex/Monitor currently owned by a thread:  ([mutex/lock_event])
[0x0000015e9b2f0840] OsrList_lock - owner thread: 0x0000000000000000

Heap address: 0x0000000080000000, size: 2048 MB, Compressed Oops mode: 32-bit
Narrow klass base: 0x0000000000000000, Narrow klass shift: 3
Compressed class space size: 1073741824 Address: 0x0000000100000000

Heap:
 garbage-first heap   total 189440K, used 124204K [0x0000000080000000, 0x0000000100000000)
  region size 1024K, 22 young (22528K), 2 survivors (2048K)
 Metaspace       used 109252K, capacity 112450K, committed 112640K, reserved 1146880K
  class space    used 14290K, capacity 15546K, committed 15616K, reserved 1048576K
Heap Regions: E=young(eden), S=young(survivor), O=old, HS=humongous(starts), HC=humongous(continues), CS=collection set, F=free, A=archive, TAMS=top-at-mark-start (previous, next)
|   0|0x0000000080000000, 0x0000000080100000, 0x0000000080100000|100%| O|  |TAMS 0x0000000080100000, 0x0000000080000000| Untracked 
|   1|0x0000000080100000, 0x0000000080200000, 0x0000000080200000|100%| O|  |TAMS 0x0000000080200000, 0x0000000080100000| Untracked 
|   2|0x0000000080200000, 0x0000000080300000, 0x0000000080300000|100%| O|  |TAMS 0x0000000080300000, 0x0000000080200000| Untracked 
|   3|0x0000000080300000, 0x0000000080400000, 0x0000000080400000|100%|HS|  |TAMS 0x0000000080400000, 0x0000000080300000| Complete 
|   4|0x0000000080400000, 0x0000000080500000, 0x0000000080500000|100%|HC|  |TAMS 0x0000000080500000, 0x0000000080400000| Complete 
|   5|0x0000000080500000, 0x0000000080600000, 0x0000000080600000|100%|HC|  |TAMS 0x0000000080600000, 0x0000000080500000| Complete 
|   6|0x0000000080600000, 0x0000000080700000, 0x0000000080700000|100%| O|  |TAMS 0x0000000080700000, 0x0000000080600000| Untracked 
|   7|0x0000000080700000, 0x0000000080800000, 0x0000000080800000|100%| O|  |TAMS 0x0000000080800000, 0x0000000080700000| Untracked 
|   8|0x0000000080800000, 0x0000000080900000, 0x0000000080900000|100%| O|  |TAMS 0x0000000080900000, 0x0000000080800000| Untracked 
|   9|0x0000000080900000, 0x0000000080a00000, 0x0000000080a00000|100%| O|  |TAMS 0x0000000080a00000, 0x0000000080900000| Untracked 
|  10|0x0000000080a00000, 0x0000000080b00000, 0x0000000080b00000|100%| O|  |TAMS 0x0000000080b00000, 0x0000000080a00000| Untracked 
|  11|0x0000000080b00000, 0x0000000080c00000, 0x0000000080c00000|100%| O|  |TAMS 0x0000000080c00000, 0x0000000080b00000| Untracked 
|  12|0x0000000080c00000, 0x0000000080d00000, 0x0000000080d00000|100%| O|  |TAMS 0x0000000080d00000, 0x0000000080c00000| Untracked 
|  13|0x0000000080d00000, 0x0000000080e00000, 0x0000000080e00000|100%| O|  |TAMS 0x0000000080e00000, 0x0000000080d00000| Untracked 
|  14|0x0000000080e00000, 0x0000000080f00000, 0x0000000080f00000|100%| O|  |TAMS 0x0000000080f00000, 0x0000000080e00000| Untracked 
|  15|0x0000000080f00000, 0x0000000081000000, 0x0000000081000000|100%| O|  |TAMS 0x0000000081000000, 0x0000000080f00000| Untracked 
|  16|0x0000000081000000, 0x0000000081100000, 0x0000000081100000|100%|HS|  |TAMS 0x0000000081100000, 0x0000000081000000| Complete 
|  17|0x0000000081100000, 0x0000000081200000, 0x0000000081200000|100%| O|  |TAMS 0x0000000081200000, 0x0000000081100000| Untracked 
|  18|0x0000000081200000, 0x0000000081300000, 0x0000000081300000|100%| O|  |TAMS 0x0000000081300000, 0x0000000081200000| Untracked 
|  19|0x0000000081300000, 0x0000000081400000, 0x0000000081400000|100%| O|  |TAMS 0x0000000081400000, 0x0000000081300000| Untracked 
|  20|0x0000000081400000, 0x0000000081500000, 0x0000000081500000|100%| O|  |TAMS 0x0000000081500000, 0x0000000081400000| Untracked 
|  21|0x0000000081500000, 0x0000000081600000, 0x0000000081600000|100%| O|  |TAMS 0x0000000081600000, 0x0000000081500000| Untracked 
|  22|0x0000000081600000, 0x0000000081700000, 0x0000000081700000|100%| O|  |TAMS 0x0000000081700000, 0x0000000081600000| Untracked 
|  23|0x0000000081700000, 0x0000000081800000, 0x0000000081800000|100%| O|  |TAMS 0x0000000081800000, 0x0000000081700000| Untracked 
|  24|0x0000000081800000, 0x0000000081900000, 0x0000000081900000|100%| O|  |TAMS 0x0000000081900000, 0x0000000081800000| Untracked 
|  25|0x0000000081900000, 0x0000000081a00000, 0x0000000081a00000|100%| O|  |TAMS 0x0000000081a00000, 0x0000000081900000| Untracked 
|  26|0x0000000081a00000, 0x0000000081b00000, 0x0000000081b00000|100%| O|  |TAMS 0x0000000081b00000, 0x0000000081a00000| Untracked 
|  27|0x0000000081b00000, 0x0000000081c00000, 0x0000000081c00000|100%|HS|  |TAMS 0x0000000081c00000, 0x0000000081b00000| Complete 
|  28|0x0000000081c00000, 0x0000000081d00000, 0x0000000081d00000|100%|HS|  |TAMS 0x0000000081d00000, 0x0000000081c00000| Complete 
|  29|0x0000000081d00000, 0x0000000081e00000, 0x0000000081e00000|100%|HC|  |TAMS 0x0000000081e00000, 0x0000000081d00000| Complete 
|  30|0x0000000081e00000, 0x0000000081f00000, 0x0000000081f00000|100%|HC|  |TAMS 0x0000000081f00000, 0x0000000081e00000| Complete 
|  31|0x0000000081f00000, 0x0000000082000000, 0x0000000082000000|100%|HS|  |TAMS 0x0000000082000000, 0x0000000081f00000| Complete 
|  32|0x0000000082000000, 0x0000000082100000, 0x0000000082100000|100%|HC|  |TAMS 0x0000000082100000, 0x0000000082000000| Complete 
|  33|0x0000000082100000, 0x0000000082200000, 0x0000000082200000|100%| O|  |TAMS 0x0000000082200000, 0x0000000082100000| Untracked 
|  34|0x0000000082200000, 0x0000000082300000, 0x0000000082300000|100%| O|  |TAMS 0x0000000082300000, 0x0000000082200000| Untracked 
|  35|0x0000000082300000, 0x0000000082400000, 0x0000000082400000|100%| O|  |TAMS 0x0000000082400000, 0x0000000082300000| Untracked 
|  36|0x0000000082400000, 0x0000000082500000, 0x0000000082500000|100%| O|  |TAMS 0x0000000082500000, 0x0000000082400000| Untracked 
|  37|0x0000000082500000, 0x0000000082600000, 0x0000000082600000|100%| O|  |TAMS 0x0000000082600000, 0x0000000082500000| Untracked 
|  38|0x0000000082600000, 0x0000000082700000, 0x0000000082700000|100%| O|  |TAMS 0x0000000082700000, 0x0000000082600000| Untracked 
|  39|0x0000000082700000, 0x0000000082800000, 0x0000000082800000|100%| O|  |TAMS 0x0000000082800000, 0x0000000082700000| Untracked 
|  40|0x0000000082800000, 0x0000000082900000, 0x0000000082900000|100%| O|  |TAMS 0x0000000082900000, 0x0000000082800000| Untracked 
|  41|0x0000000082900000, 0x0000000082a00000, 0x0000000082a00000|100%| O|  |TAMS 0x0000000082a00000, 0x0000000082900000| Untracked 
|  42|0x0000000082a00000, 0x0000000082b00000, 0x0000000082b00000|100%| O|  |TAMS 0x0000000082b00000, 0x0000000082a00000| Untracked 
|  43|0x0000000082b00000, 0x0000000082c00000, 0x0000000082c00000|100%| O|  |TAMS 0x0000000082c00000, 0x0000000082b00000| Untracked 
|  44|0x0000000082c00000, 0x0000000082d00000, 0x0000000082d00000|100%| O|  |TAMS 0x0000000082d00000, 0x0000000082c00000| Untracked 
|  45|0x0000000082d00000, 0x0000000082e00000, 0x0000000082e00000|100%| O|  |TAMS 0x0000000082e00000, 0x0000000082d00000| Untracked 
|  46|0x0000000082e00000, 0x0000000082f00000, 0x0000000082f00000|100%| O|  |TAMS 0x0000000082f00000, 0x0000000082e00000| Untracked 
|  47|0x0000000082f00000, 0x0000000083000000, 0x0000000083000000|100%| O|  |TAMS 0x0000000083000000, 0x0000000082f00000| Untracked 
|  48|0x0000000083000000, 0x0000000083100000, 0x0000000083100000|100%| O|  |TAMS 0x0000000083100000, 0x0000000083000000| Untracked 
|  49|0x0000000083100000, 0x0000000083200000, 0x0000000083200000|100%| O|  |TAMS 0x0000000083200000, 0x0000000083100000| Untracked 
|  50|0x0000000083200000, 0x0000000083300000, 0x0000000083300000|100%| O|  |TAMS 0x0000000083300000, 0x0000000083200000| Untracked 
|  51|0x0000000083300000, 0x0000000083400000, 0x0000000083400000|100%| O|  |TAMS 0x0000000083400000, 0x0000000083300000| Untracked 
|  52|0x0000000083400000, 0x0000000083500000, 0x0000000083500000|100%| O|  |TAMS 0x0000000083500000, 0x0000000083400000| Untracked 
|  53|0x0000000083500000, 0x0000000083600000, 0x0000000083600000|100%| O|  |TAMS 0x0000000083600000, 0x0000000083500000| Untracked 
|  54|0x0000000083600000, 0x0000000083700000, 0x0000000083700000|100%| O|  |TAMS 0x0000000083700000, 0x0000000083600000| Untracked 
|  55|0x0000000083700000, 0x0000000083800000, 0x0000000083800000|100%| O|  |TAMS 0x0000000083800000, 0x0000000083700000| Untracked 
|  56|0x0000000083800000, 0x0000000083900000, 0x0000000083900000|100%| O|  |TAMS 0x0000000083900000, 0x0000000083800000| Untracked 
|  57|0x0000000083900000, 0x0000000083a00000, 0x0000000083a00000|100%| O|  |TAMS 0x0000000083a00000, 0x0000000083900000| Untracked 
|  58|0x0000000083a00000, 0x0000000083b00000, 0x0000000083b00000|100%| O|  |TAMS 0x0000000083b00000, 0x0000000083a00000| Untracked 
|  59|0x0000000083b00000, 0x0000000083c00000, 0x0000000083c00000|100%| O|  |TAMS 0x0000000083c00000, 0x0000000083b00000| Untracked 
|  60|0x0000000083c00000, 0x0000000083d00000, 0x0000000083d00000|100%| O|  |TAMS 0x0000000083d00000, 0x0000000083c00000| Untracked 
|  61|0x0000000083d00000, 0x0000000083e00000, 0x0000000083e00000|100%| O|  |TAMS 0x0000000083e00000, 0x0000000083d00000| Untracked 
|  62|0x0000000083e00000, 0x0000000083f00000, 0x0000000083f00000|100%| O|  |TAMS 0x0000000083f00000, 0x0000000083e00000| Untracked 
|  63|0x0000000083f00000, 0x0000000084000000, 0x0000000084000000|100%| O|  |TAMS 0x0000000084000000, 0x0000000083f00000| Untracked 
|  64|0x0000000084000000, 0x0000000084100000, 0x0000000084100000|100%| O|  |TAMS 0x0000000084100000, 0x0000000084000000| Untracked 
|  65|0x0000000084100000, 0x0000000084200000, 0x0000000084200000|100%| O|  |TAMS 0x0000000084200000, 0x0000000084100000| Untracked 
|  66|0x0000000084200000, 0x0000000084300000, 0x0000000084300000|100%| O|  |TAMS 0x0000000084300000, 0x0000000084200000| Untracked 
|  67|0x0000000084300000, 0x0000000084400000, 0x0000000084400000|100%| O|  |TAMS 0x0000000084400000, 0x0000000084300000| Untracked 
|  68|0x0000000084400000, 0x0000000084500000, 0x0000000084500000|100%| O|  |TAMS 0x0000000084500000, 0x0000000084400000| Untracked 
|  69|0x0000000084500000, 0x0000000084600000, 0x0000000084600000|100%| O|  |TAMS 0x0000000084600000, 0x0000000084500000| Untracked 
|  70|0x0000000084600000, 0x0000000084700000, 0x0000000084700000|100%| O|  |TAMS 0x0000000084700000, 0x0000000084600000| Untracked 
|  71|0x0000000084700000, 0x0000000084800000, 0x0000000084800000|100%| O|  |TAMS 0x0000000084800000, 0x0000000084700000| Untracked 
|  72|0x0000000084800000, 0x0000000084900000, 0x0000000084900000|100%| O|  |TAMS 0x0000000084900000, 0x0000000084800000| Untracked 
|  73|0x0000000084900000, 0x0000000084a00000, 0x0000000084a00000|100%| O|  |TAMS 0x0000000084a00000, 0x0000000084900000| Untracked 
|  74|0x0000000084a00000, 0x0000000084b00000, 0x0000000084b00000|100%| O|  |TAMS 0x0000000084b00000, 0x0000000084a00000| Untracked 
|  75|0x0000000084b00000, 0x0000000084c00000, 0x0000000084c00000|100%| O|  |TAMS 0x0000000084c00000, 0x0000000084b00000| Untracked 
|  76|0x0000000084c00000, 0x0000000084d00000, 0x0000000084d00000|100%| O|  |TAMS 0x0000000084d00000, 0x0000000084c00000| Untracked 
|  77|0x0000000084d00000, 0x0000000084e00000, 0x0000000084e00000|100%| O|  |TAMS 0x0000000084e00000, 0x0000000084d00000| Untracked 
|  78|0x0000000084e00000, 0x0000000084f00000, 0x0000000084f00000|100%| O|  |TAMS 0x0000000084f00000, 0x0000000084e00000| Untracked 
|  79|0x0000000084f00000, 0x0000000085000000, 0x0000000085000000|100%| O|  |TAMS 0x0000000085000000, 0x0000000084f00000| Untracked 
|  80|0x0000000085000000, 0x0000000085100000, 0x0000000085100000|100%| O|  |TAMS 0x0000000085100000, 0x0000000085000000| Untracked 
|  81|0x0000000085100000, 0x0000000085200000, 0x0000000085200000|100%| O|  |TAMS 0x0000000085200000, 0x0000000085100000| Untracked 
|  82|0x0000000085200000, 0x0000000085300000, 0x0000000085300000|100%| O|  |TAMS 0x0000000085300000, 0x0000000085200000| Untracked 
|  83|0x0000000085300000, 0x0000000085400000, 0x0000000085400000|100%| O|  |TAMS 0x0000000085400000, 0x0000000085300000| Untracked 
|  84|0x0000000085400000, 0x0000000085500000, 0x0000000085500000|100%| O|  |TAMS 0x0000000085500000, 0x0000000085400000| Untracked 
|  85|0x0000000085500000, 0x0000000085600000, 0x0000000085600000|100%| O|  |TAMS 0x0000000085600000, 0x0000000085500000| Untracked 
|  86|0x0000000085600000, 0x0000000085700000, 0x0000000085700000|100%| O|  |TAMS 0x0000000085700000, 0x0000000085600000| Untracked 
|  87|0x0000000085700000, 0x0000000085800000, 0x0000000085800000|100%| O|  |TAMS 0x0000000085800000, 0x0000000085700000| Untracked 
|  88|0x0000000085800000, 0x0000000085900000, 0x0000000085900000|100%| O|  |TAMS 0x0000000085900000, 0x0000000085800000| Untracked 
|  89|0x0000000085900000, 0x0000000085a00000, 0x0000000085a00000|100%| O|  |TAMS 0x0000000085a00000, 0x0000000085900000| Untracked 
|  90|0x0000000085a00000, 0x0000000085b00000, 0x0000000085b00000|100%| O|  |TAMS 0x0000000085b00000, 0x0000000085a00000| Untracked 
|  91|0x0000000085b00000, 0x0000000085c00000, 0x0000000085c00000|100%| O|  |TAMS 0x0000000085c00000, 0x0000000085b00000| Untracked 
|  92|0x0000000085c00000, 0x0000000085c00000, 0x0000000085d00000|  0%| F|  |TAMS 0x0000000085c00000, 0x0000000085c00000| Untracked 
|  93|0x0000000085d00000, 0x0000000085e00000, 0x0000000085e00000|100%| O|  |TAMS 0x0000000085e00000, 0x0000000085d00000| Untracked 
|  94|0x0000000085e00000, 0x0000000085f00000, 0x0000000085f00000|100%| O|  |TAMS 0x0000000085f00000, 0x0000000085e00000| Untracked 
|  95|0x0000000085f00000, 0x0000000086000000, 0x0000000086000000|100%| O|  |TAMS 0x0000000085f7f600, 0x0000000085f00000| Untracked 
|  96|0x0000000086000000, 0x0000000086000000, 0x0000000086100000|  0%| F|  |TAMS 0x0000000086000000, 0x0000000086000000| Untracked 
|  97|0x0000000086100000, 0x0000000086200000, 0x0000000086200000|100%| O|  |TAMS 0x0000000086100000, 0x0000000086100000| Untracked 
|  98|0x0000000086200000, 0x0000000086300000, 0x0000000086300000|100%| O|  |TAMS 0x0000000086200000, 0x0000000086200000| Untracked 
|  99|0x0000000086300000, 0x0000000086400000, 0x0000000086400000|100%| O|  |TAMS 0x0000000086300000, 0x0000000086300000| Untracked 
| 100|0x0000000086400000, 0x0000000086500000, 0x0000000086500000|100%| O|  |TAMS 0x0000000086400000, 0x0000000086400000| Untracked 
| 101|0x0000000086500000, 0x0000000086600000, 0x0000000086600000|100%| O|  |TAMS 0x0000000086500000, 0x0000000086500000| Untracked 
| 102|0x0000000086600000, 0x0000000086700000, 0x0000000086700000|100%| O|  |TAMS 0x0000000086600000, 0x0000000086600000| Untracked 
| 103|0x0000000086700000, 0x0000000086700000, 0x0000000086800000|  0%| F|  |TAMS 0x0000000086700000, 0x0000000086700000| Untracked 
| 104|0x0000000086800000, 0x0000000086900000, 0x0000000086900000|100%| O|  |TAMS 0x0000000086800000, 0x0000000086800000| Untracked 
| 105|0x0000000086900000, 0x0000000086921c00, 0x0000000086a00000| 13%| O|  |TAMS 0x0000000086900000, 0x0000000086900000| Untracked 
| 106|0x0000000086a00000, 0x0000000086a00000, 0x0000000086b00000|  0%| F|  |TAMS 0x0000000086a00000, 0x0000000086a00000| Untracked 
| 107|0x0000000086b00000, 0x0000000086b00000, 0x0000000086c00000|  0%| F|  |TAMS 0x0000000086b00000, 0x0000000086b00000| Untracked 
| 108|0x0000000086c00000, 0x0000000086c00000, 0x0000000086d00000|  0%| F|  |TAMS 0x0000000086c00000, 0x0000000086c00000| Untracked 
| 109|0x0000000086d00000, 0x0000000086d00000, 0x0000000086e00000|  0%| F|  |TAMS 0x0000000086d00000, 0x0000000086d00000| Untracked 
| 110|0x0000000086e00000, 0x0000000086e00000, 0x0000000086f00000|  0%| F|  |TAMS 0x0000000086e00000, 0x0000000086e00000| Untracked 
| 111|0x0000000086f00000, 0x0000000086f00000, 0x0000000087000000|  0%| F|  |TAMS 0x0000000086f00000, 0x0000000086f00000| Untracked 
| 112|0x0000000087000000, 0x0000000087000000, 0x0000000087100000|  0%| F|  |TAMS 0x0000000087000000, 0x0000000087000000| Untracked 
| 113|0x0000000087100000, 0x0000000087100000, 0x0000000087200000|  0%| F|  |TAMS 0x0000000087100000, 0x0000000087100000| Untracked 
| 114|0x0000000087200000, 0x0000000087200000, 0x0000000087300000|  0%| F|  |TAMS 0x0000000087200000, 0x0000000087200000| Untracked 
| 115|0x0000000087300000, 0x0000000087300000, 0x0000000087400000|  0%| F|  |TAMS 0x0000000087300000, 0x0000000087300000| Untracked 
| 116|0x0000000087400000, 0x0000000087400000, 0x0000000087500000|  0%| F|  |TAMS 0x0000000087400000, 0x0000000087400000| Untracked 
| 117|0x0000000087500000, 0x0000000087500000, 0x0000000087600000|  0%| F|  |TAMS 0x0000000087500000, 0x0000000087500000| Untracked 
| 118|0x0000000087600000, 0x0000000087600000, 0x0000000087700000|  0%| F|  |TAMS 0x0000000087600000, 0x0000000087600000| Untracked 
| 119|0x0000000087700000, 0x0000000087700000, 0x0000000087800000|  0%| F|  |TAMS 0x0000000087700000, 0x0000000087700000| Untracked 
| 120|0x0000000087800000, 0x0000000087800000, 0x0000000087900000|  0%| F|  |TAMS 0x0000000087800000, 0x0000000087800000| Untracked 
| 121|0x0000000087900000, 0x0000000087900000, 0x0000000087a00000|  0%| F|  |TAMS 0x0000000087900000, 0x0000000087900000| Untracked 
| 122|0x0000000087a00000, 0x0000000087a00000, 0x0000000087b00000|  0%| F|  |TAMS 0x0000000087a00000, 0x0000000087a00000| Untracked 
| 123|0x0000000087b00000, 0x0000000087b00000, 0x0000000087c00000|  0%| F|  |TAMS 0x0000000087b00000, 0x0000000087b00000| Untracked 
| 124|0x0000000087c00000, 0x0000000087c00000, 0x0000000087d00000|  0%| F|  |TAMS 0x0000000087c00000, 0x0000000087c00000| Untracked 
| 125|0x0000000087d00000, 0x0000000087d00000, 0x0000000087e00000|  0%| F|  |TAMS 0x0000000087d00000, 0x0000000087d00000| Untracked 
| 126|0x0000000087e00000, 0x0000000087e00000, 0x0000000087f00000|  0%| F|  |TAMS 0x0000000087e00000, 0x0000000087e00000| Untracked 
| 127|0x0000000087f00000, 0x0000000087f00000, 0x0000000088000000|  0%| F|  |TAMS 0x0000000087f00000, 0x0000000087f00000| Untracked 
| 128|0x0000000088000000, 0x0000000088000000, 0x0000000088100000|  0%| F|  |TAMS 0x0000000088000000, 0x0000000088000000| Untracked 
| 129|0x0000000088100000, 0x0000000088100000, 0x0000000088200000|  0%| F|  |TAMS 0x0000000088100000, 0x0000000088100000| Untracked 
| 130|0x0000000088200000, 0x0000000088200000, 0x0000000088300000|  0%| F|  |TAMS 0x0000000088200000, 0x0000000088200000| Untracked 
| 131|0x0000000088300000, 0x0000000088300000, 0x0000000088400000|  0%| F|  |TAMS 0x0000000088300000, 0x0000000088300000| Untracked 
| 132|0x0000000088400000, 0x0000000088400000, 0x0000000088500000|  0%| F|  |TAMS 0x0000000088400000, 0x0000000088400000| Untracked 
| 133|0x0000000088500000, 0x0000000088500000, 0x0000000088600000|  0%| F|  |TAMS 0x0000000088500000, 0x0000000088500000| Untracked 
| 134|0x0000000088600000, 0x0000000088600000, 0x0000000088700000|  0%| F|  |TAMS 0x0000000088600000, 0x0000000088600000| Untracked 
| 135|0x0000000088700000, 0x0000000088700000, 0x0000000088800000|  0%| F|  |TAMS 0x0000000088700000, 0x0000000088700000| Untracked 
| 136|0x0000000088800000, 0x0000000088800000, 0x0000000088900000|  0%| F|  |TAMS 0x0000000088800000, 0x0000000088800000| Untracked 
| 137|0x0000000088900000, 0x0000000088900000, 0x0000000088a00000|  0%| F|  |TAMS 0x0000000088900000, 0x0000000088900000| Untracked 
| 138|0x0000000088a00000, 0x0000000088a00000, 0x0000000088b00000|  0%| F|  |TAMS 0x0000000088a00000, 0x0000000088a00000| Untracked 
| 139|0x0000000088b00000, 0x0000000088b00000, 0x0000000088c00000|  0%| F|  |TAMS 0x0000000088b00000, 0x0000000088b00000| Untracked 
| 140|0x0000000088c00000, 0x0000000088c00000, 0x0000000088d00000|  0%| F|  |TAMS 0x0000000088c00000, 0x0000000088c00000| Untracked 
| 141|0x0000000088d00000, 0x0000000088d00000, 0x0000000088e00000|  0%| F|  |TAMS 0x0000000088d00000, 0x0000000088d00000| Untracked 
| 142|0x0000000088e00000, 0x0000000088e00000, 0x0000000088f00000|  0%| F|  |TAMS 0x0000000088e00000, 0x0000000088e00000| Untracked 
| 143|0x0000000088f00000, 0x0000000088f00000, 0x0000000089000000|  0%| F|  |TAMS 0x0000000088f00000, 0x0000000088f00000| Untracked 
| 144|0x0000000089000000, 0x0000000089000000, 0x0000000089100000|  0%| F|  |TAMS 0x0000000089000000, 0x0000000089000000| Untracked 
| 145|0x0000000089100000, 0x0000000089100000, 0x0000000089200000|  0%| F|  |TAMS 0x0000000089100000, 0x0000000089100000| Untracked 
| 146|0x0000000089200000, 0x0000000089200000, 0x0000000089300000|  0%| F|  |TAMS 0x0000000089200000, 0x0000000089200000| Untracked 
| 147|0x0000000089300000, 0x0000000089300000, 0x0000000089400000|  0%| F|  |TAMS 0x0000000089300000, 0x0000000089300000| Untracked 
| 148|0x0000000089400000, 0x0000000089400000, 0x0000000089500000|  0%| F|  |TAMS 0x0000000089400000, 0x0000000089400000| Untracked 
| 149|0x0000000089500000, 0x0000000089500000, 0x0000000089600000|  0%| F|  |TAMS 0x0000000089500000, 0x0000000089500000| Untracked 
| 150|0x0000000089600000, 0x0000000089600000, 0x0000000089700000|  0%| F|  |TAMS 0x0000000089600000, 0x0000000089600000| Untracked 
| 151|0x0000000089700000, 0x0000000089700000, 0x0000000089800000|  0%| F|  |TAMS 0x0000000089700000, 0x0000000089700000| Untracked 
| 152|0x0000000089800000, 0x0000000089800000, 0x0000000089900000|  0%| F|  |TAMS 0x0000000089800000, 0x0000000089800000| Untracked 
| 153|0x0000000089900000, 0x0000000089900000, 0x0000000089a00000|  0%| F|  |TAMS 0x0000000089900000, 0x0000000089900000| Untracked 
| 154|0x0000000089a00000, 0x0000000089a00000, 0x0000000089b00000|  0%| F|  |TAMS 0x0000000089a00000, 0x0000000089a00000| Untracked 
| 155|0x0000000089b00000, 0x0000000089b00000, 0x0000000089c00000|  0%| F|  |TAMS 0x0000000089b00000, 0x0000000089b00000| Untracked 
| 156|0x0000000089c00000, 0x0000000089c00000, 0x0000000089d00000|  0%| F|  |TAMS 0x0000000089c00000, 0x0000000089c00000| Untracked 
| 157|0x0000000089d00000, 0x0000000089d00000, 0x0000000089e00000|  0%| F|  |TAMS 0x0000000089d00000, 0x0000000089d00000| Untracked 
| 158|0x0000000089e00000, 0x0000000089e00000, 0x0000000089f00000|  0%| F|  |TAMS 0x0000000089e00000, 0x0000000089e00000| Untracked 
| 159|0x0000000089f00000, 0x0000000089f00000, 0x000000008a000000|  0%| F|  |TAMS 0x0000000089f00000, 0x0000000089f00000| Untracked 
| 160|0x000000008a000000, 0x000000008a000000, 0x000000008a100000|  0%| F|  |TAMS 0x000000008a000000, 0x000000008a000000| Untracked 
| 161|0x000000008a100000, 0x000000008a100000, 0x000000008a200000|  0%| F|  |TAMS 0x000000008a100000, 0x000000008a100000| Untracked 
| 162|0x000000008a200000, 0x000000008a200000, 0x000000008a300000|  0%| F|  |TAMS 0x000000008a200000, 0x000000008a200000| Untracked 
| 163|0x000000008a300000, 0x000000008a3eff80, 0x000000008a400000| 93%| E|  |TAMS 0x000000008a300000, 0x000000008a300000| Complete 
| 164|0x000000008a400000, 0x000000008a500000, 0x000000008a500000|100%| E|CS|TAMS 0x000000008a400000, 0x000000008a400000| Complete 
| 165|0x000000008a500000, 0x000000008a600000, 0x000000008a600000|100%| E|CS|TAMS 0x000000008a500000, 0x000000008a500000| Complete 
| 166|0x000000008a600000, 0x000000008a700000, 0x000000008a700000|100%| E|CS|TAMS 0x000000008a600000, 0x000000008a600000| Complete 
| 167|0x000000008a700000, 0x000000008a800000, 0x000000008a800000|100%| E|CS|TAMS 0x000000008a700000, 0x000000008a700000| Complete 
| 168|0x000000008a800000, 0x000000008a900000, 0x000000008a900000|100%| E|CS|TAMS 0x000000008a800000, 0x000000008a800000| Complete 
| 169|0x000000008a900000, 0x000000008aa00000, 0x000000008aa00000|100%| E|CS|TAMS 0x000000008a900000, 0x000000008a900000| Complete 
| 170|0x000000008aa00000, 0x000000008ab00000, 0x000000008ab00000|100%| E|CS|TAMS 0x000000008aa00000, 0x000000008aa00000| Complete 
| 171|0x000000008ab00000, 0x000000008ac00000, 0x000000008ac00000|100%| E|CS|TAMS 0x000000008ab00000, 0x000000008ab00000| Complete 
| 172|0x000000008ac00000, 0x000000008ad00000, 0x000000008ad00000|100%| E|CS|TAMS 0x000000008ac00000, 0x000000008ac00000| Complete 
| 173|0x000000008ad00000, 0x000000008ae00000, 0x000000008ae00000|100%| E|CS|TAMS 0x000000008ad00000, 0x000000008ad00000| Complete 
| 174|0x000000008ae00000, 0x000000008af00000, 0x000000008af00000|100%| E|CS|TAMS 0x000000008ae00000, 0x000000008ae00000| Complete 
| 175|0x000000008af00000, 0x000000008b000000, 0x000000008b000000|100%| E|CS|TAMS 0x000000008af00000, 0x000000008af00000| Complete 
| 176|0x000000008b000000, 0x000000008b100000, 0x000000008b100000|100%| E|CS|TAMS 0x000000008b000000, 0x000000008b000000| Complete 
| 177|0x000000008b100000, 0x000000008b129790, 0x000000008b200000| 16%| S|CS|TAMS 0x000000008b100000, 0x000000008b100000| Complete 
| 178|0x000000008b200000, 0x000000008b300000, 0x000000008b300000|100%| S|CS|TAMS 0x000000008b200000, 0x000000008b200000| Complete 
| 179|0x000000008b300000, 0x000000008b400000, 0x000000008b400000|100%| E|CS|TAMS 0x000000008b300000, 0x000000008b300000| Complete 
| 180|0x000000008b400000, 0x000000008b500000, 0x000000008b500000|100%| E|CS|TAMS 0x000000008b400000, 0x000000008b400000| Complete 
| 181|0x000000008b500000, 0x000000008b600000, 0x000000008b600000|100%| E|CS|TAMS 0x000000008b500000, 0x000000008b500000| Complete 
| 182|0x000000008b600000, 0x000000008b6ffc98, 0x000000008b700000| 99%| E|  |TAMS 0x000000008b600000, 0x000000008b600000| Complete 
| 183|0x000000008b700000, 0x000000008b800000, 0x000000008b800000|100%| E|CS|TAMS 0x000000008b700000, 0x000000008b700000| Complete 
| 184|0x000000008b800000, 0x000000008b900000, 0x000000008b900000|100%| E|CS|TAMS 0x000000008b800000, 0x000000008b800000| Complete 

Card table byte_map: [0x0000015eb02d0000,0x0000015eb06d0000] _byte_map_base: 0x0000015eafed0000

Marking Bits (Prev, Next): (CMBitMap*) 0x0000015e9b32fe88, (CMBitMap*) 0x0000015e9b32fec0
 Prev Bits: [0x0000015eb0ad0000, 0x0000015eb2ad0000)
 Next Bits: [0x0000015eb2ad0000, 0x0000015eb4ad0000)

Polling page: 0x0000015e9b3d0000

Metaspace:

Usage:
  Non-class:     94.63 MB capacity,    92.74 MB ( 98%) used,     1.53 MB (  2%) free+waste,   370.19 KB ( <1%) overhead. 
      Class:     15.18 MB capacity,    13.96 MB ( 92%) used,     1.05 MB (  7%) free+waste,   175.56 KB (  1%) overhead. 
       Both:    109.81 MB capacity,   106.69 MB ( 97%) used,     2.59 MB (  2%) free+waste,   545.75 KB ( <1%) overhead. 

Virtual space:
  Non-class space:       96.00 MB reserved,      94.75 MB ( 99%) committed 
      Class space:        1.00 GB reserved,      15.25 MB (  1%) committed 
             Both:        1.09 GB reserved,     110.00 MB ( 10%) committed 

Chunk freelists:
   Non-Class:  56.00 KB
       Class:  6.00 KB
        Both:  62.00 KB

MaxMetaspaceSize: 17179869184.00 GB
CompressedClassSpaceSize: 1.00 GB

CodeHeap 'non-profiled nmethods': size=120000Kb used=7542Kb max_used=7542Kb free=112457Kb
 bounds [0x0000015ea7f40000, 0x0000015ea86a0000, 0x0000015eaf470000]
CodeHeap 'profiled nmethods': size=120000Kb used=28346Kb max_used=28346Kb free=91653Kb
 bounds [0x0000015ea0a10000, 0x0000015ea25d0000, 0x0000015ea7f40000]
CodeHeap 'non-nmethods': size=5760Kb used=2345Kb max_used=2377Kb free=3414Kb
 bounds [0x0000015ea0470000, 0x0000015ea06e0000, 0x0000015ea0a10000]
 total_blobs=14336 nmethods=13361 adapters=886
 compilation: enabled
              stopped_count=0, restarted_count=0
 full_count=0

Compilation events (20 events):
Event: 38.746 Thread 0x0000015eb7f3c800 14122       2       com.android.tools.r8.dex.P$g::a (9 bytes)
Event: 38.746 Thread 0x0000015eb7f3c800 nmethod 14122 0x0000015ea25b3610 code [0x0000015ea25b37c0, 0x0000015ea25b38e8]
Event: 38.746 Thread 0x0000015eb7f3c800 14114       2       com.android.tools.r8.dex.P$g$$Lambda$1821/0x0000000100d32c40::apply (15 bytes)
Event: 38.746 Thread 0x0000015eb7f3c800 nmethod 14114 0x0000015ea25b3990 code [0x0000015ea25b3b60, 0x0000015ea25b3ce8]
Event: 38.746 Thread 0x0000015eb7f3c800 14115       2       com.android.tools.r8.dex.P$k::b (11 bytes)
Event: 38.746 Thread 0x0000015eb7f3c800 nmethod 14115 0x0000015ea25b3e10 code [0x0000015ea25b3fc0, 0x0000015ea25b40e8]
Event: 38.746 Thread 0x0000015eb7f3c800 14107       2       com.android.tools.r8.graph.n0$$Lambda$1831/0x0000000100d34c40::accept (20 bytes)
Event: 38.746 Thread 0x0000015eb7f3c800 nmethod 14107 0x0000015ea25b4190 code [0x0000015ea25b4340, 0x0000015ea25b44a8]
Event: 38.746 Thread 0x0000015eb7f3c800 14108       2       com.android.tools.r8.graph.n0::a (132 bytes)
Event: 38.747 Thread 0x0000015eb7f3c800 nmethod 14108 0x0000015ea25b4590 code [0x0000015ea25b47c0, 0x0000015ea25b4c08]
Event: 38.747 Thread 0x0000015eb7f3c800 14120       2       com.android.tools.r8.dex.P$g::a (19 bytes)
Event: 38.747 Thread 0x0000015eb7f3c800 nmethod 14120 0x0000015ea25b5010 code [0x0000015ea25b51e0, 0x0000015ea25b53f8]
Event: 38.747 Thread 0x0000015eb7f3c800 14111       2       com.android.tools.r8.code.H2::a (16 bytes)
Event: 38.748 Thread 0x0000015eb7f3c800 nmethod 14111 0x0000015ea25b5510 code [0x0000015ea25b5700, 0x0000015ea25b5918]
Event: 38.748 Thread 0x0000015eb7f3c800 14123       2       com.android.tools.r8.code.J2::a (1 bytes)
Event: 38.748 Thread 0x0000015eb7f3c800 nmethod 14123 0x0000015ea25b5a90 code [0x0000015ea25b5c40, 0x0000015ea25b5d38]
Event: 38.748 Thread 0x0000015eb7f3c800 14121       2       com.android.tools.r8.dex.P$g$$Lambda$1819/0x0000000100d33840::get$Lambda (9 bytes)
Event: 38.748 Thread 0x0000015eb7f3c800 nmethod 14121 0x0000015ea25b5e10 code [0x0000015ea25b5fc0, 0x0000015ea25b6138]
Event: 38.751 Thread 0x0000015eb7f3c800 14124 %     3       com.android.tools.r8.graph.J::a @ 10 (75 bytes)
Event: 38.751 Thread 0x0000015eb7f3c800 nmethod 14124% 0x0000015ea25b6210 code [0x0000015ea25b64a0, 0x0000015ea25b70b8]

GC Heap History (20 events):
Event: 16.588 GC heap before
{Heap before GC invocations=24 (full 0):
 garbage-first heap   total 189440K, used 125952K [0x0000000080000000, 0x0000000100000000)
  region size 1024K, 47 young (48128K), 4 survivors (4096K)
 Metaspace       used 87665K, capacity 89844K, committed 90368K, reserved 1128448K
  class space    used 11252K, capacity 12072K, committed 12288K, reserved 1048576K
}
Event: 16.595 GC heap after
{Heap after GC invocations=25 (full 0):
 garbage-first heap   total 189440K, used 84610K [0x0000000080000000, 0x0000000100000000)
  region size 1024K, 4 young (4096K), 4 survivors (4096K)
 Metaspace       used 87665K, capacity 89844K, committed 90368K, reserved 1128448K
  class space    used 11252K, capacity 12072K, committed 12288K, reserved 1048576K
}
Event: 16.624 GC heap before
{Heap before GC invocations=25 (full 0):
 garbage-first heap   total 189440K, used 89730K [0x0000000080000000, 0x0000000100000000)
  region size 1024K, 9 young (9216K), 4 survivors (4096K)
 Metaspace       used 87811K, capacity 90006K, committed 90624K, reserved 1128448K
  class space    used 11272K, capacity 12104K, committed 12288K, reserved 1048576K
}
Event: 16.630 GC heap after
{Heap after GC invocations=26 (full 0):
 garbage-first heap   total 189440K, used 82028K [0x0000000080000000, 0x0000000100000000)
  region size 1024K, 1 young (1024K), 1 survivors (1024K)
 Metaspace       used 87811K, capacity 90006K, committed 90624K, reserved 1128448K
  class space    used 11272K, capacity 12104K, committed 12288K, reserved 1048576K
}
Event: 20.501 GC heap before
{Heap before GC invocations=26 (full 0):
 garbage-first heap   total 189440K, used 130156K [0x0000000080000000, 0x0000000100000000)
  region size 1024K, 49 young (50176K), 1 survivors (1024K)
 Metaspace       used 90719K, capacity 92882K, committed 93568K, reserved 1130496K
  class space    used 11614K, capacity 12447K, committed 12672K, reserved 1048576K
}
Event: 20.509 GC heap after
{Heap after GC invocations=27 (full 0):
 garbage-first heap   total 189440K, used 87351K [0x0000000080000000, 0x0000000100000000)
  region size 1024K, 6 young (6144K), 6 survivors (6144K)
 Metaspace       used 90719K, capacity 92882K, committed 93568K, reserved 1130496K
  class space    used 11614K, capacity 12447K, committed 12672K, reserved 1048576K
}
Event: 21.145 GC heap before
{Heap before GC invocations=27 (full 0):
 garbage-first heap   total 189440K, used 135479K [0x0000000080000000, 0x0000000100000000)
  region size 1024K, 54 young (55296K), 6 survivors (6144K)
 Metaspace       used 92487K, capacity 94595K, committed 95232K, reserved 1132544K
  class space    used 11811K, capacity 12611K, committed 12800K, reserved 1048576K
}
Event: 21.153 GC heap after
{Heap after GC invocations=28 (full 0):
 garbage-first heap   total 189440K, used 87627K [0x0000000080000000, 0x0000000100000000)
  region size 1024K, 2 young (2048K), 2 survivors (2048K)
 Metaspace       used 92487K, capacity 94595K, committed 95232K, reserved 1132544K
  class space    used 11811K, capacity 12611K, committed 12800K, reserved 1048576K
}
Event: 36.900 GC heap before
{Heap before GC invocations=28 (full 0):
 garbage-first heap   total 189440K, used 137803K [0x0000000080000000, 0x0000000100000000)
  region size 1024K, 52 young (53248K), 2 survivors (2048K)
 Metaspace       used 96359K, capacity 98708K, committed 98816K, reserved 1134592K
  class space    used 12355K, capacity 13224K, committed 13312K, reserved 1048576K
}
Event: 36.906 GC heap after
{Heap after GC invocations=29 (full 0):
 garbage-first heap   total 189440K, used 90363K [0x0000000080000000, 0x0000000100000000)
  region size 1024K, 5 young (5120K), 5 survivors (5120K)
 Metaspace       used 96359K, capacity 98708K, committed 98816K, reserved 1134592K
  class space    used 12355K, capacity 13224K, committed 13312K, reserved 1048576K
}
Event: 37.484 GC heap before
{Heap before GC invocations=30 (full 0):
 garbage-first heap   total 189440K, used 142587K [0x0000000080000000, 0x0000000100000000)
  region size 1024K, 55 young (56320K), 5 survivors (5120K)
 Metaspace       used 98914K, capacity 101356K, committed 101504K, reserved 1136640K
  class space    used 12691K, capacity 13607K, committed 13696K, reserved 1048576K
}
Event: 37.496 GC heap after
{Heap after GC invocations=31 (full 0):
 garbage-first heap   total 189440K, used 95333K [0x0000000080000000, 0x0000000100000000)
  region size 1024K, 7 young (7168K), 7 survivors (7168K)
 Metaspace       used 98914K, capacity 101356K, committed 101504K, reserved 1136640K
  class space    used 12691K, capacity 13607K, committed 13696K, reserved 1048576K
}
Event: 37.534 GC heap before
{Heap before GC invocations=31 (full 0):
 garbage-first heap   total 189440K, used 97381K [0x0000000080000000, 0x0000000100000000)
  region size 1024K, 9 young (9216K), 7 survivors (7168K)
 Metaspace       used 99382K, capacity 101868K, committed 102016K, reserved 1138688K
  class space    used 12743K, capacity 13671K, committed 13696K, reserved 1048576K
}
Event: 37.542 GC heap after
{Heap after GC invocations=32 (full 0):
 garbage-first heap   total 189440K, used 95679K [0x0000000080000000, 0x0000000100000000)
  region size 1024K, 2 young (2048K), 2 survivors (2048K)
 Metaspace       used 99382K, capacity 101868K, committed 102016K, reserved 1138688K
  class space    used 12743K, capacity 13671K, committed 13696K, reserved 1048576K
}
Event: 37.975 GC heap before
{Heap before GC invocations=32 (full 0):
 garbage-first heap   total 189440K, used 143807K [0x0000000080000000, 0x0000000100000000)
  region size 1024K, 50 young (51200K), 2 survivors (2048K)
 Metaspace       used 105753K, capacity 108740K, committed 109056K, reserved 1142784K
  class space    used 13805K, capacity 15002K, committed 15104K, reserved 1048576K
}
Event: 38.005 GC heap after
{Heap after GC invocations=33 (full 0):
 garbage-first heap   total 189440K, used 104957K [0x0000000080000000, 0x0000000100000000)
  region size 1024K, 7 young (7168K), 7 survivors (7168K)
 Metaspace       used 105753K, capacity 108740K, committed 109056K, reserved 1142784K
  class space    used 13805K, capacity 15002K, committed 15104K, reserved 1048576K
}
Event: 38.453 GC heap before
{Heap before GC invocations=34 (full 0):
 garbage-first heap   total 189440K, used 148989K [0x0000000080000000, 0x0000000100000000)
  region size 1024K, 51 young (52224K), 7 survivors (7168K)
 Metaspace       used 108068K, capacity 111238K, committed 111360K, reserved 1144832K
  class space    used 14123K, capacity 15354K, committed 15360K, reserved 1048576K
}
Event: 38.462 GC heap after
{Heap after GC invocations=35 (full 0):
 garbage-first heap   total 189440K, used 107925K [0x0000000080000000, 0x0000000100000000)
  region size 1024K, 3 young (3072K), 3 survivors (3072K)
 Metaspace       used 108068K, capacity 111238K, committed 111360K, reserved 1144832K
  class space    used 14123K, capacity 15354K, committed 15360K, reserved 1048576K
}
Event: 38.616 GC heap before
{Heap before GC invocations=35 (full 0):
 garbage-first heap   total 189440K, used 114069K [0x0000000080000000, 0x0000000100000000)
  region size 1024K, 9 young (9216K), 3 survivors (3072K)
 Metaspace       used 108381K, capacity 111532K, committed 111744K, reserved 1144832K
  class space    used 14152K, capacity 15396K, committed 15488K, reserved 1048576K
}
Event: 38.619 GC heap after
{Heap after GC invocations=36 (full 0):
 garbage-first heap   total 189440K, used 105772K [0x0000000080000000, 0x0000000100000000)
  region size 1024K, 2 young (2048K), 2 survivors (2048K)
 Metaspace       used 108381K, capacity 111532K, committed 111744K, reserved 1144832K
  class space    used 14152K, capacity 15396K, committed 15488K, reserved 1048576K
}

Deoptimization events (20 events):
Event: 38.643 Thread 0x0000015ebb74f000 DEOPT PACKING pc=0x0000015ea1d523cd sp=0x0000000806ffd900
Event: 38.643 Thread 0x0000015ebb74f000 DEOPT UNPACKING pc=0x0000015ea04972ce sp=0x0000000806ffce20 mode 0
Event: 38.645 Thread 0x0000015ebb74f000 DEOPT PACKING pc=0x0000015ea1d523ee sp=0x0000000806ffd960
Event: 38.646 Thread 0x0000015ebb74f000 DEOPT UNPACKING pc=0x0000015ea04972ce sp=0x0000000806ffce80 mode 0
Event: 38.647 Thread 0x0000015ebb74f000 DEOPT PACKING pc=0x0000015ea1d523ee sp=0x0000000806ffd960
Event: 38.647 Thread 0x0000015ebb74f000 DEOPT UNPACKING pc=0x0000015ea04972ce sp=0x0000000806ffce80 mode 0
Event: 38.652 Thread 0x0000015ebb74f000 DEOPT PACKING pc=0x0000015ea1d523ee sp=0x0000000806ffd900
Event: 38.652 Thread 0x0000015ebb74f000 DEOPT UNPACKING pc=0x0000015ea04972ce sp=0x0000000806ffce20 mode 0
Event: 38.659 Thread 0x0000015ebb74f000 DEOPT PACKING pc=0x0000015ea1d523cd sp=0x0000000806ffd7c0
Event: 38.659 Thread 0x0000015ebb74f000 DEOPT UNPACKING pc=0x0000015ea04972ce sp=0x0000000806ffcce0 mode 0
Event: 38.663 Thread 0x0000015ebb74f000 DEOPT PACKING pc=0x0000015ea1d523ee sp=0x0000000806ffd7c0
Event: 38.663 Thread 0x0000015ebb74f000 DEOPT UNPACKING pc=0x0000015ea04972ce sp=0x0000000806ffcce0 mode 0
Event: 38.681 Thread 0x0000015ebb74f000 DEOPT PACKING pc=0x0000015ea1d523ee sp=0x0000000806ffd7c0
Event: 38.681 Thread 0x0000015ebb74f000 DEOPT UNPACKING pc=0x0000015ea04972ce sp=0x0000000806ffcce0 mode 0
Event: 38.691 Thread 0x0000015ebb757000 Uncommon trap: trap_request=0xffffffe4 fr.pc=0x0000015ea86871c0 relative=0x0000000000000280
Event: 38.691 Thread 0x0000015ebb757000 Uncommon trap: reason=range_check action=make_not_entrant pc=0x0000015ea86871c0 method=com.android.tools.r8.graph.q0.b(Lcom/android/tools/r8/graph/q0;)I @ 9 c2
Event: 38.691 Thread 0x0000015ebb757000 DEOPT PACKING pc=0x0000015ea86871c0 sp=0x00000008070fd480
Event: 38.691 Thread 0x0000015ebb757000 DEOPT UNPACKING pc=0x0000015ea04974af sp=0x00000008070fd3f8 mode 2
Event: 38.722 Thread 0x0000015ebb74f000 DEOPT PACKING pc=0x0000015ea1d523ee sp=0x0000000806ffd9d0
Event: 38.722 Thread 0x0000015ebb74f000 DEOPT UNPACKING pc=0x0000015ea04972ce sp=0x0000000806ffcef0 mode 0

Classes redefined (0 events):
No events

Internal exceptions (20 events):
Event: 37.834 Thread 0x0000015ebb754000 Exception <a 'java/lang/NoSuchMethodError'{0x00000000899bffc0}: 'long java.lang.invoke.DirectMethodHandle$Holder.invokeStatic(java.lang.Object, java.lang.Object)'> (0x00000000899bffc0) thrown at [./src/hotspot/share/interpreter/linkResolver.cpp, line 773]
Event: 37.834 Thread 0x0000015ebb750000 Exception <a 'java/lang/NoSuchMethodError'{0x00000000899774f8}: 'long java.lang.invoke.DirectMethodHandle$Holder.invokeStatic(java.lang.Object, java.lang.Object)'> (0x00000000899774f8) thrown at [./src/hotspot/share/interpreter/linkResolver.cpp, line 773]
Event: 37.834 Thread 0x0000015ebb757000 Exception <a 'java/lang/NoSuchMethodError'{0x0000000089835db0}: 'long java.lang.invoke.DirectMethodHandle$Holder.invokeStatic(java.lang.Object, java.lang.Object)'> (0x0000000089835db0) thrown at [./src/hotspot/share/interpreter/linkResolver.cpp, line 773]
Event: 37.834 Thread 0x0000015ebb758000 Exception <a 'java/lang/NoSuchMethodError'{0x000000008988e3c0}: 'long java.lang.invoke.DirectMethodHandle$Holder.invokeStatic(java.lang.Object, java.lang.Object)'> (0x000000008988e3c0) thrown at [./src/hotspot/share/interpreter/linkResolver.cpp, line 773]
Event: 37.839 Thread 0x0000015ebb750000 Exception <a 'java/lang/NoSuchMethodError'{0x00000000898f4850}: 'void java.lang.invoke.DirectMethodHandle$Holder.invokeSpecial(java.lang.Object, java.lang.Object, int, java.lang.Object)'> (0x00000000898f4850) thrown at [./src/hotspot/share/interpreter/linkResolver.cpp, line 773]
Event: 37.839 Thread 0x0000015ebb758000 Exception <a 'java/lang/NoSuchMethodError'{0x000000008972ec10}: 'void java.lang.invoke.DirectMethodHandle$Holder.invokeSpecial(java.lang.Object, java.lang.Object, int, java.lang.Object)'> (0x000000008972ec10) thrown at [./src/hotspot/share/interpreter/linkResolver.cpp, line 773]
Event: 37.904 Thread 0x0000015ebb758000 Exception <a 'java/lang/NoSuchMethodError'{0x0000000089140240}: 'java.lang.Object java.lang.invoke.DirectMethodHandle$Holder.invokeVirtual(java.lang.Object, java.lang.Object, int, java.lang.Object)'> (0x0000000089140240) thrown at [./src/hotspot/share/interpreter/linkResolver.cpp, line 773]
Event: 37.904 Thread 0x0000015ebb750000 Exception <a 'java/lang/NoSuchMethodError'{0x000000008918bc70}: 'java.lang.Object java.lang.invoke.DirectMethodHandle$Holder.invokeVirtual(java.lang.Object, java.lang.Object, int, java.lang.Object)'> (0x000000008918bc70) thrown at [./src/hotspot/share/interpreter/linkResolver.cpp, line 773]
Event: 37.904 Thread 0x0000015ebb757000 Exception <a 'java/lang/NoSuchMethodError'{0x00000000891a6240}: 'java.lang.Object java.lang.invoke.DirectMethodHandle$Holder.invokeVirtual(java.lang.Object, java.lang.Object, int, java.lang.Object)'> (0x00000000891a6240) thrown at [./src/hotspot/share/interpreter/linkResolver.cpp, line 773]
Event: 37.916 Thread 0x0000015ebb758000 Exception <a 'java/lang/NoSuchMethodError'{0x0000000088f264d0}: 'void java.lang.invoke.DirectMethodHandle$Holder.invokeVirtual(java.lang.Object, java.lang.Object, int, java.lang.Object)'> (0x0000000088f264d0) thrown at [./src/hotspot/share/interpreter/linkResolver.cpp, line 773]
Event: 37.970 Thread 0x0000015ebb750000 Exception <a 'java/lang/NoSuchMethodError'{0x0000000088ae5f38}: 'java.lang.Object java.lang.invoke.DirectMethodHandle$Holder.newInvokeSpecial(java.lang.Object, int)'> (0x0000000088ae5f38) thrown at [./src/hotspot/share/interpreter/linkResolver.cpp, line 773]
Event: 38.163 Thread 0x0000015ebb758000 Exception <a 'java/lang/NoSuchMethodError'{0x000000008aeef438}: 'void java.lang.invoke.DirectMethodHandle$Holder.invokeStatic(java.lang.Object, java.lang.Object, java.lang.Object, java.lang.Object, java.lang.Object, java.lang.Object, java.lang.Object, java.lang.Object, java.lang.Object, java.lang.Object, java.lang.Object)'> (0x000000008aeef438) thrown at [./src/hotspot/share/interpreter/linkResolver.cpp, line 773]
Event: 38.164 Thread 0x0000015ebb758000 Exception <a 'java/lang/NoSuchMethodError'{0x000000008aef9b10}: 'java.lang.Object java.lang.invoke.DirectMethodHandle$Holder.invokeSpecial(java.lang.Object, java.lang.Object, java.lang.Object, java.lang.Object, java.lang.Object, java.lang.Object, java.lang.Object, java.lang.Object, java.lang.Object, java.lang.Object)'> (0x000000008aef9b10) thrown at [./src/hotspot/share/interpreter/linkResolver.cpp, line 773]
Event: 38.164 Thread 0x0000015ebb758000 Exception <a 'java/lang/NoSuchMethodError'{0x000000008aefdc00}: 'java.lang.Object java.lang.invoke.Invokers$Holder.linkToTargetMethod(java.lang.Object, java.lang.Object, java.lang.Object, java.lang.Object, java.lang.Object, java.lang.Object, java.lang.Object, java.lang.Object, java.lang.Object)'> (0x000000008aefdc00) thrown at [./src/hotspot/share/interpreter/linkResolver.cpp, line 773]
Event: 38.304 Thread 0x0000015ebb758000 Exception <a 'java/lang/NoSuchMethodError'{0x000000008990de18}: 'void java.lang.invoke.DirectMethodHandle$Holder.invokeVirtual(java.lang.Object, java.lang.Object, int)'> (0x000000008990de18) thrown at [./src/hotspot/share/interpreter/linkResolver.cpp, line 773]
Event: 38.324 Thread 0x0000015ebb750000 Exception <a 'sun/nio/fs/WindowsException'{0x000000008950aef0}> (0x000000008950aef0) thrown at [./src/hotspot/share/prims/jni.cpp, line 615]
Event: 38.581 Thread 0x0000015ec0cc6000 Exception <a 'java/lang/NoSuchMethodError'{0x000000008b6610a0}: <clinit>> (0x000000008b6610a0) thrown at [./src/hotspot/share/prims/jni.cpp, line 1362]
Event: 38.628 Thread 0x0000015ebb74f000 Exception <a 'sun/nio/fs/WindowsException'{0x000000008b762138}> (0x000000008b762138) thrown at [./src/hotspot/share/prims/jni.cpp, line 615]
Event: 38.628 Thread 0x0000015ebb757000 Exception <a 'sun/nio/fs/WindowsException'{0x000000008b76c808}> (0x000000008b76c808) thrown at [./src/hotspot/share/prims/jni.cpp, line 615]
Event: 38.698 Thread 0x0000015ebb757000 Exception <a 'sun/nio/fs/WindowsException'{0x000000008a97f5a0}> (0x000000008a97f5a0) thrown at [./src/hotspot/share/prims/jni.cpp, line 615]

Events (20 events):
Event: 38.674 loading class com/android/tools/r8/dex/n
Event: 38.674 loading class com/android/tools/r8/dex/n done
Event: 38.674 loading class com/android/tools/r8/graph/E1
Event: 38.674 loading class com/android/tools/r8/graph/E1 done
Event: 38.674 loading class com/android/tools/r8/dex/n
Event: 38.674 loading class com/android/tools/r8/dex/n done
Event: 38.677 loading class java/util/AbstractList$RandomAccessSubList
Event: 38.677 loading class java/util/AbstractList$SubList
Event: 38.678 loading class java/util/AbstractList$SubList done
Event: 38.678 loading class java/util/AbstractList$RandomAccessSubList done
Event: 38.678 loading class java/util/AbstractList$SubList$1
Event: 38.678 loading class java/util/AbstractList$SubList$1 done
Event: 38.681 loading class com/android/tools/r8/w/a/a/a/f/r
Event: 38.681 loading class com/android/tools/r8/w/a/a/a/f/r done
Event: 38.681 loading class com/android/tools/r8/w/a/a/a/f/b
Event: 38.681 loading class com/android/tools/r8/w/a/a/a/f/b done
Event: 38.682 loading class com/android/tools/r8/graph/O$b$a
Event: 38.682 loading class com/android/tools/r8/graph/O$b$a done
Event: 38.697 loading class java/nio/file/Files$2
Event: 38.697 loading class java/nio/file/Files$2 done


Dynamic libraries:
0x00007ff6eed10000 - 0x00007ff6eed1a000 	C:\Users\Dark Knight\Desktop\Android Studio\jre\bin\java.exe
0x00007ffee3570000 - 0x00007ffee3765000 	C:\WINDOWS\SYSTEM32\ntdll.dll
0x00007ffee15f0000 - 0x00007ffee16ad000 	C:\WINDOWS\System32\KERNEL32.DLL
0x00007ffee12d0000 - 0x00007ffee1599000 	C:\WINDOWS\System32\KERNELBASE.dll
0x00007ffee0cd0000 - 0x00007ffee0dd0000 	C:\WINDOWS\System32\ucrtbase.dll
0x00007ffed9cc0000 - 0x00007ffed9cd9000 	C:\Users\Dark Knight\Desktop\Android Studio\jre\bin\jli.dll
0x00007ffed8a00000 - 0x00007ffed8a17000 	C:\Users\Dark Knight\Desktop\Android Studio\jre\bin\VCRUNTIME140.dll
0x00007ffee1f30000 - 0x00007ffee20d0000 	C:\WINDOWS\System32\USER32.dll
0x00007ffee0ca0000 - 0x00007ffee0cc2000 	C:\WINDOWS\System32\win32u.dll
0x00007ffee20d0000 - 0x00007ffee20fa000 	C:\WINDOWS\System32\GDI32.dll
0x00007ffecb000000 - 0x00007ffecb29a000 	C:\WINDOWS\WinSxS\amd64_microsoft.windows.common-controls_6595b64144ccf1df_6.0.19041.1110_none_60b5254171f9507e\COMCTL32.dll
0x00007ffee11c0000 - 0x00007ffee12cb000 	C:\WINDOWS\System32\gdi32full.dll
0x00007ffee32b0000 - 0x00007ffee334e000 	C:\WINDOWS\System32\msvcrt.dll
0x00007ffee0dd0000 - 0x00007ffee0e6d000 	C:\WINDOWS\System32\msvcp_win.dll
0x00007ffee23d0000 - 0x00007ffee2400000 	C:\WINDOWS\System32\IMM32.DLL
0x00007ffec9520000 - 0x00007ffec95bd000 	C:\Users\Dark Knight\Desktop\Android Studio\jre\bin\msvcp140.dll
0x00007ffe82710000 - 0x00007ffe831cc000 	C:\Users\Dark Knight\Desktop\Android Studio\jre\bin\server\jvm.dll
0x00007ffee1780000 - 0x00007ffee182c000 	C:\WINDOWS\System32\ADVAPI32.dll
0x00007ffee1830000 - 0x00007ffee18cb000 	C:\WINDOWS\System32\sechost.dll
0x00007ffee3350000 - 0x00007ffee347a000 	C:\WINDOWS\System32\RPCRT4.dll
0x00007ffee2d90000 - 0x00007ffee2d98000 	C:\WINDOWS\System32\PSAPI.DLL
0x00007ffecb2b0000 - 0x00007ffecb2d7000 	C:\WINDOWS\SYSTEM32\WINMM.dll
0x00007ffed1140000 - 0x00007ffed1149000 	C:\WINDOWS\SYSTEM32\WSOCK32.dll
0x00007ffed7fc0000 - 0x00007ffed7fca000 	C:\WINDOWS\SYSTEM32\VERSION.dll
0x00007ffee2360000 - 0x00007ffee23cb000 	C:\WINDOWS\System32\WS2_32.dll
0x00007ffedf530000 - 0x00007ffedf542000 	C:\WINDOWS\SYSTEM32\kernel.appcore.dll
0x00007ffeaf7a0000 - 0x00007ffeaf7b1000 	C:\Users\Dark Knight\Desktop\Android Studio\jre\bin\verify.dll
0x00007ffedeab0000 - 0x00007ffedec94000 	C:\WINDOWS\SYSTEM32\DBGHELP.DLL
0x00007ffec9830000 - 0x00007ffec985c000 	C:\WINDOWS\SYSTEM32\dbgcore.DLL
0x00007ffee0f70000 - 0x00007ffee0ff3000 	C:\WINDOWS\System32\bcryptPrimitives.dll
0x00007ffea0100000 - 0x00007ffea0129000 	C:\Users\Dark Knight\Desktop\Android Studio\jre\bin\java.dll
0x00007ffed81f0000 - 0x00007ffed81fb000 	C:\Users\Dark Knight\Desktop\Android Studio\jre\bin\jimage.dll
0x00007ffeae500000 - 0x00007ffeae518000 	C:\Users\Dark Knight\Desktop\Android Studio\jre\bin\zip.dll
0x00007ffee25f0000 - 0x00007ffee2d2f000 	C:\WINDOWS\System32\SHELL32.dll
0x00007ffeded90000 - 0x00007ffedf520000 	C:\WINDOWS\SYSTEM32\windows.storage.dll
0x00007ffee2da0000 - 0x00007ffee30f5000 	C:\WINDOWS\System32\combase.dll
0x00007ffee0700000 - 0x00007ffee072c000 	C:\WINDOWS\SYSTEM32\Wldp.dll
0x00007ffee1e80000 - 0x00007ffee1f2e000 	C:\WINDOWS\System32\SHCORE.dll
0x00007ffee2400000 - 0x00007ffee2455000 	C:\WINDOWS\System32\shlwapi.dll
0x00007ffee0be0000 - 0x00007ffee0bff000 	C:\WINDOWS\SYSTEM32\profapi.dll
0x00007ffead6f0000 - 0x00007ffead70a000 	C:\Users\Dark Knight\Desktop\Android Studio\jre\bin\net.dll
0x00007ffed5b40000 - 0x00007ffed5c48000 	C:\WINDOWS\SYSTEM32\WINHTTP.dll
0x00007ffee0460000 - 0x00007ffee04ca000 	C:\WINDOWS\system32\mswsock.dll
0x00007ffeac3d0000 - 0x00007ffeac3e4000 	C:\Users\Dark Knight\Desktop\Android Studio\jre\bin\nio.dll
0x00007ffecc910000 - 0x00007ffecc937000 	C:\Users\Dark Knight\.gradle\native\8bec1ad78214c89d9ad589b4d07fe93259594b29d510b10fafb7a158f7737e5d\windows-amd64\native-platform.dll
0x00007ffe9bf10000 - 0x00007ffe9c04d000 	C:\Users\Dark Knight\.gradle\native\53dbd7edfb1c66fb8903c78663c9afc45aea4f116125fa6feffd364cf09443e8\windows-amd64\native-platform-file-events.dll
0x00007ffed7d80000 - 0x00007ffed7d8a000 	C:\Users\Dark Knight\Desktop\Android Studio\jre\bin\management.dll
0x00007ffed1500000 - 0x00007ffed150c000 	C:\Users\Dark Knight\Desktop\Android Studio\jre\bin\management_ext.dll
0x00007ffee0650000 - 0x00007ffee0668000 	C:\WINDOWS\SYSTEM32\CRYPTSP.dll
0x00007ffedfd70000 - 0x00007ffedfda4000 	C:\WINDOWS\system32\rsaenh.dll
0x00007ffee15a0000 - 0x00007ffee15c7000 	C:\WINDOWS\System32\bcrypt.dll
0x00007ffee0ba0000 - 0x00007ffee0bce000 	C:\WINDOWS\SYSTEM32\USERENV.dll
0x00007ffee0670000 - 0x00007ffee067c000 	C:\WINDOWS\SYSTEM32\CRYPTBASE.dll
0x00007ffee0100000 - 0x00007ffee013b000 	C:\WINDOWS\SYSTEM32\IPHLPAPI.DLL
0x00007ffee18d0000 - 0x00007ffee18d8000 	C:\WINDOWS\System32\NSI.dll
0x00007ffecfdf0000 - 0x00007ffecfe07000 	C:\WINDOWS\SYSTEM32\dhcpcsvc6.DLL
0x00007ffed0340000 - 0x00007ffed035d000 	C:\WINDOWS\SYSTEM32\dhcpcsvc.DLL
0x00007ffee0140000 - 0x00007ffee020c000 	C:\WINDOWS\SYSTEM32\DNSAPI.dll
0x00007ffed9ff0000 - 0x00007ffeda00e000 	C:\Users\Dark Knight\AppData\Local\Temp\native-platform5482627172732410585dir\native-platform.dll
0x00007ffed89d0000 - 0x00007ffed89d8000 	C:\Users\Dark Knight\Desktop\Android Studio\jre\bin\rmi.dll

dbghelp: loaded successfully - version: 4.0.5 - missing functions: none
symbol engine: initialized successfully - sym options: 0x614 - pdb path: .;C:\Users\Dark Knight\Desktop\Android Studio\jre\bin;C:\WINDOWS\SYSTEM32;C:\WINDOWS\WinSxS\amd64_microsoft.windows.common-controls_6595b64144ccf1df_6.0.19041.1110_none_60b5254171f9507e;C:\Users\Dark Knight\Desktop\Android Studio\jre\bin\server;C:\Users\Dark Knight\.gradle\native\8bec1ad78214c89d9ad589b4d07fe93259594b29d510b10fafb7a158f7737e5d\windows-amd64;C:\Users\Dark Knight\.gradle\native\53dbd7edfb1c66fb8903c78663c9afc45aea4f116125fa6feffd364cf09443e8\windows-amd64;C:\Users\Dark Knight\AppData\Local\Temp\native-platform5482627172732410585dir

VM Arguments:
jvm_args: --add-opens=java.base/java.util=ALL-UNNAMED --add-opens=java.base/java.lang=ALL-UNNAMED --add-opens=java.base/java.lang.invoke=ALL-UNNAMED --add-opens=java.base/java.util=ALL-UNNAMED --add-opens=java.prefs/java.util.prefs=ALL-UNNAMED --add-opens=java.prefs/java.util.prefs=ALL-UNNAMED --add-opens=java.base/java.nio.charset=ALL-UNNAMED --add-opens=java.base/java.net=ALL-UNNAMED --add-opens=java.base/java.util.concurrent.atomic=ALL-UNNAMED -Xmx2048m -Dfile.encoding=UTF-8 -Duser.country=IN -Duser.language=en -Duser.variant 
java_command: org.gradle.launcher.daemon.bootstrap.GradleDaemon 7.0.2
java_class_path (initial): C:\Users\Dark Knight\.gradle\wrapper\dists\gradle-7.0.2-bin\857tjihv64xamwrf0h14cai3r\gradle-7.0.2\lib\gradle-launcher-7.0.2.jar
Launcher Type: SUN_STANDARD

[Global flags]
     intx CICompilerCount                          = 4                                         {product} {ergonomic}
     uint ConcGCThreads                            = 2                                         {product} {ergonomic}
     uint G1ConcRefinementThreads                  = 8                                         {product} {ergonomic}
   size_t G1HeapRegionSize                         = 1048576                                   {product} {ergonomic}
    uintx GCDrainStackTargetSize                   = 64                                        {product} {ergonomic}
   size_t InitialHeapSize                          = 134217728                                 {product} {ergonomic}
   size_t MarkStackSize                            = 4194304                                   {product} {ergonomic}
   size_t MaxHeapSize                              = 2147483648                                {product} {command line}
   size_t MaxNewSize                               = 1287651328                                {product} {ergonomic}
   size_t MinHeapDeltaBytes                        = 1048576                                   {product} {ergonomic}
    uintx NonNMethodCodeHeapSize                   = 5836300                                {pd product} {ergonomic}
    uintx NonProfiledCodeHeapSize                  = 122910970                              {pd product} {ergonomic}
    uintx ProfiledCodeHeapSize                     = 122910970                              {pd product} {ergonomic}
    uintx ReservedCodeCacheSize                    = 251658240                              {pd product} {ergonomic}
     bool SegmentedCodeCache                       = true                                      {product} {ergonomic}
     bool UseCompressedClassPointers               = true                                 {lp64_product} {ergonomic}
     bool UseCompressedOops                        = true                                 {lp64_product} {ergonomic}
     bool UseG1GC                                  = true                                      {product} {ergonomic}
     bool UseLargePagesIndividualAllocation        = false                                  {pd product} {ergonomic}

Logging:
Log output configuration:
 #0: stdout all=warning uptime,level,tags
 #1: stderr all=off uptime,level,tags

Environment Variables:
PATH=C:\Windows\system32;C:\Windows;C:\Windows\System32\Wbem;C:\Windows\System32\WindowsPowerShell\v1.0\;C:\Windows\System32\OpenSSH\;C:\Program Files (x86)\NVIDIA Corporation\PhysX\Common;C:\Program Files\NVIDIA Corporation\NVIDIA NvDLISR;C:\WINDOWS\system32;C:\WINDOWS;C:\WINDOWS\System32\Wbem;C:\WINDOWS\System32\WindowsPowerShell\v1.0\;C:\WINDOWS\System32\OpenSSH\;C:\MinGW\bin;C:\Program Files\MEGA-X;C:\WINDOWS\system32;C:\WINDOWS;C:\WINDOWS\System32\Wbem;C:\WINDOWS\System32\WindowsPowerShell\v1.0\;C:\WINDOWS\System32\OpenSSH\;C:\Program Files\Git\cmd;C:\Users\Dark Knight\AppData\Local\Microsoft\WindowsApps;C:\Users\Dark Knight\AppData\Local\atom\bin;C:\MinGW\bin;C:\Program Files (x86)\Microsoft Visual Studio\2019\BuildTools\MSBuild\Current\Bin;C:\Users\Dark Knight\AppData\Local\Microsoft\WindowsApps
USERNAME=Dark Knight
OS=Windows_NT
PROCESSOR_IDENTIFIER=Intel64 Family 6 Model 158 Stepping 10, GenuineIntel



---------------  S Y S T E M  ---------------

OS: Windows 10 , 64 bit Build 19041 (10.0.19041.1151)
OS uptime: 13 days 5:17 hours

CPU:total 8 (initial active 8) (4 cores per cpu, 2 threads per core) family 6 model 158 stepping 10, cmov, cx8, fxsr, mmx, sse, sse2, sse3, ssse3, sse4.1, sse4.2, popcnt, avx, avx2, aes, clmul, erms, 3dnowpref, lzcnt, ht, tsc, tscinvbit, bmi1, bmi2, adx, fma

Memory: 4k page, system-wide physical 8072M (336M free)
TotalPageFile size 12168M (AvailPageFile size 4M)
current process WorkingSet (physical memory assigned to process): 480M, peak: 480M
current process commit charge ("private bytes"): 517M, peak: 518M

vm_info: OpenJDK 64-Bit Server VM (11.0.8+10-b944.6842174) for windows-amd64 JRE (11.0.8+10-b944.6842174), built on Sep 19 2020 01:11:42 by "builder" with MS VC++ 14.0 (VS2015)

END.
