#
# There is insufficient memory for the Java Runtime Environment to continue.
# Native memory allocation (malloc) failed to allocate 1130256 bytes for Chunk::new
# Possible reasons:
#   The system is out of physical RAM or swap space
#   The process is running with CompressedOops enabled, and the Java Heap may be blocking the growth of the native heap
# Possible solutions:
#   Reduce memory load on the system
#   Increase physical memory or swap space
#   Check if swap backing store is full
#   Decrease Java heap size (-Xmx/-Xms)
#   Decrease number of Java threads
#   Decrease Java thread stack sizes (-Xss)
#   Set larger code cache with -XX:ReservedCodeCacheSize=
#   JVM is running with Unscaled Compressed Oops mode in which the Java heap is
#     placed in the first 4GB address space. The Java Heap base address is the
#     maximum limit for the native heap growth. Please use -XX:HeapBaseMinAddress
#     to set the Java Heap base and to place the Java Heap above 4GB virtual address.
# This output file may be truncated or incomplete.
#
#  Out of Memory Error (./src/hotspot/share/memory/arena.cpp:197), pid=31028, tid=49480
#
# JRE version: OpenJDK Runtime Environment (11.0.8+10) (build 11.0.8+10-b944.6842174)
# Java VM: OpenJDK 64-Bit Server VM (11.0.8+10-b944.6842174, mixed mode, tiered, compressed oops, g1 gc, windows-amd64)
# No core dump will be written. Minidumps are not enabled by default on client versions of Windows
#

---------------  S U M M A R Y ------------

Command Line: --add-opens=java.base/java.util=ALL-UNNAMED --add-opens=java.base/java.lang=ALL-UNNAMED --add-opens=java.base/java.lang.invoke=ALL-UNNAMED --add-opens=java.base/java.util=ALL-UNNAMED --add-opens=java.prefs/java.util.prefs=ALL-UNNAMED --add-opens=java.prefs/java.util.prefs=ALL-UNNAMED --add-opens=java.base/java.nio.charset=ALL-UNNAMED --add-opens=java.base/java.net=ALL-UNNAMED --add-opens=java.base/java.util.concurrent.atomic=ALL-UNNAMED -Xmx2048m -Dfile.encoding=UTF-8 -Duser.country=IN -Duser.language=en -Duser.variant org.gradle.launcher.daemon.bootstrap.GradleDaemon 7.0.2

Host: Intel(R) Core(TM) i5-9300H CPU @ 2.40GHz, 8 cores, 7G,  Windows 10 , 64 bit Build 19041 (10.0.19041.1151)
Time: Wed Sep  1 19:51:55 2021 India Standard Time elapsed time: 15 seconds (0d 0h 0m 15s)

---------------  T H R E A D  ---------------

Current thread (0x0000022d11847800):  JavaThread "C2 CompilerThread0" daemon [_thread_in_native, id=49480, stack(0x000000722eb00000,0x000000722ec00000)]


Current CompileTask:
C2:  15150 9751       4       java.net.URLClassLoader$1::run (5 bytes)

Stack: [0x000000722eb00000,0x000000722ec00000]
Native frames: (J=compiled Java code, j=interpreted, Vv=VM code, C=native code)
V  [jvm.dll+0x5de50a]
V  [jvm.dll+0x7122f5]
V  [jvm.dll+0x71384d]
V  [jvm.dll+0x713f03]
V  [jvm.dll+0x23e728]
V  [jvm.dll+0xb899c]
V  [jvm.dll+0xb8e9c]
V  [jvm.dll+0x35020b]
V  [jvm.dll+0x31dea3]
V  [jvm.dll+0x31d39a]
V  [jvm.dll+0x1f7702]
V  [jvm.dll+0x1f68d4]
V  [jvm.dll+0x17f32c]
V  [jvm.dll+0x205047]
V  [jvm.dll+0x203891]
V  [jvm.dll+0x6dad3f]
V  [jvm.dll+0x6d3895]
V  [jvm.dll+0x5dd4a6]
C  [ucrtbase.dll+0x21bb2]
C  [KERNEL32.DLL+0x17034]
C  [ntdll.dll+0x52651]


---------------  P R O C E S S  ---------------

Threads class SMR info:
_java_thread_list=0x0000022d15160860, length=67, elements={
0x0000022d7602a000, 0x0000022d7fb03000, 0x0000022d7fb05800, 0x0000022d7fb10000,
0x0000022d11844800, 0x0000022d11847800, 0x0000022d11851800, 0x0000022d7fb21000,
0x0000022d1199c800, 0x0000022d119b5800, 0x0000022d13338800, 0x0000022d11be6800,
0x0000022d1356f000, 0x0000022d131a6800, 0x0000022d12cfe800, 0x0000022d1439e000,
0x0000022d1385f000, 0x0000022d1393d000, 0x0000022d13435000, 0x0000022d14164000,
0x0000022d13733000, 0x0000022d13730800, 0x0000022d1372f000, 0x0000022d13be4800,
0x0000022d13734000, 0x0000022d13730000, 0x0000022d13732800, 0x0000022d13735800,
0x0000022d13731800, 0x0000022d13734800, 0x0000022d14d92800, 0x0000022d14d90800,
0x0000022d14d8e800, 0x0000022d14d91800, 0x0000022d14d90000, 0x0000022d14d8f000,
0x0000022d14d99000, 0x0000022d14d9b800, 0x0000022d14d95800, 0x0000022d14d99800,
0x0000022d14d97800, 0x0000022d14d98000, 0x0000022d14d9a800, 0x0000022d14d9c000,
0x0000022d14d96800, 0x0000022d14d9d000, 0x0000022d17e32800, 0x0000022d17e2e000,
0x0000022d17e2d800, 0x0000022d17e30000, 0x0000022d1a0d7000, 0x0000022d17e2f000,
0x0000022d17e2c800, 0x0000022d17e30800, 0x0000022d17e33000, 0x0000022d13e80800,
0x0000022d13e86800, 0x0000022d13e82800, 0x0000022d13e84800, 0x0000022d13e83000,
0x0000022d13e84000, 0x0000022d13e81800, 0x0000022d13e87000, 0x0000022d13e88000,
0x0000022d13e89800, 0x0000022d13e8a800, 0x0000022d13e8b000
}

Java Threads: ( => current thread )
  0x0000022d7602a000 JavaThread "main" [_thread_blocked, id=46980, stack(0x000000722e000000,0x000000722e100000)]
  0x0000022d7fb03000 JavaThread "Reference Handler" daemon [_thread_blocked, id=52384, stack(0x000000722e700000,0x000000722e800000)]
  0x0000022d7fb05800 JavaThread "Finalizer" daemon [_thread_blocked, id=37768, stack(0x000000722e800000,0x000000722e900000)]
  0x0000022d7fb10000 JavaThread "Signal Dispatcher" daemon [_thread_blocked, id=49560, stack(0x000000722e900000,0x000000722ea00000)]
  0x0000022d11844800 JavaThread "Attach Listener" daemon [_thread_blocked, id=44740, stack(0x000000722ea00000,0x000000722eb00000)]
=>0x0000022d11847800 JavaThread "C2 CompilerThread0" daemon [_thread_in_native, id=49480, stack(0x000000722eb00000,0x000000722ec00000)]
  0x0000022d11851800 JavaThread "C1 CompilerThread0" daemon [_thread_blocked, id=42488, stack(0x000000722ec00000,0x000000722ed00000)]
  0x0000022d7fb21000 JavaThread "Sweeper thread" daemon [_thread_blocked, id=41148, stack(0x000000722ed00000,0x000000722ee00000)]
  0x0000022d1199c800 JavaThread "Common-Cleaner" daemon [_thread_blocked, id=51908, stack(0x000000722ee00000,0x000000722ef00000)]
  0x0000022d119b5800 JavaThread "Service Thread" daemon [_thread_blocked, id=52800, stack(0x000000722ef00000,0x000000722f000000)]
  0x0000022d13338800 JavaThread "Daemon health stats" [_thread_blocked, id=53004, stack(0x000000722f500000,0x000000722f600000)]
  0x0000022d11be6800 JavaThread "Incoming local TCP Connector on port 62662" [_thread_in_native, id=27076, stack(0x000000722f100000,0x000000722f200000)]
  0x0000022d1356f000 JavaThread "Daemon periodic checks" [_thread_blocked, id=50700, stack(0x000000722f200000,0x000000722f300000)]
  0x0000022d131a6800 JavaThread "Daemon" [_thread_blocked, id=23652, stack(0x000000722f600000,0x000000722f700000)]
  0x0000022d12cfe800 JavaThread "Handler for socket connection from /127.0.0.1:62662 to /127.0.0.1:62663" [_thread_in_native, id=53324, stack(0x000000722f700000,0x000000722f800000)]
  0x0000022d1439e000 JavaThread "Cancel handler" [_thread_blocked, id=50640, stack(0x000000722f800000,0x000000722f900000)]
  0x0000022d1385f000 JavaThread "Daemon worker" [_thread_blocked, id=53948, stack(0x000000722f900000,0x000000722fa00000)]
  0x0000022d1393d000 JavaThread "Asynchronous log dispatcher for DefaultDaemonConnection: socket connection from /127.0.0.1:62662 to /127.0.0.1:62663" [_thread_blocked, id=52720, stack(0x000000722fa00000,0x000000722fb00000)]
  0x0000022d13435000 JavaThread "Stdin handler" [_thread_blocked, id=45644, stack(0x000000722fb00000,0x000000722fc00000)]
  0x0000022d14164000 JavaThread "Daemon client event forwarder" [_thread_blocked, id=42728, stack(0x000000722fc00000,0x000000722fd00000)]
  0x0000022d13733000 JavaThread "Cache worker for file hash cache (C:\Users\Dark Knight\.gradle\caches\7.0.2\fileHashes)" [_thread_blocked, id=51008, stack(0x0000007230200000,0x0000007230300000)]
  0x0000022d13730800 JavaThread "File lock request listener" [_thread_in_native, id=35912, stack(0x0000007230300000,0x0000007230400000)]
  0x0000022d1372f000 JavaThread "Cache worker for journal cache (C:\Users\Dark Knight\.gradle\caches\journal-1)" [_thread_blocked, id=34496, stack(0x0000007230500000,0x0000007230600000)]
  0x0000022d13be4800 JavaThread "C2 CompilerThread1" daemon [_thread_in_native, id=32668, stack(0x0000007230600000,0x0000007230700000)]
  0x0000022d13734000 JavaThread "Cache worker for file hash cache (C:\Android Projects\Udemy TUTORIAL\7MinuteWorkout2\.gradle\7.0.2\fileHashes)" [_thread_blocked, id=52856, stack(0x0000007230700000,0x0000007230800000)]
  0x0000022d13730000 JavaThread "File watcher server" daemon [_thread_in_native, id=53660, stack(0x0000007230800000,0x0000007230900000)]
  0x0000022d13732800 JavaThread "File watcher consumer" daemon [_thread_blocked, id=33740, stack(0x0000007230900000,0x0000007230a00000)]
  0x0000022d13735800 JavaThread "Cache worker for checksums cache (C:\Android Projects\Udemy TUTORIAL\7MinuteWorkout2\.gradle\checksums)" [_thread_blocked, id=52904, stack(0x0000007230a00000,0x0000007230b00000)]
  0x0000022d13731800 JavaThread "Cache worker for cache directory md-supplier (C:\Users\Dark Knight\.gradle\caches\7.0.2\md-supplier)" [_thread_blocked, id=48760, stack(0x0000007230b00000,0x0000007230c00000)]
  0x0000022d13734800 JavaThread "Cache worker for cache directory md-rule (C:\Users\Dark Knight\.gradle\caches\7.0.2\md-rule)" [_thread_blocked, id=28896, stack(0x0000007230c00000,0x0000007230d00000)]
  0x0000022d14d92800 JavaThread "Cache worker for execution history cache (C:\Users\Dark Knight\.gradle\caches\7.0.2\executionHistory)" [_thread_blocked, id=45320, stack(0x0000007230e00000,0x0000007230f00000)]
  0x0000022d14d90800 JavaThread "jar transforms" [_thread_blocked, id=49280, stack(0x0000007230f00000,0x0000007231000000)]
  0x0000022d14d8e800 JavaThread "jar transforms Thread 2" [_thread_blocked, id=54356, stack(0x0000007231000000,0x0000007231100000)]
  0x0000022d14d91800 JavaThread "Cache worker for file content cache (C:\Users\Dark Knight\.gradle\caches\7.0.2\fileContent)" [_thread_blocked, id=31908, stack(0x0000007231100000,0x0000007231200000)]
  0x0000022d14d90000 JavaThread "Cache worker for dependencies-accessors (C:\Android Projects\Udemy TUTORIAL\7MinuteWorkout2\.gradle\7.0.2\dependencies-accessors)" [_thread_blocked, id=10340, stack(0x0000007231200000,0x0000007231300000)]
  0x0000022d14d8f000 JavaThread "jar transforms Thread 3" [_thread_blocked, id=46604, stack(0x0000007231300000,0x0000007231400000)]
  0x0000022d14d99000 JavaThread "Cache worker for Build Output Cleanup Cache (C:\Android Projects\Udemy TUTORIAL\7MinuteWorkout2\.gradle\buildOutputCleanup)" [_thread_blocked, id=33380, stack(0x0000007231400000,0x0000007231500000)]
  0x0000022d14d9b800 JavaThread "Build operations" [_thread_blocked, id=40944, stack(0x0000007231500000,0x0000007231600000)]
  0x0000022d14d95800 JavaThread "Build operations Thread 2" [_thread_blocked, id=46968, stack(0x0000007231600000,0x0000007231700000)]
  0x0000022d14d99800 JavaThread "Build operations Thread 3" [_thread_blocked, id=40732, stack(0x0000007231700000,0x0000007231800000)]
  0x0000022d14d97800 JavaThread "Build operations Thread 4" [_thread_blocked, id=41176, stack(0x0000007231800000,0x0000007231900000)]
  0x0000022d14d98000 JavaThread "Build operations Thread 5" [_thread_blocked, id=51920, stack(0x0000007231900000,0x0000007231a00000)]
  0x0000022d14d9a800 JavaThread "Build operations Thread 6" [_thread_blocked, id=40036, stack(0x0000007231a00000,0x0000007231b00000)]
  0x0000022d14d9c000 JavaThread "Build operations Thread 7" [_thread_blocked, id=50448, stack(0x0000007231b00000,0x0000007231c00000)]
  0x0000022d14d96800 JavaThread "Build operations Thread 8" [_thread_blocked, id=40564, stack(0x0000007231c00000,0x0000007231d00000)]
  0x0000022d14d9d000 JavaThread "jar transforms Thread 4" [_thread_blocked, id=45120, stack(0x0000007231d00000,0x0000007231e00000)]
  0x0000022d17e32800 JavaThread "jar transforms Thread 5" [_thread_blocked, id=54016, stack(0x0000007231e00000,0x0000007231f00000)]
  0x0000022d17e2e000 JavaThread "jar transforms Thread 6" [_thread_blocked, id=50808, stack(0x0000007231f00000,0x0000007232000000)]
  0x0000022d17e2d800 JavaThread "jar transforms Thread 7" [_thread_blocked, id=52884, stack(0x0000007232000000,0x0000007232100000)]
  0x0000022d17e30000 JavaThread "jar transforms Thread 8" [_thread_blocked, id=40372, stack(0x0000007232100000,0x0000007232200000)]
  0x0000022d1a0d7000 JavaThread "C2 CompilerThread2" daemon [_thread_in_native, id=38300, stack(0x0000007230d00000,0x0000007230e00000)]
  0x0000022d17e2f000 JavaThread "Memory manager" [_thread_blocked, id=47376, stack(0x0000007232200000,0x0000007232300000)]
  0x0000022d17e2c800 JavaThread "build event listener" [_thread_blocked, id=51280, stack(0x0000007232300000,0x0000007232400000)]
  0x0000022d17e30800 JavaThread "pool-3-thread-1" [_thread_blocked, id=45596, stack(0x0000007232400000,0x0000007232500000)]
  0x0000022d17e33000 JavaThread "build event listener" [_thread_blocked, id=21536, stack(0x0000007232500000,0x0000007232600000)]
  0x0000022d13e80800 JavaThread "Execution worker for ':'" [_thread_blocked, id=48476, stack(0x0000007232600000,0x0000007232700000)]
  0x0000022d13e86800 JavaThread "Execution worker for ':' Thread 2" [_thread_blocked, id=51004, stack(0x0000007232700000,0x0000007232800000)]
  0x0000022d13e82800 JavaThread "Execution worker for ':' Thread 3" [_thread_blocked, id=32624, stack(0x0000007232800000,0x0000007232900000)]
  0x0000022d13e84800 JavaThread "Execution worker for ':' Thread 4" [_thread_blocked, id=44396, stack(0x0000007232900000,0x0000007232a00000)]
  0x0000022d13e83000 JavaThread "Execution worker for ':' Thread 5" [_thread_blocked, id=14700, stack(0x0000007232a00000,0x0000007232b00000)]
  0x0000022d13e84000 JavaThread "Execution worker for ':' Thread 6" [_thread_blocked, id=12268, stack(0x0000007232b00000,0x0000007232c00000)]
  0x0000022d13e81800 JavaThread "Execution worker for ':' Thread 7" [_thread_blocked, id=54884, stack(0x0000007232c00000,0x0000007232d00000)]
  0x0000022d13e87000 JavaThread "Cache worker for execution history cache (C:\Android Projects\Udemy TUTORIAL\7MinuteWorkout2\.gradle\7.0.2\executionHistory)" [_thread_blocked, id=51240, stack(0x0000007232d00000,0x0000007232e00000)]
  0x0000022d13e88000 JavaThread "WorkerExecutor Queue" [_thread_blocked, id=51932, stack(0x0000007232e00000,0x0000007232f00000)]
  0x0000022d13e89800 JavaThread "pool-4-thread-1" [_thread_blocked, id=3944, stack(0x0000007232f00000,0x0000007233000000)]
  0x0000022d13e8a800 JavaThread "stderr" [_thread_in_native, id=48116, stack(0x0000007233000000,0x0000007233100000)]
  0x0000022d13e8b000 JavaThread "stdout" [_thread_in_native, id=48228, stack(0x0000007233100000,0x0000007233200000)]

Other Threads:
  0x0000022d7fafe000 VMThread "VM Thread" [stack: 0x000000722e600000,0x000000722e700000] [id=29364]
  0x0000022d119b6800 WatcherThread [stack: 0x000000722f000000,0x000000722f100000] [id=44024]
  0x0000022d76042800 GCTaskThread "GC Thread#0" [stack: 0x000000722e100000,0x000000722e200000] [id=4200]
  0x0000022d126e7800 GCTaskThread "GC Thread#1" [stack: 0x000000722f300000,0x000000722f400000] [id=29672]
  0x0000022d11cea800 GCTaskThread "GC Thread#2" [stack: 0x000000722f400000,0x000000722f500000] [id=54644]
  0x0000022d12c2b800 GCTaskThread "GC Thread#3" [stack: 0x000000722fd00000,0x000000722fe00000] [id=55112]
  0x0000022d13505000 GCTaskThread "GC Thread#4" [stack: 0x000000722fe00000,0x000000722ff00000] [id=31244]
  0x0000022d1390f800 GCTaskThread "GC Thread#5" [stack: 0x000000722ff00000,0x0000007230000000] [id=48728]
  0x0000022d11cc4800 GCTaskThread "GC Thread#6" [stack: 0x0000007230000000,0x0000007230100000] [id=45656]
  0x0000022d12c5c800 GCTaskThread "GC Thread#7" [stack: 0x0000007230100000,0x0000007230200000] [id=8904]
  0x0000022d76076800 ConcurrentGCThread "G1 Main Marker" [stack: 0x000000722e200000,0x000000722e300000] [id=49848]
  0x0000022d76078000 ConcurrentGCThread "G1 Conc#0" [stack: 0x000000722e300000,0x000000722e400000] [id=52508]
  0x0000022d12fca000 ConcurrentGCThread "G1 Conc#1" [stack: 0x0000007230400000,0x0000007230500000] [id=53020]
  0x0000022d76108000 ConcurrentGCThread "G1 Refine#0" [stack: 0x000000722e400000,0x000000722e500000] [id=53920]
  0x0000022d7f950800 ConcurrentGCThread "G1 Young RemSet Sampling" [stack: 0x000000722e500000,0x000000722e600000] [id=17268]

Threads with active compile tasks:
C2 CompilerThread0  15191 9751       4       java.net.URLClassLoader$1::run (5 bytes)
C2 CompilerThread1  15192 9750   !   4       java.net.URLClassLoader$1::run (63 bytes)
C2 CompilerThread2  15192 8773       4       org.gradle.internal.snapshot.DirectorySnapshot$$Lambda$1013/0x0000000100b3e440::accept (20 bytes)

VM state:not at safepoint (normal execution)

VM Mutex/Monitor currently owned by a thread: None

Heap address: 0x0000000080000000, size: 2048 MB, Compressed Oops mode: 32-bit
Narrow klass base: 0x0000000000000000, Narrow klass shift: 3
Compressed class space size: 1073741824 Address: 0x0000000100000000

Heap:
 garbage-first heap   total 189440K, used 128617K [0x0000000080000000, 0x0000000100000000)
  region size 1024K, 63 young (64512K), 7 survivors (7168K)
 Metaspace       used 87591K, capacity 89846K, committed 90060K, reserved 1126400K
  class space    used 11321K, capacity 12154K, committed 12236K, reserved 1048576K
Heap Regions: E=young(eden), S=young(survivor), O=old, HS=humongous(starts), HC=humongous(continues), CS=collection set, F=free, A=archive, TAMS=top-at-mark-start (previous, next)
|   0|0x0000000080000000, 0x0000000080100000, 0x0000000080100000|100%| O|  |TAMS 0x0000000080100000, 0x0000000080000000| Untracked 
|   1|0x0000000080100000, 0x0000000080200000, 0x0000000080200000|100%| O|  |TAMS 0x0000000080200000, 0x0000000080100000| Untracked 
|   2|0x0000000080200000, 0x0000000080300000, 0x0000000080300000|100%| O|  |TAMS 0x0000000080300000, 0x0000000080200000| Untracked 
|   3|0x0000000080300000, 0x0000000080400000, 0x0000000080400000|100%|HS|  |TAMS 0x0000000080400000, 0x0000000080300000| Complete 
|   4|0x0000000080400000, 0x0000000080500000, 0x0000000080500000|100%|HC|  |TAMS 0x0000000080500000, 0x0000000080400000| Complete 
|   5|0x0000000080500000, 0x0000000080600000, 0x0000000080600000|100%|HC|  |TAMS 0x0000000080600000, 0x0000000080500000| Complete 
|   6|0x0000000080600000, 0x0000000080700000, 0x0000000080700000|100%| O|  |TAMS 0x0000000080700000, 0x0000000080600000| Untracked 
|   7|0x0000000080700000, 0x0000000080800000, 0x0000000080800000|100%| O|  |TAMS 0x0000000080800000, 0x0000000080700000| Untracked 
|   8|0x0000000080800000, 0x0000000080900000, 0x0000000080900000|100%| O|  |TAMS 0x0000000080900000, 0x0000000080800000| Untracked 
|   9|0x0000000080900000, 0x0000000080a00000, 0x0000000080a00000|100%| O|  |TAMS 0x0000000080a00000, 0x0000000080900000| Untracked 
|  10|0x0000000080a00000, 0x0000000080b00000, 0x0000000080b00000|100%| O|  |TAMS 0x0000000080b00000, 0x0000000080a00000| Untracked 
|  11|0x0000000080b00000, 0x0000000080c00000, 0x0000000080c00000|100%| O|  |TAMS 0x0000000080c00000, 0x0000000080b00000| Untracked 
|  12|0x0000000080c00000, 0x0000000080d00000, 0x0000000080d00000|100%| O|  |TAMS 0x0000000080d00000, 0x0000000080c00000| Untracked 
|  13|0x0000000080d00000, 0x0000000080e00000, 0x0000000080e00000|100%| O|  |TAMS 0x0000000080e00000, 0x0000000080d00000| Untracked 
|  14|0x0000000080e00000, 0x0000000080f00000, 0x0000000080f00000|100%| O|  |TAMS 0x0000000080f00000, 0x0000000080e00000| Untracked 
|  15|0x0000000080f00000, 0x0000000081000000, 0x0000000081000000|100%| O|  |TAMS 0x0000000081000000, 0x0000000080f00000| Untracked 
|  16|0x0000000081000000, 0x0000000081100000, 0x0000000081100000|100%|HS|  |TAMS 0x0000000081100000, 0x0000000081000000| Complete 
|  17|0x0000000081100000, 0x0000000081200000, 0x0000000081200000|100%| O|  |TAMS 0x0000000081200000, 0x0000000081100000| Untracked 
|  18|0x0000000081200000, 0x0000000081300000, 0x0000000081300000|100%| O|  |TAMS 0x0000000081300000, 0x0000000081200000| Untracked 
|  19|0x0000000081300000, 0x0000000081400000, 0x0000000081400000|100%| O|  |TAMS 0x0000000081400000, 0x0000000081300000| Untracked 
|  20|0x0000000081400000, 0x0000000081500000, 0x0000000081500000|100%| O|  |TAMS 0x0000000081500000, 0x0000000081400000| Untracked 
|  21|0x0000000081500000, 0x0000000081600000, 0x0000000081600000|100%| O|  |TAMS 0x0000000081600000, 0x0000000081500000| Untracked 
|  22|0x0000000081600000, 0x0000000081700000, 0x0000000081700000|100%| O|  |TAMS 0x0000000081700000, 0x0000000081600000| Untracked 
|  23|0x0000000081700000, 0x0000000081800000, 0x0000000081800000|100%| O|  |TAMS 0x0000000081800000, 0x0000000081700000| Untracked 
|  24|0x0000000081800000, 0x0000000081900000, 0x0000000081900000|100%| O|  |TAMS 0x0000000081900000, 0x0000000081800000| Untracked 
|  25|0x0000000081900000, 0x0000000081a00000, 0x0000000081a00000|100%| O|  |TAMS 0x0000000081a00000, 0x0000000081900000| Untracked 
|  26|0x0000000081a00000, 0x0000000081b00000, 0x0000000081b00000|100%| O|  |TAMS 0x0000000081b00000, 0x0000000081a00000| Untracked 
|  27|0x0000000081b00000, 0x0000000081c00000, 0x0000000081c00000|100%|HS|  |TAMS 0x0000000081c00000, 0x0000000081b00000| Complete 
|  28|0x0000000081c00000, 0x0000000081d00000, 0x0000000081d00000|100%|HS|  |TAMS 0x0000000081d00000, 0x0000000081c00000| Complete 
|  29|0x0000000081d00000, 0x0000000081e00000, 0x0000000081e00000|100%|HC|  |TAMS 0x0000000081e00000, 0x0000000081d00000| Complete 
|  30|0x0000000081e00000, 0x0000000081f00000, 0x0000000081f00000|100%|HC|  |TAMS 0x0000000081f00000, 0x0000000081e00000| Complete 
|  31|0x0000000081f00000, 0x0000000082000000, 0x0000000082000000|100%|HS|  |TAMS 0x0000000082000000, 0x0000000081f00000| Complete 
|  32|0x0000000082000000, 0x0000000082100000, 0x0000000082100000|100%|HC|  |TAMS 0x0000000082100000, 0x0000000082000000| Complete 
|  33|0x0000000082100000, 0x0000000082200000, 0x0000000082200000|100%| O|  |TAMS 0x0000000082200000, 0x0000000082100000| Untracked 
|  34|0x0000000082200000, 0x0000000082300000, 0x0000000082300000|100%| O|  |TAMS 0x0000000082300000, 0x0000000082200000| Untracked 
|  35|0x0000000082300000, 0x0000000082400000, 0x0000000082400000|100%| O|  |TAMS 0x0000000082400000, 0x0000000082300000| Untracked 
|  36|0x0000000082400000, 0x0000000082500000, 0x0000000082500000|100%| O|  |TAMS 0x0000000082500000, 0x0000000082400000| Untracked 
|  37|0x0000000082500000, 0x0000000082600000, 0x0000000082600000|100%| O|  |TAMS 0x0000000082600000, 0x0000000082500000| Untracked 
|  38|0x0000000082600000, 0x0000000082700000, 0x0000000082700000|100%| O|  |TAMS 0x0000000082700000, 0x0000000082600000| Untracked 
|  39|0x0000000082700000, 0x0000000082800000, 0x0000000082800000|100%| O|  |TAMS 0x0000000082800000, 0x0000000082700000| Untracked 
|  40|0x0000000082800000, 0x0000000082900000, 0x0000000082900000|100%| O|  |TAMS 0x0000000082900000, 0x0000000082800000| Untracked 
|  41|0x0000000082900000, 0x0000000082a00000, 0x0000000082a00000|100%| O|  |TAMS 0x0000000082a00000, 0x0000000082900000| Untracked 
|  42|0x0000000082a00000, 0x0000000082b00000, 0x0000000082b00000|100%| O|  |TAMS 0x0000000082b00000, 0x0000000082a00000| Untracked 
|  43|0x0000000082b00000, 0x0000000082c00000, 0x0000000082c00000|100%| O|  |TAMS 0x0000000082c00000, 0x0000000082b00000| Untracked 
|  44|0x0000000082c00000, 0x0000000082d00000, 0x0000000082d00000|100%| O|  |TAMS 0x0000000082c9fe00, 0x0000000082c00000| Untracked 
|  45|0x0000000082d00000, 0x0000000082e00000, 0x0000000082e00000|100%| O|  |TAMS 0x0000000082d00000, 0x0000000082d00000| Untracked 
|  46|0x0000000082e00000, 0x0000000082f00000, 0x0000000082f00000|100%| O|  |TAMS 0x0000000082e00000, 0x0000000082e00000| Untracked 
|  47|0x0000000082f00000, 0x0000000083000000, 0x0000000083000000|100%| O|  |TAMS 0x0000000082f00000, 0x0000000082f00000| Untracked 
|  48|0x0000000083000000, 0x0000000083100000, 0x0000000083100000|100%| O|  |TAMS 0x0000000083000000, 0x0000000083000000| Untracked 
|  49|0x0000000083100000, 0x0000000083200000, 0x0000000083200000|100%| O|  |TAMS 0x0000000083100000, 0x0000000083100000| Untracked 
|  50|0x0000000083200000, 0x0000000083300000, 0x0000000083300000|100%| O|  |TAMS 0x0000000083200000, 0x0000000083200000| Untracked 
|  51|0x0000000083300000, 0x0000000083400000, 0x0000000083400000|100%| O|  |TAMS 0x0000000083300000, 0x0000000083300000| Untracked 
|  52|0x0000000083400000, 0x0000000083500000, 0x0000000083500000|100%| O|  |TAMS 0x0000000083400000, 0x0000000083400000| Untracked 
|  53|0x0000000083500000, 0x0000000083600000, 0x0000000083600000|100%| O|  |TAMS 0x0000000083500000, 0x0000000083500000| Untracked 
|  54|0x0000000083600000, 0x0000000083700000, 0x0000000083700000|100%| O|  |TAMS 0x0000000083600000, 0x0000000083600000| Untracked 
|  55|0x0000000083700000, 0x0000000083800000, 0x0000000083800000|100%| O|  |TAMS 0x0000000083700000, 0x0000000083700000| Untracked 
|  56|0x0000000083800000, 0x0000000083900000, 0x0000000083900000|100%| O|  |TAMS 0x0000000083800000, 0x0000000083800000| Untracked 
|  57|0x0000000083900000, 0x0000000083a00000, 0x0000000083a00000|100%| O|  |TAMS 0x0000000083900000, 0x0000000083900000| Untracked 
|  58|0x0000000083a00000, 0x0000000083b00000, 0x0000000083b00000|100%| O|  |TAMS 0x0000000083a00000, 0x0000000083a00000| Untracked 
|  59|0x0000000083b00000, 0x0000000083c00000, 0x0000000083c00000|100%| O|  |TAMS 0x0000000083b00000, 0x0000000083b00000| Untracked 
|  60|0x0000000083c00000, 0x0000000083d00000, 0x0000000083d00000|100%| O|  |TAMS 0x0000000083c00000, 0x0000000083c00000| Untracked 
|  61|0x0000000083d00000, 0x0000000083e00000, 0x0000000083e00000|100%| O|  |TAMS 0x0000000083d00000, 0x0000000083d00000| Untracked 
|  62|0x0000000083e00000, 0x0000000083f00000, 0x0000000083f00000|100%| O|  |TAMS 0x0000000083e00000, 0x0000000083e00000| Untracked 
|  63|0x0000000083f00000, 0x0000000084000000, 0x0000000084000000|100%| O|  |TAMS 0x0000000083f00000, 0x0000000083f00000| Untracked 
|  64|0x0000000084000000, 0x0000000084100000, 0x0000000084100000|100%| O|  |TAMS 0x0000000084000000, 0x0000000084000000| Untracked 
|  65|0x0000000084100000, 0x0000000084145a00, 0x0000000084200000| 27%| O|  |TAMS 0x0000000084100000, 0x0000000084100000| Untracked 
|  66|0x0000000084200000, 0x0000000084200000, 0x0000000084300000|  0%| F|  |TAMS 0x0000000084200000, 0x0000000084200000| Untracked 
|  67|0x0000000084300000, 0x0000000084300000, 0x0000000084400000|  0%| F|  |TAMS 0x0000000084300000, 0x0000000084300000| Untracked 
|  68|0x0000000084400000, 0x0000000084400000, 0x0000000084500000|  0%| F|  |TAMS 0x0000000084400000, 0x0000000084400000| Untracked 
|  69|0x0000000084500000, 0x0000000084500000, 0x0000000084600000|  0%| F|  |TAMS 0x0000000084500000, 0x0000000084500000| Untracked 
|  70|0x0000000084600000, 0x0000000084600000, 0x0000000084700000|  0%| F|  |TAMS 0x0000000084600000, 0x0000000084600000| Untracked 
|  71|0x0000000084700000, 0x0000000084700000, 0x0000000084800000|  0%| F|  |TAMS 0x0000000084700000, 0x0000000084700000| Untracked 
|  72|0x0000000084800000, 0x0000000084800000, 0x0000000084900000|  0%| F|  |TAMS 0x0000000084800000, 0x0000000084800000| Untracked 
|  73|0x0000000084900000, 0x0000000084900000, 0x0000000084a00000|  0%| F|  |TAMS 0x0000000084900000, 0x0000000084900000| Untracked 
|  74|0x0000000084a00000, 0x0000000084a00000, 0x0000000084b00000|  0%| F|  |TAMS 0x0000000084a00000, 0x0000000084a00000| Untracked 
|  75|0x0000000084b00000, 0x0000000084b00000, 0x0000000084c00000|  0%| F|  |TAMS 0x0000000084b00000, 0x0000000084b00000| Untracked 
|  76|0x0000000084c00000, 0x0000000084c00000, 0x0000000084d00000|  0%| F|  |TAMS 0x0000000084c00000, 0x0000000084c00000| Untracked 
|  77|0x0000000084d00000, 0x0000000084d00000, 0x0000000084e00000|  0%| F|  |TAMS 0x0000000084d00000, 0x0000000084d00000| Untracked 
|  78|0x0000000084e00000, 0x0000000084e00000, 0x0000000084f00000|  0%| F|  |TAMS 0x0000000084e00000, 0x0000000084e00000| Untracked 
|  79|0x0000000084f00000, 0x0000000084f00000, 0x0000000085000000|  0%| F|  |TAMS 0x0000000084f00000, 0x0000000084f00000| Untracked 
|  80|0x0000000085000000, 0x0000000085000000, 0x0000000085100000|  0%| F|  |TAMS 0x0000000085000000, 0x0000000085000000| Untracked 
|  81|0x0000000085100000, 0x0000000085100000, 0x0000000085200000|  0%| F|  |TAMS 0x0000000085100000, 0x0000000085100000| Untracked 
|  82|0x0000000085200000, 0x0000000085200000, 0x0000000085300000|  0%| F|  |TAMS 0x0000000085200000, 0x0000000085200000| Untracked 
|  83|0x0000000085300000, 0x0000000085300000, 0x0000000085400000|  0%| F|  |TAMS 0x0000000085300000, 0x0000000085300000| Untracked 
|  84|0x0000000085400000, 0x0000000085400000, 0x0000000085500000|  0%| F|  |TAMS 0x0000000085400000, 0x0000000085400000| Untracked 
|  85|0x0000000085500000, 0x0000000085500000, 0x0000000085600000|  0%| F|  |TAMS 0x0000000085500000, 0x0000000085500000| Untracked 
|  86|0x0000000085600000, 0x0000000085600000, 0x0000000085700000|  0%| F|  |TAMS 0x0000000085600000, 0x0000000085600000| Untracked 
|  87|0x0000000085700000, 0x0000000085754c50, 0x0000000085800000| 33%| S|CS|TAMS 0x0000000085700000, 0x0000000085700000| Complete 
|  88|0x0000000085800000, 0x0000000085900000, 0x0000000085900000|100%| S|CS|TAMS 0x0000000085800000, 0x0000000085800000| Complete 
|  89|0x0000000085900000, 0x0000000085900000, 0x0000000085a00000|  0%| F|  |TAMS 0x0000000085900000, 0x0000000085900000| Untracked 
|  90|0x0000000085a00000, 0x0000000085a00000, 0x0000000085b00000|  0%| F|  |TAMS 0x0000000085a00000, 0x0000000085a00000| Untracked 
|  91|0x0000000085b00000, 0x0000000085b00000, 0x0000000085c00000|  0%| F|  |TAMS 0x0000000085b00000, 0x0000000085b00000| Untracked 
|  92|0x0000000085c00000, 0x0000000085c00000, 0x0000000085d00000|  0%| F|  |TAMS 0x0000000085c00000, 0x0000000085c00000| Untracked 
|  93|0x0000000085d00000, 0x0000000085e00000, 0x0000000085e00000|100%| S|CS|TAMS 0x0000000085d00000, 0x0000000085d00000| Complete 
|  94|0x0000000085e00000, 0x0000000085f00000, 0x0000000085f00000|100%| S|CS|TAMS 0x0000000085e00000, 0x0000000085e00000| Complete 
|  95|0x0000000085f00000, 0x0000000086000000, 0x0000000086000000|100%| S|CS|TAMS 0x0000000085f00000, 0x0000000085f00000| Complete 
|  96|0x0000000086000000, 0x0000000086100000, 0x0000000086100000|100%| S|CS|TAMS 0x0000000086000000, 0x0000000086000000| Complete 
|  97|0x0000000086100000, 0x0000000086100000, 0x0000000086200000|  0%| F|  |TAMS 0x0000000086100000, 0x0000000086100000| Untracked 
|  98|0x0000000086200000, 0x0000000086200000, 0x0000000086300000|  0%| F|  |TAMS 0x0000000086200000, 0x0000000086200000| Untracked 
|  99|0x0000000086300000, 0x0000000086300000, 0x0000000086400000|  0%| F|  |TAMS 0x0000000086300000, 0x0000000086300000| Untracked 
| 100|0x0000000086400000, 0x0000000086500000, 0x0000000086500000|100%| S|CS|TAMS 0x0000000086400000, 0x0000000086400000| Complete 
| 101|0x0000000086500000, 0x0000000086500000, 0x0000000086600000|  0%| F|  |TAMS 0x0000000086500000, 0x0000000086500000| Untracked 
| 102|0x0000000086600000, 0x0000000086600000, 0x0000000086700000|  0%| F|  |TAMS 0x0000000086600000, 0x0000000086600000| Untracked 
| 103|0x0000000086700000, 0x0000000086700000, 0x0000000086800000|  0%| F|  |TAMS 0x0000000086700000, 0x0000000086700000| Untracked 
| 104|0x0000000086800000, 0x0000000086800000, 0x0000000086900000|  0%| F|  |TAMS 0x0000000086800000, 0x0000000086800000| Untracked 
| 105|0x0000000086900000, 0x0000000086900000, 0x0000000086a00000|  0%| F|  |TAMS 0x0000000086900000, 0x0000000086900000| Untracked 
| 106|0x0000000086a00000, 0x0000000086a00000, 0x0000000086b00000|  0%| F|  |TAMS 0x0000000086a00000, 0x0000000086a00000| Untracked 
| 107|0x0000000086b00000, 0x0000000086b00000, 0x0000000086c00000|  0%| F|  |TAMS 0x0000000086b00000, 0x0000000086b00000| Untracked 
| 108|0x0000000086c00000, 0x0000000086c00000, 0x0000000086d00000|  0%| F|  |TAMS 0x0000000086c00000, 0x0000000086c00000| Untracked 
| 109|0x0000000086d00000, 0x0000000086d00000, 0x0000000086e00000|  0%| F|  |TAMS 0x0000000086d00000, 0x0000000086d00000| Untracked 
| 110|0x0000000086e00000, 0x0000000086e00000, 0x0000000086f00000|  0%| F|  |TAMS 0x0000000086e00000, 0x0000000086e00000| Untracked 
| 111|0x0000000086f00000, 0x0000000086f00000, 0x0000000087000000|  0%| F|  |TAMS 0x0000000086f00000, 0x0000000086f00000| Untracked 
| 112|0x0000000087000000, 0x0000000087000000, 0x0000000087100000|  0%| F|  |TAMS 0x0000000087000000, 0x0000000087000000| Untracked 
| 113|0x0000000087100000, 0x0000000087100000, 0x0000000087200000|  0%| F|  |TAMS 0x0000000087100000, 0x0000000087100000| Untracked 
| 114|0x0000000087200000, 0x0000000087200000, 0x0000000087300000|  0%| F|  |TAMS 0x0000000087200000, 0x0000000087200000| Untracked 
| 115|0x0000000087300000, 0x0000000087300000, 0x0000000087400000|  0%| F|  |TAMS 0x0000000087300000, 0x0000000087300000| Untracked 
| 116|0x0000000087400000, 0x0000000087400000, 0x0000000087500000|  0%| F|  |TAMS 0x0000000087400000, 0x0000000087400000| Untracked 
| 117|0x0000000087500000, 0x0000000087500000, 0x0000000087600000|  0%| F|  |TAMS 0x0000000087500000, 0x0000000087500000| Untracked 
| 118|0x0000000087600000, 0x0000000087600000, 0x0000000087700000|  0%| F|  |TAMS 0x0000000087600000, 0x0000000087600000| Untracked 
| 119|0x0000000087700000, 0x0000000087700000, 0x0000000087800000|  0%| F|  |TAMS 0x0000000087700000, 0x0000000087700000| Untracked 
| 120|0x0000000087800000, 0x0000000087800000, 0x0000000087900000|  0%| F|  |TAMS 0x0000000087800000, 0x0000000087800000| Untracked 
| 121|0x0000000087900000, 0x0000000087900000, 0x0000000087a00000|  0%| F|  |TAMS 0x0000000087900000, 0x0000000087900000| Untracked 
| 122|0x0000000087a00000, 0x0000000087a00000, 0x0000000087b00000|  0%| F|  |TAMS 0x0000000087a00000, 0x0000000087a00000| Untracked 
| 123|0x0000000087b00000, 0x0000000087b00000, 0x0000000087c00000|  0%| F|  |TAMS 0x0000000087b00000, 0x0000000087b00000| Untracked 
| 124|0x0000000087c00000, 0x0000000087c00000, 0x0000000087d00000|  0%| F|  |TAMS 0x0000000087c00000, 0x0000000087c00000| Untracked 
| 125|0x0000000087d00000, 0x0000000087d00000, 0x0000000087e00000|  0%| F|  |TAMS 0x0000000087d00000, 0x0000000087d00000| Untracked 
| 126|0x0000000087e00000, 0x0000000087e00000, 0x0000000087f00000|  0%| F|  |TAMS 0x0000000087e00000, 0x0000000087e00000| Untracked 
| 127|0x0000000087f00000, 0x0000000087f00000, 0x0000000088000000|  0%| F|  |TAMS 0x0000000087f00000, 0x0000000087f00000| Untracked 
| 128|0x0000000088000000, 0x0000000088000000, 0x0000000088100000|  0%| F|  |TAMS 0x0000000088000000, 0x0000000088000000| Untracked 
| 129|0x0000000088100000, 0x0000000088123580, 0x0000000088200000| 13%| E|  |TAMS 0x0000000088100000, 0x0000000088100000| Complete 
| 130|0x0000000088200000, 0x0000000088300000, 0x0000000088300000|100%| E|CS|TAMS 0x0000000088200000, 0x0000000088200000| Complete 
| 131|0x0000000088300000, 0x0000000088400000, 0x0000000088400000|100%| E|CS|TAMS 0x0000000088300000, 0x0000000088300000| Complete 
| 132|0x0000000088400000, 0x0000000088500000, 0x0000000088500000|100%| E|  |TAMS 0x0000000088400000, 0x0000000088400000| Complete 
| 133|0x0000000088500000, 0x0000000088600000, 0x0000000088600000|100%| E|CS|TAMS 0x0000000088500000, 0x0000000088500000| Complete 
| 134|0x0000000088600000, 0x0000000088700000, 0x0000000088700000|100%| E|CS|TAMS 0x0000000088600000, 0x0000000088600000| Complete 
| 135|0x0000000088700000, 0x0000000088800000, 0x0000000088800000|100%| E|CS|TAMS 0x0000000088700000, 0x0000000088700000| Complete 
| 136|0x0000000088800000, 0x0000000088900000, 0x0000000088900000|100%| E|CS|TAMS 0x0000000088800000, 0x0000000088800000| Complete 
| 137|0x0000000088900000, 0x0000000088a00000, 0x0000000088a00000|100%| E|CS|TAMS 0x0000000088900000, 0x0000000088900000| Complete 
| 138|0x0000000088a00000, 0x0000000088b00000, 0x0000000088b00000|100%| E|CS|TAMS 0x0000000088a00000, 0x0000000088a00000| Complete 
| 139|0x0000000088b00000, 0x0000000088c00000, 0x0000000088c00000|100%| E|CS|TAMS 0x0000000088b00000, 0x0000000088b00000| Complete 
| 140|0x0000000088c00000, 0x0000000088d00000, 0x0000000088d00000|100%| E|CS|TAMS 0x0000000088c00000, 0x0000000088c00000| Complete 
| 141|0x0000000088d00000, 0x0000000088e00000, 0x0000000088e00000|100%| E|CS|TAMS 0x0000000088d00000, 0x0000000088d00000| Complete 
| 142|0x0000000088e00000, 0x0000000088f00000, 0x0000000088f00000|100%| E|CS|TAMS 0x0000000088e00000, 0x0000000088e00000| Complete 
| 143|0x0000000088f00000, 0x0000000089000000, 0x0000000089000000|100%| E|CS|TAMS 0x0000000088f00000, 0x0000000088f00000| Complete 
| 144|0x0000000089000000, 0x0000000089100000, 0x0000000089100000|100%| E|CS|TAMS 0x0000000089000000, 0x0000000089000000| Complete 
| 145|0x0000000089100000, 0x0000000089200000, 0x0000000089200000|100%| E|CS|TAMS 0x0000000089100000, 0x0000000089100000| Complete 
| 146|0x0000000089200000, 0x0000000089300000, 0x0000000089300000|100%| E|CS|TAMS 0x0000000089200000, 0x0000000089200000| Complete 
| 147|0x0000000089300000, 0x0000000089400000, 0x0000000089400000|100%| E|CS|TAMS 0x0000000089300000, 0x0000000089300000| Complete 
| 148|0x0000000089400000, 0x0000000089500000, 0x0000000089500000|100%| E|CS|TAMS 0x0000000089400000, 0x0000000089400000| Complete 
| 149|0x0000000089500000, 0x0000000089600000, 0x0000000089600000|100%| E|CS|TAMS 0x0000000089500000, 0x0000000089500000| Complete 
| 150|0x0000000089600000, 0x0000000089700000, 0x0000000089700000|100%| E|CS|TAMS 0x0000000089600000, 0x0000000089600000| Complete 
| 151|0x0000000089700000, 0x0000000089800000, 0x0000000089800000|100%| E|CS|TAMS 0x0000000089700000, 0x0000000089700000| Complete 
| 152|0x0000000089800000, 0x0000000089900000, 0x0000000089900000|100%| E|CS|TAMS 0x0000000089800000, 0x0000000089800000| Complete 
| 153|0x0000000089900000, 0x0000000089a00000, 0x0000000089a00000|100%| E|CS|TAMS 0x0000000089900000, 0x0000000089900000| Complete 
| 154|0x0000000089a00000, 0x0000000089b00000, 0x0000000089b00000|100%| E|CS|TAMS 0x0000000089a00000, 0x0000000089a00000| Complete 
| 155|0x0000000089b00000, 0x0000000089c00000, 0x0000000089c00000|100%| E|CS|TAMS 0x0000000089b00000, 0x0000000089b00000| Complete 
| 156|0x0000000089c00000, 0x0000000089d00000, 0x0000000089d00000|100%| E|CS|TAMS 0x0000000089c00000, 0x0000000089c00000| Complete 
| 157|0x0000000089d00000, 0x0000000089e00000, 0x0000000089e00000|100%| E|CS|TAMS 0x0000000089d00000, 0x0000000089d00000| Complete 
| 158|0x0000000089e00000, 0x0000000089f00000, 0x0000000089f00000|100%| E|CS|TAMS 0x0000000089e00000, 0x0000000089e00000| Complete 
| 159|0x0000000089f00000, 0x000000008a000000, 0x000000008a000000|100%| E|CS|TAMS 0x0000000089f00000, 0x0000000089f00000| Complete 
| 160|0x000000008a000000, 0x000000008a100000, 0x000000008a100000|100%| E|CS|TAMS 0x000000008a000000, 0x000000008a000000| Complete 
| 161|0x000000008a100000, 0x000000008a200000, 0x000000008a200000|100%| E|CS|TAMS 0x000000008a100000, 0x000000008a100000| Complete 
| 162|0x000000008a200000, 0x000000008a300000, 0x000000008a300000|100%| E|CS|TAMS 0x000000008a200000, 0x000000008a200000| Complete 
| 163|0x000000008a300000, 0x000000008a400000, 0x000000008a400000|100%| E|CS|TAMS 0x000000008a300000, 0x000000008a300000| Complete 
| 164|0x000000008a400000, 0x000000008a500000, 0x000000008a500000|100%| E|CS|TAMS 0x000000008a400000, 0x000000008a400000| Complete 
| 165|0x000000008a500000, 0x000000008a600000, 0x000000008a600000|100%| E|CS|TAMS 0x000000008a500000, 0x000000008a500000| Complete 
| 166|0x000000008a600000, 0x000000008a700000, 0x000000008a700000|100%| E|CS|TAMS 0x000000008a600000, 0x000000008a600000| Complete 
| 167|0x000000008a700000, 0x000000008a800000, 0x000000008a800000|100%| E|CS|TAMS 0x000000008a700000, 0x000000008a700000| Complete 
| 168|0x000000008a800000, 0x000000008a900000, 0x000000008a900000|100%| E|CS|TAMS 0x000000008a800000, 0x000000008a800000| Complete 
| 169|0x000000008a900000, 0x000000008aa00000, 0x000000008aa00000|100%| E|CS|TAMS 0x000000008a900000, 0x000000008a900000| Complete 
| 170|0x000000008aa00000, 0x000000008ab00000, 0x000000008ab00000|100%| E|CS|TAMS 0x000000008aa00000, 0x000000008aa00000| Complete 
| 171|0x000000008ab00000, 0x000000008ac00000, 0x000000008ac00000|100%| E|CS|TAMS 0x000000008ab00000, 0x000000008ab00000| Complete 
| 172|0x000000008ac00000, 0x000000008ad00000, 0x000000008ad00000|100%| E|CS|TAMS 0x000000008ac00000, 0x000000008ac00000| Complete 
| 173|0x000000008ad00000, 0x000000008ae00000, 0x000000008ae00000|100%| E|CS|TAMS 0x000000008ad00000, 0x000000008ad00000| Complete 
| 174|0x000000008ae00000, 0x000000008af00000, 0x000000008af00000|100%| E|CS|TAMS 0x000000008ae00000, 0x000000008ae00000| Complete 
| 175|0x000000008af00000, 0x000000008b000000, 0x000000008b000000|100%| E|CS|TAMS 0x000000008af00000, 0x000000008af00000| Complete 
| 176|0x000000008b000000, 0x000000008b100000, 0x000000008b100000|100%| E|CS|TAMS 0x000000008b000000, 0x000000008b000000| Complete 
| 177|0x000000008b100000, 0x000000008b200000, 0x000000008b200000|100%| E|CS|TAMS 0x000000008b100000, 0x000000008b100000| Complete 
| 178|0x000000008b200000, 0x000000008b300000, 0x000000008b300000|100%| E|CS|TAMS 0x000000008b200000, 0x000000008b200000| Complete 
| 179|0x000000008b300000, 0x000000008b400000, 0x000000008b400000|100%| E|CS|TAMS 0x000000008b300000, 0x000000008b300000| Complete 
| 180|0x000000008b400000, 0x000000008b500000, 0x000000008b500000|100%| E|CS|TAMS 0x000000008b400000, 0x000000008b400000| Complete 
| 181|0x000000008b500000, 0x000000008b600000, 0x000000008b600000|100%| E|CS|TAMS 0x000000008b500000, 0x000000008b500000| Complete 
| 182|0x000000008b600000, 0x000000008b700000, 0x000000008b700000|100%| E|CS|TAMS 0x000000008b600000, 0x000000008b600000| Complete 
| 183|0x000000008b700000, 0x000000008b800000, 0x000000008b800000|100%| E|CS|TAMS 0x000000008b700000, 0x000000008b700000| Complete 
| 184|0x000000008b800000, 0x000000008b900000, 0x000000008b900000|100%| E|CS|TAMS 0x000000008b800000, 0x000000008b800000| Complete 

Card table byte_map: [0x0000022d7a810000,0x0000022d7ac10000] _byte_map_base: 0x0000022d7a410000

Marking Bits (Prev, Next): (CMBitMap*) 0x0000022d7606dd08, (CMBitMap*) 0x0000022d7606dd40
 Prev Bits: [0x0000022d7b010000, 0x0000022d7d010000)
 Next Bits: [0x0000022d7d010000, 0x0000022d7f010000)

Polling page: 0x0000022d747d0000

Metaspace:

Usage:
  Non-class:     75.87 MB capacity,    74.48 MB ( 98%) used,     1.14 MB (  2%) free+waste,   253.00 KB ( <1%) overhead. 
      Class:     11.87 MB capacity,    11.06 MB ( 93%) used,   718.15 KB (  6%) free+waste,   114.69 KB ( <1%) overhead. 
       Both:     87.74 MB capacity,    85.54 MB ( 97%) used,     1.84 MB (  2%) free+waste,   367.69 KB ( <1%) overhead. 

Virtual space:
  Non-class space:       76.00 MB reserved,      76.00 MB (100%) committed 
      Class space:        1.00 GB reserved,      11.95 MB (  1%) committed 
             Both:        1.07 GB reserved,      87.95 MB (  8%) committed 

Chunk freelists:
   Non-Class:  4.00 KB
       Class:  6.00 KB
        Both:  10.00 KB

MaxMetaspaceSize: 17179869184.00 GB
CompressedClassSpaceSize: 1.00 GB

CodeHeap 'non-profiled nmethods': size=120000Kb used=5757Kb max_used=5757Kb free=114242Kb
 bounds [0x0000022d07ad0000, 0x0000022d08070000, 0x0000022d0f000000]
CodeHeap 'profiled nmethods': size=120000Kb used=20673Kb max_used=20673Kb free=99326Kb
 bounds [0x0000022d005a0000, 0x0000022d019e0000, 0x0000022d07ad0000]
CodeHeap 'non-nmethods': size=5760Kb used=2282Kb max_used=2369Kb free=3477Kb
 bounds [0x0000022d00000000, 0x0000022d00270000, 0x0000022d005a0000]
 total_blobs=10563 nmethods=9683 adapters=790
 compilation: enabled
              stopped_count=0, restarted_count=0
 full_count=0

Compilation events (20 events):
Event: 15.025 Thread 0x0000022d11851800 9949       1       kotlin.reflect.jvm.internal.impl.serialization.deserialization.DeserializationComponents::getLookupTracker (5 bytes)
Event: 15.025 Thread 0x0000022d11851800 nmethod 9949 0x0000022d0806d590 code [0x0000022d0806d740, 0x0000022d0806d7f8]
Event: 15.025 Thread 0x0000022d11851800 9950       1       kotlin.reflect.jvm.internal.impl.serialization.deserialization.descriptors.DeserializedClassDescriptor::access$getEnumEntries$p (5 bytes)
Event: 15.025 Thread 0x0000022d11851800 nmethod 9950 0x0000022d0806d890 code [0x0000022d0806da40, 0x0000022d0806dad8]
Event: 15.025 Thread 0x0000022d11851800 9951       1       kotlin.reflect.jvm.internal.impl.serialization.deserialization.descriptors.DeserializedClassDescriptor::access$getClassId$p (5 bytes)
Event: 15.025 Thread 0x0000022d11851800 nmethod 9951 0x0000022d0806db90 code [0x0000022d0806dd40, 0x0000022d0806ddd8]
Event: 15.025 Thread 0x0000022d11851800 9952       1       kotlin.reflect.jvm.internal.impl.serialization.deserialization.descriptors.DeserializedClassDescriptor::getKind (5 bytes)
Event: 15.026 Thread 0x0000022d11851800 nmethod 9952 0x0000022d0806de90 code [0x0000022d0806e040, 0x0000022d0806e0f8]
Event: 15.026 Thread 0x0000022d11851800 9916       1       javax.management.ObjectName::getCanonicalName (5 bytes)
Event: 15.026 Thread 0x0000022d11851800 nmethod 9916 0x0000022d0806e190 code [0x0000022d0806e340, 0x0000022d0806e3f8]
Event: 15.050 Thread 0x0000022d11851800 9954       3       org.gradle.model.internal.asm.AsmClassGeneratorUtils::visitParameters (47 bytes)
Event: 15.050 Thread 0x0000022d11851800 nmethod 9954 0x0000022d019c7190 code [0x0000022d019c7380, 0x0000022d019c76a8]
Event: 15.050 Thread 0x0000022d11851800 9953       3       org.gradle.model.internal.asm.AsmClassGeneratorUtils::visitFormalTypeParameters (108 bytes)
Event: 15.051 Thread 0x0000022d11851800 nmethod 9953 0x0000022d019c7890 code [0x0000022d019c7ae0, 0x0000022d019c81e8]
Event: 15.052 Thread 0x0000022d11851800 9955       3       org.gradle.internal.instantiation.generator.AsmBackedClassGenerator$ClassBuilderImpl::addConstructor (456 bytes)
Event: 15.057 Thread 0x0000022d11851800 nmethod 9955 0x0000022d019c8590 code [0x0000022d019c8c00, 0x0000022d019cc518]
Event: 15.057 Thread 0x0000022d11851800 9956       3       org.gradle.model.internal.asm.AsmClassGeneratorUtils::signature (54 bytes)
Event: 15.060 Thread 0x0000022d11851800 nmethod 9956 0x0000022d019cd910 code [0x0000022d019cde80, 0x0000022d019d10e8]
Event: 15.060 Thread 0x0000022d11851800 9957       3       java.lang.reflect.Constructor::getGenericExceptionTypes (5 bytes)
Event: 15.061 Thread 0x0000022d11851800 nmethod 9957 0x0000022d019d1f90 code [0x0000022d019d2240, 0x0000022d019d3238]

GC Heap History (20 events):
Event: 8.465 GC heap before
{Heap before GC invocations=9 (full 0):
 garbage-first heap   total 131072K, used 99326K [0x0000000080000000, 0x0000000100000000)
  region size 1024K, 66 young (67584K), 4 survivors (4096K)
 Metaspace       used 48657K, capacity 50018K, committed 50380K, reserved 1093632K
  class space    used 6228K, capacity 6722K, committed 6860K, reserved 1048576K
}
Event: 8.475 GC heap after
{Heap after GC invocations=10 (full 0):
 garbage-first heap   total 131072K, used 46080K [0x0000000080000000, 0x0000000100000000)
  region size 1024K, 9 young (9216K), 9 survivors (9216K)
 Metaspace       used 48657K, capacity 50018K, committed 50380K, reserved 1093632K
  class space    used 6228K, capacity 6722K, committed 6860K, reserved 1048576K
}
Event: 9.256 GC heap before
{Heap before GC invocations=10 (full 0):
 garbage-first heap   total 131072K, used 98304K [0x0000000080000000, 0x0000000100000000)
  region size 1024K, 60 young (61440K), 9 survivors (9216K)
 Metaspace       used 56201K, capacity 57701K, committed 57932K, reserved 1099776K
  class space    used 7130K, capacity 7682K, committed 7756K, reserved 1048576K
}
Event: 9.265 GC heap after
{Heap after GC invocations=11 (full 0):
 garbage-first heap   total 157696K, used 47743K [0x0000000080000000, 0x0000000100000000)
  region size 1024K, 2 young (2048K), 2 survivors (2048K)
 Metaspace       used 56201K, capacity 57701K, committed 57932K, reserved 1099776K
  class space    used 7130K, capacity 7682K, committed 7756K, reserved 1048576K
}
Event: 9.505 GC heap before
{Heap before GC invocations=11 (full 0):
 garbage-first heap   total 157696K, used 60031K [0x0000000080000000, 0x0000000100000000)
  region size 1024K, 15 young (15360K), 2 survivors (2048K)
 Metaspace       used 58752K, capacity 60185K, committed 60236K, reserved 1101824K
  class space    used 7455K, capacity 7997K, committed 8012K, reserved 1048576K
}
Event: 9.512 GC heap after
{Heap after GC invocations=12 (full 0):
 garbage-first heap   total 157696K, used 48767K [0x0000000080000000, 0x0000000100000000)
  region size 1024K, 3 young (3072K), 3 survivors (3072K)
 Metaspace       used 58752K, capacity 60185K, committed 60236K, reserved 1101824K
  class space    used 7455K, capacity 7997K, committed 8012K, reserved 1048576K
}
Event: 10.273 GC heap before
{Heap before GC invocations=13 (full 0):
 garbage-first heap   total 157696K, used 103039K [0x0000000080000000, 0x0000000100000000)
  region size 1024K, 56 young (57344K), 3 survivors (3072K)
 Metaspace       used 63594K, capacity 65160K, committed 65228K, reserved 1105920K
  class space    used 8051K, capacity 8619K, committed 8652K, reserved 1048576K
}
Event: 10.282 GC heap after
{Heap after GC invocations=14 (full 0):
 garbage-first heap   total 157696K, used 52524K [0x0000000080000000, 0x0000000100000000)
  region size 1024K, 7 young (7168K), 7 survivors (7168K)
 Metaspace       used 63594K, capacity 65160K, committed 65228K, reserved 1105920K
  class space    used 8051K, capacity 8619K, committed 8652K, reserved 1048576K
}
Event: 10.986 GC heap before
{Heap before GC invocations=15 (full 0):
 garbage-first heap   total 157696K, used 107820K [0x0000000080000000, 0x0000000100000000)
  region size 1024K, 61 young (62464K), 7 survivors (7168K)
 Metaspace       used 66313K, capacity 67967K, committed 68172K, reserved 1107968K
  class space    used 8377K, capacity 9016K, committed 9036K, reserved 1048576K
}
Event: 10.996 GC heap after
{Heap after GC invocations=16 (full 0):
 garbage-first heap   total 157696K, used 56535K [0x0000000080000000, 0x0000000100000000)
  region size 1024K, 8 young (8192K), 8 survivors (8192K)
 Metaspace       used 66313K, capacity 67967K, committed 68172K, reserved 1107968K
  class space    used 8377K, capacity 9016K, committed 9036K, reserved 1048576K
}
Event: 11.888 GC heap before
{Heap before GC invocations=16 (full 0):
 garbage-first heap   total 157696K, used 111831K [0x0000000080000000, 0x0000000100000000)
  region size 1024K, 62 young (63488K), 8 survivors (8192K)
 Metaspace       used 73180K, capacity 74972K, committed 75212K, reserved 1114112K
  class space    used 9434K, capacity 10124K, committed 10188K, reserved 1048576K
}
Event: 11.899 GC heap after
{Heap after GC invocations=17 (full 0):
 garbage-first heap   total 157696K, used 60794K [0x0000000080000000, 0x0000000100000000)
  region size 1024K, 5 young (5120K), 5 survivors (5120K)
 Metaspace       used 73180K, capacity 74972K, committed 75212K, reserved 1114112K
  class space    used 9434K, capacity 10124K, committed 10188K, reserved 1048576K
}
Event: 12.650 GC heap before
{Heap before GC invocations=17 (full 0):
 garbage-first heap   total 157696K, used 115066K [0x0000000080000000, 0x0000000100000000)
  region size 1024K, 58 young (59392K), 5 survivors (5120K)
 Metaspace       used 78171K, capacity 79931K, committed 80076K, reserved 1118208K
  class space    used 10155K, capacity 10822K, committed 10956K, reserved 1048576K
}
Event: 12.658 GC heap after
{Heap after GC invocations=18 (full 0):
 garbage-first heap   total 157696K, used 63105K [0x0000000080000000, 0x0000000100000000)
  region size 1024K, 7 young (7168K), 7 survivors (7168K)
 Metaspace       used 78171K, capacity 79931K, committed 80076K, reserved 1118208K
  class space    used 10155K, capacity 10822K, committed 10956K, reserved 1048576K
}
Event: 13.451 GC heap before
{Heap before GC invocations=18 (full 0):
 garbage-first heap   total 157696K, used 117377K [0x0000000080000000, 0x0000000100000000)
  region size 1024K, 61 young (62464K), 7 survivors (7168K)
 Metaspace       used 82165K, capacity 84326K, committed 84556K, reserved 1122304K
  class space    used 10709K, capacity 11522K, committed 11596K, reserved 1048576K
}
Event: 13.460 GC heap after
{Heap after GC invocations=19 (full 0):
 garbage-first heap   total 157696K, used 66936K [0x0000000080000000, 0x0000000100000000)
  region size 1024K, 7 young (7168K), 7 survivors (7168K)
 Metaspace       used 82165K, capacity 84326K, committed 84556K, reserved 1122304K
  class space    used 10709K, capacity 11522K, committed 11596K, reserved 1048576K
}
Event: 14.041 GC heap before
{Heap before GC invocations=19 (full 0):
 garbage-first heap   total 157696K, used 121208K [0x0000000080000000, 0x0000000100000000)
  region size 1024K, 61 young (62464K), 7 survivors (7168K)
 Metaspace       used 82766K, capacity 84937K, committed 85068K, reserved 1122304K
  class space    used 10741K, capacity 11577K, committed 11596K, reserved 1048576K
}
Event: 14.054 GC heap after
{Heap after GC invocations=20 (full 0):
 garbage-first heap   total 157696K, used 70725K [0x0000000080000000, 0x0000000100000000)
  region size 1024K, 8 young (8192K), 8 survivors (8192K)
 Metaspace       used 82766K, capacity 84937K, committed 85068K, reserved 1122304K
  class space    used 10741K, capacity 11577K, committed 11596K, reserved 1048576K
}
Event: 14.540 GC heap before
{Heap before GC invocations=20 (full 0):
 garbage-first heap   total 157696K, used 123973K [0x0000000080000000, 0x0000000100000000)
  region size 1024K, 61 young (62464K), 8 survivors (8192K)
 Metaspace       used 84862K, capacity 87104K, committed 87244K, reserved 1124352K
  class space    used 11003K, capacity 11844K, committed 11980K, reserved 1048576K
}
Event: 14.555 GC heap after
{Heap after GC invocations=21 (full 0):
 garbage-first heap   total 189440K, used 73321K [0x0000000080000000, 0x0000000100000000)
  region size 1024K, 7 young (7168K), 7 survivors (7168K)
 Metaspace       used 84862K, capacity 87104K, committed 87244K, reserved 1124352K
  class space    used 11003K, capacity 11844K, committed 11980K, reserved 1048576K
}

Deoptimization events (20 events):
Event: 14.598 Thread 0x0000022d13e84800 DEOPT PACKING pc=0x0000022d0803eec4 sp=0x00000072329fb7a0
Event: 14.599 Thread 0x0000022d13e84800 DEOPT UNPACKING pc=0x0000022d000274af sp=0x00000072329fb750 mode 2
Event: 14.601 Thread 0x0000022d14d9a800 Uncommon trap: trap_request=0xfffffff4 fr.pc=0x0000022d08040500 relative=0x00000000000004c0
Event: 14.601 Thread 0x0000022d14d9a800 Uncommon trap: reason=null_check action=make_not_entrant pc=0x0000022d08040500 method=org.gradle.tooling.internal.provider.runner.SubtreeFilteringBuildOperationListener.finished(Lorg/gradle/internal/operations/BuildOperationDescriptor;Lorg/gradle/internal
Event: 14.601 Thread 0x0000022d14d96800 Uncommon trap: trap_request=0xfffffff4 fr.pc=0x0000022d08040500 relative=0x00000000000004c0
Event: 14.601 Thread 0x0000022d14d9a800 DEOPT PACKING pc=0x0000022d08040500 sp=0x0000007231afe4a0
Event: 14.601 Thread 0x0000022d14d96800 Uncommon trap: reason=null_check action=make_not_entrant pc=0x0000022d08040500 method=org.gradle.tooling.internal.provider.runner.SubtreeFilteringBuildOperationListener.finished(Lorg/gradle/internal/operations/BuildOperationDescriptor;Lorg/gradle/internal
Event: 14.601 Thread 0x0000022d14d96800 DEOPT PACKING pc=0x0000022d08040500 sp=0x0000007231cfe7b0
Event: 14.601 Thread 0x0000022d14d9a800 DEOPT UNPACKING pc=0x0000022d000274af sp=0x0000007231afe438 mode 2
Event: 14.601 Thread 0x0000022d14d96800 DEOPT UNPACKING pc=0x0000022d000274af sp=0x0000007231cfe748 mode 2
Event: 14.755 Thread 0x0000022d13e84800 Uncommon trap: trap_request=0xffffff4d fr.pc=0x0000022d0801607c relative=0x0000000000000ddc
Event: 14.755 Thread 0x0000022d13e84800 Uncommon trap: reason=unstable_if action=reinterpret pc=0x0000022d0801607c method=com.google.common.collect.ImmutableSet.construct(I[Ljava/lang/Object;)Lcom/google/common/collect/ImmutableSet; @ 1 c2
Event: 14.755 Thread 0x0000022d13e84800 DEOPT PACKING pc=0x0000022d0801607c sp=0x00000072329fc1e0
Event: 14.755 Thread 0x0000022d13e84800 DEOPT UNPACKING pc=0x0000022d000274af sp=0x00000072329fc188 mode 2
Event: 14.768 Thread 0x0000022d13e84800 Uncommon trap: trap_request=0xffffff4d fr.pc=0x0000022d0802eac0 relative=0x0000000000001960
Event: 14.768 Thread 0x0000022d13e84800 Uncommon trap: reason=unstable_if action=reinterpret pc=0x0000022d0802eac0 method=org.gradle.internal.fingerprint.classpath.impl.ClasspathFingerprintingStrategy$ClasspathFingerprintingVisitor$1.visitRegularFile(Lorg/gradle/internal/snapshot/RegularFileSna
Event: 14.768 Thread 0x0000022d13e84800 DEOPT PACKING pc=0x0000022d0802eac0 sp=0x00000072329fc740
Event: 14.768 Thread 0x0000022d13e84800 DEOPT UNPACKING pc=0x0000022d000274af sp=0x00000072329fc5d0 mode 2
Event: 14.883 Thread 0x0000022d13e88000 DEOPT PACKING pc=0x0000022d0172454d sp=0x0000007232efaf70
Event: 14.883 Thread 0x0000022d13e88000 DEOPT UNPACKING pc=0x0000022d000272ce sp=0x0000007232efa490 mode 0

Classes redefined (0 events):
No events

Internal exceptions (20 events):
Event: 14.191 Thread 0x0000022d13e81800 Exception <a 'sun/nio/fs/WindowsException'{0x000000008900a798}> (0x000000008900a798) thrown at [./src/hotspot/share/prims/jni.cpp, line 615]
Event: 14.191 Thread 0x0000022d13e81800 Exception <a 'sun/nio/fs/WindowsException'{0x000000008900b660}> (0x000000008900b660) thrown at [./src/hotspot/share/prims/jni.cpp, line 615]
Event: 14.192 Thread 0x0000022d13e81800 Exception <a 'sun/nio/fs/WindowsException'{0x000000008900baa8}> (0x000000008900baa8) thrown at [./src/hotspot/share/prims/jni.cpp, line 615]
Event: 14.192 Thread 0x0000022d13e81800 Exception <a 'sun/nio/fs/WindowsException'{0x000000008900ca50}> (0x000000008900ca50) thrown at [./src/hotspot/share/prims/jni.cpp, line 615]
Event: 14.192 Thread 0x0000022d13e81800 Exception <a 'sun/nio/fs/WindowsException'{0x000000008900cdb0}> (0x000000008900cdb0) thrown at [./src/hotspot/share/prims/jni.cpp, line 615]
Event: 14.192 Thread 0x0000022d13e81800 Exception <a 'sun/nio/fs/WindowsException'{0x000000008900dc70}> (0x000000008900dc70) thrown at [./src/hotspot/share/prims/jni.cpp, line 615]
Event: 14.192 Thread 0x0000022d13e81800 Exception <a 'sun/nio/fs/WindowsException'{0x000000008900df70}> (0x000000008900df70) thrown at [./src/hotspot/share/prims/jni.cpp, line 615]
Event: 14.192 Thread 0x0000022d13e81800 Exception <a 'sun/nio/fs/WindowsException'{0x000000008900ee00}> (0x000000008900ee00) thrown at [./src/hotspot/share/prims/jni.cpp, line 615]
Event: 14.210 Thread 0x0000022d13e81800 Exception <a 'java/lang/NoSuchMethodError'{0x0000000088fa07b8}: <clinit>> (0x0000000088fa07b8) thrown at [./src/hotspot/share/prims/jni.cpp, line 1362]
Event: 14.213 Thread 0x0000022d13e81800 Exception <a 'java/lang/NoSuchMethodError'{0x0000000088fd71f8}: <clinit>> (0x0000000088fd71f8) thrown at [./src/hotspot/share/prims/jni.cpp, line 1362]
Event: 14.215 Thread 0x0000022d13e81800 Exception <a 'java/lang/NoSuchMethodError'{0x0000000088e049b8}: <clinit>> (0x0000000088e049b8) thrown at [./src/hotspot/share/prims/jni.cpp, line 1362]
Event: 14.598 Thread 0x0000022d13e84800 Implicit null exception at 0x0000022d0803e61f to 0x0000022d0803eea4
Event: 14.601 Thread 0x0000022d14d9a800 Implicit null exception at 0x0000022d080400d2 to 0x0000022d080404d8
Event: 14.601 Thread 0x0000022d14d96800 Implicit null exception at 0x0000022d080400d2 to 0x0000022d080404d8
Event: 14.774 Thread 0x0000022d13e84800 Exception <a 'java/lang/NoSuchMethodError'{0x000000008966f5d0}: 'int java.lang.invoke.DirectMethodHandle$Holder.invokeSpecial(java.lang.Object, java.lang.Object, java.lang.Object, java.lang.Object, java.lang.Object)'> (0x000000008966f5d0) thrown at [./src/hotspot/share/interpreter/linkResolver.cpp, line 773]
Event: 15.077 Thread 0x0000022d13e88000 Exception <a 'java/lang/NoSuchMethodError'{0x0000000088215ea8}: 'void java.lang.invoke.DirectMethodHandle$Holder.invokeStatic(java.lang.Object, long)'> (0x0000000088215ea8) thrown at [./src/hotspot/share/interpreter/linkResolver.cpp, line 773]
Event: 15.078 Thread 0x0000022d13e88000 Exception <a 'java/lang/NoSuchMethodError'{0x000000008821b0c0}: 'java.lang.Object java.lang.invoke.DirectMethodHandle$Holder.invokeStatic(java.lang.Object, long)'> (0x000000008821b0c0) thrown at [./src/hotspot/share/interpreter/linkResolver.cpp, line 773]
Event: 15.080 Thread 0x0000022d13e88000 Exception <a 'java/lang/NoSuchMethodError'{0x0000000088229428}: 'java.lang.Object java.lang.invoke.DirectMethodHandle$Holder.invokeStaticInit(java.lang.Object, java.lang.Object, long, java.lang.Object)'> (0x0000000088229428) thrown at [./src/hotspot/share/interpreter/linkResolver.cpp, line 773]
Event: 15.080 Thread 0x0000022d13e88000 Exception <a 'java/lang/NoSuchMethodError'{0x000000008822f5c0}: 'java.lang.Object java.lang.invoke.DirectMethodHandle$Holder.invokeStatic(java.lang.Object, java.lang.Object, long)'> (0x000000008822f5c0) thrown at [./src/hotspot/share/interpreter/linkResolver.cpp, line 773]
Event: 15.080 Thread 0x0000022d13e88000 Exception <a 'java/lang/NoSuchMethodError'{0x0000000088235b38}: 'java.lang.Object java.lang.invoke.Invokers$Holder.linkToTargetMethod(java.lang.Object, long, java.lang.Object)'> (0x0000000088235b38) thrown at [./src/hotspot/share/interpreter/linkResolver.cpp, line 773]

Events (20 events):
Event: 15.072 loading class java/lang/ProcessImpl
Event: 15.073 loading class java/lang/ProcessImpl done
Event: 15.078 loading class java/lang/ProcessHandleImpl
Event: 15.079 loading class java/lang/ProcessHandleImpl done
Event: 15.081 loading class java/lang/ProcessImpl$2
Event: 15.081 loading class java/lang/ProcessImpl$2 done
Event: 15.081 loading class java/lang/Process$PipeInputStream
Event: 15.081 loading class java/lang/Process$PipeInputStream done
Event: 15.081 Executing VM operation: Deoptimize
Event: 15.083 Executing VM operation: Deoptimize done
Event: 15.083 loading class com/android/utils/GrabProcessOutput$Wait
Event: 15.083 loading class com/android/utils/GrabProcessOutput$Wait done
Event: 15.084 loading class com/android/utils/GrabProcessOutput
Event: 15.084 loading class com/android/utils/GrabProcessOutput done
Event: 15.084 loading class com/android/utils/GrabProcessOutput$1
Event: 15.084 loading class com/android/utils/GrabProcessOutput$1 done
Event: 15.084 loading class com/android/utils/GrabProcessOutput$2
Event: 15.084 loading class com/android/utils/GrabProcessOutput$2 done
Event: 15.085 Thread 0x0000022d13e8a800 Thread added: 0x0000022d13e8a800
Event: 15.085 Thread 0x0000022d13e8b000 Thread added: 0x0000022d13e8b000


Dynamic libraries:
0x00007ff6bd2f0000 - 0x00007ff6bd2fa000 	C:\Users\Dark Knight\Desktop\Android Studio\jre\bin\java.exe
0x00007ffee3570000 - 0x00007ffee3765000 	C:\WINDOWS\SYSTEM32\ntdll.dll
0x00007ffee15f0000 - 0x00007ffee16ad000 	C:\WINDOWS\System32\KERNEL32.DLL
0x00007ffee12d0000 - 0x00007ffee1599000 	C:\WINDOWS\System32\KERNELBASE.dll
0x00007ffee0cd0000 - 0x00007ffee0dd0000 	C:\WINDOWS\System32\ucrtbase.dll
0x00007ffed7f70000 - 0x00007ffed7f87000 	C:\Users\Dark Knight\Desktop\Android Studio\jre\bin\VCRUNTIME140.dll
0x00007ffed9230000 - 0x00007ffed9249000 	C:\Users\Dark Knight\Desktop\Android Studio\jre\bin\jli.dll
0x00007ffee1f30000 - 0x00007ffee20d0000 	C:\WINDOWS\System32\USER32.dll
0x00007ffee0ca0000 - 0x00007ffee0cc2000 	C:\WINDOWS\System32\win32u.dll
0x00007ffee20d0000 - 0x00007ffee20fa000 	C:\WINDOWS\System32\GDI32.dll
0x00007ffecb000000 - 0x00007ffecb29a000 	C:\WINDOWS\WinSxS\amd64_microsoft.windows.common-controls_6595b64144ccf1df_6.0.19041.1110_none_60b5254171f9507e\COMCTL32.dll
0x00007ffee11c0000 - 0x00007ffee12cb000 	C:\WINDOWS\System32\gdi32full.dll
0x00007ffee32b0000 - 0x00007ffee334e000 	C:\WINDOWS\System32\msvcrt.dll
0x00007ffee0dd0000 - 0x00007ffee0e6d000 	C:\WINDOWS\System32\msvcp_win.dll
0x00007ffee23d0000 - 0x00007ffee2400000 	C:\WINDOWS\System32\IMM32.DLL
0x00007ffed0660000 - 0x00007ffed06fd000 	C:\Users\Dark Knight\Desktop\Android Studio\jre\bin\msvcp140.dll
0x00007ffe81d00000 - 0x00007ffe827bc000 	C:\Users\Dark Knight\Desktop\Android Studio\jre\bin\server\jvm.dll
0x00007ffee1780000 - 0x00007ffee182c000 	C:\WINDOWS\System32\ADVAPI32.dll
0x00007ffee1830000 - 0x00007ffee18cb000 	C:\WINDOWS\System32\sechost.dll
0x00007ffee3350000 - 0x00007ffee347a000 	C:\WINDOWS\System32\RPCRT4.dll
0x00007ffee2d90000 - 0x00007ffee2d98000 	C:\WINDOWS\System32\PSAPI.DLL
0x00007ffebdcc0000 - 0x00007ffebdcc9000 	C:\WINDOWS\SYSTEM32\WSOCK32.dll
0x00007ffecb2b0000 - 0x00007ffecb2d7000 	C:\WINDOWS\SYSTEM32\WINMM.dll
0x00007ffed7fc0000 - 0x00007ffed7fca000 	C:\WINDOWS\SYSTEM32\VERSION.dll
0x00007ffee2360000 - 0x00007ffee23cb000 	C:\WINDOWS\System32\WS2_32.dll
0x00007ffedf530000 - 0x00007ffedf542000 	C:\WINDOWS\SYSTEM32\kernel.appcore.dll
0x00007ffed0ea0000 - 0x00007ffed0eb1000 	C:\Users\Dark Knight\Desktop\Android Studio\jre\bin\verify.dll
0x00007ffedeab0000 - 0x00007ffedec94000 	C:\WINDOWS\SYSTEM32\DBGHELP.DLL
0x00007ffec9830000 - 0x00007ffec985c000 	C:\WINDOWS\SYSTEM32\dbgcore.DLL
0x00007ffee0f70000 - 0x00007ffee0ff3000 	C:\WINDOWS\System32\bcryptPrimitives.dll
0x00007ffea4b70000 - 0x00007ffea4b99000 	C:\Users\Dark Knight\Desktop\Android Studio\jre\bin\java.dll
0x00007ffed7d80000 - 0x00007ffed7d8b000 	C:\Users\Dark Knight\Desktop\Android Studio\jre\bin\jimage.dll
0x00007ffed0dc0000 - 0x00007ffed0dd8000 	C:\Users\Dark Knight\Desktop\Android Studio\jre\bin\zip.dll
0x00007ffee25f0000 - 0x00007ffee2d2f000 	C:\WINDOWS\System32\SHELL32.dll
0x00007ffeded90000 - 0x00007ffedf520000 	C:\WINDOWS\SYSTEM32\windows.storage.dll
0x00007ffee2da0000 - 0x00007ffee30f5000 	C:\WINDOWS\System32\combase.dll
0x00007ffee0700000 - 0x00007ffee072c000 	C:\WINDOWS\SYSTEM32\Wldp.dll
0x00007ffee1e80000 - 0x00007ffee1f2e000 	C:\WINDOWS\System32\SHCORE.dll
0x00007ffee2400000 - 0x00007ffee2455000 	C:\WINDOWS\System32\shlwapi.dll
0x00007ffee0be0000 - 0x00007ffee0bff000 	C:\WINDOWS\SYSTEM32\profapi.dll
0x00007ffeb35f0000 - 0x00007ffeb360a000 	C:\Users\Dark Knight\Desktop\Android Studio\jre\bin\net.dll
0x00007ffed5b40000 - 0x00007ffed5c48000 	C:\WINDOWS\SYSTEM32\WINHTTP.dll
0x00007ffee0460000 - 0x00007ffee04ca000 	C:\WINDOWS\system32\mswsock.dll
0x00007ffeb2bd0000 - 0x00007ffeb2be4000 	C:\Users\Dark Knight\Desktop\Android Studio\jre\bin\nio.dll
0x00007ffed8bc0000 - 0x00007ffed8be7000 	C:\Users\Dark Knight\.gradle\native\8bec1ad78214c89d9ad589b4d07fe93259594b29d510b10fafb7a158f7737e5d\windows-amd64\native-platform.dll
0x00007ffed0af0000 - 0x00007ffed0c2d000 	C:\Users\Dark Knight\.gradle\native\53dbd7edfb1c66fb8903c78663c9afc45aea4f116125fa6feffd364cf09443e8\windows-amd64\native-platform-file-events.dll
0x00007ffed7880000 - 0x00007ffed788a000 	C:\Users\Dark Knight\Desktop\Android Studio\jre\bin\management.dll
0x00007ffeca360000 - 0x00007ffeca36c000 	C:\Users\Dark Knight\Desktop\Android Studio\jre\bin\management_ext.dll
0x00007ffee0650000 - 0x00007ffee0668000 	C:\WINDOWS\SYSTEM32\CRYPTSP.dll
0x00007ffedfd70000 - 0x00007ffedfda4000 	C:\WINDOWS\system32\rsaenh.dll
0x00007ffee15a0000 - 0x00007ffee15c7000 	C:\WINDOWS\System32\bcrypt.dll
0x00007ffee0ba0000 - 0x00007ffee0bce000 	C:\WINDOWS\SYSTEM32\USERENV.dll
0x00007ffee0670000 - 0x00007ffee067c000 	C:\WINDOWS\SYSTEM32\CRYPTBASE.dll
0x00007ffee0100000 - 0x00007ffee013b000 	C:\WINDOWS\SYSTEM32\IPHLPAPI.DLL
0x00007ffee18d0000 - 0x00007ffee18d8000 	C:\WINDOWS\System32\NSI.dll
0x00007ffecfdf0000 - 0x00007ffecfe07000 	C:\WINDOWS\SYSTEM32\dhcpcsvc6.DLL
0x00007ffed0340000 - 0x00007ffed035d000 	C:\WINDOWS\SYSTEM32\dhcpcsvc.DLL
0x00007ffee0140000 - 0x00007ffee020c000 	C:\WINDOWS\SYSTEM32\DNSAPI.dll

dbghelp: loaded successfully - version: 4.0.5 - missing functions: none
symbol engine: initialized successfully - sym options: 0x614 - pdb path: .;C:\Users\Dark Knight\Desktop\Android Studio\jre\bin;C:\WINDOWS\SYSTEM32;C:\WINDOWS\WinSxS\amd64_microsoft.windows.common-controls_6595b64144ccf1df_6.0.19041.1110_none_60b5254171f9507e;C:\Users\Dark Knight\Desktop\Android Studio\jre\bin\server;C:\Users\Dark Knight\.gradle\native\8bec1ad78214c89d9ad589b4d07fe93259594b29d510b10fafb7a158f7737e5d\windows-amd64;C:\Users\Dark Knight\.gradle\native\53dbd7edfb1c66fb8903c78663c9afc45aea4f116125fa6feffd364cf09443e8\windows-amd64

VM Arguments:
jvm_args: --add-opens=java.base/java.util=ALL-UNNAMED --add-opens=java.base/java.lang=ALL-UNNAMED --add-opens=java.base/java.lang.invoke=ALL-UNNAMED --add-opens=java.base/java.util=ALL-UNNAMED --add-opens=java.prefs/java.util.prefs=ALL-UNNAMED --add-opens=java.prefs/java.util.prefs=ALL-UNNAMED --add-opens=java.base/java.nio.charset=ALL-UNNAMED --add-opens=java.base/java.net=ALL-UNNAMED --add-opens=java.base/java.util.concurrent.atomic=ALL-UNNAMED -Xmx2048m -Dfile.encoding=UTF-8 -Duser.country=IN -Duser.language=en -Duser.variant 
java_command: org.gradle.launcher.daemon.bootstrap.GradleDaemon 7.0.2
java_class_path (initial): C:\Users\Dark Knight\.gradle\wrapper\dists\gradle-7.0.2-bin\857tjihv64xamwrf0h14cai3r\gradle-7.0.2\lib\gradle-launcher-7.0.2.jar
Launcher Type: SUN_STANDARD

[Global flags]
     intx CICompilerCount                          = 4                                         {product} {ergonomic}
     uint ConcGCThreads                            = 2                                         {product} {ergonomic}
     uint G1ConcRefinementThreads                  = 8                                         {product} {ergonomic}
   size_t G1HeapRegionSize                         = 1048576                                   {product} {ergonomic}
    uintx GCDrainStackTargetSize                   = 64                                        {product} {ergonomic}
   size_t InitialHeapSize                          = 134217728                                 {product} {ergonomic}
   size_t MarkStackSize                            = 4194304                                   {product} {ergonomic}
   size_t MaxHeapSize                              = 2147483648                                {product} {command line}
   size_t MaxNewSize                               = 1287651328                                {product} {ergonomic}
   size_t MinHeapDeltaBytes                        = 1048576                                   {product} {ergonomic}
    uintx NonNMethodCodeHeapSize                   = 5836300                                {pd product} {ergonomic}
    uintx NonProfiledCodeHeapSize                  = 122910970                              {pd product} {ergonomic}
    uintx ProfiledCodeHeapSize                     = 122910970                              {pd product} {ergonomic}
    uintx ReservedCodeCacheSize                    = 251658240                              {pd product} {ergonomic}
     bool SegmentedCodeCache                       = true                                      {product} {ergonomic}
     bool UseCompressedClassPointers               = true                                 {lp64_product} {ergonomic}
     bool UseCompressedOops                        = true                                 {lp64_product} {ergonomic}
     bool UseG1GC                                  = true                                      {product} {ergonomic}
     bool UseLargePagesIndividualAllocation        = false                                  {pd product} {ergonomic}

Logging:
Log output configuration:
 #0: stdout all=warning uptime,level,tags
 #1: stderr all=off uptime,level,tags

Environment Variables:
PATH=C:\Windows\system32;C:\Windows;C:\Windows\System32\Wbem;C:\Windows\System32\WindowsPowerShell\v1.0\;C:\Windows\System32\OpenSSH\;C:\Program Files (x86)\NVIDIA Corporation\PhysX\Common;C:\Program Files\NVIDIA Corporation\NVIDIA NvDLISR;C:\WINDOWS\system32;C:\WINDOWS;C:\WINDOWS\System32\Wbem;C:\WINDOWS\System32\WindowsPowerShell\v1.0\;C:\WINDOWS\System32\OpenSSH\;C:\MinGW\bin;C:\Program Files\MEGA-X;C:\WINDOWS\system32;C:\WINDOWS;C:\WINDOWS\System32\Wbem;C:\WINDOWS\System32\WindowsPowerShell\v1.0\;C:\WINDOWS\System32\OpenSSH\;C:\Program Files\Git\cmd;C:\Users\Dark Knight\AppData\Local\Microsoft\WindowsApps;C:\Users\Dark Knight\AppData\Local\atom\bin;C:\MinGW\bin;C:\Program Files (x86)\Microsoft Visual Studio\2019\BuildTools\MSBuild\Current\Bin;C:\Users\Dark Knight\AppData\Local\Microsoft\WindowsApps
USERNAME=Dark Knight
OS=Windows_NT
PROCESSOR_IDENTIFIER=Intel64 Family 6 Model 158 Stepping 10, GenuineIntel



---------------  S Y S T E M  ---------------

OS: Windows 10 , 64 bit Build 19041 (10.0.19041.1151)
OS uptime: 19 days 7:05 hours

CPU:total 8 (initial active 8) (4 cores per cpu, 2 threads per core) family 6 model 158 stepping 10, cmov, cx8, fxsr, mmx, sse, sse2, sse3, ssse3, sse4.1, sse4.2, popcnt, avx, avx2, aes, clmul, erms, 3dnowpref, lzcnt, ht, tsc, tscinvbit, bmi1, bmi2, adx, fma

Memory: 4k page, system-wide physical 8072M (874M free)
TotalPageFile size 12168M (AvailPageFile size 1M)
current process WorkingSet (physical memory assigned to process): 457M, peak: 459M
current process commit charge ("private bytes"): 495M, peak: 497M

vm_info: OpenJDK 64-Bit Server VM (11.0.8+10-b944.6842174) for windows-amd64 JRE (11.0.8+10-b944.6842174), built on Sep 19 2020 01:11:42 by "builder" with MS VC++ 14.0 (VS2015)

END.
