#
# There is insufficient memory for the Java Runtime Environment to continue.
# Native memory allocation (malloc) failed to allocate 1096416 bytes for Chunk::new
# Possible reasons:
#   The system is out of physical RAM or swap space
#   The process is running with CompressedOops enabled, and the Java Heap may be blocking the growth of the native heap
# Possible solutions:
#   Reduce memory load on the system
#   Increase physical memory or swap space
#   Check if swap backing store is full
#   Decrease Java heap size (-Xmx/-Xms)
#   Decrease number of Java threads
#   Decrease Java thread stack sizes (-Xss)
#   Set larger code cache with -XX:ReservedCodeCacheSize=
#   JVM is running with Unscaled Compressed Oops mode in which the Java heap is
#     placed in the first 4GB address space. The Java Heap base address is the
#     maximum limit for the native heap growth. Please use -XX:HeapBaseMinAddress
#     to set the Java Heap base and to place the Java Heap above 4GB virtual address.
# This output file may be truncated or incomplete.
#
#  Out of Memory Error (./src/hotspot/share/memory/arena.cpp:197), pid=26740, tid=34276
#
# JRE version: OpenJDK Runtime Environment (11.0.8+10) (build 11.0.8+10-b944.6842174)
# Java VM: OpenJDK 64-Bit Server VM (11.0.8+10-b944.6842174, mixed mode, tiered, compressed oops, g1 gc, windows-amd64)
# No core dump will be written. Minidumps are not enabled by default on client versions of Windows
#

---------------  S U M M A R Y ------------

Command Line: --add-opens=java.base/java.util=ALL-UNNAMED --add-opens=java.base/java.lang=ALL-UNNAMED --add-opens=java.base/java.lang.invoke=ALL-UNNAMED --add-opens=java.base/java.util=ALL-UNNAMED --add-opens=java.prefs/java.util.prefs=ALL-UNNAMED --add-opens=java.prefs/java.util.prefs=ALL-UNNAMED --add-opens=java.base/java.nio.charset=ALL-UNNAMED --add-opens=java.base/java.net=ALL-UNNAMED --add-opens=java.base/java.util.concurrent.atomic=ALL-UNNAMED -Xmx2048m -Dfile.encoding=UTF-8 -Duser.country=IN -Duser.language=en -Duser.variant org.gradle.launcher.daemon.bootstrap.GradleDaemon 7.0.2

Host: Intel(R) Core(TM) i5-9300H CPU @ 2.40GHz, 8 cores, 7G,  Windows 10 , 64 bit Build 19041 (10.0.19041.1151)
Time: Tue Aug 31 10:39:22 2021 India Standard Time elapsed time: 16 seconds (0d 0h 0m 16s)

---------------  T H R E A D  ---------------

Current thread (0x0000026d8fa35800):  JavaThread "C2 CompilerThread1" daemon [_thread_in_native, id=34276, stack(0x00000078c1300000,0x00000078c1400000)]


Current CompileTask:
C2:  16516 10789   !   4       java.nio.file.FileTreeWalker::next (144 bytes)

Stack: [0x00000078c1300000,0x00000078c1400000]
Native frames: (J=compiled Java code, j=interpreted, Vv=VM code, C=native code)
V  [jvm.dll+0x5de50a]
V  [jvm.dll+0x7122f5]
V  [jvm.dll+0x71384d]
V  [jvm.dll+0x713f03]
V  [jvm.dll+0x23e728]
V  [jvm.dll+0xb899c]
V  [jvm.dll+0xb8e9c]
V  [jvm.dll+0x2b20e4]
V  [jvm.dll+0x502098]
V  [jvm.dll+0x1ff393]
V  [jvm.dll+0x1f917c]
V  [jvm.dll+0x1f685f]
V  [jvm.dll+0x17f32c]
V  [jvm.dll+0x205047]
V  [jvm.dll+0x203891]
V  [jvm.dll+0x6dad3f]
V  [jvm.dll+0x6d3895]
V  [jvm.dll+0x5dd4a6]
C  [ucrtbase.dll+0x21bb2]
C  [KERNEL32.DLL+0x17034]
C  [ntdll.dll+0x52651]


---------------  P R O C E S S  ---------------

Threads class SMR info:
_java_thread_list=0x0000026d9721dce0, length=72, elements={
0x0000026df1708800, 0x0000026dfca2a800, 0x0000026dfca34000, 0x0000026dfd28f800,
0x0000026dfd292000, 0x0000026dfd298000, 0x0000026dfd29b000, 0x0000026dfd29f800,
0x0000026dfd418000, 0x0000026dfd42a000, 0x0000026dfe277000, 0x0000026dfea31800,
0x0000026dfeef6800, 0x0000026d8f0cf000, 0x0000026d8f616800, 0x0000026d8f85d800,
0x0000026d8f2e5800, 0x0000026d8f12f000, 0x0000026dfe7b6800, 0x0000026d8fc72000,
0x0000026dfe47c800, 0x0000026dfe47e000, 0x0000026dfe47d000, 0x0000026d8fa35800,
0x0000026d8f465800, 0x0000026dfe479000, 0x0000026dfe47a000, 0x0000026dfe47b800,
0x0000026dfe478000, 0x0000026dfe47e800, 0x0000026dfe47a800, 0x0000026d918b9000,
0x0000026d918b7800, 0x0000026d918ba000, 0x0000026d918bb000, 0x0000026d918b8800,
0x0000026d918c0800, 0x0000026d918bd800, 0x0000026d918be000, 0x0000026d918c1800,
0x0000026d918c2000, 0x0000026d918bf000, 0x0000026d918bc800, 0x0000026d918c5800,
0x0000026d918c4800, 0x0000026d918c3000, 0x0000026d918c0000, 0x0000026d918c6800,
0x0000026d918c4000, 0x0000026d919f5800, 0x0000026d919fb000, 0x0000026d919f7800,
0x0000026d919f8800, 0x0000026d919f6000, 0x0000026d919fa000, 0x0000026d919f9800,
0x0000026d919f7000, 0x0000026d91e27000, 0x0000026d91e28000, 0x0000026d91e29000,
0x0000026d91e29800, 0x0000026d91e2a800, 0x0000026d91e2b800, 0x0000026d91e2c000,
0x0000026d91e26800, 0x0000026d91e2e800, 0x0000026d91e2f800, 0x0000026d91e30000,
0x0000026d91e32000, 0x0000026d91e2d000, 0x0000026d91e31000, 0x0000026d91e32800
}

Java Threads: ( => current thread )
  0x0000026df1708800 JavaThread "main" [_thread_blocked, id=11336, stack(0x00000078bed00000,0x00000078bee00000)]
  0x0000026dfca2a800 JavaThread "Reference Handler" daemon [_thread_blocked, id=49992, stack(0x00000078bf400000,0x00000078bf500000)]
  0x0000026dfca34000 JavaThread "Finalizer" daemon [_thread_blocked, id=44212, stack(0x00000078bf500000,0x00000078bf600000)]
  0x0000026dfd28f800 JavaThread "Signal Dispatcher" daemon [_thread_blocked, id=30252, stack(0x00000078bf600000,0x00000078bf700000)]
  0x0000026dfd292000 JavaThread "Attach Listener" daemon [_thread_blocked, id=31500, stack(0x00000078bf700000,0x00000078bf800000)]
  0x0000026dfd298000 JavaThread "C2 CompilerThread0" daemon [_thread_in_native, id=41848, stack(0x00000078bf800000,0x00000078bf900000)]
  0x0000026dfd29b000 JavaThread "C1 CompilerThread0" daemon [_thread_blocked, id=39812, stack(0x00000078bf900000,0x00000078bfa00000)]
  0x0000026dfd29f800 JavaThread "Sweeper thread" daemon [_thread_blocked, id=42464, stack(0x00000078bfa00000,0x00000078bfb00000)]
  0x0000026dfd418000 JavaThread "Common-Cleaner" daemon [_thread_blocked, id=48752, stack(0x00000078bfb00000,0x00000078bfc00000)]
  0x0000026dfd42a000 JavaThread "Service Thread" daemon [_thread_blocked, id=31856, stack(0x00000078bfc00000,0x00000078bfd00000)]
  0x0000026dfe277000 JavaThread "Daemon health stats" [_thread_blocked, id=22220, stack(0x00000078c0200000,0x00000078c0300000)]
  0x0000026dfea31800 JavaThread "Incoming local TCP Connector on port 64543" [_thread_in_native, id=43440, stack(0x00000078bfe00000,0x00000078bff00000)]
  0x0000026dfeef6800 JavaThread "Daemon periodic checks" [_thread_blocked, id=41872, stack(0x00000078bff00000,0x00000078c0000000)]
  0x0000026d8f0cf000 JavaThread "Daemon" [_thread_blocked, id=50148, stack(0x00000078c0300000,0x00000078c0400000)]
  0x0000026d8f616800 JavaThread "Handler for socket connection from /127.0.0.1:64543 to /127.0.0.1:64544" [_thread_in_native, id=47832, stack(0x00000078c0400000,0x00000078c0500000)]
  0x0000026d8f85d800 JavaThread "Cancel handler" [_thread_blocked, id=25076, stack(0x00000078c0500000,0x00000078c0600000)]
  0x0000026d8f2e5800 JavaThread "Daemon worker" [_thread_blocked, id=48312, stack(0x00000078c0600000,0x00000078c0700000)]
  0x0000026d8f12f000 JavaThread "Asynchronous log dispatcher for DefaultDaemonConnection: socket connection from /127.0.0.1:64543 to /127.0.0.1:64544" [_thread_blocked, id=27044, stack(0x00000078c0700000,0x00000078c0800000)]
  0x0000026dfe7b6800 JavaThread "Stdin handler" [_thread_blocked, id=42408, stack(0x00000078c0800000,0x00000078c0900000)]
  0x0000026d8fc72000 JavaThread "Daemon client event forwarder" [_thread_blocked, id=29316, stack(0x00000078c0900000,0x00000078c0a00000)]
  0x0000026dfe47c800 JavaThread "Cache worker for file hash cache (C:\Users\Dark Knight\.gradle\caches\7.0.2\fileHashes)" [_thread_blocked, id=40372, stack(0x00000078c0f00000,0x00000078c1000000)]
  0x0000026dfe47e000 JavaThread "File lock request listener" [_thread_in_native, id=46472, stack(0x00000078c1000000,0x00000078c1100000)]
  0x0000026dfe47d000 JavaThread "Cache worker for journal cache (C:\Users\Dark Knight\.gradle\caches\journal-1)" [_thread_blocked, id=49448, stack(0x00000078c1200000,0x00000078c1300000)]
=>0x0000026d8fa35800 JavaThread "C2 CompilerThread1" daemon [_thread_in_native, id=34276, stack(0x00000078c1300000,0x00000078c1400000)]
  0x0000026d8f465800 JavaThread "C2 CompilerThread2" daemon [_thread_in_native, id=37428, stack(0x00000078c1400000,0x00000078c1500000)]
  0x0000026dfe479000 JavaThread "Cache worker for file hash cache (C:\Android Projects\Udemy TUTORIAL\7MinuteWorkout2\.gradle\7.0.2\fileHashes)" [_thread_blocked, id=47636, stack(0x00000078c1500000,0x00000078c1600000)]
  0x0000026dfe47a000 JavaThread "File watcher server" daemon [_thread_in_native, id=26460, stack(0x00000078c1600000,0x00000078c1700000)]
  0x0000026dfe47b800 JavaThread "File watcher consumer" daemon [_thread_blocked, id=38692, stack(0x00000078c1700000,0x00000078c1800000)]
  0x0000026dfe478000 JavaThread "Cache worker for checksums cache (C:\Android Projects\Udemy TUTORIAL\7MinuteWorkout2\.gradle\checksums)" [_thread_blocked, id=29952, stack(0x00000078c1800000,0x00000078c1900000)]
  0x0000026dfe47e800 JavaThread "Cache worker for cache directory md-supplier (C:\Users\Dark Knight\.gradle\caches\7.0.2\md-supplier)" [_thread_blocked, id=48732, stack(0x00000078c1900000,0x00000078c1a00000)]
  0x0000026dfe47a800 JavaThread "Cache worker for cache directory md-rule (C:\Users\Dark Knight\.gradle\caches\7.0.2\md-rule)" [_thread_blocked, id=14068, stack(0x00000078c1a00000,0x00000078c1b00000)]
  0x0000026d918b9000 JavaThread "Cache worker for execution history cache (C:\Users\Dark Knight\.gradle\caches\7.0.2\executionHistory)" [_thread_blocked, id=17092, stack(0x00000078c1b00000,0x00000078c1c00000)]
  0x0000026d918b7800 JavaThread "jar transforms" [_thread_blocked, id=45344, stack(0x00000078c1c00000,0x00000078c1d00000)]
  0x0000026d918ba000 JavaThread "jar transforms Thread 2" [_thread_blocked, id=49252, stack(0x00000078c1d00000,0x00000078c1e00000)]
  0x0000026d918bb000 JavaThread "Cache worker for file content cache (C:\Users\Dark Knight\.gradle\caches\7.0.2\fileContent)" [_thread_blocked, id=49444, stack(0x00000078c1e00000,0x00000078c1f00000)]
  0x0000026d918b8800 JavaThread "Cache worker for dependencies-accessors (C:\Android Projects\Udemy TUTORIAL\7MinuteWorkout2\.gradle\7.0.2\dependencies-accessors)" [_thread_blocked, id=38848, stack(0x00000078c1f00000,0x00000078c2000000)]
  0x0000026d918c0800 JavaThread "jar transforms Thread 3" [_thread_blocked, id=10484, stack(0x00000078c2000000,0x00000078c2100000)]
  0x0000026d918bd800 JavaThread "Cache worker for Build Output Cleanup Cache (C:\Android Projects\Udemy TUTORIAL\7MinuteWorkout2\.gradle\buildOutputCleanup)" [_thread_blocked, id=44876, stack(0x00000078c2100000,0x00000078c2200000)]
  0x0000026d918be000 JavaThread "Build operations" [_thread_blocked, id=29804, stack(0x00000078c2200000,0x00000078c2300000)]
  0x0000026d918c1800 JavaThread "Build operations Thread 2" [_thread_blocked, id=49504, stack(0x00000078c2300000,0x00000078c2400000)]
  0x0000026d918c2000 JavaThread "Build operations Thread 3" [_thread_blocked, id=36368, stack(0x00000078c2400000,0x00000078c2500000)]
  0x0000026d918bf000 JavaThread "Build operations Thread 4" [_thread_blocked, id=38352, stack(0x00000078c2500000,0x00000078c2600000)]
  0x0000026d918bc800 JavaThread "Build operations Thread 5" [_thread_blocked, id=31096, stack(0x00000078c2600000,0x00000078c2700000)]
  0x0000026d918c5800 JavaThread "Build operations Thread 6" [_thread_blocked, id=33752, stack(0x00000078c2700000,0x00000078c2800000)]
  0x0000026d918c4800 JavaThread "Build operations Thread 7" [_thread_blocked, id=40012, stack(0x00000078c2800000,0x00000078c2900000)]
  0x0000026d918c3000 JavaThread "Build operations Thread 8" [_thread_blocked, id=39044, stack(0x00000078c2900000,0x00000078c2a00000)]
  0x0000026d918c0000 JavaThread "jar transforms Thread 4" [_thread_blocked, id=32272, stack(0x00000078c2a00000,0x00000078c2b00000)]
  0x0000026d918c6800 JavaThread "jar transforms Thread 5" [_thread_blocked, id=49124, stack(0x00000078c2b00000,0x00000078c2c00000)]
  0x0000026d918c4000 JavaThread "jar transforms Thread 6" [_thread_blocked, id=50024, stack(0x00000078c2c00000,0x00000078c2d00000)]
  0x0000026d919f5800 JavaThread "jar transforms Thread 7" [_thread_blocked, id=42700, stack(0x00000078c2d00000,0x00000078c2e00000)]
  0x0000026d919fb000 JavaThread "jar transforms Thread 8" [_thread_blocked, id=28764, stack(0x00000078c2e00000,0x00000078c2f00000)]
  0x0000026d919f7800 JavaThread "Memory manager" [_thread_blocked, id=39780, stack(0x00000078c2f00000,0x00000078c3000000)]
  0x0000026d919f8800 JavaThread "build event listener" [_thread_blocked, id=43060, stack(0x00000078c3000000,0x00000078c3100000)]
  0x0000026d919f6000 JavaThread "pool-3-thread-1" [_thread_blocked, id=23324, stack(0x00000078c3100000,0x00000078c3200000)]
  0x0000026d919fa000 JavaThread "build event listener" [_thread_blocked, id=47552, stack(0x00000078c3200000,0x00000078c3300000)]
  0x0000026d919f9800 JavaThread "Execution worker for ':'" [_thread_blocked, id=9308, stack(0x00000078c3300000,0x00000078c3400000)]
  0x0000026d919f7000 JavaThread "Execution worker for ':' Thread 2" [_thread_blocked, id=45876, stack(0x00000078c3400000,0x00000078c3500000)]
  0x0000026d91e27000 JavaThread "Execution worker for ':' Thread 3" [_thread_blocked, id=36948, stack(0x00000078c3500000,0x00000078c3600000)]
  0x0000026d91e28000 JavaThread "Execution worker for ':' Thread 4" [_thread_blocked, id=30484, stack(0x00000078c3600000,0x00000078c3700000)]
  0x0000026d91e29000 JavaThread "Execution worker for ':' Thread 5" [_thread_blocked, id=42528, stack(0x00000078c3700000,0x00000078c3800000)]
  0x0000026d91e29800 JavaThread "Execution worker for ':' Thread 6" [_thread_blocked, id=44796, stack(0x00000078c3800000,0x00000078c3900000)]
  0x0000026d91e2a800 JavaThread "Execution worker for ':' Thread 7" [_thread_blocked, id=46560, stack(0x00000078c3900000,0x00000078c3a00000)]
  0x0000026d91e2b800 JavaThread "Cache worker for execution history cache (C:\Android Projects\Udemy TUTORIAL\7MinuteWorkout2\.gradle\7.0.2\executionHistory)" [_thread_blocked, id=35968, stack(0x00000078c3a00000,0x00000078c3b00000)]
  0x0000026d91e2c000 JavaThread "WorkerExecutor Queue" [_thread_blocked, id=48552, stack(0x00000078c3b00000,0x00000078c3c00000)]
  0x0000026d91e26800 JavaThread "WorkerExecutor Queue Thread 2" [_thread_blocked, id=43372, stack(0x00000078c3c00000,0x00000078c3d00000)]
  0x0000026d91e2e800 JavaThread "WorkerExecutor Queue Thread 3" [_thread_blocked, id=42000, stack(0x00000078c3d00000,0x00000078c3e00000)]
  0x0000026d91e2f800 JavaThread "WorkerExecutor Queue Thread 4" [_thread_blocked, id=35148, stack(0x00000078c3e00000,0x00000078c3f00000)]
  0x0000026d91e30000 JavaThread "WorkerExecutor Queue Thread 5" [_thread_blocked, id=34020, stack(0x00000078c3f00000,0x00000078c4000000)]
  0x0000026d91e32000 JavaThread "WorkerExecutor Queue Thread 6" [_thread_blocked, id=1044, stack(0x00000078c4000000,0x00000078c4100000)]
  0x0000026d91e2d000 JavaThread "WorkerExecutor Queue Thread 7" [_thread_blocked, id=49616, stack(0x00000078c4100000,0x00000078c4200000)]
  0x0000026d91e31000 JavaThread "WorkerExecutor Queue Thread 8" [_thread_in_native, id=48936, stack(0x00000078c4200000,0x00000078c4300000)]
  0x0000026d91e32800 JavaThread "WorkerExecutor Queue Thread 9" [_thread_blocked, id=43836, stack(0x00000078c4300000,0x00000078c4400000)]

Other Threads:
  0x0000026dfd246800 VMThread "VM Thread" [stack: 0x00000078bf300000,0x00000078bf400000] [id=24508]
  0x0000026dfd42b800 WatcherThread [stack: 0x00000078bfd00000,0x00000078bfe00000] [id=48540]
  0x0000026df1722800 GCTaskThread "GC Thread#0" [stack: 0x00000078bee00000,0x00000078bef00000] [id=14376]
  0x0000026dfe540800 GCTaskThread "GC Thread#1" [stack: 0x00000078c0000000,0x00000078c0100000] [id=29244]
  0x0000026dfe33e800 GCTaskThread "GC Thread#2" [stack: 0x00000078c0100000,0x00000078c0200000] [id=43644]
  0x0000026dfe37d800 GCTaskThread "GC Thread#3" [stack: 0x00000078c0a00000,0x00000078c0b00000] [id=32668]
  0x0000026d8f90b000 GCTaskThread "GC Thread#4" [stack: 0x00000078c0b00000,0x00000078c0c00000] [id=46960]
  0x0000026d8ffc7000 GCTaskThread "GC Thread#5" [stack: 0x00000078c0c00000,0x00000078c0d00000] [id=40140]
  0x0000026d8f171800 GCTaskThread "GC Thread#6" [stack: 0x00000078c0d00000,0x00000078c0e00000] [id=48948]
  0x0000026d8fa96000 GCTaskThread "GC Thread#7" [stack: 0x00000078c0e00000,0x00000078c0f00000] [id=45312]
  0x0000026df1755000 ConcurrentGCThread "G1 Main Marker" [stack: 0x00000078bef00000,0x00000078bf000000] [id=50068]
  0x0000026df1756800 ConcurrentGCThread "G1 Conc#0" [stack: 0x00000078bf000000,0x00000078bf100000] [id=48644]
  0x0000026d8f613800 ConcurrentGCThread "G1 Conc#1" [stack: 0x00000078c1100000,0x00000078c1200000] [id=42024]
  0x0000026df17ee800 ConcurrentGCThread "G1 Refine#0" [stack: 0x00000078bf100000,0x00000078bf200000] [id=46072]
  0x0000026dfc87a000 ConcurrentGCThread "G1 Young RemSet Sampling" [stack: 0x00000078bf200000,0x00000078bf300000] [id=48428]

Threads with active compile tasks:
C2 CompilerThread0  16552 10816       4       java.lang.reflect.Constructor::newInstance (76 bytes)
C2 CompilerThread1  16552 10789   !   4       java.nio.file.FileTreeWalker::next (144 bytes)
C2 CompilerThread2  16552 10793       4       sun.invoke.util.VerifyAccess::isClassAccessible (182 bytes)

VM state:not at safepoint (normal execution)

VM Mutex/Monitor currently owned by a thread: None

Heap address: 0x0000000080000000, size: 2048 MB, Compressed Oops mode: 32-bit
Narrow klass base: 0x0000000000000000, Narrow klass shift: 3
Compressed class space size: 1073741824 Address: 0x0000000100000000

Heap:
 garbage-first heap   total 189440K, used 85128K [0x0000000080000000, 0x0000000100000000)
  region size 1024K, 14 young (14336K), 9 survivors (9216K)
 Metaspace       used 99735K, capacity 102656K, committed 102784K, reserved 1138688K
  class space    used 13263K, capacity 14382K, committed 14464K, reserved 1048576K
Heap Regions: E=young(eden), S=young(survivor), O=old, HS=humongous(starts), HC=humongous(continues), CS=collection set, F=free, A=archive, TAMS=top-at-mark-start (previous, next)
|   0|0x0000000080000000, 0x0000000080100000, 0x0000000080100000|100%| O|  |TAMS 0x0000000080100000, 0x0000000080000000| Untracked 
|   1|0x0000000080100000, 0x0000000080200000, 0x0000000080200000|100%| O|  |TAMS 0x0000000080200000, 0x0000000080100000| Untracked 
|   2|0x0000000080200000, 0x0000000080300000, 0x0000000080300000|100%| O|  |TAMS 0x0000000080300000, 0x0000000080200000| Untracked 
|   3|0x0000000080300000, 0x0000000080400000, 0x0000000080400000|100%|HS|  |TAMS 0x0000000080400000, 0x0000000080300000| Complete 
|   4|0x0000000080400000, 0x0000000080500000, 0x0000000080500000|100%|HC|  |TAMS 0x0000000080500000, 0x0000000080400000| Complete 
|   5|0x0000000080500000, 0x0000000080600000, 0x0000000080600000|100%|HC|  |TAMS 0x0000000080600000, 0x0000000080500000| Complete 
|   6|0x0000000080600000, 0x0000000080700000, 0x0000000080700000|100%| O|  |TAMS 0x0000000080700000, 0x0000000080600000| Untracked 
|   7|0x0000000080700000, 0x0000000080800000, 0x0000000080800000|100%| O|  |TAMS 0x0000000080800000, 0x0000000080700000| Untracked 
|   8|0x0000000080800000, 0x0000000080900000, 0x0000000080900000|100%| O|  |TAMS 0x0000000080900000, 0x0000000080800000| Untracked 
|   9|0x0000000080900000, 0x0000000080a00000, 0x0000000080a00000|100%| O|  |TAMS 0x0000000080a00000, 0x0000000080900000| Untracked 
|  10|0x0000000080a00000, 0x0000000080b00000, 0x0000000080b00000|100%| O|  |TAMS 0x0000000080b00000, 0x0000000080a00000| Untracked 
|  11|0x0000000080b00000, 0x0000000080c00000, 0x0000000080c00000|100%| O|  |TAMS 0x0000000080c00000, 0x0000000080b00000| Untracked 
|  12|0x0000000080c00000, 0x0000000080d00000, 0x0000000080d00000|100%| O|  |TAMS 0x0000000080d00000, 0x0000000080c00000| Untracked 
|  13|0x0000000080d00000, 0x0000000080e00000, 0x0000000080e00000|100%| O|  |TAMS 0x0000000080e00000, 0x0000000080d00000| Untracked 
|  14|0x0000000080e00000, 0x0000000080f00000, 0x0000000080f00000|100%| O|  |TAMS 0x0000000080f00000, 0x0000000080e00000| Untracked 
|  15|0x0000000080f00000, 0x0000000081000000, 0x0000000081000000|100%| O|  |TAMS 0x0000000081000000, 0x0000000080f00000| Untracked 
|  16|0x0000000081000000, 0x0000000081100000, 0x0000000081100000|100%|HS|  |TAMS 0x0000000081100000, 0x0000000081000000| Complete 
|  17|0x0000000081100000, 0x0000000081200000, 0x0000000081200000|100%| O|  |TAMS 0x0000000081200000, 0x0000000081100000| Untracked 
|  18|0x0000000081200000, 0x0000000081300000, 0x0000000081300000|100%| O|  |TAMS 0x0000000081300000, 0x0000000081200000| Untracked 
|  19|0x0000000081300000, 0x0000000081400000, 0x0000000081400000|100%| O|  |TAMS 0x0000000081400000, 0x0000000081300000| Untracked 
|  20|0x0000000081400000, 0x0000000081500000, 0x0000000081500000|100%| O|  |TAMS 0x0000000081500000, 0x0000000081400000| Untracked 
|  21|0x0000000081500000, 0x0000000081600000, 0x0000000081600000|100%| O|  |TAMS 0x0000000081600000, 0x0000000081500000| Untracked 
|  22|0x0000000081600000, 0x0000000081700000, 0x0000000081700000|100%| O|  |TAMS 0x0000000081700000, 0x0000000081600000| Untracked 
|  23|0x0000000081700000, 0x0000000081800000, 0x0000000081800000|100%| O|  |TAMS 0x0000000081800000, 0x0000000081700000| Untracked 
|  24|0x0000000081800000, 0x0000000081900000, 0x0000000081900000|100%| O|  |TAMS 0x0000000081900000, 0x0000000081800000| Untracked 
|  25|0x0000000081900000, 0x0000000081a00000, 0x0000000081a00000|100%| O|  |TAMS 0x0000000081a00000, 0x0000000081900000| Untracked 
|  26|0x0000000081a00000, 0x0000000081b00000, 0x0000000081b00000|100%| O|  |TAMS 0x0000000081b00000, 0x0000000081a00000| Untracked 
|  27|0x0000000081b00000, 0x0000000081c00000, 0x0000000081c00000|100%|HS|  |TAMS 0x0000000081c00000, 0x0000000081b00000| Complete 
|  28|0x0000000081c00000, 0x0000000081d00000, 0x0000000081d00000|100%|HS|  |TAMS 0x0000000081d00000, 0x0000000081c00000| Complete 
|  29|0x0000000081d00000, 0x0000000081e00000, 0x0000000081e00000|100%|HC|  |TAMS 0x0000000081e00000, 0x0000000081d00000| Complete 
|  30|0x0000000081e00000, 0x0000000081f00000, 0x0000000081f00000|100%|HC|  |TAMS 0x0000000081f00000, 0x0000000081e00000| Complete 
|  31|0x0000000081f00000, 0x0000000082000000, 0x0000000082000000|100%|HS|  |TAMS 0x0000000082000000, 0x0000000081f00000| Complete 
|  32|0x0000000082000000, 0x0000000082100000, 0x0000000082100000|100%|HC|  |TAMS 0x0000000082100000, 0x0000000082000000| Complete 
|  33|0x0000000082100000, 0x0000000082200000, 0x0000000082200000|100%| O|  |TAMS 0x0000000082200000, 0x0000000082100000| Untracked 
|  34|0x0000000082200000, 0x0000000082300000, 0x0000000082300000|100%| O|  |TAMS 0x0000000082300000, 0x0000000082200000| Untracked 
|  35|0x0000000082300000, 0x0000000082400000, 0x0000000082400000|100%| O|  |TAMS 0x0000000082400000, 0x0000000082300000| Untracked 
|  36|0x0000000082400000, 0x0000000082500000, 0x0000000082500000|100%| O|  |TAMS 0x0000000082500000, 0x0000000082400000| Untracked 
|  37|0x0000000082500000, 0x0000000082600000, 0x0000000082600000|100%| O|  |TAMS 0x0000000082600000, 0x0000000082500000| Untracked 
|  38|0x0000000082600000, 0x0000000082700000, 0x0000000082700000|100%| O|  |TAMS 0x0000000082700000, 0x0000000082600000| Untracked 
|  39|0x0000000082700000, 0x0000000082800000, 0x0000000082800000|100%| O|  |TAMS 0x0000000082800000, 0x0000000082700000| Untracked 
|  40|0x0000000082800000, 0x0000000082900000, 0x0000000082900000|100%| O|  |TAMS 0x0000000082900000, 0x0000000082800000| Untracked 
|  41|0x0000000082900000, 0x0000000082a00000, 0x0000000082a00000|100%| O|  |TAMS 0x0000000082a00000, 0x0000000082900000| Untracked 
|  42|0x0000000082a00000, 0x0000000082b00000, 0x0000000082b00000|100%| O|  |TAMS 0x0000000082b00000, 0x0000000082a00000| Untracked 
|  43|0x0000000082b00000, 0x0000000082c00000, 0x0000000082c00000|100%| O|  |TAMS 0x0000000082c00000, 0x0000000082b00000| Untracked 
|  44|0x0000000082c00000, 0x0000000082d00000, 0x0000000082d00000|100%| O|  |TAMS 0x0000000082d00000, 0x0000000082c00000| Untracked 
|  45|0x0000000082d00000, 0x0000000082e00000, 0x0000000082e00000|100%| O|  |TAMS 0x0000000082d00000, 0x0000000082d00000| Untracked 
|  46|0x0000000082e00000, 0x0000000082f00000, 0x0000000082f00000|100%| O|  |TAMS 0x0000000082e00000, 0x0000000082e00000| Untracked 
|  47|0x0000000082f00000, 0x0000000083000000, 0x0000000083000000|100%| O|  |TAMS 0x0000000082f00000, 0x0000000082f00000| Untracked 
|  48|0x0000000083000000, 0x0000000083100000, 0x0000000083100000|100%| O|  |TAMS 0x0000000083000000, 0x0000000083000000| Untracked 
|  49|0x0000000083100000, 0x0000000083200000, 0x0000000083200000|100%| O|  |TAMS 0x0000000083100000, 0x0000000083100000| Untracked 
|  50|0x0000000083200000, 0x0000000083300000, 0x0000000083300000|100%| O|  |TAMS 0x0000000083200000, 0x0000000083200000| Untracked 
|  51|0x0000000083300000, 0x0000000083400000, 0x0000000083400000|100%| O|  |TAMS 0x0000000083300000, 0x0000000083300000| Untracked 
|  52|0x0000000083400000, 0x0000000083500000, 0x0000000083500000|100%| O|  |TAMS 0x0000000083400000, 0x0000000083400000| Untracked 
|  53|0x0000000083500000, 0x0000000083600000, 0x0000000083600000|100%| O|  |TAMS 0x0000000083500000, 0x0000000083500000| Untracked 
|  54|0x0000000083600000, 0x0000000083700000, 0x0000000083700000|100%| O|  |TAMS 0x0000000083600000, 0x0000000083600000| Untracked 
|  55|0x0000000083700000, 0x0000000083800000, 0x0000000083800000|100%| O|  |TAMS 0x0000000083700000, 0x0000000083700000| Untracked 
|  56|0x0000000083800000, 0x0000000083900000, 0x0000000083900000|100%| O|  |TAMS 0x0000000083800000, 0x0000000083800000| Untracked 
|  57|0x0000000083900000, 0x0000000083a00000, 0x0000000083a00000|100%| O|  |TAMS 0x0000000083900000, 0x0000000083900000| Untracked 
|  58|0x0000000083a00000, 0x0000000083b00000, 0x0000000083b00000|100%| O|  |TAMS 0x0000000083a00000, 0x0000000083a00000| Untracked 
|  59|0x0000000083b00000, 0x0000000083c00000, 0x0000000083c00000|100%| O|  |TAMS 0x0000000083b00000, 0x0000000083b00000| Untracked 
|  60|0x0000000083c00000, 0x0000000083d00000, 0x0000000083d00000|100%| O|  |TAMS 0x0000000083c00000, 0x0000000083c00000| Untracked 
|  61|0x0000000083d00000, 0x0000000083e00000, 0x0000000083e00000|100%| O|  |TAMS 0x0000000083d00000, 0x0000000083d00000| Untracked 
|  62|0x0000000083e00000, 0x0000000083f00000, 0x0000000083f00000|100%| O|  |TAMS 0x0000000083e00000, 0x0000000083e00000| Untracked 
|  63|0x0000000083f00000, 0x0000000084000000, 0x0000000084000000|100%| O|  |TAMS 0x0000000083f00000, 0x0000000083f00000| Untracked 
|  64|0x0000000084000000, 0x0000000084100000, 0x0000000084100000|100%| O|  |TAMS 0x0000000084000000, 0x0000000084000000| Untracked 
|  65|0x0000000084100000, 0x0000000084200000, 0x0000000084200000|100%| O|  |TAMS 0x0000000084100000, 0x0000000084100000| Untracked 
|  66|0x0000000084200000, 0x0000000084300000, 0x0000000084300000|100%| O|  |TAMS 0x0000000084200000, 0x0000000084200000| Untracked 
|  67|0x0000000084300000, 0x0000000084400000, 0x0000000084400000|100%| O|  |TAMS 0x0000000084300000, 0x0000000084300000| Untracked 
|  68|0x0000000084400000, 0x0000000084500000, 0x0000000084500000|100%| O|  |TAMS 0x0000000084400000, 0x0000000084400000| Untracked 
|  69|0x0000000084500000, 0x0000000084600000, 0x0000000084600000|100%| O|  |TAMS 0x0000000084500000, 0x0000000084500000| Untracked 
|  70|0x0000000084600000, 0x00000000846f9600, 0x0000000084700000| 97%| O|  |TAMS 0x0000000084600000, 0x0000000084600000| Untracked 
|  71|0x0000000084700000, 0x0000000084700000, 0x0000000084800000|  0%| F|  |TAMS 0x0000000084700000, 0x0000000084700000| Untracked 
|  72|0x0000000084800000, 0x0000000084800000, 0x0000000084900000|  0%| F|  |TAMS 0x0000000084800000, 0x0000000084800000| Untracked 
|  73|0x0000000084900000, 0x0000000084900000, 0x0000000084a00000|  0%| F|  |TAMS 0x0000000084900000, 0x0000000084900000| Untracked 
|  74|0x0000000084a00000, 0x0000000084a00000, 0x0000000084b00000|  0%| F|  |TAMS 0x0000000084a00000, 0x0000000084a00000| Untracked 
|  75|0x0000000084b00000, 0x0000000084b00000, 0x0000000084c00000|  0%| F|  |TAMS 0x0000000084b00000, 0x0000000084b00000| Untracked 
|  76|0x0000000084c00000, 0x0000000084c00000, 0x0000000084d00000|  0%| F|  |TAMS 0x0000000084c00000, 0x0000000084c00000| Untracked 
|  77|0x0000000084d00000, 0x0000000084d00000, 0x0000000084e00000|  0%| F|  |TAMS 0x0000000084d00000, 0x0000000084d00000| Untracked 
|  78|0x0000000084e00000, 0x0000000084e00000, 0x0000000084f00000|  0%| F|  |TAMS 0x0000000084e00000, 0x0000000084e00000| Untracked 
|  79|0x0000000084f00000, 0x0000000084f00000, 0x0000000085000000|  0%| F|  |TAMS 0x0000000084f00000, 0x0000000084f00000| Untracked 
|  80|0x0000000085000000, 0x0000000085000000, 0x0000000085100000|  0%| F|  |TAMS 0x0000000085000000, 0x0000000085000000| Untracked 
|  81|0x0000000085100000, 0x0000000085100000, 0x0000000085200000|  0%| F|  |TAMS 0x0000000085100000, 0x0000000085100000| Untracked 
|  82|0x0000000085200000, 0x0000000085200000, 0x0000000085300000|  0%| F|  |TAMS 0x0000000085200000, 0x0000000085200000| Untracked 
|  83|0x0000000085300000, 0x0000000085300000, 0x0000000085400000|  0%| F|  |TAMS 0x0000000085300000, 0x0000000085300000| Untracked 
|  84|0x0000000085400000, 0x0000000085400000, 0x0000000085500000|  0%| F|  |TAMS 0x0000000085400000, 0x0000000085400000| Untracked 
|  85|0x0000000085500000, 0x0000000085500000, 0x0000000085600000|  0%| F|  |TAMS 0x0000000085500000, 0x0000000085500000| Untracked 
|  86|0x0000000085600000, 0x0000000085600000, 0x0000000085700000|  0%| F|  |TAMS 0x0000000085600000, 0x0000000085600000| Untracked 
|  87|0x0000000085700000, 0x0000000085700000, 0x0000000085800000|  0%| F|  |TAMS 0x0000000085700000, 0x0000000085700000| Untracked 
|  88|0x0000000085800000, 0x0000000085800000, 0x0000000085900000|  0%| F|  |TAMS 0x0000000085800000, 0x0000000085800000| Untracked 
|  89|0x0000000085900000, 0x0000000085900000, 0x0000000085a00000|  0%| F|  |TAMS 0x0000000085900000, 0x0000000085900000| Untracked 
|  90|0x0000000085a00000, 0x0000000085a00000, 0x0000000085b00000|  0%| F|  |TAMS 0x0000000085a00000, 0x0000000085a00000| Untracked 
|  91|0x0000000085b00000, 0x0000000085b00000, 0x0000000085c00000|  0%| F|  |TAMS 0x0000000085b00000, 0x0000000085b00000| Untracked 
|  92|0x0000000085c00000, 0x0000000085c00000, 0x0000000085d00000|  0%| F|  |TAMS 0x0000000085c00000, 0x0000000085c00000| Untracked 
|  93|0x0000000085d00000, 0x0000000085d00000, 0x0000000085e00000|  0%| F|  |TAMS 0x0000000085d00000, 0x0000000085d00000| Untracked 
|  94|0x0000000085e00000, 0x0000000085e00000, 0x0000000085f00000|  0%| F|  |TAMS 0x0000000085e00000, 0x0000000085e00000| Untracked 
|  95|0x0000000085f00000, 0x0000000085f00000, 0x0000000086000000|  0%| F|  |TAMS 0x0000000085f00000, 0x0000000085f00000| Untracked 
|  96|0x0000000086000000, 0x0000000086000000, 0x0000000086100000|  0%| F|  |TAMS 0x0000000086000000, 0x0000000086000000| Untracked 
|  97|0x0000000086100000, 0x0000000086100000, 0x0000000086200000|  0%| F|  |TAMS 0x0000000086100000, 0x0000000086100000| Untracked 
|  98|0x0000000086200000, 0x0000000086200000, 0x0000000086300000|  0%| F|  |TAMS 0x0000000086200000, 0x0000000086200000| Untracked 
|  99|0x0000000086300000, 0x0000000086328b00, 0x0000000086400000| 15%| S|CS|TAMS 0x0000000086300000, 0x0000000086300000| Complete 
| 100|0x0000000086400000, 0x0000000086500000, 0x0000000086500000|100%| S|CS|TAMS 0x0000000086400000, 0x0000000086400000| Complete 
| 101|0x0000000086500000, 0x0000000086600000, 0x0000000086600000|100%| S|CS|TAMS 0x0000000086500000, 0x0000000086500000| Complete 
| 102|0x0000000086600000, 0x0000000086700000, 0x0000000086700000|100%| S|CS|TAMS 0x0000000086600000, 0x0000000086600000| Complete 
| 103|0x0000000086700000, 0x0000000086800000, 0x0000000086800000|100%| S|CS|TAMS 0x0000000086700000, 0x0000000086700000| Complete 
| 104|0x0000000086800000, 0x0000000086900000, 0x0000000086900000|100%| S|CS|TAMS 0x0000000086800000, 0x0000000086800000| Complete 
| 105|0x0000000086900000, 0x0000000086a00000, 0x0000000086a00000|100%| S|CS|TAMS 0x0000000086900000, 0x0000000086900000| Complete 
| 106|0x0000000086a00000, 0x0000000086b00000, 0x0000000086b00000|100%| S|CS|TAMS 0x0000000086a00000, 0x0000000086a00000| Complete 
| 107|0x0000000086b00000, 0x0000000086b00000, 0x0000000086c00000|  0%| F|  |TAMS 0x0000000086b00000, 0x0000000086b00000| Untracked 
| 108|0x0000000086c00000, 0x0000000086c00000, 0x0000000086d00000|  0%| F|  |TAMS 0x0000000086c00000, 0x0000000086c00000| Untracked 
| 109|0x0000000086d00000, 0x0000000086d00000, 0x0000000086e00000|  0%| F|  |TAMS 0x0000000086d00000, 0x0000000086d00000| Untracked 
| 110|0x0000000086e00000, 0x0000000086e00000, 0x0000000086f00000|  0%| F|  |TAMS 0x0000000086e00000, 0x0000000086e00000| Untracked 
| 111|0x0000000086f00000, 0x0000000086f00000, 0x0000000087000000|  0%| F|  |TAMS 0x0000000086f00000, 0x0000000086f00000| Untracked 
| 112|0x0000000087000000, 0x0000000087000000, 0x0000000087100000|  0%| F|  |TAMS 0x0000000087000000, 0x0000000087000000| Untracked 
| 113|0x0000000087100000, 0x0000000087100000, 0x0000000087200000|  0%| F|  |TAMS 0x0000000087100000, 0x0000000087100000| Untracked 
| 114|0x0000000087200000, 0x0000000087300000, 0x0000000087300000|100%| S|CS|TAMS 0x0000000087200000, 0x0000000087200000| Complete 
| 115|0x0000000087300000, 0x0000000087300000, 0x0000000087400000|  0%| F|  |TAMS 0x0000000087300000, 0x0000000087300000| Untracked 
| 116|0x0000000087400000, 0x0000000087400000, 0x0000000087500000|  0%| F|  |TAMS 0x0000000087400000, 0x0000000087400000| Untracked 
| 117|0x0000000087500000, 0x0000000087500000, 0x0000000087600000|  0%| F|  |TAMS 0x0000000087500000, 0x0000000087500000| Untracked 
| 118|0x0000000087600000, 0x0000000087600000, 0x0000000087700000|  0%| F|  |TAMS 0x0000000087600000, 0x0000000087600000| Untracked 
| 119|0x0000000087700000, 0x0000000087700000, 0x0000000087800000|  0%| F|  |TAMS 0x0000000087700000, 0x0000000087700000| Untracked 
| 120|0x0000000087800000, 0x0000000087800000, 0x0000000087900000|  0%| F|  |TAMS 0x0000000087800000, 0x0000000087800000| Untracked 
| 121|0x0000000087900000, 0x0000000087900000, 0x0000000087a00000|  0%| F|  |TAMS 0x0000000087900000, 0x0000000087900000| Untracked 
| 122|0x0000000087a00000, 0x0000000087a00000, 0x0000000087b00000|  0%| F|  |TAMS 0x0000000087a00000, 0x0000000087a00000| Untracked 
| 123|0x0000000087b00000, 0x0000000087b00000, 0x0000000087c00000|  0%| F|  |TAMS 0x0000000087b00000, 0x0000000087b00000| Untracked 
| 124|0x0000000087c00000, 0x0000000087c00000, 0x0000000087d00000|  0%| F|  |TAMS 0x0000000087c00000, 0x0000000087c00000| Untracked 
| 125|0x0000000087d00000, 0x0000000087d00000, 0x0000000087e00000|  0%| F|  |TAMS 0x0000000087d00000, 0x0000000087d00000| Untracked 
| 126|0x0000000087e00000, 0x0000000087e00000, 0x0000000087f00000|  0%| F|  |TAMS 0x0000000087e00000, 0x0000000087e00000| Untracked 
| 127|0x0000000087f00000, 0x0000000087f00000, 0x0000000088000000|  0%| F|  |TAMS 0x0000000087f00000, 0x0000000087f00000| Untracked 
| 128|0x0000000088000000, 0x0000000088000000, 0x0000000088100000|  0%| F|  |TAMS 0x0000000088000000, 0x0000000088000000| Untracked 
| 129|0x0000000088100000, 0x0000000088100000, 0x0000000088200000|  0%| F|  |TAMS 0x0000000088100000, 0x0000000088100000| Untracked 
| 130|0x0000000088200000, 0x0000000088200000, 0x0000000088300000|  0%| F|  |TAMS 0x0000000088200000, 0x0000000088200000| Untracked 
| 131|0x0000000088300000, 0x0000000088300000, 0x0000000088400000|  0%| F|  |TAMS 0x0000000088300000, 0x0000000088300000| Untracked 
| 132|0x0000000088400000, 0x0000000088400000, 0x0000000088500000|  0%| F|  |TAMS 0x0000000088400000, 0x0000000088400000| Untracked 
| 133|0x0000000088500000, 0x0000000088500000, 0x0000000088600000|  0%| F|  |TAMS 0x0000000088500000, 0x0000000088500000| Untracked 
| 134|0x0000000088600000, 0x0000000088600000, 0x0000000088700000|  0%| F|  |TAMS 0x0000000088600000, 0x0000000088600000| Untracked 
| 135|0x0000000088700000, 0x0000000088700000, 0x0000000088800000|  0%| F|  |TAMS 0x0000000088700000, 0x0000000088700000| Untracked 
| 136|0x0000000088800000, 0x0000000088800000, 0x0000000088900000|  0%| F|  |TAMS 0x0000000088800000, 0x0000000088800000| Untracked 
| 137|0x0000000088900000, 0x0000000088900000, 0x0000000088a00000|  0%| F|  |TAMS 0x0000000088900000, 0x0000000088900000| Untracked 
| 138|0x0000000088a00000, 0x0000000088a00000, 0x0000000088b00000|  0%| F|  |TAMS 0x0000000088a00000, 0x0000000088a00000| Untracked 
| 139|0x0000000088b00000, 0x0000000088b00000, 0x0000000088c00000|  0%| F|  |TAMS 0x0000000088b00000, 0x0000000088b00000| Untracked 
| 140|0x0000000088c00000, 0x0000000088c00000, 0x0000000088d00000|  0%| F|  |TAMS 0x0000000088c00000, 0x0000000088c00000| Untracked 
| 141|0x0000000088d00000, 0x0000000088d00000, 0x0000000088e00000|  0%| F|  |TAMS 0x0000000088d00000, 0x0000000088d00000| Untracked 
| 142|0x0000000088e00000, 0x0000000088e00000, 0x0000000088f00000|  0%| F|  |TAMS 0x0000000088e00000, 0x0000000088e00000| Untracked 
| 143|0x0000000088f00000, 0x0000000088f00000, 0x0000000089000000|  0%| F|  |TAMS 0x0000000088f00000, 0x0000000088f00000| Untracked 
| 144|0x0000000089000000, 0x0000000089000000, 0x0000000089100000|  0%| F|  |TAMS 0x0000000089000000, 0x0000000089000000| Untracked 
| 145|0x0000000089100000, 0x0000000089100000, 0x0000000089200000|  0%| F|  |TAMS 0x0000000089100000, 0x0000000089100000| Untracked 
| 146|0x0000000089200000, 0x0000000089200000, 0x0000000089300000|  0%| F|  |TAMS 0x0000000089200000, 0x0000000089200000| Untracked 
| 147|0x0000000089300000, 0x0000000089300000, 0x0000000089400000|  0%| F|  |TAMS 0x0000000089300000, 0x0000000089300000| Untracked 
| 148|0x0000000089400000, 0x0000000089400000, 0x0000000089500000|  0%| F|  |TAMS 0x0000000089400000, 0x0000000089400000| Untracked 
| 149|0x0000000089500000, 0x0000000089500000, 0x0000000089600000|  0%| F|  |TAMS 0x0000000089500000, 0x0000000089500000| Untracked 
| 150|0x0000000089600000, 0x0000000089600000, 0x0000000089700000|  0%| F|  |TAMS 0x0000000089600000, 0x0000000089600000| Untracked 
| 151|0x0000000089700000, 0x0000000089700000, 0x0000000089800000|  0%| F|  |TAMS 0x0000000089700000, 0x0000000089700000| Untracked 
| 152|0x0000000089800000, 0x0000000089800000, 0x0000000089900000|  0%| F|  |TAMS 0x0000000089800000, 0x0000000089800000| Untracked 
| 153|0x0000000089900000, 0x0000000089900000, 0x0000000089a00000|  0%| F|  |TAMS 0x0000000089900000, 0x0000000089900000| Untracked 
| 154|0x0000000089a00000, 0x0000000089a00000, 0x0000000089b00000|  0%| F|  |TAMS 0x0000000089a00000, 0x0000000089a00000| Untracked 
| 155|0x0000000089b00000, 0x0000000089b00000, 0x0000000089c00000|  0%| F|  |TAMS 0x0000000089b00000, 0x0000000089b00000| Untracked 
| 156|0x0000000089c00000, 0x0000000089c00000, 0x0000000089d00000|  0%| F|  |TAMS 0x0000000089c00000, 0x0000000089c00000| Untracked 
| 157|0x0000000089d00000, 0x0000000089d00000, 0x0000000089e00000|  0%| F|  |TAMS 0x0000000089d00000, 0x0000000089d00000| Untracked 
| 158|0x0000000089e00000, 0x0000000089e00000, 0x0000000089f00000|  0%| F|  |TAMS 0x0000000089e00000, 0x0000000089e00000| Untracked 
| 159|0x0000000089f00000, 0x0000000089f00000, 0x000000008a000000|  0%| F|  |TAMS 0x0000000089f00000, 0x0000000089f00000| Untracked 
| 160|0x000000008a000000, 0x000000008a000000, 0x000000008a100000|  0%| F|  |TAMS 0x000000008a000000, 0x000000008a000000| Untracked 
| 161|0x000000008a100000, 0x000000008a100000, 0x000000008a200000|  0%| F|  |TAMS 0x000000008a100000, 0x000000008a100000| Untracked 
| 162|0x000000008a200000, 0x000000008a200000, 0x000000008a300000|  0%| F|  |TAMS 0x000000008a200000, 0x000000008a200000| Untracked 
| 163|0x000000008a300000, 0x000000008a300000, 0x000000008a400000|  0%| F|  |TAMS 0x000000008a300000, 0x000000008a300000| Untracked 
| 164|0x000000008a400000, 0x000000008a400000, 0x000000008a500000|  0%| F|  |TAMS 0x000000008a400000, 0x000000008a400000| Untracked 
| 165|0x000000008a500000, 0x000000008a500000, 0x000000008a600000|  0%| F|  |TAMS 0x000000008a500000, 0x000000008a500000| Untracked 
| 166|0x000000008a600000, 0x000000008a600000, 0x000000008a700000|  0%| F|  |TAMS 0x000000008a600000, 0x000000008a600000| Untracked 
| 167|0x000000008a700000, 0x000000008a700000, 0x000000008a800000|  0%| F|  |TAMS 0x000000008a700000, 0x000000008a700000| Untracked 
| 168|0x000000008a800000, 0x000000008a800000, 0x000000008a900000|  0%| F|  |TAMS 0x000000008a800000, 0x000000008a800000| Untracked 
| 169|0x000000008a900000, 0x000000008a900000, 0x000000008aa00000|  0%| F|  |TAMS 0x000000008a900000, 0x000000008a900000| Untracked 
| 170|0x000000008aa00000, 0x000000008aa00000, 0x000000008ab00000|  0%| F|  |TAMS 0x000000008aa00000, 0x000000008aa00000| Untracked 
| 171|0x000000008ab00000, 0x000000008ab00000, 0x000000008ac00000|  0%| F|  |TAMS 0x000000008ab00000, 0x000000008ab00000| Untracked 
| 172|0x000000008ac00000, 0x000000008ac00000, 0x000000008ad00000|  0%| F|  |TAMS 0x000000008ac00000, 0x000000008ac00000| Untracked 
| 173|0x000000008ad00000, 0x000000008ad00000, 0x000000008ae00000|  0%| F|  |TAMS 0x000000008ad00000, 0x000000008ad00000| Untracked 
| 174|0x000000008ae00000, 0x000000008ae00000, 0x000000008af00000|  0%| F|  |TAMS 0x000000008ae00000, 0x000000008ae00000| Untracked 
| 175|0x000000008af00000, 0x000000008af00000, 0x000000008b000000|  0%| F|  |TAMS 0x000000008af00000, 0x000000008af00000| Untracked 
| 176|0x000000008b000000, 0x000000008b000000, 0x000000008b100000|  0%| F|  |TAMS 0x000000008b000000, 0x000000008b000000| Untracked 
| 177|0x000000008b100000, 0x000000008b100000, 0x000000008b200000|  0%| F|  |TAMS 0x000000008b100000, 0x000000008b100000| Untracked 
| 178|0x000000008b200000, 0x000000008b200000, 0x000000008b300000|  0%| F|  |TAMS 0x000000008b200000, 0x000000008b200000| Untracked 
| 179|0x000000008b300000, 0x000000008b300000, 0x000000008b400000|  0%| F|  |TAMS 0x000000008b300000, 0x000000008b300000| Untracked 
| 180|0x000000008b400000, 0x000000008b496fc0, 0x000000008b500000| 58%| E|  |TAMS 0x000000008b400000, 0x000000008b400000| Complete 
| 181|0x000000008b500000, 0x000000008b600000, 0x000000008b600000|100%| E|CS|TAMS 0x000000008b500000, 0x000000008b500000| Complete 
| 182|0x000000008b600000, 0x000000008b700000, 0x000000008b700000|100%| E|CS|TAMS 0x000000008b600000, 0x000000008b600000| Complete 
| 183|0x000000008b700000, 0x000000008b800000, 0x000000008b800000|100%| E|CS|TAMS 0x000000008b700000, 0x000000008b700000| Complete 
| 184|0x000000008b800000, 0x000000008b900000, 0x000000008b900000|100%| E|CS|TAMS 0x000000008b800000, 0x000000008b800000| Complete 

Card table byte_map: [0x0000026df57c0000,0x0000026df5bc0000] _byte_map_base: 0x0000026df53c0000

Marking Bits (Prev, Next): (CMBitMap*) 0x0000026df174c478, (CMBitMap*) 0x0000026df174c4b0
 Prev Bits: [0x0000026df5fc0000, 0x0000026df7fc0000)
 Next Bits: [0x0000026df7fc0000, 0x0000026df9fc0000)

Polling page: 0x0000026def6d0000

Metaspace:

Usage:
  Non-class:     86.28 MB capacity,    84.52 MB ( 98%) used,     1.44 MB (  2%) free+waste,   333.44 KB ( <1%) overhead. 
      Class:     14.05 MB capacity,    12.96 MB ( 92%) used,   958.83 KB (  7%) free+waste,   157.56 KB (  1%) overhead. 
       Both:    100.34 MB capacity,    97.48 MB ( 97%) used,     2.38 MB (  2%) free+waste,   491.00 KB ( <1%) overhead. 

Virtual space:
  Non-class space:       88.00 MB reserved,      86.50 MB ( 98%) committed 
      Class space:        1.00 GB reserved,      14.13 MB (  1%) committed 
             Both:        1.09 GB reserved,     100.63 MB (  9%) committed 

Chunk freelists:
   Non-Class:  30.00 KB
       Class:  10.00 KB
        Both:  40.00 KB

MaxMetaspaceSize: 17179869184.00 GB
CompressedClassSpaceSize: 1.00 GB

CodeHeap 'non-profiled nmethods': size=120000Kb used=6584Kb max_used=6584Kb free=113415Kb
 bounds [0x0000026d87ad0000, 0x0000026d88140000, 0x0000026d8f000000]
CodeHeap 'profiled nmethods': size=120000Kb used=22342Kb max_used=22342Kb free=97657Kb
 bounds [0x0000026d805a0000, 0x0000026d81b80000, 0x0000026d87ad0000]
CodeHeap 'non-nmethods': size=5760Kb used=2298Kb max_used=2345Kb free=3461Kb
 bounds [0x0000026d80000000, 0x0000026d80270000, 0x0000026d805a0000]
 total_blobs=11549 nmethods=10641 adapters=819
 compilation: enabled
              stopped_count=0, restarted_count=0
 full_count=0

Compilation events (20 events):
Event: 16.507 Thread 0x0000026dfd29b000 nmethod 10916 0x0000026d81b68690 code [0x0000026d81b68860, 0x0000026d81b68a88]
Event: 16.507 Thread 0x0000026dfd29b000 10918       3       java.nio.HeapByteBuffer::getShort (25 bytes)
Event: 16.508 Thread 0x0000026dfd29b000 nmethod 10918 0x0000026d81b68b90 code [0x0000026d81b68d80, 0x0000026d81b69248]
Event: 16.508 Thread 0x0000026dfd29b000 10917       3       com.android.tools.r8.dex.j::g (8 bytes)
Event: 16.508 Thread 0x0000026dfd29b000 nmethod 10917 0x0000026d81b69490 code [0x0000026d81b69640, 0x0000026d81b69808]
Event: 16.508 Thread 0x0000026dfd29b000 10921       3       com.android.tools.r8.dex.j::f (8 bytes)
Event: 16.508 Thread 0x0000026dfd29b000 nmethod 10921 0x0000026d81b69910 code [0x0000026d81b69ac0, 0x0000026d81b69c88]
Event: 16.508 Thread 0x0000026dfd29b000 10919       3       com.android.tools.r8.dex.c::f (34 bytes)
Event: 16.508 Thread 0x0000026dfd29b000 nmethod 10919 0x0000026d81b69d90 code [0x0000026d81b69f60, 0x0000026d81b6a1c8]
Event: 16.508 Thread 0x0000026dfd29b000 10920       3       com.android.tools.r8.dex.j::h (8 bytes)
Event: 16.509 Thread 0x0000026dfd29b000 nmethod 10920 0x0000026d81b6a310 code [0x0000026d81b6a4c0, 0x0000026d81b6a688]
Event: 16.509 Thread 0x0000026dfd29b000 10922       3       com.android.tools.r8.dex.j::c (10 bytes)
Event: 16.509 Thread 0x0000026dfd29b000 nmethod 10922 0x0000026d81b6a790 code [0x0000026d81b6a940, 0x0000026d81b6ab08]
Event: 16.512 Thread 0x0000026dfd29b000 10923       3       com.android.tools.r8.graph.h0::a (35 bytes)
Event: 16.512 Thread 0x0000026dfd29b000 nmethod 10923 0x0000026d81b6ac10 code [0x0000026d81b6ade0, 0x0000026d81b6b098]
Event: 16.512 Thread 0x0000026dfd29b000 10924       3       com.android.tools.r8.graph.f0::<init> (62 bytes)
Event: 16.514 Thread 0x0000026dfd29b000 nmethod 10924 0x0000026d81b6b210 code [0x0000026d81b6b520, 0x0000026d81b6c408]
Event: 16.514 Thread 0x0000026dfd29b000 10925       3       com.android.tools.r8.dex.c::b (9 bytes)
Event: 16.514 Thread 0x0000026dfd29b000 nmethod 10925 0x0000026d81b6ca10 code [0x0000026d81b6cbe0, 0x0000026d81b6ce08]
Event: 16.514 Thread 0x0000026dfd29b000 10928       3       com.android.tools.r8.dex.n::g (49 bytes)

GC Heap History (20 events):
Event: 8.407 GC heap before
{Heap before GC invocations=9 (full 0):
 garbage-first heap   total 131072K, used 99854K [0x0000000080000000, 0x0000000100000000)
  region size 1024K, 66 young (67584K), 3 survivors (3072K)
 Metaspace       used 48645K, capacity 50026K, committed 50304K, reserved 1093632K
  class space    used 6222K, capacity 6724K, committed 6784K, reserved 1048576K
}
Event: 8.416 GC heap after
{Heap after GC invocations=10 (full 0):
 garbage-first heap   total 157696K, used 45661K [0x0000000080000000, 0x0000000100000000)
  region size 1024K, 9 young (9216K), 9 survivors (9216K)
 Metaspace       used 48645K, capacity 50026K, committed 50304K, reserved 1093632K
  class space    used 6222K, capacity 6724K, committed 6784K, reserved 1048576K
}
Event: 9.525 GC heap before
{Heap before GC invocations=10 (full 0):
 garbage-first heap   total 157696K, used 110173K [0x0000000080000000, 0x0000000100000000)
  region size 1024K, 73 young (74752K), 9 survivors (9216K)
 Metaspace       used 58560K, capacity 60065K, committed 60160K, reserved 1101824K
  class space    used 7425K, capacity 7999K, committed 8064K, reserved 1048576K
}
Event: 9.540 GC heap after
{Heap after GC invocations=11 (full 0):
 garbage-first heap   total 157696K, used 49437K [0x0000000080000000, 0x0000000100000000)
  region size 1024K, 4 young (4096K), 4 survivors (4096K)
 Metaspace       used 58560K, capacity 60065K, committed 60160K, reserved 1101824K
  class space    used 7425K, capacity 7999K, committed 8064K, reserved 1048576K
}
Event: 10.447 GC heap before
{Heap before GC invocations=12 (full 0):
 garbage-first heap   total 157696K, used 115997K [0x0000000080000000, 0x0000000100000000)
  region size 1024K, 69 young (70656K), 4 survivors (4096K)
 Metaspace       used 64513K, capacity 66088K, committed 66176K, reserved 1105920K
  class space    used 8160K, capacity 8753K, committed 8832K, reserved 1048576K
}
Event: 10.458 GC heap after
{Heap after GC invocations=13 (full 0):
 garbage-first heap   total 157696K, used 53467K [0x0000000080000000, 0x0000000100000000)
  region size 1024K, 8 young (8192K), 8 survivors (8192K)
 Metaspace       used 64513K, capacity 66088K, committed 66176K, reserved 1105920K
  class space    used 8160K, capacity 8753K, committed 8832K, reserved 1048576K
}
Event: 11.269 GC heap before
{Heap before GC invocations=14 (full 0):
 garbage-first heap   total 157696K, used 119003K [0x0000000080000000, 0x0000000100000000)
  region size 1024K, 72 young (73728K), 8 survivors (8192K)
 Metaspace       used 69125K, capacity 70848K, committed 71040K, reserved 1110016K
  class space    used 8913K, capacity 9571K, committed 9600K, reserved 1048576K
}
Event: 11.281 GC heap after
{Heap after GC invocations=15 (full 0):
 garbage-first heap   total 157696K, used 58345K [0x0000000080000000, 0x0000000100000000)
  region size 1024K, 5 young (5120K), 5 survivors (5120K)
 Metaspace       used 69125K, capacity 70848K, committed 71040K, reserved 1110016K
  class space    used 8913K, capacity 9571K, committed 9600K, reserved 1048576K
}
Event: 12.264 GC heap before
{Heap before GC invocations=15 (full 0):
 garbage-first heap   total 157696K, used 122857K [0x0000000080000000, 0x0000000100000000)
  region size 1024K, 68 young (69632K), 5 survivors (5120K)
 Metaspace       used 76474K, capacity 78280K, committed 78464K, reserved 1118208K
  class space    used 9918K, capacity 10601K, committed 10624K, reserved 1048576K
}
Event: 12.273 GC heap after
{Heap after GC invocations=16 (full 0):
 garbage-first heap   total 157696K, used 62227K [0x0000000080000000, 0x0000000100000000)
  region size 1024K, 4 young (4096K), 4 survivors (4096K)
 Metaspace       used 76474K, capacity 78280K, committed 78464K, reserved 1118208K
  class space    used 9918K, capacity 10601K, committed 10624K, reserved 1048576K
}
Event: 13.300 GC heap before
{Heap before GC invocations=16 (full 0):
 garbage-first heap   total 157696K, used 124691K [0x0000000080000000, 0x0000000100000000)
  region size 1024K, 66 young (67584K), 4 survivors (4096K)
 Metaspace       used 81934K, capacity 84051K, committed 84224K, reserved 1122304K
  class space    used 10684K, capacity 11487K, committed 11520K, reserved 1048576K
}
Event: 13.312 GC heap after
{Heap after GC invocations=17 (full 0):
 garbage-first heap   total 157696K, used 66100K [0x0000000080000000, 0x0000000100000000)
  region size 1024K, 8 young (8192K), 8 survivors (8192K)
 Metaspace       used 81934K, capacity 84051K, committed 84224K, reserved 1122304K
  class space    used 10684K, capacity 11487K, committed 11520K, reserved 1048576K
}
Event: 13.954 GC heap before
{Heap before GC invocations=17 (full 0):
 garbage-first heap   total 157696K, used 125492K [0x0000000080000000, 0x0000000100000000)
  region size 1024K, 67 young (68608K), 8 survivors (8192K)
 Metaspace       used 82671K, capacity 84892K, committed 85120K, reserved 1122304K
  class space    used 10741K, capacity 11583K, committed 11648K, reserved 1048576K
}
Event: 13.968 GC heap after
{Heap after GC invocations=18 (full 0):
 garbage-first heap   total 157696K, used 70650K [0x0000000080000000, 0x0000000100000000)
  region size 1024K, 9 young (9216K), 9 survivors (9216K)
 Metaspace       used 82671K, capacity 84892K, committed 85120K, reserved 1122304K
  class space    used 10741K, capacity 11583K, committed 11648K, reserved 1048576K
}
Event: 14.547 GC heap before
{Heap before GC invocations=18 (full 0):
 garbage-first heap   total 157696K, used 126970K [0x0000000080000000, 0x0000000100000000)
  region size 1024K, 65 young (66560K), 9 survivors (9216K)
 Metaspace       used 85552K, capacity 87798K, committed 88064K, reserved 1126400K
  class space    used 11109K, capacity 11980K, committed 12032K, reserved 1048576K
}
Event: 14.558 GC heap after
{Heap after GC invocations=19 (full 0):
 garbage-first heap   total 189440K, used 73092K [0x0000000080000000, 0x0000000100000000)
  region size 1024K, 7 young (7168K), 7 survivors (7168K)
 Metaspace       used 85552K, capacity 87798K, committed 88064K, reserved 1126400K
  class space    used 11109K, capacity 11980K, committed 12032K, reserved 1048576K
}
Event: 15.405 GC heap before
{Heap before GC invocations=19 (full 0):
 garbage-first heap   total 189440K, used 144772K [0x0000000080000000, 0x0000000100000000)
  region size 1024K, 78 young (79872K), 7 survivors (7168K)
 Metaspace       used 88874K, capacity 91134K, committed 91264K, reserved 1128448K
  class space    used 11498K, capacity 12357K, committed 12416K, reserved 1048576K
}
Event: 15.417 GC heap after
{Heap after GC invocations=20 (full 0):
 garbage-first heap   total 189440K, used 77612K [0x0000000080000000, 0x0000000100000000)
  region size 1024K, 7 young (7168K), 7 survivors (7168K)
 Metaspace       used 88874K, capacity 91134K, committed 91264K, reserved 1128448K
  class space    used 11498K, capacity 12357K, committed 12416K, reserved 1048576K
}
Event: 16.473 GC heap before
{Heap before GC invocations=20 (full 0):
 garbage-first heap   total 189440K, used 148268K [0x0000000080000000, 0x0000000100000000)
  region size 1024K, 77 young (78848K), 7 survivors (7168K)
 Metaspace       used 99050K, capacity 101950K, committed 102144K, reserved 1136640K
  class space    used 13090K, capacity 14210K, committed 14336K, reserved 1048576K
}
Event: 16.489 GC heap after
{Heap after GC invocations=21 (full 0):
 garbage-first heap   total 189440K, used 81032K [0x0000000080000000, 0x0000000100000000)
  region size 1024K, 9 young (9216K), 9 survivors (9216K)
 Metaspace       used 99050K, capacity 101950K, committed 102144K, reserved 1136640K
  class space    used 13090K, capacity 14210K, committed 14336K, reserved 1048576K
}

Deoptimization events (20 events):
Event: 16.388 Thread 0x0000026d91e30000 Uncommon trap: trap_request=0xffffff6e fr.pc=0x0000026d87bda0ec relative=0x00000000000011cc
Event: 16.388 Thread 0x0000026d91e30000 Uncommon trap: reason=speculate_class_check action=maybe_recompile pc=0x0000026d87bda0ec method=java.util.zip.InflaterInputStream.read([BII)I @ 100 c2
Event: 16.388 Thread 0x0000026d91e30000 DEOPT PACKING pc=0x0000026d87bda0ec sp=0x00000078c3ffd620
Event: 16.388 Thread 0x0000026d91e30000 DEOPT UNPACKING pc=0x0000026d800274af sp=0x00000078c3ffd680 mode 2
Event: 16.388 Thread 0x0000026d91e30000 Uncommon trap: trap_request=0xffffff6e fr.pc=0x0000026d87bda0ec relative=0x00000000000011cc
Event: 16.388 Thread 0x0000026d91e30000 Uncommon trap: reason=speculate_class_check action=maybe_recompile pc=0x0000026d87bda0ec method=java.util.zip.InflaterInputStream.read([BII)I @ 100 c2
Event: 16.388 Thread 0x0000026d91e30000 DEOPT PACKING pc=0x0000026d87bda0ec sp=0x00000078c3ffd620
Event: 16.388 Thread 0x0000026d91e30000 DEOPT UNPACKING pc=0x0000026d800274af sp=0x00000078c3ffd680 mode 2
Event: 16.388 Thread 0x0000026d91e30000 Uncommon trap: trap_request=0xffffff6e fr.pc=0x0000026d87bda0ec relative=0x00000000000011cc
Event: 16.388 Thread 0x0000026d91e30000 Uncommon trap: reason=speculate_class_check action=maybe_recompile pc=0x0000026d87bda0ec method=java.util.zip.InflaterInputStream.read([BII)I @ 100 c2
Event: 16.388 Thread 0x0000026d91e30000 DEOPT PACKING pc=0x0000026d87bda0ec sp=0x00000078c3ffd620
Event: 16.388 Thread 0x0000026d91e30000 DEOPT UNPACKING pc=0x0000026d800274af sp=0x00000078c3ffd680 mode 2
Event: 16.389 Thread 0x0000026d91e30000 Uncommon trap: trap_request=0xffffff4d fr.pc=0x0000026d8811ad3c relative=0x00000000000002fc
Event: 16.389 Thread 0x0000026d91e30000 Uncommon trap: reason=unstable_if action=reinterpret pc=0x0000026d8811ad3c method=java.util.zip.InflaterInputStream.close()V @ 11 c2
Event: 16.389 Thread 0x0000026d91e30000 DEOPT PACKING pc=0x0000026d8811ad3c sp=0x00000078c3ffd720
Event: 16.389 Thread 0x0000026d91e30000 DEOPT UNPACKING pc=0x0000026d800274af sp=0x00000078c3ffd710 mode 2
Event: 16.506 Thread 0x0000026d91e31000 Uncommon trap: trap_request=0xffffff4d fr.pc=0x0000026d87e2da5c relative=0x00000000000000bc
Event: 16.507 Thread 0x0000026d91e31000 Uncommon trap: reason=unstable_if action=reinterpret pc=0x0000026d87e2da5c method=jdk.internal.misc.Unsafe.convEndian(ZS)S @ 4 c2
Event: 16.507 Thread 0x0000026d91e31000 DEOPT PACKING pc=0x0000026d87e2da5c sp=0x00000078c42fd520
Event: 16.507 Thread 0x0000026d91e31000 DEOPT UNPACKING pc=0x0000026d800274af sp=0x00000078c42fd3e0 mode 2

Classes redefined (0 events):
No events

Internal exceptions (20 events):
Event: 16.005 Thread 0x0000026d91e2f800 Exception <a 'java/lang/NoSuchMethodError'{0x00000000890f9530}: 'java.lang.Object java.lang.invoke.DirectMethodHandle$Holder.invokeStatic(java.lang.Object, int, java.lang.Object, java.lang.Object)'> (0x00000000890f9530) thrown at [./src/hotspot/share/interpreter/linkResolver.cpp, line 773]
Event: 16.020 Thread 0x0000026d91e26800 Exception <a 'java/lang/NoSuchMethodError'{0x0000000088e199b0}: 'long java.lang.invoke.DirectMethodHandle$Holder.invokeStatic(java.lang.Object, java.lang.Object)'> (0x0000000088e199b0) thrown at [./src/hotspot/share/interpreter/linkResolver.cpp, line 773]
Event: 16.020 Thread 0x0000026d91e2f800 Exception <a 'java/lang/NoSuchMethodError'{0x0000000088ff0d18}: 'long java.lang.invoke.DirectMethodHandle$Holder.invokeStatic(java.lang.Object, java.lang.Object)'> (0x0000000088ff0d18) thrown at [./src/hotspot/share/interpreter/linkResolver.cpp, line 773]
Event: 16.023 Thread 0x0000026d91e2f800 Exception <a 'java/lang/NoSuchMethodError'{0x0000000088e4f6c8}: 'void java.lang.invoke.DirectMethodHandle$Holder.invokeSpecial(java.lang.Object, java.lang.Object, int, java.lang.Object)'> (0x0000000088e4f6c8) thrown at [./src/hotspot/share/interpreter/linkResolver.cpp, line 773]
Event: 16.077 Thread 0x0000026d91e2f800 Exception <a 'java/lang/NoSuchMethodError'{0x0000000088b7e3d8}: 'java.lang.Object java.lang.invoke.DirectMethodHandle$Holder.invokeVirtual(java.lang.Object, java.lang.Object, int, java.lang.Object)'> (0x0000000088b7e3d8) thrown at [./src/hotspot/share/interpreter/linkResolver.cpp, line 773]
Event: 16.077 Thread 0x0000026d91e26800 Exception <a 'java/lang/NoSuchMethodError'{0x0000000088b769a8}: 'java.lang.Object java.lang.invoke.DirectMethodHandle$Holder.invokeVirtual(java.lang.Object, java.lang.Object, int, java.lang.Object)'> (0x0000000088b769a8) thrown at [./src/hotspot/share/interpreter/linkResolver.cpp, line 773]
Event: 16.094 Thread 0x0000026d91e2f800 Exception <a 'java/lang/NoSuchMethodError'{0x0000000088a958a8}: 'void java.lang.invoke.DirectMethodHandle$Holder.invokeVirtual(java.lang.Object, java.lang.Object, int, java.lang.Object)'> (0x0000000088a958a8) thrown at [./src/hotspot/share/interpreter/linkResolver.cpp, line 773]
Event: 16.139 Thread 0x0000026d91e2f800 Exception <a 'java/lang/NoSuchMethodError'{0x0000000088754010}: 'java.lang.Object java.lang.invoke.DirectMethodHandle$Holder.newInvokeSpecial(java.lang.Object, int)'> (0x0000000088754010) thrown at [./src/hotspot/share/interpreter/linkResolver.cpp, line 773]
Event: 16.139 Thread 0x0000026d91e26800 Exception <a 'java/lang/NoSuchMethodError'{0x00000000888f8a00}: 'java.lang.Object java.lang.invoke.DirectMethodHandle$Holder.newInvokeSpecial(java.lang.Object, int)'> (0x00000000888f8a00) thrown at [./src/hotspot/share/interpreter/linkResolver.cpp, line 773]
Event: 16.201 Thread 0x0000026d91e26800 Exception <a 'java/lang/NoSuchMethodError'{0x0000000088353f38}: 'void java.lang.invoke.DirectMethodHandle$Holder.invokeStatic(java.lang.Object, java.lang.Object, java.lang.Object, java.lang.Object, java.lang.Object, java.lang.Object, java.lang.Object, java.lang.Object, java.lang.Object, java.lang.Object, java.lang.Object)'> (0x0000000088353f38) thrown at [./src/hotspot/share/interpreter/linkResolver.cpp, line 773]
Event: 16.201 Thread 0x0000026d91e26800 Exception <a 'java/lang/NoSuchMethodError'{0x000000008835e610}: 'java.lang.Object java.lang.invoke.DirectMethodHandle$Holder.invokeSpecial(java.lang.Object, java.lang.Object, java.lang.Object, java.lang.Object, java.lang.Object, java.lang.Object, java.lang.Object, java.lang.Object, java.lang.Object, java.lang.Object)'> (0x000000008835e610) thrown at [./src/hotspot/share/interpreter/linkResolver.cpp, line 773]
Event: 16.201 Thread 0x0000026d91e26800 Exception <a 'java/lang/NoSuchMethodError'{0x0000000088367c18}: 'java.lang.Object java.lang.invoke.Invokers$Holder.linkToTargetMethod(java.lang.Object, java.lang.Object, java.lang.Object, java.lang.Object, java.lang.Object, java.lang.Object, java.lang.Object, java.lang.Object, java.lang.Object)'> (0x0000000088367c18) thrown at [./src/hotspot/share/interpreter/linkResolver.cpp, line 773]
Event: 16.254 Thread 0x0000026d91e2f800 Exception <a 'java/lang/NoSuchMethodError'{0x0000000087f08148}: 'void java.lang.invoke.DirectMethodHandle$Holder.invokeVirtual(java.lang.Object, java.lang.Object, int)'> (0x0000000087f08148) thrown at [./src/hotspot/share/interpreter/linkResolver.cpp, line 773]
Event: 16.254 Thread 0x0000026d91e26800 Exception <a 'java/lang/NoSuchMethodError'{0x00000000880e3e90}: 'void java.lang.invoke.DirectMethodHandle$Holder.invokeVirtual(java.lang.Object, java.lang.Object, int)'> (0x00000000880e3e90) thrown at [./src/hotspot/share/interpreter/linkResolver.cpp, line 773]
Event: 16.271 Thread 0x0000026d91e2f800 Exception <a 'sun/nio/fs/WindowsException'{0x0000000087ff9c40}> (0x0000000087ff9c40) thrown at [./src/hotspot/share/prims/jni.cpp, line 615]
Event: 16.271 Thread 0x0000026d91e26800 Exception <a 'sun/nio/fs/WindowsException'{0x0000000087fe7f90}> (0x0000000087fe7f90) thrown at [./src/hotspot/share/prims/jni.cpp, line 615]
Event: 16.287 Thread 0x0000026d919f9800 Exception <a 'java/lang/NoSuchMethodError'{0x0000000087e382b8}: 'void java.lang.invoke.DirectMethodHandle$Holder.invokeStatic(java.lang.Object, java.lang.Object, java.lang.Object, java.lang.Object, java.lang.Object, java.lang.Object, java.lang.Object)'> (0x0000000087e382b8) thrown at [./src/hotspot/share/interpreter/linkResolver.cpp, line 773]
Event: 16.301 Thread 0x0000026d8fc72000 Exception <a 'java/lang/NoSuchMethodError'{0x0000000087ef8900}: <clinit>> (0x0000000087ef8900) thrown at [./src/hotspot/share/prims/jni.cpp, line 1362]
Event: 16.348 Thread 0x0000026d919f9800 Exception <a 'java/lang/NoSuchMethodError'{0x0000000087c3f738}: <clinit>> (0x0000000087c3f738) thrown at [./src/hotspot/share/prims/jni.cpp, line 1362]
Event: 16.498 Thread 0x0000026d91e31000 Exception <a 'sun/nio/fs/WindowsException'{0x000000008b8c7298}> (0x000000008b8c7298) thrown at [./src/hotspot/share/prims/jni.cpp, line 615]

Events (20 events):
Event: 16.505 loading class com/android/tools/r8/graph/k0$b
Event: 16.505 loading class com/android/tools/r8/graph/k0$b done
Event: 16.505 loading class com/android/tools/r8/graph/k0$c
Event: 16.505 loading class com/android/tools/r8/graph/k0$c done
Event: 16.506 loading class com/android/tools/r8/graph/D1
Event: 16.506 loading class com/android/tools/r8/graph/D1 done
Event: 16.506 loading class com/android/tools/r8/dex/p
Event: 16.506 loading class com/android/tools/r8/dex/p done
Event: 16.509 loading class com/android/tools/r8/s/a/b/g
Event: 16.509 loading class com/android/tools/r8/s/a/b/g done
Event: 16.509 loading class com/android/tools/r8/s/a/b/m/a
Event: 16.509 loading class com/android/tools/r8/s/a/b/m/a done
Event: 16.511 loading class com/android/tools/r8/dex/d
Event: 16.511 loading class com/android/tools/r8/dex/d done
Event: 16.512 loading class com/android/tools/r8/graph/s0
Event: 16.512 loading class com/android/tools/r8/graph/s0 done
Event: 16.512 loading class com/android/tools/r8/graph/s0
Event: 16.512 loading class com/android/tools/r8/graph/s0 done
Event: 16.512 loading class com/android/tools/r8/dex/n
Event: 16.512 loading class com/android/tools/r8/dex/n done


Dynamic libraries:
0x00007ff672ed0000 - 0x00007ff672eda000 	C:\Users\Dark Knight\Desktop\Android Studio\jre\bin\java.exe
0x00007ffee3570000 - 0x00007ffee3765000 	C:\WINDOWS\SYSTEM32\ntdll.dll
0x00007ffee15f0000 - 0x00007ffee16ad000 	C:\WINDOWS\System32\KERNEL32.DLL
0x00007ffee12d0000 - 0x00007ffee1599000 	C:\WINDOWS\System32\KERNELBASE.dll
0x00007ffee0cd0000 - 0x00007ffee0dd0000 	C:\WINDOWS\System32\ucrtbase.dll
0x00007ffed78b0000 - 0x00007ffed78c9000 	C:\Users\Dark Knight\Desktop\Android Studio\jre\bin\jli.dll
0x00007ffecdb10000 - 0x00007ffecdb27000 	C:\Users\Dark Knight\Desktop\Android Studio\jre\bin\VCRUNTIME140.dll
0x00007ffee1f30000 - 0x00007ffee20d0000 	C:\WINDOWS\System32\USER32.dll
0x00007ffee0ca0000 - 0x00007ffee0cc2000 	C:\WINDOWS\System32\win32u.dll
0x00007ffee20d0000 - 0x00007ffee20fa000 	C:\WINDOWS\System32\GDI32.dll
0x00007ffecb000000 - 0x00007ffecb29a000 	C:\WINDOWS\WinSxS\amd64_microsoft.windows.common-controls_6595b64144ccf1df_6.0.19041.1110_none_60b5254171f9507e\COMCTL32.dll
0x00007ffee11c0000 - 0x00007ffee12cb000 	C:\WINDOWS\System32\gdi32full.dll
0x00007ffee32b0000 - 0x00007ffee334e000 	C:\WINDOWS\System32\msvcrt.dll
0x00007ffee0dd0000 - 0x00007ffee0e6d000 	C:\WINDOWS\System32\msvcp_win.dll
0x00007ffee23d0000 - 0x00007ffee2400000 	C:\WINDOWS\System32\IMM32.DLL
0x00007ffec27f0000 - 0x00007ffec288d000 	C:\Users\Dark Knight\Desktop\Android Studio\jre\bin\msvcp140.dll
0x00007ffe838e0000 - 0x00007ffe8439c000 	C:\Users\Dark Knight\Desktop\Android Studio\jre\bin\server\jvm.dll
0x00007ffee1780000 - 0x00007ffee182c000 	C:\WINDOWS\System32\ADVAPI32.dll
0x00007ffee1830000 - 0x00007ffee18cb000 	C:\WINDOWS\System32\sechost.dll
0x00007ffee3350000 - 0x00007ffee347a000 	C:\WINDOWS\System32\RPCRT4.dll
0x00007ffee2d90000 - 0x00007ffee2d98000 	C:\WINDOWS\System32\PSAPI.DLL
0x00007ffec6fa0000 - 0x00007ffec6fa9000 	C:\WINDOWS\SYSTEM32\WSOCK32.dll
0x00007ffecb2b0000 - 0x00007ffecb2d7000 	C:\WINDOWS\SYSTEM32\WINMM.dll
0x00007ffed7fc0000 - 0x00007ffed7fca000 	C:\WINDOWS\SYSTEM32\VERSION.dll
0x00007ffee2360000 - 0x00007ffee23cb000 	C:\WINDOWS\System32\WS2_32.dll
0x00007ffedf530000 - 0x00007ffedf542000 	C:\WINDOWS\SYSTEM32\kernel.appcore.dll
0x00007ffed7ab0000 - 0x00007ffed7ac1000 	C:\Users\Dark Knight\Desktop\Android Studio\jre\bin\verify.dll
0x00007ffedeab0000 - 0x00007ffedec94000 	C:\WINDOWS\SYSTEM32\DBGHELP.DLL
0x00007ffec9830000 - 0x00007ffec985c000 	C:\WINDOWS\SYSTEM32\dbgcore.DLL
0x00007ffee0f70000 - 0x00007ffee0ff3000 	C:\WINDOWS\System32\bcryptPrimitives.dll
0x00007ffed1070000 - 0x00007ffed1099000 	C:\Users\Dark Knight\Desktop\Android Studio\jre\bin\java.dll
0x00007ffedc080000 - 0x00007ffedc08b000 	C:\Users\Dark Knight\Desktop\Android Studio\jre\bin\jimage.dll
0x00007ffed0f30000 - 0x00007ffed0f48000 	C:\Users\Dark Knight\Desktop\Android Studio\jre\bin\zip.dll
0x00007ffee25f0000 - 0x00007ffee2d2f000 	C:\WINDOWS\System32\SHELL32.dll
0x00007ffeded90000 - 0x00007ffedf520000 	C:\WINDOWS\SYSTEM32\windows.storage.dll
0x00007ffee2da0000 - 0x00007ffee30f5000 	C:\WINDOWS\System32\combase.dll
0x00007ffee0700000 - 0x00007ffee072c000 	C:\WINDOWS\SYSTEM32\Wldp.dll
0x00007ffee1e80000 - 0x00007ffee1f2e000 	C:\WINDOWS\System32\SHCORE.dll
0x00007ffee2400000 - 0x00007ffee2455000 	C:\WINDOWS\System32\shlwapi.dll
0x00007ffee0be0000 - 0x00007ffee0bff000 	C:\WINDOWS\SYSTEM32\profapi.dll
0x00007ffed0b80000 - 0x00007ffed0b9a000 	C:\Users\Dark Knight\Desktop\Android Studio\jre\bin\net.dll
0x00007ffed5b40000 - 0x00007ffed5c48000 	C:\WINDOWS\SYSTEM32\WINHTTP.dll
0x00007ffee0460000 - 0x00007ffee04ca000 	C:\WINDOWS\system32\mswsock.dll
0x00007ffed0b60000 - 0x00007ffed0b74000 	C:\Users\Dark Knight\Desktop\Android Studio\jre\bin\nio.dll
0x00007ffed10e0000 - 0x00007ffed1107000 	C:\Users\Dark Knight\.gradle\native\8bec1ad78214c89d9ad589b4d07fe93259594b29d510b10fafb7a158f7737e5d\windows-amd64\native-platform.dll
0x00007ffeb3320000 - 0x00007ffeb345d000 	C:\Users\Dark Knight\.gradle\native\53dbd7edfb1c66fb8903c78663c9afc45aea4f116125fa6feffd364cf09443e8\windows-amd64\native-platform-file-events.dll
0x00007ffeda140000 - 0x00007ffeda14a000 	C:\Users\Dark Knight\Desktop\Android Studio\jre\bin\management.dll
0x00007ffed9ff0000 - 0x00007ffed9ffc000 	C:\Users\Dark Knight\Desktop\Android Studio\jre\bin\management_ext.dll
0x00007ffee0650000 - 0x00007ffee0668000 	C:\WINDOWS\SYSTEM32\CRYPTSP.dll
0x00007ffedfd70000 - 0x00007ffedfda4000 	C:\WINDOWS\system32\rsaenh.dll
0x00007ffee15a0000 - 0x00007ffee15c7000 	C:\WINDOWS\System32\bcrypt.dll
0x00007ffee0ba0000 - 0x00007ffee0bce000 	C:\WINDOWS\SYSTEM32\USERENV.dll
0x00007ffee0670000 - 0x00007ffee067c000 	C:\WINDOWS\SYSTEM32\CRYPTBASE.dll
0x00007ffee0100000 - 0x00007ffee013b000 	C:\WINDOWS\SYSTEM32\IPHLPAPI.DLL
0x00007ffee18d0000 - 0x00007ffee18d8000 	C:\WINDOWS\System32\NSI.dll
0x00007ffecfdf0000 - 0x00007ffecfe07000 	C:\WINDOWS\SYSTEM32\dhcpcsvc6.DLL
0x00007ffed0340000 - 0x00007ffed035d000 	C:\WINDOWS\SYSTEM32\dhcpcsvc.DLL
0x00007ffee0140000 - 0x00007ffee020c000 	C:\WINDOWS\SYSTEM32\DNSAPI.dll

dbghelp: loaded successfully - version: 4.0.5 - missing functions: none
symbol engine: initialized successfully - sym options: 0x614 - pdb path: .;C:\Users\Dark Knight\Desktop\Android Studio\jre\bin;C:\WINDOWS\SYSTEM32;C:\WINDOWS\WinSxS\amd64_microsoft.windows.common-controls_6595b64144ccf1df_6.0.19041.1110_none_60b5254171f9507e;C:\Users\Dark Knight\Desktop\Android Studio\jre\bin\server;C:\Users\Dark Knight\.gradle\native\8bec1ad78214c89d9ad589b4d07fe93259594b29d510b10fafb7a158f7737e5d\windows-amd64;C:\Users\Dark Knight\.gradle\native\53dbd7edfb1c66fb8903c78663c9afc45aea4f116125fa6feffd364cf09443e8\windows-amd64

VM Arguments:
jvm_args: --add-opens=java.base/java.util=ALL-UNNAMED --add-opens=java.base/java.lang=ALL-UNNAMED --add-opens=java.base/java.lang.invoke=ALL-UNNAMED --add-opens=java.base/java.util=ALL-UNNAMED --add-opens=java.prefs/java.util.prefs=ALL-UNNAMED --add-opens=java.prefs/java.util.prefs=ALL-UNNAMED --add-opens=java.base/java.nio.charset=ALL-UNNAMED --add-opens=java.base/java.net=ALL-UNNAMED --add-opens=java.base/java.util.concurrent.atomic=ALL-UNNAMED -Xmx2048m -Dfile.encoding=UTF-8 -Duser.country=IN -Duser.language=en -Duser.variant 
java_command: org.gradle.launcher.daemon.bootstrap.GradleDaemon 7.0.2
java_class_path (initial): C:\Users\Dark Knight\.gradle\wrapper\dists\gradle-7.0.2-bin\857tjihv64xamwrf0h14cai3r\gradle-7.0.2\lib\gradle-launcher-7.0.2.jar
Launcher Type: SUN_STANDARD

[Global flags]
     intx CICompilerCount                          = 4                                         {product} {ergonomic}
     uint ConcGCThreads                            = 2                                         {product} {ergonomic}
     uint G1ConcRefinementThreads                  = 8                                         {product} {ergonomic}
   size_t G1HeapRegionSize                         = 1048576                                   {product} {ergonomic}
    uintx GCDrainStackTargetSize                   = 64                                        {product} {ergonomic}
   size_t InitialHeapSize                          = 134217728                                 {product} {ergonomic}
   size_t MarkStackSize                            = 4194304                                   {product} {ergonomic}
   size_t MaxHeapSize                              = 2147483648                                {product} {command line}
   size_t MaxNewSize                               = 1287651328                                {product} {ergonomic}
   size_t MinHeapDeltaBytes                        = 1048576                                   {product} {ergonomic}
    uintx NonNMethodCodeHeapSize                   = 5836300                                {pd product} {ergonomic}
    uintx NonProfiledCodeHeapSize                  = 122910970                              {pd product} {ergonomic}
    uintx ProfiledCodeHeapSize                     = 122910970                              {pd product} {ergonomic}
    uintx ReservedCodeCacheSize                    = 251658240                              {pd product} {ergonomic}
     bool SegmentedCodeCache                       = true                                      {product} {ergonomic}
     bool UseCompressedClassPointers               = true                                 {lp64_product} {ergonomic}
     bool UseCompressedOops                        = true                                 {lp64_product} {ergonomic}
     bool UseG1GC                                  = true                                      {product} {ergonomic}
     bool UseLargePagesIndividualAllocation        = false                                  {pd product} {ergonomic}

Logging:
Log output configuration:
 #0: stdout all=warning uptime,level,tags
 #1: stderr all=off uptime,level,tags

Environment Variables:
PATH=C:\Windows\system32;C:\Windows;C:\Windows\System32\Wbem;C:\Windows\System32\WindowsPowerShell\v1.0\;C:\Windows\System32\OpenSSH\;C:\Program Files (x86)\NVIDIA Corporation\PhysX\Common;C:\Program Files\NVIDIA Corporation\NVIDIA NvDLISR;C:\WINDOWS\system32;C:\WINDOWS;C:\WINDOWS\System32\Wbem;C:\WINDOWS\System32\WindowsPowerShell\v1.0\;C:\WINDOWS\System32\OpenSSH\;C:\MinGW\bin;C:\Program Files\MEGA-X;C:\WINDOWS\system32;C:\WINDOWS;C:\WINDOWS\System32\Wbem;C:\WINDOWS\System32\WindowsPowerShell\v1.0\;C:\WINDOWS\System32\OpenSSH\;C:\Program Files\Git\cmd;C:\Users\Dark Knight\AppData\Local\Microsoft\WindowsApps;C:\Users\Dark Knight\AppData\Local\atom\bin;C:\MinGW\bin;C:\Program Files (x86)\Microsoft Visual Studio\2019\BuildTools\MSBuild\Current\Bin;C:\Users\Dark Knight\AppData\Local\Microsoft\WindowsApps
USERNAME=Dark Knight
OS=Windows_NT
PROCESSOR_IDENTIFIER=Intel64 Family 6 Model 158 Stepping 10, GenuineIntel



---------------  S Y S T E M  ---------------

OS: Windows 10 , 64 bit Build 19041 (10.0.19041.1151)
OS uptime: 17 days 21:53 hours

CPU:total 8 (initial active 8) (4 cores per cpu, 2 threads per core) family 6 model 158 stepping 10, cmov, cx8, fxsr, mmx, sse, sse2, sse3, ssse3, sse4.1, sse4.2, popcnt, avx, avx2, aes, clmul, erms, 3dnowpref, lzcnt, ht, tsc, tscinvbit, bmi1, bmi2, adx, fma

Memory: 4k page, system-wide physical 8072M (763M free)
TotalPageFile size 12168M (AvailPageFile size 5M)
current process WorkingSet (physical memory assigned to process): 471M, peak: 471M
current process commit charge ("private bytes"): 507M, peak: 508M

vm_info: OpenJDK 64-Bit Server VM (11.0.8+10-b944.6842174) for windows-amd64 JRE (11.0.8+10-b944.6842174), built on Sep 19 2020 01:11:42 by "builder" with MS VC++ 14.0 (VS2015)

END.
