#
# There is insufficient memory for the Java Runtime Environment to continue.
# Native memory allocation (mmap) failed to map 32505856 bytes for Failed to commit area from 0x0000000089a00000 to 0x000000008b900000 of length 32505856.
# Possible reasons:
#   The system is out of physical RAM or swap space
#   The process is running with CompressedOops enabled, and the Java Heap may be blocking the growth of the native heap
# Possible solutions:
#   Reduce memory load on the system
#   Increase physical memory or swap space
#   Check if swap backing store is full
#   Decrease Java heap size (-Xmx/-Xms)
#   Decrease number of Java threads
#   Decrease Java thread stack sizes (-Xss)
#   Set larger code cache with -XX:ReservedCodeCacheSize=
#   JVM is running with Unscaled Compressed Oops mode in which the Java heap is
#     placed in the first 4GB address space. The Java Heap base address is the
#     maximum limit for the native heap growth. Please use -XX:HeapBaseMinAddress
#     to set the Java Heap base and to place the Java Heap above 4GB virtual address.
# This output file may be truncated or incomplete.
#
#  Out of Memory Error (./src/hotspot/os/windows/os_windows.cpp:3303), pid=24084, tid=41156
#
# JRE version: OpenJDK Runtime Environment (11.0.8+10) (build 11.0.8+10-b944.6842174)
# Java VM: OpenJDK 64-Bit Server VM (11.0.8+10-b944.6842174, mixed mode, tiered, compressed oops, g1 gc, windows-amd64)
# No core dump will be written. Minidumps are not enabled by default on client versions of Windows
#

---------------  S U M M A R Y ------------

Command Line: --add-opens=java.base/java.util=ALL-UNNAMED --add-opens=java.base/java.lang=ALL-UNNAMED --add-opens=java.base/java.lang.invoke=ALL-UNNAMED --add-opens=java.base/java.util=ALL-UNNAMED --add-opens=java.prefs/java.util.prefs=ALL-UNNAMED --add-opens=java.prefs/java.util.prefs=ALL-UNNAMED --add-opens=java.base/java.nio.charset=ALL-UNNAMED --add-opens=java.base/java.net=ALL-UNNAMED --add-opens=java.base/java.util.concurrent.atomic=ALL-UNNAMED -Xmx2048m -Dfile.encoding=UTF-8 -Duser.country=IN -Duser.language=en -Duser.variant org.gradle.launcher.daemon.bootstrap.GradleDaemon 7.0.2

Host: Intel(R) Core(TM) i5-9300H CPU @ 2.40GHz, 8 cores, 7G,  Windows 10 , 64 bit Build 19041 (10.0.19041.1151)
Time: Tue Aug 31 10:40:13 2021 India Standard Time elapsed time: 14 seconds (0d 0h 0m 14s)

---------------  T H R E A D  ---------------

Current thread (0x0000021d5da50000):  VMThread "VM Thread" [stack: 0x0000003210b00000,0x0000003210c00000] [id=41156]

Stack: [0x0000003210b00000,0x0000003210c00000]
[error occurred during error reporting (printing stack bounds), id 0xc0000005, EXCEPTION_ACCESS_VIOLATION (0xc0000005) at pc=0x0000021d470d0dad]

Native frames: (J=compiled Java code, j=interpreted, Vv=VM code, C=native code)
V  [jvm.dll+0x5de50a]
V  [jvm.dll+0x7122f5]
V  [jvm.dll+0x71384d]
V  [jvm.dll+0x713e65]
V  [jvm.dll+0x713e1b]
V  [jvm.dll+0x5dd958]
V  [jvm.dll+0x5de0f8]
C  [ntdll.dll+0xa217f]
C  [ntdll.dll+0x51454]
C  [ntdll.dll+0xa0cae]
C  0x0000021d470d0dad

VM_Operation (0x0000003214ff7fe0): G1CollectForAllocation, mode: safepoint, requested by thread 0x0000021d63d28800


---------------  P R O C E S S  ---------------

Threads class SMR info:
_java_thread_list=0x0000021d68bb45c0, length=63, elements={
0x0000021d4374d000, 0x0000021d5da53800, 0x0000021d5da5f000, 0x0000021d5e3d5800,
0x0000021d5e3d7000, 0x0000021d5e3da000, 0x0000021d5e3dc000, 0x0000021d5e3dd800,
0x0000021d5e52c800, 0x0000021d5e549800, 0x0000021d5fe1d000, 0x0000021d5f5e4000,
0x0000021d602c4000, 0x0000021d5e619000, 0x0000021d5f8c7000, 0x0000021d605ad800,
0x0000021d602ae800, 0x0000021d5fe13000, 0x0000021d60742800, 0x0000021d60640800,
0x0000021d60bdd800, 0x0000021d60bdf800, 0x0000021d60bdc000, 0x0000021d610d5800,
0x0000021d60bde800, 0x0000021d60bdd000, 0x0000021d60be1000, 0x0000021d60be0000,
0x0000021d60be1800, 0x0000021d60be2800, 0x0000021d63cbc000, 0x0000021d61c4b000,
0x0000021d63cc1000, 0x0000021d63cbf800, 0x0000021d63cbe800, 0x0000021d63cbb800,
0x0000021d63cc2000, 0x0000021d63cc2800, 0x0000021d63cbd000, 0x0000021d63cc5000,
0x0000021d63cc3800, 0x0000021d63cc6000, 0x0000021d63cc9000, 0x0000021d63cca000,
0x0000021d63cc6800, 0x0000021d63cc7800, 0x0000021d63cc8800, 0x0000021d63cc4800,
0x0000021d63d1d000, 0x0000021d63d1e000, 0x0000021d63d1f000, 0x0000021d63d21800,
0x0000021d63d22000, 0x0000021d63d1c800, 0x0000021d63d23000, 0x0000021d63d24800,
0x0000021d63d25800, 0x0000021d63d20800, 0x0000021d63d28000, 0x0000021d63d28800,
0x0000021d63d26000, 0x0000021d63d29800, 0x0000021d63d27000
}

Java Threads: ( => current thread )
  0x0000021d4374d000 JavaThread "main" [_thread_blocked, id=47668, stack(0x0000003210500000,0x0000003210600000)]
  0x0000021d5da53800 JavaThread "Reference Handler" daemon [_thread_blocked, id=33132, stack(0x0000003210c00000,0x0000003210d00000)]
  0x0000021d5da5f000 JavaThread "Finalizer" daemon [_thread_blocked, id=28228, stack(0x0000003210d00000,0x0000003210e00000)]
  0x0000021d5e3d5800 JavaThread "Signal Dispatcher" daemon [_thread_blocked, id=43824, stack(0x0000003210e00000,0x0000003210f00000)]
  0x0000021d5e3d7000 JavaThread "Attach Listener" daemon [_thread_blocked, id=24764, stack(0x0000003210f00000,0x0000003211000000)]
  0x0000021d5e3da000 JavaThread "C2 CompilerThread0" daemon [_thread_blocked, id=43560, stack(0x0000003211000000,0x0000003211100000)]
  0x0000021d5e3dc000 JavaThread "C1 CompilerThread0" daemon [_thread_blocked, id=41820, stack(0x0000003211100000,0x0000003211200000)]
  0x0000021d5e3dd800 JavaThread "Sweeper thread" daemon [_thread_blocked, id=47072, stack(0x0000003211200000,0x0000003211300000)]
  0x0000021d5e52c800 JavaThread "Common-Cleaner" daemon [_thread_blocked, id=45904, stack(0x0000003211300000,0x0000003211400000)]
  0x0000021d5e549800 JavaThread "Service Thread" daemon [_thread_blocked, id=45912, stack(0x0000003211400000,0x0000003211500000)]
  0x0000021d5fe1d000 JavaThread "Daemon health stats" [_thread_blocked, id=37776, stack(0x0000003211a00000,0x0000003211b00000)]
  0x0000021d5f5e4000 JavaThread "Incoming local TCP Connector on port 64633" [_thread_in_native, id=38048, stack(0x0000003211600000,0x0000003211700000)]
  0x0000021d602c4000 JavaThread "Daemon periodic checks" [_thread_blocked, id=28356, stack(0x0000003211700000,0x0000003211800000)]
  0x0000021d5e619000 JavaThread "Daemon" [_thread_blocked, id=44784, stack(0x0000003211b00000,0x0000003211c00000)]
  0x0000021d5f8c7000 JavaThread "Handler for socket connection from /127.0.0.1:64633 to /127.0.0.1:64634" [_thread_in_native, id=44932, stack(0x0000003211c00000,0x0000003211d00000)]
  0x0000021d605ad800 JavaThread "Cancel handler" [_thread_blocked, id=31104, stack(0x0000003211d00000,0x0000003211e00000)]
  0x0000021d602ae800 JavaThread "Daemon worker" [_thread_blocked, id=48656, stack(0x0000003211e00000,0x0000003211f00000)]
  0x0000021d5fe13000 JavaThread "Asynchronous log dispatcher for DefaultDaemonConnection: socket connection from /127.0.0.1:64633 to /127.0.0.1:64634" [_thread_blocked, id=47560, stack(0x0000003211f00000,0x0000003212000000)]
  0x0000021d60742800 JavaThread "Stdin handler" [_thread_blocked, id=48952, stack(0x0000003212000000,0x0000003212100000)]
  0x0000021d60640800 JavaThread "Daemon client event forwarder" [_thread_blocked, id=10716, stack(0x0000003212100000,0x0000003212200000)]
  0x0000021d60bdd800 JavaThread "Cache worker for file hash cache (C:\Users\Dark Knight\.gradle\caches\7.0.2\fileHashes)" [_thread_blocked, id=47248, stack(0x0000003212700000,0x0000003212800000)]
  0x0000021d60bdf800 JavaThread "File lock request listener" [_thread_in_native, id=13668, stack(0x0000003212800000,0x0000003212900000)]
  0x0000021d60bdc000 JavaThread "Cache worker for journal cache (C:\Users\Dark Knight\.gradle\caches\journal-1)" [_thread_blocked, id=33684, stack(0x0000003212a00000,0x0000003212b00000)]
  0x0000021d610d5800 JavaThread "C2 CompilerThread1" daemon [_thread_blocked, id=9068, stack(0x0000003212b00000,0x0000003212c00000)]
  0x0000021d60bde800 JavaThread "Cache worker for file hash cache (C:\Android Projects\Udemy TUTORIAL\7MinuteWorkout2\.gradle\7.0.2\fileHashes)" [_thread_blocked, id=47996, stack(0x0000003212c00000,0x0000003212d00000)]
  0x0000021d60bdd000 JavaThread "File watcher server" daemon [_thread_blocked, id=26896, stack(0x0000003212d00000,0x0000003212e00000)]
  0x0000021d60be1000 JavaThread "File watcher consumer" daemon [_thread_blocked, id=23364, stack(0x0000003212e00000,0x0000003212f00000)]
  0x0000021d60be0000 JavaThread "Cache worker for checksums cache (C:\Android Projects\Udemy TUTORIAL\7MinuteWorkout2\.gradle\checksums)" [_thread_blocked, id=43792, stack(0x0000003212f00000,0x0000003213000000)]
  0x0000021d60be1800 JavaThread "Cache worker for cache directory md-supplier (C:\Users\Dark Knight\.gradle\caches\7.0.2\md-supplier)" [_thread_blocked, id=48048, stack(0x0000003213000000,0x0000003213100000)]
  0x0000021d60be2800 JavaThread "Cache worker for cache directory md-rule (C:\Users\Dark Knight\.gradle\caches\7.0.2\md-rule)" [_thread_blocked, id=10836, stack(0x0000003213100000,0x0000003213200000)]
  0x0000021d63cbc000 JavaThread "Cache worker for execution history cache (C:\Users\Dark Knight\.gradle\caches\7.0.2\executionHistory)" [_thread_blocked, id=38300, stack(0x0000003213200000,0x0000003213300000)]
  0x0000021d61c4b000 JavaThread "C2 CompilerThread2" daemon [_thread_in_native, id=49320, stack(0x0000003213300000,0x0000003213400000)]
  0x0000021d63cc1000 JavaThread "jar transforms" [_thread_blocked, id=41212, stack(0x0000003213400000,0x0000003213500000)]
  0x0000021d63cbf800 JavaThread "jar transforms Thread 2" [_thread_blocked, id=39316, stack(0x0000003213500000,0x0000003213600000)]
  0x0000021d63cbe800 JavaThread "Cache worker for file content cache (C:\Users\Dark Knight\.gradle\caches\7.0.2\fileContent)" [_thread_blocked, id=37692, stack(0x0000003213600000,0x0000003213700000)]
  0x0000021d63cbb800 JavaThread "Cache worker for dependencies-accessors (C:\Android Projects\Udemy TUTORIAL\7MinuteWorkout2\.gradle\7.0.2\dependencies-accessors)" [_thread_blocked, id=41996, stack(0x0000003213700000,0x0000003213800000)]
  0x0000021d63cc2000 JavaThread "jar transforms Thread 3" [_thread_blocked, id=25912, stack(0x0000003213800000,0x0000003213900000)]
  0x0000021d63cc2800 JavaThread "Cache worker for Build Output Cleanup Cache (C:\Android Projects\Udemy TUTORIAL\7MinuteWorkout2\.gradle\buildOutputCleanup)" [_thread_blocked, id=47252, stack(0x0000003213900000,0x0000003213a00000)]
  0x0000021d63cbd000 JavaThread "Build operations" [_thread_blocked, id=16616, stack(0x0000003213a00000,0x0000003213b00000)]
  0x0000021d63cc5000 JavaThread "Build operations Thread 2" [_thread_blocked, id=24288, stack(0x0000003213b00000,0x0000003213c00000)]
  0x0000021d63cc3800 JavaThread "Build operations Thread 3" [_thread_blocked, id=47948, stack(0x0000003213c00000,0x0000003213d00000)]
  0x0000021d63cc6000 JavaThread "Build operations Thread 4" [_thread_blocked, id=39484, stack(0x0000003213d00000,0x0000003213e00000)]
  0x0000021d63cc9000 JavaThread "Build operations Thread 5" [_thread_blocked, id=49924, stack(0x0000003213e00000,0x0000003213f00000)]
  0x0000021d63cca000 JavaThread "Build operations Thread 6" [_thread_blocked, id=47400, stack(0x0000003213f00000,0x0000003214000000)]
  0x0000021d63cc6800 JavaThread "Build operations Thread 7" [_thread_blocked, id=35056, stack(0x0000003214000000,0x0000003214100000)]
  0x0000021d63cc7800 JavaThread "Build operations Thread 8" [_thread_blocked, id=33632, stack(0x0000003214100000,0x0000003214200000)]
  0x0000021d63cc8800 JavaThread "jar transforms Thread 4" [_thread_blocked, id=16704, stack(0x0000003214200000,0x0000003214300000)]
  0x0000021d63cc4800 JavaThread "jar transforms Thread 5" [_thread_blocked, id=48912, stack(0x0000003214300000,0x0000003214400000)]
  0x0000021d63d1d000 JavaThread "jar transforms Thread 6" [_thread_blocked, id=12864, stack(0x0000003214400000,0x0000003214500000)]
  0x0000021d63d1e000 JavaThread "jar transforms Thread 7" [_thread_blocked, id=31936, stack(0x0000003214500000,0x0000003214600000)]
  0x0000021d63d1f000 JavaThread "jar transforms Thread 8" [_thread_blocked, id=23604, stack(0x0000003214600000,0x0000003214700000)]
  0x0000021d63d21800 JavaThread "Memory manager" [_thread_blocked, id=48472, stack(0x0000003214700000,0x0000003214800000)]
  0x0000021d63d22000 JavaThread "build event listener" [_thread_blocked, id=26820, stack(0x0000003214800000,0x0000003214900000)]
  0x0000021d63d1c800 JavaThread "pool-3-thread-1" [_thread_blocked, id=43804, stack(0x0000003214900000,0x0000003214a00000)]
  0x0000021d63d23000 JavaThread "build event listener" [_thread_blocked, id=44588, stack(0x0000003214a00000,0x0000003214b00000)]
  0x0000021d63d24800 JavaThread "Execution worker for ':'" [_thread_blocked, id=47304, stack(0x0000003214b00000,0x0000003214c00000)]
  0x0000021d63d25800 JavaThread "Execution worker for ':' Thread 2" [_thread_blocked, id=41256, stack(0x0000003214c00000,0x0000003214d00000)]
  0x0000021d63d20800 JavaThread "Execution worker for ':' Thread 3" [_thread_blocked, id=49704, stack(0x0000003214d00000,0x0000003214e00000)]
  0x0000021d63d28000 JavaThread "Execution worker for ':' Thread 4" [_thread_blocked, id=43572, stack(0x0000003214e00000,0x0000003214f00000)]
  0x0000021d63d28800 JavaThread "Execution worker for ':' Thread 5" [_thread_blocked, id=31320, stack(0x0000003214f00000,0x0000003215000000)]
  0x0000021d63d26000 JavaThread "Execution worker for ':' Thread 6" [_thread_blocked, id=24196, stack(0x0000003215000000,0x0000003215100000)]
  0x0000021d63d29800 JavaThread "Execution worker for ':' Thread 7" [_thread_blocked, id=28816, stack(0x0000003215100000,0x0000003215200000)]
  0x0000021d63d27000 JavaThread "Cache worker for execution history cache (C:\Android Projects\Udemy TUTORIAL\7MinuteWorkout2\.gradle\7.0.2\executionHistory)" [_thread_blocked, id=46612, stack(0x0000003215200000,0x0000003215300000)]

Other Threads:
=>0x0000021d5da50000 VMThread "VM Thread" [stack: 0x0000003210b00000,0x0000003210c00000] [id=41156]
  0x0000021d5e54c000 WatcherThread [stack: 0x0000003211500000,0x0000003211600000] [id=16760]
  0x0000021d43765800 GCTaskThread "GC Thread#0" [stack: 0x0000003210600000,0x0000003210700000] [id=26024]
  0x0000021d5f725800 GCTaskThread "GC Thread#1" [stack: 0x0000003211800000,0x0000003211900000] [id=46716]
  0x0000021d5f3fd000 GCTaskThread "GC Thread#2" [stack: 0x0000003211900000,0x0000003211a00000] [id=30360]
  0x0000021d60288800 GCTaskThread "GC Thread#3" [stack: 0x0000003212200000,0x0000003212300000] [id=44388]
  0x0000021d6028f000 GCTaskThread "GC Thread#4" [stack: 0x0000003212300000,0x0000003212400000] [id=19516]
  0x0000021d61001000 GCTaskThread "GC Thread#5" [stack: 0x0000003212400000,0x0000003212500000] [id=44396]
  0x0000021d60741800 GCTaskThread "GC Thread#6" [stack: 0x0000003212500000,0x0000003212600000] [id=37584]
  0x0000021d610ec000 GCTaskThread "GC Thread#7" [stack: 0x0000003212600000,0x0000003212700000] [id=46120]
  0x0000021d43799000 ConcurrentGCThread "G1 Main Marker" [stack: 0x0000003210700000,0x0000003210800000] [id=46352]
  0x0000021d4379b000 ConcurrentGCThread "G1 Conc#0" [stack: 0x0000003210800000,0x0000003210900000] [id=29744]
  0x0000021d5f8f0000 ConcurrentGCThread "G1 Conc#1" [stack: 0x0000003212900000,0x0000003212a00000] [id=35584]
  0x0000021d43826800 ConcurrentGCThread "G1 Refine#0" [stack: 0x0000003210900000,0x0000003210a00000] [id=47464]
  0x0000021d5d8a0800 ConcurrentGCThread "G1 Young RemSet Sampling" [stack: 0x0000003210a00000,0x0000003210b00000] [id=48816]

Threads with active compile tasks:
C2 CompilerThread0  14850 9236       4       java.lang.StringLatin1::regionMatchesCI (92 bytes)
C2 CompilerThread1  14850 9065   !   4       org.gradle.internal.snapshot.FileSystemLeafSnapshot::accept (36 bytes)
C2 CompilerThread2  14850 8759       4       org.gradle.internal.snapshot.DirectorySnapshot$$Lambda$994/0x0000000100b31c40::accept (20 bytes)

VM state:at safepoint (normal execution)

VM Mutex/Monitor currently owned by a thread:  ([mutex/lock_event])
[0x0000021d43748ba0] Threads_lock - owner thread: 0x0000021d5da50000
[0x0000021d43747eb0] Heap_lock - owner thread: 0x0000021d63d28800

Heap address: 0x0000000080000000, size: 2048 MB, Compressed Oops mode: 32-bit
Narrow klass base: 0x0000000000000000, Narrow klass shift: 3
Compressed class space size: 1073741824 Address: 0x0000000100000000

Heap:
 garbage-first heap   total 189440K, used 74618K [0x0000000080000000, 0x0000000100000000)
  region size 1024K, 6 young (6144K), 6 survivors (6144K)
 Metaspace       used 86632K, capacity 88845K, committed 88908K, reserved 1126400K
  class space    used 11213K, capacity 12075K, committed 12108K, reserved 1048576K
Heap Regions: E=young(eden), S=young(survivor), O=old, HS=humongous(starts), HC=humongous(continues), CS=collection set, F=free, A=archive, TAMS=top-at-mark-start (previous, next)
|   0|0x0000000080000000, 0x0000000080100000, 0x0000000080100000|100%| O|  |TAMS 0x0000000080100000, 0x0000000080000000| Untracked 
|   1|0x0000000080100000, 0x0000000080200000, 0x0000000080200000|100%| O|  |TAMS 0x0000000080200000, 0x0000000080100000| Untracked 
|   2|0x0000000080200000, 0x0000000080300000, 0x0000000080300000|100%| O|  |TAMS 0x0000000080300000, 0x0000000080200000| Untracked 
|   3|0x0000000080300000, 0x0000000080400000, 0x0000000080400000|100%|HS|  |TAMS 0x0000000080400000, 0x0000000080300000| Complete 
|   4|0x0000000080400000, 0x0000000080500000, 0x0000000080500000|100%|HC|  |TAMS 0x0000000080500000, 0x0000000080400000| Complete 
|   5|0x0000000080500000, 0x0000000080600000, 0x0000000080600000|100%|HC|  |TAMS 0x0000000080600000, 0x0000000080500000| Complete 
|   6|0x0000000080600000, 0x0000000080700000, 0x0000000080700000|100%| O|  |TAMS 0x0000000080700000, 0x0000000080600000| Untracked 
|   7|0x0000000080700000, 0x0000000080800000, 0x0000000080800000|100%| O|  |TAMS 0x0000000080800000, 0x0000000080700000| Untracked 
|   8|0x0000000080800000, 0x0000000080900000, 0x0000000080900000|100%| O|  |TAMS 0x0000000080900000, 0x0000000080800000| Untracked 
|   9|0x0000000080900000, 0x0000000080a00000, 0x0000000080a00000|100%| O|  |TAMS 0x0000000080a00000, 0x0000000080900000| Untracked 
|  10|0x0000000080a00000, 0x0000000080b00000, 0x0000000080b00000|100%| O|  |TAMS 0x0000000080b00000, 0x0000000080a00000| Untracked 
|  11|0x0000000080b00000, 0x0000000080c00000, 0x0000000080c00000|100%| O|  |TAMS 0x0000000080c00000, 0x0000000080b00000| Untracked 
|  12|0x0000000080c00000, 0x0000000080d00000, 0x0000000080d00000|100%| O|  |TAMS 0x0000000080d00000, 0x0000000080c00000| Untracked 
|  13|0x0000000080d00000, 0x0000000080e00000, 0x0000000080e00000|100%| O|  |TAMS 0x0000000080e00000, 0x0000000080d00000| Untracked 
|  14|0x0000000080e00000, 0x0000000080f00000, 0x0000000080f00000|100%| O|  |TAMS 0x0000000080f00000, 0x0000000080e00000| Untracked 
|  15|0x0000000080f00000, 0x0000000081000000, 0x0000000081000000|100%| O|  |TAMS 0x0000000081000000, 0x0000000080f00000| Untracked 
|  16|0x0000000081000000, 0x0000000081100000, 0x0000000081100000|100%| O|  |TAMS 0x0000000081100000, 0x0000000081000000| Untracked 
|  17|0x0000000081100000, 0x0000000081200000, 0x0000000081200000|100%|HS|  |TAMS 0x0000000081200000, 0x0000000081100000| Complete 
|  18|0x0000000081200000, 0x0000000081300000, 0x0000000081300000|100%| O|  |TAMS 0x0000000081300000, 0x0000000081200000| Untracked 
|  19|0x0000000081300000, 0x0000000081400000, 0x0000000081400000|100%| O|  |TAMS 0x0000000081400000, 0x0000000081300000| Untracked 
|  20|0x0000000081400000, 0x0000000081500000, 0x0000000081500000|100%| O|  |TAMS 0x0000000081500000, 0x0000000081400000| Untracked 
|  21|0x0000000081500000, 0x0000000081600000, 0x0000000081600000|100%| O|  |TAMS 0x0000000081600000, 0x0000000081500000| Untracked 
|  22|0x0000000081600000, 0x0000000081700000, 0x0000000081700000|100%| O|  |TAMS 0x0000000081700000, 0x0000000081600000| Untracked 
|  23|0x0000000081700000, 0x0000000081800000, 0x0000000081800000|100%| O|  |TAMS 0x0000000081800000, 0x0000000081700000| Untracked 
|  24|0x0000000081800000, 0x0000000081900000, 0x0000000081900000|100%| O|  |TAMS 0x0000000081900000, 0x0000000081800000| Untracked 
|  25|0x0000000081900000, 0x0000000081a00000, 0x0000000081a00000|100%| O|  |TAMS 0x0000000081a00000, 0x0000000081900000| Untracked 
|  26|0x0000000081a00000, 0x0000000081b00000, 0x0000000081b00000|100%| O|  |TAMS 0x0000000081b00000, 0x0000000081a00000| Untracked 
|  27|0x0000000081b00000, 0x0000000081c00000, 0x0000000081c00000|100%| O|  |TAMS 0x0000000081c00000, 0x0000000081b00000| Untracked 
|  28|0x0000000081c00000, 0x0000000081d00000, 0x0000000081d00000|100%|HS|  |TAMS 0x0000000081d00000, 0x0000000081c00000| Complete 
|  29|0x0000000081d00000, 0x0000000081e00000, 0x0000000081e00000|100%|HS|  |TAMS 0x0000000081e00000, 0x0000000081d00000| Complete 
|  30|0x0000000081e00000, 0x0000000081f00000, 0x0000000081f00000|100%|HC|  |TAMS 0x0000000081f00000, 0x0000000081e00000| Complete 
|  31|0x0000000081f00000, 0x0000000082000000, 0x0000000082000000|100%|HC|  |TAMS 0x0000000082000000, 0x0000000081f00000| Complete 
|  32|0x0000000082000000, 0x0000000082100000, 0x0000000082100000|100%|HS|  |TAMS 0x0000000082100000, 0x0000000082000000| Complete 
|  33|0x0000000082100000, 0x0000000082200000, 0x0000000082200000|100%|HC|  |TAMS 0x0000000082200000, 0x0000000082100000| Complete 
|  34|0x0000000082200000, 0x0000000082300000, 0x0000000082300000|100%| O|  |TAMS 0x0000000082300000, 0x0000000082200000| Untracked 
|  35|0x0000000082300000, 0x0000000082400000, 0x0000000082400000|100%| O|  |TAMS 0x0000000082400000, 0x0000000082300000| Untracked 
|  36|0x0000000082400000, 0x0000000082500000, 0x0000000082500000|100%| O|  |TAMS 0x0000000082500000, 0x0000000082400000| Untracked 
|  37|0x0000000082500000, 0x0000000082600000, 0x0000000082600000|100%| O|  |TAMS 0x0000000082600000, 0x0000000082500000| Untracked 
|  38|0x0000000082600000, 0x0000000082700000, 0x0000000082700000|100%| O|  |TAMS 0x0000000082700000, 0x0000000082600000| Untracked 
|  39|0x0000000082700000, 0x0000000082800000, 0x0000000082800000|100%| O|  |TAMS 0x0000000082800000, 0x0000000082700000| Untracked 
|  40|0x0000000082800000, 0x0000000082900000, 0x0000000082900000|100%| O|  |TAMS 0x0000000082900000, 0x0000000082800000| Untracked 
|  41|0x0000000082900000, 0x0000000082a00000, 0x0000000082a00000|100%| O|  |TAMS 0x0000000082a00000, 0x0000000082900000| Untracked 
|  42|0x0000000082a00000, 0x0000000082b00000, 0x0000000082b00000|100%| O|  |TAMS 0x0000000082b00000, 0x0000000082a00000| Untracked 
|  43|0x0000000082b00000, 0x0000000082c00000, 0x0000000082c00000|100%| O|  |TAMS 0x0000000082c00000, 0x0000000082b00000| Untracked 
|  44|0x0000000082c00000, 0x0000000082d00000, 0x0000000082d00000|100%| O|  |TAMS 0x0000000082d00000, 0x0000000082c00000| Untracked 
|  45|0x0000000082d00000, 0x0000000082e00000, 0x0000000082e00000|100%| O|  |TAMS 0x0000000082e00000, 0x0000000082d00000| Untracked 
|  46|0x0000000082e00000, 0x0000000082f00000, 0x0000000082f00000|100%| O|  |TAMS 0x0000000082e00000, 0x0000000082e00000| Untracked 
|  47|0x0000000082f00000, 0x0000000083000000, 0x0000000083000000|100%| O|  |TAMS 0x0000000082f57c00, 0x0000000082f00000| Untracked 
|  48|0x0000000083000000, 0x0000000083100000, 0x0000000083100000|100%| O|  |TAMS 0x0000000083000000, 0x0000000083000000| Untracked 
|  49|0x0000000083100000, 0x0000000083200000, 0x0000000083200000|100%| O|  |TAMS 0x0000000083100000, 0x0000000083100000| Untracked 
|  50|0x0000000083200000, 0x0000000083300000, 0x0000000083300000|100%| O|  |TAMS 0x0000000083200000, 0x0000000083200000| Untracked 
|  51|0x0000000083300000, 0x0000000083400000, 0x0000000083400000|100%| O|  |TAMS 0x0000000083300000, 0x0000000083300000| Untracked 
|  52|0x0000000083400000, 0x0000000083500000, 0x0000000083500000|100%| O|  |TAMS 0x0000000083400000, 0x0000000083400000| Untracked 
|  53|0x0000000083500000, 0x0000000083600000, 0x0000000083600000|100%| O|  |TAMS 0x0000000083500000, 0x0000000083500000| Untracked 
|  54|0x0000000083600000, 0x0000000083700000, 0x0000000083700000|100%| O|  |TAMS 0x0000000083600000, 0x0000000083600000| Untracked 
|  55|0x0000000083700000, 0x0000000083800000, 0x0000000083800000|100%| O|  |TAMS 0x0000000083700000, 0x0000000083700000| Untracked 
|  56|0x0000000083800000, 0x0000000083900000, 0x0000000083900000|100%| O|  |TAMS 0x0000000083800000, 0x0000000083800000| Untracked 
|  57|0x0000000083900000, 0x0000000083a00000, 0x0000000083a00000|100%| O|  |TAMS 0x0000000083900000, 0x0000000083900000| Untracked 
|  58|0x0000000083a00000, 0x0000000083b00000, 0x0000000083b00000|100%| O|  |TAMS 0x0000000083a00000, 0x0000000083a00000| Untracked 
|  59|0x0000000083b00000, 0x0000000083c00000, 0x0000000083c00000|100%| O|  |TAMS 0x0000000083b00000, 0x0000000083b00000| Untracked 
|  60|0x0000000083c00000, 0x0000000083d00000, 0x0000000083d00000|100%| O|  |TAMS 0x0000000083c00000, 0x0000000083c00000| Untracked 
|  61|0x0000000083d00000, 0x0000000083e00000, 0x0000000083e00000|100%| O|  |TAMS 0x0000000083d00000, 0x0000000083d00000| Untracked 
|  62|0x0000000083e00000, 0x0000000083f00000, 0x0000000083f00000|100%| O|  |TAMS 0x0000000083e00000, 0x0000000083e00000| Untracked 
|  63|0x0000000083f00000, 0x0000000084000000, 0x0000000084000000|100%| O|  |TAMS 0x0000000083f00000, 0x0000000083f00000| Untracked 
|  64|0x0000000084000000, 0x0000000084100000, 0x0000000084100000|100%| O|  |TAMS 0x0000000084000000, 0x0000000084000000| Untracked 
|  65|0x0000000084100000, 0x0000000084200000, 0x0000000084200000|100%| O|  |TAMS 0x0000000084100000, 0x0000000084100000| Untracked 
|  66|0x0000000084200000, 0x0000000084300000, 0x0000000084300000|100%| O|  |TAMS 0x0000000084200000, 0x0000000084200000| Untracked 
|  67|0x0000000084300000, 0x0000000084337400, 0x0000000084400000| 21%| O|  |TAMS 0x0000000084300000, 0x0000000084300000| Untracked 
|  68|0x0000000084400000, 0x0000000084400000, 0x0000000084500000|  0%| F|  |TAMS 0x0000000084400000, 0x0000000084400000| Untracked 
|  69|0x0000000084500000, 0x0000000084500000, 0x0000000084600000|  0%| F|  |TAMS 0x0000000084500000, 0x0000000084500000| Untracked 
|  70|0x0000000084600000, 0x0000000084600000, 0x0000000084700000|  0%| F|  |TAMS 0x0000000084600000, 0x0000000084600000| Untracked 
|  71|0x0000000084700000, 0x0000000084700000, 0x0000000084800000|  0%| F|  |TAMS 0x0000000084700000, 0x0000000084700000| Untracked 
|  72|0x0000000084800000, 0x0000000084800000, 0x0000000084900000|  0%| F|  |TAMS 0x0000000084800000, 0x0000000084800000| Untracked 
|  73|0x0000000084900000, 0x0000000084900000, 0x0000000084a00000|  0%| F|  |TAMS 0x0000000084900000, 0x0000000084900000| Untracked 
|  74|0x0000000084a00000, 0x0000000084a00000, 0x0000000084b00000|  0%| F|  |TAMS 0x0000000084a00000, 0x0000000084a00000| Untracked 
|  75|0x0000000084b00000, 0x0000000084b00000, 0x0000000084c00000|  0%| F|  |TAMS 0x0000000084b00000, 0x0000000084b00000| Untracked 
|  76|0x0000000084c00000, 0x0000000084c00000, 0x0000000084d00000|  0%| F|  |TAMS 0x0000000084c00000, 0x0000000084c00000| Untracked 
|  77|0x0000000084d00000, 0x0000000084d00000, 0x0000000084e00000|  0%| F|  |TAMS 0x0000000084d00000, 0x0000000084d00000| Untracked 
|  78|0x0000000084e00000, 0x0000000084e00000, 0x0000000084f00000|  0%| F|  |TAMS 0x0000000084e00000, 0x0000000084e00000| Untracked 
|  79|0x0000000084f00000, 0x0000000084f00000, 0x0000000085000000|  0%| F|  |TAMS 0x0000000084f00000, 0x0000000084f00000| Untracked 
|  80|0x0000000085000000, 0x0000000085000000, 0x0000000085100000|  0%| F|  |TAMS 0x0000000085000000, 0x0000000085000000| Untracked 
|  81|0x0000000085100000, 0x0000000085100000, 0x0000000085200000|  0%| F|  |TAMS 0x0000000085100000, 0x0000000085100000| Untracked 
|  82|0x0000000085200000, 0x0000000085200000, 0x0000000085300000|  0%| F|  |TAMS 0x0000000085200000, 0x0000000085200000| Untracked 
|  83|0x0000000085300000, 0x0000000085300000, 0x0000000085400000|  0%| F|  |TAMS 0x0000000085300000, 0x0000000085300000| Untracked 
|  84|0x0000000085400000, 0x0000000085400000, 0x0000000085500000|  0%| F|  |TAMS 0x0000000085400000, 0x0000000085400000| Untracked 
|  85|0x0000000085500000, 0x0000000085500000, 0x0000000085600000|  0%| F|  |TAMS 0x0000000085500000, 0x0000000085500000| Untracked 
|  86|0x0000000085600000, 0x0000000085600000, 0x0000000085700000|  0%| F|  |TAMS 0x0000000085600000, 0x0000000085600000| Untracked 
|  87|0x0000000085700000, 0x0000000085700000, 0x0000000085800000|  0%| F|  |TAMS 0x0000000085700000, 0x0000000085700000| Untracked 
|  88|0x0000000085800000, 0x0000000085800000, 0x0000000085900000|  0%| F|  |TAMS 0x0000000085800000, 0x0000000085800000| Untracked 
|  89|0x0000000085900000, 0x0000000085900000, 0x0000000085a00000|  0%| F|  |TAMS 0x0000000085900000, 0x0000000085900000| Untracked 
|  90|0x0000000085a00000, 0x0000000085aa76e0, 0x0000000085b00000| 65%| S|CS|TAMS 0x0000000085a00000, 0x0000000085a00000| Complete 
|  91|0x0000000085b00000, 0x0000000085c00000, 0x0000000085c00000|100%| S|CS|TAMS 0x0000000085b00000, 0x0000000085b00000| Complete 
|  92|0x0000000085c00000, 0x0000000085d00000, 0x0000000085d00000|100%| S|CS|TAMS 0x0000000085c00000, 0x0000000085c00000| Complete 
|  93|0x0000000085d00000, 0x0000000085e00000, 0x0000000085e00000|100%| S|CS|TAMS 0x0000000085d00000, 0x0000000085d00000| Complete 
|  94|0x0000000085e00000, 0x0000000085f00000, 0x0000000085f00000|100%| S|CS|TAMS 0x0000000085e00000, 0x0000000085e00000| Complete 
|  95|0x0000000085f00000, 0x0000000086000000, 0x0000000086000000|100%| S|CS|TAMS 0x0000000085f00000, 0x0000000085f00000| Complete 
|  96|0x0000000086000000, 0x0000000086000000, 0x0000000086100000|  0%| F|  |TAMS 0x0000000086000000, 0x0000000086000000| Untracked 
|  97|0x0000000086100000, 0x0000000086100000, 0x0000000086200000|  0%| F|  |TAMS 0x0000000086100000, 0x0000000086100000| Untracked 
|  98|0x0000000086200000, 0x0000000086200000, 0x0000000086300000|  0%| F|  |TAMS 0x0000000086200000, 0x0000000086200000| Untracked 
|  99|0x0000000086300000, 0x0000000086300000, 0x0000000086400000|  0%| F|  |TAMS 0x0000000086300000, 0x0000000086300000| Untracked 
| 100|0x0000000086400000, 0x0000000086400000, 0x0000000086500000|  0%| F|  |TAMS 0x0000000086400000, 0x0000000086400000| Untracked 
| 101|0x0000000086500000, 0x0000000086500000, 0x0000000086600000|  0%| F|  |TAMS 0x0000000086500000, 0x0000000086500000| Untracked 
| 102|0x0000000086600000, 0x0000000086600000, 0x0000000086700000|  0%| F|  |TAMS 0x0000000086600000, 0x0000000086600000| Untracked 
| 103|0x0000000086700000, 0x0000000086700000, 0x0000000086800000|  0%| F|  |TAMS 0x0000000086700000, 0x0000000086700000| Untracked 
| 104|0x0000000086800000, 0x0000000086800000, 0x0000000086900000|  0%| F|  |TAMS 0x0000000086800000, 0x0000000086800000| Untracked 
| 105|0x0000000086900000, 0x0000000086900000, 0x0000000086a00000|  0%| F|  |TAMS 0x0000000086900000, 0x0000000086900000| Untracked 
| 106|0x0000000086a00000, 0x0000000086a00000, 0x0000000086b00000|  0%| F|  |TAMS 0x0000000086a00000, 0x0000000086a00000| Untracked 
| 107|0x0000000086b00000, 0x0000000086b00000, 0x0000000086c00000|  0%| F|  |TAMS 0x0000000086b00000, 0x0000000086b00000| Untracked 
| 108|0x0000000086c00000, 0x0000000086c00000, 0x0000000086d00000|  0%| F|  |TAMS 0x0000000086c00000, 0x0000000086c00000| Untracked 
| 109|0x0000000086d00000, 0x0000000086d00000, 0x0000000086e00000|  0%| F|  |TAMS 0x0000000086d00000, 0x0000000086d00000| Untracked 
| 110|0x0000000086e00000, 0x0000000086e00000, 0x0000000086f00000|  0%| F|  |TAMS 0x0000000086e00000, 0x0000000086e00000| Untracked 
| 111|0x0000000086f00000, 0x0000000086f00000, 0x0000000087000000|  0%| F|  |TAMS 0x0000000086f00000, 0x0000000086f00000| Untracked 
| 112|0x0000000087000000, 0x0000000087000000, 0x0000000087100000|  0%| F|  |TAMS 0x0000000087000000, 0x0000000087000000| Untracked 
| 113|0x0000000087100000, 0x0000000087100000, 0x0000000087200000|  0%| F|  |TAMS 0x0000000087100000, 0x0000000087100000| Untracked 
| 114|0x0000000087200000, 0x0000000087200000, 0x0000000087300000|  0%| F|  |TAMS 0x0000000087200000, 0x0000000087200000| Untracked 
| 115|0x0000000087300000, 0x0000000087300000, 0x0000000087400000|  0%| F|  |TAMS 0x0000000087300000, 0x0000000087300000| Untracked 
| 116|0x0000000087400000, 0x0000000087400000, 0x0000000087500000|  0%| F|  |TAMS 0x0000000087400000, 0x0000000087400000| Untracked 
| 117|0x0000000087500000, 0x0000000087500000, 0x0000000087600000|  0%| F|  |TAMS 0x0000000087500000, 0x0000000087500000| Untracked 
| 118|0x0000000087600000, 0x0000000087600000, 0x0000000087700000|  0%| F|  |TAMS 0x0000000087600000, 0x0000000087600000| Untracked 
| 119|0x0000000087700000, 0x0000000087700000, 0x0000000087800000|  0%| F|  |TAMS 0x0000000087700000, 0x0000000087700000| Untracked 
| 120|0x0000000087800000, 0x0000000087800000, 0x0000000087900000|  0%| F|  |TAMS 0x0000000087800000, 0x0000000087800000| Untracked 
| 121|0x0000000087900000, 0x0000000087900000, 0x0000000087a00000|  0%| F|  |TAMS 0x0000000087900000, 0x0000000087900000| Untracked 
| 122|0x0000000087a00000, 0x0000000087a00000, 0x0000000087b00000|  0%| F|  |TAMS 0x0000000087a00000, 0x0000000087a00000| Untracked 
| 123|0x0000000087b00000, 0x0000000087b00000, 0x0000000087c00000|  0%| F|  |TAMS 0x0000000087b00000, 0x0000000087b00000| Untracked 
| 124|0x0000000087c00000, 0x0000000087c00000, 0x0000000087d00000|  0%| F|  |TAMS 0x0000000087c00000, 0x0000000087c00000| Untracked 
| 125|0x0000000087d00000, 0x0000000087d00000, 0x0000000087e00000|  0%| F|  |TAMS 0x0000000087d00000, 0x0000000087d00000| Untracked 
| 126|0x0000000087e00000, 0x0000000087e00000, 0x0000000087f00000|  0%| F|  |TAMS 0x0000000087e00000, 0x0000000087e00000| Untracked 
| 127|0x0000000087f00000, 0x0000000087f00000, 0x0000000088000000|  0%| F|  |TAMS 0x0000000087f00000, 0x0000000087f00000| Untracked 
| 128|0x0000000088000000, 0x0000000088000000, 0x0000000088100000|  0%| F|  |TAMS 0x0000000088000000, 0x0000000088000000| Untracked 
| 129|0x0000000088100000, 0x0000000088100000, 0x0000000088200000|  0%| F|  |TAMS 0x0000000088100000, 0x0000000088100000| Untracked 
| 130|0x0000000088200000, 0x0000000088200000, 0x0000000088300000|  0%| F|  |TAMS 0x0000000088200000, 0x0000000088200000| Untracked 
| 131|0x0000000088300000, 0x0000000088300000, 0x0000000088400000|  0%| F|  |TAMS 0x0000000088300000, 0x0000000088300000| Untracked 
| 132|0x0000000088400000, 0x0000000088400000, 0x0000000088500000|  0%| F|  |TAMS 0x0000000088400000, 0x0000000088400000| Untracked 
| 133|0x0000000088500000, 0x0000000088500000, 0x0000000088600000|  0%| F|  |TAMS 0x0000000088500000, 0x0000000088500000| Untracked 
| 134|0x0000000088600000, 0x0000000088600000, 0x0000000088700000|  0%| F|  |TAMS 0x0000000088600000, 0x0000000088600000| Untracked 
| 135|0x0000000088700000, 0x0000000088700000, 0x0000000088800000|  0%| F|  |TAMS 0x0000000088700000, 0x0000000088700000| Untracked 
| 136|0x0000000088800000, 0x0000000088800000, 0x0000000088900000|  0%| F|  |TAMS 0x0000000088800000, 0x0000000088800000| Untracked 
| 137|0x0000000088900000, 0x0000000088900000, 0x0000000088a00000|  0%| F|  |TAMS 0x0000000088900000, 0x0000000088900000| Untracked 
| 138|0x0000000088a00000, 0x0000000088a00000, 0x0000000088b00000|  0%| F|  |TAMS 0x0000000088a00000, 0x0000000088a00000| Untracked 
| 139|0x0000000088b00000, 0x0000000088b00000, 0x0000000088c00000|  0%| F|  |TAMS 0x0000000088b00000, 0x0000000088b00000| Untracked 
| 140|0x0000000088c00000, 0x0000000088c00000, 0x0000000088d00000|  0%| F|  |TAMS 0x0000000088c00000, 0x0000000088c00000| Untracked 
| 141|0x0000000088d00000, 0x0000000088d00000, 0x0000000088e00000|  0%| F|  |TAMS 0x0000000088d00000, 0x0000000088d00000| Untracked 
| 142|0x0000000088e00000, 0x0000000088e00000, 0x0000000088f00000|  0%| F|  |TAMS 0x0000000088e00000, 0x0000000088e00000| Untracked 
| 143|0x0000000088f00000, 0x0000000088f00000, 0x0000000089000000|  0%| F|  |TAMS 0x0000000088f00000, 0x0000000088f00000| Untracked 
| 144|0x0000000089000000, 0x0000000089000000, 0x0000000089100000|  0%| F|  |TAMS 0x0000000089000000, 0x0000000089000000| Untracked 
| 145|0x0000000089100000, 0x0000000089100000, 0x0000000089200000|  0%| F|  |TAMS 0x0000000089100000, 0x0000000089100000| Untracked 
| 146|0x0000000089200000, 0x0000000089200000, 0x0000000089300000|  0%| F|  |TAMS 0x0000000089200000, 0x0000000089200000| Untracked 
| 147|0x0000000089300000, 0x0000000089300000, 0x0000000089400000|  0%| F|  |TAMS 0x0000000089300000, 0x0000000089300000| Untracked 
| 148|0x0000000089400000, 0x0000000089400000, 0x0000000089500000|  0%| F|  |TAMS 0x0000000089400000, 0x0000000089400000| Untracked 
| 149|0x0000000089500000, 0x0000000089500000, 0x0000000089600000|  0%| F|  |TAMS 0x0000000089500000, 0x0000000089500000| Untracked 
| 150|0x0000000089600000, 0x0000000089600000, 0x0000000089700000|  0%| F|  |TAMS 0x0000000089600000, 0x0000000089600000| Untracked 
| 151|0x0000000089700000, 0x0000000089700000, 0x0000000089800000|  0%| F|  |TAMS 0x0000000089700000, 0x0000000089700000| Untracked 
| 152|0x0000000089800000, 0x0000000089800000, 0x0000000089900000|  0%| F|  |TAMS 0x0000000089800000, 0x0000000089800000| Untracked 
| 153|0x0000000089900000, 0x0000000089900000, 0x0000000089a00000|  0%| F|  |TAMS 0x0000000089900000, 0x0000000089900000| Untracked 

Card table byte_map: [0x0000021d56810000,0x0000021d56c10000] _byte_map_base: 0x0000021d56410000

Marking Bits (Prev, Next): (CMBitMap*) 0x0000021d43790518, (CMBitMap*) 0x0000021d43790550
 Prev Bits: [0x0000021d57010000, 0x0000021d59010000)
 Next Bits: [0x0000021d59010000, 0x0000021d5b010000)

Polling page: 0x0000021d415d0000

Metaspace:

Usage:
  Non-class:     74.97 MB capacity,    73.65 MB ( 98%) used,     1.08 MB (  1%) free+waste,   240.94 KB ( <1%) overhead. 
      Class:     11.79 MB capacity,    10.95 MB ( 93%) used,   751.38 KB (  6%) free+waste,   109.75 KB ( <1%) overhead. 
       Both:     86.76 MB capacity,    84.60 MB ( 98%) used,     1.82 MB (  2%) free+waste,   350.69 KB ( <1%) overhead. 

Virtual space:
  Non-class space:       76.00 MB reserved,      75.00 MB ( 99%) committed 
      Class space:        1.00 GB reserved,      11.82 MB (  1%) committed 
             Both:        1.07 GB reserved,      86.82 MB (  8%) committed 

Chunk freelists:
   Non-Class:  30.00 KB
       Class:  21.00 KB
        Both:  51.00 KB

MaxMetaspaceSize: 17179869184.00 GB
CompressedClassSpaceSize: 1.00 GB

CodeHeap 'non-profiled nmethods': size=120000Kb used=5658Kb max_used=5658Kb free=114341Kb
 bounds [0x0000021d4eba0000, 0x0000021d4f130000, 0x0000021d560d0000]
CodeHeap 'profiled nmethods': size=120000Kb used=19263Kb max_used=19263Kb free=100736Kb
 bounds [0x0000021d47670000, 0x0000021d48950000, 0x0000021d4eba0000]
CodeHeap 'non-nmethods': size=5760Kb used=2268Kb max_used=2333Kb free=3491Kb
 bounds [0x0000021d470d0000, 0x0000021d47340000, 0x0000021d47670000]
 total_blobs=9925 nmethods=9054 adapters=782
 compilation: enabled
              stopped_count=0, restarted_count=0
 full_count=0

Compilation events (20 events):
Event: 14.753 Thread 0x0000021d5e3dc000 9329       1       kotlin.reflect.jvm.internal.impl.metadata.jvm.JvmProtoBuf$JvmPropertySignature::getField (5 bytes)
Event: 14.753 Thread 0x0000021d5e3dc000 nmethod 9329 0x0000021d4f11c390 code [0x0000021d4f11c540, 0x0000021d4f11c5f8]
Event: 14.753 Thread 0x0000021d5e3dc000 9332       1       kotlin.reflect.jvm.internal.impl.metadata.jvm.JvmProtoBuf$JvmPropertySignature::access$3900 (5 bytes)
Event: 14.753 Thread 0x0000021d5e3dc000 nmethod 9332 0x0000021d4f11c690 code [0x0000021d4f11c840, 0x0000021d4f11c8d8]
Event: 14.753 Thread 0x0000021d5e3dc000 9335       1       kotlin.reflect.jvm.internal.impl.metadata.ProtoBuf$Property::getReturnType (5 bytes)
Event: 14.753 Thread 0x0000021d5e3dc000 nmethod 9335 0x0000021d4f11c990 code [0x0000021d4f11cb40, 0x0000021d4f11cbf8]
Event: 14.753 Thread 0x0000021d5e3dc000 9337       1       kotlin.reflect.jvm.internal.impl.metadata.ProtoBuf$Property::getName (5 bytes)
Event: 14.753 Thread 0x0000021d5e3dc000 nmethod 9337 0x0000021d4f11cc90 code [0x0000021d4f11ce40, 0x0000021d4f11cef8]
Event: 14.753 Thread 0x0000021d5e3dc000 9339       1       kotlin.reflect.jvm.internal.impl.metadata.ProtoBuf$Property::getVersionRequirementList (5 bytes)
Event: 14.753 Thread 0x0000021d5e3dc000 nmethod 9339 0x0000021d4f11cf90 code [0x0000021d4f11d140, 0x0000021d4f11d1f8]
Event: 14.753 Thread 0x0000021d5e3dc000 9330       1       kotlin.reflect.jvm.internal.impl.metadata.jvm.JvmProtoBuf$JvmPropertySignature::getGetter (5 bytes)
Event: 14.753 Thread 0x0000021d5e3dc000 nmethod 9330 0x0000021d4f11d290 code [0x0000021d4f11d440, 0x0000021d4f11d4f8]
Event: 14.753 Thread 0x0000021d5e3dc000 9331       1       kotlin.reflect.jvm.internal.impl.metadata.jvm.JvmProtoBuf$JvmPropertySignature::getSetter (5 bytes)
Event: 14.753 Thread 0x0000021d5e3dc000 nmethod 9331 0x0000021d4f11d590 code [0x0000021d4f11d740, 0x0000021d4f11d7f8]
Event: 14.753 Thread 0x0000021d5e3dc000 9336       1       kotlin.reflect.jvm.internal.impl.metadata.ProtoBuf$Property::getSetterValueParameter (5 bytes)
Event: 14.753 Thread 0x0000021d5e3dc000 nmethod 9336 0x0000021d4f11d890 code [0x0000021d4f11da40, 0x0000021d4f11daf8]
Event: 14.753 Thread 0x0000021d5e3dc000 9334       1       kotlin.reflect.jvm.internal.impl.metadata.jvm.JvmProtoBuf$JvmPropertySignature::getSyntheticMethod (5 bytes)
Event: 14.753 Thread 0x0000021d5e3dc000 nmethod 9334 0x0000021d4f11db90 code [0x0000021d4f11dd40, 0x0000021d4f11ddf8]
Event: 14.769 Thread 0x0000021d5e3da000 nmethod 9235 0x0000021d4f11de90 code [0x0000021d4f11e2c0, 0x0000021d4f123720]
Event: 14.769 Thread 0x0000021d5e3da000 9236       4       java.lang.StringLatin1::regionMatchesCI (92 bytes)

GC Heap History (20 events):
Event: 8.445 GC heap after
{Heap after GC invocations=10 (full 0):
 garbage-first heap   total 131072K, used 46535K [0x0000000080000000, 0x0000000100000000)
  region size 1024K, 9 young (9216K), 9 survivors (9216K)
 Metaspace       used 48746K, capacity 50101K, committed 50380K, reserved 1093632K
  class space    used 6235K, capacity 6755K, committed 6860K, reserved 1048576K
}
Event: 9.281 GC heap before
{Heap before GC invocations=10 (full 0):
 garbage-first heap   total 131072K, used 98759K [0x0000000080000000, 0x0000000100000000)
  region size 1024K, 60 young (61440K), 9 survivors (9216K)
 Metaspace       used 56228K, capacity 57699K, committed 57932K, reserved 1099776K
  class space    used 7136K, capacity 7687K, committed 7756K, reserved 1048576K
}
Event: 9.289 GC heap after
{Heap after GC invocations=11 (full 0):
 garbage-first heap   total 131072K, used 48761K [0x0000000080000000, 0x0000000100000000)
  region size 1024K, 2 young (2048K), 2 survivors (2048K)
 Metaspace       used 56228K, capacity 57699K, committed 57932K, reserved 1099776K
  class space    used 7136K, capacity 7687K, committed 7756K, reserved 1048576K
}
Event: 9.525 GC heap before
{Heap before GC invocations=11 (full 0):
 garbage-first heap   total 131072K, used 61049K [0x0000000080000000, 0x0000000100000000)
  region size 1024K, 15 young (15360K), 2 survivors (2048K)
 Metaspace       used 58727K, capacity 60172K, committed 60236K, reserved 1101824K
  class space    used 7449K, capacity 7998K, committed 8012K, reserved 1048576K
}
Event: 9.531 GC heap after
{Heap after GC invocations=12 (full 0):
 garbage-first heap   total 131072K, used 50063K [0x0000000080000000, 0x0000000100000000)
  region size 1024K, 4 young (4096K), 4 survivors (4096K)
 Metaspace       used 58727K, capacity 60172K, committed 60236K, reserved 1101824K
  class space    used 7449K, capacity 7998K, committed 8012K, reserved 1048576K
}
Event: 10.106 GC heap before
{Heap before GC invocations=13 (full 0):
 garbage-first heap   total 131072K, used 89999K [0x0000000080000000, 0x0000000100000000)
  region size 1024K, 43 young (44032K), 4 survivors (4096K)
 Metaspace       used 61969K, capacity 63430K, committed 63692K, reserved 1103872K
  class space    used 7827K, capacity 8369K, committed 8396K, reserved 1048576K
}
Event: 10.116 GC heap after
{Heap after GC invocations=14 (full 0):
 garbage-first heap   total 131072K, used 53599K [0x0000000080000000, 0x0000000100000000)
  region size 1024K, 6 young (6144K), 6 survivors (6144K)
 Metaspace       used 61969K, capacity 63430K, committed 63692K, reserved 1103872K
  class space    used 7827K, capacity 8369K, committed 8396K, reserved 1048576K
}
Event: 10.829 GC heap before
{Heap before GC invocations=15 (full 0):
 garbage-first heap   total 131072K, used 93535K [0x0000000080000000, 0x0000000100000000)
  region size 1024K, 45 young (46080K), 6 survivors (6144K)
 Metaspace       used 64684K, capacity 66307K, committed 66508K, reserved 1107968K
  class space    used 8184K, capacity 8787K, committed 8908K, reserved 1048576K
}
Event: 10.853 GC heap after
{Heap after GC invocations=16 (full 0):
 garbage-first heap   total 157696K, used 56440K [0x0000000080000000, 0x0000000100000000)
  region size 1024K, 4 young (4096K), 4 survivors (4096K)
 Metaspace       used 64684K, capacity 66307K, committed 66508K, reserved 1107968K
  class space    used 8184K, capacity 8787K, committed 8908K, reserved 1048576K
}
Event: 11.450 GC heap before
{Heap before GC invocations=16 (full 0):
 garbage-first heap   total 157696K, used 106616K [0x0000000080000000, 0x0000000100000000)
  region size 1024K, 53 young (54272K), 4 survivors (4096K)
 Metaspace       used 68882K, capacity 70536K, committed 70732K, reserved 1110016K
  class space    used 8876K, capacity 9537K, committed 9548K, reserved 1048576K
}
Event: 11.458 GC heap after
{Heap after GC invocations=17 (full 0):
 garbage-first heap   total 157696K, used 59000K [0x0000000080000000, 0x0000000100000000)
  region size 1024K, 6 young (6144K), 6 survivors (6144K)
 Metaspace       used 68882K, capacity 70536K, committed 70732K, reserved 1110016K
  class space    used 8876K, capacity 9537K, committed 9548K, reserved 1048576K
}
Event: 12.252 GC heap before
{Heap before GC invocations=17 (full 0):
 garbage-first heap   total 157696K, used 111224K [0x0000000080000000, 0x0000000100000000)
  region size 1024K, 57 young (58368K), 6 survivors (6144K)
 Metaspace       used 74779K, capacity 76535K, committed 76748K, reserved 1116160K
  class space    used 9661K, capacity 10330K, committed 10444K, reserved 1048576K
}
Event: 12.260 GC heap after
{Heap after GC invocations=18 (full 0):
 garbage-first heap   total 157696K, used 62296K [0x0000000080000000, 0x0000000100000000)
  region size 1024K, 7 young (7168K), 7 survivors (7168K)
 Metaspace       used 74779K, capacity 76535K, committed 76748K, reserved 1116160K
  class space    used 9661K, capacity 10330K, committed 10444K, reserved 1048576K
}
Event: 13.049 GC heap before
{Heap before GC invocations=18 (full 0):
 garbage-first heap   total 157696K, used 113496K [0x0000000080000000, 0x0000000100000000)
  region size 1024K, 58 young (59392K), 7 survivors (7168K)
 Metaspace       used 79820K, capacity 81677K, committed 81996K, reserved 1120256K
  class space    used 10291K, capacity 10996K, committed 11084K, reserved 1048576K
}
Event: 13.058 GC heap after
{Heap after GC invocations=19 (full 0):
 garbage-first heap   total 157696K, used 65619K [0x0000000080000000, 0x0000000100000000)
  region size 1024K, 7 young (7168K), 7 survivors (7168K)
 Metaspace       used 79820K, capacity 81677K, committed 81996K, reserved 1120256K
  class space    used 10291K, capacity 10996K, committed 11084K, reserved 1048576K
}
Event: 13.698 GC heap before
{Heap before GC invocations=19 (full 0):
 garbage-first heap   total 157696K, used 117843K [0x0000000080000000, 0x0000000100000000)
  region size 1024K, 59 young (60416K), 7 survivors (7168K)
 Metaspace       used 82279K, capacity 84431K, committed 84556K, reserved 1122304K
  class space    used 10700K, capacity 11532K, committed 11596K, reserved 1048576K
}
Event: 13.709 GC heap after
{Heap after GC invocations=20 (full 0):
 garbage-first heap   total 157696K, used 69359K [0x0000000080000000, 0x0000000100000000)
  region size 1024K, 7 young (7168K), 7 survivors (7168K)
 Metaspace       used 82279K, capacity 84431K, committed 84556K, reserved 1122304K
  class space    used 10700K, capacity 11532K, committed 11596K, reserved 1048576K
}
Event: 14.324 GC heap before
{Heap before GC invocations=20 (full 0):
 garbage-first heap   total 157696K, used 120559K [0x0000000080000000, 0x0000000100000000)
  region size 1024K, 58 young (59392K), 7 survivors (7168K)
 Metaspace       used 83293K, capacity 85508K, committed 85708K, reserved 1124352K
  class space    used 10782K, capacity 11626K, committed 11724K, reserved 1048576K
}
Event: 14.333 GC heap after
{Heap after GC invocations=21 (full 0):
 garbage-first heap   total 157696K, used 72540K [0x0000000080000000, 0x0000000100000000)
  region size 1024K, 7 young (7168K), 7 survivors (7168K)
 Metaspace       used 83293K, capacity 85508K, committed 85708K, reserved 1124352K
  class space    used 10782K, capacity 11626K, committed 11724K, reserved 1048576K
}
Event: 14.773 GC heap before
{Heap before GC invocations=21 (full 0):
 garbage-first heap   total 157696K, used 123740K [0x0000000080000000, 0x0000000100000000)
  region size 1024K, 58 young (59392K), 7 survivors (7168K)
 Metaspace       used 86632K, capacity 88845K, committed 88908K, reserved 1126400K
  class space    used 11213K, capacity 12075K, committed 12108K, reserved 1048576K
}

Deoptimization events (20 events):
Event: 14.221 Thread 0x0000021d63d28800 DEOPT PACKING pc=0x0000021d4f0cf9f0 sp=0x0000003214ffc1a0
Event: 14.221 Thread 0x0000021d63d28800 DEOPT UNPACKING pc=0x0000021d470f74af sp=0x0000003214ffc128 mode 2
Event: 14.230 Thread 0x0000021d63d28800 Uncommon trap: trap_request=0xffffff6e fr.pc=0x0000021d4f09a9a8 relative=0x0000000000000748
Event: 14.230 Thread 0x0000021d63d28800 Uncommon trap: reason=speculate_class_check action=maybe_recompile pc=0x0000021d4f09a9a8 method=sun.security.provider.DigestBase.implCompressMultiBlock([BII)I @ 11 c2
Event: 14.230 Thread 0x0000021d63d28800 DEOPT PACKING pc=0x0000021d4f09a9a8 sp=0x0000003214ffa690
Event: 14.230 Thread 0x0000021d63d28800 DEOPT UNPACKING pc=0x0000021d470f74af sp=0x0000003214ffa5c8 mode 2
Event: 14.230 Thread 0x0000021d63d28800 Uncommon trap: trap_request=0xffffff6e fr.pc=0x0000021d4f09a9a8 relative=0x0000000000000748
Event: 14.230 Thread 0x0000021d63d28800 Uncommon trap: reason=speculate_class_check action=maybe_recompile pc=0x0000021d4f09a9a8 method=sun.security.provider.DigestBase.implCompressMultiBlock([BII)I @ 11 c2
Event: 14.230 Thread 0x0000021d63d28800 DEOPT PACKING pc=0x0000021d4f09a9a8 sp=0x0000003214ffa560
Event: 14.230 Thread 0x0000021d63d28800 DEOPT UNPACKING pc=0x0000021d470f74af sp=0x0000003214ffa498 mode 2
Event: 14.230 Thread 0x0000021d63d28800 Uncommon trap: trap_request=0xffffff6e fr.pc=0x0000021d4f09a9a8 relative=0x0000000000000748
Event: 14.230 Thread 0x0000021d63d28800 Uncommon trap: reason=speculate_class_check action=maybe_recompile pc=0x0000021d4f09a9a8 method=sun.security.provider.DigestBase.implCompressMultiBlock([BII)I @ 11 c2
Event: 14.230 Thread 0x0000021d63d28800 DEOPT PACKING pc=0x0000021d4f09a9a8 sp=0x0000003214ffa430
Event: 14.230 Thread 0x0000021d63d28800 DEOPT UNPACKING pc=0x0000021d470f74af sp=0x0000003214ffa368 mode 2
Event: 14.374 Thread 0x0000021d63d28800 Uncommon trap: trap_request=0xffffffc6 fr.pc=0x0000021d4ebf2010 relative=0x00000000000028b0
Event: 14.374 Thread 0x0000021d63d28800 Uncommon trap: reason=bimorphic_or_optimized_type_check action=maybe_recompile pc=0x0000021d4ebf2010 method=java.util.HashMap.putVal(ILjava/lang/Object;Ljava/lang/Object;ZZ)Ljava/lang/Object; @ 203 c2
Event: 14.374 Thread 0x0000021d63d28800 DEOPT PACKING pc=0x0000021d4ebf2010 sp=0x0000003214ff9ce0
Event: 14.374 Thread 0x0000021d63d28800 DEOPT UNPACKING pc=0x0000021d470f74af sp=0x0000003214ff9bb8 mode 2
Event: 14.732 Thread 0x0000021d63d28800 DEOPT PACKING pc=0x0000021d48819ef2 sp=0x0000003214ffa7b0
Event: 14.733 Thread 0x0000021d63d28800 DEOPT UNPACKING pc=0x0000021d470f72ce sp=0x0000003214ff9cc0 mode 0

Classes redefined (0 events):
No events

Internal exceptions (20 events):
Event: 13.115 Thread 0x0000021d60640800 Exception <a 'java/lang/NoSuchMethodError'{0x0000000089587548}: <clinit>> (0x0000000089587548) thrown at [./src/hotspot/share/prims/jni.cpp, line 1362]
Event: 13.115 Thread 0x0000021d60640800 Exception <a 'java/lang/NoSuchMethodError'{0x0000000089588cc0}: <clinit>> (0x0000000089588cc0) thrown at [./src/hotspot/share/prims/jni.cpp, line 1362]
Event: 13.136 Thread 0x0000021d63d22000 Exception <a 'java/lang/NoSuchMethodError'{0x00000000893c9f18}: <clinit>> (0x00000000893c9f18) thrown at [./src/hotspot/share/prims/jni.cpp, line 1362]
Event: 13.139 Thread 0x0000021d63d22000 Exception <a 'java/lang/NoSuchMethodError'{0x00000000893e35b0}: <clinit>> (0x00000000893e35b0) thrown at [./src/hotspot/share/prims/jni.cpp, line 1362]
Event: 13.169 Thread 0x0000021d60640800 Exception <a 'java/lang/NoSuchMethodError'{0x000000008903fdd0}: <clinit>> (0x000000008903fdd0) thrown at [./src/hotspot/share/prims/jni.cpp, line 1362]
Event: 13.199 Thread 0x0000021d63d28800 Exception <a 'java/lang/NoSuchMethodError'{0x0000000088f3dde0}: 'java.lang.Object java.lang.invoke.Invokers$Holder.linkToTargetMethod(java.lang.Object, java.lang.Object, java.lang.Object, int, java.lang.Object, java.lang.Object)'> (0x0000000088f3dde0) thrown at [./src/hotspot/share/interpreter/linkResolver.cpp, line 773]
Event: 13.209 Thread 0x0000021d63d28800 Exception <a 'java/lang/IncompatibleClassChangeError'{0x0000000088f9fb38}: Found class java.lang.Object, but interface was expected> (0x0000000088f9fb38) thrown at [./src/hotspot/share/interpreter/linkResolver.cpp, line 839]
Event: 13.234 Thread 0x0000021d63d28800 Exception <a 'java/lang/NoSuchMethodError'{0x0000000088d71030}: 'int java.lang.invoke.DirectMethodHandle$Holder.invokeStaticInit(java.lang.Object, java.lang.Object, java.lang.Object, java.lang.Object, java.lang.Object)'> (0x0000000088d71030) thrown at [./src/hotspot/share/interpreter/linkResolver.cpp, line 773]
Event: 13.435 Thread 0x0000021d63cc6800 Exception <a 'java/lang/NoSuchMethodError'{0x000000008815c900}: 'java.lang.Object java.lang.invoke.DirectMethodHandle$Holder.invokeSpecialIFC(java.lang.Object, java.lang.Object, java.lang.Object)'> (0x000000008815c900) thrown at [./src/hotspot/share/interpreter/linkResolver.cpp, line 773]
Event: 13.435 Thread 0x0000021d63cbd000 Exception <a 'java/lang/NoSuchMethodError'{0x0000000088178ee8}: 'java.lang.Object java.lang.invoke.DirectMethodHandle$Holder.invokeSpecialIFC(java.lang.Object, java.lang.Object, java.lang.Object)'> (0x0000000088178ee8) thrown at [./src/hotspot/share/interpreter/linkResolver.cpp, line 773]
Event: 13.435 Thread 0x0000021d63cc9000 Exception <a 'java/lang/NoSuchMethodError'{0x00000000881c0dc8}: 'java.lang.Object java.lang.invoke.DirectMethodHandle$Holder.invokeSpecialIFC(java.lang.Object, java.lang.Object, java.lang.Object)'> (0x00000000881c0dc8) thrown at [./src/hotspot/share/interpreter/linkResolver.cpp, line 773]
Event: 13.435 Thread 0x0000021d63cc6000 Exception <a 'java/lang/NoSuchMethodError'{0x00000000881cbac0}: 'java.lang.Object java.lang.invoke.DirectMethodHandle$Holder.invokeSpecialIFC(java.lang.Object, java.lang.Object, java.lang.Object)'> (0x00000000881cbac0) thrown at [./src/hotspot/share/interpreter/linkResolver.cpp, line 773]
Event: 13.435 Thread 0x0000021d63cc7800 Exception <a 'java/lang/NoSuchMethodError'{0x00000000881b2548}: 'java.lang.Object java.lang.invoke.DirectMethodHandle$Holder.invokeSpecialIFC(java.lang.Object, java.lang.Object, java.lang.Object)'> (0x00000000881b2548) thrown at [./src/hotspot/share/interpreter/linkResolver.cpp, line 773]
Event: 13.436 Thread 0x0000021d63cca000 Exception <a 'java/lang/NoSuchMethodError'{0x0000000088187dc0}: 'java.lang.Object java.lang.invoke.DirectMethodHandle$Holder.invokeSpecialIFC(java.lang.Object, java.lang.Object, java.lang.Object)'> (0x0000000088187dc0) thrown at [./src/hotspot/share/interpreter/linkResolver.cpp, line 773]
Event: 13.873 Thread 0x0000021d63d28800 Exception <a 'java/lang/NoSuchMethodError'{0x0000000088998720}: <clinit>> (0x0000000088998720) thrown at [./src/hotspot/share/prims/jni.cpp, line 1362]
Event: 14.230 Thread 0x0000021d63d28800 Exception <a 'java/lang/NoSuchMethodError'{0x0000000086a46a80}: <clinit>> (0x0000000086a46a80) thrown at [./src/hotspot/share/prims/jni.cpp, line 1362]
Event: 14.230 Thread 0x0000021d63d28800 Exception <a 'java/lang/NoSuchMethodError'{0x0000000086a47da0}: <clinit>> (0x0000000086a47da0) thrown at [./src/hotspot/share/prims/jni.cpp, line 1362]
Event: 14.230 Thread 0x0000021d63d28800 Exception <a 'java/lang/NoSuchMethodError'{0x0000000086a4a510}: <clinit>> (0x0000000086a4a510) thrown at [./src/hotspot/share/prims/jni.cpp, line 1362]
Event: 14.232 Thread 0x0000021d63d28800 Exception <a 'java/lang/NoSuchMethodError'{0x0000000086a62e28}: <clinit>> (0x0000000086a62e28) thrown at [./src/hotspot/share/prims/jni.cpp, line 1362]
Event: 14.232 Thread 0x0000021d63d28800 Exception <a 'java/lang/NoSuchMethodError'{0x0000000086a64308}: <clinit>> (0x0000000086a64308) thrown at [./src/hotspot/share/prims/jni.cpp, line 1362]

Events (20 events):
Event: 14.764 loading class kotlin/reflect/jvm/internal/impl/load/java/lazy/descriptors/LazyJavaClassDescriptor$LazyJavaClassTypeConstructor done
Event: 14.765 loading class kotlin/reflect/jvm/internal/impl/load/java/lazy/descriptors/LazyJavaClassDescriptor$LazyJavaClassTypeConstructor$parameters$1
Event: 14.765 loading class kotlin/reflect/jvm/internal/impl/load/java/lazy/descriptors/LazyJavaClassDescriptor$LazyJavaClassTypeConstructor$parameters$1 done
Event: 14.765 loading class kotlin/reflect/jvm/internal/impl/load/java/lazy/descriptors/LazyJavaClassMemberScope
Event: 14.765 loading class kotlin/reflect/jvm/internal/impl/load/java/lazy/descriptors/LazyJavaClassMemberScope done
Event: 14.770 loading class kotlin/reflect/jvm/internal/impl/load/java/lazy/descriptors/LazyJavaClassMemberScope$constructors$1
Event: 14.770 loading class kotlin/reflect/jvm/internal/impl/load/java/lazy/descriptors/LazyJavaClassMemberScope$constructors$1 done
Event: 14.771 loading class kotlin/reflect/jvm/internal/impl/load/java/lazy/descriptors/LazyJavaClassMemberScope$nestedClassIndex$1
Event: 14.771 loading class kotlin/reflect/jvm/internal/impl/load/java/lazy/descriptors/LazyJavaClassMemberScope$nestedClassIndex$1 done
Event: 14.771 loading class kotlin/reflect/jvm/internal/impl/load/java/lazy/descriptors/LazyJavaClassMemberScope$enumEntryIndex$1
Event: 14.771 loading class kotlin/reflect/jvm/internal/impl/load/java/lazy/descriptors/LazyJavaClassMemberScope$enumEntryIndex$1 done
Event: 14.771 loading class kotlin/reflect/jvm/internal/impl/load/java/lazy/descriptors/LazyJavaClassMemberScope$nestedClasses$1
Event: 14.771 loading class kotlin/reflect/jvm/internal/impl/load/java/lazy/descriptors/LazyJavaClassMemberScope$nestedClasses$1 done
Event: 14.772 loading class kotlin/reflect/jvm/internal/impl/load/java/lazy/descriptors/LazyJavaClassDescriptor$scopeHolder$1
Event: 14.772 loading class kotlin/reflect/jvm/internal/impl/load/java/lazy/descriptors/LazyJavaClassDescriptor$scopeHolder$1 done
Event: 14.772 loading class kotlin/reflect/jvm/internal/impl/resolve/scopes/InnerClassesScopeWrapper
Event: 14.772 loading class kotlin/reflect/jvm/internal/impl/resolve/scopes/InnerClassesScopeWrapper done
Event: 14.773 loading class kotlin/reflect/jvm/internal/impl/load/java/lazy/descriptors/LazyJavaStaticClassScope
Event: 14.773 loading class kotlin/reflect/jvm/internal/impl/load/java/lazy/descriptors/LazyJavaStaticClassScope done
Event: 14.773 Executing VM operation: G1CollectForAllocation


Dynamic libraries:
0x00007ff672ed0000 - 0x00007ff672eda000 	C:\Users\Dark Knight\Desktop\Android Studio\jre\bin\java.exe
0x00007ffee3570000 - 0x00007ffee3765000 	C:\WINDOWS\SYSTEM32\ntdll.dll
0x00007ffee15f0000 - 0x00007ffee16ad000 	C:\WINDOWS\System32\KERNEL32.DLL
0x00007ffee12d0000 - 0x00007ffee1599000 	C:\WINDOWS\System32\KERNELBASE.dll
0x00007ffee0cd0000 - 0x00007ffee0dd0000 	C:\WINDOWS\System32\ucrtbase.dll
0x00007ffecdb10000 - 0x00007ffecdb27000 	C:\Users\Dark Knight\Desktop\Android Studio\jre\bin\VCRUNTIME140.dll
0x00007ffed78b0000 - 0x00007ffed78c9000 	C:\Users\Dark Knight\Desktop\Android Studio\jre\bin\jli.dll
0x00007ffee1f30000 - 0x00007ffee20d0000 	C:\WINDOWS\System32\USER32.dll
0x00007ffee0ca0000 - 0x00007ffee0cc2000 	C:\WINDOWS\System32\win32u.dll
0x00007ffecb000000 - 0x00007ffecb29a000 	C:\WINDOWS\WinSxS\amd64_microsoft.windows.common-controls_6595b64144ccf1df_6.0.19041.1110_none_60b5254171f9507e\COMCTL32.dll
0x00007ffee20d0000 - 0x00007ffee20fa000 	C:\WINDOWS\System32\GDI32.dll
0x00007ffee32b0000 - 0x00007ffee334e000 	C:\WINDOWS\System32\msvcrt.dll
0x00007ffee11c0000 - 0x00007ffee12cb000 	C:\WINDOWS\System32\gdi32full.dll
0x00007ffee0dd0000 - 0x00007ffee0e6d000 	C:\WINDOWS\System32\msvcp_win.dll
0x00007ffee23d0000 - 0x00007ffee2400000 	C:\WINDOWS\System32\IMM32.DLL
0x00007ffec27f0000 - 0x00007ffec288d000 	C:\Users\Dark Knight\Desktop\Android Studio\jre\bin\msvcp140.dll
0x00007ffe838e0000 - 0x00007ffe8439c000 	C:\Users\Dark Knight\Desktop\Android Studio\jre\bin\server\jvm.dll
0x00007ffee1780000 - 0x00007ffee182c000 	C:\WINDOWS\System32\ADVAPI32.dll
0x00007ffee1830000 - 0x00007ffee18cb000 	C:\WINDOWS\System32\sechost.dll
0x00007ffee3350000 - 0x00007ffee347a000 	C:\WINDOWS\System32\RPCRT4.dll
0x00007ffee2d90000 - 0x00007ffee2d98000 	C:\WINDOWS\System32\PSAPI.DLL
0x00007ffec6fa0000 - 0x00007ffec6fa9000 	C:\WINDOWS\SYSTEM32\WSOCK32.dll
0x00007ffecb2b0000 - 0x00007ffecb2d7000 	C:\WINDOWS\SYSTEM32\WINMM.dll
0x00007ffed7fc0000 - 0x00007ffed7fca000 	C:\WINDOWS\SYSTEM32\VERSION.dll
0x00007ffee2360000 - 0x00007ffee23cb000 	C:\WINDOWS\System32\WS2_32.dll
0x00007ffedf530000 - 0x00007ffedf542000 	C:\WINDOWS\SYSTEM32\kernel.appcore.dll
0x00007ffed7ab0000 - 0x00007ffed7ac1000 	C:\Users\Dark Knight\Desktop\Android Studio\jre\bin\verify.dll
0x00007ffedeab0000 - 0x00007ffedec94000 	C:\WINDOWS\SYSTEM32\DBGHELP.DLL
0x00007ffec9830000 - 0x00007ffec985c000 	C:\WINDOWS\SYSTEM32\dbgcore.DLL
0x00007ffee0f70000 - 0x00007ffee0ff3000 	C:\WINDOWS\System32\bcryptPrimitives.dll
0x00007ffed1070000 - 0x00007ffed1099000 	C:\Users\Dark Knight\Desktop\Android Studio\jre\bin\java.dll
0x00007ffedc080000 - 0x00007ffedc08b000 	C:\Users\Dark Knight\Desktop\Android Studio\jre\bin\jimage.dll
0x00007ffed0f30000 - 0x00007ffed0f48000 	C:\Users\Dark Knight\Desktop\Android Studio\jre\bin\zip.dll
0x00007ffee25f0000 - 0x00007ffee2d2f000 	C:\WINDOWS\System32\SHELL32.dll
0x00007ffeded90000 - 0x00007ffedf520000 	C:\WINDOWS\SYSTEM32\windows.storage.dll
0x00007ffee2da0000 - 0x00007ffee30f5000 	C:\WINDOWS\System32\combase.dll
0x00007ffee0700000 - 0x00007ffee072c000 	C:\WINDOWS\SYSTEM32\Wldp.dll
0x00007ffee1e80000 - 0x00007ffee1f2e000 	C:\WINDOWS\System32\SHCORE.dll
0x00007ffee2400000 - 0x00007ffee2455000 	C:\WINDOWS\System32\shlwapi.dll
0x00007ffee0be0000 - 0x00007ffee0bff000 	C:\WINDOWS\SYSTEM32\profapi.dll
0x00007ffed0b80000 - 0x00007ffed0b9a000 	C:\Users\Dark Knight\Desktop\Android Studio\jre\bin\net.dll
0x00007ffed5b40000 - 0x00007ffed5c48000 	C:\WINDOWS\SYSTEM32\WINHTTP.dll
0x00007ffee0460000 - 0x00007ffee04ca000 	C:\WINDOWS\system32\mswsock.dll
0x00007ffed0b60000 - 0x00007ffed0b74000 	C:\Users\Dark Knight\Desktop\Android Studio\jre\bin\nio.dll
0x00007ffed10e0000 - 0x00007ffed1107000 	C:\Users\Dark Knight\.gradle\native\8bec1ad78214c89d9ad589b4d07fe93259594b29d510b10fafb7a158f7737e5d\windows-amd64\native-platform.dll
0x00007ffeb3320000 - 0x00007ffeb345d000 	C:\Users\Dark Knight\.gradle\native\53dbd7edfb1c66fb8903c78663c9afc45aea4f116125fa6feffd364cf09443e8\windows-amd64\native-platform-file-events.dll
0x00007ffeda140000 - 0x00007ffeda14a000 	C:\Users\Dark Knight\Desktop\Android Studio\jre\bin\management.dll
0x00007ffed9ff0000 - 0x00007ffed9ffc000 	C:\Users\Dark Knight\Desktop\Android Studio\jre\bin\management_ext.dll
0x00007ffee0650000 - 0x00007ffee0668000 	C:\WINDOWS\SYSTEM32\CRYPTSP.dll
0x00007ffedfd70000 - 0x00007ffedfda4000 	C:\WINDOWS\system32\rsaenh.dll
0x00007ffee15a0000 - 0x00007ffee15c7000 	C:\WINDOWS\System32\bcrypt.dll
0x00007ffee0ba0000 - 0x00007ffee0bce000 	C:\WINDOWS\SYSTEM32\USERENV.dll
0x00007ffee0670000 - 0x00007ffee067c000 	C:\WINDOWS\SYSTEM32\CRYPTBASE.dll
0x00007ffee0100000 - 0x00007ffee013b000 	C:\WINDOWS\SYSTEM32\IPHLPAPI.DLL
0x00007ffee18d0000 - 0x00007ffee18d8000 	C:\WINDOWS\System32\NSI.dll
0x00007ffecfdf0000 - 0x00007ffecfe07000 	C:\WINDOWS\SYSTEM32\dhcpcsvc6.DLL
0x00007ffed0340000 - 0x00007ffed035d000 	C:\WINDOWS\SYSTEM32\dhcpcsvc.DLL
0x00007ffee0140000 - 0x00007ffee020c000 	C:\WINDOWS\SYSTEM32\DNSAPI.dll

dbghelp: loaded successfully - version: 4.0.5 - missing functions: none
symbol engine: initialized successfully - sym options: 0x614 - pdb path: .;C:\Users\Dark Knight\Desktop\Android Studio\jre\bin;C:\WINDOWS\SYSTEM32;C:\WINDOWS\WinSxS\amd64_microsoft.windows.common-controls_6595b64144ccf1df_6.0.19041.1110_none_60b5254171f9507e;C:\Users\Dark Knight\Desktop\Android Studio\jre\bin\server;C:\Users\Dark Knight\.gradle\native\8bec1ad78214c89d9ad589b4d07fe93259594b29d510b10fafb7a158f7737e5d\windows-amd64;C:\Users\Dark Knight\.gradle\native\53dbd7edfb1c66fb8903c78663c9afc45aea4f116125fa6feffd364cf09443e8\windows-amd64

VM Arguments:
jvm_args: --add-opens=java.base/java.util=ALL-UNNAMED --add-opens=java.base/java.lang=ALL-UNNAMED --add-opens=java.base/java.lang.invoke=ALL-UNNAMED --add-opens=java.base/java.util=ALL-UNNAMED --add-opens=java.prefs/java.util.prefs=ALL-UNNAMED --add-opens=java.prefs/java.util.prefs=ALL-UNNAMED --add-opens=java.base/java.nio.charset=ALL-UNNAMED --add-opens=java.base/java.net=ALL-UNNAMED --add-opens=java.base/java.util.concurrent.atomic=ALL-UNNAMED -Xmx2048m -Dfile.encoding=UTF-8 -Duser.country=IN -Duser.language=en -Duser.variant 
java_command: org.gradle.launcher.daemon.bootstrap.GradleDaemon 7.0.2
java_class_path (initial): C:\Users\Dark Knight\.gradle\wrapper\dists\gradle-7.0.2-bin\857tjihv64xamwrf0h14cai3r\gradle-7.0.2\lib\gradle-launcher-7.0.2.jar
Launcher Type: SUN_STANDARD

[Global flags]
     intx CICompilerCount                          = 4                                         {product} {ergonomic}
     uint ConcGCThreads                            = 2                                         {product} {ergonomic}
     uint G1ConcRefinementThreads                  = 8                                         {product} {ergonomic}
   size_t G1HeapRegionSize                         = 1048576                                   {product} {ergonomic}
    uintx GCDrainStackTargetSize                   = 64                                        {product} {ergonomic}
   size_t InitialHeapSize                          = 134217728                                 {product} {ergonomic}
   size_t MarkStackSize                            = 4194304                                   {product} {ergonomic}
   size_t MaxHeapSize                              = 2147483648                                {product} {command line}
   size_t MaxNewSize                               = 1287651328                                {product} {ergonomic}
   size_t MinHeapDeltaBytes                        = 1048576                                   {product} {ergonomic}
    uintx NonNMethodCodeHeapSize                   = 5836300                                {pd product} {ergonomic}
    uintx NonProfiledCodeHeapSize                  = 122910970                              {pd product} {ergonomic}
    uintx ProfiledCodeHeapSize                     = 122910970                              {pd product} {ergonomic}
    uintx ReservedCodeCacheSize                    = 251658240                              {pd product} {ergonomic}
     bool SegmentedCodeCache                       = true                                      {product} {ergonomic}
     bool UseCompressedClassPointers               = true                                 {lp64_product} {ergonomic}
     bool UseCompressedOops                        = true                                 {lp64_product} {ergonomic}
     bool UseG1GC                                  = true                                      {product} {ergonomic}
     bool UseLargePagesIndividualAllocation        = false                                  {pd product} {ergonomic}

Logging:
Log output configuration:
 #0: stdout all=warning uptime,level,tags
 #1: stderr all=off uptime,level,tags

Environment Variables:
PATH=C:\Windows\system32;C:\Windows;C:\Windows\System32\Wbem;C:\Windows\System32\WindowsPowerShell\v1.0\;C:\Windows\System32\OpenSSH\;C:\Program Files (x86)\NVIDIA Corporation\PhysX\Common;C:\Program Files\NVIDIA Corporation\NVIDIA NvDLISR;C:\WINDOWS\system32;C:\WINDOWS;C:\WINDOWS\System32\Wbem;C:\WINDOWS\System32\WindowsPowerShell\v1.0\;C:\WINDOWS\System32\OpenSSH\;C:\MinGW\bin;C:\Program Files\MEGA-X;C:\WINDOWS\system32;C:\WINDOWS;C:\WINDOWS\System32\Wbem;C:\WINDOWS\System32\WindowsPowerShell\v1.0\;C:\WINDOWS\System32\OpenSSH\;C:\Program Files\Git\cmd;C:\Users\Dark Knight\AppData\Local\Microsoft\WindowsApps;C:\Users\Dark Knight\AppData\Local\atom\bin;C:\MinGW\bin;C:\Program Files (x86)\Microsoft Visual Studio\2019\BuildTools\MSBuild\Current\Bin;C:\Users\Dark Knight\AppData\Local\Microsoft\WindowsApps
USERNAME=Dark Knight
OS=Windows_NT
PROCESSOR_IDENTIFIER=Intel64 Family 6 Model 158 Stepping 10, GenuineIntel



---------------  S Y S T E M  ---------------

OS: Windows 10 , 64 bit Build 19041 (10.0.19041.1151)
OS uptime: 17 days 21:54 hours

CPU:total 8 (initial active 8) (4 cores per cpu, 2 threads per core) family 6 model 158 stepping 10, cmov, cx8, fxsr, mmx, sse, sse2, sse3, ssse3, sse4.1, sse4.2, popcnt, avx, avx2, aes, clmul, erms, 3dnowpref, lzcnt, ht, tsc, tscinvbit, bmi1, bmi2, adx, fma

Memory: 4k page, system-wide physical 8072M (807M free)
TotalPageFile size 12168M (AvailPageFile size 35M)
current process WorkingSet (physical memory assigned to process): 425M, peak: 428M
current process commit charge ("private bytes"): 461M, peak: 495M

vm_info: OpenJDK 64-Bit Server VM (11.0.8+10-b944.6842174) for windows-amd64 JRE (11.0.8+10-b944.6842174), built on Sep 19 2020 01:11:42 by "builder" with MS VC++ 14.0 (VS2015)

END.
