#
# There is insufficient memory for the Java Runtime Environment to continue.
# Native memory allocation (malloc) failed to allocate 1970256 bytes for Chunk::new
# Possible reasons:
#   The system is out of physical RAM or swap space
#   The process is running with CompressedOops enabled, and the Java Heap may be blocking the growth of the native heap
# Possible solutions:
#   Reduce memory load on the system
#   Increase physical memory or swap space
#   Check if swap backing store is full
#   Decrease Java heap size (-Xmx/-Xms)
#   Decrease number of Java threads
#   Decrease Java thread stack sizes (-Xss)
#   Set larger code cache with -XX:ReservedCodeCacheSize=
#   JVM is running with Unscaled Compressed Oops mode in which the Java heap is
#     placed in the first 4GB address space. The Java Heap base address is the
#     maximum limit for the native heap growth. Please use -XX:HeapBaseMinAddress
#     to set the Java Heap base and to place the Java Heap above 4GB virtual address.
# This output file may be truncated or incomplete.
#
#  Out of Memory Error (./src/hotspot/share/memory/arena.cpp:197), pid=46600, tid=13680
#
# JRE version: OpenJDK Runtime Environment (11.0.8+10) (build 11.0.8+10-b944.6842174)
# Java VM: OpenJDK 64-Bit Server VM (11.0.8+10-b944.6842174, mixed mode, tiered, compressed oops, g1 gc, windows-amd64)
# No core dump will be written. Minidumps are not enabled by default on client versions of Windows
#

---------------  S U M M A R Y ------------

Command Line: --add-opens=java.base/java.util=ALL-UNNAMED --add-opens=java.base/java.lang=ALL-UNNAMED --add-opens=java.base/java.lang.invoke=ALL-UNNAMED --add-opens=java.base/java.util=ALL-UNNAMED --add-opens=java.prefs/java.util.prefs=ALL-UNNAMED --add-opens=java.prefs/java.util.prefs=ALL-UNNAMED --add-opens=java.base/java.nio.charset=ALL-UNNAMED --add-opens=java.base/java.net=ALL-UNNAMED --add-opens=java.base/java.util.concurrent.atomic=ALL-UNNAMED -Xmx2048m -Dfile.encoding=UTF-8 -Duser.country=IN -Duser.language=en -Duser.variant org.gradle.launcher.daemon.bootstrap.GradleDaemon 7.0.2

Host: Intel(R) Core(TM) i5-9300H CPU @ 2.40GHz, 8 cores, 7G,  Windows 10 , 64 bit Build 19041 (10.0.19041.1151)
Time: Tue Aug 31 10:39:01 2021 India Standard Time elapsed time: 48 seconds (0d 0h 0m 48s)

---------------  T H R E A D  ---------------

Current thread (0x000001829073c000):  JavaThread "C2 CompilerThread2" daemon [_thread_in_native, id=13680, stack(0x0000000105b00000,0x0000000105c00000)]


Current CompileTask:
C2:  48012 10583       4       org.gradle.internal.instantiation.generator.AbstractClassGenerator::inspectType (560 bytes)

Stack: [0x0000000105b00000,0x0000000105c00000]
Native frames: (J=compiled Java code, j=interpreted, Vv=VM code, C=native code)
V  [jvm.dll+0x5de50a]
V  [jvm.dll+0x7122f5]
V  [jvm.dll+0x71384d]
V  [jvm.dll+0x713f03]
V  [jvm.dll+0x23e728]
V  [jvm.dll+0xb899c]
V  [jvm.dll+0xb8e9c]
V  [jvm.dll+0x35024d]
V  [jvm.dll+0x31dea3]
V  [jvm.dll+0x31d39a]
V  [jvm.dll+0x1f7702]
V  [jvm.dll+0x1f68d4]
V  [jvm.dll+0x17f32c]
V  [jvm.dll+0x205047]
V  [jvm.dll+0x203891]
V  [jvm.dll+0x6dad3f]
V  [jvm.dll+0x6d3895]
V  [jvm.dll+0x5dd4a6]
C  [ucrtbase.dll+0x21bb2]
C  [KERNEL32.DLL+0x17034]
C  [ntdll.dll+0x52651]


---------------  P R O C E S S  ---------------

Threads class SMR info:
_java_thread_list=0x0000018289866520, length=76, elements={
0x000001822cbad000, 0x00000182476b6000, 0x00000182476b7800, 0x0000018287f12800,
0x0000018287f13800, 0x0000018287f14800, 0x0000018287f20800, 0x0000018287f25800,
0x000001828807c000, 0x0000018288086800, 0x000001828963e800, 0x0000018289f1d800,
0x000001828a645800, 0x0000018289b9e800, 0x000001828a0e1800, 0x000001828b3ef000,
0x0000018289525000, 0x000001828a044800, 0x0000018289602000, 0x000001828a6fc000,
0x000001828b3ea000, 0x000001828b3eb000, 0x000001828b3e5000, 0x000001828b3ec000,
0x000001828b3e6000, 0x000001828b3e7000, 0x000001828b3e7800, 0x000001828b3e8800,
0x000001828b3e9800, 0x000001828aa97800, 0x000001828aa95000, 0x000001828aa96000,
0x000001828aa9a000, 0x000001828aa9b800, 0x000001828aa98800, 0x000001828aa97000,
0x000001828aa9d800, 0x000001828aa9e000, 0x000001828aaa0000, 0x000001828aa9f000,
0x000001828aaa0800, 0x000001828aaa3000, 0x000001828aaa1800, 0x000001828aaa2000,
0x000001828d3b9000, 0x000001828d3be000, 0x000001828d3ba800, 0x000001828d3bb800,
0x000001828d3b8800, 0x000001828d3bf800, 0x000001828d3bd000, 0x000001828d3bf000,
0x000001828d3ba000, 0x000001828d3c4800, 0x000001828d3c5800, 0x000001828d3c1000,
0x000001828d3c3000, 0x000001828d3c0800, 0x000001828d3c3800, 0x000001828d3c6000,
0x000001828d3c7000, 0x000001828d3c2000, 0x0000018290738800, 0x000001829073a800,
0x0000018290736800, 0x000001829073b000, 0x0000018290739800, 0x000001829073c000,
0x0000018290737000, 0x0000018290740000, 0x0000018290741000, 0x000001829073e800,
0x0000018290742800, 0x0000018290741800, 0x000001829073d000, 0x000001829073f800
}

Java Threads: ( => current thread )
  0x000001822cbad000 JavaThread "main" [_thread_blocked, id=39160, stack(0x0000000100600000,0x0000000100700000)]
  0x00000182476b6000 JavaThread "Reference Handler" daemon [_thread_blocked, id=39528, stack(0x0000000100d00000,0x0000000100e00000)]
  0x00000182476b7800 JavaThread "Finalizer" daemon [_thread_blocked, id=47064, stack(0x0000000100e00000,0x0000000100f00000)]
  0x0000018287f12800 JavaThread "Signal Dispatcher" daemon [_thread_blocked, id=31052, stack(0x0000000100f00000,0x0000000101000000)]
  0x0000018287f13800 JavaThread "Attach Listener" daemon [_thread_blocked, id=15272, stack(0x0000000101000000,0x0000000101100000)]
  0x0000018287f14800 JavaThread "C2 CompilerThread0" daemon [_thread_in_native, id=48076, stack(0x0000000101100000,0x0000000101200000)]
  0x0000018287f20800 JavaThread "C1 CompilerThread0" daemon [_thread_blocked, id=45640, stack(0x0000000101200000,0x0000000101300000)]
  0x0000018287f25800 JavaThread "Sweeper thread" daemon [_thread_blocked, id=47428, stack(0x0000000101300000,0x0000000101400000)]
  0x000001828807c000 JavaThread "Common-Cleaner" daemon [_thread_blocked, id=23884, stack(0x0000000101400000,0x0000000101500000)]
  0x0000018288086800 JavaThread "Service Thread" daemon [_thread_blocked, id=30628, stack(0x0000000101500000,0x0000000101600000)]
  0x000001828963e800 JavaThread "Daemon health stats" [_thread_blocked, id=40988, stack(0x0000000101b00000,0x0000000101c00000)]
  0x0000018289f1d800 JavaThread "Incoming local TCP Connector on port 64466" [_thread_in_native, id=29164, stack(0x0000000101700000,0x0000000101800000)]
  0x000001828a645800 JavaThread "Daemon periodic checks" [_thread_blocked, id=46488, stack(0x0000000101800000,0x0000000101900000)]
  0x0000018289b9e800 JavaThread "Daemon" [_thread_blocked, id=46760, stack(0x0000000101c00000,0x0000000101d00000)]
  0x000001828a0e1800 JavaThread "Handler for socket connection from /127.0.0.1:64466 to /127.0.0.1:64467" [_thread_in_native, id=41512, stack(0x0000000101d00000,0x0000000101e00000)]
  0x000001828b3ef000 JavaThread "Cancel handler" [_thread_blocked, id=44776, stack(0x0000000101e00000,0x0000000101f00000)]
  0x0000018289525000 JavaThread "Daemon worker" [_thread_blocked, id=29452, stack(0x0000000101f00000,0x0000000102000000)]
  0x000001828a044800 JavaThread "Asynchronous log dispatcher for DefaultDaemonConnection: socket connection from /127.0.0.1:64466 to /127.0.0.1:64467" [_thread_blocked, id=29824, stack(0x0000000102000000,0x0000000102100000)]
  0x0000018289602000 JavaThread "Stdin handler" [_thread_blocked, id=44516, stack(0x0000000102100000,0x0000000102200000)]
  0x000001828a6fc000 JavaThread "Daemon client event forwarder" [_thread_blocked, id=7968, stack(0x0000000102200000,0x0000000102300000)]
  0x000001828b3ea000 JavaThread "Cache worker for file hash cache (C:\Users\Dark Knight\.gradle\caches\7.0.2\fileHashes)" [_thread_blocked, id=35040, stack(0x0000000102800000,0x0000000102900000)]
  0x000001828b3eb000 JavaThread "File lock request listener" [_thread_in_native, id=25472, stack(0x0000000102900000,0x0000000102a00000)]
  0x000001828b3e5000 JavaThread "Cache worker for journal cache (C:\Users\Dark Knight\.gradle\caches\journal-1)" [_thread_blocked, id=44120, stack(0x0000000102b00000,0x0000000102c00000)]
  0x000001828b3ec000 JavaThread "Cache worker for file hash cache (C:\Android Projects\Udemy TUTORIAL\7MinuteWorkout2\.gradle\7.0.2\fileHashes)" [_thread_blocked, id=26212, stack(0x0000000102d00000,0x0000000102e00000)]
  0x000001828b3e6000 JavaThread "File watcher server" daemon [_thread_in_native, id=12264, stack(0x0000000102e00000,0x0000000102f00000)]
  0x000001828b3e7000 JavaThread "File watcher consumer" daemon [_thread_blocked, id=38480, stack(0x0000000102f00000,0x0000000103000000)]
  0x000001828b3e7800 JavaThread "Cache worker for checksums cache (C:\Android Projects\Udemy TUTORIAL\7MinuteWorkout2\.gradle\checksums)" [_thread_blocked, id=19796, stack(0x0000000103000000,0x0000000103100000)]
  0x000001828b3e8800 JavaThread "Cache worker for cache directory md-supplier (C:\Users\Dark Knight\.gradle\caches\7.0.2\md-supplier)" [_thread_blocked, id=49700, stack(0x0000000103100000,0x0000000103200000)]
  0x000001828b3e9800 JavaThread "Cache worker for cache directory md-rule (C:\Users\Dark Knight\.gradle\caches\7.0.2\md-rule)" [_thread_blocked, id=42316, stack(0x0000000103300000,0x0000000103400000)]
  0x000001828aa97800 JavaThread "Cache worker for execution history cache (C:\Users\Dark Knight\.gradle\caches\7.0.2\executionHistory)" [_thread_blocked, id=49264, stack(0x0000000103400000,0x0000000103500000)]
  0x000001828aa95000 JavaThread "jar transforms" [_thread_blocked, id=50080, stack(0x0000000103500000,0x0000000103600000)]
  0x000001828aa96000 JavaThread "jar transforms Thread 2" [_thread_blocked, id=25960, stack(0x0000000103600000,0x0000000103700000)]
  0x000001828aa9a000 JavaThread "Cache worker for file content cache (C:\Users\Dark Knight\.gradle\caches\7.0.2\fileContent)" [_thread_blocked, id=30904, stack(0x0000000103700000,0x0000000103800000)]
  0x000001828aa9b800 JavaThread "Cache worker for dependencies-accessors (C:\Android Projects\Udemy TUTORIAL\7MinuteWorkout2\.gradle\7.0.2\dependencies-accessors)" [_thread_blocked, id=44172, stack(0x0000000103800000,0x0000000103900000)]
  0x000001828aa98800 JavaThread "jar transforms Thread 3" [_thread_blocked, id=44680, stack(0x0000000103900000,0x0000000103a00000)]
  0x000001828aa97000 JavaThread "Cache worker for Build Output Cleanup Cache (C:\Android Projects\Udemy TUTORIAL\7MinuteWorkout2\.gradle\buildOutputCleanup)" [_thread_blocked, id=22728, stack(0x0000000103a00000,0x0000000103b00000)]
  0x000001828aa9d800 JavaThread "Build operations" [_thread_blocked, id=36716, stack(0x0000000103b00000,0x0000000103c00000)]
  0x000001828aa9e000 JavaThread "Build operations Thread 2" [_thread_blocked, id=34628, stack(0x0000000103c00000,0x0000000103d00000)]
  0x000001828aaa0000 JavaThread "Build operations Thread 3" [_thread_blocked, id=40496, stack(0x0000000103d00000,0x0000000103e00000)]
  0x000001828aa9f000 JavaThread "Build operations Thread 4" [_thread_blocked, id=49112, stack(0x0000000103e00000,0x0000000103f00000)]
  0x000001828aaa0800 JavaThread "Build operations Thread 5" [_thread_blocked, id=42524, stack(0x0000000103f00000,0x0000000104000000)]
  0x000001828aaa3000 JavaThread "Build operations Thread 6" [_thread_blocked, id=48788, stack(0x0000000104000000,0x0000000104100000)]
  0x000001828aaa1800 JavaThread "Build operations Thread 7" [_thread_blocked, id=46808, stack(0x0000000104100000,0x0000000104200000)]
  0x000001828aaa2000 JavaThread "Build operations Thread 8" [_thread_blocked, id=31460, stack(0x0000000104200000,0x0000000104300000)]
  0x000001828d3b9000 JavaThread "jar transforms Thread 4" [_thread_blocked, id=45016, stack(0x0000000104300000,0x0000000104400000)]
  0x000001828d3be000 JavaThread "jar transforms Thread 5" [_thread_blocked, id=37940, stack(0x0000000104400000,0x0000000104500000)]
  0x000001828d3ba800 JavaThread "jar transforms Thread 6" [_thread_blocked, id=28832, stack(0x0000000104500000,0x0000000104600000)]
  0x000001828d3bb800 JavaThread "jar transforms Thread 7" [_thread_blocked, id=48444, stack(0x0000000104600000,0x0000000104700000)]
  0x000001828d3b8800 JavaThread "jar transforms Thread 8" [_thread_blocked, id=36980, stack(0x0000000104700000,0x0000000104800000)]
  0x000001828d3bf800 JavaThread "Memory manager" [_thread_blocked, id=45196, stack(0x0000000104800000,0x0000000104900000)]
  0x000001828d3bd000 JavaThread "build event listener" [_thread_blocked, id=41248, stack(0x0000000104900000,0x0000000104a00000)]
  0x000001828d3bf000 JavaThread "pool-3-thread-1" [_thread_blocked, id=48708, stack(0x0000000104a00000,0x0000000104b00000)]
  0x000001828d3ba000 JavaThread "build event listener" [_thread_blocked, id=42092, stack(0x0000000104b00000,0x0000000104c00000)]
  0x000001828d3c4800 JavaThread "Execution worker for ':'" [_thread_blocked, id=39864, stack(0x0000000104c00000,0x0000000104d00000)]
  0x000001828d3c5800 JavaThread "Execution worker for ':' Thread 2" [_thread_blocked, id=49644, stack(0x0000000104d00000,0x0000000104e00000)]
  0x000001828d3c1000 JavaThread "Execution worker for ':' Thread 3" [_thread_blocked, id=46208, stack(0x0000000104e00000,0x0000000104f00000)]
  0x000001828d3c3000 JavaThread "Execution worker for ':' Thread 4" [_thread_blocked, id=37292, stack(0x0000000104f00000,0x0000000105000000)]
  0x000001828d3c0800 JavaThread "Execution worker for ':' Thread 5" [_thread_blocked, id=40400, stack(0x0000000105000000,0x0000000105100000)]
  0x000001828d3c3800 JavaThread "Execution worker for ':' Thread 6" [_thread_blocked, id=34464, stack(0x0000000105100000,0x0000000105200000)]
  0x000001828d3c6000 JavaThread "Execution worker for ':' Thread 7" [_thread_blocked, id=40892, stack(0x0000000105200000,0x0000000105300000)]
  0x000001828d3c7000 JavaThread "Cache worker for execution history cache (C:\Android Projects\Udemy TUTORIAL\7MinuteWorkout2\.gradle\7.0.2\executionHistory)" [_thread_blocked, id=43720, stack(0x0000000105300000,0x0000000105400000)]
  0x000001828d3c2000 JavaThread "RMI Scheduler(0)" daemon [_thread_blocked, id=40852, stack(0x0000000105400000,0x0000000105500000)]
  0x0000018290738800 JavaThread "RMI GC Daemon" daemon [_thread_blocked, id=47936, stack(0x0000000105600000,0x0000000105700000)]
  0x000001829073a800 JavaThread "RMI TCP Accept-0" daemon [_thread_in_native, id=35924, stack(0x0000000105700000,0x0000000105800000)]
  0x0000018290736800 JavaThread "RMI Reaper" [_thread_blocked, id=44800, stack(0x0000000105800000,0x0000000105900000)]
  0x000001829073b000 JavaThread "RMI TCP Connection(1)-127.0.0.1" daemon [_thread_in_native, id=22980, stack(0x0000000105a00000,0x0000000105b00000)]
  0x0000018290739800 JavaThread "C2 CompilerThread1" daemon [_thread_blocked, id=38416, stack(0x0000000105900000,0x0000000105a00000)]
=>0x000001829073c000 JavaThread "C2 CompilerThread2" daemon [_thread_in_native, id=13680, stack(0x0000000105b00000,0x0000000105c00000)]
  0x0000018290737000 JavaThread "WorkerExecutor Queue" [_thread_blocked, id=39292, stack(0x0000000105c00000,0x0000000105d00000)]
  0x0000018290740000 JavaThread "WorkerExecutor Queue Thread 2" [_thread_blocked, id=48020, stack(0x0000000105d00000,0x0000000105e00000)]
  0x0000018290741000 JavaThread "WorkerExecutor Queue Thread 3" [_thread_blocked, id=48172, stack(0x0000000105e00000,0x0000000105f00000)]
  0x000001829073e800 JavaThread "WorkerExecutor Queue Thread 4" [_thread_in_native, id=42676, stack(0x0000000105f00000,0x0000000106000000)]
  0x0000018290742800 JavaThread "WorkerExecutor Queue Thread 5" [_thread_blocked, id=30248, stack(0x0000000106000000,0x0000000106100000)]
  0x0000018290741800 JavaThread "WorkerExecutor Queue Thread 6" [_thread_blocked, id=34324, stack(0x0000000106100000,0x0000000106200000)]
  0x000001829073d000 JavaThread "WorkerExecutor Queue Thread 7" [_thread_blocked, id=45316, stack(0x0000000106200000,0x0000000106300000)]
  0x000001829073f800 JavaThread "WorkerExecutor Queue Thread 8" [_thread_blocked, id=40792, stack(0x0000000106300000,0x0000000106400000)]

Other Threads:
  0x0000018287ec9000 VMThread "VM Thread" [stack: 0x0000000100c00000,0x0000000100d00000] [id=44152]
  0x0000018288087800 WatcherThread [stack: 0x0000000101600000,0x0000000101700000] [id=50096]
  0x000001822cbc6800 GCTaskThread "GC Thread#0" [stack: 0x0000000100700000,0x0000000100800000] [id=34792]
  0x0000018288b63000 GCTaskThread "GC Thread#1" [stack: 0x0000000101900000,0x0000000101a00000] [id=30188]
  0x00000182890d5800 GCTaskThread "GC Thread#2" [stack: 0x0000000101a00000,0x0000000101b00000] [id=48600]
  0x000001828a6fb000 GCTaskThread "GC Thread#3" [stack: 0x0000000102300000,0x0000000102400000] [id=36240]
  0x0000018289305000 GCTaskThread "GC Thread#4" [stack: 0x0000000102400000,0x0000000102500000] [id=41780]
  0x0000018289306000 GCTaskThread "GC Thread#5" [stack: 0x0000000102500000,0x0000000102600000] [id=28120]
  0x0000018289b3b000 GCTaskThread "GC Thread#6" [stack: 0x0000000102600000,0x0000000102700000] [id=27868]
  0x0000018289b3b800 GCTaskThread "GC Thread#7" [stack: 0x0000000102700000,0x0000000102800000] [id=28880]
  0x000001822cbf7000 ConcurrentGCThread "G1 Main Marker" [stack: 0x0000000100800000,0x0000000100900000] [id=12084]
  0x000001822cbf9000 ConcurrentGCThread "G1 Conc#0" [stack: 0x0000000100900000,0x0000000100a00000] [id=45144]
  0x000001828a2f9800 ConcurrentGCThread "G1 Conc#1" [stack: 0x0000000102a00000,0x0000000102b00000] [id=39128]
  0x000001822cc8e000 ConcurrentGCThread "G1 Refine#0" [stack: 0x0000000100a00000,0x0000000100b00000] [id=31376]
  0x00000182474f9800 ConcurrentGCThread "G1 Young RemSet Sampling" [stack: 0x0000000100b00000,0x0000000100c00000] [id=48180]

Threads with active compile tasks:
C2 CompilerThread0  48045 10708   !   4       org.gradle.internal.classloader.FilteringClassLoader::loadClass (62 bytes)
C2 CompilerThread2  48045 10583       4       org.gradle.internal.instantiation.generator.AbstractClassGenerator::inspectType (560 bytes)

VM state:not at safepoint (normal execution)

VM Mutex/Monitor currently owned by a thread: None

Heap address: 0x0000000080000000, size: 2048 MB, Compressed Oops mode: 32-bit
Narrow klass base: 0x00000182476c0000, Narrow klass shift: 0
Compressed class space size: 1073741824 Address: 0x00000182476c0000

Heap:
 garbage-first heap   total 189440K, used 84567K [0x0000000080000000, 0x0000000100000000)
  region size 1024K, 14 young (14336K), 8 survivors (8192K)
 Metaspace       used 95297K, capacity 97852K, committed 97920K, reserved 1134592K
  class space    used 12448K, capacity 13402K, committed 13440K, reserved 1048576K
Heap Regions: E=young(eden), S=young(survivor), O=old, HS=humongous(starts), HC=humongous(continues), CS=collection set, F=free, A=archive, TAMS=top-at-mark-start (previous, next)
|   0|0x0000000080000000, 0x0000000080100000, 0x0000000080100000|100%| O|  |TAMS 0x0000000080100000, 0x0000000080000000| Untracked 
|   1|0x0000000080100000, 0x0000000080200000, 0x0000000080200000|100%| O|  |TAMS 0x0000000080200000, 0x0000000080100000| Untracked 
|   2|0x0000000080200000, 0x0000000080300000, 0x0000000080300000|100%| O|  |TAMS 0x0000000080300000, 0x0000000080200000| Untracked 
|   3|0x0000000080300000, 0x0000000080400000, 0x0000000080400000|100%|HS|  |TAMS 0x0000000080400000, 0x0000000080300000| Complete 
|   4|0x0000000080400000, 0x0000000080500000, 0x0000000080500000|100%|HC|  |TAMS 0x0000000080500000, 0x0000000080400000| Complete 
|   5|0x0000000080500000, 0x0000000080600000, 0x0000000080600000|100%|HC|  |TAMS 0x0000000080600000, 0x0000000080500000| Complete 
|   6|0x0000000080600000, 0x0000000080700000, 0x0000000080700000|100%| O|  |TAMS 0x0000000080700000, 0x0000000080600000| Untracked 
|   7|0x0000000080700000, 0x0000000080800000, 0x0000000080800000|100%| O|  |TAMS 0x0000000080800000, 0x0000000080700000| Untracked 
|   8|0x0000000080800000, 0x0000000080900000, 0x0000000080900000|100%| O|  |TAMS 0x0000000080900000, 0x0000000080800000| Untracked 
|   9|0x0000000080900000, 0x0000000080a00000, 0x0000000080a00000|100%| O|  |TAMS 0x0000000080a00000, 0x0000000080900000| Untracked 
|  10|0x0000000080a00000, 0x0000000080b00000, 0x0000000080b00000|100%| O|  |TAMS 0x0000000080b00000, 0x0000000080a00000| Untracked 
|  11|0x0000000080b00000, 0x0000000080c00000, 0x0000000080c00000|100%| O|  |TAMS 0x0000000080c00000, 0x0000000080b00000| Untracked 
|  12|0x0000000080c00000, 0x0000000080d00000, 0x0000000080d00000|100%| O|  |TAMS 0x0000000080d00000, 0x0000000080c00000| Untracked 
|  13|0x0000000080d00000, 0x0000000080e00000, 0x0000000080e00000|100%| O|  |TAMS 0x0000000080e00000, 0x0000000080d00000| Untracked 
|  14|0x0000000080e00000, 0x0000000080f00000, 0x0000000080f00000|100%| O|  |TAMS 0x0000000080f00000, 0x0000000080e00000| Untracked 
|  15|0x0000000080f00000, 0x0000000081000000, 0x0000000081000000|100%| O|  |TAMS 0x0000000081000000, 0x0000000080f00000| Untracked 
|  16|0x0000000081000000, 0x0000000081100000, 0x0000000081100000|100%|HS|  |TAMS 0x0000000081100000, 0x0000000081000000| Complete 
|  17|0x0000000081100000, 0x0000000081200000, 0x0000000081200000|100%| O|  |TAMS 0x0000000081200000, 0x0000000081100000| Untracked 
|  18|0x0000000081200000, 0x0000000081300000, 0x0000000081300000|100%| O|  |TAMS 0x0000000081300000, 0x0000000081200000| Untracked 
|  19|0x0000000081300000, 0x0000000081400000, 0x0000000081400000|100%| O|  |TAMS 0x0000000081400000, 0x0000000081300000| Untracked 
|  20|0x0000000081400000, 0x0000000081500000, 0x0000000081500000|100%| O|  |TAMS 0x0000000081500000, 0x0000000081400000| Untracked 
|  21|0x0000000081500000, 0x0000000081600000, 0x0000000081600000|100%| O|  |TAMS 0x0000000081600000, 0x0000000081500000| Untracked 
|  22|0x0000000081600000, 0x0000000081700000, 0x0000000081700000|100%| O|  |TAMS 0x0000000081700000, 0x0000000081600000| Untracked 
|  23|0x0000000081700000, 0x0000000081800000, 0x0000000081800000|100%| O|  |TAMS 0x0000000081800000, 0x0000000081700000| Untracked 
|  24|0x0000000081800000, 0x0000000081900000, 0x0000000081900000|100%| O|  |TAMS 0x0000000081900000, 0x0000000081800000| Untracked 
|  25|0x0000000081900000, 0x0000000081a00000, 0x0000000081a00000|100%| O|  |TAMS 0x0000000081a00000, 0x0000000081900000| Untracked 
|  26|0x0000000081a00000, 0x0000000081b00000, 0x0000000081b00000|100%| O|  |TAMS 0x0000000081b00000, 0x0000000081a00000| Untracked 
|  27|0x0000000081b00000, 0x0000000081c00000, 0x0000000081c00000|100%|HS|  |TAMS 0x0000000081c00000, 0x0000000081b00000| Complete 
|  28|0x0000000081c00000, 0x0000000081d00000, 0x0000000081d00000|100%|HS|  |TAMS 0x0000000081d00000, 0x0000000081c00000| Complete 
|  29|0x0000000081d00000, 0x0000000081e00000, 0x0000000081e00000|100%|HC|  |TAMS 0x0000000081e00000, 0x0000000081d00000| Complete 
|  30|0x0000000081e00000, 0x0000000081f00000, 0x0000000081f00000|100%|HC|  |TAMS 0x0000000081f00000, 0x0000000081e00000| Complete 
|  31|0x0000000081f00000, 0x0000000082000000, 0x0000000082000000|100%|HS|  |TAMS 0x0000000082000000, 0x0000000081f00000| Complete 
|  32|0x0000000082000000, 0x0000000082100000, 0x0000000082100000|100%|HC|  |TAMS 0x0000000082100000, 0x0000000082000000| Complete 
|  33|0x0000000082100000, 0x0000000082200000, 0x0000000082200000|100%| O|  |TAMS 0x0000000082200000, 0x0000000082100000| Untracked 
|  34|0x0000000082200000, 0x0000000082300000, 0x0000000082300000|100%| O|  |TAMS 0x0000000082300000, 0x0000000082200000| Untracked 
|  35|0x0000000082300000, 0x0000000082400000, 0x0000000082400000|100%| O|  |TAMS 0x0000000082400000, 0x0000000082300000| Untracked 
|  36|0x0000000082400000, 0x0000000082500000, 0x0000000082500000|100%| O|  |TAMS 0x0000000082500000, 0x0000000082400000| Untracked 
|  37|0x0000000082500000, 0x0000000082600000, 0x0000000082600000|100%| O|  |TAMS 0x0000000082600000, 0x0000000082500000| Untracked 
|  38|0x0000000082600000, 0x0000000082700000, 0x0000000082700000|100%| O|  |TAMS 0x0000000082700000, 0x0000000082600000| Untracked 
|  39|0x0000000082700000, 0x0000000082800000, 0x0000000082800000|100%| O|  |TAMS 0x0000000082800000, 0x0000000082700000| Untracked 
|  40|0x0000000082800000, 0x0000000082900000, 0x0000000082900000|100%| O|  |TAMS 0x0000000082900000, 0x0000000082800000| Untracked 
|  41|0x0000000082900000, 0x0000000082a00000, 0x0000000082a00000|100%| O|  |TAMS 0x0000000082a00000, 0x0000000082900000| Untracked 
|  42|0x0000000082a00000, 0x0000000082b00000, 0x0000000082b00000|100%| O|  |TAMS 0x0000000082b00000, 0x0000000082a00000| Untracked 
|  43|0x0000000082b00000, 0x0000000082c00000, 0x0000000082c00000|100%| O|  |TAMS 0x0000000082c00000, 0x0000000082b00000| Untracked 
|  44|0x0000000082c00000, 0x0000000082d00000, 0x0000000082d00000|100%| O|  |TAMS 0x0000000082c82c00, 0x0000000082c00000| Untracked 
|  45|0x0000000082d00000, 0x0000000082e00000, 0x0000000082e00000|100%| O|  |TAMS 0x0000000082d00000, 0x0000000082d00000| Untracked 
|  46|0x0000000082e00000, 0x0000000082f00000, 0x0000000082f00000|100%| O|  |TAMS 0x0000000082e00000, 0x0000000082e00000| Untracked 
|  47|0x0000000082f00000, 0x0000000083000000, 0x0000000083000000|100%| O|  |TAMS 0x0000000082f00000, 0x0000000082f00000| Untracked 
|  48|0x0000000083000000, 0x0000000083100000, 0x0000000083100000|100%| O|  |TAMS 0x0000000083000000, 0x0000000083000000| Untracked 
|  49|0x0000000083100000, 0x0000000083200000, 0x0000000083200000|100%| O|  |TAMS 0x0000000083100000, 0x0000000083100000| Untracked 
|  50|0x0000000083200000, 0x0000000083300000, 0x0000000083300000|100%| O|  |TAMS 0x0000000083200000, 0x0000000083200000| Untracked 
|  51|0x0000000083300000, 0x0000000083400000, 0x0000000083400000|100%| O|  |TAMS 0x0000000083300000, 0x0000000083300000| Untracked 
|  52|0x0000000083400000, 0x0000000083500000, 0x0000000083500000|100%| O|  |TAMS 0x0000000083400000, 0x0000000083400000| Untracked 
|  53|0x0000000083500000, 0x0000000083600000, 0x0000000083600000|100%| O|  |TAMS 0x0000000083500000, 0x0000000083500000| Untracked 
|  54|0x0000000083600000, 0x0000000083700000, 0x0000000083700000|100%| O|  |TAMS 0x0000000083600000, 0x0000000083600000| Untracked 
|  55|0x0000000083700000, 0x0000000083800000, 0x0000000083800000|100%| O|  |TAMS 0x0000000083700000, 0x0000000083700000| Untracked 
|  56|0x0000000083800000, 0x0000000083900000, 0x0000000083900000|100%| O|  |TAMS 0x0000000083800000, 0x0000000083800000| Untracked 
|  57|0x0000000083900000, 0x0000000083a00000, 0x0000000083a00000|100%| O|  |TAMS 0x0000000083900000, 0x0000000083900000| Untracked 
|  58|0x0000000083a00000, 0x0000000083b00000, 0x0000000083b00000|100%| O|  |TAMS 0x0000000083a00000, 0x0000000083a00000| Untracked 
|  59|0x0000000083b00000, 0x0000000083c00000, 0x0000000083c00000|100%| O|  |TAMS 0x0000000083b00000, 0x0000000083b00000| Untracked 
|  60|0x0000000083c00000, 0x0000000083d00000, 0x0000000083d00000|100%| O|  |TAMS 0x0000000083c00000, 0x0000000083c00000| Untracked 
|  61|0x0000000083d00000, 0x0000000083e00000, 0x0000000083e00000|100%| O|  |TAMS 0x0000000083d00000, 0x0000000083d00000| Untracked 
|  62|0x0000000083e00000, 0x0000000083f00000, 0x0000000083f00000|100%| O|  |TAMS 0x0000000083e00000, 0x0000000083e00000| Untracked 
|  63|0x0000000083f00000, 0x0000000084000000, 0x0000000084000000|100%| O|  |TAMS 0x0000000083f00000, 0x0000000083f00000| Untracked 
|  64|0x0000000084000000, 0x0000000084100000, 0x0000000084100000|100%| O|  |TAMS 0x0000000084000000, 0x0000000084000000| Untracked 
|  65|0x0000000084100000, 0x0000000084200000, 0x0000000084200000|100%| O|  |TAMS 0x0000000084100000, 0x0000000084100000| Untracked 
|  66|0x0000000084200000, 0x0000000084300000, 0x0000000084300000|100%| O|  |TAMS 0x0000000084200000, 0x0000000084200000| Untracked 
|  67|0x0000000084300000, 0x0000000084400000, 0x0000000084400000|100%| O|  |TAMS 0x0000000084300000, 0x0000000084300000| Untracked 
|  68|0x0000000084400000, 0x0000000084500000, 0x0000000084500000|100%| O|  |TAMS 0x0000000084400000, 0x0000000084400000| Untracked 
|  69|0x0000000084500000, 0x0000000084600000, 0x0000000084600000|100%| O|  |TAMS 0x0000000084500000, 0x0000000084500000| Untracked 
|  70|0x0000000084600000, 0x0000000084614000, 0x0000000084700000|  7%| O|  |TAMS 0x0000000084600000, 0x0000000084600000| Untracked 
|  71|0x0000000084700000, 0x0000000084700000, 0x0000000084800000|  0%| F|  |TAMS 0x0000000084700000, 0x0000000084700000| Untracked 
|  72|0x0000000084800000, 0x0000000084800000, 0x0000000084900000|  0%| F|  |TAMS 0x0000000084800000, 0x0000000084800000| Untracked 
|  73|0x0000000084900000, 0x0000000084900000, 0x0000000084a00000|  0%| F|  |TAMS 0x0000000084900000, 0x0000000084900000| Untracked 
|  74|0x0000000084a00000, 0x0000000084a00000, 0x0000000084b00000|  0%| F|  |TAMS 0x0000000084a00000, 0x0000000084a00000| Untracked 
|  75|0x0000000084b00000, 0x0000000084b00000, 0x0000000084c00000|  0%| F|  |TAMS 0x0000000084b00000, 0x0000000084b00000| Untracked 
|  76|0x0000000084c00000, 0x0000000084c00000, 0x0000000084d00000|  0%| F|  |TAMS 0x0000000084c00000, 0x0000000084c00000| Untracked 
|  77|0x0000000084d00000, 0x0000000084d00000, 0x0000000084e00000|  0%| F|  |TAMS 0x0000000084d00000, 0x0000000084d00000| Untracked 
|  78|0x0000000084e00000, 0x0000000084e00000, 0x0000000084f00000|  0%| F|  |TAMS 0x0000000084e00000, 0x0000000084e00000| Untracked 
|  79|0x0000000084f00000, 0x0000000084f00000, 0x0000000085000000|  0%| F|  |TAMS 0x0000000084f00000, 0x0000000084f00000| Untracked 
|  80|0x0000000085000000, 0x0000000085000000, 0x0000000085100000|  0%| F|  |TAMS 0x0000000085000000, 0x0000000085000000| Untracked 
|  81|0x0000000085100000, 0x0000000085100000, 0x0000000085200000|  0%| F|  |TAMS 0x0000000085100000, 0x0000000085100000| Untracked 
|  82|0x0000000085200000, 0x0000000085200000, 0x0000000085300000|  0%| F|  |TAMS 0x0000000085200000, 0x0000000085200000| Untracked 
|  83|0x0000000085300000, 0x0000000085300000, 0x0000000085400000|  0%| F|  |TAMS 0x0000000085300000, 0x0000000085300000| Untracked 
|  84|0x0000000085400000, 0x0000000085400000, 0x0000000085500000|  0%| F|  |TAMS 0x0000000085400000, 0x0000000085400000| Untracked 
|  85|0x0000000085500000, 0x0000000085500000, 0x0000000085600000|  0%| F|  |TAMS 0x0000000085500000, 0x0000000085500000| Untracked 
|  86|0x0000000085600000, 0x0000000085600000, 0x0000000085700000|  0%| F|  |TAMS 0x0000000085600000, 0x0000000085600000| Untracked 
|  87|0x0000000085700000, 0x0000000085700000, 0x0000000085800000|  0%| F|  |TAMS 0x0000000085700000, 0x0000000085700000| Untracked 
|  88|0x0000000085800000, 0x0000000085800000, 0x0000000085900000|  0%| F|  |TAMS 0x0000000085800000, 0x0000000085800000| Untracked 
|  89|0x0000000085900000, 0x0000000085900000, 0x0000000085a00000|  0%| F|  |TAMS 0x0000000085900000, 0x0000000085900000| Untracked 
|  90|0x0000000085a00000, 0x0000000085a00000, 0x0000000085b00000|  0%| F|  |TAMS 0x0000000085a00000, 0x0000000085a00000| Untracked 
|  91|0x0000000085b00000, 0x0000000085b00000, 0x0000000085c00000|  0%| F|  |TAMS 0x0000000085b00000, 0x0000000085b00000| Untracked 
|  92|0x0000000085c00000, 0x0000000085c00000, 0x0000000085d00000|  0%| F|  |TAMS 0x0000000085c00000, 0x0000000085c00000| Untracked 
|  93|0x0000000085d00000, 0x0000000085d00000, 0x0000000085e00000|  0%| F|  |TAMS 0x0000000085d00000, 0x0000000085d00000| Untracked 
|  94|0x0000000085e00000, 0x0000000085e00000, 0x0000000085f00000|  0%| F|  |TAMS 0x0000000085e00000, 0x0000000085e00000| Untracked 
|  95|0x0000000085f00000, 0x0000000085f00000, 0x0000000086000000|  0%| F|  |TAMS 0x0000000085f00000, 0x0000000085f00000| Untracked 
|  96|0x0000000086000000, 0x0000000086000000, 0x0000000086100000|  0%| F|  |TAMS 0x0000000086000000, 0x0000000086000000| Untracked 
|  97|0x0000000086100000, 0x0000000086100000, 0x0000000086200000|  0%| F|  |TAMS 0x0000000086100000, 0x0000000086100000| Untracked 
|  98|0x0000000086200000, 0x0000000086200000, 0x0000000086300000|  0%| F|  |TAMS 0x0000000086200000, 0x0000000086200000| Untracked 
|  99|0x0000000086300000, 0x0000000086300000, 0x0000000086400000|  0%| F|  |TAMS 0x0000000086300000, 0x0000000086300000| Untracked 
| 100|0x0000000086400000, 0x0000000086400000, 0x0000000086500000|  0%| F|  |TAMS 0x0000000086400000, 0x0000000086400000| Untracked 
| 101|0x0000000086500000, 0x0000000086500000, 0x0000000086600000|  0%| F|  |TAMS 0x0000000086500000, 0x0000000086500000| Untracked 
| 102|0x0000000086600000, 0x0000000086600000, 0x0000000086700000|  0%| F|  |TAMS 0x0000000086600000, 0x0000000086600000| Untracked 
| 103|0x0000000086700000, 0x0000000086700000, 0x0000000086800000|  0%| F|  |TAMS 0x0000000086700000, 0x0000000086700000| Untracked 
| 104|0x0000000086800000, 0x0000000086800000, 0x0000000086900000|  0%| F|  |TAMS 0x0000000086800000, 0x0000000086800000| Untracked 
| 105|0x0000000086900000, 0x0000000086900000, 0x0000000086a00000|  0%| F|  |TAMS 0x0000000086900000, 0x0000000086900000| Untracked 
| 106|0x0000000086a00000, 0x0000000086a00000, 0x0000000086b00000|  0%| F|  |TAMS 0x0000000086a00000, 0x0000000086a00000| Untracked 
| 107|0x0000000086b00000, 0x0000000086b00000, 0x0000000086c00000|  0%| F|  |TAMS 0x0000000086b00000, 0x0000000086b00000| Untracked 
| 108|0x0000000086c00000, 0x0000000086c00000, 0x0000000086d00000|  0%| F|  |TAMS 0x0000000086c00000, 0x0000000086c00000| Untracked 
| 109|0x0000000086d00000, 0x0000000086d81e20, 0x0000000086e00000| 50%| S|CS|TAMS 0x0000000086d00000, 0x0000000086d00000| Complete 
| 110|0x0000000086e00000, 0x0000000086f00000, 0x0000000086f00000|100%| S|CS|TAMS 0x0000000086e00000, 0x0000000086e00000| Complete 
| 111|0x0000000086f00000, 0x0000000087000000, 0x0000000087000000|100%| S|CS|TAMS 0x0000000086f00000, 0x0000000086f00000| Complete 
| 112|0x0000000087000000, 0x0000000087100000, 0x0000000087100000|100%| S|CS|TAMS 0x0000000087000000, 0x0000000087000000| Complete 
| 113|0x0000000087100000, 0x0000000087200000, 0x0000000087200000|100%| S|CS|TAMS 0x0000000087100000, 0x0000000087100000| Complete 
| 114|0x0000000087200000, 0x0000000087300000, 0x0000000087300000|100%| S|CS|TAMS 0x0000000087200000, 0x0000000087200000| Complete 
| 115|0x0000000087300000, 0x0000000087400000, 0x0000000087400000|100%| S|CS|TAMS 0x0000000087300000, 0x0000000087300000| Complete 
| 116|0x0000000087400000, 0x0000000087500000, 0x0000000087500000|100%| S|CS|TAMS 0x0000000087400000, 0x0000000087400000| Complete 
| 117|0x0000000087500000, 0x0000000087500000, 0x0000000087600000|  0%| F|  |TAMS 0x0000000087500000, 0x0000000087500000| Untracked 
| 118|0x0000000087600000, 0x0000000087600000, 0x0000000087700000|  0%| F|  |TAMS 0x0000000087600000, 0x0000000087600000| Untracked 
| 119|0x0000000087700000, 0x0000000087700000, 0x0000000087800000|  0%| F|  |TAMS 0x0000000087700000, 0x0000000087700000| Untracked 
| 120|0x0000000087800000, 0x0000000087800000, 0x0000000087900000|  0%| F|  |TAMS 0x0000000087800000, 0x0000000087800000| Untracked 
| 121|0x0000000087900000, 0x0000000087900000, 0x0000000087a00000|  0%| F|  |TAMS 0x0000000087900000, 0x0000000087900000| Untracked 
| 122|0x0000000087a00000, 0x0000000087a00000, 0x0000000087b00000|  0%| F|  |TAMS 0x0000000087a00000, 0x0000000087a00000| Untracked 
| 123|0x0000000087b00000, 0x0000000087b00000, 0x0000000087c00000|  0%| F|  |TAMS 0x0000000087b00000, 0x0000000087b00000| Untracked 
| 124|0x0000000087c00000, 0x0000000087c00000, 0x0000000087d00000|  0%| F|  |TAMS 0x0000000087c00000, 0x0000000087c00000| Untracked 
| 125|0x0000000087d00000, 0x0000000087d00000, 0x0000000087e00000|  0%| F|  |TAMS 0x0000000087d00000, 0x0000000087d00000| Untracked 
| 126|0x0000000087e00000, 0x0000000087e00000, 0x0000000087f00000|  0%| F|  |TAMS 0x0000000087e00000, 0x0000000087e00000| Untracked 
| 127|0x0000000087f00000, 0x0000000087f00000, 0x0000000088000000|  0%| F|  |TAMS 0x0000000087f00000, 0x0000000087f00000| Untracked 
| 128|0x0000000088000000, 0x0000000088000000, 0x0000000088100000|  0%| F|  |TAMS 0x0000000088000000, 0x0000000088000000| Untracked 
| 129|0x0000000088100000, 0x0000000088100000, 0x0000000088200000|  0%| F|  |TAMS 0x0000000088100000, 0x0000000088100000| Untracked 
| 130|0x0000000088200000, 0x0000000088200000, 0x0000000088300000|  0%| F|  |TAMS 0x0000000088200000, 0x0000000088200000| Untracked 
| 131|0x0000000088300000, 0x0000000088300000, 0x0000000088400000|  0%| F|  |TAMS 0x0000000088300000, 0x0000000088300000| Untracked 
| 132|0x0000000088400000, 0x0000000088400000, 0x0000000088500000|  0%| F|  |TAMS 0x0000000088400000, 0x0000000088400000| Untracked 
| 133|0x0000000088500000, 0x0000000088500000, 0x0000000088600000|  0%| F|  |TAMS 0x0000000088500000, 0x0000000088500000| Untracked 
| 134|0x0000000088600000, 0x0000000088600000, 0x0000000088700000|  0%| F|  |TAMS 0x0000000088600000, 0x0000000088600000| Untracked 
| 135|0x0000000088700000, 0x0000000088700000, 0x0000000088800000|  0%| F|  |TAMS 0x0000000088700000, 0x0000000088700000| Untracked 
| 136|0x0000000088800000, 0x0000000088800000, 0x0000000088900000|  0%| F|  |TAMS 0x0000000088800000, 0x0000000088800000| Untracked 
| 137|0x0000000088900000, 0x0000000088900000, 0x0000000088a00000|  0%| F|  |TAMS 0x0000000088900000, 0x0000000088900000| Untracked 
| 138|0x0000000088a00000, 0x0000000088a00000, 0x0000000088b00000|  0%| F|  |TAMS 0x0000000088a00000, 0x0000000088a00000| Untracked 
| 139|0x0000000088b00000, 0x0000000088b00000, 0x0000000088c00000|  0%| F|  |TAMS 0x0000000088b00000, 0x0000000088b00000| Untracked 
| 140|0x0000000088c00000, 0x0000000088c00000, 0x0000000088d00000|  0%| F|  |TAMS 0x0000000088c00000, 0x0000000088c00000| Untracked 
| 141|0x0000000088d00000, 0x0000000088d00000, 0x0000000088e00000|  0%| F|  |TAMS 0x0000000088d00000, 0x0000000088d00000| Untracked 
| 142|0x0000000088e00000, 0x0000000088e00000, 0x0000000088f00000|  0%| F|  |TAMS 0x0000000088e00000, 0x0000000088e00000| Untracked 
| 143|0x0000000088f00000, 0x0000000088f00000, 0x0000000089000000|  0%| F|  |TAMS 0x0000000088f00000, 0x0000000088f00000| Untracked 
| 144|0x0000000089000000, 0x0000000089000000, 0x0000000089100000|  0%| F|  |TAMS 0x0000000089000000, 0x0000000089000000| Untracked 
| 145|0x0000000089100000, 0x0000000089100000, 0x0000000089200000|  0%| F|  |TAMS 0x0000000089100000, 0x0000000089100000| Untracked 
| 146|0x0000000089200000, 0x0000000089200000, 0x0000000089300000|  0%| F|  |TAMS 0x0000000089200000, 0x0000000089200000| Untracked 
| 147|0x0000000089300000, 0x0000000089300000, 0x0000000089400000|  0%| F|  |TAMS 0x0000000089300000, 0x0000000089300000| Untracked 
| 148|0x0000000089400000, 0x0000000089400000, 0x0000000089500000|  0%| F|  |TAMS 0x0000000089400000, 0x0000000089400000| Untracked 
| 149|0x0000000089500000, 0x0000000089500000, 0x0000000089600000|  0%| F|  |TAMS 0x0000000089500000, 0x0000000089500000| Untracked 
| 150|0x0000000089600000, 0x0000000089600000, 0x0000000089700000|  0%| F|  |TAMS 0x0000000089600000, 0x0000000089600000| Untracked 
| 151|0x0000000089700000, 0x0000000089700000, 0x0000000089800000|  0%| F|  |TAMS 0x0000000089700000, 0x0000000089700000| Untracked 
| 152|0x0000000089800000, 0x0000000089800000, 0x0000000089900000|  0%| F|  |TAMS 0x0000000089800000, 0x0000000089800000| Untracked 
| 153|0x0000000089900000, 0x0000000089900000, 0x0000000089a00000|  0%| F|  |TAMS 0x0000000089900000, 0x0000000089900000| Untracked 
| 154|0x0000000089a00000, 0x0000000089a00000, 0x0000000089b00000|  0%| F|  |TAMS 0x0000000089a00000, 0x0000000089a00000| Untracked 
| 155|0x0000000089b00000, 0x0000000089b00000, 0x0000000089c00000|  0%| F|  |TAMS 0x0000000089b00000, 0x0000000089b00000| Untracked 
| 156|0x0000000089c00000, 0x0000000089c00000, 0x0000000089d00000|  0%| F|  |TAMS 0x0000000089c00000, 0x0000000089c00000| Untracked 
| 157|0x0000000089d00000, 0x0000000089d00000, 0x0000000089e00000|  0%| F|  |TAMS 0x0000000089d00000, 0x0000000089d00000| Untracked 
| 158|0x0000000089e00000, 0x0000000089e00000, 0x0000000089f00000|  0%| F|  |TAMS 0x0000000089e00000, 0x0000000089e00000| Untracked 
| 159|0x0000000089f00000, 0x0000000089f00000, 0x000000008a000000|  0%| F|  |TAMS 0x0000000089f00000, 0x0000000089f00000| Untracked 
| 160|0x000000008a000000, 0x000000008a000000, 0x000000008a100000|  0%| F|  |TAMS 0x000000008a000000, 0x000000008a000000| Untracked 
| 161|0x000000008a100000, 0x000000008a100000, 0x000000008a200000|  0%| F|  |TAMS 0x000000008a100000, 0x000000008a100000| Untracked 
| 162|0x000000008a200000, 0x000000008a200000, 0x000000008a300000|  0%| F|  |TAMS 0x000000008a200000, 0x000000008a200000| Untracked 
| 163|0x000000008a300000, 0x000000008a300000, 0x000000008a400000|  0%| F|  |TAMS 0x000000008a300000, 0x000000008a300000| Untracked 
| 164|0x000000008a400000, 0x000000008a400000, 0x000000008a500000|  0%| F|  |TAMS 0x000000008a400000, 0x000000008a400000| Untracked 
| 165|0x000000008a500000, 0x000000008a500000, 0x000000008a600000|  0%| F|  |TAMS 0x000000008a500000, 0x000000008a500000| Untracked 
| 166|0x000000008a600000, 0x000000008a600000, 0x000000008a700000|  0%| F|  |TAMS 0x000000008a600000, 0x000000008a600000| Untracked 
| 167|0x000000008a700000, 0x000000008a700000, 0x000000008a800000|  0%| F|  |TAMS 0x000000008a700000, 0x000000008a700000| Untracked 
| 168|0x000000008a800000, 0x000000008a800000, 0x000000008a900000|  0%| F|  |TAMS 0x000000008a800000, 0x000000008a800000| Untracked 
| 169|0x000000008a900000, 0x000000008a900000, 0x000000008aa00000|  0%| F|  |TAMS 0x000000008a900000, 0x000000008a900000| Untracked 
| 170|0x000000008aa00000, 0x000000008aa00000, 0x000000008ab00000|  0%| F|  |TAMS 0x000000008aa00000, 0x000000008aa00000| Untracked 
| 171|0x000000008ab00000, 0x000000008ab00000, 0x000000008ac00000|  0%| F|  |TAMS 0x000000008ab00000, 0x000000008ab00000| Untracked 
| 172|0x000000008ac00000, 0x000000008ac00000, 0x000000008ad00000|  0%| F|  |TAMS 0x000000008ac00000, 0x000000008ac00000| Untracked 
| 173|0x000000008ad00000, 0x000000008ad00000, 0x000000008ae00000|  0%| F|  |TAMS 0x000000008ad00000, 0x000000008ad00000| Untracked 
| 174|0x000000008ae00000, 0x000000008ae00000, 0x000000008af00000|  0%| F|  |TAMS 0x000000008ae00000, 0x000000008ae00000| Untracked 
| 175|0x000000008af00000, 0x000000008af00000, 0x000000008b000000|  0%| F|  |TAMS 0x000000008af00000, 0x000000008af00000| Untracked 
| 176|0x000000008b000000, 0x000000008b000000, 0x000000008b100000|  0%| F|  |TAMS 0x000000008b000000, 0x000000008b000000| Untracked 
| 177|0x000000008b100000, 0x000000008b100000, 0x000000008b200000|  0%| F|  |TAMS 0x000000008b100000, 0x000000008b100000| Untracked 
| 178|0x000000008b200000, 0x000000008b200000, 0x000000008b300000|  0%| F|  |TAMS 0x000000008b200000, 0x000000008b200000| Untracked 
| 179|0x000000008b300000, 0x000000008b367358, 0x000000008b400000| 40%| E|  |TAMS 0x000000008b300000, 0x000000008b300000| Complete 
| 180|0x000000008b400000, 0x000000008b500000, 0x000000008b500000|100%| E|CS|TAMS 0x000000008b400000, 0x000000008b400000| Complete 
| 181|0x000000008b500000, 0x000000008b600000, 0x000000008b600000|100%| E|CS|TAMS 0x000000008b500000, 0x000000008b500000| Complete 
| 182|0x000000008b600000, 0x000000008b700000, 0x000000008b700000|100%| E|CS|TAMS 0x000000008b600000, 0x000000008b600000| Complete 
| 183|0x000000008b700000, 0x000000008b800000, 0x000000008b800000|100%| E|CS|TAMS 0x000000008b700000, 0x000000008b700000| Complete 
| 184|0x000000008b800000, 0x000000008b900000, 0x000000008b900000|100%| E|CS|TAMS 0x000000008b800000, 0x000000008b800000| Complete 

Card table byte_map: [0x00000182403a0000,0x00000182407a0000] _byte_map_base: 0x000001823ffa0000

Marking Bits (Prev, Next): (CMBitMap*) 0x000001822cbedfc8, (CMBitMap*) 0x000001822cbee000
 Prev Bits: [0x0000018240ba0000, 0x0000018242ba0000)
 Next Bits: [0x0000018242ba0000, 0x0000018244ba0000)

Polling page: 0x000001822b3b0000

Metaspace:

Usage:
  Non-class:     82.54 MB capacity,    80.95 MB ( 98%) used,     1.30 MB (  2%) free+waste,   288.94 KB ( <1%) overhead. 
      Class:     13.09 MB capacity,    12.16 MB ( 93%) used,   815.60 KB (  6%) free+waste,   132.63 KB ( <1%) overhead. 
       Both:     95.62 MB capacity,    93.11 MB ( 97%) used,     2.10 MB (  2%) free+waste,   421.56 KB ( <1%) overhead. 

Virtual space:
  Non-class space:       84.00 MB reserved,      82.75 MB ( 99%) committed 
      Class space:        1.00 GB reserved,      13.13 MB (  1%) committed 
             Both:        1.08 GB reserved,      95.88 MB (  9%) committed 

Chunk freelists:
   Non-Class:  28.00 KB
       Class:  6.00 KB
        Both:  34.00 KB

MaxMetaspaceSize: 17179869184.00 GB
CompressedClassSpaceSize: 1.00 GB

CodeHeap 'non-profiled nmethods': size=120000Kb used=6526Kb max_used=6526Kb free=113473Kb
 bounds [0x0000018238000000, 0x0000018238660000, 0x000001823f530000]
CodeHeap 'profiled nmethods': size=120000Kb used=22307Kb max_used=22307Kb free=97692Kb
 bounds [0x0000018230ad0000, 0x00000182320a0000, 0x0000018238000000]
CodeHeap 'non-nmethods': size=5760Kb used=2330Kb max_used=2369Kb free=3429Kb
 bounds [0x0000018230530000, 0x00000182307a0000, 0x0000018230ad0000]
 total_blobs=11377 nmethods=10442 adapters=845
 compilation: enabled
              stopped_count=0, restarted_count=0
 full_count=0

Compilation events (20 events):
Event: 47.906 Thread 0x0000018287f14800 nmethod 10695 0x0000018238659b10 code [0x0000018238659d00, 0x000001823865a1f8]
Event: 47.918 Thread 0x0000018290739800 10697   !   4       org.gradle.internal.classloader.CachingClassLoader::loadClass (85 bytes)
Event: 47.918 Thread 0x0000018287f14800 10698       4       com.google.common.collect.MapMakerInternalMap::get (23 bytes)
Event: 47.932 Thread 0x0000018287f14800 nmethod 10698 0x000001823865a610 code [0x000001823865a820, 0x000001823865af08]
Event: 47.952 Thread 0x0000018287f14800 10701       4       jdk.internal.misc.InnocuousThread::eraseThreadLocals (23 bytes)
Event: 47.954 Thread 0x0000018290739800 nmethod 10697 0x000001823865ba90 code [0x000001823865bd00, 0x000001823865ca40]
Event: 47.955 Thread 0x0000018287f14800 nmethod 10701 0x000001823865d610 code [0x000001823865d7a0, 0x000001823865d898]
Event: 47.982 Thread 0x0000018290739800 10702       4       sun.invoke.util.BytecodeDescriptor::unparse (37 bytes)
Event: 47.987 Thread 0x0000018287f20800 10705       3       java.lang.invoke.MemberName::getFactory (4 bytes)
Event: 47.987 Thread 0x0000018287f20800 nmethod 10705 0x0000018232093a90 code [0x0000018232093c40, 0x0000018232093d38]
Event: 47.989 Thread 0x0000018287f14800 10708   !   4       org.gradle.internal.classloader.FilteringClassLoader::loadClass (62 bytes)
Event: 47.989 Thread 0x0000018290739800 nmethod 10702 0x000001823865e110 code [0x000001823865e2e0, 0x000001823865e8f8]
Event: 47.991 Thread 0x0000018287f20800 10709       3       com.android.tools.r8.graph.q0::a (129 bytes)
Event: 47.992 Thread 0x0000018287f20800 nmethod 10709 0x0000018232093d90 code [0x0000018232093f60, 0x0000018232094258]
Event: 47.992 Thread 0x0000018287f20800 10711       3       com.android.tools.r8.graph.q0::a (89 bytes)
Event: 47.993 Thread 0x0000018287f20800 nmethod 10711 0x0000018232094410 code [0x00000182320946e0, 0x00000182320957a8]
Event: 47.993 Thread 0x0000018287f20800 10710       3       com.android.tools.r8.C.a.a.f::g (26 bytes)
Event: 47.993 Thread 0x0000018287f20800 nmethod 10710 0x0000018232095e10 code [0x0000018232095fc0, 0x0000018232096118]
Event: 48.002 Thread 0x0000018287f20800 10712       3       com.android.tools.r8.graph.r0::<init> (66 bytes)
Event: 48.002 Thread 0x0000018287f20800 nmethod 10712 0x0000018232096210 code [0x00000182320963e0, 0x0000018232096778]

GC Heap History (20 events):
Event: 8.154 GC heap before
{Heap before GC invocations=9 (full 0):
 garbage-first heap   total 131072K, used 98912K [0x0000000080000000, 0x0000000100000000)
  region size 1024K, 66 young (67584K), 4 survivors (4096K)
 Metaspace       used 48525K, capacity 49888K, committed 50048K, reserved 1093632K
  class space    used 6206K, capacity 6721K, committed 6784K, reserved 1048576K
}
Event: 8.164 GC heap after
{Heap after GC invocations=10 (full 0):
 garbage-first heap   total 157696K, used 44786K [0x0000000080000000, 0x0000000100000000)
  region size 1024K, 9 young (9216K), 9 survivors (9216K)
 Metaspace       used 48525K, capacity 49888K, committed 50048K, reserved 1093632K
  class space    used 6206K, capacity 6721K, committed 6784K, reserved 1048576K
}
Event: 9.362 GC heap before
{Heap before GC invocations=10 (full 0):
 garbage-first heap   total 157696K, used 110322K [0x0000000080000000, 0x0000000100000000)
  region size 1024K, 74 young (75776K), 9 survivors (9216K)
 Metaspace       used 58548K, capacity 60022K, committed 60160K, reserved 1101824K
  class space    used 7422K, capacity 7964K, committed 8064K, reserved 1048576K
}
Event: 9.380 GC heap after
{Heap after GC invocations=11 (full 0):
 garbage-first heap   total 157696K, used 48985K [0x0000000080000000, 0x0000000100000000)
  region size 1024K, 4 young (4096K), 4 survivors (4096K)
 Metaspace       used 58548K, capacity 60022K, committed 60160K, reserved 1101824K
  class space    used 7422K, capacity 7964K, committed 8064K, reserved 1048576K
}
Event: 10.322 GC heap before
{Heap before GC invocations=12 (full 0):
 garbage-first heap   total 157696K, used 115545K [0x0000000080000000, 0x0000000100000000)
  region size 1024K, 69 young (70656K), 4 survivors (4096K)
 Metaspace       used 64498K, capacity 66077K, committed 66176K, reserved 1105920K
  class space    used 8157K, capacity 8750K, committed 8832K, reserved 1048576K
}
Event: 10.332 GC heap after
{Heap after GC invocations=13 (full 0):
 garbage-first heap   total 157696K, used 52984K [0x0000000080000000, 0x0000000100000000)
  region size 1024K, 8 young (8192K), 8 survivors (8192K)
 Metaspace       used 64498K, capacity 66077K, committed 66176K, reserved 1105920K
  class space    used 8157K, capacity 8750K, committed 8832K, reserved 1048576K
}
Event: 11.232 GC heap before
{Heap before GC invocations=14 (full 0):
 garbage-first heap   total 157696K, used 118520K [0x0000000080000000, 0x0000000100000000)
  region size 1024K, 72 young (73728K), 8 survivors (8192K)
 Metaspace       used 69153K, capacity 70911K, committed 71040K, reserved 1110016K
  class space    used 8916K, capacity 9571K, committed 9600K, reserved 1048576K
}
Event: 11.255 GC heap after
{Heap after GC invocations=15 (full 0):
 garbage-first heap   total 157696K, used 58079K [0x0000000080000000, 0x0000000100000000)
  region size 1024K, 6 young (6144K), 6 survivors (6144K)
 Metaspace       used 69153K, capacity 70911K, committed 71040K, reserved 1110016K
  class space    used 8916K, capacity 9571K, committed 9600K, reserved 1048576K
}
Event: 12.191 GC heap before
{Heap before GC invocations=15 (full 0):
 garbage-first heap   total 157696K, used 121567K [0x0000000080000000, 0x0000000100000000)
  region size 1024K, 68 young (69632K), 6 survivors (6144K)
 Metaspace       used 75919K, capacity 77692K, committed 77952K, reserved 1116160K
  class space    used 9843K, capacity 10513K, committed 10624K, reserved 1048576K
}
Event: 12.201 GC heap after
{Heap after GC invocations=16 (full 0):
 garbage-first heap   total 157696K, used 62232K [0x0000000080000000, 0x0000000100000000)
  region size 1024K, 5 young (5120K), 5 survivors (5120K)
 Metaspace       used 75919K, capacity 77692K, committed 77952K, reserved 1116160K
  class space    used 9843K, capacity 10513K, committed 10624K, reserved 1048576K
}
Event: 13.193 GC heap before
{Heap before GC invocations=16 (full 0):
 garbage-first heap   total 157696K, used 123672K [0x0000000080000000, 0x0000000100000000)
  region size 1024K, 65 young (66560K), 5 survivors (5120K)
 Metaspace       used 81637K, capacity 83693K, committed 83840K, reserved 1122304K
  class space    used 10613K, capacity 11346K, committed 11392K, reserved 1048576K
}
Event: 13.203 GC heap after
{Heap after GC invocations=17 (full 0):
 garbage-first heap   total 157696K, used 65572K [0x0000000080000000, 0x0000000100000000)
  region size 1024K, 8 young (8192K), 8 survivors (8192K)
 Metaspace       used 81637K, capacity 83693K, committed 83840K, reserved 1122304K
  class space    used 10613K, capacity 11346K, committed 11392K, reserved 1048576K
}
Event: 13.924 GC heap before
{Heap before GC invocations=17 (full 0):
 garbage-first heap   total 157696K, used 124964K [0x0000000080000000, 0x0000000100000000)
  region size 1024K, 67 young (68608K), 8 survivors (8192K)
 Metaspace       used 82547K, capacity 84640K, committed 84736K, reserved 1122304K
  class space    used 10703K, capacity 11519K, committed 11520K, reserved 1048576K
}
Event: 13.937 GC heap after
{Heap after GC invocations=18 (full 0):
 garbage-first heap   total 157696K, used 70163K [0x0000000080000000, 0x0000000100000000)
  region size 1024K, 8 young (8192K), 8 survivors (8192K)
 Metaspace       used 82547K, capacity 84640K, committed 84736K, reserved 1122304K
  class space    used 10703K, capacity 11519K, committed 11520K, reserved 1048576K
}
Event: 14.536 GC heap before
{Heap before GC invocations=18 (full 0):
 garbage-first heap   total 157696K, used 126483K [0x0000000080000000, 0x0000000100000000)
  region size 1024K, 64 young (65536K), 8 survivors (8192K)
 Metaspace       used 85315K, capacity 87442K, committed 87680K, reserved 1124352K
  class space    used 11060K, capacity 11883K, committed 11904K, reserved 1048576K
}
Event: 14.547 GC heap after
{Heap after GC invocations=19 (full 0):
 garbage-first heap   total 157696K, used 72668K [0x0000000080000000, 0x0000000100000000)
  region size 1024K, 3 young (3072K), 3 survivors (3072K)
 Metaspace       used 85315K, capacity 87442K, committed 87680K, reserved 1124352K
  class space    used 11060K, capacity 11883K, committed 11904K, reserved 1048576K
}
Event: 15.348 GC heap before
{Heap before GC invocations=19 (full 0):
 garbage-first heap   total 157696K, used 128988K [0x0000000080000000, 0x0000000100000000)
  region size 1024K, 58 young (59392K), 3 survivors (3072K)
 Metaspace       used 89440K, capacity 91641K, committed 91776K, reserved 1128448K
  class space    used 11582K, capacity 12403K, committed 12416K, reserved 1048576K
}
Event: 15.369 GC heap after
{Heap after GC invocations=20 (full 0):
 garbage-first heap   total 189440K, used 76189K [0x0000000080000000, 0x0000000100000000)
  region size 1024K, 7 young (7168K), 7 survivors (7168K)
 Metaspace       used 89440K, capacity 91641K, committed 91776K, reserved 1128448K
  class space    used 11582K, capacity 12403K, committed 12416K, reserved 1048576K
}
Event: 47.941 GC heap before
{Heap before GC invocations=20 (full 0):
 garbage-first heap   total 189440K, used 144797K [0x0000000080000000, 0x0000000100000000)
  region size 1024K, 75 young (76800K), 7 survivors (7168K)
 Metaspace       used 94165K, capacity 96686K, committed 97024K, reserved 1132544K
  class space    used 12271K, capacity 13201K, committed 13312K, reserved 1048576K
}
Event: 47.951 GC heap after
{Heap after GC invocations=21 (full 0):
 garbage-first heap   total 189440K, used 79447K [0x0000000080000000, 0x0000000100000000)
  region size 1024K, 8 young (8192K), 8 survivors (8192K)
 Metaspace       used 94165K, capacity 96686K, committed 97024K, reserved 1132544K
  class space    used 12271K, capacity 13201K, committed 13312K, reserved 1048576K
}

Deoptimization events (20 events):
Event: 47.862 Thread 0x0000018290740000 Uncommon trap: trap_request=0xffffffc6 fr.pc=0x00000182385444b0 relative=0x0000000000001630
Event: 47.862 Thread 0x0000018290740000 Uncommon trap: reason=bimorphic_or_optimized_type_check action=maybe_recompile pc=0x00000182385444b0 method=java.util.concurrent.ConcurrentHashMap.putVal(Ljava/lang/Object;Ljava/lang/Object;Z)Ljava/lang/Object; @ 159 c2
Event: 47.862 Thread 0x000001829073e800 Uncommon trap: trap_request=0xffffffc6 fr.pc=0x00000182385444b0 relative=0x0000000000001630
Event: 47.862 Thread 0x0000018290740000 DEOPT PACKING pc=0x00000182385444b0 sp=0x0000000105dfc9e0
Event: 47.862 Thread 0x000001829073e800 Uncommon trap: reason=bimorphic_or_optimized_type_check action=maybe_recompile pc=0x00000182385444b0 method=java.util.concurrent.ConcurrentHashMap.putVal(Ljava/lang/Object;Ljava/lang/Object;Z)Ljava/lang/Object; @ 159 c2
Event: 47.862 Thread 0x0000018290740000 DEOPT UNPACKING pc=0x00000182305576af sp=0x0000000105dfc970 mode 2
Event: 47.862 Thread 0x000001829073e800 DEOPT PACKING pc=0x00000182385444b0 sp=0x0000000105ffc8c0
Event: 47.862 Thread 0x000001829073e800 DEOPT UNPACKING pc=0x00000182305576af sp=0x0000000105ffc850 mode 2
Event: 47.892 Thread 0x0000018290740000 Uncommon trap: trap_request=0xffffff4d fr.pc=0x0000018238184afc relative=0x000000000000005c
Event: 47.892 Thread 0x0000018290740000 Uncommon trap: reason=unstable_if action=reinterpret pc=0x0000018238184afc method=java.util.HashMap$KeySpliterator.characteristics()I @ 4 c2
Event: 47.892 Thread 0x0000018290740000 DEOPT PACKING pc=0x0000018238184afc sp=0x0000000105dfd4e0
Event: 47.892 Thread 0x0000018290740000 DEOPT UNPACKING pc=0x00000182305576af sp=0x0000000105dfd478 mode 2
Event: 47.991 Thread 0x000001829073e800 Uncommon trap: trap_request=0xffffff4d fr.pc=0x000001823865a090 relative=0x0000000000000390
Event: 47.991 Thread 0x000001829073e800 Uncommon trap: reason=unstable_if action=reinterpret pc=0x000001823865a090 method=com.android.tools.r8.graph.q0.a(C)I @ 1 c2
Event: 47.991 Thread 0x000001829073e800 DEOPT PACKING pc=0x000001823865a090 sp=0x0000000105ffc8e0
Event: 47.991 Thread 0x000001829073e800 DEOPT UNPACKING pc=0x00000182305576af sp=0x0000000105ffc818 mode 2
Event: 47.991 Thread 0x000001829073e800 Uncommon trap: trap_request=0xffffff4d fr.pc=0x0000018238656d8c relative=0x000000000000006c
Event: 47.991 Thread 0x000001829073e800 Uncommon trap: reason=unstable_if action=reinterpret pc=0x0000018238656d8c method=com.android.tools.r8.graph.q0.a(C[BI)I @ 1 c2
Event: 47.991 Thread 0x000001829073e800 DEOPT PACKING pc=0x0000018238656d8c sp=0x0000000105ffc860
Event: 47.991 Thread 0x000001829073e800 DEOPT UNPACKING pc=0x00000182305576af sp=0x0000000105ffc800 mode 2

Classes redefined (0 events):
No events

Internal exceptions (20 events):
Event: 34.032 Thread 0x0000018290738000 Exception <a 'java/lang/NoSuchMethodError'{0x000000008b49cdd0}: 'java.lang.Object java.lang.invoke.DirectMethodHandle$Holder.invokeStatic(java.lang.Object, java.lang.Object, int, java.lang.Object, long)'> (0x000000008b49cdd0) thrown at [./src/hotspot/share/interpreter/linkResolver.cpp, line 773]
Event: 34.054 Thread 0x000001828d3c3000 Exception <a 'java/lang/NoSuchMethodError'{0x000000008b4cba10}: <clinit>> (0x000000008b4cba10) thrown at [./src/hotspot/share/prims/jni.cpp, line 1362]
Event: 34.056 Thread 0x000001828d3c3000 Exception <a 'java/lang/NoSuchMethodError'{0x000000008b4dda98}: <clinit>> (0x000000008b4dda98) thrown at [./src/hotspot/share/prims/jni.cpp, line 1362]
Event: 34.058 Thread 0x000001828d3c3000 Exception <a 'java/lang/NoSuchMethodError'{0x000000008b4ef868}: <clinit>> (0x000000008b4ef868) thrown at [./src/hotspot/share/prims/jni.cpp, line 1362]
Event: 34.074 Thread 0x000001828d3c3000 Exception <a 'java/lang/NoSuchMethodError'{0x000000008b3435f0}: <clinit>> (0x000000008b3435f0) thrown at [./src/hotspot/share/prims/jni.cpp, line 1362]
Event: 34.133 Thread 0x000001828d3c3000 Exception <a 'java/lang/NoSuchMethodError'{0x000000008b2e0a80}: <clinit>> (0x000000008b2e0a80) thrown at [./src/hotspot/share/prims/jni.cpp, line 1362]
Event: 34.180 Thread 0x000001829073b000 Exception <a 'java/lang/NoSuchMethodError'{0x000000008b0c3700}: 'java.lang.Object java.lang.invoke.DirectMethodHandle$Holder.invokeStatic(java.lang.Object, java.lang.Object, java.lang.Object, java.lang.Object, java.lang.Object, java.lang.Object, java.lang.Object, java.lang.Object, java.lang.Object, java.lang.Object, java.lang.Object, java.lang.Object, java.lang.Object, int)'> (0x000000008b0c3700) thrown at [./src/hotspot/share/interpreter/linkResolver.cpp, line 773]
Event: 34.184 Thread 0x000001829073b000 Exception <a 'java/lang/NoSuchMethodError'{0x000000008b0cff28}: 'java.lang.Object java.lang.invoke.DirectMethodHandle$Holder.invokeStatic(java.lang.Object, java.lang.Object, java.lang.Object, java.lang.Object, java.lang.Object, java.lang.Object, java.lang.Object, java.lang.Object, java.lang.Object, java.lang.Object, java.lang.Object, java.lang.Object, java.lang.Object, int, int)'> (0x000000008b0cff28) thrown at [./src/hotspot/share/interpreter/linkResolver.cpp, line 773]
Event: 47.143 Thread 0x000001828d3c3000 Exception <a 'java/lang/NoSuchMethodError'{0x000000008afdced0}: 'void java.lang.invoke.DirectMethodHandle$Holder.invokeStatic(java.lang.Object, java.lang.Object, java.lang.Object, java.lang.Object, java.lang.Object, java.lang.Object, java.lang.Object)'> (0x000000008afdced0) thrown at [./src/hotspot/share/interpreter/linkResolver.cpp, line 773]
Event: 47.161 Thread 0x000001828a6fc000 Exception <a 'java/lang/NoSuchMethodError'{0x000000008ad34cf0}: <clinit>> (0x000000008ad34cf0) thrown at [./src/hotspot/share/prims/jni.cpp, line 1362]
Event: 47.429 Thread 0x000001828aa9d800 Implicit null exception at 0x0000018238620132 to 0x00000182386209ac
Event: 47.429 Thread 0x000001828aaa0000 Implicit null exception at 0x0000018238620132 to 0x00000182386209ac
Event: 47.488 Thread 0x000001828aa9e000 Implicit null exception at 0x00000182386279d2 to 0x0000018238627dd4
Event: 47.753 Thread 0x000001828d3c3000 Exception <a 'java/lang/NoSuchMethodError'{0x00000000881f3bf0}: <clinit>> (0x00000000881f3bf0) thrown at [./src/hotspot/share/prims/jni.cpp, line 1362]
Event: 47.837 Thread 0x000001829073e800 Exception <a 'sun/nio/fs/WindowsException'{0x00000000879195a0}> (0x00000000879195a0) thrown at [./src/hotspot/share/prims/jni.cpp, line 615]
Event: 47.837 Thread 0x0000018290740000 Exception <a 'sun/nio/fs/WindowsException'{0x0000000087934b60}> (0x0000000087934b60) thrown at [./src/hotspot/share/prims/jni.cpp, line 615]
Event: 47.888 Thread 0x000001829073e800 Exception <a 'java/lang/NoSuchMethodError'{0x000000008776eb30}: 'int java.lang.invoke.DirectMethodHandle$Holder.invokeVirtual(java.lang.Object, java.lang.Object, java.lang.Object)'> (0x000000008776eb30) thrown at [./src/hotspot/share/interpreter/linkResolver.cpp, line 773]
Event: 47.888 Thread 0x0000018290740000 Exception <a 'java/lang/NoSuchMethodError'{0x0000000087727108}: 'int java.lang.invoke.DirectMethodHandle$Holder.invokeVirtual(java.lang.Object, java.lang.Object, java.lang.Object)'> (0x0000000087727108) thrown at [./src/hotspot/share/interpreter/linkResolver.cpp, line 773]
Event: 47.936 Thread 0x000001829073e800 Exception <a 'java/lang/NoSuchMethodError'{0x000000008758fee0}: 'java.lang.Object java.lang.invoke.DirectMethodHandle$Holder.invokeStatic(java.lang.Object, java.lang.Object, java.lang.Object, java.lang.Object, java.lang.Object, java.lang.Object, java.lang.Object, java.lang.Object, java.lang.Object, java.lang.Object, java.lang.Object, java.lang.Object, java.lang.Object, java.lang.Object, java.lang.Object, java.lang.Object, java.lang.Object, int, java.lang.Object)'> (0x000000008758fee0) thrown at [./src/hots
Event: 47.936 Thread 0x000001829073e800 Exception <a 'java/lang/NoSuchMethodError'{0x0000000087595530}: 'java.lang.Object java.lang.invoke.DirectMethodHandle$Holder.invokeStaticInit(java.lang.Object, java.lang.Object, java.lang.Object, java.lang.Object, java.lang.Object, java.lang.Object, java.lang.Object, java.lang.Object, java.lang.Object, java.lang.Object, java.lang.Object, java.lang.Object, java.lang.Object, java.lang.Object, java.lang.Object, java.lang.Object, java.lang.Object, int, java.lang.Object)'> (0x0000000087595530) thrown at [./src/

Events (20 events):
Event: 48.006 loading class com/android/tools/r8/ir/conversion/i0
Event: 48.006 loading class com/android/tools/r8/ir/conversion/i0 done
Event: 48.007 loading class com/android/tools/r8/ir/optimize/info/i
Event: 48.007 loading class com/android/tools/r8/ir/optimize/info/i done
Event: 48.007 loading class com/android/tools/r8/ir/optimize/info/t
Event: 48.007 loading class com/android/tools/r8/ir/optimize/info/t done
Event: 48.008 loading class com/android/tools/r8/ir/optimize/info/f
Event: 48.008 loading class com/android/tools/r8/ir/optimize/info/f done
Event: 48.008 loading class com/android/tools/r8/ir/optimize/info/w/b
Event: 48.008 loading class com/android/tools/r8/ir/optimize/info/w/b done
Event: 48.008 loading class com/android/tools/r8/ir/optimize/info/w/a
Event: 48.008 loading class com/android/tools/r8/ir/optimize/info/w/a done
Event: 48.009 loading class com/android/tools/r8/utils/y$a
Event: 48.009 loading class com/android/tools/r8/utils/y$a done
Event: 48.009 loading class com/android/tools/r8/utils/M0$a
Event: 48.009 loading class com/android/tools/r8/utils/M0$a done
Event: 48.009 loading class com/android/tools/r8/utils/M0$b
Event: 48.009 loading class com/android/tools/r8/utils/M0$b done
Event: 48.009 loading class com/android/tools/r8/utils/M0$c
Event: 48.009 loading class com/android/tools/r8/utils/M0$c done


Dynamic libraries:
0x00007ff672ed0000 - 0x00007ff672eda000 	C:\Users\Dark Knight\Desktop\Android Studio\jre\bin\java.exe
0x00007ffee3570000 - 0x00007ffee3765000 	C:\WINDOWS\SYSTEM32\ntdll.dll
0x00007ffee15f0000 - 0x00007ffee16ad000 	C:\WINDOWS\System32\KERNEL32.DLL
0x00007ffee12d0000 - 0x00007ffee1599000 	C:\WINDOWS\System32\KERNELBASE.dll
0x00007ffee0cd0000 - 0x00007ffee0dd0000 	C:\WINDOWS\System32\ucrtbase.dll
0x00007ffecdb10000 - 0x00007ffecdb27000 	C:\Users\Dark Knight\Desktop\Android Studio\jre\bin\VCRUNTIME140.dll
0x00007ffed78b0000 - 0x00007ffed78c9000 	C:\Users\Dark Knight\Desktop\Android Studio\jre\bin\jli.dll
0x00007ffee1f30000 - 0x00007ffee20d0000 	C:\WINDOWS\System32\USER32.dll
0x00007ffee0ca0000 - 0x00007ffee0cc2000 	C:\WINDOWS\System32\win32u.dll
0x00007ffee20d0000 - 0x00007ffee20fa000 	C:\WINDOWS\System32\GDI32.dll
0x00007ffee11c0000 - 0x00007ffee12cb000 	C:\WINDOWS\System32\gdi32full.dll
0x00007ffee0dd0000 - 0x00007ffee0e6d000 	C:\WINDOWS\System32\msvcp_win.dll
0x00007ffecb000000 - 0x00007ffecb29a000 	C:\WINDOWS\WinSxS\amd64_microsoft.windows.common-controls_6595b64144ccf1df_6.0.19041.1110_none_60b5254171f9507e\COMCTL32.dll
0x00007ffee32b0000 - 0x00007ffee334e000 	C:\WINDOWS\System32\msvcrt.dll
0x00007ffee23d0000 - 0x00007ffee2400000 	C:\WINDOWS\System32\IMM32.DLL
0x00007ffec27f0000 - 0x00007ffec288d000 	C:\Users\Dark Knight\Desktop\Android Studio\jre\bin\msvcp140.dll
0x00007ffe838e0000 - 0x00007ffe8439c000 	C:\Users\Dark Knight\Desktop\Android Studio\jre\bin\server\jvm.dll
0x00007ffee1780000 - 0x00007ffee182c000 	C:\WINDOWS\System32\ADVAPI32.dll
0x00007ffee1830000 - 0x00007ffee18cb000 	C:\WINDOWS\System32\sechost.dll
0x00007ffee3350000 - 0x00007ffee347a000 	C:\WINDOWS\System32\RPCRT4.dll
0x00007ffee2d90000 - 0x00007ffee2d98000 	C:\WINDOWS\System32\PSAPI.DLL
0x00007ffec6fa0000 - 0x00007ffec6fa9000 	C:\WINDOWS\SYSTEM32\WSOCK32.dll
0x00007ffecb2b0000 - 0x00007ffecb2d7000 	C:\WINDOWS\SYSTEM32\WINMM.dll
0x00007ffee2360000 - 0x00007ffee23cb000 	C:\WINDOWS\System32\WS2_32.dll
0x00007ffed7fc0000 - 0x00007ffed7fca000 	C:\WINDOWS\SYSTEM32\VERSION.dll
0x00007ffedf530000 - 0x00007ffedf542000 	C:\WINDOWS\SYSTEM32\kernel.appcore.dll
0x00007ffed7ab0000 - 0x00007ffed7ac1000 	C:\Users\Dark Knight\Desktop\Android Studio\jre\bin\verify.dll
0x00007ffedeab0000 - 0x00007ffedec94000 	C:\WINDOWS\SYSTEM32\DBGHELP.DLL
0x00007ffec9830000 - 0x00007ffec985c000 	C:\WINDOWS\SYSTEM32\dbgcore.DLL
0x00007ffee0f70000 - 0x00007ffee0ff3000 	C:\WINDOWS\System32\bcryptPrimitives.dll
0x00007ffed1070000 - 0x00007ffed1099000 	C:\Users\Dark Knight\Desktop\Android Studio\jre\bin\java.dll
0x00007ffedc080000 - 0x00007ffedc08b000 	C:\Users\Dark Knight\Desktop\Android Studio\jre\bin\jimage.dll
0x00007ffed0f30000 - 0x00007ffed0f48000 	C:\Users\Dark Knight\Desktop\Android Studio\jre\bin\zip.dll
0x00007ffee25f0000 - 0x00007ffee2d2f000 	C:\WINDOWS\System32\SHELL32.dll
0x00007ffeded90000 - 0x00007ffedf520000 	C:\WINDOWS\SYSTEM32\windows.storage.dll
0x00007ffee2da0000 - 0x00007ffee30f5000 	C:\WINDOWS\System32\combase.dll
0x00007ffee0700000 - 0x00007ffee072c000 	C:\WINDOWS\SYSTEM32\Wldp.dll
0x00007ffee1e80000 - 0x00007ffee1f2e000 	C:\WINDOWS\System32\SHCORE.dll
0x00007ffee2400000 - 0x00007ffee2455000 	C:\WINDOWS\System32\shlwapi.dll
0x00007ffee0be0000 - 0x00007ffee0bff000 	C:\WINDOWS\SYSTEM32\profapi.dll
0x00007ffed0b80000 - 0x00007ffed0b9a000 	C:\Users\Dark Knight\Desktop\Android Studio\jre\bin\net.dll
0x00007ffed5b40000 - 0x00007ffed5c48000 	C:\WINDOWS\SYSTEM32\WINHTTP.dll
0x00007ffee0460000 - 0x00007ffee04ca000 	C:\WINDOWS\system32\mswsock.dll
0x00007ffed0b60000 - 0x00007ffed0b74000 	C:\Users\Dark Knight\Desktop\Android Studio\jre\bin\nio.dll
0x00007ffed10e0000 - 0x00007ffed1107000 	C:\Users\Dark Knight\.gradle\native\8bec1ad78214c89d9ad589b4d07fe93259594b29d510b10fafb7a158f7737e5d\windows-amd64\native-platform.dll
0x00007ffeb3320000 - 0x00007ffeb345d000 	C:\Users\Dark Knight\.gradle\native\53dbd7edfb1c66fb8903c78663c9afc45aea4f116125fa6feffd364cf09443e8\windows-amd64\native-platform-file-events.dll
0x00007ffeda140000 - 0x00007ffeda14a000 	C:\Users\Dark Knight\Desktop\Android Studio\jre\bin\management.dll
0x00007ffed9ff0000 - 0x00007ffed9ffc000 	C:\Users\Dark Knight\Desktop\Android Studio\jre\bin\management_ext.dll
0x00007ffee0650000 - 0x00007ffee0668000 	C:\WINDOWS\SYSTEM32\CRYPTSP.dll
0x00007ffedfd70000 - 0x00007ffedfda4000 	C:\WINDOWS\system32\rsaenh.dll
0x00007ffee15a0000 - 0x00007ffee15c7000 	C:\WINDOWS\System32\bcrypt.dll
0x00007ffee0ba0000 - 0x00007ffee0bce000 	C:\WINDOWS\SYSTEM32\USERENV.dll
0x00007ffee0670000 - 0x00007ffee067c000 	C:\WINDOWS\SYSTEM32\CRYPTBASE.dll
0x00007ffee0100000 - 0x00007ffee013b000 	C:\WINDOWS\SYSTEM32\IPHLPAPI.DLL
0x00007ffee18d0000 - 0x00007ffee18d8000 	C:\WINDOWS\System32\NSI.dll
0x00007ffecfdf0000 - 0x00007ffecfe07000 	C:\WINDOWS\SYSTEM32\dhcpcsvc6.DLL
0x00007ffed0340000 - 0x00007ffed035d000 	C:\WINDOWS\SYSTEM32\dhcpcsvc.DLL
0x00007ffee0140000 - 0x00007ffee020c000 	C:\WINDOWS\SYSTEM32\DNSAPI.dll
0x00007ffed81f0000 - 0x00007ffed81f8000 	C:\Users\Dark Knight\Desktop\Android Studio\jre\bin\rmi.dll

dbghelp: loaded successfully - version: 4.0.5 - missing functions: none
symbol engine: initialized successfully - sym options: 0x614 - pdb path: .;C:\Users\Dark Knight\Desktop\Android Studio\jre\bin;C:\WINDOWS\SYSTEM32;C:\WINDOWS\WinSxS\amd64_microsoft.windows.common-controls_6595b64144ccf1df_6.0.19041.1110_none_60b5254171f9507e;C:\Users\Dark Knight\Desktop\Android Studio\jre\bin\server;C:\Users\Dark Knight\.gradle\native\8bec1ad78214c89d9ad589b4d07fe93259594b29d510b10fafb7a158f7737e5d\windows-amd64;C:\Users\Dark Knight\.gradle\native\53dbd7edfb1c66fb8903c78663c9afc45aea4f116125fa6feffd364cf09443e8\windows-amd64

VM Arguments:
jvm_args: --add-opens=java.base/java.util=ALL-UNNAMED --add-opens=java.base/java.lang=ALL-UNNAMED --add-opens=java.base/java.lang.invoke=ALL-UNNAMED --add-opens=java.base/java.util=ALL-UNNAMED --add-opens=java.prefs/java.util.prefs=ALL-UNNAMED --add-opens=java.prefs/java.util.prefs=ALL-UNNAMED --add-opens=java.base/java.nio.charset=ALL-UNNAMED --add-opens=java.base/java.net=ALL-UNNAMED --add-opens=java.base/java.util.concurrent.atomic=ALL-UNNAMED -Xmx2048m -Dfile.encoding=UTF-8 -Duser.country=IN -Duser.language=en -Duser.variant 
java_command: org.gradle.launcher.daemon.bootstrap.GradleDaemon 7.0.2
java_class_path (initial): C:\Users\Dark Knight\.gradle\wrapper\dists\gradle-7.0.2-bin\857tjihv64xamwrf0h14cai3r\gradle-7.0.2\lib\gradle-launcher-7.0.2.jar
Launcher Type: SUN_STANDARD

[Global flags]
     intx CICompilerCount                          = 4                                         {product} {ergonomic}
     uint ConcGCThreads                            = 2                                         {product} {ergonomic}
     uint G1ConcRefinementThreads                  = 8                                         {product} {ergonomic}
   size_t G1HeapRegionSize                         = 1048576                                   {product} {ergonomic}
    uintx GCDrainStackTargetSize                   = 64                                        {product} {ergonomic}
   size_t InitialHeapSize                          = 134217728                                 {product} {ergonomic}
   size_t MarkStackSize                            = 4194304                                   {product} {ergonomic}
   size_t MaxHeapSize                              = 2147483648                                {product} {command line}
   size_t MaxNewSize                               = 1287651328                                {product} {ergonomic}
   size_t MinHeapDeltaBytes                        = 1048576                                   {product} {ergonomic}
    uintx NonNMethodCodeHeapSize                   = 5836300                                {pd product} {ergonomic}
    uintx NonProfiledCodeHeapSize                  = 122910970                              {pd product} {ergonomic}
    uintx ProfiledCodeHeapSize                     = 122910970                              {pd product} {ergonomic}
    uintx ReservedCodeCacheSize                    = 251658240                              {pd product} {ergonomic}
     bool SegmentedCodeCache                       = true                                      {product} {ergonomic}
     bool UseCompressedClassPointers               = true                                 {lp64_product} {ergonomic}
     bool UseCompressedOops                        = true                                 {lp64_product} {ergonomic}
     bool UseG1GC                                  = true                                      {product} {ergonomic}
     bool UseLargePagesIndividualAllocation        = false                                  {pd product} {ergonomic}

Logging:
Log output configuration:
 #0: stdout all=warning uptime,level,tags
 #1: stderr all=off uptime,level,tags

Environment Variables:
PATH=C:\Windows\system32;C:\Windows;C:\Windows\System32\Wbem;C:\Windows\System32\WindowsPowerShell\v1.0\;C:\Windows\System32\OpenSSH\;C:\Program Files (x86)\NVIDIA Corporation\PhysX\Common;C:\Program Files\NVIDIA Corporation\NVIDIA NvDLISR;C:\WINDOWS\system32;C:\WINDOWS;C:\WINDOWS\System32\Wbem;C:\WINDOWS\System32\WindowsPowerShell\v1.0\;C:\WINDOWS\System32\OpenSSH\;C:\MinGW\bin;C:\Program Files\MEGA-X;C:\WINDOWS\system32;C:\WINDOWS;C:\WINDOWS\System32\Wbem;C:\WINDOWS\System32\WindowsPowerShell\v1.0\;C:\WINDOWS\System32\OpenSSH\;C:\Program Files\Git\cmd;C:\Users\Dark Knight\AppData\Local\Microsoft\WindowsApps;C:\Users\Dark Knight\AppData\Local\atom\bin;C:\MinGW\bin;C:\Program Files (x86)\Microsoft Visual Studio\2019\BuildTools\MSBuild\Current\Bin;C:\Users\Dark Knight\AppData\Local\Microsoft\WindowsApps
USERNAME=Dark Knight
OS=Windows_NT
PROCESSOR_IDENTIFIER=Intel64 Family 6 Model 158 Stepping 10, GenuineIntel



---------------  S Y S T E M  ---------------

OS: Windows 10 , 64 bit Build 19041 (10.0.19041.1151)
OS uptime: 17 days 21:52 hours

CPU:total 8 (initial active 8) (4 cores per cpu, 2 threads per core) family 6 model 158 stepping 10, cmov, cx8, fxsr, mmx, sse, sse2, sse3, ssse3, sse4.1, sse4.2, popcnt, avx, avx2, aes, clmul, erms, 3dnowpref, lzcnt, ht, tsc, tscinvbit, bmi1, bmi2, adx, fma

Memory: 4k page, system-wide physical 8072M (780M free)
TotalPageFile size 12168M (AvailPageFile size 4M)
current process WorkingSet (physical memory assigned to process): 452M, peak: 452M
current process commit charge ("private bytes"): 492M, peak: 492M

vm_info: OpenJDK 64-Bit Server VM (11.0.8+10-b944.6842174) for windows-amd64 JRE (11.0.8+10-b944.6842174), built on Sep 19 2020 01:11:42 by "builder" with MS VC++ 14.0 (VS2015)

END.
